[2025-01-13T18:12:41.318-0500] {local_task_job_runner.py:123} INFO - ::group::Pre task execution logs
[2025-01-13T18:12:41.328-0500] {taskinstance.py:2613} INFO - Dependencies all met for dep_context=non-requeueable deps ti=<TaskInstance: my_dag.training_model_B manual__2025-01-13T23:06:07.933496+00:00 [queued]>
[2025-01-13T18:12:41.333-0500] {taskinstance.py:2613} INFO - Dependencies all met for dep_context=requeueable deps ti=<TaskInstance: my_dag.training_model_B manual__2025-01-13T23:06:07.933496+00:00 [queued]>
[2025-01-13T18:12:41.334-0500] {taskinstance.py:2866} INFO - Starting attempt 2 of 3
[2025-01-13T18:12:41.344-0500] {taskinstance.py:2889} INFO - Executing <Task(PythonOperator): training_model_B> on 2025-01-13 23:06:07.933496+00:00
[2025-01-13T18:12:41.350-0500] {standard_task_runner.py:72} INFO - Started process 11571 to run task
[2025-01-13T18:12:41.358-0500] {standard_task_runner.py:104} INFO - Running: ['airflow', 'tasks', 'run', 'my_dag', 'training_model_B', 'manual__2025-01-13T23:06:07.933496+00:00', '--job-id', '24', '--raw', '--subdir', 'DAGS_FOLDER/tutorial_taskflow_api.py', '--cfg-path', '/var/folders/ll/2bfcn_d54ks002mx2dw82c2m0000gn/T/tmpdmyp6cwz']
[2025-01-13T18:12:41.360-0500] {standard_task_runner.py:105} INFO - Job 24: Subtask training_model_B
[2025-01-13T18:12:41.403-0500] {task_command.py:467} INFO - Running <TaskInstance: my_dag.training_model_B manual__2025-01-13T23:06:07.933496+00:00 [running]> on host macbook-pro-2.local
[2025-01-13T18:12:41.462-0500] {taskinstance.py:3132} INFO - Exporting env vars: AIRFLOW_CTX_DAG_OWNER='airflow' AIRFLOW_CTX_DAG_ID='my_dag' AIRFLOW_CTX_TASK_ID='training_model_B' AIRFLOW_CTX_EXECUTION_DATE='2025-01-13T23:06:07.933496+00:00' AIRFLOW_CTX_TRY_NUMBER='2' AIRFLOW_CTX_DAG_RUN_ID='manual__2025-01-13T23:06:07.933496+00:00'
[2025-01-13T18:12:41.464-0500] {logging_mixin.py:190} INFO - Task instance is in running state
[2025-01-13T18:12:41.464-0500] {logging_mixin.py:190} INFO -  Previous state of the Task instance: queued
[2025-01-13T18:12:41.465-0500] {logging_mixin.py:190} INFO - Current task name:training_model_B state:running start_date:2025-01-13 23:12:41.328660+00:00
[2025-01-13T18:12:41.466-0500] {logging_mixin.py:190} INFO - Dag name:my_dag and current dag run status:running
[2025-01-13T18:12:41.466-0500] {taskinstance.py:731} INFO - ::endgroup::
[2025-01-13T18:12:41.467-0500] {python.py:240} INFO - Done. Returned value was: 2
[2025-01-13T18:12:41.478-0500] {taskinstance.py:340} INFO - ::group::Post task execution logs
[2025-01-13T18:12:41.480-0500] {taskinstance.py:352} INFO - Marking task as SUCCESS. dag_id=my_dag, task_id=training_model_B, run_id=manual__2025-01-13T23:06:07.933496+00:00, execution_date=20250113T230607, start_date=20250113T231241, end_date=20250113T231241
[2025-01-13T18:12:41.486-0500] {logging_mixin.py:190} INFO - Task instance in success state
[2025-01-13T18:12:41.487-0500] {logging_mixin.py:190} INFO -  Previous state of the Task instance: running
[2025-01-13T18:12:41.488-0500] {logging_mixin.py:190} INFO - Dag name:my_dag queued_at:2025-01-13 23:06:07.955311+00:00
[2025-01-13T18:12:41.489-0500] {logging_mixin.py:190} INFO - Task hostname:macbook-pro-2.local operator:PythonOperator
[2025-01-13T18:12:41.532-0500] {local_task_job_runner.py:266} INFO - Task exited with return code 0
[2025-01-13T18:12:41.554-0500] {taskinstance.py:3895} INFO - 0 downstream tasks scheduled from follow-on schedule check
[2025-01-13T18:12:41.555-0500] {local_task_job_runner.py:245} INFO - ::endgroup::
