[2025-01-13T19:07:20.601-0500] {processor.py:186} INFO - Started process (PID=49199) to work on /usr/local/lib/python3.10/site-packages/airflow/example_dags/example_dataset_alias_with_no_taskflow.py
[2025-01-13T19:07:20.602-0500] {processor.py:914} INFO - Processing file /usr/local/lib/python3.10/site-packages/airflow/example_dags/example_dataset_alias_with_no_taskflow.py for tasks to queue
[2025-01-13T19:07:20.604-0500] {logging_mixin.py:190} INFO - [2025-01-13T19:07:20.603-0500] {dagbag.py:588} INFO - Filling up the DagBag from /usr/local/lib/python3.10/site-packages/airflow/example_dags/example_dataset_alias_with_no_taskflow.py
[2025-01-13T19:07:20.800-0500] {processor.py:925} INFO - DAG(s) 'dataset_alias_example_alias_producer_with_no_taskflow', 'dataset_s3_bucket_consumer_with_no_taskflow', 'dataset_alias_example_alias_consumer_with_no_taskflow', 'dataset_s3_bucket_producer_with_no_taskflow' retrieved from /usr/local/lib/python3.10/site-packages/airflow/example_dags/example_dataset_alias_with_no_taskflow.py
[2025-01-13T19:07:20.820-0500] {logging_mixin.py:190} INFO - [2025-01-13T19:07:20.820-0500] {dag.py:3239} INFO - Sync 4 DAGs
[2025-01-13T19:07:20.837-0500] {logging_mixin.py:190} INFO - [2025-01-13T19:07:20.836-0500] {dag.py:4180} INFO - Setting next_dagrun for dataset_alias_example_alias_consumer_with_no_taskflow to None, run_after=None
[2025-01-13T19:07:20.839-0500] {logging_mixin.py:190} INFO - [2025-01-13T19:07:20.838-0500] {dag.py:4180} INFO - Setting next_dagrun for dataset_alias_example_alias_producer_with_no_taskflow to None, run_after=None
[2025-01-13T19:07:20.840-0500] {logging_mixin.py:190} INFO - [2025-01-13T19:07:20.839-0500] {dag.py:4180} INFO - Setting next_dagrun for dataset_s3_bucket_consumer_with_no_taskflow to None, run_after=None
[2025-01-13T19:07:20.840-0500] {logging_mixin.py:190} INFO - [2025-01-13T19:07:20.840-0500] {dag.py:4180} INFO - Setting next_dagrun for dataset_s3_bucket_producer_with_no_taskflow to None, run_after=None
[2025-01-13T19:07:20.859-0500] {processor.py:208} INFO - Processing /usr/local/lib/python3.10/site-packages/airflow/example_dags/example_dataset_alias_with_no_taskflow.py took 0.262 seconds
[2025-01-13T19:09:58.754-0500] {processor.py:186} INFO - Started process (PID=50956) to work on /usr/local/lib/python3.10/site-packages/airflow/example_dags/example_dataset_alias_with_no_taskflow.py
[2025-01-13T19:09:58.755-0500] {processor.py:914} INFO - Processing file /usr/local/lib/python3.10/site-packages/airflow/example_dags/example_dataset_alias_with_no_taskflow.py for tasks to queue
[2025-01-13T19:09:58.757-0500] {logging_mixin.py:190} INFO - [2025-01-13T19:09:58.756-0500] {dagbag.py:588} INFO - Filling up the DagBag from /usr/local/lib/python3.10/site-packages/airflow/example_dags/example_dataset_alias_with_no_taskflow.py
[2025-01-13T19:09:58.954-0500] {processor.py:925} INFO - DAG(s) 'dataset_alias_example_alias_consumer_with_no_taskflow', 'dataset_alias_example_alias_producer_with_no_taskflow', 'dataset_s3_bucket_consumer_with_no_taskflow', 'dataset_s3_bucket_producer_with_no_taskflow' retrieved from /usr/local/lib/python3.10/site-packages/airflow/example_dags/example_dataset_alias_with_no_taskflow.py
[2025-01-13T19:09:58.976-0500] {logging_mixin.py:190} INFO - [2025-01-13T19:09:58.975-0500] {dag.py:3239} INFO - Sync 4 DAGs
[2025-01-13T19:09:58.992-0500] {logging_mixin.py:190} INFO - [2025-01-13T19:09:58.992-0500] {dag.py:4180} INFO - Setting next_dagrun for dataset_alias_example_alias_consumer_with_no_taskflow to None, run_after=None
[2025-01-13T19:09:58.994-0500] {logging_mixin.py:190} INFO - [2025-01-13T19:09:58.994-0500] {dag.py:4180} INFO - Setting next_dagrun for dataset_alias_example_alias_producer_with_no_taskflow to None, run_after=None
[2025-01-13T19:09:58.995-0500] {logging_mixin.py:190} INFO - [2025-01-13T19:09:58.995-0500] {dag.py:4180} INFO - Setting next_dagrun for dataset_s3_bucket_consumer_with_no_taskflow to None, run_after=None
[2025-01-13T19:09:58.996-0500] {logging_mixin.py:190} INFO - [2025-01-13T19:09:58.996-0500] {dag.py:4180} INFO - Setting next_dagrun for dataset_s3_bucket_producer_with_no_taskflow to None, run_after=None
[2025-01-13T19:09:59.014-0500] {processor.py:208} INFO - Processing /usr/local/lib/python3.10/site-packages/airflow/example_dags/example_dataset_alias_with_no_taskflow.py took 0.264 seconds
[2025-01-13T20:01:33.161-0500] {processor.py:186} INFO - Started process (PID=55672) to work on /usr/local/lib/python3.10/site-packages/airflow/example_dags/example_dataset_alias_with_no_taskflow.py
[2025-01-13T20:01:33.163-0500] {processor.py:914} INFO - Processing file /usr/local/lib/python3.10/site-packages/airflow/example_dags/example_dataset_alias_with_no_taskflow.py for tasks to queue
[2025-01-13T20:01:33.164-0500] {logging_mixin.py:190} INFO - [2025-01-13T20:01:33.164-0500] {dagbag.py:588} INFO - Filling up the DagBag from /usr/local/lib/python3.10/site-packages/airflow/example_dags/example_dataset_alias_with_no_taskflow.py
[2025-01-13T20:01:33.362-0500] {processor.py:925} INFO - DAG(s) 'dataset_s3_bucket_producer_with_no_taskflow', 'dataset_alias_example_alias_consumer_with_no_taskflow', 'dataset_s3_bucket_consumer_with_no_taskflow', 'dataset_alias_example_alias_producer_with_no_taskflow' retrieved from /usr/local/lib/python3.10/site-packages/airflow/example_dags/example_dataset_alias_with_no_taskflow.py
[2025-01-13T20:01:33.382-0500] {logging_mixin.py:190} INFO - [2025-01-13T20:01:33.382-0500] {dag.py:3239} INFO - Sync 4 DAGs
[2025-01-13T20:01:33.399-0500] {logging_mixin.py:190} INFO - [2025-01-13T20:01:33.399-0500] {dag.py:4180} INFO - Setting next_dagrun for dataset_alias_example_alias_consumer_with_no_taskflow to None, run_after=None
[2025-01-13T20:01:33.401-0500] {logging_mixin.py:190} INFO - [2025-01-13T20:01:33.401-0500] {dag.py:4180} INFO - Setting next_dagrun for dataset_alias_example_alias_producer_with_no_taskflow to None, run_after=None
[2025-01-13T20:01:33.402-0500] {logging_mixin.py:190} INFO - [2025-01-13T20:01:33.402-0500] {dag.py:4180} INFO - Setting next_dagrun for dataset_s3_bucket_consumer_with_no_taskflow to None, run_after=None
[2025-01-13T20:01:33.403-0500] {logging_mixin.py:190} INFO - [2025-01-13T20:01:33.403-0500] {dag.py:4180} INFO - Setting next_dagrun for dataset_s3_bucket_producer_with_no_taskflow to None, run_after=None
[2025-01-13T20:01:33.421-0500] {processor.py:208} INFO - Processing /usr/local/lib/python3.10/site-packages/airflow/example_dags/example_dataset_alias_with_no_taskflow.py took 0.263 seconds
[2025-01-14T15:56:00.282-0500] {processor.py:186} INFO - Started process (PID=62777) to work on /usr/local/lib/python3.10/site-packages/airflow/example_dags/example_dataset_alias_with_no_taskflow.py
[2025-01-14T15:56:00.284-0500] {processor.py:914} INFO - Processing file /usr/local/lib/python3.10/site-packages/airflow/example_dags/example_dataset_alias_with_no_taskflow.py for tasks to queue
[2025-01-14T15:56:00.285-0500] {logging_mixin.py:190} INFO - [2025-01-14T15:56:00.285-0500] {dagbag.py:588} INFO - Filling up the DagBag from /usr/local/lib/python3.10/site-packages/airflow/example_dags/example_dataset_alias_with_no_taskflow.py
[2025-01-14T15:56:00.512-0500] {processor.py:925} INFO - DAG(s) 'dataset_s3_bucket_producer_with_no_taskflow', 'dataset_alias_example_alias_consumer_with_no_taskflow', 'dataset_s3_bucket_consumer_with_no_taskflow', 'dataset_alias_example_alias_producer_with_no_taskflow' retrieved from /usr/local/lib/python3.10/site-packages/airflow/example_dags/example_dataset_alias_with_no_taskflow.py
[2025-01-14T15:56:00.535-0500] {logging_mixin.py:190} INFO - [2025-01-14T15:56:00.534-0500] {dag.py:3239} INFO - Sync 4 DAGs
[2025-01-14T15:56:00.556-0500] {logging_mixin.py:190} INFO - [2025-01-14T15:56:00.556-0500] {dag.py:4180} INFO - Setting next_dagrun for dataset_alias_example_alias_consumer_with_no_taskflow to None, run_after=None
[2025-01-14T15:56:00.558-0500] {logging_mixin.py:190} INFO - [2025-01-14T15:56:00.558-0500] {dag.py:4180} INFO - Setting next_dagrun for dataset_alias_example_alias_producer_with_no_taskflow to None, run_after=None
[2025-01-14T15:56:00.559-0500] {logging_mixin.py:190} INFO - [2025-01-14T15:56:00.559-0500] {dag.py:4180} INFO - Setting next_dagrun for dataset_s3_bucket_consumer_with_no_taskflow to None, run_after=None
[2025-01-14T15:56:00.560-0500] {logging_mixin.py:190} INFO - [2025-01-14T15:56:00.560-0500] {dag.py:4180} INFO - Setting next_dagrun for dataset_s3_bucket_producer_with_no_taskflow to None, run_after=None
[2025-01-14T15:56:00.581-0500] {processor.py:208} INFO - Processing /usr/local/lib/python3.10/site-packages/airflow/example_dags/example_dataset_alias_with_no_taskflow.py took 0.303 seconds
[2025-01-14T15:59:07.752-0500] {processor.py:186} INFO - Started process (PID=65183) to work on /usr/local/lib/python3.10/site-packages/airflow/example_dags/example_dataset_alias_with_no_taskflow.py
[2025-01-14T15:59:07.754-0500] {processor.py:914} INFO - Processing file /usr/local/lib/python3.10/site-packages/airflow/example_dags/example_dataset_alias_with_no_taskflow.py for tasks to queue
[2025-01-14T15:59:07.755-0500] {logging_mixin.py:190} INFO - [2025-01-14T15:59:07.755-0500] {dagbag.py:588} INFO - Filling up the DagBag from /usr/local/lib/python3.10/site-packages/airflow/example_dags/example_dataset_alias_with_no_taskflow.py
[2025-01-14T15:59:07.964-0500] {processor.py:925} INFO - DAG(s) 'dataset_alias_example_alias_consumer_with_no_taskflow', 'dataset_s3_bucket_consumer_with_no_taskflow', 'dataset_s3_bucket_producer_with_no_taskflow', 'dataset_alias_example_alias_producer_with_no_taskflow' retrieved from /usr/local/lib/python3.10/site-packages/airflow/example_dags/example_dataset_alias_with_no_taskflow.py
[2025-01-14T15:59:07.986-0500] {logging_mixin.py:190} INFO - [2025-01-14T15:59:07.986-0500] {dag.py:3239} INFO - Sync 4 DAGs
[2025-01-14T15:59:08.004-0500] {logging_mixin.py:190} INFO - [2025-01-14T15:59:08.004-0500] {dag.py:4180} INFO - Setting next_dagrun for dataset_alias_example_alias_consumer_with_no_taskflow to None, run_after=None
[2025-01-14T15:59:08.006-0500] {logging_mixin.py:190} INFO - [2025-01-14T15:59:08.006-0500] {dag.py:4180} INFO - Setting next_dagrun for dataset_alias_example_alias_producer_with_no_taskflow to None, run_after=None
[2025-01-14T15:59:08.007-0500] {logging_mixin.py:190} INFO - [2025-01-14T15:59:08.006-0500] {dag.py:4180} INFO - Setting next_dagrun for dataset_s3_bucket_consumer_with_no_taskflow to None, run_after=None
[2025-01-14T15:59:08.007-0500] {logging_mixin.py:190} INFO - [2025-01-14T15:59:08.007-0500] {dag.py:4180} INFO - Setting next_dagrun for dataset_s3_bucket_producer_with_no_taskflow to None, run_after=None
[2025-01-14T15:59:08.026-0500] {processor.py:208} INFO - Processing /usr/local/lib/python3.10/site-packages/airflow/example_dags/example_dataset_alias_with_no_taskflow.py took 0.278 seconds
[2025-01-14T16:03:53.454-0500] {processor.py:186} INFO - Started process (PID=68538) to work on /usr/local/lib/python3.10/site-packages/airflow/example_dags/example_dataset_alias_with_no_taskflow.py
[2025-01-14T16:03:53.455-0500] {processor.py:914} INFO - Processing file /usr/local/lib/python3.10/site-packages/airflow/example_dags/example_dataset_alias_with_no_taskflow.py for tasks to queue
[2025-01-14T16:03:53.457-0500] {logging_mixin.py:190} INFO - [2025-01-14T16:03:53.456-0500] {dagbag.py:588} INFO - Filling up the DagBag from /usr/local/lib/python3.10/site-packages/airflow/example_dags/example_dataset_alias_with_no_taskflow.py
[2025-01-14T16:03:53.681-0500] {processor.py:925} INFO - DAG(s) 'dataset_alias_example_alias_producer_with_no_taskflow', 'dataset_s3_bucket_consumer_with_no_taskflow', 'dataset_alias_example_alias_consumer_with_no_taskflow', 'dataset_s3_bucket_producer_with_no_taskflow' retrieved from /usr/local/lib/python3.10/site-packages/airflow/example_dags/example_dataset_alias_with_no_taskflow.py
[2025-01-14T16:03:53.708-0500] {logging_mixin.py:190} INFO - [2025-01-14T16:03:53.707-0500] {dag.py:3239} INFO - Sync 4 DAGs
[2025-01-14T16:03:53.728-0500] {logging_mixin.py:190} INFO - [2025-01-14T16:03:53.728-0500] {dag.py:4180} INFO - Setting next_dagrun for dataset_alias_example_alias_consumer_with_no_taskflow to None, run_after=None
[2025-01-14T16:03:53.730-0500] {logging_mixin.py:190} INFO - [2025-01-14T16:03:53.730-0500] {dag.py:4180} INFO - Setting next_dagrun for dataset_alias_example_alias_producer_with_no_taskflow to None, run_after=None
[2025-01-14T16:03:53.731-0500] {logging_mixin.py:190} INFO - [2025-01-14T16:03:53.731-0500] {dag.py:4180} INFO - Setting next_dagrun for dataset_s3_bucket_consumer_with_no_taskflow to None, run_after=None
[2025-01-14T16:03:53.732-0500] {logging_mixin.py:190} INFO - [2025-01-14T16:03:53.732-0500] {dag.py:4180} INFO - Setting next_dagrun for dataset_s3_bucket_producer_with_no_taskflow to None, run_after=None
[2025-01-14T16:03:53.752-0500] {processor.py:208} INFO - Processing /usr/local/lib/python3.10/site-packages/airflow/example_dags/example_dataset_alias_with_no_taskflow.py took 0.304 seconds
[2025-01-14T16:08:37.500-0500] {processor.py:186} INFO - Started process (PID=71990) to work on /usr/local/lib/python3.10/site-packages/airflow/example_dags/example_dataset_alias_with_no_taskflow.py
[2025-01-14T16:08:37.502-0500] {processor.py:914} INFO - Processing file /usr/local/lib/python3.10/site-packages/airflow/example_dags/example_dataset_alias_with_no_taskflow.py for tasks to queue
[2025-01-14T16:08:37.504-0500] {logging_mixin.py:190} INFO - [2025-01-14T16:08:37.503-0500] {dagbag.py:588} INFO - Filling up the DagBag from /usr/local/lib/python3.10/site-packages/airflow/example_dags/example_dataset_alias_with_no_taskflow.py
[2025-01-14T16:08:37.714-0500] {processor.py:925} INFO - DAG(s) 'dataset_s3_bucket_producer_with_no_taskflow', 'dataset_alias_example_alias_producer_with_no_taskflow', 'dataset_s3_bucket_consumer_with_no_taskflow', 'dataset_alias_example_alias_consumer_with_no_taskflow' retrieved from /usr/local/lib/python3.10/site-packages/airflow/example_dags/example_dataset_alias_with_no_taskflow.py
[2025-01-14T16:08:37.854-0500] {logging_mixin.py:190} INFO - [2025-01-14T16:08:37.853-0500] {dag.py:3239} INFO - Sync 4 DAGs
[2025-01-14T16:08:37.868-0500] {logging_mixin.py:190} INFO - [2025-01-14T16:08:37.867-0500] {dag.py:4180} INFO - Setting next_dagrun for dataset_alias_example_alias_consumer_with_no_taskflow to None, run_after=None
[2025-01-14T16:08:37.869-0500] {logging_mixin.py:190} INFO - [2025-01-14T16:08:37.869-0500] {dag.py:4180} INFO - Setting next_dagrun for dataset_alias_example_alias_producer_with_no_taskflow to None, run_after=None
[2025-01-14T16:08:37.870-0500] {logging_mixin.py:190} INFO - [2025-01-14T16:08:37.870-0500] {dag.py:4180} INFO - Setting next_dagrun for dataset_s3_bucket_consumer_with_no_taskflow to None, run_after=None
[2025-01-14T16:08:37.871-0500] {logging_mixin.py:190} INFO - [2025-01-14T16:08:37.871-0500] {dag.py:4180} INFO - Setting next_dagrun for dataset_s3_bucket_producer_with_no_taskflow to None, run_after=None
[2025-01-14T16:08:37.889-0500] {processor.py:208} INFO - Processing /usr/local/lib/python3.10/site-packages/airflow/example_dags/example_dataset_alias_with_no_taskflow.py took 0.393 seconds
[2025-01-14T16:13:51.295-0500] {processor.py:186} INFO - Started process (PID=75067) to work on /usr/local/lib/python3.10/site-packages/airflow/example_dags/example_dataset_alias_with_no_taskflow.py
[2025-01-14T16:13:51.296-0500] {processor.py:914} INFO - Processing file /usr/local/lib/python3.10/site-packages/airflow/example_dags/example_dataset_alias_with_no_taskflow.py for tasks to queue
[2025-01-14T16:13:51.297-0500] {logging_mixin.py:190} INFO - [2025-01-14T16:13:51.297-0500] {dagbag.py:588} INFO - Filling up the DagBag from /usr/local/lib/python3.10/site-packages/airflow/example_dags/example_dataset_alias_with_no_taskflow.py
[2025-01-14T16:13:51.505-0500] {processor.py:925} INFO - DAG(s) 'dataset_s3_bucket_consumer_with_no_taskflow', 'dataset_alias_example_alias_producer_with_no_taskflow', 'dataset_s3_bucket_producer_with_no_taskflow', 'dataset_alias_example_alias_consumer_with_no_taskflow' retrieved from /usr/local/lib/python3.10/site-packages/airflow/example_dags/example_dataset_alias_with_no_taskflow.py
[2025-01-14T16:13:51.526-0500] {logging_mixin.py:190} INFO - [2025-01-14T16:13:51.526-0500] {dag.py:3239} INFO - Sync 4 DAGs
[2025-01-14T16:13:51.543-0500] {logging_mixin.py:190} INFO - [2025-01-14T16:13:51.543-0500] {dag.py:4180} INFO - Setting next_dagrun for dataset_alias_example_alias_consumer_with_no_taskflow to None, run_after=None
[2025-01-14T16:13:51.545-0500] {logging_mixin.py:190} INFO - [2025-01-14T16:13:51.545-0500] {dag.py:4180} INFO - Setting next_dagrun for dataset_alias_example_alias_producer_with_no_taskflow to None, run_after=None
[2025-01-14T16:13:51.546-0500] {logging_mixin.py:190} INFO - [2025-01-14T16:13:51.546-0500] {dag.py:4180} INFO - Setting next_dagrun for dataset_s3_bucket_consumer_with_no_taskflow to None, run_after=None
[2025-01-14T16:13:51.547-0500] {logging_mixin.py:190} INFO - [2025-01-14T16:13:51.547-0500] {dag.py:4180} INFO - Setting next_dagrun for dataset_s3_bucket_producer_with_no_taskflow to None, run_after=None
[2025-01-14T16:13:51.564-0500] {processor.py:208} INFO - Processing /usr/local/lib/python3.10/site-packages/airflow/example_dags/example_dataset_alias_with_no_taskflow.py took 0.274 seconds
[2025-01-14T16:18:27.246-0500] {processor.py:186} INFO - Started process (PID=78267) to work on /usr/local/lib/python3.10/site-packages/airflow/example_dags/example_dataset_alias_with_no_taskflow.py
[2025-01-14T16:18:27.248-0500] {processor.py:914} INFO - Processing file /usr/local/lib/python3.10/site-packages/airflow/example_dags/example_dataset_alias_with_no_taskflow.py for tasks to queue
[2025-01-14T16:18:27.249-0500] {logging_mixin.py:190} INFO - [2025-01-14T16:18:27.249-0500] {dagbag.py:588} INFO - Filling up the DagBag from /usr/local/lib/python3.10/site-packages/airflow/example_dags/example_dataset_alias_with_no_taskflow.py
[2025-01-14T16:18:27.467-0500] {processor.py:925} INFO - DAG(s) 'dataset_alias_example_alias_producer_with_no_taskflow', 'dataset_alias_example_alias_consumer_with_no_taskflow', 'dataset_s3_bucket_producer_with_no_taskflow', 'dataset_s3_bucket_consumer_with_no_taskflow' retrieved from /usr/local/lib/python3.10/site-packages/airflow/example_dags/example_dataset_alias_with_no_taskflow.py
[2025-01-14T16:18:27.492-0500] {logging_mixin.py:190} INFO - [2025-01-14T16:18:27.492-0500] {dag.py:3239} INFO - Sync 4 DAGs
[2025-01-14T16:18:27.512-0500] {logging_mixin.py:190} INFO - [2025-01-14T16:18:27.512-0500] {dag.py:4180} INFO - Setting next_dagrun for dataset_alias_example_alias_consumer_with_no_taskflow to None, run_after=None
[2025-01-14T16:18:27.515-0500] {logging_mixin.py:190} INFO - [2025-01-14T16:18:27.515-0500] {dag.py:4180} INFO - Setting next_dagrun for dataset_alias_example_alias_producer_with_no_taskflow to None, run_after=None
[2025-01-14T16:18:27.516-0500] {logging_mixin.py:190} INFO - [2025-01-14T16:18:27.516-0500] {dag.py:4180} INFO - Setting next_dagrun for dataset_s3_bucket_consumer_with_no_taskflow to None, run_after=None
[2025-01-14T16:18:27.517-0500] {logging_mixin.py:190} INFO - [2025-01-14T16:18:27.516-0500] {dag.py:4180} INFO - Setting next_dagrun for dataset_s3_bucket_producer_with_no_taskflow to None, run_after=None
[2025-01-14T16:18:27.537-0500] {processor.py:208} INFO - Processing /usr/local/lib/python3.10/site-packages/airflow/example_dags/example_dataset_alias_with_no_taskflow.py took 0.296 seconds
[2025-01-14T16:23:02.967-0500] {processor.py:186} INFO - Started process (PID=81414) to work on /usr/local/lib/python3.10/site-packages/airflow/example_dags/example_dataset_alias_with_no_taskflow.py
[2025-01-14T16:23:02.968-0500] {processor.py:914} INFO - Processing file /usr/local/lib/python3.10/site-packages/airflow/example_dags/example_dataset_alias_with_no_taskflow.py for tasks to queue
[2025-01-14T16:23:02.970-0500] {logging_mixin.py:190} INFO - [2025-01-14T16:23:02.969-0500] {dagbag.py:588} INFO - Filling up the DagBag from /usr/local/lib/python3.10/site-packages/airflow/example_dags/example_dataset_alias_with_no_taskflow.py
[2025-01-14T16:23:03.172-0500] {processor.py:925} INFO - DAG(s) 'dataset_s3_bucket_producer_with_no_taskflow', 'dataset_s3_bucket_consumer_with_no_taskflow', 'dataset_alias_example_alias_consumer_with_no_taskflow', 'dataset_alias_example_alias_producer_with_no_taskflow' retrieved from /usr/local/lib/python3.10/site-packages/airflow/example_dags/example_dataset_alias_with_no_taskflow.py
[2025-01-14T16:23:03.192-0500] {logging_mixin.py:190} INFO - [2025-01-14T16:23:03.192-0500] {dag.py:3239} INFO - Sync 4 DAGs
[2025-01-14T16:23:03.209-0500] {logging_mixin.py:190} INFO - [2025-01-14T16:23:03.209-0500] {dag.py:4180} INFO - Setting next_dagrun for dataset_alias_example_alias_consumer_with_no_taskflow to None, run_after=None
[2025-01-14T16:23:03.211-0500] {logging_mixin.py:190} INFO - [2025-01-14T16:23:03.211-0500] {dag.py:4180} INFO - Setting next_dagrun for dataset_alias_example_alias_producer_with_no_taskflow to None, run_after=None
[2025-01-14T16:23:03.212-0500] {logging_mixin.py:190} INFO - [2025-01-14T16:23:03.212-0500] {dag.py:4180} INFO - Setting next_dagrun for dataset_s3_bucket_consumer_with_no_taskflow to None, run_after=None
[2025-01-14T16:23:03.213-0500] {logging_mixin.py:190} INFO - [2025-01-14T16:23:03.213-0500] {dag.py:4180} INFO - Setting next_dagrun for dataset_s3_bucket_producer_with_no_taskflow to None, run_after=None
[2025-01-14T16:23:03.232-0500] {processor.py:208} INFO - Processing /usr/local/lib/python3.10/site-packages/airflow/example_dags/example_dataset_alias_with_no_taskflow.py took 0.270 seconds
[2025-01-14T16:27:28.264-0500] {processor.py:186} INFO - Started process (PID=84450) to work on /usr/local/lib/python3.10/site-packages/airflow/example_dags/example_dataset_alias_with_no_taskflow.py
[2025-01-14T16:27:28.266-0500] {processor.py:914} INFO - Processing file /usr/local/lib/python3.10/site-packages/airflow/example_dags/example_dataset_alias_with_no_taskflow.py for tasks to queue
[2025-01-14T16:27:28.267-0500] {logging_mixin.py:190} INFO - [2025-01-14T16:27:28.267-0500] {dagbag.py:588} INFO - Filling up the DagBag from /usr/local/lib/python3.10/site-packages/airflow/example_dags/example_dataset_alias_with_no_taskflow.py
[2025-01-14T16:27:28.482-0500] {processor.py:925} INFO - DAG(s) 'dataset_alias_example_alias_consumer_with_no_taskflow', 'dataset_s3_bucket_producer_with_no_taskflow', 'dataset_s3_bucket_consumer_with_no_taskflow', 'dataset_alias_example_alias_producer_with_no_taskflow' retrieved from /usr/local/lib/python3.10/site-packages/airflow/example_dags/example_dataset_alias_with_no_taskflow.py
[2025-01-14T16:27:28.509-0500] {logging_mixin.py:190} INFO - [2025-01-14T16:27:28.509-0500] {dag.py:3239} INFO - Sync 4 DAGs
[2025-01-14T16:27:28.530-0500] {logging_mixin.py:190} INFO - [2025-01-14T16:27:28.529-0500] {dag.py:4180} INFO - Setting next_dagrun for dataset_alias_example_alias_consumer_with_no_taskflow to None, run_after=None
[2025-01-14T16:27:28.532-0500] {logging_mixin.py:190} INFO - [2025-01-14T16:27:28.532-0500] {dag.py:4180} INFO - Setting next_dagrun for dataset_alias_example_alias_producer_with_no_taskflow to None, run_after=None
[2025-01-14T16:27:28.533-0500] {logging_mixin.py:190} INFO - [2025-01-14T16:27:28.533-0500] {dag.py:4180} INFO - Setting next_dagrun for dataset_s3_bucket_consumer_with_no_taskflow to None, run_after=None
[2025-01-14T16:27:28.534-0500] {logging_mixin.py:190} INFO - [2025-01-14T16:27:28.534-0500] {dag.py:4180} INFO - Setting next_dagrun for dataset_s3_bucket_producer_with_no_taskflow to None, run_after=None
[2025-01-14T16:27:28.558-0500] {processor.py:208} INFO - Processing /usr/local/lib/python3.10/site-packages/airflow/example_dags/example_dataset_alias_with_no_taskflow.py took 0.298 seconds
[2025-01-14T16:32:21.148-0500] {processor.py:186} INFO - Started process (PID=87752) to work on /usr/local/lib/python3.10/site-packages/airflow/example_dags/example_dataset_alias_with_no_taskflow.py
[2025-01-14T16:32:21.150-0500] {processor.py:914} INFO - Processing file /usr/local/lib/python3.10/site-packages/airflow/example_dags/example_dataset_alias_with_no_taskflow.py for tasks to queue
[2025-01-14T16:32:21.151-0500] {logging_mixin.py:190} INFO - [2025-01-14T16:32:21.151-0500] {dagbag.py:588} INFO - Filling up the DagBag from /usr/local/lib/python3.10/site-packages/airflow/example_dags/example_dataset_alias_with_no_taskflow.py
[2025-01-14T16:32:21.386-0500] {processor.py:925} INFO - DAG(s) 'dataset_s3_bucket_producer_with_no_taskflow', 'dataset_s3_bucket_consumer_with_no_taskflow', 'dataset_alias_example_alias_producer_with_no_taskflow', 'dataset_alias_example_alias_consumer_with_no_taskflow' retrieved from /usr/local/lib/python3.10/site-packages/airflow/example_dags/example_dataset_alias_with_no_taskflow.py
[2025-01-14T16:32:21.413-0500] {logging_mixin.py:190} INFO - [2025-01-14T16:32:21.413-0500] {dag.py:3239} INFO - Sync 4 DAGs
[2025-01-14T16:32:21.434-0500] {logging_mixin.py:190} INFO - [2025-01-14T16:32:21.434-0500] {dag.py:4180} INFO - Setting next_dagrun for dataset_alias_example_alias_consumer_with_no_taskflow to None, run_after=None
[2025-01-14T16:32:21.437-0500] {logging_mixin.py:190} INFO - [2025-01-14T16:32:21.436-0500] {dag.py:4180} INFO - Setting next_dagrun for dataset_alias_example_alias_producer_with_no_taskflow to None, run_after=None
[2025-01-14T16:32:21.438-0500] {logging_mixin.py:190} INFO - [2025-01-14T16:32:21.438-0500] {dag.py:4180} INFO - Setting next_dagrun for dataset_s3_bucket_consumer_with_no_taskflow to None, run_after=None
[2025-01-14T16:32:21.439-0500] {logging_mixin.py:190} INFO - [2025-01-14T16:32:21.439-0500] {dag.py:4180} INFO - Setting next_dagrun for dataset_s3_bucket_producer_with_no_taskflow to None, run_after=None
[2025-01-14T16:32:21.463-0500] {processor.py:208} INFO - Processing /usr/local/lib/python3.10/site-packages/airflow/example_dags/example_dataset_alias_with_no_taskflow.py took 0.319 seconds
[2025-01-14T16:37:45.842-0500] {processor.py:186} INFO - Started process (PID=91446) to work on /usr/local/lib/python3.10/site-packages/airflow/example_dags/example_dataset_alias_with_no_taskflow.py
[2025-01-14T16:37:45.845-0500] {processor.py:914} INFO - Processing file /usr/local/lib/python3.10/site-packages/airflow/example_dags/example_dataset_alias_with_no_taskflow.py for tasks to queue
[2025-01-14T16:37:45.847-0500] {logging_mixin.py:190} INFO - [2025-01-14T16:37:45.847-0500] {dagbag.py:588} INFO - Filling up the DagBag from /usr/local/lib/python3.10/site-packages/airflow/example_dags/example_dataset_alias_with_no_taskflow.py
[2025-01-14T16:37:46.177-0500] {processor.py:925} INFO - DAG(s) 'dataset_s3_bucket_producer_with_no_taskflow', 'dataset_s3_bucket_consumer_with_no_taskflow', 'dataset_alias_example_alias_consumer_with_no_taskflow', 'dataset_alias_example_alias_producer_with_no_taskflow' retrieved from /usr/local/lib/python3.10/site-packages/airflow/example_dags/example_dataset_alias_with_no_taskflow.py
[2025-01-14T16:37:46.218-0500] {logging_mixin.py:190} INFO - [2025-01-14T16:37:46.217-0500] {dag.py:3239} INFO - Sync 4 DAGs
[2025-01-14T16:37:46.249-0500] {logging_mixin.py:190} INFO - [2025-01-14T16:37:46.249-0500] {dag.py:4180} INFO - Setting next_dagrun for dataset_alias_example_alias_consumer_with_no_taskflow to None, run_after=None
[2025-01-14T16:37:46.253-0500] {logging_mixin.py:190} INFO - [2025-01-14T16:37:46.253-0500] {dag.py:4180} INFO - Setting next_dagrun for dataset_alias_example_alias_producer_with_no_taskflow to None, run_after=None
[2025-01-14T16:37:46.255-0500] {logging_mixin.py:190} INFO - [2025-01-14T16:37:46.254-0500] {dag.py:4180} INFO - Setting next_dagrun for dataset_s3_bucket_consumer_with_no_taskflow to None, run_after=None
[2025-01-14T16:37:46.256-0500] {logging_mixin.py:190} INFO - [2025-01-14T16:37:46.256-0500] {dag.py:4180} INFO - Setting next_dagrun for dataset_s3_bucket_producer_with_no_taskflow to None, run_after=None
[2025-01-14T16:37:46.290-0500] {processor.py:208} INFO - Processing /usr/local/lib/python3.10/site-packages/airflow/example_dags/example_dataset_alias_with_no_taskflow.py took 0.454 seconds
[2025-01-14T16:42:57.380-0500] {processor.py:186} INFO - Started process (PID=94993) to work on /usr/local/lib/python3.10/site-packages/airflow/example_dags/example_dataset_alias_with_no_taskflow.py
[2025-01-14T16:42:57.381-0500] {processor.py:914} INFO - Processing file /usr/local/lib/python3.10/site-packages/airflow/example_dags/example_dataset_alias_with_no_taskflow.py for tasks to queue
[2025-01-14T16:42:57.382-0500] {logging_mixin.py:190} INFO - [2025-01-14T16:42:57.382-0500] {dagbag.py:588} INFO - Filling up the DagBag from /usr/local/lib/python3.10/site-packages/airflow/example_dags/example_dataset_alias_with_no_taskflow.py
[2025-01-14T16:42:57.585-0500] {processor.py:925} INFO - DAG(s) 'dataset_alias_example_alias_producer_with_no_taskflow', 'dataset_alias_example_alias_consumer_with_no_taskflow', 'dataset_s3_bucket_producer_with_no_taskflow', 'dataset_s3_bucket_consumer_with_no_taskflow' retrieved from /usr/local/lib/python3.10/site-packages/airflow/example_dags/example_dataset_alias_with_no_taskflow.py
[2025-01-14T16:42:57.606-0500] {logging_mixin.py:190} INFO - [2025-01-14T16:42:57.605-0500] {dag.py:3239} INFO - Sync 4 DAGs
[2025-01-14T16:42:57.622-0500] {logging_mixin.py:190} INFO - [2025-01-14T16:42:57.622-0500] {dag.py:4180} INFO - Setting next_dagrun for dataset_alias_example_alias_consumer_with_no_taskflow to None, run_after=None
[2025-01-14T16:42:57.624-0500] {logging_mixin.py:190} INFO - [2025-01-14T16:42:57.624-0500] {dag.py:4180} INFO - Setting next_dagrun for dataset_alias_example_alias_producer_with_no_taskflow to None, run_after=None
[2025-01-14T16:42:57.625-0500] {logging_mixin.py:190} INFO - [2025-01-14T16:42:57.625-0500] {dag.py:4180} INFO - Setting next_dagrun for dataset_s3_bucket_consumer_with_no_taskflow to None, run_after=None
[2025-01-14T16:42:57.626-0500] {logging_mixin.py:190} INFO - [2025-01-14T16:42:57.626-0500] {dag.py:4180} INFO - Setting next_dagrun for dataset_s3_bucket_producer_with_no_taskflow to None, run_after=None
[2025-01-14T16:42:57.643-0500] {processor.py:208} INFO - Processing /usr/local/lib/python3.10/site-packages/airflow/example_dags/example_dataset_alias_with_no_taskflow.py took 0.268 seconds
[2025-01-14T16:47:40.630-0500] {processor.py:186} INFO - Started process (PID=98158) to work on /usr/local/lib/python3.10/site-packages/airflow/example_dags/example_dataset_alias_with_no_taskflow.py
[2025-01-14T16:47:40.631-0500] {processor.py:914} INFO - Processing file /usr/local/lib/python3.10/site-packages/airflow/example_dags/example_dataset_alias_with_no_taskflow.py for tasks to queue
[2025-01-14T16:47:40.632-0500] {logging_mixin.py:190} INFO - [2025-01-14T16:47:40.632-0500] {dagbag.py:588} INFO - Filling up the DagBag from /usr/local/lib/python3.10/site-packages/airflow/example_dags/example_dataset_alias_with_no_taskflow.py
[2025-01-14T16:47:40.848-0500] {processor.py:925} INFO - DAG(s) 'dataset_alias_example_alias_producer_with_no_taskflow', 'dataset_alias_example_alias_consumer_with_no_taskflow', 'dataset_s3_bucket_producer_with_no_taskflow', 'dataset_s3_bucket_consumer_with_no_taskflow' retrieved from /usr/local/lib/python3.10/site-packages/airflow/example_dags/example_dataset_alias_with_no_taskflow.py
[2025-01-14T16:47:40.877-0500] {logging_mixin.py:190} INFO - [2025-01-14T16:47:40.877-0500] {dag.py:3239} INFO - Sync 4 DAGs
[2025-01-14T16:47:40.900-0500] {logging_mixin.py:190} INFO - [2025-01-14T16:47:40.900-0500] {dag.py:4180} INFO - Setting next_dagrun for dataset_alias_example_alias_consumer_with_no_taskflow to None, run_after=None
[2025-01-14T16:47:40.903-0500] {logging_mixin.py:190} INFO - [2025-01-14T16:47:40.902-0500] {dag.py:4180} INFO - Setting next_dagrun for dataset_alias_example_alias_producer_with_no_taskflow to None, run_after=None
[2025-01-14T16:47:40.904-0500] {logging_mixin.py:190} INFO - [2025-01-14T16:47:40.904-0500] {dag.py:4180} INFO - Setting next_dagrun for dataset_s3_bucket_consumer_with_no_taskflow to None, run_after=None
[2025-01-14T16:47:40.905-0500] {logging_mixin.py:190} INFO - [2025-01-14T16:47:40.905-0500] {dag.py:4180} INFO - Setting next_dagrun for dataset_s3_bucket_producer_with_no_taskflow to None, run_after=None
[2025-01-14T16:47:40.928-0500] {processor.py:208} INFO - Processing /usr/local/lib/python3.10/site-packages/airflow/example_dags/example_dataset_alias_with_no_taskflow.py took 0.302 seconds
[2025-01-14T16:52:33.248-0500] {processor.py:186} INFO - Started process (PID=2212) to work on /usr/local/lib/python3.10/site-packages/airflow/example_dags/example_dataset_alias_with_no_taskflow.py
[2025-01-14T16:52:33.250-0500] {processor.py:914} INFO - Processing file /usr/local/lib/python3.10/site-packages/airflow/example_dags/example_dataset_alias_with_no_taskflow.py for tasks to queue
[2025-01-14T16:52:33.251-0500] {logging_mixin.py:190} INFO - [2025-01-14T16:52:33.251-0500] {dagbag.py:588} INFO - Filling up the DagBag from /usr/local/lib/python3.10/site-packages/airflow/example_dags/example_dataset_alias_with_no_taskflow.py
[2025-01-14T16:52:33.461-0500] {processor.py:925} INFO - DAG(s) 'dataset_alias_example_alias_consumer_with_no_taskflow', 'dataset_s3_bucket_consumer_with_no_taskflow', 'dataset_alias_example_alias_producer_with_no_taskflow', 'dataset_s3_bucket_producer_with_no_taskflow' retrieved from /usr/local/lib/python3.10/site-packages/airflow/example_dags/example_dataset_alias_with_no_taskflow.py
[2025-01-14T16:52:33.483-0500] {logging_mixin.py:190} INFO - [2025-01-14T16:52:33.483-0500] {dag.py:3239} INFO - Sync 4 DAGs
[2025-01-14T16:52:33.502-0500] {logging_mixin.py:190} INFO - [2025-01-14T16:52:33.501-0500] {dag.py:4180} INFO - Setting next_dagrun for dataset_alias_example_alias_consumer_with_no_taskflow to None, run_after=None
[2025-01-14T16:52:33.504-0500] {logging_mixin.py:190} INFO - [2025-01-14T16:52:33.504-0500] {dag.py:4180} INFO - Setting next_dagrun for dataset_alias_example_alias_producer_with_no_taskflow to None, run_after=None
[2025-01-14T16:52:33.505-0500] {logging_mixin.py:190} INFO - [2025-01-14T16:52:33.505-0500] {dag.py:4180} INFO - Setting next_dagrun for dataset_s3_bucket_consumer_with_no_taskflow to None, run_after=None
[2025-01-14T16:52:33.506-0500] {logging_mixin.py:190} INFO - [2025-01-14T16:52:33.506-0500] {dag.py:4180} INFO - Setting next_dagrun for dataset_s3_bucket_producer_with_no_taskflow to None, run_after=None
[2025-01-14T16:52:33.525-0500] {processor.py:208} INFO - Processing /usr/local/lib/python3.10/site-packages/airflow/example_dags/example_dataset_alias_with_no_taskflow.py took 0.281 seconds
[2025-01-14T16:57:22.773-0500] {processor.py:186} INFO - Started process (PID=5551) to work on /usr/local/lib/python3.10/site-packages/airflow/example_dags/example_dataset_alias_with_no_taskflow.py
[2025-01-14T16:57:22.775-0500] {processor.py:914} INFO - Processing file /usr/local/lib/python3.10/site-packages/airflow/example_dags/example_dataset_alias_with_no_taskflow.py for tasks to queue
[2025-01-14T16:57:22.776-0500] {logging_mixin.py:190} INFO - [2025-01-14T16:57:22.776-0500] {dagbag.py:588} INFO - Filling up the DagBag from /usr/local/lib/python3.10/site-packages/airflow/example_dags/example_dataset_alias_with_no_taskflow.py
[2025-01-14T16:57:22.995-0500] {processor.py:925} INFO - DAG(s) 'dataset_alias_example_alias_consumer_with_no_taskflow', 'dataset_alias_example_alias_producer_with_no_taskflow', 'dataset_s3_bucket_consumer_with_no_taskflow', 'dataset_s3_bucket_producer_with_no_taskflow' retrieved from /usr/local/lib/python3.10/site-packages/airflow/example_dags/example_dataset_alias_with_no_taskflow.py
[2025-01-14T16:57:23.018-0500] {logging_mixin.py:190} INFO - [2025-01-14T16:57:23.017-0500] {dag.py:3239} INFO - Sync 4 DAGs
[2025-01-14T16:57:23.036-0500] {logging_mixin.py:190} INFO - [2025-01-14T16:57:23.036-0500] {dag.py:4180} INFO - Setting next_dagrun for dataset_alias_example_alias_consumer_with_no_taskflow to None, run_after=None
[2025-01-14T16:57:23.038-0500] {logging_mixin.py:190} INFO - [2025-01-14T16:57:23.038-0500] {dag.py:4180} INFO - Setting next_dagrun for dataset_alias_example_alias_producer_with_no_taskflow to None, run_after=None
[2025-01-14T16:57:23.039-0500] {logging_mixin.py:190} INFO - [2025-01-14T16:57:23.039-0500] {dag.py:4180} INFO - Setting next_dagrun for dataset_s3_bucket_consumer_with_no_taskflow to None, run_after=None
[2025-01-14T16:57:23.040-0500] {logging_mixin.py:190} INFO - [2025-01-14T16:57:23.040-0500] {dag.py:4180} INFO - Setting next_dagrun for dataset_s3_bucket_producer_with_no_taskflow to None, run_after=None
[2025-01-14T16:57:23.059-0500] {processor.py:208} INFO - Processing /usr/local/lib/python3.10/site-packages/airflow/example_dags/example_dataset_alias_with_no_taskflow.py took 0.291 seconds
[2025-01-14T17:03:16.364-0500] {processor.py:186} INFO - Started process (PID=9788) to work on /usr/local/lib/python3.10/site-packages/airflow/example_dags/example_dataset_alias_with_no_taskflow.py
[2025-01-14T17:03:16.366-0500] {processor.py:914} INFO - Processing file /usr/local/lib/python3.10/site-packages/airflow/example_dags/example_dataset_alias_with_no_taskflow.py for tasks to queue
[2025-01-14T17:03:16.367-0500] {logging_mixin.py:190} INFO - [2025-01-14T17:03:16.367-0500] {dagbag.py:588} INFO - Filling up the DagBag from /usr/local/lib/python3.10/site-packages/airflow/example_dags/example_dataset_alias_with_no_taskflow.py
[2025-01-14T17:03:16.623-0500] {processor.py:925} INFO - DAG(s) 'dataset_alias_example_alias_consumer_with_no_taskflow', 'dataset_alias_example_alias_producer_with_no_taskflow', 'dataset_s3_bucket_consumer_with_no_taskflow', 'dataset_s3_bucket_producer_with_no_taskflow' retrieved from /usr/local/lib/python3.10/site-packages/airflow/example_dags/example_dataset_alias_with_no_taskflow.py
[2025-01-14T17:03:16.650-0500] {logging_mixin.py:190} INFO - [2025-01-14T17:03:16.649-0500] {dag.py:3239} INFO - Sync 4 DAGs
[2025-01-14T17:03:16.671-0500] {logging_mixin.py:190} INFO - [2025-01-14T17:03:16.671-0500] {dag.py:4180} INFO - Setting next_dagrun for dataset_alias_example_alias_consumer_with_no_taskflow to None, run_after=None
[2025-01-14T17:03:16.674-0500] {logging_mixin.py:190} INFO - [2025-01-14T17:03:16.673-0500] {dag.py:4180} INFO - Setting next_dagrun for dataset_alias_example_alias_producer_with_no_taskflow to None, run_after=None
[2025-01-14T17:03:16.675-0500] {logging_mixin.py:190} INFO - [2025-01-14T17:03:16.674-0500] {dag.py:4180} INFO - Setting next_dagrun for dataset_s3_bucket_consumer_with_no_taskflow to None, run_after=None
[2025-01-14T17:03:16.676-0500] {logging_mixin.py:190} INFO - [2025-01-14T17:03:16.675-0500] {dag.py:4180} INFO - Setting next_dagrun for dataset_s3_bucket_producer_with_no_taskflow to None, run_after=None
[2025-01-14T17:03:16.698-0500] {processor.py:208} INFO - Processing /usr/local/lib/python3.10/site-packages/airflow/example_dags/example_dataset_alias_with_no_taskflow.py took 0.340 seconds
[2025-01-14T17:08:43.202-0500] {processor.py:186} INFO - Started process (PID=13583) to work on /usr/local/lib/python3.10/site-packages/airflow/example_dags/example_dataset_alias_with_no_taskflow.py
[2025-01-14T17:08:43.203-0500] {processor.py:914} INFO - Processing file /usr/local/lib/python3.10/site-packages/airflow/example_dags/example_dataset_alias_with_no_taskflow.py for tasks to queue
[2025-01-14T17:08:43.205-0500] {logging_mixin.py:190} INFO - [2025-01-14T17:08:43.204-0500] {dagbag.py:588} INFO - Filling up the DagBag from /usr/local/lib/python3.10/site-packages/airflow/example_dags/example_dataset_alias_with_no_taskflow.py
[2025-01-14T17:08:43.410-0500] {processor.py:925} INFO - DAG(s) 'dataset_s3_bucket_producer_with_no_taskflow', 'dataset_alias_example_alias_producer_with_no_taskflow', 'dataset_alias_example_alias_consumer_with_no_taskflow', 'dataset_s3_bucket_consumer_with_no_taskflow' retrieved from /usr/local/lib/python3.10/site-packages/airflow/example_dags/example_dataset_alias_with_no_taskflow.py
[2025-01-14T17:08:43.431-0500] {logging_mixin.py:190} INFO - [2025-01-14T17:08:43.431-0500] {dag.py:3239} INFO - Sync 4 DAGs
[2025-01-14T17:08:43.448-0500] {logging_mixin.py:190} INFO - [2025-01-14T17:08:43.448-0500] {dag.py:4180} INFO - Setting next_dagrun for dataset_alias_example_alias_consumer_with_no_taskflow to None, run_after=None
[2025-01-14T17:08:43.451-0500] {logging_mixin.py:190} INFO - [2025-01-14T17:08:43.451-0500] {dag.py:4180} INFO - Setting next_dagrun for dataset_alias_example_alias_producer_with_no_taskflow to None, run_after=None
[2025-01-14T17:08:43.452-0500] {logging_mixin.py:190} INFO - [2025-01-14T17:08:43.452-0500] {dag.py:4180} INFO - Setting next_dagrun for dataset_s3_bucket_consumer_with_no_taskflow to None, run_after=None
[2025-01-14T17:08:43.453-0500] {logging_mixin.py:190} INFO - [2025-01-14T17:08:43.453-0500] {dag.py:4180} INFO - Setting next_dagrun for dataset_s3_bucket_producer_with_no_taskflow to None, run_after=None
[2025-01-14T17:08:43.472-0500] {processor.py:208} INFO - Processing /usr/local/lib/python3.10/site-packages/airflow/example_dags/example_dataset_alias_with_no_taskflow.py took 0.274 seconds
[2025-01-14T17:13:50.921-0500] {processor.py:186} INFO - Started process (PID=17027) to work on /usr/local/lib/python3.10/site-packages/airflow/example_dags/example_dataset_alias_with_no_taskflow.py
[2025-01-14T17:13:50.923-0500] {processor.py:914} INFO - Processing file /usr/local/lib/python3.10/site-packages/airflow/example_dags/example_dataset_alias_with_no_taskflow.py for tasks to queue
[2025-01-14T17:13:50.924-0500] {logging_mixin.py:190} INFO - [2025-01-14T17:13:50.924-0500] {dagbag.py:588} INFO - Filling up the DagBag from /usr/local/lib/python3.10/site-packages/airflow/example_dags/example_dataset_alias_with_no_taskflow.py
[2025-01-14T17:13:51.123-0500] {processor.py:925} INFO - DAG(s) 'dataset_s3_bucket_producer_with_no_taskflow', 'dataset_alias_example_alias_consumer_with_no_taskflow', 'dataset_s3_bucket_consumer_with_no_taskflow', 'dataset_alias_example_alias_producer_with_no_taskflow' retrieved from /usr/local/lib/python3.10/site-packages/airflow/example_dags/example_dataset_alias_with_no_taskflow.py
[2025-01-14T17:13:51.146-0500] {logging_mixin.py:190} INFO - [2025-01-14T17:13:51.146-0500] {dag.py:3239} INFO - Sync 4 DAGs
[2025-01-14T17:13:51.165-0500] {logging_mixin.py:190} INFO - [2025-01-14T17:13:51.165-0500] {dag.py:4180} INFO - Setting next_dagrun for dataset_alias_example_alias_consumer_with_no_taskflow to None, run_after=None
[2025-01-14T17:13:51.168-0500] {logging_mixin.py:190} INFO - [2025-01-14T17:13:51.167-0500] {dag.py:4180} INFO - Setting next_dagrun for dataset_alias_example_alias_producer_with_no_taskflow to None, run_after=None
[2025-01-14T17:13:51.169-0500] {logging_mixin.py:190} INFO - [2025-01-14T17:13:51.168-0500] {dag.py:4180} INFO - Setting next_dagrun for dataset_s3_bucket_consumer_with_no_taskflow to None, run_after=None
[2025-01-14T17:13:51.170-0500] {logging_mixin.py:190} INFO - [2025-01-14T17:13:51.169-0500] {dag.py:4180} INFO - Setting next_dagrun for dataset_s3_bucket_producer_with_no_taskflow to None, run_after=None
[2025-01-14T17:13:51.188-0500] {processor.py:208} INFO - Processing /usr/local/lib/python3.10/site-packages/airflow/example_dags/example_dataset_alias_with_no_taskflow.py took 0.271 seconds
[2025-01-14T17:18:26.326-0500] {processor.py:186} INFO - Started process (PID=20172) to work on /usr/local/lib/python3.10/site-packages/airflow/example_dags/example_dataset_alias_with_no_taskflow.py
[2025-01-14T17:18:26.327-0500] {processor.py:914} INFO - Processing file /usr/local/lib/python3.10/site-packages/airflow/example_dags/example_dataset_alias_with_no_taskflow.py for tasks to queue
[2025-01-14T17:18:26.328-0500] {logging_mixin.py:190} INFO - [2025-01-14T17:18:26.328-0500] {dagbag.py:588} INFO - Filling up the DagBag from /usr/local/lib/python3.10/site-packages/airflow/example_dags/example_dataset_alias_with_no_taskflow.py
[2025-01-14T17:18:26.526-0500] {processor.py:925} INFO - DAG(s) 'dataset_s3_bucket_consumer_with_no_taskflow', 'dataset_alias_example_alias_producer_with_no_taskflow', 'dataset_alias_example_alias_consumer_with_no_taskflow', 'dataset_s3_bucket_producer_with_no_taskflow' retrieved from /usr/local/lib/python3.10/site-packages/airflow/example_dags/example_dataset_alias_with_no_taskflow.py
[2025-01-14T17:18:26.547-0500] {logging_mixin.py:190} INFO - [2025-01-14T17:18:26.547-0500] {dag.py:3239} INFO - Sync 4 DAGs
[2025-01-14T17:18:26.566-0500] {logging_mixin.py:190} INFO - [2025-01-14T17:18:26.565-0500] {dag.py:4180} INFO - Setting next_dagrun for dataset_alias_example_alias_consumer_with_no_taskflow to None, run_after=None
[2025-01-14T17:18:26.568-0500] {logging_mixin.py:190} INFO - [2025-01-14T17:18:26.568-0500] {dag.py:4180} INFO - Setting next_dagrun for dataset_alias_example_alias_producer_with_no_taskflow to None, run_after=None
[2025-01-14T17:18:26.569-0500] {logging_mixin.py:190} INFO - [2025-01-14T17:18:26.569-0500] {dag.py:4180} INFO - Setting next_dagrun for dataset_s3_bucket_consumer_with_no_taskflow to None, run_after=None
[2025-01-14T17:18:26.570-0500] {logging_mixin.py:190} INFO - [2025-01-14T17:18:26.569-0500] {dag.py:4180} INFO - Setting next_dagrun for dataset_s3_bucket_producer_with_no_taskflow to None, run_after=None
[2025-01-14T17:18:26.593-0500] {processor.py:208} INFO - Processing /usr/local/lib/python3.10/site-packages/airflow/example_dags/example_dataset_alias_with_no_taskflow.py took 0.271 seconds
[2025-01-14T17:23:08.735-0500] {processor.py:186} INFO - Started process (PID=23403) to work on /usr/local/lib/python3.10/site-packages/airflow/example_dags/example_dataset_alias_with_no_taskflow.py
[2025-01-14T17:23:08.737-0500] {processor.py:914} INFO - Processing file /usr/local/lib/python3.10/site-packages/airflow/example_dags/example_dataset_alias_with_no_taskflow.py for tasks to queue
[2025-01-14T17:23:08.738-0500] {logging_mixin.py:190} INFO - [2025-01-14T17:23:08.738-0500] {dagbag.py:588} INFO - Filling up the DagBag from /usr/local/lib/python3.10/site-packages/airflow/example_dags/example_dataset_alias_with_no_taskflow.py
[2025-01-14T17:23:08.965-0500] {processor.py:925} INFO - DAG(s) 'dataset_alias_example_alias_producer_with_no_taskflow', 'dataset_s3_bucket_producer_with_no_taskflow', 'dataset_alias_example_alias_consumer_with_no_taskflow', 'dataset_s3_bucket_consumer_with_no_taskflow' retrieved from /usr/local/lib/python3.10/site-packages/airflow/example_dags/example_dataset_alias_with_no_taskflow.py
[2025-01-14T17:23:08.991-0500] {logging_mixin.py:190} INFO - [2025-01-14T17:23:08.991-0500] {dag.py:3239} INFO - Sync 4 DAGs
[2025-01-14T17:23:09.011-0500] {logging_mixin.py:190} INFO - [2025-01-14T17:23:09.011-0500] {dag.py:4180} INFO - Setting next_dagrun for dataset_alias_example_alias_consumer_with_no_taskflow to None, run_after=None
[2025-01-14T17:23:09.013-0500] {logging_mixin.py:190} INFO - [2025-01-14T17:23:09.013-0500] {dag.py:4180} INFO - Setting next_dagrun for dataset_alias_example_alias_producer_with_no_taskflow to None, run_after=None
[2025-01-14T17:23:09.014-0500] {logging_mixin.py:190} INFO - [2025-01-14T17:23:09.014-0500] {dag.py:4180} INFO - Setting next_dagrun for dataset_s3_bucket_consumer_with_no_taskflow to None, run_after=None
[2025-01-14T17:23:09.015-0500] {logging_mixin.py:190} INFO - [2025-01-14T17:23:09.015-0500] {dag.py:4180} INFO - Setting next_dagrun for dataset_s3_bucket_producer_with_no_taskflow to None, run_after=None
[2025-01-14T17:23:09.035-0500] {processor.py:208} INFO - Processing /usr/local/lib/python3.10/site-packages/airflow/example_dags/example_dataset_alias_with_no_taskflow.py took 0.305 seconds
[2025-01-14T17:27:54.515-0500] {processor.py:186} INFO - Started process (PID=26636) to work on /usr/local/lib/python3.10/site-packages/airflow/example_dags/example_dataset_alias_with_no_taskflow.py
[2025-01-14T17:27:54.516-0500] {processor.py:914} INFO - Processing file /usr/local/lib/python3.10/site-packages/airflow/example_dags/example_dataset_alias_with_no_taskflow.py for tasks to queue
[2025-01-14T17:27:54.518-0500] {logging_mixin.py:190} INFO - [2025-01-14T17:27:54.518-0500] {dagbag.py:588} INFO - Filling up the DagBag from /usr/local/lib/python3.10/site-packages/airflow/example_dags/example_dataset_alias_with_no_taskflow.py
[2025-01-14T17:27:54.759-0500] {processor.py:925} INFO - DAG(s) 'dataset_alias_example_alias_consumer_with_no_taskflow', 'dataset_alias_example_alias_producer_with_no_taskflow', 'dataset_s3_bucket_producer_with_no_taskflow', 'dataset_s3_bucket_consumer_with_no_taskflow' retrieved from /usr/local/lib/python3.10/site-packages/airflow/example_dags/example_dataset_alias_with_no_taskflow.py
[2025-01-14T17:27:54.783-0500] {logging_mixin.py:190} INFO - [2025-01-14T17:27:54.783-0500] {dag.py:3239} INFO - Sync 4 DAGs
[2025-01-14T17:27:54.802-0500] {logging_mixin.py:190} INFO - [2025-01-14T17:27:54.802-0500] {dag.py:4180} INFO - Setting next_dagrun for dataset_alias_example_alias_consumer_with_no_taskflow to None, run_after=None
[2025-01-14T17:27:54.805-0500] {logging_mixin.py:190} INFO - [2025-01-14T17:27:54.805-0500] {dag.py:4180} INFO - Setting next_dagrun for dataset_alias_example_alias_producer_with_no_taskflow to None, run_after=None
[2025-01-14T17:27:54.806-0500] {logging_mixin.py:190} INFO - [2025-01-14T17:27:54.806-0500] {dag.py:4180} INFO - Setting next_dagrun for dataset_s3_bucket_consumer_with_no_taskflow to None, run_after=None
[2025-01-14T17:27:54.807-0500] {logging_mixin.py:190} INFO - [2025-01-14T17:27:54.807-0500] {dag.py:4180} INFO - Setting next_dagrun for dataset_s3_bucket_producer_with_no_taskflow to None, run_after=None
[2025-01-14T17:27:54.827-0500] {processor.py:208} INFO - Processing /usr/local/lib/python3.10/site-packages/airflow/example_dags/example_dataset_alias_with_no_taskflow.py took 0.317 seconds
[2025-01-14T17:32:36.671-0500] {processor.py:186} INFO - Started process (PID=29912) to work on /usr/local/lib/python3.10/site-packages/airflow/example_dags/example_dataset_alias_with_no_taskflow.py
[2025-01-14T17:32:36.672-0500] {processor.py:914} INFO - Processing file /usr/local/lib/python3.10/site-packages/airflow/example_dags/example_dataset_alias_with_no_taskflow.py for tasks to queue
[2025-01-14T17:32:36.673-0500] {logging_mixin.py:190} INFO - [2025-01-14T17:32:36.673-0500] {dagbag.py:588} INFO - Filling up the DagBag from /usr/local/lib/python3.10/site-packages/airflow/example_dags/example_dataset_alias_with_no_taskflow.py
[2025-01-14T17:32:36.909-0500] {processor.py:925} INFO - DAG(s) 'dataset_s3_bucket_producer_with_no_taskflow', 'dataset_alias_example_alias_consumer_with_no_taskflow', 'dataset_s3_bucket_consumer_with_no_taskflow', 'dataset_alias_example_alias_producer_with_no_taskflow' retrieved from /usr/local/lib/python3.10/site-packages/airflow/example_dags/example_dataset_alias_with_no_taskflow.py
[2025-01-14T17:32:36.936-0500] {logging_mixin.py:190} INFO - [2025-01-14T17:32:36.936-0500] {dag.py:3239} INFO - Sync 4 DAGs
[2025-01-14T17:32:36.959-0500] {logging_mixin.py:190} INFO - [2025-01-14T17:32:36.959-0500] {dag.py:4180} INFO - Setting next_dagrun for dataset_alias_example_alias_consumer_with_no_taskflow to None, run_after=None
[2025-01-14T17:32:36.962-0500] {logging_mixin.py:190} INFO - [2025-01-14T17:32:36.962-0500] {dag.py:4180} INFO - Setting next_dagrun for dataset_alias_example_alias_producer_with_no_taskflow to None, run_after=None
[2025-01-14T17:32:36.964-0500] {logging_mixin.py:190} INFO - [2025-01-14T17:32:36.964-0500] {dag.py:4180} INFO - Setting next_dagrun for dataset_s3_bucket_consumer_with_no_taskflow to None, run_after=None
[2025-01-14T17:32:36.965-0500] {logging_mixin.py:190} INFO - [2025-01-14T17:32:36.965-0500] {dag.py:4180} INFO - Setting next_dagrun for dataset_s3_bucket_producer_with_no_taskflow to None, run_after=None
[2025-01-14T17:32:36.989-0500] {processor.py:208} INFO - Processing /usr/local/lib/python3.10/site-packages/airflow/example_dags/example_dataset_alias_with_no_taskflow.py took 0.322 seconds
[2025-01-14T17:37:05.405-0500] {processor.py:186} INFO - Started process (PID=33006) to work on /usr/local/lib/python3.10/site-packages/airflow/example_dags/example_dataset_alias_with_no_taskflow.py
[2025-01-14T17:37:05.407-0500] {processor.py:914} INFO - Processing file /usr/local/lib/python3.10/site-packages/airflow/example_dags/example_dataset_alias_with_no_taskflow.py for tasks to queue
[2025-01-14T17:37:05.408-0500] {logging_mixin.py:190} INFO - [2025-01-14T17:37:05.408-0500] {dagbag.py:588} INFO - Filling up the DagBag from /usr/local/lib/python3.10/site-packages/airflow/example_dags/example_dataset_alias_with_no_taskflow.py
[2025-01-14T17:37:05.633-0500] {processor.py:925} INFO - DAG(s) 'dataset_s3_bucket_producer_with_no_taskflow', 'dataset_alias_example_alias_consumer_with_no_taskflow', 'dataset_s3_bucket_consumer_with_no_taskflow', 'dataset_alias_example_alias_producer_with_no_taskflow' retrieved from /usr/local/lib/python3.10/site-packages/airflow/example_dags/example_dataset_alias_with_no_taskflow.py
[2025-01-14T17:37:05.654-0500] {logging_mixin.py:190} INFO - [2025-01-14T17:37:05.654-0500] {dag.py:3239} INFO - Sync 4 DAGs
[2025-01-14T17:37:05.672-0500] {logging_mixin.py:190} INFO - [2025-01-14T17:37:05.672-0500] {dag.py:4180} INFO - Setting next_dagrun for dataset_alias_example_alias_consumer_with_no_taskflow to None, run_after=None
[2025-01-14T17:37:05.674-0500] {logging_mixin.py:190} INFO - [2025-01-14T17:37:05.674-0500] {dag.py:4180} INFO - Setting next_dagrun for dataset_alias_example_alias_producer_with_no_taskflow to None, run_after=None
[2025-01-14T17:37:05.675-0500] {logging_mixin.py:190} INFO - [2025-01-14T17:37:05.675-0500] {dag.py:4180} INFO - Setting next_dagrun for dataset_s3_bucket_consumer_with_no_taskflow to None, run_after=None
[2025-01-14T17:37:05.676-0500] {logging_mixin.py:190} INFO - [2025-01-14T17:37:05.676-0500] {dag.py:4180} INFO - Setting next_dagrun for dataset_s3_bucket_producer_with_no_taskflow to None, run_after=None
[2025-01-14T17:37:05.695-0500] {processor.py:208} INFO - Processing /usr/local/lib/python3.10/site-packages/airflow/example_dags/example_dataset_alias_with_no_taskflow.py took 0.294 seconds
[2025-01-14T17:41:45.128-0500] {processor.py:186} INFO - Started process (PID=36309) to work on /usr/local/lib/python3.10/site-packages/airflow/example_dags/example_dataset_alias_with_no_taskflow.py
[2025-01-14T17:41:45.130-0500] {processor.py:914} INFO - Processing file /usr/local/lib/python3.10/site-packages/airflow/example_dags/example_dataset_alias_with_no_taskflow.py for tasks to queue
[2025-01-14T17:41:45.131-0500] {logging_mixin.py:190} INFO - [2025-01-14T17:41:45.131-0500] {dagbag.py:588} INFO - Filling up the DagBag from /usr/local/lib/python3.10/site-packages/airflow/example_dags/example_dataset_alias_with_no_taskflow.py
[2025-01-14T17:41:45.360-0500] {processor.py:925} INFO - DAG(s) 'dataset_s3_bucket_consumer_with_no_taskflow', 'dataset_s3_bucket_producer_with_no_taskflow', 'dataset_alias_example_alias_producer_with_no_taskflow', 'dataset_alias_example_alias_consumer_with_no_taskflow' retrieved from /usr/local/lib/python3.10/site-packages/airflow/example_dags/example_dataset_alias_with_no_taskflow.py
[2025-01-14T17:41:45.381-0500] {logging_mixin.py:190} INFO - [2025-01-14T17:41:45.381-0500] {dag.py:3239} INFO - Sync 4 DAGs
[2025-01-14T17:41:45.398-0500] {logging_mixin.py:190} INFO - [2025-01-14T17:41:45.398-0500] {dag.py:4180} INFO - Setting next_dagrun for dataset_alias_example_alias_consumer_with_no_taskflow to None, run_after=None
[2025-01-14T17:41:45.400-0500] {logging_mixin.py:190} INFO - [2025-01-14T17:41:45.400-0500] {dag.py:4180} INFO - Setting next_dagrun for dataset_alias_example_alias_producer_with_no_taskflow to None, run_after=None
[2025-01-14T17:41:45.401-0500] {logging_mixin.py:190} INFO - [2025-01-14T17:41:45.400-0500] {dag.py:4180} INFO - Setting next_dagrun for dataset_s3_bucket_consumer_with_no_taskflow to None, run_after=None
[2025-01-14T17:41:45.401-0500] {logging_mixin.py:190} INFO - [2025-01-14T17:41:45.401-0500] {dag.py:4180} INFO - Setting next_dagrun for dataset_s3_bucket_producer_with_no_taskflow to None, run_after=None
[2025-01-14T17:41:45.419-0500] {processor.py:208} INFO - Processing /usr/local/lib/python3.10/site-packages/airflow/example_dags/example_dataset_alias_with_no_taskflow.py took 0.297 seconds
[2025-01-14T17:46:07.622-0500] {processor.py:186} INFO - Started process (PID=39257) to work on /usr/local/lib/python3.10/site-packages/airflow/example_dags/example_dataset_alias_with_no_taskflow.py
[2025-01-14T17:46:07.624-0500] {processor.py:914} INFO - Processing file /usr/local/lib/python3.10/site-packages/airflow/example_dags/example_dataset_alias_with_no_taskflow.py for tasks to queue
[2025-01-14T17:46:07.625-0500] {logging_mixin.py:190} INFO - [2025-01-14T17:46:07.625-0500] {dagbag.py:588} INFO - Filling up the DagBag from /usr/local/lib/python3.10/site-packages/airflow/example_dags/example_dataset_alias_with_no_taskflow.py
[2025-01-14T17:46:07.830-0500] {processor.py:925} INFO - DAG(s) 'dataset_alias_example_alias_consumer_with_no_taskflow', 'dataset_alias_example_alias_producer_with_no_taskflow', 'dataset_s3_bucket_producer_with_no_taskflow', 'dataset_s3_bucket_consumer_with_no_taskflow' retrieved from /usr/local/lib/python3.10/site-packages/airflow/example_dags/example_dataset_alias_with_no_taskflow.py
[2025-01-14T17:46:07.852-0500] {logging_mixin.py:190} INFO - [2025-01-14T17:46:07.852-0500] {dag.py:3239} INFO - Sync 4 DAGs
[2025-01-14T17:46:07.870-0500] {logging_mixin.py:190} INFO - [2025-01-14T17:46:07.870-0500] {dag.py:4180} INFO - Setting next_dagrun for dataset_alias_example_alias_consumer_with_no_taskflow to None, run_after=None
[2025-01-14T17:46:07.872-0500] {logging_mixin.py:190} INFO - [2025-01-14T17:46:07.872-0500] {dag.py:4180} INFO - Setting next_dagrun for dataset_alias_example_alias_producer_with_no_taskflow to None, run_after=None
[2025-01-14T17:46:07.873-0500] {logging_mixin.py:190} INFO - [2025-01-14T17:46:07.873-0500] {dag.py:4180} INFO - Setting next_dagrun for dataset_s3_bucket_consumer_with_no_taskflow to None, run_after=None
[2025-01-14T17:46:07.874-0500] {logging_mixin.py:190} INFO - [2025-01-14T17:46:07.874-0500] {dag.py:4180} INFO - Setting next_dagrun for dataset_s3_bucket_producer_with_no_taskflow to None, run_after=None
[2025-01-14T17:46:07.893-0500] {processor.py:208} INFO - Processing /usr/local/lib/python3.10/site-packages/airflow/example_dags/example_dataset_alias_with_no_taskflow.py took 0.274 seconds
[2025-01-14T17:50:39.312-0500] {processor.py:186} INFO - Started process (PID=42414) to work on /usr/local/lib/python3.10/site-packages/airflow/example_dags/example_dataset_alias_with_no_taskflow.py
[2025-01-14T17:50:39.313-0500] {processor.py:914} INFO - Processing file /usr/local/lib/python3.10/site-packages/airflow/example_dags/example_dataset_alias_with_no_taskflow.py for tasks to queue
[2025-01-14T17:50:39.314-0500] {logging_mixin.py:190} INFO - [2025-01-14T17:50:39.314-0500] {dagbag.py:588} INFO - Filling up the DagBag from /usr/local/lib/python3.10/site-packages/airflow/example_dags/example_dataset_alias_with_no_taskflow.py
[2025-01-14T17:50:39.523-0500] {processor.py:925} INFO - DAG(s) 'dataset_alias_example_alias_producer_with_no_taskflow', 'dataset_alias_example_alias_consumer_with_no_taskflow', 'dataset_s3_bucket_consumer_with_no_taskflow', 'dataset_s3_bucket_producer_with_no_taskflow' retrieved from /usr/local/lib/python3.10/site-packages/airflow/example_dags/example_dataset_alias_with_no_taskflow.py
[2025-01-14T17:50:39.546-0500] {logging_mixin.py:190} INFO - [2025-01-14T17:50:39.545-0500] {dag.py:3239} INFO - Sync 4 DAGs
[2025-01-14T17:50:39.564-0500] {logging_mixin.py:190} INFO - [2025-01-14T17:50:39.564-0500] {dag.py:4180} INFO - Setting next_dagrun for dataset_alias_example_alias_consumer_with_no_taskflow to None, run_after=None
[2025-01-14T17:50:39.566-0500] {logging_mixin.py:190} INFO - [2025-01-14T17:50:39.566-0500] {dag.py:4180} INFO - Setting next_dagrun for dataset_alias_example_alias_producer_with_no_taskflow to None, run_after=None
[2025-01-14T17:50:39.567-0500] {logging_mixin.py:190} INFO - [2025-01-14T17:50:39.567-0500] {dag.py:4180} INFO - Setting next_dagrun for dataset_s3_bucket_consumer_with_no_taskflow to None, run_after=None
[2025-01-14T17:50:39.568-0500] {logging_mixin.py:190} INFO - [2025-01-14T17:50:39.568-0500] {dag.py:4180} INFO - Setting next_dagrun for dataset_s3_bucket_producer_with_no_taskflow to None, run_after=None
[2025-01-14T17:50:39.588-0500] {processor.py:208} INFO - Processing /usr/local/lib/python3.10/site-packages/airflow/example_dags/example_dataset_alias_with_no_taskflow.py took 0.280 seconds
[2025-01-14T17:55:10.424-0500] {processor.py:186} INFO - Started process (PID=45529) to work on /usr/local/lib/python3.10/site-packages/airflow/example_dags/example_dataset_alias_with_no_taskflow.py
[2025-01-14T17:55:10.426-0500] {processor.py:914} INFO - Processing file /usr/local/lib/python3.10/site-packages/airflow/example_dags/example_dataset_alias_with_no_taskflow.py for tasks to queue
[2025-01-14T17:55:10.427-0500] {logging_mixin.py:190} INFO - [2025-01-14T17:55:10.427-0500] {dagbag.py:588} INFO - Filling up the DagBag from /usr/local/lib/python3.10/site-packages/airflow/example_dags/example_dataset_alias_with_no_taskflow.py
[2025-01-14T17:55:10.666-0500] {processor.py:925} INFO - DAG(s) 'dataset_s3_bucket_consumer_with_no_taskflow', 'dataset_alias_example_alias_producer_with_no_taskflow', 'dataset_s3_bucket_producer_with_no_taskflow', 'dataset_alias_example_alias_consumer_with_no_taskflow' retrieved from /usr/local/lib/python3.10/site-packages/airflow/example_dags/example_dataset_alias_with_no_taskflow.py
[2025-01-14T17:55:10.688-0500] {logging_mixin.py:190} INFO - [2025-01-14T17:55:10.688-0500] {dag.py:3239} INFO - Sync 4 DAGs
[2025-01-14T17:55:10.706-0500] {logging_mixin.py:190} INFO - [2025-01-14T17:55:10.705-0500] {dag.py:4180} INFO - Setting next_dagrun for dataset_alias_example_alias_consumer_with_no_taskflow to None, run_after=None
[2025-01-14T17:55:10.707-0500] {logging_mixin.py:190} INFO - [2025-01-14T17:55:10.707-0500] {dag.py:4180} INFO - Setting next_dagrun for dataset_alias_example_alias_producer_with_no_taskflow to None, run_after=None
[2025-01-14T17:55:10.708-0500] {logging_mixin.py:190} INFO - [2025-01-14T17:55:10.708-0500] {dag.py:4180} INFO - Setting next_dagrun for dataset_s3_bucket_consumer_with_no_taskflow to None, run_after=None
[2025-01-14T17:55:10.709-0500] {logging_mixin.py:190} INFO - [2025-01-14T17:55:10.709-0500] {dag.py:4180} INFO - Setting next_dagrun for dataset_s3_bucket_producer_with_no_taskflow to None, run_after=None
[2025-01-14T17:55:10.728-0500] {processor.py:208} INFO - Processing /usr/local/lib/python3.10/site-packages/airflow/example_dags/example_dataset_alias_with_no_taskflow.py took 0.309 seconds
[2025-01-14T17:59:46.874-0500] {processor.py:186} INFO - Started process (PID=48766) to work on /usr/local/lib/python3.10/site-packages/airflow/example_dags/example_dataset_alias_with_no_taskflow.py
[2025-01-14T17:59:46.876-0500] {processor.py:914} INFO - Processing file /usr/local/lib/python3.10/site-packages/airflow/example_dags/example_dataset_alias_with_no_taskflow.py for tasks to queue
[2025-01-14T17:59:46.877-0500] {logging_mixin.py:190} INFO - [2025-01-14T17:59:46.877-0500] {dagbag.py:588} INFO - Filling up the DagBag from /usr/local/lib/python3.10/site-packages/airflow/example_dags/example_dataset_alias_with_no_taskflow.py
[2025-01-14T17:59:47.081-0500] {processor.py:925} INFO - DAG(s) 'dataset_alias_example_alias_producer_with_no_taskflow', 'dataset_s3_bucket_producer_with_no_taskflow', 'dataset_s3_bucket_consumer_with_no_taskflow', 'dataset_alias_example_alias_consumer_with_no_taskflow' retrieved from /usr/local/lib/python3.10/site-packages/airflow/example_dags/example_dataset_alias_with_no_taskflow.py
[2025-01-14T17:59:47.102-0500] {logging_mixin.py:190} INFO - [2025-01-14T17:59:47.102-0500] {dag.py:3239} INFO - Sync 4 DAGs
[2025-01-14T17:59:47.119-0500] {logging_mixin.py:190} INFO - [2025-01-14T17:59:47.119-0500] {dag.py:4180} INFO - Setting next_dagrun for dataset_alias_example_alias_consumer_with_no_taskflow to None, run_after=None
[2025-01-14T17:59:47.121-0500] {logging_mixin.py:190} INFO - [2025-01-14T17:59:47.121-0500] {dag.py:4180} INFO - Setting next_dagrun for dataset_alias_example_alias_producer_with_no_taskflow to None, run_after=None
[2025-01-14T17:59:47.122-0500] {logging_mixin.py:190} INFO - [2025-01-14T17:59:47.122-0500] {dag.py:4180} INFO - Setting next_dagrun for dataset_s3_bucket_consumer_with_no_taskflow to None, run_after=None
[2025-01-14T17:59:47.123-0500] {logging_mixin.py:190} INFO - [2025-01-14T17:59:47.123-0500] {dag.py:4180} INFO - Setting next_dagrun for dataset_s3_bucket_producer_with_no_taskflow to None, run_after=None
[2025-01-14T17:59:47.141-0500] {processor.py:208} INFO - Processing /usr/local/lib/python3.10/site-packages/airflow/example_dags/example_dataset_alias_with_no_taskflow.py took 0.270 seconds
[2025-01-14T18:04:29.406-0500] {processor.py:186} INFO - Started process (PID=51961) to work on /usr/local/lib/python3.10/site-packages/airflow/example_dags/example_dataset_alias_with_no_taskflow.py
[2025-01-14T18:04:29.408-0500] {processor.py:914} INFO - Processing file /usr/local/lib/python3.10/site-packages/airflow/example_dags/example_dataset_alias_with_no_taskflow.py for tasks to queue
[2025-01-14T18:04:29.410-0500] {logging_mixin.py:190} INFO - [2025-01-14T18:04:29.409-0500] {dagbag.py:588} INFO - Filling up the DagBag from /usr/local/lib/python3.10/site-packages/airflow/example_dags/example_dataset_alias_with_no_taskflow.py
[2025-01-14T18:04:29.636-0500] {processor.py:925} INFO - DAG(s) 'dataset_alias_example_alias_consumer_with_no_taskflow', 'dataset_alias_example_alias_producer_with_no_taskflow', 'dataset_s3_bucket_producer_with_no_taskflow', 'dataset_s3_bucket_consumer_with_no_taskflow' retrieved from /usr/local/lib/python3.10/site-packages/airflow/example_dags/example_dataset_alias_with_no_taskflow.py
[2025-01-14T18:04:29.662-0500] {logging_mixin.py:190} INFO - [2025-01-14T18:04:29.662-0500] {dag.py:3239} INFO - Sync 4 DAGs
[2025-01-14T18:04:29.684-0500] {logging_mixin.py:190} INFO - [2025-01-14T18:04:29.683-0500] {dag.py:4180} INFO - Setting next_dagrun for dataset_alias_example_alias_consumer_with_no_taskflow to None, run_after=None
[2025-01-14T18:04:29.686-0500] {logging_mixin.py:190} INFO - [2025-01-14T18:04:29.686-0500] {dag.py:4180} INFO - Setting next_dagrun for dataset_alias_example_alias_producer_with_no_taskflow to None, run_after=None
[2025-01-14T18:04:29.687-0500] {logging_mixin.py:190} INFO - [2025-01-14T18:04:29.687-0500] {dag.py:4180} INFO - Setting next_dagrun for dataset_s3_bucket_consumer_with_no_taskflow to None, run_after=None
[2025-01-14T18:04:29.688-0500] {logging_mixin.py:190} INFO - [2025-01-14T18:04:29.688-0500] {dag.py:4180} INFO - Setting next_dagrun for dataset_s3_bucket_producer_with_no_taskflow to None, run_after=None
[2025-01-14T18:04:29.709-0500] {processor.py:208} INFO - Processing /usr/local/lib/python3.10/site-packages/airflow/example_dags/example_dataset_alias_with_no_taskflow.py took 0.308 seconds
[2025-01-14T18:09:00.511-0500] {processor.py:186} INFO - Started process (PID=55129) to work on /usr/local/lib/python3.10/site-packages/airflow/example_dags/example_dataset_alias_with_no_taskflow.py
[2025-01-14T18:09:00.513-0500] {processor.py:914} INFO - Processing file /usr/local/lib/python3.10/site-packages/airflow/example_dags/example_dataset_alias_with_no_taskflow.py for tasks to queue
[2025-01-14T18:09:00.514-0500] {logging_mixin.py:190} INFO - [2025-01-14T18:09:00.514-0500] {dagbag.py:588} INFO - Filling up the DagBag from /usr/local/lib/python3.10/site-packages/airflow/example_dags/example_dataset_alias_with_no_taskflow.py
[2025-01-14T18:09:00.719-0500] {processor.py:925} INFO - DAG(s) 'dataset_s3_bucket_consumer_with_no_taskflow', 'dataset_s3_bucket_producer_with_no_taskflow', 'dataset_alias_example_alias_producer_with_no_taskflow', 'dataset_alias_example_alias_consumer_with_no_taskflow' retrieved from /usr/local/lib/python3.10/site-packages/airflow/example_dags/example_dataset_alias_with_no_taskflow.py
[2025-01-14T18:09:00.741-0500] {logging_mixin.py:190} INFO - [2025-01-14T18:09:00.740-0500] {dag.py:3239} INFO - Sync 4 DAGs
[2025-01-14T18:09:00.758-0500] {logging_mixin.py:190} INFO - [2025-01-14T18:09:00.757-0500] {dag.py:4180} INFO - Setting next_dagrun for dataset_alias_example_alias_consumer_with_no_taskflow to None, run_after=None
[2025-01-14T18:09:00.759-0500] {logging_mixin.py:190} INFO - [2025-01-14T18:09:00.759-0500] {dag.py:4180} INFO - Setting next_dagrun for dataset_alias_example_alias_producer_with_no_taskflow to None, run_after=None
[2025-01-14T18:09:00.760-0500] {logging_mixin.py:190} INFO - [2025-01-14T18:09:00.760-0500] {dag.py:4180} INFO - Setting next_dagrun for dataset_s3_bucket_consumer_with_no_taskflow to None, run_after=None
[2025-01-14T18:09:00.761-0500] {logging_mixin.py:190} INFO - [2025-01-14T18:09:00.761-0500] {dag.py:4180} INFO - Setting next_dagrun for dataset_s3_bucket_producer_with_no_taskflow to None, run_after=None
[2025-01-14T18:09:00.782-0500] {processor.py:208} INFO - Processing /usr/local/lib/python3.10/site-packages/airflow/example_dags/example_dataset_alias_with_no_taskflow.py took 0.275 seconds
[2025-01-14T18:13:29.815-0500] {processor.py:186} INFO - Started process (PID=58170) to work on /usr/local/lib/python3.10/site-packages/airflow/example_dags/example_dataset_alias_with_no_taskflow.py
[2025-01-14T18:13:29.816-0500] {processor.py:914} INFO - Processing file /usr/local/lib/python3.10/site-packages/airflow/example_dags/example_dataset_alias_with_no_taskflow.py for tasks to queue
[2025-01-14T18:13:29.818-0500] {logging_mixin.py:190} INFO - [2025-01-14T18:13:29.818-0500] {dagbag.py:588} INFO - Filling up the DagBag from /usr/local/lib/python3.10/site-packages/airflow/example_dags/example_dataset_alias_with_no_taskflow.py
[2025-01-14T18:13:30.029-0500] {processor.py:925} INFO - DAG(s) 'dataset_alias_example_alias_producer_with_no_taskflow', 'dataset_alias_example_alias_consumer_with_no_taskflow', 'dataset_s3_bucket_producer_with_no_taskflow', 'dataset_s3_bucket_consumer_with_no_taskflow' retrieved from /usr/local/lib/python3.10/site-packages/airflow/example_dags/example_dataset_alias_with_no_taskflow.py
[2025-01-14T18:13:30.052-0500] {logging_mixin.py:190} INFO - [2025-01-14T18:13:30.051-0500] {dag.py:3239} INFO - Sync 4 DAGs
[2025-01-14T18:13:30.068-0500] {logging_mixin.py:190} INFO - [2025-01-14T18:13:30.068-0500] {dag.py:4180} INFO - Setting next_dagrun for dataset_alias_example_alias_consumer_with_no_taskflow to None, run_after=None
[2025-01-14T18:13:30.070-0500] {logging_mixin.py:190} INFO - [2025-01-14T18:13:30.070-0500] {dag.py:4180} INFO - Setting next_dagrun for dataset_alias_example_alias_producer_with_no_taskflow to None, run_after=None
[2025-01-14T18:13:30.071-0500] {logging_mixin.py:190} INFO - [2025-01-14T18:13:30.071-0500] {dag.py:4180} INFO - Setting next_dagrun for dataset_s3_bucket_consumer_with_no_taskflow to None, run_after=None
[2025-01-14T18:13:30.072-0500] {logging_mixin.py:190} INFO - [2025-01-14T18:13:30.072-0500] {dag.py:4180} INFO - Setting next_dagrun for dataset_s3_bucket_producer_with_no_taskflow to None, run_after=None
[2025-01-14T18:13:30.089-0500] {processor.py:208} INFO - Processing /usr/local/lib/python3.10/site-packages/airflow/example_dags/example_dataset_alias_with_no_taskflow.py took 0.279 seconds
[2025-01-14T18:17:58.340-0500] {processor.py:186} INFO - Started process (PID=61225) to work on /usr/local/lib/python3.10/site-packages/airflow/example_dags/example_dataset_alias_with_no_taskflow.py
[2025-01-14T18:17:58.342-0500] {processor.py:914} INFO - Processing file /usr/local/lib/python3.10/site-packages/airflow/example_dags/example_dataset_alias_with_no_taskflow.py for tasks to queue
[2025-01-14T18:17:58.343-0500] {logging_mixin.py:190} INFO - [2025-01-14T18:17:58.342-0500] {dagbag.py:588} INFO - Filling up the DagBag from /usr/local/lib/python3.10/site-packages/airflow/example_dags/example_dataset_alias_with_no_taskflow.py
[2025-01-14T18:17:58.541-0500] {processor.py:925} INFO - DAG(s) 'dataset_s3_bucket_consumer_with_no_taskflow', 'dataset_alias_example_alias_producer_with_no_taskflow', 'dataset_alias_example_alias_consumer_with_no_taskflow', 'dataset_s3_bucket_producer_with_no_taskflow' retrieved from /usr/local/lib/python3.10/site-packages/airflow/example_dags/example_dataset_alias_with_no_taskflow.py
[2025-01-14T18:17:58.561-0500] {logging_mixin.py:190} INFO - [2025-01-14T18:17:58.561-0500] {dag.py:3239} INFO - Sync 4 DAGs
[2025-01-14T18:17:58.578-0500] {logging_mixin.py:190} INFO - [2025-01-14T18:17:58.577-0500] {dag.py:4180} INFO - Setting next_dagrun for dataset_alias_example_alias_consumer_with_no_taskflow to None, run_after=None
[2025-01-14T18:17:58.579-0500] {logging_mixin.py:190} INFO - [2025-01-14T18:17:58.579-0500] {dag.py:4180} INFO - Setting next_dagrun for dataset_alias_example_alias_producer_with_no_taskflow to None, run_after=None
[2025-01-14T18:17:58.580-0500] {logging_mixin.py:190} INFO - [2025-01-14T18:17:58.580-0500] {dag.py:4180} INFO - Setting next_dagrun for dataset_s3_bucket_consumer_with_no_taskflow to None, run_after=None
[2025-01-14T18:17:58.581-0500] {logging_mixin.py:190} INFO - [2025-01-14T18:17:58.581-0500] {dag.py:4180} INFO - Setting next_dagrun for dataset_s3_bucket_producer_with_no_taskflow to None, run_after=None
[2025-01-14T18:17:58.599-0500] {processor.py:208} INFO - Processing /usr/local/lib/python3.10/site-packages/airflow/example_dags/example_dataset_alias_with_no_taskflow.py took 0.263 seconds
[2025-01-14T18:43:37.611-0500] {processor.py:186} INFO - Started process (PID=64293) to work on /usr/local/lib/python3.10/site-packages/airflow/example_dags/example_dataset_alias_with_no_taskflow.py
[2025-01-14T18:43:37.614-0500] {processor.py:914} INFO - Processing file /usr/local/lib/python3.10/site-packages/airflow/example_dags/example_dataset_alias_with_no_taskflow.py for tasks to queue
[2025-01-14T18:43:37.622-0500] {logging_mixin.py:190} INFO - [2025-01-14T18:43:37.622-0500] {dagbag.py:588} INFO - Filling up the DagBag from /usr/local/lib/python3.10/site-packages/airflow/example_dags/example_dataset_alias_with_no_taskflow.py
[2025-01-14T18:43:38.211-0500] {processor.py:925} INFO - DAG(s) 'dataset_s3_bucket_consumer_with_no_taskflow', 'dataset_alias_example_alias_producer_with_no_taskflow', 'dataset_s3_bucket_producer_with_no_taskflow', 'dataset_alias_example_alias_consumer_with_no_taskflow' retrieved from /usr/local/lib/python3.10/site-packages/airflow/example_dags/example_dataset_alias_with_no_taskflow.py
[2025-01-14T18:43:38.362-0500] {logging_mixin.py:190} INFO - [2025-01-14T18:43:38.362-0500] {dag.py:3239} INFO - Sync 4 DAGs
[2025-01-14T18:43:38.398-0500] {logging_mixin.py:190} INFO - [2025-01-14T18:43:38.398-0500] {dag.py:4180} INFO - Setting next_dagrun for dataset_alias_example_alias_consumer_with_no_taskflow to None, run_after=None
[2025-01-14T18:43:38.403-0500] {logging_mixin.py:190} INFO - [2025-01-14T18:43:38.402-0500] {dag.py:4180} INFO - Setting next_dagrun for dataset_alias_example_alias_producer_with_no_taskflow to None, run_after=None
[2025-01-14T18:43:38.404-0500] {logging_mixin.py:190} INFO - [2025-01-14T18:43:38.404-0500] {dag.py:4180} INFO - Setting next_dagrun for dataset_s3_bucket_consumer_with_no_taskflow to None, run_after=None
[2025-01-14T18:43:38.405-0500] {logging_mixin.py:190} INFO - [2025-01-14T18:43:38.405-0500] {dag.py:4180} INFO - Setting next_dagrun for dataset_s3_bucket_producer_with_no_taskflow to None, run_after=None
[2025-01-14T18:43:38.510-0500] {processor.py:208} INFO - Processing /usr/local/lib/python3.10/site-packages/airflow/example_dags/example_dataset_alias_with_no_taskflow.py took 0.867 seconds
[2025-01-14T18:48:48.860-0500] {processor.py:186} INFO - Started process (PID=68166) to work on /usr/local/lib/python3.10/site-packages/airflow/example_dags/example_dataset_alias_with_no_taskflow.py
[2025-01-14T18:48:48.862-0500] {processor.py:914} INFO - Processing file /usr/local/lib/python3.10/site-packages/airflow/example_dags/example_dataset_alias_with_no_taskflow.py for tasks to queue
[2025-01-14T18:48:48.863-0500] {logging_mixin.py:190} INFO - [2025-01-14T18:48:48.863-0500] {dagbag.py:588} INFO - Filling up the DagBag from /usr/local/lib/python3.10/site-packages/airflow/example_dags/example_dataset_alias_with_no_taskflow.py
[2025-01-14T18:48:49.052-0500] {processor.py:925} INFO - DAG(s) 'dataset_s3_bucket_consumer_with_no_taskflow', 'dataset_alias_example_alias_consumer_with_no_taskflow', 'dataset_s3_bucket_producer_with_no_taskflow', 'dataset_alias_example_alias_producer_with_no_taskflow' retrieved from /usr/local/lib/python3.10/site-packages/airflow/example_dags/example_dataset_alias_with_no_taskflow.py
[2025-01-14T18:48:49.074-0500] {logging_mixin.py:190} INFO - [2025-01-14T18:48:49.073-0500] {dag.py:3239} INFO - Sync 4 DAGs
[2025-01-14T18:48:49.091-0500] {logging_mixin.py:190} INFO - [2025-01-14T18:48:49.091-0500] {dag.py:4180} INFO - Setting next_dagrun for dataset_alias_example_alias_consumer_with_no_taskflow to None, run_after=None
[2025-01-14T18:48:49.093-0500] {logging_mixin.py:190} INFO - [2025-01-14T18:48:49.093-0500] {dag.py:4180} INFO - Setting next_dagrun for dataset_alias_example_alias_producer_with_no_taskflow to None, run_after=None
[2025-01-14T18:48:49.094-0500] {logging_mixin.py:190} INFO - [2025-01-14T18:48:49.094-0500] {dag.py:4180} INFO - Setting next_dagrun for dataset_s3_bucket_consumer_with_no_taskflow to None, run_after=None
[2025-01-14T18:48:49.095-0500] {logging_mixin.py:190} INFO - [2025-01-14T18:48:49.095-0500] {dag.py:4180} INFO - Setting next_dagrun for dataset_s3_bucket_producer_with_no_taskflow to None, run_after=None
[2025-01-14T18:48:49.113-0500] {processor.py:208} INFO - Processing /usr/local/lib/python3.10/site-packages/airflow/example_dags/example_dataset_alias_with_no_taskflow.py took 0.257 seconds
[2025-01-14T18:53:22.246-0500] {processor.py:186} INFO - Started process (PID=71310) to work on /usr/local/lib/python3.10/site-packages/airflow/example_dags/example_dataset_alias_with_no_taskflow.py
[2025-01-14T18:53:22.247-0500] {processor.py:914} INFO - Processing file /usr/local/lib/python3.10/site-packages/airflow/example_dags/example_dataset_alias_with_no_taskflow.py for tasks to queue
[2025-01-14T18:53:22.248-0500] {logging_mixin.py:190} INFO - [2025-01-14T18:53:22.248-0500] {dagbag.py:588} INFO - Filling up the DagBag from /usr/local/lib/python3.10/site-packages/airflow/example_dags/example_dataset_alias_with_no_taskflow.py
[2025-01-14T18:53:22.452-0500] {processor.py:925} INFO - DAG(s) 'dataset_s3_bucket_consumer_with_no_taskflow', 'dataset_s3_bucket_producer_with_no_taskflow', 'dataset_alias_example_alias_producer_with_no_taskflow', 'dataset_alias_example_alias_consumer_with_no_taskflow' retrieved from /usr/local/lib/python3.10/site-packages/airflow/example_dags/example_dataset_alias_with_no_taskflow.py
[2025-01-14T18:53:22.474-0500] {logging_mixin.py:190} INFO - [2025-01-14T18:53:22.474-0500] {dag.py:3239} INFO - Sync 4 DAGs
[2025-01-14T18:53:22.492-0500] {logging_mixin.py:190} INFO - [2025-01-14T18:53:22.492-0500] {dag.py:4180} INFO - Setting next_dagrun for dataset_alias_example_alias_consumer_with_no_taskflow to None, run_after=None
[2025-01-14T18:53:22.494-0500] {logging_mixin.py:190} INFO - [2025-01-14T18:53:22.494-0500] {dag.py:4180} INFO - Setting next_dagrun for dataset_alias_example_alias_producer_with_no_taskflow to None, run_after=None
[2025-01-14T18:53:22.495-0500] {logging_mixin.py:190} INFO - [2025-01-14T18:53:22.495-0500] {dag.py:4180} INFO - Setting next_dagrun for dataset_s3_bucket_consumer_with_no_taskflow to None, run_after=None
[2025-01-14T18:53:22.496-0500] {logging_mixin.py:190} INFO - [2025-01-14T18:53:22.496-0500] {dag.py:4180} INFO - Setting next_dagrun for dataset_s3_bucket_producer_with_no_taskflow to None, run_after=None
[2025-01-14T18:53:22.514-0500] {processor.py:208} INFO - Processing /usr/local/lib/python3.10/site-packages/airflow/example_dags/example_dataset_alias_with_no_taskflow.py took 0.272 seconds
[2025-01-14T18:57:59.246-0500] {processor.py:186} INFO - Started process (PID=74525) to work on /usr/local/lib/python3.10/site-packages/airflow/example_dags/example_dataset_alias_with_no_taskflow.py
[2025-01-14T18:57:59.247-0500] {processor.py:914} INFO - Processing file /usr/local/lib/python3.10/site-packages/airflow/example_dags/example_dataset_alias_with_no_taskflow.py for tasks to queue
[2025-01-14T18:57:59.248-0500] {logging_mixin.py:190} INFO - [2025-01-14T18:57:59.248-0500] {dagbag.py:588} INFO - Filling up the DagBag from /usr/local/lib/python3.10/site-packages/airflow/example_dags/example_dataset_alias_with_no_taskflow.py
[2025-01-14T18:57:59.450-0500] {processor.py:925} INFO - DAG(s) 'dataset_alias_example_alias_producer_with_no_taskflow', 'dataset_alias_example_alias_consumer_with_no_taskflow', 'dataset_s3_bucket_producer_with_no_taskflow', 'dataset_s3_bucket_consumer_with_no_taskflow' retrieved from /usr/local/lib/python3.10/site-packages/airflow/example_dags/example_dataset_alias_with_no_taskflow.py
[2025-01-14T18:57:59.472-0500] {logging_mixin.py:190} INFO - [2025-01-14T18:57:59.472-0500] {dag.py:3239} INFO - Sync 4 DAGs
[2025-01-14T18:57:59.489-0500] {logging_mixin.py:190} INFO - [2025-01-14T18:57:59.489-0500] {dag.py:4180} INFO - Setting next_dagrun for dataset_alias_example_alias_consumer_with_no_taskflow to None, run_after=None
[2025-01-14T18:57:59.492-0500] {logging_mixin.py:190} INFO - [2025-01-14T18:57:59.491-0500] {dag.py:4180} INFO - Setting next_dagrun for dataset_alias_example_alias_producer_with_no_taskflow to None, run_after=None
[2025-01-14T18:57:59.492-0500] {logging_mixin.py:190} INFO - [2025-01-14T18:57:59.492-0500] {dag.py:4180} INFO - Setting next_dagrun for dataset_s3_bucket_consumer_with_no_taskflow to None, run_after=None
[2025-01-14T18:57:59.493-0500] {logging_mixin.py:190} INFO - [2025-01-14T18:57:59.493-0500] {dag.py:4180} INFO - Setting next_dagrun for dataset_s3_bucket_producer_with_no_taskflow to None, run_after=None
[2025-01-14T18:57:59.513-0500] {processor.py:208} INFO - Processing /usr/local/lib/python3.10/site-packages/airflow/example_dags/example_dataset_alias_with_no_taskflow.py took 0.271 seconds
