[2025-01-13T19:06:50.480-0500] {processor.py:186} INFO - Started process (PID=48844) to work on /usr/local/lib/python3.10/site-packages/airflow/example_dags/example_outlet_event_extra.py
[2025-01-13T19:06:50.481-0500] {processor.py:914} INFO - Processing file /usr/local/lib/python3.10/site-packages/airflow/example_dags/example_outlet_event_extra.py for tasks to queue
[2025-01-13T19:06:50.482-0500] {logging_mixin.py:190} INFO - [2025-01-13T19:06:50.482-0500] {dagbag.py:588} INFO - Filling up the DagBag from /usr/local/lib/python3.10/site-packages/airflow/example_dags/example_outlet_event_extra.py
[2025-01-13T19:06:50.552-0500] {processor.py:925} INFO - DAG(s) 'dataset_with_extra_by_yield', 'dataset_with_extra_from_classic_operator', 'dataset_with_extra_by_context' retrieved from /usr/local/lib/python3.10/site-packages/airflow/example_dags/example_outlet_event_extra.py
[2025-01-13T19:06:50.702-0500] {logging_mixin.py:190} INFO - [2025-01-13T19:06:50.702-0500] {dag.py:3239} INFO - Sync 3 DAGs
[2025-01-13T19:06:50.717-0500] {logging_mixin.py:190} INFO - [2025-01-13T19:06:50.717-0500] {dag.py:4180} INFO - Setting next_dagrun for dataset_with_extra_by_context to 2025-01-13 00:00:00+00:00, run_after=2025-01-14 00:00:00+00:00
[2025-01-13T19:06:50.720-0500] {logging_mixin.py:190} INFO - [2025-01-13T19:06:50.720-0500] {dag.py:4180} INFO - Setting next_dagrun for dataset_with_extra_by_yield to 2025-01-13 00:00:00+00:00, run_after=2025-01-14 00:00:00+00:00
[2025-01-13T19:06:50.722-0500] {logging_mixin.py:190} INFO - [2025-01-13T19:06:50.722-0500] {dag.py:4180} INFO - Setting next_dagrun for dataset_with_extra_from_classic_operator to 2025-01-13 00:00:00+00:00, run_after=2025-01-14 00:00:00+00:00
[2025-01-13T19:06:50.738-0500] {processor.py:208} INFO - Processing /usr/local/lib/python3.10/site-packages/airflow/example_dags/example_outlet_event_extra.py took 0.262 seconds
[2025-01-13T19:09:26.301-0500] {processor.py:186} INFO - Started process (PID=50607) to work on /usr/local/lib/python3.10/site-packages/airflow/example_dags/example_outlet_event_extra.py
[2025-01-13T19:09:26.302-0500] {processor.py:914} INFO - Processing file /usr/local/lib/python3.10/site-packages/airflow/example_dags/example_outlet_event_extra.py for tasks to queue
[2025-01-13T19:09:26.303-0500] {logging_mixin.py:190} INFO - [2025-01-13T19:09:26.303-0500] {dagbag.py:588} INFO - Filling up the DagBag from /usr/local/lib/python3.10/site-packages/airflow/example_dags/example_outlet_event_extra.py
[2025-01-13T19:09:26.369-0500] {processor.py:925} INFO - DAG(s) 'dataset_with_extra_by_context', 'dataset_with_extra_by_yield', 'dataset_with_extra_from_classic_operator' retrieved from /usr/local/lib/python3.10/site-packages/airflow/example_dags/example_outlet_event_extra.py
[2025-01-13T19:09:26.522-0500] {logging_mixin.py:190} INFO - [2025-01-13T19:09:26.522-0500] {dag.py:3239} INFO - Sync 3 DAGs
[2025-01-13T19:09:26.541-0500] {logging_mixin.py:190} INFO - [2025-01-13T19:09:26.540-0500] {dag.py:4180} INFO - Setting next_dagrun for dataset_with_extra_by_context to 2025-01-13 00:00:00+00:00, run_after=2025-01-14 00:00:00+00:00
[2025-01-13T19:09:26.545-0500] {logging_mixin.py:190} INFO - [2025-01-13T19:09:26.544-0500] {dag.py:4180} INFO - Setting next_dagrun for dataset_with_extra_by_yield to 2025-01-13 00:00:00+00:00, run_after=2025-01-14 00:00:00+00:00
[2025-01-13T19:09:26.547-0500] {logging_mixin.py:190} INFO - [2025-01-13T19:09:26.547-0500] {dag.py:4180} INFO - Setting next_dagrun for dataset_with_extra_from_classic_operator to 2025-01-13 00:00:00+00:00, run_after=2025-01-14 00:00:00+00:00
[2025-01-13T19:09:26.566-0500] {processor.py:208} INFO - Processing /usr/local/lib/python3.10/site-packages/airflow/example_dags/example_outlet_event_extra.py took 0.269 seconds
[2025-01-13T19:21:48.557-0500] {processor.py:186} INFO - Started process (PID=52142) to work on /usr/local/lib/python3.10/site-packages/airflow/example_dags/example_outlet_event_extra.py
[2025-01-13T19:21:48.562-0500] {processor.py:914} INFO - Processing file /usr/local/lib/python3.10/site-packages/airflow/example_dags/example_outlet_event_extra.py for tasks to queue
[2025-01-13T19:21:48.566-0500] {logging_mixin.py:190} INFO - [2025-01-13T19:21:48.565-0500] {dagbag.py:588} INFO - Filling up the DagBag from /usr/local/lib/python3.10/site-packages/airflow/example_dags/example_outlet_event_extra.py
[2025-01-13T19:21:48.867-0500] {processor.py:925} INFO - DAG(s) 'dataset_with_extra_by_yield', 'dataset_with_extra_from_classic_operator', 'dataset_with_extra_by_context' retrieved from /usr/local/lib/python3.10/site-packages/airflow/example_dags/example_outlet_event_extra.py
[2025-01-13T19:21:49.415-0500] {logging_mixin.py:190} INFO - [2025-01-13T19:21:49.414-0500] {dag.py:3239} INFO - Sync 3 DAGs
[2025-01-13T19:21:49.487-0500] {logging_mixin.py:190} INFO - [2025-01-13T19:21:49.487-0500] {dag.py:4180} INFO - Setting next_dagrun for dataset_with_extra_by_context to 2025-01-13 00:00:00+00:00, run_after=2025-01-14 00:00:00+00:00
[2025-01-13T19:21:49.504-0500] {logging_mixin.py:190} INFO - [2025-01-13T19:21:49.503-0500] {dag.py:4180} INFO - Setting next_dagrun for dataset_with_extra_by_yield to 2025-01-13 00:00:00+00:00, run_after=2025-01-14 00:00:00+00:00
[2025-01-13T19:21:49.513-0500] {logging_mixin.py:190} INFO - [2025-01-13T19:21:49.512-0500] {dag.py:4180} INFO - Setting next_dagrun for dataset_with_extra_from_classic_operator to 2025-01-13 00:00:00+00:00, run_after=2025-01-14 00:00:00+00:00
[2025-01-13T19:21:49.580-0500] {processor.py:208} INFO - Processing /usr/local/lib/python3.10/site-packages/airflow/example_dags/example_outlet_event_extra.py took 1.037 seconds
[2025-01-13T20:00:59.463-0500] {processor.py:186} INFO - Started process (PID=55288) to work on /usr/local/lib/python3.10/site-packages/airflow/example_dags/example_outlet_event_extra.py
[2025-01-13T20:00:59.465-0500] {processor.py:914} INFO - Processing file /usr/local/lib/python3.10/site-packages/airflow/example_dags/example_outlet_event_extra.py for tasks to queue
[2025-01-13T20:00:59.466-0500] {logging_mixin.py:190} INFO - [2025-01-13T20:00:59.466-0500] {dagbag.py:588} INFO - Filling up the DagBag from /usr/local/lib/python3.10/site-packages/airflow/example_dags/example_outlet_event_extra.py
[2025-01-13T20:00:59.563-0500] {processor.py:925} INFO - DAG(s) 'dataset_with_extra_from_classic_operator', 'dataset_with_extra_by_context', 'dataset_with_extra_by_yield' retrieved from /usr/local/lib/python3.10/site-packages/airflow/example_dags/example_outlet_event_extra.py
[2025-01-13T20:00:59.728-0500] {logging_mixin.py:190} INFO - [2025-01-13T20:00:59.727-0500] {dag.py:3239} INFO - Sync 3 DAGs
[2025-01-13T20:00:59.746-0500] {logging_mixin.py:190} INFO - [2025-01-13T20:00:59.746-0500] {dag.py:4180} INFO - Setting next_dagrun for dataset_with_extra_by_context to 2025-01-13 00:00:00+00:00, run_after=2025-01-14 00:00:00+00:00
[2025-01-13T20:00:59.750-0500] {logging_mixin.py:190} INFO - [2025-01-13T20:00:59.750-0500] {dag.py:4180} INFO - Setting next_dagrun for dataset_with_extra_by_yield to 2025-01-13 00:00:00+00:00, run_after=2025-01-14 00:00:00+00:00
[2025-01-13T20:00:59.753-0500] {logging_mixin.py:190} INFO - [2025-01-13T20:00:59.752-0500] {dag.py:4180} INFO - Setting next_dagrun for dataset_with_extra_from_classic_operator to 2025-01-13 00:00:00+00:00, run_after=2025-01-14 00:00:00+00:00
[2025-01-13T20:00:59.769-0500] {processor.py:208} INFO - Processing /usr/local/lib/python3.10/site-packages/airflow/example_dags/example_outlet_event_extra.py took 0.311 seconds
