[2025-01-13T19:06:27.866-0500] {processor.py:186} INFO - Started process (PID=48611) to work on /usr/local/lib/python3.10/site-packages/airflow/example_dags/example_setup_teardown.py
[2025-01-13T19:06:27.867-0500] {processor.py:914} INFO - Processing file /usr/local/lib/python3.10/site-packages/airflow/example_dags/example_setup_teardown.py for tasks to queue
[2025-01-13T19:06:27.868-0500] {logging_mixin.py:190} INFO - [2025-01-13T19:06:27.868-0500] {dagbag.py:588} INFO - Filling up the DagBag from /usr/local/lib/python3.10/site-packages/airflow/example_dags/example_setup_teardown.py
[2025-01-13T19:06:27.878-0500] {processor.py:925} INFO - DAG(s) 'example_setup_teardown' retrieved from /usr/local/lib/python3.10/site-packages/airflow/example_dags/example_setup_teardown.py
[2025-01-13T19:06:28.032-0500] {logging_mixin.py:190} INFO - [2025-01-13T19:06:28.032-0500] {dag.py:3239} INFO - Sync 1 DAGs
[2025-01-13T19:06:28.042-0500] {logging_mixin.py:190} INFO - [2025-01-13T19:06:28.042-0500] {dag.py:4180} INFO - Setting next_dagrun for example_setup_teardown to None, run_after=None
[2025-01-13T19:06:28.059-0500] {processor.py:208} INFO - Processing /usr/local/lib/python3.10/site-packages/airflow/example_dags/example_setup_teardown.py took 0.197 seconds
[2025-01-13T19:09:04.185-0500] {processor.py:186} INFO - Started process (PID=50372) to work on /usr/local/lib/python3.10/site-packages/airflow/example_dags/example_setup_teardown.py
[2025-01-13T19:09:04.186-0500] {processor.py:914} INFO - Processing file /usr/local/lib/python3.10/site-packages/airflow/example_dags/example_setup_teardown.py for tasks to queue
[2025-01-13T19:09:04.187-0500] {logging_mixin.py:190} INFO - [2025-01-13T19:09:04.187-0500] {dagbag.py:588} INFO - Filling up the DagBag from /usr/local/lib/python3.10/site-packages/airflow/example_dags/example_setup_teardown.py
[2025-01-13T19:09:04.196-0500] {processor.py:925} INFO - DAG(s) 'example_setup_teardown' retrieved from /usr/local/lib/python3.10/site-packages/airflow/example_dags/example_setup_teardown.py
[2025-01-13T19:09:04.347-0500] {logging_mixin.py:190} INFO - [2025-01-13T19:09:04.347-0500] {dag.py:3239} INFO - Sync 1 DAGs
[2025-01-13T19:09:04.357-0500] {logging_mixin.py:190} INFO - [2025-01-13T19:09:04.357-0500] {dag.py:4180} INFO - Setting next_dagrun for example_setup_teardown to None, run_after=None
[2025-01-13T19:09:04.372-0500] {processor.py:208} INFO - Processing /usr/local/lib/python3.10/site-packages/airflow/example_dags/example_setup_teardown.py took 0.190 seconds
[2025-01-13T19:11:12.826-0500] {processor.py:186} INFO - Started process (PID=51889) to work on /usr/local/lib/python3.10/site-packages/airflow/example_dags/example_setup_teardown.py
[2025-01-13T19:11:12.828-0500] {processor.py:914} INFO - Processing file /usr/local/lib/python3.10/site-packages/airflow/example_dags/example_setup_teardown.py for tasks to queue
[2025-01-13T19:11:12.829-0500] {logging_mixin.py:190} INFO - [2025-01-13T19:11:12.829-0500] {dagbag.py:588} INFO - Filling up the DagBag from /usr/local/lib/python3.10/site-packages/airflow/example_dags/example_setup_teardown.py
[2025-01-13T19:11:12.839-0500] {processor.py:925} INFO - DAG(s) 'example_setup_teardown' retrieved from /usr/local/lib/python3.10/site-packages/airflow/example_dags/example_setup_teardown.py
[2025-01-13T19:11:12.986-0500] {logging_mixin.py:190} INFO - [2025-01-13T19:11:12.986-0500] {dag.py:3239} INFO - Sync 1 DAGs
[2025-01-13T19:11:12.995-0500] {logging_mixin.py:190} INFO - [2025-01-13T19:11:12.995-0500] {dag.py:4180} INFO - Setting next_dagrun for example_setup_teardown to None, run_after=None
[2025-01-13T19:11:13.011-0500] {processor.py:208} INFO - Processing /usr/local/lib/python3.10/site-packages/airflow/example_dags/example_setup_teardown.py took 0.188 seconds
[2025-01-13T20:00:33.352-0500] {processor.py:186} INFO - Started process (PID=54925) to work on /usr/local/lib/python3.10/site-packages/airflow/example_dags/example_setup_teardown.py
[2025-01-13T20:00:33.355-0500] {processor.py:914} INFO - Processing file /usr/local/lib/python3.10/site-packages/airflow/example_dags/example_setup_teardown.py for tasks to queue
[2025-01-13T20:00:33.357-0500] {logging_mixin.py:190} INFO - [2025-01-13T20:00:33.357-0500] {dagbag.py:588} INFO - Filling up the DagBag from /usr/local/lib/python3.10/site-packages/airflow/example_dags/example_setup_teardown.py
[2025-01-13T20:00:33.371-0500] {processor.py:925} INFO - DAG(s) 'example_setup_teardown' retrieved from /usr/local/lib/python3.10/site-packages/airflow/example_dags/example_setup_teardown.py
[2025-01-13T20:00:33.605-0500] {logging_mixin.py:190} INFO - [2025-01-13T20:00:33.603-0500] {dag.py:3239} INFO - Sync 1 DAGs
[2025-01-13T20:00:33.642-0500] {logging_mixin.py:190} INFO - [2025-01-13T20:00:33.641-0500] {dag.py:4180} INFO - Setting next_dagrun for example_setup_teardown to None, run_after=None
[2025-01-13T20:00:33.686-0500] {processor.py:208} INFO - Processing /usr/local/lib/python3.10/site-packages/airflow/example_dags/example_setup_teardown.py took 0.338 seconds
[2025-01-14T15:54:58.433-0500] {processor.py:186} INFO - Started process (PID=62075) to work on /usr/local/lib/python3.10/site-packages/airflow/example_dags/example_setup_teardown.py
[2025-01-14T15:54:58.435-0500] {processor.py:914} INFO - Processing file /usr/local/lib/python3.10/site-packages/airflow/example_dags/example_setup_teardown.py for tasks to queue
[2025-01-14T15:54:58.436-0500] {logging_mixin.py:190} INFO - [2025-01-14T15:54:58.436-0500] {dagbag.py:588} INFO - Filling up the DagBag from /usr/local/lib/python3.10/site-packages/airflow/example_dags/example_setup_teardown.py
[2025-01-14T15:54:58.447-0500] {processor.py:925} INFO - DAG(s) 'example_setup_teardown' retrieved from /usr/local/lib/python3.10/site-packages/airflow/example_dags/example_setup_teardown.py
[2025-01-14T15:54:58.614-0500] {logging_mixin.py:190} INFO - [2025-01-14T15:54:58.613-0500] {dag.py:3239} INFO - Sync 1 DAGs
[2025-01-14T15:54:58.625-0500] {logging_mixin.py:190} INFO - [2025-01-14T15:54:58.625-0500] {dag.py:4180} INFO - Setting next_dagrun for example_setup_teardown to None, run_after=None
[2025-01-14T15:54:58.641-0500] {processor.py:208} INFO - Processing /usr/local/lib/python3.10/site-packages/airflow/example_dags/example_setup_teardown.py took 0.214 seconds
[2025-01-14T15:58:06.927-0500] {processor.py:186} INFO - Started process (PID=64443) to work on /usr/local/lib/python3.10/site-packages/airflow/example_dags/example_setup_teardown.py
[2025-01-14T15:58:06.930-0500] {processor.py:914} INFO - Processing file /usr/local/lib/python3.10/site-packages/airflow/example_dags/example_setup_teardown.py for tasks to queue
[2025-01-14T15:58:06.931-0500] {logging_mixin.py:190} INFO - [2025-01-14T15:58:06.931-0500] {dagbag.py:588} INFO - Filling up the DagBag from /usr/local/lib/python3.10/site-packages/airflow/example_dags/example_setup_teardown.py
[2025-01-14T15:58:06.944-0500] {processor.py:925} INFO - DAG(s) 'example_setup_teardown' retrieved from /usr/local/lib/python3.10/site-packages/airflow/example_dags/example_setup_teardown.py
[2025-01-14T15:58:07.166-0500] {logging_mixin.py:190} INFO - [2025-01-14T15:58:07.166-0500] {dag.py:3239} INFO - Sync 1 DAGs
[2025-01-14T15:58:07.178-0500] {logging_mixin.py:190} INFO - [2025-01-14T15:58:07.178-0500] {dag.py:4180} INFO - Setting next_dagrun for example_setup_teardown to None, run_after=None
[2025-01-14T15:58:07.217-0500] {processor.py:208} INFO - Processing /usr/local/lib/python3.10/site-packages/airflow/example_dags/example_setup_teardown.py took 0.296 seconds
[2025-01-14T16:00:45.726-0500] {processor.py:186} INFO - Started process (PID=66312) to work on /usr/local/lib/python3.10/site-packages/airflow/example_dags/example_setup_teardown.py
[2025-01-14T16:00:45.728-0500] {processor.py:914} INFO - Processing file /usr/local/lib/python3.10/site-packages/airflow/example_dags/example_setup_teardown.py for tasks to queue
[2025-01-14T16:00:45.729-0500] {logging_mixin.py:190} INFO - [2025-01-14T16:00:45.729-0500] {dagbag.py:588} INFO - Filling up the DagBag from /usr/local/lib/python3.10/site-packages/airflow/example_dags/example_setup_teardown.py
[2025-01-14T16:00:45.742-0500] {processor.py:925} INFO - DAG(s) 'example_setup_teardown' retrieved from /usr/local/lib/python3.10/site-packages/airflow/example_dags/example_setup_teardown.py
[2025-01-14T16:00:45.915-0500] {logging_mixin.py:190} INFO - [2025-01-14T16:00:45.915-0500] {dag.py:3239} INFO - Sync 1 DAGs
[2025-01-14T16:00:45.927-0500] {logging_mixin.py:190} INFO - [2025-01-14T16:00:45.926-0500] {dag.py:4180} INFO - Setting next_dagrun for example_setup_teardown to None, run_after=None
[2025-01-14T16:00:45.944-0500] {processor.py:208} INFO - Processing /usr/local/lib/python3.10/site-packages/airflow/example_dags/example_setup_teardown.py took 0.222 seconds
[2025-01-14T16:03:07.112-0500] {processor.py:186} INFO - Started process (PID=68042) to work on /usr/local/lib/python3.10/site-packages/airflow/example_dags/example_setup_teardown.py
[2025-01-14T16:03:07.115-0500] {processor.py:914} INFO - Processing file /usr/local/lib/python3.10/site-packages/airflow/example_dags/example_setup_teardown.py for tasks to queue
[2025-01-14T16:03:07.116-0500] {logging_mixin.py:190} INFO - [2025-01-14T16:03:07.116-0500] {dagbag.py:588} INFO - Filling up the DagBag from /usr/local/lib/python3.10/site-packages/airflow/example_dags/example_setup_teardown.py
[2025-01-14T16:03:07.127-0500] {processor.py:925} INFO - DAG(s) 'example_setup_teardown' retrieved from /usr/local/lib/python3.10/site-packages/airflow/example_dags/example_setup_teardown.py
[2025-01-14T16:03:07.311-0500] {logging_mixin.py:190} INFO - [2025-01-14T16:03:07.311-0500] {dag.py:3239} INFO - Sync 1 DAGs
[2025-01-14T16:03:07.323-0500] {logging_mixin.py:190} INFO - [2025-01-14T16:03:07.323-0500] {dag.py:4180} INFO - Setting next_dagrun for example_setup_teardown to None, run_after=None
[2025-01-14T16:03:07.341-0500] {processor.py:208} INFO - Processing /usr/local/lib/python3.10/site-packages/airflow/example_dags/example_setup_teardown.py took 0.234 seconds
[2025-01-14T16:05:31.502-0500] {processor.py:186} INFO - Started process (PID=69808) to work on /usr/local/lib/python3.10/site-packages/airflow/example_dags/example_setup_teardown.py
[2025-01-14T16:05:31.503-0500] {processor.py:914} INFO - Processing file /usr/local/lib/python3.10/site-packages/airflow/example_dags/example_setup_teardown.py for tasks to queue
[2025-01-14T16:05:31.505-0500] {logging_mixin.py:190} INFO - [2025-01-14T16:05:31.505-0500] {dagbag.py:588} INFO - Filling up the DagBag from /usr/local/lib/python3.10/site-packages/airflow/example_dags/example_setup_teardown.py
[2025-01-14T16:05:31.518-0500] {processor.py:925} INFO - DAG(s) 'example_setup_teardown' retrieved from /usr/local/lib/python3.10/site-packages/airflow/example_dags/example_setup_teardown.py
[2025-01-14T16:05:31.774-0500] {logging_mixin.py:190} INFO - [2025-01-14T16:05:31.774-0500] {dag.py:3239} INFO - Sync 1 DAGs
[2025-01-14T16:05:31.784-0500] {logging_mixin.py:190} INFO - [2025-01-14T16:05:31.784-0500] {dag.py:4180} INFO - Setting next_dagrun for example_setup_teardown to None, run_after=None
[2025-01-14T16:05:31.801-0500] {processor.py:208} INFO - Processing /usr/local/lib/python3.10/site-packages/airflow/example_dags/example_setup_teardown.py took 0.304 seconds
[2025-01-14T16:07:53.441-0500] {processor.py:186} INFO - Started process (PID=71514) to work on /usr/local/lib/python3.10/site-packages/airflow/example_dags/example_setup_teardown.py
[2025-01-14T16:07:53.443-0500] {processor.py:914} INFO - Processing file /usr/local/lib/python3.10/site-packages/airflow/example_dags/example_setup_teardown.py for tasks to queue
[2025-01-14T16:07:53.444-0500] {logging_mixin.py:190} INFO - [2025-01-14T16:07:53.444-0500] {dagbag.py:588} INFO - Filling up the DagBag from /usr/local/lib/python3.10/site-packages/airflow/example_dags/example_setup_teardown.py
[2025-01-14T16:07:53.455-0500] {processor.py:925} INFO - DAG(s) 'example_setup_teardown' retrieved from /usr/local/lib/python3.10/site-packages/airflow/example_dags/example_setup_teardown.py
[2025-01-14T16:07:53.614-0500] {logging_mixin.py:190} INFO - [2025-01-14T16:07:53.614-0500] {dag.py:3239} INFO - Sync 1 DAGs
[2025-01-14T16:07:53.625-0500] {logging_mixin.py:190} INFO - [2025-01-14T16:07:53.625-0500] {dag.py:4180} INFO - Setting next_dagrun for example_setup_teardown to None, run_after=None
[2025-01-14T16:07:53.642-0500] {processor.py:208} INFO - Processing /usr/local/lib/python3.10/site-packages/airflow/example_dags/example_setup_teardown.py took 0.205 seconds
[2025-01-14T16:10:57.649-0500] {processor.py:186} INFO - Started process (PID=73085) to work on /usr/local/lib/python3.10/site-packages/airflow/example_dags/example_setup_teardown.py
[2025-01-14T16:10:57.650-0500] {processor.py:914} INFO - Processing file /usr/local/lib/python3.10/site-packages/airflow/example_dags/example_setup_teardown.py for tasks to queue
[2025-01-14T16:10:57.651-0500] {logging_mixin.py:190} INFO - [2025-01-14T16:10:57.651-0500] {dagbag.py:588} INFO - Filling up the DagBag from /usr/local/lib/python3.10/site-packages/airflow/example_dags/example_setup_teardown.py
[2025-01-14T16:10:57.663-0500] {processor.py:925} INFO - DAG(s) 'example_setup_teardown' retrieved from /usr/local/lib/python3.10/site-packages/airflow/example_dags/example_setup_teardown.py
[2025-01-14T16:10:57.828-0500] {logging_mixin.py:190} INFO - [2025-01-14T16:10:57.827-0500] {dag.py:3239} INFO - Sync 1 DAGs
[2025-01-14T16:10:57.838-0500] {logging_mixin.py:190} INFO - [2025-01-14T16:10:57.838-0500] {dag.py:4180} INFO - Setting next_dagrun for example_setup_teardown to None, run_after=None
[2025-01-14T16:10:57.854-0500] {processor.py:208} INFO - Processing /usr/local/lib/python3.10/site-packages/airflow/example_dags/example_setup_teardown.py took 0.209 seconds
[2025-01-14T16:13:10.114-0500] {processor.py:186} INFO - Started process (PID=74602) to work on /usr/local/lib/python3.10/site-packages/airflow/example_dags/example_setup_teardown.py
[2025-01-14T16:13:10.116-0500] {processor.py:914} INFO - Processing file /usr/local/lib/python3.10/site-packages/airflow/example_dags/example_setup_teardown.py for tasks to queue
[2025-01-14T16:13:10.117-0500] {logging_mixin.py:190} INFO - [2025-01-14T16:13:10.117-0500] {dagbag.py:588} INFO - Filling up the DagBag from /usr/local/lib/python3.10/site-packages/airflow/example_dags/example_setup_teardown.py
[2025-01-14T16:13:10.129-0500] {processor.py:925} INFO - DAG(s) 'example_setup_teardown' retrieved from /usr/local/lib/python3.10/site-packages/airflow/example_dags/example_setup_teardown.py
[2025-01-14T16:13:10.299-0500] {logging_mixin.py:190} INFO - [2025-01-14T16:13:10.299-0500] {dag.py:3239} INFO - Sync 1 DAGs
[2025-01-14T16:13:10.310-0500] {logging_mixin.py:190} INFO - [2025-01-14T16:13:10.310-0500] {dag.py:4180} INFO - Setting next_dagrun for example_setup_teardown to None, run_after=None
[2025-01-14T16:13:10.327-0500] {processor.py:208} INFO - Processing /usr/local/lib/python3.10/site-packages/airflow/example_dags/example_setup_teardown.py took 0.218 seconds
[2025-01-14T16:15:26.258-0500] {processor.py:186} INFO - Started process (PID=76274) to work on /usr/local/lib/python3.10/site-packages/airflow/example_dags/example_setup_teardown.py
[2025-01-14T16:15:26.260-0500] {processor.py:914} INFO - Processing file /usr/local/lib/python3.10/site-packages/airflow/example_dags/example_setup_teardown.py for tasks to queue
[2025-01-14T16:15:26.261-0500] {logging_mixin.py:190} INFO - [2025-01-14T16:15:26.261-0500] {dagbag.py:588} INFO - Filling up the DagBag from /usr/local/lib/python3.10/site-packages/airflow/example_dags/example_setup_teardown.py
[2025-01-14T16:15:26.272-0500] {processor.py:925} INFO - DAG(s) 'example_setup_teardown' retrieved from /usr/local/lib/python3.10/site-packages/airflow/example_dags/example_setup_teardown.py
[2025-01-14T16:15:26.443-0500] {logging_mixin.py:190} INFO - [2025-01-14T16:15:26.443-0500] {dag.py:3239} INFO - Sync 1 DAGs
[2025-01-14T16:15:26.454-0500] {logging_mixin.py:190} INFO - [2025-01-14T16:15:26.454-0500] {dag.py:4180} INFO - Setting next_dagrun for example_setup_teardown to None, run_after=None
[2025-01-14T16:15:26.471-0500] {processor.py:208} INFO - Processing /usr/local/lib/python3.10/site-packages/airflow/example_dags/example_setup_teardown.py took 0.218 seconds
[2025-01-14T16:17:44.876-0500] {processor.py:186} INFO - Started process (PID=77798) to work on /usr/local/lib/python3.10/site-packages/airflow/example_dags/example_setup_teardown.py
[2025-01-14T16:17:44.878-0500] {processor.py:914} INFO - Processing file /usr/local/lib/python3.10/site-packages/airflow/example_dags/example_setup_teardown.py for tasks to queue
[2025-01-14T16:17:44.879-0500] {logging_mixin.py:190} INFO - [2025-01-14T16:17:44.879-0500] {dagbag.py:588} INFO - Filling up the DagBag from /usr/local/lib/python3.10/site-packages/airflow/example_dags/example_setup_teardown.py
[2025-01-14T16:17:44.890-0500] {processor.py:925} INFO - DAG(s) 'example_setup_teardown' retrieved from /usr/local/lib/python3.10/site-packages/airflow/example_dags/example_setup_teardown.py
[2025-01-14T16:17:45.056-0500] {logging_mixin.py:190} INFO - [2025-01-14T16:17:45.056-0500] {dag.py:3239} INFO - Sync 1 DAGs
[2025-01-14T16:17:45.067-0500] {logging_mixin.py:190} INFO - [2025-01-14T16:17:45.067-0500] {dag.py:4180} INFO - Setting next_dagrun for example_setup_teardown to None, run_after=None
[2025-01-14T16:17:45.083-0500] {processor.py:208} INFO - Processing /usr/local/lib/python3.10/site-packages/airflow/example_dags/example_setup_teardown.py took 0.211 seconds
[2025-01-14T16:20:06.259-0500] {processor.py:186} INFO - Started process (PID=79436) to work on /usr/local/lib/python3.10/site-packages/airflow/example_dags/example_setup_teardown.py
[2025-01-14T16:20:06.261-0500] {processor.py:914} INFO - Processing file /usr/local/lib/python3.10/site-packages/airflow/example_dags/example_setup_teardown.py for tasks to queue
[2025-01-14T16:20:06.262-0500] {logging_mixin.py:190} INFO - [2025-01-14T16:20:06.262-0500] {dagbag.py:588} INFO - Filling up the DagBag from /usr/local/lib/python3.10/site-packages/airflow/example_dags/example_setup_teardown.py
[2025-01-14T16:20:06.273-0500] {processor.py:925} INFO - DAG(s) 'example_setup_teardown' retrieved from /usr/local/lib/python3.10/site-packages/airflow/example_dags/example_setup_teardown.py
[2025-01-14T16:20:06.450-0500] {logging_mixin.py:190} INFO - [2025-01-14T16:20:06.450-0500] {dag.py:3239} INFO - Sync 1 DAGs
[2025-01-14T16:20:06.461-0500] {logging_mixin.py:190} INFO - [2025-01-14T16:20:06.461-0500] {dag.py:4180} INFO - Setting next_dagrun for example_setup_teardown to None, run_after=None
[2025-01-14T16:20:06.480-0500] {processor.py:208} INFO - Processing /usr/local/lib/python3.10/site-packages/airflow/example_dags/example_setup_teardown.py took 0.226 seconds
[2025-01-14T16:22:24.173-0500] {processor.py:186} INFO - Started process (PID=80951) to work on /usr/local/lib/python3.10/site-packages/airflow/example_dags/example_setup_teardown.py
[2025-01-14T16:22:24.175-0500] {processor.py:914} INFO - Processing file /usr/local/lib/python3.10/site-packages/airflow/example_dags/example_setup_teardown.py for tasks to queue
[2025-01-14T16:22:24.176-0500] {logging_mixin.py:190} INFO - [2025-01-14T16:22:24.176-0500] {dagbag.py:588} INFO - Filling up the DagBag from /usr/local/lib/python3.10/site-packages/airflow/example_dags/example_setup_teardown.py
[2025-01-14T16:22:24.187-0500] {processor.py:925} INFO - DAG(s) 'example_setup_teardown' retrieved from /usr/local/lib/python3.10/site-packages/airflow/example_dags/example_setup_teardown.py
[2025-01-14T16:22:24.348-0500] {logging_mixin.py:190} INFO - [2025-01-14T16:22:24.348-0500] {dag.py:3239} INFO - Sync 1 DAGs
[2025-01-14T16:22:24.359-0500] {logging_mixin.py:190} INFO - [2025-01-14T16:22:24.358-0500] {dag.py:4180} INFO - Setting next_dagrun for example_setup_teardown to None, run_after=None
[2025-01-14T16:22:24.378-0500] {processor.py:208} INFO - Processing /usr/local/lib/python3.10/site-packages/airflow/example_dags/example_setup_teardown.py took 0.209 seconds
[2025-01-14T16:24:31.945-0500] {processor.py:186} INFO - Started process (PID=82469) to work on /usr/local/lib/python3.10/site-packages/airflow/example_dags/example_setup_teardown.py
[2025-01-14T16:24:31.947-0500] {processor.py:914} INFO - Processing file /usr/local/lib/python3.10/site-packages/airflow/example_dags/example_setup_teardown.py for tasks to queue
[2025-01-14T16:24:31.948-0500] {logging_mixin.py:190} INFO - [2025-01-14T16:24:31.948-0500] {dagbag.py:588} INFO - Filling up the DagBag from /usr/local/lib/python3.10/site-packages/airflow/example_dags/example_setup_teardown.py
[2025-01-14T16:24:31.958-0500] {processor.py:925} INFO - DAG(s) 'example_setup_teardown' retrieved from /usr/local/lib/python3.10/site-packages/airflow/example_dags/example_setup_teardown.py
[2025-01-14T16:24:32.117-0500] {logging_mixin.py:190} INFO - [2025-01-14T16:24:32.117-0500] {dag.py:3239} INFO - Sync 1 DAGs
[2025-01-14T16:24:32.127-0500] {logging_mixin.py:190} INFO - [2025-01-14T16:24:32.127-0500] {dag.py:4180} INFO - Setting next_dagrun for example_setup_teardown to None, run_after=None
[2025-01-14T16:24:32.142-0500] {processor.py:208} INFO - Processing /usr/local/lib/python3.10/site-packages/airflow/example_dags/example_setup_teardown.py took 0.201 seconds
[2025-01-14T16:26:46.343-0500] {processor.py:186} INFO - Started process (PID=83986) to work on /usr/local/lib/python3.10/site-packages/airflow/example_dags/example_setup_teardown.py
[2025-01-14T16:26:46.346-0500] {processor.py:914} INFO - Processing file /usr/local/lib/python3.10/site-packages/airflow/example_dags/example_setup_teardown.py for tasks to queue
[2025-01-14T16:26:46.347-0500] {logging_mixin.py:190} INFO - [2025-01-14T16:26:46.347-0500] {dagbag.py:588} INFO - Filling up the DagBag from /usr/local/lib/python3.10/site-packages/airflow/example_dags/example_setup_teardown.py
[2025-01-14T16:26:46.358-0500] {processor.py:925} INFO - DAG(s) 'example_setup_teardown' retrieved from /usr/local/lib/python3.10/site-packages/airflow/example_dags/example_setup_teardown.py
[2025-01-14T16:26:46.527-0500] {logging_mixin.py:190} INFO - [2025-01-14T16:26:46.526-0500] {dag.py:3239} INFO - Sync 1 DAGs
[2025-01-14T16:26:46.538-0500] {logging_mixin.py:190} INFO - [2025-01-14T16:26:46.538-0500] {dag.py:4180} INFO - Setting next_dagrun for example_setup_teardown to None, run_after=None
[2025-01-14T16:26:46.558-0500] {processor.py:208} INFO - Processing /usr/local/lib/python3.10/site-packages/airflow/example_dags/example_setup_teardown.py took 0.219 seconds
[2025-01-14T16:29:09.670-0500] {processor.py:186} INFO - Started process (PID=85642) to work on /usr/local/lib/python3.10/site-packages/airflow/example_dags/example_setup_teardown.py
[2025-01-14T16:29:09.672-0500] {processor.py:914} INFO - Processing file /usr/local/lib/python3.10/site-packages/airflow/example_dags/example_setup_teardown.py for tasks to queue
[2025-01-14T16:29:09.674-0500] {logging_mixin.py:190} INFO - [2025-01-14T16:29:09.673-0500] {dagbag.py:588} INFO - Filling up the DagBag from /usr/local/lib/python3.10/site-packages/airflow/example_dags/example_setup_teardown.py
[2025-01-14T16:29:09.685-0500] {processor.py:925} INFO - DAG(s) 'example_setup_teardown' retrieved from /usr/local/lib/python3.10/site-packages/airflow/example_dags/example_setup_teardown.py
[2025-01-14T16:29:09.861-0500] {logging_mixin.py:190} INFO - [2025-01-14T16:29:09.861-0500] {dag.py:3239} INFO - Sync 1 DAGs
[2025-01-14T16:29:09.873-0500] {logging_mixin.py:190} INFO - [2025-01-14T16:29:09.873-0500] {dag.py:4180} INFO - Setting next_dagrun for example_setup_teardown to None, run_after=None
[2025-01-14T16:29:09.890-0500] {processor.py:208} INFO - Processing /usr/local/lib/python3.10/site-packages/airflow/example_dags/example_setup_teardown.py took 0.224 seconds
[2025-01-14T16:31:35.535-0500] {processor.py:186} INFO - Started process (PID=87275) to work on /usr/local/lib/python3.10/site-packages/airflow/example_dags/example_setup_teardown.py
[2025-01-14T16:31:35.537-0500] {processor.py:914} INFO - Processing file /usr/local/lib/python3.10/site-packages/airflow/example_dags/example_setup_teardown.py for tasks to queue
[2025-01-14T16:31:35.538-0500] {logging_mixin.py:190} INFO - [2025-01-14T16:31:35.538-0500] {dagbag.py:588} INFO - Filling up the DagBag from /usr/local/lib/python3.10/site-packages/airflow/example_dags/example_setup_teardown.py
[2025-01-14T16:31:35.550-0500] {processor.py:925} INFO - DAG(s) 'example_setup_teardown' retrieved from /usr/local/lib/python3.10/site-packages/airflow/example_dags/example_setup_teardown.py
[2025-01-14T16:31:35.732-0500] {logging_mixin.py:190} INFO - [2025-01-14T16:31:35.732-0500] {dag.py:3239} INFO - Sync 1 DAGs
[2025-01-14T16:31:35.744-0500] {logging_mixin.py:190} INFO - [2025-01-14T16:31:35.744-0500] {dag.py:4180} INFO - Setting next_dagrun for example_setup_teardown to None, run_after=None
[2025-01-14T16:31:35.762-0500] {processor.py:208} INFO - Processing /usr/local/lib/python3.10/site-packages/airflow/example_dags/example_setup_teardown.py took 0.231 seconds
[2025-01-14T16:33:58.846-0500] {processor.py:186} INFO - Started process (PID=88912) to work on /usr/local/lib/python3.10/site-packages/airflow/example_dags/example_setup_teardown.py
[2025-01-14T16:33:58.848-0500] {processor.py:914} INFO - Processing file /usr/local/lib/python3.10/site-packages/airflow/example_dags/example_setup_teardown.py for tasks to queue
[2025-01-14T16:33:58.849-0500] {logging_mixin.py:190} INFO - [2025-01-14T16:33:58.849-0500] {dagbag.py:588} INFO - Filling up the DagBag from /usr/local/lib/python3.10/site-packages/airflow/example_dags/example_setup_teardown.py
[2025-01-14T16:33:58.862-0500] {processor.py:925} INFO - DAG(s) 'example_setup_teardown' retrieved from /usr/local/lib/python3.10/site-packages/airflow/example_dags/example_setup_teardown.py
[2025-01-14T16:33:59.029-0500] {logging_mixin.py:190} INFO - [2025-01-14T16:33:59.028-0500] {dag.py:3239} INFO - Sync 1 DAGs
[2025-01-14T16:33:59.040-0500] {logging_mixin.py:190} INFO - [2025-01-14T16:33:59.040-0500] {dag.py:4180} INFO - Setting next_dagrun for example_setup_teardown to None, run_after=None
[2025-01-14T16:33:59.057-0500] {processor.py:208} INFO - Processing /usr/local/lib/python3.10/site-packages/airflow/example_dags/example_setup_teardown.py took 0.216 seconds
[2025-01-14T16:36:46.973-0500] {processor.py:186} INFO - Started process (PID=90765) to work on /usr/local/lib/python3.10/site-packages/airflow/example_dags/example_setup_teardown.py
[2025-01-14T16:36:46.975-0500] {processor.py:914} INFO - Processing file /usr/local/lib/python3.10/site-packages/airflow/example_dags/example_setup_teardown.py for tasks to queue
[2025-01-14T16:36:46.977-0500] {logging_mixin.py:190} INFO - [2025-01-14T16:36:46.977-0500] {dagbag.py:588} INFO - Filling up the DagBag from /usr/local/lib/python3.10/site-packages/airflow/example_dags/example_setup_teardown.py
[2025-01-14T16:36:46.994-0500] {processor.py:925} INFO - DAG(s) 'example_setup_teardown' retrieved from /usr/local/lib/python3.10/site-packages/airflow/example_dags/example_setup_teardown.py
[2025-01-14T16:36:47.239-0500] {logging_mixin.py:190} INFO - [2025-01-14T16:36:47.239-0500] {dag.py:3239} INFO - Sync 1 DAGs
[2025-01-14T16:36:47.257-0500] {logging_mixin.py:190} INFO - [2025-01-14T16:36:47.256-0500] {dag.py:4180} INFO - Setting next_dagrun for example_setup_teardown to None, run_after=None
[2025-01-14T16:36:47.283-0500] {processor.py:208} INFO - Processing /usr/local/lib/python3.10/site-packages/airflow/example_dags/example_setup_teardown.py took 0.316 seconds
[2025-01-14T16:39:46.825-0500] {processor.py:186} INFO - Started process (PID=92740) to work on /usr/local/lib/python3.10/site-packages/airflow/example_dags/example_setup_teardown.py
[2025-01-14T16:39:46.826-0500] {processor.py:914} INFO - Processing file /usr/local/lib/python3.10/site-packages/airflow/example_dags/example_setup_teardown.py for tasks to queue
[2025-01-14T16:39:46.827-0500] {logging_mixin.py:190} INFO - [2025-01-14T16:39:46.827-0500] {dagbag.py:588} INFO - Filling up the DagBag from /usr/local/lib/python3.10/site-packages/airflow/example_dags/example_setup_teardown.py
[2025-01-14T16:39:46.838-0500] {processor.py:925} INFO - DAG(s) 'example_setup_teardown' retrieved from /usr/local/lib/python3.10/site-packages/airflow/example_dags/example_setup_teardown.py
[2025-01-14T16:39:47.009-0500] {logging_mixin.py:190} INFO - [2025-01-14T16:39:47.009-0500] {dag.py:3239} INFO - Sync 1 DAGs
[2025-01-14T16:39:47.021-0500] {logging_mixin.py:190} INFO - [2025-01-14T16:39:47.021-0500] {dag.py:4180} INFO - Setting next_dagrun for example_setup_teardown to None, run_after=None
[2025-01-14T16:39:47.040-0500] {processor.py:208} INFO - Processing /usr/local/lib/python3.10/site-packages/airflow/example_dags/example_setup_teardown.py took 0.220 seconds
[2025-01-14T16:42:17.924-0500] {processor.py:186} INFO - Started process (PID=94486) to work on /usr/local/lib/python3.10/site-packages/airflow/example_dags/example_setup_teardown.py
[2025-01-14T16:42:17.926-0500] {processor.py:914} INFO - Processing file /usr/local/lib/python3.10/site-packages/airflow/example_dags/example_setup_teardown.py for tasks to queue
[2025-01-14T16:42:17.927-0500] {logging_mixin.py:190} INFO - [2025-01-14T16:42:17.927-0500] {dagbag.py:588} INFO - Filling up the DagBag from /usr/local/lib/python3.10/site-packages/airflow/example_dags/example_setup_teardown.py
[2025-01-14T16:42:17.939-0500] {processor.py:925} INFO - DAG(s) 'example_setup_teardown' retrieved from /usr/local/lib/python3.10/site-packages/airflow/example_dags/example_setup_teardown.py
[2025-01-14T16:42:18.281-0500] {logging_mixin.py:190} INFO - [2025-01-14T16:42:18.281-0500] {dag.py:3239} INFO - Sync 1 DAGs
[2025-01-14T16:42:18.294-0500] {logging_mixin.py:190} INFO - [2025-01-14T16:42:18.293-0500] {dag.py:4180} INFO - Setting next_dagrun for example_setup_teardown to None, run_after=None
[2025-01-14T16:42:18.311-0500] {processor.py:208} INFO - Processing /usr/local/lib/python3.10/site-packages/airflow/example_dags/example_setup_teardown.py took 0.391 seconds
[2025-01-14T16:44:31.250-0500] {processor.py:186} INFO - Started process (PID=96044) to work on /usr/local/lib/python3.10/site-packages/airflow/example_dags/example_setup_teardown.py
[2025-01-14T16:44:31.251-0500] {processor.py:914} INFO - Processing file /usr/local/lib/python3.10/site-packages/airflow/example_dags/example_setup_teardown.py for tasks to queue
[2025-01-14T16:44:31.252-0500] {logging_mixin.py:190} INFO - [2025-01-14T16:44:31.252-0500] {dagbag.py:588} INFO - Filling up the DagBag from /usr/local/lib/python3.10/site-packages/airflow/example_dags/example_setup_teardown.py
[2025-01-14T16:44:31.262-0500] {processor.py:925} INFO - DAG(s) 'example_setup_teardown' retrieved from /usr/local/lib/python3.10/site-packages/airflow/example_dags/example_setup_teardown.py
[2025-01-14T16:44:31.428-0500] {logging_mixin.py:190} INFO - [2025-01-14T16:44:31.427-0500] {dag.py:3239} INFO - Sync 1 DAGs
[2025-01-14T16:44:31.439-0500] {logging_mixin.py:190} INFO - [2025-01-14T16:44:31.439-0500] {dag.py:4180} INFO - Setting next_dagrun for example_setup_teardown to None, run_after=None
[2025-01-14T16:44:31.457-0500] {processor.py:208} INFO - Processing /usr/local/lib/python3.10/site-packages/airflow/example_dags/example_setup_teardown.py took 0.212 seconds
[2025-01-14T16:46:55.075-0500] {processor.py:186} INFO - Started process (PID=97688) to work on /usr/local/lib/python3.10/site-packages/airflow/example_dags/example_setup_teardown.py
[2025-01-14T16:46:55.076-0500] {processor.py:914} INFO - Processing file /usr/local/lib/python3.10/site-packages/airflow/example_dags/example_setup_teardown.py for tasks to queue
[2025-01-14T16:46:55.077-0500] {logging_mixin.py:190} INFO - [2025-01-14T16:46:55.077-0500] {dagbag.py:588} INFO - Filling up the DagBag from /usr/local/lib/python3.10/site-packages/airflow/example_dags/example_setup_teardown.py
[2025-01-14T16:46:55.087-0500] {processor.py:925} INFO - DAG(s) 'example_setup_teardown' retrieved from /usr/local/lib/python3.10/site-packages/airflow/example_dags/example_setup_teardown.py
[2025-01-14T16:46:55.248-0500] {logging_mixin.py:190} INFO - [2025-01-14T16:46:55.248-0500] {dag.py:3239} INFO - Sync 1 DAGs
[2025-01-14T16:46:55.259-0500] {logging_mixin.py:190} INFO - [2025-01-14T16:46:55.259-0500] {dag.py:4180} INFO - Setting next_dagrun for example_setup_teardown to None, run_after=None
[2025-01-14T16:46:55.277-0500] {processor.py:208} INFO - Processing /usr/local/lib/python3.10/site-packages/airflow/example_dags/example_setup_teardown.py took 0.206 seconds
[2025-01-14T16:49:17.142-0500] {processor.py:186} INFO - Started process (PID=99325) to work on /usr/local/lib/python3.10/site-packages/airflow/example_dags/example_setup_teardown.py
[2025-01-14T16:49:17.143-0500] {processor.py:914} INFO - Processing file /usr/local/lib/python3.10/site-packages/airflow/example_dags/example_setup_teardown.py for tasks to queue
[2025-01-14T16:49:17.145-0500] {logging_mixin.py:190} INFO - [2025-01-14T16:49:17.144-0500] {dagbag.py:588} INFO - Filling up the DagBag from /usr/local/lib/python3.10/site-packages/airflow/example_dags/example_setup_teardown.py
[2025-01-14T16:49:17.155-0500] {processor.py:925} INFO - DAG(s) 'example_setup_teardown' retrieved from /usr/local/lib/python3.10/site-packages/airflow/example_dags/example_setup_teardown.py
[2025-01-14T16:49:17.324-0500] {logging_mixin.py:190} INFO - [2025-01-14T16:49:17.324-0500] {dag.py:3239} INFO - Sync 1 DAGs
[2025-01-14T16:49:17.335-0500] {logging_mixin.py:190} INFO - [2025-01-14T16:49:17.335-0500] {dag.py:4180} INFO - Setting next_dagrun for example_setup_teardown to None, run_after=None
[2025-01-14T16:49:17.352-0500] {processor.py:208} INFO - Processing /usr/local/lib/python3.10/site-packages/airflow/example_dags/example_setup_teardown.py took 0.214 seconds
[2025-01-14T16:51:50.022-0500] {processor.py:186} INFO - Started process (PID=1717) to work on /usr/local/lib/python3.10/site-packages/airflow/example_dags/example_setup_teardown.py
[2025-01-14T16:51:50.024-0500] {processor.py:914} INFO - Processing file /usr/local/lib/python3.10/site-packages/airflow/example_dags/example_setup_teardown.py for tasks to queue
[2025-01-14T16:51:50.025-0500] {logging_mixin.py:190} INFO - [2025-01-14T16:51:50.025-0500] {dagbag.py:588} INFO - Filling up the DagBag from /usr/local/lib/python3.10/site-packages/airflow/example_dags/example_setup_teardown.py
[2025-01-14T16:51:50.036-0500] {processor.py:925} INFO - DAG(s) 'example_setup_teardown' retrieved from /usr/local/lib/python3.10/site-packages/airflow/example_dags/example_setup_teardown.py
[2025-01-14T16:51:50.211-0500] {logging_mixin.py:190} INFO - [2025-01-14T16:51:50.211-0500] {dag.py:3239} INFO - Sync 1 DAGs
[2025-01-14T16:51:50.222-0500] {logging_mixin.py:190} INFO - [2025-01-14T16:51:50.222-0500] {dag.py:4180} INFO - Setting next_dagrun for example_setup_teardown to None, run_after=None
[2025-01-14T16:51:50.238-0500] {processor.py:208} INFO - Processing /usr/local/lib/python3.10/site-packages/airflow/example_dags/example_setup_teardown.py took 0.220 seconds
[2025-01-14T16:54:16.484-0500] {processor.py:186} INFO - Started process (PID=3394) to work on /usr/local/lib/python3.10/site-packages/airflow/example_dags/example_setup_teardown.py
[2025-01-14T16:54:16.486-0500] {processor.py:914} INFO - Processing file /usr/local/lib/python3.10/site-packages/airflow/example_dags/example_setup_teardown.py for tasks to queue
[2025-01-14T16:54:16.487-0500] {logging_mixin.py:190} INFO - [2025-01-14T16:54:16.487-0500] {dagbag.py:588} INFO - Filling up the DagBag from /usr/local/lib/python3.10/site-packages/airflow/example_dags/example_setup_teardown.py
[2025-01-14T16:54:16.499-0500] {processor.py:925} INFO - DAG(s) 'example_setup_teardown' retrieved from /usr/local/lib/python3.10/site-packages/airflow/example_dags/example_setup_teardown.py
[2025-01-14T16:54:16.678-0500] {logging_mixin.py:190} INFO - [2025-01-14T16:54:16.678-0500] {dag.py:3239} INFO - Sync 1 DAGs
[2025-01-14T16:54:16.690-0500] {logging_mixin.py:190} INFO - [2025-01-14T16:54:16.689-0500] {dag.py:4180} INFO - Setting next_dagrun for example_setup_teardown to None, run_after=None
[2025-01-14T16:54:16.707-0500] {processor.py:208} INFO - Processing /usr/local/lib/python3.10/site-packages/airflow/example_dags/example_setup_teardown.py took 0.228 seconds
[2025-01-14T16:56:38.065-0500] {processor.py:186} INFO - Started process (PID=5085) to work on /usr/local/lib/python3.10/site-packages/airflow/example_dags/example_setup_teardown.py
[2025-01-14T16:56:38.067-0500] {processor.py:914} INFO - Processing file /usr/local/lib/python3.10/site-packages/airflow/example_dags/example_setup_teardown.py for tasks to queue
[2025-01-14T16:56:38.068-0500] {logging_mixin.py:190} INFO - [2025-01-14T16:56:38.068-0500] {dagbag.py:588} INFO - Filling up the DagBag from /usr/local/lib/python3.10/site-packages/airflow/example_dags/example_setup_teardown.py
[2025-01-14T16:56:38.079-0500] {processor.py:925} INFO - DAG(s) 'example_setup_teardown' retrieved from /usr/local/lib/python3.10/site-packages/airflow/example_dags/example_setup_teardown.py
[2025-01-14T16:56:38.245-0500] {logging_mixin.py:190} INFO - [2025-01-14T16:56:38.245-0500] {dag.py:3239} INFO - Sync 1 DAGs
[2025-01-14T16:56:38.259-0500] {logging_mixin.py:190} INFO - [2025-01-14T16:56:38.258-0500] {dag.py:4180} INFO - Setting next_dagrun for example_setup_teardown to None, run_after=None
[2025-01-14T16:56:38.276-0500] {processor.py:208} INFO - Processing /usr/local/lib/python3.10/site-packages/airflow/example_dags/example_setup_teardown.py took 0.214 seconds
[2025-01-14T16:59:08.695-0500] {processor.py:186} INFO - Started process (PID=6802) to work on /usr/local/lib/python3.10/site-packages/airflow/example_dags/example_setup_teardown.py
[2025-01-14T16:59:08.697-0500] {processor.py:914} INFO - Processing file /usr/local/lib/python3.10/site-packages/airflow/example_dags/example_setup_teardown.py for tasks to queue
[2025-01-14T16:59:08.700-0500] {logging_mixin.py:190} INFO - [2025-01-14T16:59:08.699-0500] {dagbag.py:588} INFO - Filling up the DagBag from /usr/local/lib/python3.10/site-packages/airflow/example_dags/example_setup_teardown.py
[2025-01-14T16:59:08.716-0500] {processor.py:925} INFO - DAG(s) 'example_setup_teardown' retrieved from /usr/local/lib/python3.10/site-packages/airflow/example_dags/example_setup_teardown.py
[2025-01-14T16:59:09.056-0500] {logging_mixin.py:190} INFO - [2025-01-14T16:59:09.056-0500] {dag.py:3239} INFO - Sync 1 DAGs
[2025-01-14T16:59:09.070-0500] {logging_mixin.py:190} INFO - [2025-01-14T16:59:09.069-0500] {dag.py:4180} INFO - Setting next_dagrun for example_setup_teardown to None, run_after=None
[2025-01-14T16:59:09.090-0500] {processor.py:208} INFO - Processing /usr/local/lib/python3.10/site-packages/airflow/example_dags/example_setup_teardown.py took 0.401 seconds
[2025-01-14T17:02:17.173-0500] {processor.py:186} INFO - Started process (PID=9058) to work on /usr/local/lib/python3.10/site-packages/airflow/example_dags/example_setup_teardown.py
[2025-01-14T17:02:17.176-0500] {processor.py:914} INFO - Processing file /usr/local/lib/python3.10/site-packages/airflow/example_dags/example_setup_teardown.py for tasks to queue
[2025-01-14T17:02:17.177-0500] {logging_mixin.py:190} INFO - [2025-01-14T17:02:17.177-0500] {dagbag.py:588} INFO - Filling up the DagBag from /usr/local/lib/python3.10/site-packages/airflow/example_dags/example_setup_teardown.py
[2025-01-14T17:02:17.190-0500] {processor.py:925} INFO - DAG(s) 'example_setup_teardown' retrieved from /usr/local/lib/python3.10/site-packages/airflow/example_dags/example_setup_teardown.py
[2025-01-14T17:02:17.385-0500] {logging_mixin.py:190} INFO - [2025-01-14T17:02:17.385-0500] {dag.py:3239} INFO - Sync 1 DAGs
[2025-01-14T17:02:17.398-0500] {logging_mixin.py:190} INFO - [2025-01-14T17:02:17.398-0500] {dag.py:4180} INFO - Setting next_dagrun for example_setup_teardown to None, run_after=None
[2025-01-14T17:02:17.422-0500] {processor.py:208} INFO - Processing /usr/local/lib/python3.10/site-packages/airflow/example_dags/example_setup_teardown.py took 0.260 seconds
[2025-01-14T17:05:08.457-0500] {processor.py:186} INFO - Started process (PID=11115) to work on /usr/local/lib/python3.10/site-packages/airflow/example_dags/example_setup_teardown.py
[2025-01-14T17:05:08.459-0500] {processor.py:914} INFO - Processing file /usr/local/lib/python3.10/site-packages/airflow/example_dags/example_setup_teardown.py for tasks to queue
[2025-01-14T17:05:08.460-0500] {logging_mixin.py:190} INFO - [2025-01-14T17:05:08.460-0500] {dagbag.py:588} INFO - Filling up the DagBag from /usr/local/lib/python3.10/site-packages/airflow/example_dags/example_setup_teardown.py
[2025-01-14T17:05:08.472-0500] {processor.py:925} INFO - DAG(s) 'example_setup_teardown' retrieved from /usr/local/lib/python3.10/site-packages/airflow/example_dags/example_setup_teardown.py
[2025-01-14T17:05:08.637-0500] {logging_mixin.py:190} INFO - [2025-01-14T17:05:08.637-0500] {dag.py:3239} INFO - Sync 1 DAGs
[2025-01-14T17:05:08.649-0500] {logging_mixin.py:190} INFO - [2025-01-14T17:05:08.648-0500] {dag.py:4180} INFO - Setting next_dagrun for example_setup_teardown to None, run_after=None
[2025-01-14T17:05:08.665-0500] {processor.py:208} INFO - Processing /usr/local/lib/python3.10/site-packages/airflow/example_dags/example_setup_teardown.py took 0.212 seconds
[2025-01-14T17:07:50.675-0500] {processor.py:186} INFO - Started process (PID=12891) to work on /usr/local/lib/python3.10/site-packages/airflow/example_dags/example_setup_teardown.py
[2025-01-14T17:07:50.678-0500] {processor.py:914} INFO - Processing file /usr/local/lib/python3.10/site-packages/airflow/example_dags/example_setup_teardown.py for tasks to queue
[2025-01-14T17:07:50.679-0500] {logging_mixin.py:190} INFO - [2025-01-14T17:07:50.679-0500] {dagbag.py:588} INFO - Filling up the DagBag from /usr/local/lib/python3.10/site-packages/airflow/example_dags/example_setup_teardown.py
[2025-01-14T17:07:50.694-0500] {processor.py:925} INFO - DAG(s) 'example_setup_teardown' retrieved from /usr/local/lib/python3.10/site-packages/airflow/example_dags/example_setup_teardown.py
[2025-01-14T17:07:50.909-0500] {logging_mixin.py:190} INFO - [2025-01-14T17:07:50.908-0500] {dag.py:3239} INFO - Sync 1 DAGs
[2025-01-14T17:07:50.922-0500] {logging_mixin.py:190} INFO - [2025-01-14T17:07:50.921-0500] {dag.py:4180} INFO - Setting next_dagrun for example_setup_teardown to None, run_after=None
[2025-01-14T17:07:50.945-0500] {processor.py:208} INFO - Processing /usr/local/lib/python3.10/site-packages/airflow/example_dags/example_setup_teardown.py took 0.276 seconds
[2025-01-14T17:10:36.994-0500] {processor.py:186} INFO - Started process (PID=14789) to work on /usr/local/lib/python3.10/site-packages/airflow/example_dags/example_setup_teardown.py
[2025-01-14T17:10:36.995-0500] {processor.py:914} INFO - Processing file /usr/local/lib/python3.10/site-packages/airflow/example_dags/example_setup_teardown.py for tasks to queue
[2025-01-14T17:10:36.998-0500] {logging_mixin.py:190} INFO - [2025-01-14T17:10:36.997-0500] {dagbag.py:588} INFO - Filling up the DagBag from /usr/local/lib/python3.10/site-packages/airflow/example_dags/example_setup_teardown.py
[2025-01-14T17:10:37.011-0500] {processor.py:925} INFO - DAG(s) 'example_setup_teardown' retrieved from /usr/local/lib/python3.10/site-packages/airflow/example_dags/example_setup_teardown.py
[2025-01-14T17:10:37.200-0500] {logging_mixin.py:190} INFO - [2025-01-14T17:10:37.200-0500] {dag.py:3239} INFO - Sync 1 DAGs
[2025-01-14T17:10:37.213-0500] {logging_mixin.py:190} INFO - [2025-01-14T17:10:37.213-0500] {dag.py:4180} INFO - Setting next_dagrun for example_setup_teardown to None, run_after=None
[2025-01-14T17:10:37.232-0500] {processor.py:208} INFO - Processing /usr/local/lib/python3.10/site-packages/airflow/example_dags/example_setup_teardown.py took 0.244 seconds
[2025-01-14T17:13:05.291-0500] {processor.py:186} INFO - Started process (PID=16543) to work on /usr/local/lib/python3.10/site-packages/airflow/example_dags/example_setup_teardown.py
[2025-01-14T17:13:05.293-0500] {processor.py:914} INFO - Processing file /usr/local/lib/python3.10/site-packages/airflow/example_dags/example_setup_teardown.py for tasks to queue
[2025-01-14T17:13:05.294-0500] {logging_mixin.py:190} INFO - [2025-01-14T17:13:05.294-0500] {dagbag.py:588} INFO - Filling up the DagBag from /usr/local/lib/python3.10/site-packages/airflow/example_dags/example_setup_teardown.py
[2025-01-14T17:13:05.306-0500] {processor.py:925} INFO - DAG(s) 'example_setup_teardown' retrieved from /usr/local/lib/python3.10/site-packages/airflow/example_dags/example_setup_teardown.py
[2025-01-14T17:13:05.483-0500] {logging_mixin.py:190} INFO - [2025-01-14T17:13:05.483-0500] {dag.py:3239} INFO - Sync 1 DAGs
[2025-01-14T17:13:05.495-0500] {logging_mixin.py:190} INFO - [2025-01-14T17:13:05.495-0500] {dag.py:4180} INFO - Setting next_dagrun for example_setup_teardown to None, run_after=None
[2025-01-14T17:13:05.513-0500] {processor.py:208} INFO - Processing /usr/local/lib/python3.10/site-packages/airflow/example_dags/example_setup_teardown.py took 0.226 seconds
[2025-01-14T17:15:26.227-0500] {processor.py:186} INFO - Started process (PID=18190) to work on /usr/local/lib/python3.10/site-packages/airflow/example_dags/example_setup_teardown.py
[2025-01-14T17:15:26.228-0500] {processor.py:914} INFO - Processing file /usr/local/lib/python3.10/site-packages/airflow/example_dags/example_setup_teardown.py for tasks to queue
[2025-01-14T17:15:26.229-0500] {logging_mixin.py:190} INFO - [2025-01-14T17:15:26.229-0500] {dagbag.py:588} INFO - Filling up the DagBag from /usr/local/lib/python3.10/site-packages/airflow/example_dags/example_setup_teardown.py
[2025-01-14T17:15:26.239-0500] {processor.py:925} INFO - DAG(s) 'example_setup_teardown' retrieved from /usr/local/lib/python3.10/site-packages/airflow/example_dags/example_setup_teardown.py
[2025-01-14T17:15:26.394-0500] {logging_mixin.py:190} INFO - [2025-01-14T17:15:26.394-0500] {dag.py:3239} INFO - Sync 1 DAGs
[2025-01-14T17:15:26.404-0500] {logging_mixin.py:190} INFO - [2025-01-14T17:15:26.404-0500] {dag.py:4180} INFO - Setting next_dagrun for example_setup_teardown to None, run_after=None
[2025-01-14T17:15:26.421-0500] {processor.py:208} INFO - Processing /usr/local/lib/python3.10/site-packages/airflow/example_dags/example_setup_teardown.py took 0.198 seconds
[2025-01-14T17:17:44.606-0500] {processor.py:186} INFO - Started process (PID=19711) to work on /usr/local/lib/python3.10/site-packages/airflow/example_dags/example_setup_teardown.py
[2025-01-14T17:17:44.607-0500] {processor.py:914} INFO - Processing file /usr/local/lib/python3.10/site-packages/airflow/example_dags/example_setup_teardown.py for tasks to queue
[2025-01-14T17:17:44.608-0500] {logging_mixin.py:190} INFO - [2025-01-14T17:17:44.608-0500] {dagbag.py:588} INFO - Filling up the DagBag from /usr/local/lib/python3.10/site-packages/airflow/example_dags/example_setup_teardown.py
[2025-01-14T17:17:44.620-0500] {processor.py:925} INFO - DAG(s) 'example_setup_teardown' retrieved from /usr/local/lib/python3.10/site-packages/airflow/example_dags/example_setup_teardown.py
[2025-01-14T17:17:44.782-0500] {logging_mixin.py:190} INFO - [2025-01-14T17:17:44.782-0500] {dag.py:3239} INFO - Sync 1 DAGs
[2025-01-14T17:17:44.792-0500] {logging_mixin.py:190} INFO - [2025-01-14T17:17:44.792-0500] {dag.py:4180} INFO - Setting next_dagrun for example_setup_teardown to None, run_after=None
[2025-01-14T17:17:44.809-0500] {processor.py:208} INFO - Processing /usr/local/lib/python3.10/site-packages/airflow/example_dags/example_setup_teardown.py took 0.207 seconds
[2025-01-14T17:20:02.408-0500] {processor.py:186} INFO - Started process (PID=21248) to work on /usr/local/lib/python3.10/site-packages/airflow/example_dags/example_setup_teardown.py
[2025-01-14T17:20:02.411-0500] {processor.py:914} INFO - Processing file /usr/local/lib/python3.10/site-packages/airflow/example_dags/example_setup_teardown.py for tasks to queue
[2025-01-14T17:20:02.415-0500] {logging_mixin.py:190} INFO - [2025-01-14T17:20:02.414-0500] {dagbag.py:588} INFO - Filling up the DagBag from /usr/local/lib/python3.10/site-packages/airflow/example_dags/example_setup_teardown.py
[2025-01-14T17:20:02.429-0500] {processor.py:925} INFO - DAG(s) 'example_setup_teardown' retrieved from /usr/local/lib/python3.10/site-packages/airflow/example_dags/example_setup_teardown.py
[2025-01-14T17:20:02.635-0500] {logging_mixin.py:190} INFO - [2025-01-14T17:20:02.635-0500] {dag.py:3239} INFO - Sync 1 DAGs
[2025-01-14T17:20:02.647-0500] {logging_mixin.py:190} INFO - [2025-01-14T17:20:02.646-0500] {dag.py:4180} INFO - Setting next_dagrun for example_setup_teardown to None, run_after=None
[2025-01-14T17:20:02.667-0500] {processor.py:208} INFO - Processing /usr/local/lib/python3.10/site-packages/airflow/example_dags/example_setup_teardown.py took 0.263 seconds
[2025-01-14T17:22:24.240-0500] {processor.py:186} INFO - Started process (PID=22881) to work on /usr/local/lib/python3.10/site-packages/airflow/example_dags/example_setup_teardown.py
[2025-01-14T17:22:24.242-0500] {processor.py:914} INFO - Processing file /usr/local/lib/python3.10/site-packages/airflow/example_dags/example_setup_teardown.py for tasks to queue
[2025-01-14T17:22:24.244-0500] {logging_mixin.py:190} INFO - [2025-01-14T17:22:24.243-0500] {dagbag.py:588} INFO - Filling up the DagBag from /usr/local/lib/python3.10/site-packages/airflow/example_dags/example_setup_teardown.py
[2025-01-14T17:22:24.255-0500] {processor.py:925} INFO - DAG(s) 'example_setup_teardown' retrieved from /usr/local/lib/python3.10/site-packages/airflow/example_dags/example_setup_teardown.py
[2025-01-14T17:22:24.431-0500] {logging_mixin.py:190} INFO - [2025-01-14T17:22:24.431-0500] {dag.py:3239} INFO - Sync 1 DAGs
[2025-01-14T17:22:24.443-0500] {logging_mixin.py:190} INFO - [2025-01-14T17:22:24.443-0500] {dag.py:4180} INFO - Setting next_dagrun for example_setup_teardown to None, run_after=None
[2025-01-14T17:22:24.462-0500] {processor.py:208} INFO - Processing /usr/local/lib/python3.10/site-packages/airflow/example_dags/example_setup_teardown.py took 0.226 seconds
[2025-01-14T17:24:47.050-0500] {processor.py:186} INFO - Started process (PID=24518) to work on /usr/local/lib/python3.10/site-packages/airflow/example_dags/example_setup_teardown.py
[2025-01-14T17:24:47.052-0500] {processor.py:914} INFO - Processing file /usr/local/lib/python3.10/site-packages/airflow/example_dags/example_setup_teardown.py for tasks to queue
[2025-01-14T17:24:47.053-0500] {logging_mixin.py:190} INFO - [2025-01-14T17:24:47.053-0500] {dagbag.py:588} INFO - Filling up the DagBag from /usr/local/lib/python3.10/site-packages/airflow/example_dags/example_setup_teardown.py
[2025-01-14T17:24:47.064-0500] {processor.py:925} INFO - DAG(s) 'example_setup_teardown' retrieved from /usr/local/lib/python3.10/site-packages/airflow/example_dags/example_setup_teardown.py
[2025-01-14T17:24:47.243-0500] {logging_mixin.py:190} INFO - [2025-01-14T17:24:47.243-0500] {dag.py:3239} INFO - Sync 1 DAGs
[2025-01-14T17:24:47.255-0500] {logging_mixin.py:190} INFO - [2025-01-14T17:24:47.255-0500] {dag.py:4180} INFO - Setting next_dagrun for example_setup_teardown to None, run_after=None
[2025-01-14T17:24:47.273-0500] {processor.py:208} INFO - Processing /usr/local/lib/python3.10/site-packages/airflow/example_dags/example_setup_teardown.py took 0.227 seconds
[2025-01-14T17:27:10.645-0500] {processor.py:186} INFO - Started process (PID=26163) to work on /usr/local/lib/python3.10/site-packages/airflow/example_dags/example_setup_teardown.py
[2025-01-14T17:27:10.647-0500] {processor.py:914} INFO - Processing file /usr/local/lib/python3.10/site-packages/airflow/example_dags/example_setup_teardown.py for tasks to queue
[2025-01-14T17:27:10.648-0500] {logging_mixin.py:190} INFO - [2025-01-14T17:27:10.648-0500] {dagbag.py:588} INFO - Filling up the DagBag from /usr/local/lib/python3.10/site-packages/airflow/example_dags/example_setup_teardown.py
[2025-01-14T17:27:10.659-0500] {processor.py:925} INFO - DAG(s) 'example_setup_teardown' retrieved from /usr/local/lib/python3.10/site-packages/airflow/example_dags/example_setup_teardown.py
[2025-01-14T17:27:10.832-0500] {logging_mixin.py:190} INFO - [2025-01-14T17:27:10.832-0500] {dag.py:3239} INFO - Sync 1 DAGs
[2025-01-14T17:27:10.843-0500] {logging_mixin.py:190} INFO - [2025-01-14T17:27:10.843-0500] {dag.py:4180} INFO - Setting next_dagrun for example_setup_teardown to None, run_after=None
[2025-01-14T17:27:10.860-0500] {processor.py:208} INFO - Processing /usr/local/lib/python3.10/site-packages/airflow/example_dags/example_setup_teardown.py took 0.220 seconds
[2025-01-14T17:29:33.305-0500] {processor.py:186} INFO - Started process (PID=27808) to work on /usr/local/lib/python3.10/site-packages/airflow/example_dags/example_setup_teardown.py
[2025-01-14T17:29:33.307-0500] {processor.py:914} INFO - Processing file /usr/local/lib/python3.10/site-packages/airflow/example_dags/example_setup_teardown.py for tasks to queue
[2025-01-14T17:29:33.308-0500] {logging_mixin.py:190} INFO - [2025-01-14T17:29:33.308-0500] {dagbag.py:588} INFO - Filling up the DagBag from /usr/local/lib/python3.10/site-packages/airflow/example_dags/example_setup_teardown.py
[2025-01-14T17:29:33.319-0500] {processor.py:925} INFO - DAG(s) 'example_setup_teardown' retrieved from /usr/local/lib/python3.10/site-packages/airflow/example_dags/example_setup_teardown.py
[2025-01-14T17:29:33.486-0500] {logging_mixin.py:190} INFO - [2025-01-14T17:29:33.486-0500] {dag.py:3239} INFO - Sync 1 DAGs
[2025-01-14T17:29:33.497-0500] {logging_mixin.py:190} INFO - [2025-01-14T17:29:33.497-0500] {dag.py:4180} INFO - Setting next_dagrun for example_setup_teardown to None, run_after=None
[2025-01-14T17:29:33.512-0500] {processor.py:208} INFO - Processing /usr/local/lib/python3.10/site-packages/airflow/example_dags/example_setup_teardown.py took 0.212 seconds
[2025-01-14T17:31:54.160-0500] {processor.py:186} INFO - Started process (PID=29441) to work on /usr/local/lib/python3.10/site-packages/airflow/example_dags/example_setup_teardown.py
[2025-01-14T17:31:54.161-0500] {processor.py:914} INFO - Processing file /usr/local/lib/python3.10/site-packages/airflow/example_dags/example_setup_teardown.py for tasks to queue
[2025-01-14T17:31:54.162-0500] {logging_mixin.py:190} INFO - [2025-01-14T17:31:54.162-0500] {dagbag.py:588} INFO - Filling up the DagBag from /usr/local/lib/python3.10/site-packages/airflow/example_dags/example_setup_teardown.py
[2025-01-14T17:31:54.171-0500] {processor.py:925} INFO - DAG(s) 'example_setup_teardown' retrieved from /usr/local/lib/python3.10/site-packages/airflow/example_dags/example_setup_teardown.py
[2025-01-14T17:31:54.332-0500] {logging_mixin.py:190} INFO - [2025-01-14T17:31:54.332-0500] {dag.py:3239} INFO - Sync 1 DAGs
[2025-01-14T17:31:54.342-0500] {logging_mixin.py:190} INFO - [2025-01-14T17:31:54.342-0500] {dag.py:4180} INFO - Setting next_dagrun for example_setup_teardown to None, run_after=None
[2025-01-14T17:31:54.358-0500] {processor.py:208} INFO - Processing /usr/local/lib/python3.10/site-packages/airflow/example_dags/example_setup_teardown.py took 0.202 seconds
[2025-01-14T17:34:13.576-0500] {processor.py:186} INFO - Started process (PID=30968) to work on /usr/local/lib/python3.10/site-packages/airflow/example_dags/example_setup_teardown.py
[2025-01-14T17:34:13.577-0500] {processor.py:914} INFO - Processing file /usr/local/lib/python3.10/site-packages/airflow/example_dags/example_setup_teardown.py for tasks to queue
[2025-01-14T17:34:13.578-0500] {logging_mixin.py:190} INFO - [2025-01-14T17:34:13.578-0500] {dagbag.py:588} INFO - Filling up the DagBag from /usr/local/lib/python3.10/site-packages/airflow/example_dags/example_setup_teardown.py
[2025-01-14T17:34:13.588-0500] {processor.py:925} INFO - DAG(s) 'example_setup_teardown' retrieved from /usr/local/lib/python3.10/site-packages/airflow/example_dags/example_setup_teardown.py
[2025-01-14T17:34:13.755-0500] {logging_mixin.py:190} INFO - [2025-01-14T17:34:13.755-0500] {dag.py:3239} INFO - Sync 1 DAGs
[2025-01-14T17:34:13.766-0500] {logging_mixin.py:190} INFO - [2025-01-14T17:34:13.766-0500] {dag.py:4180} INFO - Setting next_dagrun for example_setup_teardown to None, run_after=None
[2025-01-14T17:34:13.792-0500] {processor.py:208} INFO - Processing /usr/local/lib/python3.10/site-packages/airflow/example_dags/example_setup_teardown.py took 0.220 seconds
[2025-01-14T17:36:25.530-0500] {processor.py:186} INFO - Started process (PID=32525) to work on /usr/local/lib/python3.10/site-packages/airflow/example_dags/example_setup_teardown.py
[2025-01-14T17:36:25.531-0500] {processor.py:914} INFO - Processing file /usr/local/lib/python3.10/site-packages/airflow/example_dags/example_setup_teardown.py for tasks to queue
[2025-01-14T17:36:25.532-0500] {logging_mixin.py:190} INFO - [2025-01-14T17:36:25.532-0500] {dagbag.py:588} INFO - Filling up the DagBag from /usr/local/lib/python3.10/site-packages/airflow/example_dags/example_setup_teardown.py
[2025-01-14T17:36:25.542-0500] {processor.py:925} INFO - DAG(s) 'example_setup_teardown' retrieved from /usr/local/lib/python3.10/site-packages/airflow/example_dags/example_setup_teardown.py
[2025-01-14T17:36:25.701-0500] {logging_mixin.py:190} INFO - [2025-01-14T17:36:25.701-0500] {dag.py:3239} INFO - Sync 1 DAGs
[2025-01-14T17:36:25.712-0500] {logging_mixin.py:190} INFO - [2025-01-14T17:36:25.712-0500] {dag.py:4180} INFO - Setting next_dagrun for example_setup_teardown to None, run_after=None
[2025-01-14T17:36:25.729-0500] {processor.py:208} INFO - Processing /usr/local/lib/python3.10/site-packages/airflow/example_dags/example_setup_teardown.py took 0.203 seconds
[2025-01-14T17:38:42.491-0500] {processor.py:186} INFO - Started process (PID=34104) to work on /usr/local/lib/python3.10/site-packages/airflow/example_dags/example_setup_teardown.py
[2025-01-14T17:38:42.492-0500] {processor.py:914} INFO - Processing file /usr/local/lib/python3.10/site-packages/airflow/example_dags/example_setup_teardown.py for tasks to queue
[2025-01-14T17:38:42.494-0500] {logging_mixin.py:190} INFO - [2025-01-14T17:38:42.493-0500] {dagbag.py:588} INFO - Filling up the DagBag from /usr/local/lib/python3.10/site-packages/airflow/example_dags/example_setup_teardown.py
[2025-01-14T17:38:42.503-0500] {processor.py:925} INFO - DAG(s) 'example_setup_teardown' retrieved from /usr/local/lib/python3.10/site-packages/airflow/example_dags/example_setup_teardown.py
[2025-01-14T17:38:42.668-0500] {logging_mixin.py:190} INFO - [2025-01-14T17:38:42.667-0500] {dag.py:3239} INFO - Sync 1 DAGs
[2025-01-14T17:38:42.679-0500] {logging_mixin.py:190} INFO - [2025-01-14T17:38:42.679-0500] {dag.py:4180} INFO - Setting next_dagrun for example_setup_teardown to None, run_after=None
[2025-01-14T17:38:42.697-0500] {processor.py:208} INFO - Processing /usr/local/lib/python3.10/site-packages/airflow/example_dags/example_setup_teardown.py took 0.210 seconds
[2025-01-14T17:41:00.234-0500] {processor.py:186} INFO - Started process (PID=35770) to work on /usr/local/lib/python3.10/site-packages/airflow/example_dags/example_setup_teardown.py
[2025-01-14T17:41:00.236-0500] {processor.py:914} INFO - Processing file /usr/local/lib/python3.10/site-packages/airflow/example_dags/example_setup_teardown.py for tasks to queue
[2025-01-14T17:41:00.237-0500] {logging_mixin.py:190} INFO - [2025-01-14T17:41:00.237-0500] {dagbag.py:588} INFO - Filling up the DagBag from /usr/local/lib/python3.10/site-packages/airflow/example_dags/example_setup_teardown.py
[2025-01-14T17:41:00.249-0500] {processor.py:925} INFO - DAG(s) 'example_setup_teardown' retrieved from /usr/local/lib/python3.10/site-packages/airflow/example_dags/example_setup_teardown.py
[2025-01-14T17:41:00.438-0500] {logging_mixin.py:190} INFO - [2025-01-14T17:41:00.438-0500] {dag.py:3239} INFO - Sync 1 DAGs
[2025-01-14T17:41:00.449-0500] {logging_mixin.py:190} INFO - [2025-01-14T17:41:00.449-0500] {dag.py:4180} INFO - Setting next_dagrun for example_setup_teardown to None, run_after=None
[2025-01-14T17:41:00.466-0500] {processor.py:208} INFO - Processing /usr/local/lib/python3.10/site-packages/airflow/example_dags/example_setup_teardown.py took 0.236 seconds
[2025-01-14T17:43:10.500-0500] {processor.py:186} INFO - Started process (PID=37268) to work on /usr/local/lib/python3.10/site-packages/airflow/example_dags/example_setup_teardown.py
[2025-01-14T17:43:10.502-0500] {processor.py:914} INFO - Processing file /usr/local/lib/python3.10/site-packages/airflow/example_dags/example_setup_teardown.py for tasks to queue
[2025-01-14T17:43:10.503-0500] {logging_mixin.py:190} INFO - [2025-01-14T17:43:10.503-0500] {dagbag.py:588} INFO - Filling up the DagBag from /usr/local/lib/python3.10/site-packages/airflow/example_dags/example_setup_teardown.py
[2025-01-14T17:43:10.514-0500] {processor.py:925} INFO - DAG(s) 'example_setup_teardown' retrieved from /usr/local/lib/python3.10/site-packages/airflow/example_dags/example_setup_teardown.py
[2025-01-14T17:43:10.683-0500] {logging_mixin.py:190} INFO - [2025-01-14T17:43:10.683-0500] {dag.py:3239} INFO - Sync 1 DAGs
[2025-01-14T17:43:10.694-0500] {logging_mixin.py:190} INFO - [2025-01-14T17:43:10.694-0500] {dag.py:4180} INFO - Setting next_dagrun for example_setup_teardown to None, run_after=None
[2025-01-14T17:43:10.712-0500] {processor.py:208} INFO - Processing /usr/local/lib/python3.10/site-packages/airflow/example_dags/example_setup_teardown.py took 0.217 seconds
[2025-01-14T17:45:26.877-0500] {processor.py:186} INFO - Started process (PID=38791) to work on /usr/local/lib/python3.10/site-packages/airflow/example_dags/example_setup_teardown.py
[2025-01-14T17:45:26.878-0500] {processor.py:914} INFO - Processing file /usr/local/lib/python3.10/site-packages/airflow/example_dags/example_setup_teardown.py for tasks to queue
[2025-01-14T17:45:26.879-0500] {logging_mixin.py:190} INFO - [2025-01-14T17:45:26.879-0500] {dagbag.py:588} INFO - Filling up the DagBag from /usr/local/lib/python3.10/site-packages/airflow/example_dags/example_setup_teardown.py
[2025-01-14T17:45:26.889-0500] {processor.py:925} INFO - DAG(s) 'example_setup_teardown' retrieved from /usr/local/lib/python3.10/site-packages/airflow/example_dags/example_setup_teardown.py
[2025-01-14T17:45:27.050-0500] {logging_mixin.py:190} INFO - [2025-01-14T17:45:27.050-0500] {dag.py:3239} INFO - Sync 1 DAGs
[2025-01-14T17:45:27.061-0500] {logging_mixin.py:190} INFO - [2025-01-14T17:45:27.061-0500] {dag.py:4180} INFO - Setting next_dagrun for example_setup_teardown to None, run_after=None
[2025-01-14T17:45:27.078-0500] {processor.py:208} INFO - Processing /usr/local/lib/python3.10/site-packages/airflow/example_dags/example_setup_teardown.py took 0.205 seconds
[2025-01-14T17:47:42.525-0500] {processor.py:186} INFO - Started process (PID=40432) to work on /usr/local/lib/python3.10/site-packages/airflow/example_dags/example_setup_teardown.py
[2025-01-14T17:47:42.526-0500] {processor.py:914} INFO - Processing file /usr/local/lib/python3.10/site-packages/airflow/example_dags/example_setup_teardown.py for tasks to queue
[2025-01-14T17:47:42.527-0500] {logging_mixin.py:190} INFO - [2025-01-14T17:47:42.527-0500] {dagbag.py:588} INFO - Filling up the DagBag from /usr/local/lib/python3.10/site-packages/airflow/example_dags/example_setup_teardown.py
[2025-01-14T17:47:42.537-0500] {processor.py:925} INFO - DAG(s) 'example_setup_teardown' retrieved from /usr/local/lib/python3.10/site-packages/airflow/example_dags/example_setup_teardown.py
[2025-01-14T17:47:42.700-0500] {logging_mixin.py:190} INFO - [2025-01-14T17:47:42.700-0500] {dag.py:3239} INFO - Sync 1 DAGs
[2025-01-14T17:47:42.711-0500] {logging_mixin.py:190} INFO - [2025-01-14T17:47:42.711-0500] {dag.py:4180} INFO - Setting next_dagrun for example_setup_teardown to None, run_after=None
[2025-01-14T17:47:42.728-0500] {processor.py:208} INFO - Processing /usr/local/lib/python3.10/site-packages/airflow/example_dags/example_setup_teardown.py took 0.207 seconds
[2025-01-14T17:49:57.088-0500] {processor.py:186} INFO - Started process (PID=41947) to work on /usr/local/lib/python3.10/site-packages/airflow/example_dags/example_setup_teardown.py
[2025-01-14T17:49:57.090-0500] {processor.py:914} INFO - Processing file /usr/local/lib/python3.10/site-packages/airflow/example_dags/example_setup_teardown.py for tasks to queue
[2025-01-14T17:49:57.091-0500] {logging_mixin.py:190} INFO - [2025-01-14T17:49:57.091-0500] {dagbag.py:588} INFO - Filling up the DagBag from /usr/local/lib/python3.10/site-packages/airflow/example_dags/example_setup_teardown.py
[2025-01-14T17:49:57.101-0500] {processor.py:925} INFO - DAG(s) 'example_setup_teardown' retrieved from /usr/local/lib/python3.10/site-packages/airflow/example_dags/example_setup_teardown.py
[2025-01-14T17:49:57.260-0500] {logging_mixin.py:190} INFO - [2025-01-14T17:49:57.259-0500] {dag.py:3239} INFO - Sync 1 DAGs
[2025-01-14T17:49:57.270-0500] {logging_mixin.py:190} INFO - [2025-01-14T17:49:57.269-0500] {dag.py:4180} INFO - Setting next_dagrun for example_setup_teardown to None, run_after=None
[2025-01-14T17:49:57.285-0500] {processor.py:208} INFO - Processing /usr/local/lib/python3.10/site-packages/airflow/example_dags/example_setup_teardown.py took 0.200 seconds
[2025-01-14T17:52:14.358-0500] {processor.py:186} INFO - Started process (PID=43480) to work on /usr/local/lib/python3.10/site-packages/airflow/example_dags/example_setup_teardown.py
[2025-01-14T17:52:14.360-0500] {processor.py:914} INFO - Processing file /usr/local/lib/python3.10/site-packages/airflow/example_dags/example_setup_teardown.py for tasks to queue
[2025-01-14T17:52:14.361-0500] {logging_mixin.py:190} INFO - [2025-01-14T17:52:14.361-0500] {dagbag.py:588} INFO - Filling up the DagBag from /usr/local/lib/python3.10/site-packages/airflow/example_dags/example_setup_teardown.py
[2025-01-14T17:52:14.371-0500] {processor.py:925} INFO - DAG(s) 'example_setup_teardown' retrieved from /usr/local/lib/python3.10/site-packages/airflow/example_dags/example_setup_teardown.py
[2025-01-14T17:52:14.531-0500] {logging_mixin.py:190} INFO - [2025-01-14T17:52:14.531-0500] {dag.py:3239} INFO - Sync 1 DAGs
[2025-01-14T17:52:14.542-0500] {logging_mixin.py:190} INFO - [2025-01-14T17:52:14.542-0500] {dag.py:4180} INFO - Setting next_dagrun for example_setup_teardown to None, run_after=None
[2025-01-14T17:52:14.557-0500] {processor.py:208} INFO - Processing /usr/local/lib/python3.10/site-packages/airflow/example_dags/example_setup_teardown.py took 0.203 seconds
[2025-01-14T17:54:28.145-0500] {processor.py:186} INFO - Started process (PID=45020) to work on /usr/local/lib/python3.10/site-packages/airflow/example_dags/example_setup_teardown.py
[2025-01-14T17:54:28.147-0500] {processor.py:914} INFO - Processing file /usr/local/lib/python3.10/site-packages/airflow/example_dags/example_setup_teardown.py for tasks to queue
[2025-01-14T17:54:28.148-0500] {logging_mixin.py:190} INFO - [2025-01-14T17:54:28.148-0500] {dagbag.py:588} INFO - Filling up the DagBag from /usr/local/lib/python3.10/site-packages/airflow/example_dags/example_setup_teardown.py
[2025-01-14T17:54:28.159-0500] {processor.py:925} INFO - DAG(s) 'example_setup_teardown' retrieved from /usr/local/lib/python3.10/site-packages/airflow/example_dags/example_setup_teardown.py
[2025-01-14T17:54:28.312-0500] {logging_mixin.py:190} INFO - [2025-01-14T17:54:28.311-0500] {dag.py:3239} INFO - Sync 1 DAGs
[2025-01-14T17:54:28.322-0500] {logging_mixin.py:190} INFO - [2025-01-14T17:54:28.321-0500] {dag.py:4180} INFO - Setting next_dagrun for example_setup_teardown to None, run_after=None
[2025-01-14T17:54:28.336-0500] {processor.py:208} INFO - Processing /usr/local/lib/python3.10/site-packages/airflow/example_dags/example_setup_teardown.py took 0.195 seconds
[2025-01-14T17:56:48.835-0500] {processor.py:186} INFO - Started process (PID=46721) to work on /usr/local/lib/python3.10/site-packages/airflow/example_dags/example_setup_teardown.py
[2025-01-14T17:56:48.837-0500] {processor.py:914} INFO - Processing file /usr/local/lib/python3.10/site-packages/airflow/example_dags/example_setup_teardown.py for tasks to queue
[2025-01-14T17:56:48.838-0500] {logging_mixin.py:190} INFO - [2025-01-14T17:56:48.838-0500] {dagbag.py:588} INFO - Filling up the DagBag from /usr/local/lib/python3.10/site-packages/airflow/example_dags/example_setup_teardown.py
[2025-01-14T17:56:48.849-0500] {processor.py:925} INFO - DAG(s) 'example_setup_teardown' retrieved from /usr/local/lib/python3.10/site-packages/airflow/example_dags/example_setup_teardown.py
[2025-01-14T17:56:49.017-0500] {logging_mixin.py:190} INFO - [2025-01-14T17:56:49.016-0500] {dag.py:3239} INFO - Sync 1 DAGs
[2025-01-14T17:56:49.028-0500] {logging_mixin.py:190} INFO - [2025-01-14T17:56:49.027-0500] {dag.py:4180} INFO - Setting next_dagrun for example_setup_teardown to None, run_after=None
[2025-01-14T17:56:49.043-0500] {processor.py:208} INFO - Processing /usr/local/lib/python3.10/site-packages/airflow/example_dags/example_setup_teardown.py took 0.213 seconds
[2025-01-14T17:59:05.673-0500] {processor.py:186} INFO - Started process (PID=48288) to work on /usr/local/lib/python3.10/site-packages/airflow/example_dags/example_setup_teardown.py
[2025-01-14T17:59:05.674-0500] {processor.py:914} INFO - Processing file /usr/local/lib/python3.10/site-packages/airflow/example_dags/example_setup_teardown.py for tasks to queue
[2025-01-14T17:59:05.676-0500] {logging_mixin.py:190} INFO - [2025-01-14T17:59:05.675-0500] {dagbag.py:588} INFO - Filling up the DagBag from /usr/local/lib/python3.10/site-packages/airflow/example_dags/example_setup_teardown.py
[2025-01-14T17:59:05.686-0500] {processor.py:925} INFO - DAG(s) 'example_setup_teardown' retrieved from /usr/local/lib/python3.10/site-packages/airflow/example_dags/example_setup_teardown.py
[2025-01-14T17:59:05.865-0500] {logging_mixin.py:190} INFO - [2025-01-14T17:59:05.865-0500] {dag.py:3239} INFO - Sync 1 DAGs
[2025-01-14T17:59:05.896-0500] {logging_mixin.py:190} INFO - [2025-01-14T17:59:05.896-0500] {dag.py:4180} INFO - Setting next_dagrun for example_setup_teardown to None, run_after=None
[2025-01-14T17:59:05.933-0500] {processor.py:208} INFO - Processing /usr/local/lib/python3.10/site-packages/airflow/example_dags/example_setup_teardown.py took 0.264 seconds
[2025-01-14T18:01:27.354-0500] {processor.py:186} INFO - Started process (PID=49921) to work on /usr/local/lib/python3.10/site-packages/airflow/example_dags/example_setup_teardown.py
[2025-01-14T18:01:27.356-0500] {processor.py:914} INFO - Processing file /usr/local/lib/python3.10/site-packages/airflow/example_dags/example_setup_teardown.py for tasks to queue
[2025-01-14T18:01:27.357-0500] {logging_mixin.py:190} INFO - [2025-01-14T18:01:27.357-0500] {dagbag.py:588} INFO - Filling up the DagBag from /usr/local/lib/python3.10/site-packages/airflow/example_dags/example_setup_teardown.py
[2025-01-14T18:01:27.368-0500] {processor.py:925} INFO - DAG(s) 'example_setup_teardown' retrieved from /usr/local/lib/python3.10/site-packages/airflow/example_dags/example_setup_teardown.py
[2025-01-14T18:01:27.531-0500] {logging_mixin.py:190} INFO - [2025-01-14T18:01:27.531-0500] {dag.py:3239} INFO - Sync 1 DAGs
[2025-01-14T18:01:27.542-0500] {logging_mixin.py:190} INFO - [2025-01-14T18:01:27.541-0500] {dag.py:4180} INFO - Setting next_dagrun for example_setup_teardown to None, run_after=None
[2025-01-14T18:01:27.559-0500] {processor.py:208} INFO - Processing /usr/local/lib/python3.10/site-packages/airflow/example_dags/example_setup_teardown.py took 0.209 seconds
[2025-01-14T18:03:45.661-0500] {processor.py:186} INFO - Started process (PID=51458) to work on /usr/local/lib/python3.10/site-packages/airflow/example_dags/example_setup_teardown.py
[2025-01-14T18:03:45.662-0500] {processor.py:914} INFO - Processing file /usr/local/lib/python3.10/site-packages/airflow/example_dags/example_setup_teardown.py for tasks to queue
[2025-01-14T18:03:45.663-0500] {logging_mixin.py:190} INFO - [2025-01-14T18:03:45.662-0500] {dagbag.py:588} INFO - Filling up the DagBag from /usr/local/lib/python3.10/site-packages/airflow/example_dags/example_setup_teardown.py
[2025-01-14T18:03:45.671-0500] {processor.py:925} INFO - DAG(s) 'example_setup_teardown' retrieved from /usr/local/lib/python3.10/site-packages/airflow/example_dags/example_setup_teardown.py
[2025-01-14T18:03:45.804-0500] {logging_mixin.py:190} INFO - [2025-01-14T18:03:45.804-0500] {dag.py:3239} INFO - Sync 1 DAGs
[2025-01-14T18:03:45.813-0500] {logging_mixin.py:190} INFO - [2025-01-14T18:03:45.813-0500] {dag.py:4180} INFO - Setting next_dagrun for example_setup_teardown to None, run_after=None
[2025-01-14T18:03:45.826-0500] {processor.py:208} INFO - Processing /usr/local/lib/python3.10/site-packages/airflow/example_dags/example_setup_teardown.py took 0.170 seconds
[2025-01-14T18:06:05.220-0500] {processor.py:186} INFO - Started process (PID=53126) to work on /usr/local/lib/python3.10/site-packages/airflow/example_dags/example_setup_teardown.py
[2025-01-14T18:06:05.222-0500] {processor.py:914} INFO - Processing file /usr/local/lib/python3.10/site-packages/airflow/example_dags/example_setup_teardown.py for tasks to queue
[2025-01-14T18:06:05.223-0500] {logging_mixin.py:190} INFO - [2025-01-14T18:06:05.223-0500] {dagbag.py:588} INFO - Filling up the DagBag from /usr/local/lib/python3.10/site-packages/airflow/example_dags/example_setup_teardown.py
[2025-01-14T18:06:05.234-0500] {processor.py:925} INFO - DAG(s) 'example_setup_teardown' retrieved from /usr/local/lib/python3.10/site-packages/airflow/example_dags/example_setup_teardown.py
[2025-01-14T18:06:05.396-0500] {logging_mixin.py:190} INFO - [2025-01-14T18:06:05.396-0500] {dag.py:3239} INFO - Sync 1 DAGs
[2025-01-14T18:06:05.407-0500] {logging_mixin.py:190} INFO - [2025-01-14T18:06:05.406-0500] {dag.py:4180} INFO - Setting next_dagrun for example_setup_teardown to None, run_after=None
[2025-01-14T18:06:05.423-0500] {processor.py:208} INFO - Processing /usr/local/lib/python3.10/site-packages/airflow/example_dags/example_setup_teardown.py took 0.207 seconds
[2025-01-14T18:08:20.853-0500] {processor.py:186} INFO - Started process (PID=54658) to work on /usr/local/lib/python3.10/site-packages/airflow/example_dags/example_setup_teardown.py
[2025-01-14T18:08:20.855-0500] {processor.py:914} INFO - Processing file /usr/local/lib/python3.10/site-packages/airflow/example_dags/example_setup_teardown.py for tasks to queue
[2025-01-14T18:08:20.856-0500] {logging_mixin.py:190} INFO - [2025-01-14T18:08:20.856-0500] {dagbag.py:588} INFO - Filling up the DagBag from /usr/local/lib/python3.10/site-packages/airflow/example_dags/example_setup_teardown.py
[2025-01-14T18:08:20.866-0500] {processor.py:925} INFO - DAG(s) 'example_setup_teardown' retrieved from /usr/local/lib/python3.10/site-packages/airflow/example_dags/example_setup_teardown.py
[2025-01-14T18:08:21.022-0500] {logging_mixin.py:190} INFO - [2025-01-14T18:08:21.022-0500] {dag.py:3239} INFO - Sync 1 DAGs
[2025-01-14T18:08:21.032-0500] {logging_mixin.py:190} INFO - [2025-01-14T18:08:21.032-0500] {dag.py:4180} INFO - Setting next_dagrun for example_setup_teardown to None, run_after=None
[2025-01-14T18:08:21.048-0500] {processor.py:208} INFO - Processing /usr/local/lib/python3.10/site-packages/airflow/example_dags/example_setup_teardown.py took 0.199 seconds
[2025-01-14T18:10:35.657-0500] {processor.py:186} INFO - Started process (PID=56179) to work on /usr/local/lib/python3.10/site-packages/airflow/example_dags/example_setup_teardown.py
[2025-01-14T18:10:35.659-0500] {processor.py:914} INFO - Processing file /usr/local/lib/python3.10/site-packages/airflow/example_dags/example_setup_teardown.py for tasks to queue
[2025-01-14T18:10:35.660-0500] {logging_mixin.py:190} INFO - [2025-01-14T18:10:35.660-0500] {dagbag.py:588} INFO - Filling up the DagBag from /usr/local/lib/python3.10/site-packages/airflow/example_dags/example_setup_teardown.py
[2025-01-14T18:10:35.673-0500] {processor.py:925} INFO - DAG(s) 'example_setup_teardown' retrieved from /usr/local/lib/python3.10/site-packages/airflow/example_dags/example_setup_teardown.py
[2025-01-14T18:10:36.004-0500] {logging_mixin.py:190} INFO - [2025-01-14T18:10:36.004-0500] {dag.py:3239} INFO - Sync 1 DAGs
[2025-01-14T18:10:36.018-0500] {logging_mixin.py:190} INFO - [2025-01-14T18:10:36.018-0500] {dag.py:4180} INFO - Setting next_dagrun for example_setup_teardown to None, run_after=None
[2025-01-14T18:10:36.039-0500] {processor.py:208} INFO - Processing /usr/local/lib/python3.10/site-packages/airflow/example_dags/example_setup_teardown.py took 0.388 seconds
[2025-01-14T18:12:50.327-0500] {processor.py:186} INFO - Started process (PID=57710) to work on /usr/local/lib/python3.10/site-packages/airflow/example_dags/example_setup_teardown.py
[2025-01-14T18:12:50.329-0500] {processor.py:914} INFO - Processing file /usr/local/lib/python3.10/site-packages/airflow/example_dags/example_setup_teardown.py for tasks to queue
[2025-01-14T18:12:50.330-0500] {logging_mixin.py:190} INFO - [2025-01-14T18:12:50.329-0500] {dagbag.py:588} INFO - Filling up the DagBag from /usr/local/lib/python3.10/site-packages/airflow/example_dags/example_setup_teardown.py
[2025-01-14T18:12:50.339-0500] {processor.py:925} INFO - DAG(s) 'example_setup_teardown' retrieved from /usr/local/lib/python3.10/site-packages/airflow/example_dags/example_setup_teardown.py
[2025-01-14T18:12:50.500-0500] {logging_mixin.py:190} INFO - [2025-01-14T18:12:50.500-0500] {dag.py:3239} INFO - Sync 1 DAGs
[2025-01-14T18:12:50.510-0500] {logging_mixin.py:190} INFO - [2025-01-14T18:12:50.510-0500] {dag.py:4180} INFO - Setting next_dagrun for example_setup_teardown to None, run_after=None
[2025-01-14T18:12:50.526-0500] {processor.py:208} INFO - Processing /usr/local/lib/python3.10/site-packages/airflow/example_dags/example_setup_teardown.py took 0.203 seconds
[2025-01-14T18:15:02.938-0500] {processor.py:186} INFO - Started process (PID=59218) to work on /usr/local/lib/python3.10/site-packages/airflow/example_dags/example_setup_teardown.py
[2025-01-14T18:15:02.940-0500] {processor.py:914} INFO - Processing file /usr/local/lib/python3.10/site-packages/airflow/example_dags/example_setup_teardown.py for tasks to queue
[2025-01-14T18:15:02.941-0500] {logging_mixin.py:190} INFO - [2025-01-14T18:15:02.941-0500] {dagbag.py:588} INFO - Filling up the DagBag from /usr/local/lib/python3.10/site-packages/airflow/example_dags/example_setup_teardown.py
[2025-01-14T18:15:02.951-0500] {processor.py:925} INFO - DAG(s) 'example_setup_teardown' retrieved from /usr/local/lib/python3.10/site-packages/airflow/example_dags/example_setup_teardown.py
[2025-01-14T18:15:03.107-0500] {logging_mixin.py:190} INFO - [2025-01-14T18:15:03.107-0500] {dag.py:3239} INFO - Sync 1 DAGs
[2025-01-14T18:15:03.118-0500] {logging_mixin.py:190} INFO - [2025-01-14T18:15:03.117-0500] {dag.py:4180} INFO - Setting next_dagrun for example_setup_teardown to None, run_after=None
[2025-01-14T18:15:03.134-0500] {processor.py:208} INFO - Processing /usr/local/lib/python3.10/site-packages/airflow/example_dags/example_setup_teardown.py took 0.200 seconds
[2025-01-14T18:17:19.058-0500] {processor.py:186} INFO - Started process (PID=60759) to work on /usr/local/lib/python3.10/site-packages/airflow/example_dags/example_setup_teardown.py
[2025-01-14T18:17:19.059-0500] {processor.py:914} INFO - Processing file /usr/local/lib/python3.10/site-packages/airflow/example_dags/example_setup_teardown.py for tasks to queue
[2025-01-14T18:17:19.060-0500] {logging_mixin.py:190} INFO - [2025-01-14T18:17:19.060-0500] {dagbag.py:588} INFO - Filling up the DagBag from /usr/local/lib/python3.10/site-packages/airflow/example_dags/example_setup_teardown.py
[2025-01-14T18:17:19.071-0500] {processor.py:925} INFO - DAG(s) 'example_setup_teardown' retrieved from /usr/local/lib/python3.10/site-packages/airflow/example_dags/example_setup_teardown.py
[2025-01-14T18:17:19.237-0500] {logging_mixin.py:190} INFO - [2025-01-14T18:17:19.237-0500] {dag.py:3239} INFO - Sync 1 DAGs
[2025-01-14T18:17:19.248-0500] {logging_mixin.py:190} INFO - [2025-01-14T18:17:19.248-0500] {dag.py:4180} INFO - Setting next_dagrun for example_setup_teardown to None, run_after=None
[2025-01-14T18:17:19.266-0500] {processor.py:208} INFO - Processing /usr/local/lib/python3.10/site-packages/airflow/example_dags/example_setup_teardown.py took 0.212 seconds
[2025-01-14T18:19:28.758-0500] {processor.py:186} INFO - Started process (PID=62274) to work on /usr/local/lib/python3.10/site-packages/airflow/example_dags/example_setup_teardown.py
[2025-01-14T18:19:28.760-0500] {processor.py:914} INFO - Processing file /usr/local/lib/python3.10/site-packages/airflow/example_dags/example_setup_teardown.py for tasks to queue
[2025-01-14T18:19:28.761-0500] {logging_mixin.py:190} INFO - [2025-01-14T18:19:28.760-0500] {dagbag.py:588} INFO - Filling up the DagBag from /usr/local/lib/python3.10/site-packages/airflow/example_dags/example_setup_teardown.py
[2025-01-14T18:19:28.770-0500] {processor.py:925} INFO - DAG(s) 'example_setup_teardown' retrieved from /usr/local/lib/python3.10/site-packages/airflow/example_dags/example_setup_teardown.py
[2025-01-14T18:19:28.929-0500] {logging_mixin.py:190} INFO - [2025-01-14T18:19:28.928-0500] {dag.py:3239} INFO - Sync 1 DAGs
[2025-01-14T18:19:28.938-0500] {logging_mixin.py:190} INFO - [2025-01-14T18:19:28.938-0500] {dag.py:4180} INFO - Setting next_dagrun for example_setup_teardown to None, run_after=None
[2025-01-14T18:19:28.954-0500] {processor.py:208} INFO - Processing /usr/local/lib/python3.10/site-packages/airflow/example_dags/example_setup_teardown.py took 0.200 seconds
[2025-01-14T18:21:41.320-0500] {processor.py:186} INFO - Started process (PID=63828) to work on /usr/local/lib/python3.10/site-packages/airflow/example_dags/example_setup_teardown.py
[2025-01-14T18:21:41.323-0500] {processor.py:914} INFO - Processing file /usr/local/lib/python3.10/site-packages/airflow/example_dags/example_setup_teardown.py for tasks to queue
[2025-01-14T18:21:41.324-0500] {logging_mixin.py:190} INFO - [2025-01-14T18:21:41.324-0500] {dagbag.py:588} INFO - Filling up the DagBag from /usr/local/lib/python3.10/site-packages/airflow/example_dags/example_setup_teardown.py
[2025-01-14T18:21:41.334-0500] {processor.py:925} INFO - DAG(s) 'example_setup_teardown' retrieved from /usr/local/lib/python3.10/site-packages/airflow/example_dags/example_setup_teardown.py
[2025-01-14T18:21:41.489-0500] {logging_mixin.py:190} INFO - [2025-01-14T18:21:41.488-0500] {dag.py:3239} INFO - Sync 1 DAGs
[2025-01-14T18:21:41.499-0500] {logging_mixin.py:190} INFO - [2025-01-14T18:21:41.499-0500] {dag.py:4180} INFO - Setting next_dagrun for example_setup_teardown to None, run_after=None
[2025-01-14T18:21:41.514-0500] {processor.py:208} INFO - Processing /usr/local/lib/python3.10/site-packages/airflow/example_dags/example_setup_teardown.py took 0.198 seconds
[2025-01-14T18:45:31.129-0500] {processor.py:186} INFO - Started process (PID=65858) to work on /usr/local/lib/python3.10/site-packages/airflow/example_dags/example_setup_teardown.py
[2025-01-14T18:45:31.131-0500] {processor.py:914} INFO - Processing file /usr/local/lib/python3.10/site-packages/airflow/example_dags/example_setup_teardown.py for tasks to queue
[2025-01-14T18:45:31.132-0500] {logging_mixin.py:190} INFO - [2025-01-14T18:45:31.132-0500] {dagbag.py:588} INFO - Filling up the DagBag from /usr/local/lib/python3.10/site-packages/airflow/example_dags/example_setup_teardown.py
[2025-01-14T18:45:31.144-0500] {processor.py:925} INFO - DAG(s) 'example_setup_teardown' retrieved from /usr/local/lib/python3.10/site-packages/airflow/example_dags/example_setup_teardown.py
[2025-01-14T18:45:31.313-0500] {logging_mixin.py:190} INFO - [2025-01-14T18:45:31.313-0500] {dag.py:3239} INFO - Sync 1 DAGs
[2025-01-14T18:45:31.325-0500] {logging_mixin.py:190} INFO - [2025-01-14T18:45:31.325-0500] {dag.py:4180} INFO - Setting next_dagrun for example_setup_teardown to None, run_after=None
[2025-01-14T18:45:31.342-0500] {processor.py:208} INFO - Processing /usr/local/lib/python3.10/site-packages/airflow/example_dags/example_setup_teardown.py took 0.218 seconds
[2025-01-14T18:48:01.945-0500] {processor.py:186} INFO - Started process (PID=67630) to work on /usr/local/lib/python3.10/site-packages/airflow/example_dags/example_setup_teardown.py
[2025-01-14T18:48:01.947-0500] {processor.py:914} INFO - Processing file /usr/local/lib/python3.10/site-packages/airflow/example_dags/example_setup_teardown.py for tasks to queue
[2025-01-14T18:48:01.948-0500] {logging_mixin.py:190} INFO - [2025-01-14T18:48:01.947-0500] {dagbag.py:588} INFO - Filling up the DagBag from /usr/local/lib/python3.10/site-packages/airflow/example_dags/example_setup_teardown.py
[2025-01-14T18:48:01.958-0500] {processor.py:925} INFO - DAG(s) 'example_setup_teardown' retrieved from /usr/local/lib/python3.10/site-packages/airflow/example_dags/example_setup_teardown.py
[2025-01-14T18:48:02.122-0500] {logging_mixin.py:190} INFO - [2025-01-14T18:48:02.122-0500] {dag.py:3239} INFO - Sync 1 DAGs
[2025-01-14T18:48:02.134-0500] {logging_mixin.py:190} INFO - [2025-01-14T18:48:02.134-0500] {dag.py:4180} INFO - Setting next_dagrun for example_setup_teardown to None, run_after=None
[2025-01-14T18:48:02.152-0500] {processor.py:208} INFO - Processing /usr/local/lib/python3.10/site-packages/airflow/example_dags/example_setup_teardown.py took 0.210 seconds
[2025-01-14T18:50:21.649-0500] {processor.py:186} INFO - Started process (PID=69320) to work on /usr/local/lib/python3.10/site-packages/airflow/example_dags/example_setup_teardown.py
[2025-01-14T18:50:21.651-0500] {processor.py:914} INFO - Processing file /usr/local/lib/python3.10/site-packages/airflow/example_dags/example_setup_teardown.py for tasks to queue
[2025-01-14T18:50:21.652-0500] {logging_mixin.py:190} INFO - [2025-01-14T18:50:21.651-0500] {dagbag.py:588} INFO - Filling up the DagBag from /usr/local/lib/python3.10/site-packages/airflow/example_dags/example_setup_teardown.py
[2025-01-14T18:50:21.661-0500] {processor.py:925} INFO - DAG(s) 'example_setup_teardown' retrieved from /usr/local/lib/python3.10/site-packages/airflow/example_dags/example_setup_teardown.py
[2025-01-14T18:50:21.826-0500] {logging_mixin.py:190} INFO - [2025-01-14T18:50:21.825-0500] {dag.py:3239} INFO - Sync 1 DAGs
[2025-01-14T18:50:21.836-0500] {logging_mixin.py:190} INFO - [2025-01-14T18:50:21.836-0500] {dag.py:4180} INFO - Setting next_dagrun for example_setup_teardown to None, run_after=None
[2025-01-14T18:50:21.852-0500] {processor.py:208} INFO - Processing /usr/local/lib/python3.10/site-packages/airflow/example_dags/example_setup_teardown.py took 0.206 seconds
[2025-01-14T18:52:41.053-0500] {processor.py:186} INFO - Started process (PID=70844) to work on /usr/local/lib/python3.10/site-packages/airflow/example_dags/example_setup_teardown.py
[2025-01-14T18:52:41.055-0500] {processor.py:914} INFO - Processing file /usr/local/lib/python3.10/site-packages/airflow/example_dags/example_setup_teardown.py for tasks to queue
[2025-01-14T18:52:41.057-0500] {logging_mixin.py:190} INFO - [2025-01-14T18:52:41.056-0500] {dagbag.py:588} INFO - Filling up the DagBag from /usr/local/lib/python3.10/site-packages/airflow/example_dags/example_setup_teardown.py
[2025-01-14T18:52:41.068-0500] {processor.py:925} INFO - DAG(s) 'example_setup_teardown' retrieved from /usr/local/lib/python3.10/site-packages/airflow/example_dags/example_setup_teardown.py
[2025-01-14T18:52:41.255-0500] {logging_mixin.py:190} INFO - [2025-01-14T18:52:41.255-0500] {dag.py:3239} INFO - Sync 1 DAGs
[2025-01-14T18:52:41.267-0500] {logging_mixin.py:190} INFO - [2025-01-14T18:52:41.266-0500] {dag.py:4180} INFO - Setting next_dagrun for example_setup_teardown to None, run_after=None
[2025-01-14T18:52:41.285-0500] {processor.py:208} INFO - Processing /usr/local/lib/python3.10/site-packages/airflow/example_dags/example_setup_teardown.py took 0.236 seconds
[2025-01-14T18:54:56.809-0500] {processor.py:186} INFO - Started process (PID=72360) to work on /usr/local/lib/python3.10/site-packages/airflow/example_dags/example_setup_teardown.py
[2025-01-14T18:54:56.811-0500] {processor.py:914} INFO - Processing file /usr/local/lib/python3.10/site-packages/airflow/example_dags/example_setup_teardown.py for tasks to queue
[2025-01-14T18:54:56.812-0500] {logging_mixin.py:190} INFO - [2025-01-14T18:54:56.812-0500] {dagbag.py:588} INFO - Filling up the DagBag from /usr/local/lib/python3.10/site-packages/airflow/example_dags/example_setup_teardown.py
[2025-01-14T18:54:56.822-0500] {processor.py:925} INFO - DAG(s) 'example_setup_teardown' retrieved from /usr/local/lib/python3.10/site-packages/airflow/example_dags/example_setup_teardown.py
[2025-01-14T18:54:56.983-0500] {logging_mixin.py:190} INFO - [2025-01-14T18:54:56.983-0500] {dag.py:3239} INFO - Sync 1 DAGs
[2025-01-14T18:54:56.994-0500] {logging_mixin.py:190} INFO - [2025-01-14T18:54:56.993-0500] {dag.py:4180} INFO - Setting next_dagrun for example_setup_teardown to None, run_after=None
[2025-01-14T18:54:57.010-0500] {processor.py:208} INFO - Processing /usr/local/lib/python3.10/site-packages/airflow/example_dags/example_setup_teardown.py took 0.206 seconds
[2025-01-14T18:57:15.357-0500] {processor.py:186} INFO - Started process (PID=74017) to work on /usr/local/lib/python3.10/site-packages/airflow/example_dags/example_setup_teardown.py
[2025-01-14T18:57:15.359-0500] {processor.py:914} INFO - Processing file /usr/local/lib/python3.10/site-packages/airflow/example_dags/example_setup_teardown.py for tasks to queue
[2025-01-14T18:57:15.361-0500] {logging_mixin.py:190} INFO - [2025-01-14T18:57:15.360-0500] {dagbag.py:588} INFO - Filling up the DagBag from /usr/local/lib/python3.10/site-packages/airflow/example_dags/example_setup_teardown.py
[2025-01-14T18:57:15.371-0500] {processor.py:925} INFO - DAG(s) 'example_setup_teardown' retrieved from /usr/local/lib/python3.10/site-packages/airflow/example_dags/example_setup_teardown.py
[2025-01-14T18:57:15.533-0500] {logging_mixin.py:190} INFO - [2025-01-14T18:57:15.533-0500] {dag.py:3239} INFO - Sync 1 DAGs
[2025-01-14T18:57:15.544-0500] {logging_mixin.py:190} INFO - [2025-01-14T18:57:15.544-0500] {dag.py:4180} INFO - Setting next_dagrun for example_setup_teardown to None, run_after=None
[2025-01-14T18:57:15.560-0500] {processor.py:208} INFO - Processing /usr/local/lib/python3.10/site-packages/airflow/example_dags/example_setup_teardown.py took 0.207 seconds
[2025-01-14T18:59:34.687-0500] {processor.py:186} INFO - Started process (PID=75582) to work on /usr/local/lib/python3.10/site-packages/airflow/example_dags/example_setup_teardown.py
[2025-01-14T18:59:34.688-0500] {processor.py:914} INFO - Processing file /usr/local/lib/python3.10/site-packages/airflow/example_dags/example_setup_teardown.py for tasks to queue
[2025-01-14T18:59:34.689-0500] {logging_mixin.py:190} INFO - [2025-01-14T18:59:34.689-0500] {dagbag.py:588} INFO - Filling up the DagBag from /usr/local/lib/python3.10/site-packages/airflow/example_dags/example_setup_teardown.py
[2025-01-14T18:59:34.701-0500] {processor.py:925} INFO - DAG(s) 'example_setup_teardown' retrieved from /usr/local/lib/python3.10/site-packages/airflow/example_dags/example_setup_teardown.py
[2025-01-14T18:59:34.870-0500] {logging_mixin.py:190} INFO - [2025-01-14T18:59:34.870-0500] {dag.py:3239} INFO - Sync 1 DAGs
[2025-01-14T18:59:34.882-0500] {logging_mixin.py:190} INFO - [2025-01-14T18:59:34.882-0500] {dag.py:4180} INFO - Setting next_dagrun for example_setup_teardown to None, run_after=None
[2025-01-14T18:59:34.898-0500] {processor.py:208} INFO - Processing /usr/local/lib/python3.10/site-packages/airflow/example_dags/example_setup_teardown.py took 0.215 seconds
