[2025-01-13T19:06:22.376-0500] {processor.py:186} INFO - Started process (PID=48501) to work on /usr/local/lib/python3.10/site-packages/airflow/example_dags/example_short_circuit_decorator.py
[2025-01-13T19:06:22.377-0500] {processor.py:914} INFO - Processing file /usr/local/lib/python3.10/site-packages/airflow/example_dags/example_short_circuit_decorator.py for tasks to queue
[2025-01-13T19:06:22.378-0500] {logging_mixin.py:190} INFO - [2025-01-13T19:06:22.378-0500] {dagbag.py:588} INFO - Filling up the DagBag from /usr/local/lib/python3.10/site-packages/airflow/example_dags/example_short_circuit_decorator.py
[2025-01-13T19:06:22.413-0500] {processor.py:925} INFO - DAG(s) 'example_short_circuit_decorator' retrieved from /usr/local/lib/python3.10/site-packages/airflow/example_dags/example_short_circuit_decorator.py
[2025-01-13T19:06:22.581-0500] {logging_mixin.py:190} INFO - [2025-01-13T19:06:22.581-0500] {dag.py:3239} INFO - Sync 1 DAGs
[2025-01-13T19:06:22.593-0500] {logging_mixin.py:190} INFO - [2025-01-13T19:06:22.593-0500] {dag.py:4180} INFO - Setting next_dagrun for example_short_circuit_decorator to None, run_after=None
[2025-01-13T19:06:22.612-0500] {processor.py:208} INFO - Processing /usr/local/lib/python3.10/site-packages/airflow/example_dags/example_short_circuit_decorator.py took 0.240 seconds
[2025-01-13T19:08:58.847-0500] {processor.py:186} INFO - Started process (PID=50255) to work on /usr/local/lib/python3.10/site-packages/airflow/example_dags/example_short_circuit_decorator.py
[2025-01-13T19:08:58.848-0500] {processor.py:914} INFO - Processing file /usr/local/lib/python3.10/site-packages/airflow/example_dags/example_short_circuit_decorator.py for tasks to queue
[2025-01-13T19:08:58.850-0500] {logging_mixin.py:190} INFO - [2025-01-13T19:08:58.849-0500] {dagbag.py:588} INFO - Filling up the DagBag from /usr/local/lib/python3.10/site-packages/airflow/example_dags/example_short_circuit_decorator.py
[2025-01-13T19:08:58.888-0500] {processor.py:925} INFO - DAG(s) 'example_short_circuit_decorator' retrieved from /usr/local/lib/python3.10/site-packages/airflow/example_dags/example_short_circuit_decorator.py
[2025-01-13T19:08:59.039-0500] {logging_mixin.py:190} INFO - [2025-01-13T19:08:59.038-0500] {dag.py:3239} INFO - Sync 1 DAGs
[2025-01-13T19:08:59.049-0500] {logging_mixin.py:190} INFO - [2025-01-13T19:08:59.048-0500] {dag.py:4180} INFO - Setting next_dagrun for example_short_circuit_decorator to None, run_after=None
[2025-01-13T19:08:59.064-0500] {processor.py:208} INFO - Processing /usr/local/lib/python3.10/site-packages/airflow/example_dags/example_short_circuit_decorator.py took 0.221 seconds
[2025-01-13T19:11:07.626-0500] {processor.py:186} INFO - Started process (PID=51775) to work on /usr/local/lib/python3.10/site-packages/airflow/example_dags/example_short_circuit_decorator.py
[2025-01-13T19:11:07.628-0500] {processor.py:914} INFO - Processing file /usr/local/lib/python3.10/site-packages/airflow/example_dags/example_short_circuit_decorator.py for tasks to queue
[2025-01-13T19:11:07.629-0500] {logging_mixin.py:190} INFO - [2025-01-13T19:11:07.629-0500] {dagbag.py:588} INFO - Filling up the DagBag from /usr/local/lib/python3.10/site-packages/airflow/example_dags/example_short_circuit_decorator.py
[2025-01-13T19:11:07.663-0500] {processor.py:925} INFO - DAG(s) 'example_short_circuit_decorator' retrieved from /usr/local/lib/python3.10/site-packages/airflow/example_dags/example_short_circuit_decorator.py
[2025-01-13T19:11:07.809-0500] {logging_mixin.py:190} INFO - [2025-01-13T19:11:07.809-0500] {dag.py:3239} INFO - Sync 1 DAGs
[2025-01-13T19:11:07.818-0500] {logging_mixin.py:190} INFO - [2025-01-13T19:11:07.818-0500] {dag.py:4180} INFO - Setting next_dagrun for example_short_circuit_decorator to None, run_after=None
[2025-01-13T19:11:07.835-0500] {processor.py:208} INFO - Processing /usr/local/lib/python3.10/site-packages/airflow/example_dags/example_short_circuit_decorator.py took 0.213 seconds
[2025-01-13T20:00:25.039-0500] {processor.py:186} INFO - Started process (PID=54810) to work on /usr/local/lib/python3.10/site-packages/airflow/example_dags/example_short_circuit_decorator.py
[2025-01-13T20:00:25.042-0500] {processor.py:914} INFO - Processing file /usr/local/lib/python3.10/site-packages/airflow/example_dags/example_short_circuit_decorator.py for tasks to queue
[2025-01-13T20:00:25.043-0500] {logging_mixin.py:190} INFO - [2025-01-13T20:00:25.043-0500] {dagbag.py:588} INFO - Filling up the DagBag from /usr/local/lib/python3.10/site-packages/airflow/example_dags/example_short_circuit_decorator.py
[2025-01-13T20:00:25.092-0500] {processor.py:925} INFO - DAG(s) 'example_short_circuit_decorator' retrieved from /usr/local/lib/python3.10/site-packages/airflow/example_dags/example_short_circuit_decorator.py
[2025-01-13T20:00:25.313-0500] {logging_mixin.py:190} INFO - [2025-01-13T20:00:25.312-0500] {dag.py:3239} INFO - Sync 1 DAGs
[2025-01-13T20:00:25.329-0500] {logging_mixin.py:190} INFO - [2025-01-13T20:00:25.329-0500] {dag.py:4180} INFO - Setting next_dagrun for example_short_circuit_decorator to None, run_after=None
[2025-01-13T20:00:25.349-0500] {processor.py:208} INFO - Processing /usr/local/lib/python3.10/site-packages/airflow/example_dags/example_short_circuit_decorator.py took 0.315 seconds
[2025-01-14T15:54:49.517-0500] {processor.py:186} INFO - Started process (PID=62060) to work on /usr/local/lib/python3.10/site-packages/airflow/example_dags/example_short_circuit_decorator.py
[2025-01-14T15:54:49.519-0500] {processor.py:914} INFO - Processing file /usr/local/lib/python3.10/site-packages/airflow/example_dags/example_short_circuit_decorator.py for tasks to queue
[2025-01-14T15:54:49.520-0500] {logging_mixin.py:190} INFO - [2025-01-14T15:54:49.520-0500] {dagbag.py:588} INFO - Filling up the DagBag from /usr/local/lib/python3.10/site-packages/airflow/example_dags/example_short_circuit_decorator.py
[2025-01-14T15:54:49.561-0500] {processor.py:925} INFO - DAG(s) 'example_short_circuit_decorator' retrieved from /usr/local/lib/python3.10/site-packages/airflow/example_dags/example_short_circuit_decorator.py
[2025-01-14T15:54:49.728-0500] {logging_mixin.py:190} INFO - [2025-01-14T15:54:49.727-0500] {dag.py:3239} INFO - Sync 1 DAGs
[2025-01-14T15:54:49.739-0500] {logging_mixin.py:190} INFO - [2025-01-14T15:54:49.739-0500] {dag.py:4180} INFO - Setting next_dagrun for example_short_circuit_decorator to None, run_after=None
[2025-01-14T15:54:49.756-0500] {processor.py:208} INFO - Processing /usr/local/lib/python3.10/site-packages/airflow/example_dags/example_short_circuit_decorator.py took 0.244 seconds
