[2025-01-13T19:07:18.637-0500] {processor.py:186} INFO - Started process (PID=49197) to work on /usr/local/lib/python3.10/site-packages/airflow/example_dags/example_datasets.py
[2025-01-13T19:07:18.639-0500] {processor.py:914} INFO - Processing file /usr/local/lib/python3.10/site-packages/airflow/example_dags/example_datasets.py for tasks to queue
[2025-01-13T19:07:18.640-0500] {logging_mixin.py:190} INFO - [2025-01-13T19:07:18.639-0500] {dagbag.py:588} INFO - Filling up the DagBag from /usr/local/lib/python3.10/site-packages/airflow/example_dags/example_datasets.py
[2025-01-13T19:07:18.685-0500] {processor.py:925} INFO - DAG(s) 'conditional_dataset_and_time_based_timetable', 'dataset_produces_2', 'dataset_produces_1', 'consume_1_and_2_with_dataset_expressions', 'consume_1_or_both_2_and_3_with_dataset_expressions', 'consume_1_or_2_with_dataset_expressions', 'dataset_consumes_1_and_2', 'dataset_consumes_1', 'dataset_consumes_unknown_never_scheduled', 'dataset_consumes_1_never_scheduled' retrieved from /usr/local/lib/python3.10/site-packages/airflow/example_dags/example_datasets.py
[2025-01-13T19:07:18.859-0500] {logging_mixin.py:190} INFO - [2025-01-13T19:07:18.859-0500] {dag.py:3239} INFO - Sync 10 DAGs
[2025-01-13T19:07:18.877-0500] {logging_mixin.py:190} INFO - [2025-01-13T19:07:18.877-0500] {dag.py:4180} INFO - Setting next_dagrun for conditional_dataset_and_time_based_timetable to 2025-01-08 01:00:00+00:00, run_after=2025-01-08 01:00:00+00:00
[2025-01-13T19:07:18.880-0500] {logging_mixin.py:190} INFO - [2025-01-13T19:07:18.880-0500] {dag.py:4180} INFO - Setting next_dagrun for consume_1_and_2_with_dataset_expressions to None, run_after=None
[2025-01-13T19:07:18.881-0500] {logging_mixin.py:190} INFO - [2025-01-13T19:07:18.880-0500] {dag.py:4180} INFO - Setting next_dagrun for consume_1_or_2_with_dataset_expressions to None, run_after=None
[2025-01-13T19:07:18.881-0500] {logging_mixin.py:190} INFO - [2025-01-13T19:07:18.881-0500] {dag.py:4180} INFO - Setting next_dagrun for consume_1_or_both_2_and_3_with_dataset_expressions to None, run_after=None
[2025-01-13T19:07:18.882-0500] {logging_mixin.py:190} INFO - [2025-01-13T19:07:18.882-0500] {dag.py:4180} INFO - Setting next_dagrun for dataset_consumes_1 to None, run_after=None
[2025-01-13T19:07:18.883-0500] {logging_mixin.py:190} INFO - [2025-01-13T19:07:18.883-0500] {dag.py:4180} INFO - Setting next_dagrun for dataset_consumes_1_and_2 to None, run_after=None
[2025-01-13T19:07:18.884-0500] {logging_mixin.py:190} INFO - [2025-01-13T19:07:18.884-0500] {dag.py:4180} INFO - Setting next_dagrun for dataset_consumes_1_never_scheduled to None, run_after=None
[2025-01-13T19:07:18.885-0500] {logging_mixin.py:190} INFO - [2025-01-13T19:07:18.885-0500] {dag.py:4180} INFO - Setting next_dagrun for dataset_consumes_unknown_never_scheduled to None, run_after=None
[2025-01-13T19:07:18.887-0500] {logging_mixin.py:190} INFO - [2025-01-13T19:07:18.887-0500] {dag.py:4180} INFO - Setting next_dagrun for dataset_produces_1 to 2025-01-13 00:00:00+00:00, run_after=2025-01-14 00:00:00+00:00
[2025-01-13T19:07:18.887-0500] {logging_mixin.py:190} INFO - [2025-01-13T19:07:18.887-0500] {dag.py:4180} INFO - Setting next_dagrun for dataset_produces_2 to None, run_after=None
[2025-01-13T19:07:18.911-0500] {processor.py:208} INFO - Processing /usr/local/lib/python3.10/site-packages/airflow/example_dags/example_datasets.py took 0.277 seconds
[2025-01-13T19:09:56.031-0500] {processor.py:186} INFO - Started process (PID=50954) to work on /usr/local/lib/python3.10/site-packages/airflow/example_dags/example_datasets.py
[2025-01-13T19:09:56.032-0500] {processor.py:914} INFO - Processing file /usr/local/lib/python3.10/site-packages/airflow/example_dags/example_datasets.py for tasks to queue
[2025-01-13T19:09:56.033-0500] {logging_mixin.py:190} INFO - [2025-01-13T19:09:56.033-0500] {dagbag.py:588} INFO - Filling up the DagBag from /usr/local/lib/python3.10/site-packages/airflow/example_dags/example_datasets.py
[2025-01-13T19:09:56.078-0500] {processor.py:925} INFO - DAG(s) 'consume_1_and_2_with_dataset_expressions', 'dataset_consumes_1', 'consume_1_or_2_with_dataset_expressions', 'dataset_consumes_1_and_2', 'dataset_consumes_1_never_scheduled', 'dataset_consumes_unknown_never_scheduled', 'dataset_produces_2', 'dataset_produces_1', 'conditional_dataset_and_time_based_timetable', 'consume_1_or_both_2_and_3_with_dataset_expressions' retrieved from /usr/local/lib/python3.10/site-packages/airflow/example_dags/example_datasets.py
[2025-01-13T19:09:56.248-0500] {logging_mixin.py:190} INFO - [2025-01-13T19:09:56.248-0500] {dag.py:3239} INFO - Sync 10 DAGs
[2025-01-13T19:09:56.265-0500] {logging_mixin.py:190} INFO - [2025-01-13T19:09:56.265-0500] {dag.py:4180} INFO - Setting next_dagrun for conditional_dataset_and_time_based_timetable to 2025-01-08 01:00:00+00:00, run_after=2025-01-08 01:00:00+00:00
[2025-01-13T19:09:56.267-0500] {logging_mixin.py:190} INFO - [2025-01-13T19:09:56.267-0500] {dag.py:4180} INFO - Setting next_dagrun for consume_1_and_2_with_dataset_expressions to None, run_after=None
[2025-01-13T19:09:56.268-0500] {logging_mixin.py:190} INFO - [2025-01-13T19:09:56.268-0500] {dag.py:4180} INFO - Setting next_dagrun for consume_1_or_2_with_dataset_expressions to None, run_after=None
[2025-01-13T19:09:56.269-0500] {logging_mixin.py:190} INFO - [2025-01-13T19:09:56.269-0500] {dag.py:4180} INFO - Setting next_dagrun for consume_1_or_both_2_and_3_with_dataset_expressions to None, run_after=None
[2025-01-13T19:09:56.270-0500] {logging_mixin.py:190} INFO - [2025-01-13T19:09:56.270-0500] {dag.py:4180} INFO - Setting next_dagrun for dataset_consumes_1 to None, run_after=None
[2025-01-13T19:09:56.270-0500] {logging_mixin.py:190} INFO - [2025-01-13T19:09:56.270-0500] {dag.py:4180} INFO - Setting next_dagrun for dataset_consumes_1_and_2 to None, run_after=None
[2025-01-13T19:09:56.271-0500] {logging_mixin.py:190} INFO - [2025-01-13T19:09:56.271-0500] {dag.py:4180} INFO - Setting next_dagrun for dataset_consumes_1_never_scheduled to None, run_after=None
[2025-01-13T19:09:56.272-0500] {logging_mixin.py:190} INFO - [2025-01-13T19:09:56.272-0500] {dag.py:4180} INFO - Setting next_dagrun for dataset_consumes_unknown_never_scheduled to None, run_after=None
[2025-01-13T19:09:56.273-0500] {logging_mixin.py:190} INFO - [2025-01-13T19:09:56.273-0500] {dag.py:4180} INFO - Setting next_dagrun for dataset_produces_1 to 2025-01-13 00:00:00+00:00, run_after=2025-01-14 00:00:00+00:00
[2025-01-13T19:09:56.274-0500] {logging_mixin.py:190} INFO - [2025-01-13T19:09:56.274-0500] {dag.py:4180} INFO - Setting next_dagrun for dataset_produces_2 to None, run_after=None
[2025-01-13T19:09:56.298-0500] {processor.py:208} INFO - Processing /usr/local/lib/python3.10/site-packages/airflow/example_dags/example_datasets.py took 0.271 seconds
[2025-01-13T20:01:30.390-0500] {processor.py:186} INFO - Started process (PID=55670) to work on /usr/local/lib/python3.10/site-packages/airflow/example_dags/example_datasets.py
[2025-01-13T20:01:30.391-0500] {processor.py:914} INFO - Processing file /usr/local/lib/python3.10/site-packages/airflow/example_dags/example_datasets.py for tasks to queue
[2025-01-13T20:01:30.392-0500] {logging_mixin.py:190} INFO - [2025-01-13T20:01:30.392-0500] {dagbag.py:588} INFO - Filling up the DagBag from /usr/local/lib/python3.10/site-packages/airflow/example_dags/example_datasets.py
[2025-01-13T20:01:30.440-0500] {processor.py:925} INFO - DAG(s) 'consume_1_and_2_with_dataset_expressions', 'dataset_consumes_unknown_never_scheduled', 'dataset_consumes_1_never_scheduled', 'dataset_consumes_1', 'conditional_dataset_and_time_based_timetable', 'dataset_produces_2', 'consume_1_or_2_with_dataset_expressions', 'dataset_produces_1', 'consume_1_or_both_2_and_3_with_dataset_expressions', 'dataset_consumes_1_and_2' retrieved from /usr/local/lib/python3.10/site-packages/airflow/example_dags/example_datasets.py
[2025-01-13T20:01:30.619-0500] {logging_mixin.py:190} INFO - [2025-01-13T20:01:30.619-0500] {dag.py:3239} INFO - Sync 10 DAGs
[2025-01-13T20:01:30.638-0500] {logging_mixin.py:190} INFO - [2025-01-13T20:01:30.638-0500] {dag.py:4180} INFO - Setting next_dagrun for conditional_dataset_and_time_based_timetable to 2025-01-08 01:00:00+00:00, run_after=2025-01-08 01:00:00+00:00
[2025-01-13T20:01:30.641-0500] {logging_mixin.py:190} INFO - [2025-01-13T20:01:30.641-0500] {dag.py:4180} INFO - Setting next_dagrun for consume_1_and_2_with_dataset_expressions to None, run_after=None
[2025-01-13T20:01:30.642-0500] {logging_mixin.py:190} INFO - [2025-01-13T20:01:30.642-0500] {dag.py:4180} INFO - Setting next_dagrun for consume_1_or_2_with_dataset_expressions to None, run_after=None
[2025-01-13T20:01:30.642-0500] {logging_mixin.py:190} INFO - [2025-01-13T20:01:30.642-0500] {dag.py:4180} INFO - Setting next_dagrun for consume_1_or_both_2_and_3_with_dataset_expressions to None, run_after=None
[2025-01-13T20:01:30.643-0500] {logging_mixin.py:190} INFO - [2025-01-13T20:01:30.643-0500] {dag.py:4180} INFO - Setting next_dagrun for dataset_consumes_1 to None, run_after=None
[2025-01-13T20:01:30.644-0500] {logging_mixin.py:190} INFO - [2025-01-13T20:01:30.644-0500] {dag.py:4180} INFO - Setting next_dagrun for dataset_consumes_1_and_2 to None, run_after=None
[2025-01-13T20:01:30.645-0500] {logging_mixin.py:190} INFO - [2025-01-13T20:01:30.645-0500] {dag.py:4180} INFO - Setting next_dagrun for dataset_consumes_1_never_scheduled to None, run_after=None
[2025-01-13T20:01:30.646-0500] {logging_mixin.py:190} INFO - [2025-01-13T20:01:30.646-0500] {dag.py:4180} INFO - Setting next_dagrun for dataset_consumes_unknown_never_scheduled to None, run_after=None
[2025-01-13T20:01:30.648-0500] {logging_mixin.py:190} INFO - [2025-01-13T20:01:30.648-0500] {dag.py:4180} INFO - Setting next_dagrun for dataset_produces_1 to 2025-01-13 00:00:00+00:00, run_after=2025-01-14 00:00:00+00:00
[2025-01-13T20:01:30.649-0500] {logging_mixin.py:190} INFO - [2025-01-13T20:01:30.649-0500] {dag.py:4180} INFO - Setting next_dagrun for dataset_produces_2 to None, run_after=None
[2025-01-13T20:01:30.674-0500] {processor.py:208} INFO - Processing /usr/local/lib/python3.10/site-packages/airflow/example_dags/example_datasets.py took 0.289 seconds
