[2025-01-13T19:06:00.147-0500] {processor.py:186} INFO - Started process (PID=48253) to work on /usr/local/lib/python3.10/site-packages/airflow/example_dags/example_trigger_controller_dag.py
[2025-01-13T19:06:00.148-0500] {processor.py:914} INFO - Processing file /usr/local/lib/python3.10/site-packages/airflow/example_dags/example_trigger_controller_dag.py for tasks to queue
[2025-01-13T19:06:00.149-0500] {logging_mixin.py:190} INFO - [2025-01-13T19:06:00.149-0500] {dagbag.py:588} INFO - Filling up the DagBag from /usr/local/lib/python3.10/site-packages/airflow/example_dags/example_trigger_controller_dag.py
[2025-01-13T19:06:00.162-0500] {processor.py:925} INFO - DAG(s) 'example_trigger_controller_dag' retrieved from /usr/local/lib/python3.10/site-packages/airflow/example_dags/example_trigger_controller_dag.py
[2025-01-13T19:06:00.306-0500] {logging_mixin.py:190} INFO - [2025-01-13T19:06:00.306-0500] {dag.py:3239} INFO - Sync 1 DAGs
[2025-01-13T19:06:00.321-0500] {logging_mixin.py:190} INFO - [2025-01-13T19:06:00.321-0500] {dag.py:4180} INFO - Setting next_dagrun for example_trigger_controller_dag to 2021-01-01 00:00:00+00:00, run_after=2021-01-01 00:00:00+00:00
[2025-01-13T19:06:00.337-0500] {processor.py:208} INFO - Processing /usr/local/lib/python3.10/site-packages/airflow/example_dags/example_trigger_controller_dag.py took 0.194 seconds
[2025-01-13T19:08:36.862-0500] {processor.py:186} INFO - Started process (PID=50021) to work on /usr/local/lib/python3.10/site-packages/airflow/example_dags/example_trigger_controller_dag.py
[2025-01-13T19:08:36.863-0500] {processor.py:914} INFO - Processing file /usr/local/lib/python3.10/site-packages/airflow/example_dags/example_trigger_controller_dag.py for tasks to queue
[2025-01-13T19:08:36.864-0500] {logging_mixin.py:190} INFO - [2025-01-13T19:08:36.864-0500] {dagbag.py:588} INFO - Filling up the DagBag from /usr/local/lib/python3.10/site-packages/airflow/example_dags/example_trigger_controller_dag.py
[2025-01-13T19:08:36.876-0500] {processor.py:925} INFO - DAG(s) 'example_trigger_controller_dag' retrieved from /usr/local/lib/python3.10/site-packages/airflow/example_dags/example_trigger_controller_dag.py
[2025-01-13T19:08:37.024-0500] {logging_mixin.py:190} INFO - [2025-01-13T19:08:37.024-0500] {dag.py:3239} INFO - Sync 1 DAGs
[2025-01-13T19:08:37.040-0500] {logging_mixin.py:190} INFO - [2025-01-13T19:08:37.039-0500] {dag.py:4180} INFO - Setting next_dagrun for example_trigger_controller_dag to 2021-01-01 00:00:00+00:00, run_after=2021-01-01 00:00:00+00:00
[2025-01-13T19:08:37.054-0500] {processor.py:208} INFO - Processing /usr/local/lib/python3.10/site-packages/airflow/example_dags/example_trigger_controller_dag.py took 0.196 seconds
[2025-01-13T19:10:44.775-0500] {processor.py:186} INFO - Started process (PID=51539) to work on /usr/local/lib/python3.10/site-packages/airflow/example_dags/example_trigger_controller_dag.py
[2025-01-13T19:10:44.776-0500] {processor.py:914} INFO - Processing file /usr/local/lib/python3.10/site-packages/airflow/example_dags/example_trigger_controller_dag.py for tasks to queue
[2025-01-13T19:10:44.777-0500] {logging_mixin.py:190} INFO - [2025-01-13T19:10:44.777-0500] {dagbag.py:588} INFO - Filling up the DagBag from /usr/local/lib/python3.10/site-packages/airflow/example_dags/example_trigger_controller_dag.py
[2025-01-13T19:10:44.789-0500] {processor.py:925} INFO - DAG(s) 'example_trigger_controller_dag' retrieved from /usr/local/lib/python3.10/site-packages/airflow/example_dags/example_trigger_controller_dag.py
[2025-01-13T19:10:44.944-0500] {logging_mixin.py:190} INFO - [2025-01-13T19:10:44.944-0500] {dag.py:3239} INFO - Sync 1 DAGs
[2025-01-13T19:10:44.960-0500] {logging_mixin.py:190} INFO - [2025-01-13T19:10:44.959-0500] {dag.py:4180} INFO - Setting next_dagrun for example_trigger_controller_dag to 2021-01-01 00:00:00+00:00, run_after=2021-01-01 00:00:00+00:00
[2025-01-13T19:10:44.974-0500] {processor.py:208} INFO - Processing /usr/local/lib/python3.10/site-packages/airflow/example_dags/example_trigger_controller_dag.py took 0.204 seconds
[2025-01-13T19:59:56.328-0500] {processor.py:186} INFO - Started process (PID=54425) to work on /usr/local/lib/python3.10/site-packages/airflow/example_dags/example_trigger_controller_dag.py
[2025-01-13T19:59:56.330-0500] {processor.py:914} INFO - Processing file /usr/local/lib/python3.10/site-packages/airflow/example_dags/example_trigger_controller_dag.py for tasks to queue
[2025-01-13T19:59:56.334-0500] {logging_mixin.py:190} INFO - [2025-01-13T19:59:56.333-0500] {dagbag.py:588} INFO - Filling up the DagBag from /usr/local/lib/python3.10/site-packages/airflow/example_dags/example_trigger_controller_dag.py
[2025-01-13T19:59:56.358-0500] {processor.py:925} INFO - DAG(s) 'example_trigger_controller_dag' retrieved from /usr/local/lib/python3.10/site-packages/airflow/example_dags/example_trigger_controller_dag.py
[2025-01-13T19:59:56.643-0500] {logging_mixin.py:190} INFO - [2025-01-13T19:59:56.642-0500] {dag.py:3239} INFO - Sync 1 DAGs
[2025-01-13T19:59:56.662-0500] {logging_mixin.py:190} INFO - [2025-01-13T19:59:56.662-0500] {dag.py:4180} INFO - Setting next_dagrun for example_trigger_controller_dag to 2021-01-01 00:00:00+00:00, run_after=2021-01-01 00:00:00+00:00
[2025-01-13T19:59:56.683-0500] {processor.py:208} INFO - Processing /usr/local/lib/python3.10/site-packages/airflow/example_dags/example_trigger_controller_dag.py took 0.360 seconds
[2025-01-14T15:53:54.131-0500] {processor.py:186} INFO - Started process (PID=61341) to work on /usr/local/lib/python3.10/site-packages/airflow/example_dags/example_trigger_controller_dag.py
[2025-01-14T15:53:54.133-0500] {processor.py:914} INFO - Processing file /usr/local/lib/python3.10/site-packages/airflow/example_dags/example_trigger_controller_dag.py for tasks to queue
[2025-01-14T15:53:54.135-0500] {logging_mixin.py:190} INFO - [2025-01-14T15:53:54.135-0500] {dagbag.py:588} INFO - Filling up the DagBag from /usr/local/lib/python3.10/site-packages/airflow/example_dags/example_trigger_controller_dag.py
[2025-01-14T15:53:54.149-0500] {processor.py:925} INFO - DAG(s) 'example_trigger_controller_dag' retrieved from /usr/local/lib/python3.10/site-packages/airflow/example_dags/example_trigger_controller_dag.py
[2025-01-14T15:53:54.336-0500] {logging_mixin.py:190} INFO - [2025-01-14T15:53:54.336-0500] {dag.py:3239} INFO - Sync 1 DAGs
[2025-01-14T15:53:54.363-0500] {logging_mixin.py:190} INFO - [2025-01-14T15:53:54.362-0500] {dag.py:4180} INFO - Setting next_dagrun for example_trigger_controller_dag to 2021-01-01 00:00:00+00:00, run_after=2021-01-01 00:00:00+00:00
[2025-01-14T15:53:54.385-0500] {processor.py:208} INFO - Processing /usr/local/lib/python3.10/site-packages/airflow/example_dags/example_trigger_controller_dag.py took 0.258 seconds
[2025-01-14T15:57:36.943-0500] {processor.py:186} INFO - Started process (PID=64081) to work on /usr/local/lib/python3.10/site-packages/airflow/example_dags/example_trigger_controller_dag.py
[2025-01-14T15:57:36.944-0500] {processor.py:914} INFO - Processing file /usr/local/lib/python3.10/site-packages/airflow/example_dags/example_trigger_controller_dag.py for tasks to queue
[2025-01-14T15:57:36.945-0500] {logging_mixin.py:190} INFO - [2025-01-14T15:57:36.945-0500] {dagbag.py:588} INFO - Filling up the DagBag from /usr/local/lib/python3.10/site-packages/airflow/example_dags/example_trigger_controller_dag.py
[2025-01-14T15:57:36.959-0500] {processor.py:925} INFO - DAG(s) 'example_trigger_controller_dag' retrieved from /usr/local/lib/python3.10/site-packages/airflow/example_dags/example_trigger_controller_dag.py
[2025-01-14T15:57:37.116-0500] {logging_mixin.py:190} INFO - [2025-01-14T15:57:37.116-0500] {dag.py:3239} INFO - Sync 1 DAGs
[2025-01-14T15:57:37.133-0500] {logging_mixin.py:190} INFO - [2025-01-14T15:57:37.133-0500] {dag.py:4180} INFO - Setting next_dagrun for example_trigger_controller_dag to 2021-01-01 00:00:00+00:00, run_after=2021-01-01 00:00:00+00:00
[2025-01-14T15:57:37.149-0500] {processor.py:208} INFO - Processing /usr/local/lib/python3.10/site-packages/airflow/example_dags/example_trigger_controller_dag.py took 0.210 seconds
[2025-01-14T16:00:15.813-0500] {processor.py:186} INFO - Started process (PID=65944) to work on /usr/local/lib/python3.10/site-packages/airflow/example_dags/example_trigger_controller_dag.py
[2025-01-14T16:00:15.815-0500] {processor.py:914} INFO - Processing file /usr/local/lib/python3.10/site-packages/airflow/example_dags/example_trigger_controller_dag.py for tasks to queue
[2025-01-14T16:00:15.816-0500] {logging_mixin.py:190} INFO - [2025-01-14T16:00:15.816-0500] {dagbag.py:588} INFO - Filling up the DagBag from /usr/local/lib/python3.10/site-packages/airflow/example_dags/example_trigger_controller_dag.py
[2025-01-14T16:00:15.829-0500] {processor.py:925} INFO - DAG(s) 'example_trigger_controller_dag' retrieved from /usr/local/lib/python3.10/site-packages/airflow/example_dags/example_trigger_controller_dag.py
[2025-01-14T16:00:16.027-0500] {logging_mixin.py:190} INFO - [2025-01-14T16:00:16.026-0500] {dag.py:3239} INFO - Sync 1 DAGs
[2025-01-14T16:00:16.046-0500] {logging_mixin.py:190} INFO - [2025-01-14T16:00:16.046-0500] {dag.py:4180} INFO - Setting next_dagrun for example_trigger_controller_dag to 2021-01-01 00:00:00+00:00, run_after=2021-01-01 00:00:00+00:00
[2025-01-14T16:00:16.066-0500] {processor.py:208} INFO - Processing /usr/local/lib/python3.10/site-packages/airflow/example_dags/example_trigger_controller_dag.py took 0.258 seconds
[2025-01-14T16:02:38.409-0500] {processor.py:186} INFO - Started process (PID=67674) to work on /usr/local/lib/python3.10/site-packages/airflow/example_dags/example_trigger_controller_dag.py
[2025-01-14T16:02:38.410-0500] {processor.py:914} INFO - Processing file /usr/local/lib/python3.10/site-packages/airflow/example_dags/example_trigger_controller_dag.py for tasks to queue
[2025-01-14T16:02:38.412-0500] {logging_mixin.py:190} INFO - [2025-01-14T16:02:38.411-0500] {dagbag.py:588} INFO - Filling up the DagBag from /usr/local/lib/python3.10/site-packages/airflow/example_dags/example_trigger_controller_dag.py
[2025-01-14T16:02:38.425-0500] {processor.py:925} INFO - DAG(s) 'example_trigger_controller_dag' retrieved from /usr/local/lib/python3.10/site-packages/airflow/example_dags/example_trigger_controller_dag.py
[2025-01-14T16:02:38.589-0500] {logging_mixin.py:190} INFO - [2025-01-14T16:02:38.588-0500] {dag.py:3239} INFO - Sync 1 DAGs
[2025-01-14T16:02:38.606-0500] {logging_mixin.py:190} INFO - [2025-01-14T16:02:38.605-0500] {dag.py:4180} INFO - Setting next_dagrun for example_trigger_controller_dag to 2021-01-01 00:00:00+00:00, run_after=2021-01-01 00:00:00+00:00
[2025-01-14T16:02:38.623-0500] {processor.py:208} INFO - Processing /usr/local/lib/python3.10/site-packages/airflow/example_dags/example_trigger_controller_dag.py took 0.218 seconds
[2025-01-14T16:05:02.164-0500] {processor.py:186} INFO - Started process (PID=69413) to work on /usr/local/lib/python3.10/site-packages/airflow/example_dags/example_trigger_controller_dag.py
[2025-01-14T16:05:02.166-0500] {processor.py:914} INFO - Processing file /usr/local/lib/python3.10/site-packages/airflow/example_dags/example_trigger_controller_dag.py for tasks to queue
[2025-01-14T16:05:02.167-0500] {logging_mixin.py:190} INFO - [2025-01-14T16:05:02.167-0500] {dagbag.py:588} INFO - Filling up the DagBag from /usr/local/lib/python3.10/site-packages/airflow/example_dags/example_trigger_controller_dag.py
[2025-01-14T16:05:02.181-0500] {processor.py:925} INFO - DAG(s) 'example_trigger_controller_dag' retrieved from /usr/local/lib/python3.10/site-packages/airflow/example_dags/example_trigger_controller_dag.py
[2025-01-14T16:05:02.440-0500] {logging_mixin.py:190} INFO - [2025-01-14T16:05:02.440-0500] {dag.py:3239} INFO - Sync 1 DAGs
[2025-01-14T16:05:02.457-0500] {logging_mixin.py:190} INFO - [2025-01-14T16:05:02.456-0500] {dag.py:4180} INFO - Setting next_dagrun for example_trigger_controller_dag to 2021-01-01 00:00:00+00:00, run_after=2021-01-01 00:00:00+00:00
[2025-01-14T16:05:02.474-0500] {processor.py:208} INFO - Processing /usr/local/lib/python3.10/site-packages/airflow/example_dags/example_trigger_controller_dag.py took 0.314 seconds
[2025-01-14T16:07:26.724-0500] {processor.py:186} INFO - Started process (PID=71169) to work on /usr/local/lib/python3.10/site-packages/airflow/example_dags/example_trigger_controller_dag.py
[2025-01-14T16:07:26.726-0500] {processor.py:914} INFO - Processing file /usr/local/lib/python3.10/site-packages/airflow/example_dags/example_trigger_controller_dag.py for tasks to queue
[2025-01-14T16:07:26.727-0500] {logging_mixin.py:190} INFO - [2025-01-14T16:07:26.727-0500] {dagbag.py:588} INFO - Filling up the DagBag from /usr/local/lib/python3.10/site-packages/airflow/example_dags/example_trigger_controller_dag.py
[2025-01-14T16:07:26.737-0500] {processor.py:925} INFO - DAG(s) 'example_trigger_controller_dag' retrieved from /usr/local/lib/python3.10/site-packages/airflow/example_dags/example_trigger_controller_dag.py
[2025-01-14T16:07:26.861-0500] {logging_mixin.py:190} INFO - [2025-01-14T16:07:26.860-0500] {dag.py:3239} INFO - Sync 1 DAGs
[2025-01-14T16:07:26.874-0500] {logging_mixin.py:190} INFO - [2025-01-14T16:07:26.874-0500] {dag.py:4180} INFO - Setting next_dagrun for example_trigger_controller_dag to 2021-01-01 00:00:00+00:00, run_after=2021-01-01 00:00:00+00:00
[2025-01-14T16:07:26.887-0500] {processor.py:208} INFO - Processing /usr/local/lib/python3.10/site-packages/airflow/example_dags/example_trigger_controller_dag.py took 0.166 seconds
[2025-01-14T16:10:28.663-0500] {processor.py:186} INFO - Started process (PID=72696) to work on /usr/local/lib/python3.10/site-packages/airflow/example_dags/example_trigger_controller_dag.py
[2025-01-14T16:10:28.665-0500] {processor.py:914} INFO - Processing file /usr/local/lib/python3.10/site-packages/airflow/example_dags/example_trigger_controller_dag.py for tasks to queue
[2025-01-14T16:10:28.666-0500] {logging_mixin.py:190} INFO - [2025-01-14T16:10:28.666-0500] {dagbag.py:588} INFO - Filling up the DagBag from /usr/local/lib/python3.10/site-packages/airflow/example_dags/example_trigger_controller_dag.py
[2025-01-14T16:10:28.681-0500] {processor.py:925} INFO - DAG(s) 'example_trigger_controller_dag' retrieved from /usr/local/lib/python3.10/site-packages/airflow/example_dags/example_trigger_controller_dag.py
[2025-01-14T16:10:28.843-0500] {logging_mixin.py:190} INFO - [2025-01-14T16:10:28.843-0500] {dag.py:3239} INFO - Sync 1 DAGs
[2025-01-14T16:10:28.863-0500] {logging_mixin.py:190} INFO - [2025-01-14T16:10:28.863-0500] {dag.py:4180} INFO - Setting next_dagrun for example_trigger_controller_dag to 2021-01-01 00:00:00+00:00, run_after=2021-01-01 00:00:00+00:00
[2025-01-14T16:10:28.885-0500] {processor.py:208} INFO - Processing /usr/local/lib/python3.10/site-packages/airflow/example_dags/example_trigger_controller_dag.py took 0.226 seconds
[2025-01-14T16:12:39.516-0500] {processor.py:186} INFO - Started process (PID=74255) to work on /usr/local/lib/python3.10/site-packages/airflow/example_dags/example_trigger_controller_dag.py
[2025-01-14T16:12:39.518-0500] {processor.py:914} INFO - Processing file /usr/local/lib/python3.10/site-packages/airflow/example_dags/example_trigger_controller_dag.py for tasks to queue
[2025-01-14T16:12:39.519-0500] {logging_mixin.py:190} INFO - [2025-01-14T16:12:39.519-0500] {dagbag.py:588} INFO - Filling up the DagBag from /usr/local/lib/python3.10/site-packages/airflow/example_dags/example_trigger_controller_dag.py
[2025-01-14T16:12:39.532-0500] {processor.py:925} INFO - DAG(s) 'example_trigger_controller_dag' retrieved from /usr/local/lib/python3.10/site-packages/airflow/example_dags/example_trigger_controller_dag.py
[2025-01-14T16:12:39.682-0500] {logging_mixin.py:190} INFO - [2025-01-14T16:12:39.682-0500] {dag.py:3239} INFO - Sync 1 DAGs
[2025-01-14T16:12:39.698-0500] {logging_mixin.py:190} INFO - [2025-01-14T16:12:39.698-0500] {dag.py:4180} INFO - Setting next_dagrun for example_trigger_controller_dag to 2021-01-01 00:00:00+00:00, run_after=2021-01-01 00:00:00+00:00
[2025-01-14T16:12:39.713-0500] {processor.py:208} INFO - Processing /usr/local/lib/python3.10/site-packages/airflow/example_dags/example_trigger_controller_dag.py took 0.201 seconds
[2025-01-14T16:14:55.756-0500] {processor.py:186} INFO - Started process (PID=75907) to work on /usr/local/lib/python3.10/site-packages/airflow/example_dags/example_trigger_controller_dag.py
[2025-01-14T16:14:55.758-0500] {processor.py:914} INFO - Processing file /usr/local/lib/python3.10/site-packages/airflow/example_dags/example_trigger_controller_dag.py for tasks to queue
[2025-01-14T16:14:55.759-0500] {logging_mixin.py:190} INFO - [2025-01-14T16:14:55.759-0500] {dagbag.py:588} INFO - Filling up the DagBag from /usr/local/lib/python3.10/site-packages/airflow/example_dags/example_trigger_controller_dag.py
[2025-01-14T16:14:55.771-0500] {processor.py:925} INFO - DAG(s) 'example_trigger_controller_dag' retrieved from /usr/local/lib/python3.10/site-packages/airflow/example_dags/example_trigger_controller_dag.py
[2025-01-14T16:14:55.934-0500] {logging_mixin.py:190} INFO - [2025-01-14T16:14:55.934-0500] {dag.py:3239} INFO - Sync 1 DAGs
[2025-01-14T16:14:55.953-0500] {logging_mixin.py:190} INFO - [2025-01-14T16:14:55.952-0500] {dag.py:4180} INFO - Setting next_dagrun for example_trigger_controller_dag to 2021-01-01 00:00:00+00:00, run_after=2021-01-01 00:00:00+00:00
[2025-01-14T16:14:55.970-0500] {processor.py:208} INFO - Processing /usr/local/lib/python3.10/site-packages/airflow/example_dags/example_trigger_controller_dag.py took 0.219 seconds
[2025-01-14T16:17:16.729-0500] {processor.py:186} INFO - Started process (PID=77448) to work on /usr/local/lib/python3.10/site-packages/airflow/example_dags/example_trigger_controller_dag.py
[2025-01-14T16:17:16.731-0500] {processor.py:914} INFO - Processing file /usr/local/lib/python3.10/site-packages/airflow/example_dags/example_trigger_controller_dag.py for tasks to queue
[2025-01-14T16:17:16.733-0500] {logging_mixin.py:190} INFO - [2025-01-14T16:17:16.733-0500] {dagbag.py:588} INFO - Filling up the DagBag from /usr/local/lib/python3.10/site-packages/airflow/example_dags/example_trigger_controller_dag.py
[2025-01-14T16:17:16.747-0500] {processor.py:925} INFO - DAG(s) 'example_trigger_controller_dag' retrieved from /usr/local/lib/python3.10/site-packages/airflow/example_dags/example_trigger_controller_dag.py
[2025-01-14T16:17:16.918-0500] {logging_mixin.py:190} INFO - [2025-01-14T16:17:16.917-0500] {dag.py:3239} INFO - Sync 1 DAGs
[2025-01-14T16:17:16.938-0500] {logging_mixin.py:190} INFO - [2025-01-14T16:17:16.937-0500] {dag.py:4180} INFO - Setting next_dagrun for example_trigger_controller_dag to 2021-01-01 00:00:00+00:00, run_after=2021-01-01 00:00:00+00:00
[2025-01-14T16:17:16.961-0500] {processor.py:208} INFO - Processing /usr/local/lib/python3.10/site-packages/airflow/example_dags/example_trigger_controller_dag.py took 0.237 seconds
[2025-01-14T16:19:36.567-0500] {processor.py:186} INFO - Started process (PID=79087) to work on /usr/local/lib/python3.10/site-packages/airflow/example_dags/example_trigger_controller_dag.py
[2025-01-14T16:19:36.569-0500] {processor.py:914} INFO - Processing file /usr/local/lib/python3.10/site-packages/airflow/example_dags/example_trigger_controller_dag.py for tasks to queue
[2025-01-14T16:19:36.570-0500] {logging_mixin.py:190} INFO - [2025-01-14T16:19:36.570-0500] {dagbag.py:588} INFO - Filling up the DagBag from /usr/local/lib/python3.10/site-packages/airflow/example_dags/example_trigger_controller_dag.py
[2025-01-14T16:19:36.584-0500] {processor.py:925} INFO - DAG(s) 'example_trigger_controller_dag' retrieved from /usr/local/lib/python3.10/site-packages/airflow/example_dags/example_trigger_controller_dag.py
[2025-01-14T16:19:36.749-0500] {logging_mixin.py:190} INFO - [2025-01-14T16:19:36.748-0500] {dag.py:3239} INFO - Sync 1 DAGs
[2025-01-14T16:19:36.767-0500] {logging_mixin.py:190} INFO - [2025-01-14T16:19:36.766-0500] {dag.py:4180} INFO - Setting next_dagrun for example_trigger_controller_dag to 2021-01-01 00:00:00+00:00, run_after=2021-01-01 00:00:00+00:00
[2025-01-14T16:19:36.785-0500] {processor.py:208} INFO - Processing /usr/local/lib/python3.10/site-packages/airflow/example_dags/example_trigger_controller_dag.py took 0.222 seconds
[2025-01-14T16:21:56.427-0500] {processor.py:186} INFO - Started process (PID=80714) to work on /usr/local/lib/python3.10/site-packages/airflow/example_dags/example_trigger_controller_dag.py
[2025-01-14T16:21:56.429-0500] {processor.py:914} INFO - Processing file /usr/local/lib/python3.10/site-packages/airflow/example_dags/example_trigger_controller_dag.py for tasks to queue
[2025-01-14T16:21:56.430-0500] {logging_mixin.py:190} INFO - [2025-01-14T16:21:56.429-0500] {dagbag.py:588} INFO - Filling up the DagBag from /usr/local/lib/python3.10/site-packages/airflow/example_dags/example_trigger_controller_dag.py
[2025-01-14T16:21:56.442-0500] {processor.py:925} INFO - DAG(s) 'example_trigger_controller_dag' retrieved from /usr/local/lib/python3.10/site-packages/airflow/example_dags/example_trigger_controller_dag.py
[2025-01-14T16:21:56.594-0500] {logging_mixin.py:190} INFO - [2025-01-14T16:21:56.594-0500] {dag.py:3239} INFO - Sync 1 DAGs
[2025-01-14T16:21:56.610-0500] {logging_mixin.py:190} INFO - [2025-01-14T16:21:56.610-0500] {dag.py:4180} INFO - Setting next_dagrun for example_trigger_controller_dag to 2021-01-01 00:00:00+00:00, run_after=2021-01-01 00:00:00+00:00
[2025-01-14T16:21:56.625-0500] {processor.py:208} INFO - Processing /usr/local/lib/python3.10/site-packages/airflow/example_dags/example_trigger_controller_dag.py took 0.203 seconds
[2025-01-14T16:24:06.221-0500] {processor.py:186} INFO - Started process (PID=82123) to work on /usr/local/lib/python3.10/site-packages/airflow/example_dags/example_trigger_controller_dag.py
[2025-01-14T16:24:06.223-0500] {processor.py:914} INFO - Processing file /usr/local/lib/python3.10/site-packages/airflow/example_dags/example_trigger_controller_dag.py for tasks to queue
[2025-01-14T16:24:06.225-0500] {logging_mixin.py:190} INFO - [2025-01-14T16:24:06.224-0500] {dagbag.py:588} INFO - Filling up the DagBag from /usr/local/lib/python3.10/site-packages/airflow/example_dags/example_trigger_controller_dag.py
[2025-01-14T16:24:06.235-0500] {processor.py:925} INFO - DAG(s) 'example_trigger_controller_dag' retrieved from /usr/local/lib/python3.10/site-packages/airflow/example_dags/example_trigger_controller_dag.py
[2025-01-14T16:24:06.360-0500] {logging_mixin.py:190} INFO - [2025-01-14T16:24:06.359-0500] {dag.py:3239} INFO - Sync 1 DAGs
[2025-01-14T16:24:06.373-0500] {logging_mixin.py:190} INFO - [2025-01-14T16:24:06.372-0500] {dag.py:4180} INFO - Setting next_dagrun for example_trigger_controller_dag to 2021-01-01 00:00:00+00:00, run_after=2021-01-01 00:00:00+00:00
[2025-01-14T16:24:06.386-0500] {processor.py:208} INFO - Processing /usr/local/lib/python3.10/site-packages/airflow/example_dags/example_trigger_controller_dag.py took 0.168 seconds
[2025-01-14T16:26:16.594-0500] {processor.py:186} INFO - Started process (PID=83639) to work on /usr/local/lib/python3.10/site-packages/airflow/example_dags/example_trigger_controller_dag.py
[2025-01-14T16:26:16.596-0500] {processor.py:914} INFO - Processing file /usr/local/lib/python3.10/site-packages/airflow/example_dags/example_trigger_controller_dag.py for tasks to queue
[2025-01-14T16:26:16.597-0500] {logging_mixin.py:190} INFO - [2025-01-14T16:26:16.596-0500] {dagbag.py:588} INFO - Filling up the DagBag from /usr/local/lib/python3.10/site-packages/airflow/example_dags/example_trigger_controller_dag.py
[2025-01-14T16:26:16.609-0500] {processor.py:925} INFO - DAG(s) 'example_trigger_controller_dag' retrieved from /usr/local/lib/python3.10/site-packages/airflow/example_dags/example_trigger_controller_dag.py
[2025-01-14T16:26:16.764-0500] {logging_mixin.py:190} INFO - [2025-01-14T16:26:16.763-0500] {dag.py:3239} INFO - Sync 1 DAGs
[2025-01-14T16:26:16.780-0500] {logging_mixin.py:190} INFO - [2025-01-14T16:26:16.780-0500] {dag.py:4180} INFO - Setting next_dagrun for example_trigger_controller_dag to 2021-01-01 00:00:00+00:00, run_after=2021-01-01 00:00:00+00:00
[2025-01-14T16:26:16.797-0500] {processor.py:208} INFO - Processing /usr/local/lib/python3.10/site-packages/airflow/example_dags/example_trigger_controller_dag.py took 0.207 seconds
[2025-01-14T16:28:38.521-0500] {processor.py:186} INFO - Started process (PID=85291) to work on /usr/local/lib/python3.10/site-packages/airflow/example_dags/example_trigger_controller_dag.py
[2025-01-14T16:28:38.522-0500] {processor.py:914} INFO - Processing file /usr/local/lib/python3.10/site-packages/airflow/example_dags/example_trigger_controller_dag.py for tasks to queue
[2025-01-14T16:28:38.524-0500] {logging_mixin.py:190} INFO - [2025-01-14T16:28:38.523-0500] {dagbag.py:588} INFO - Filling up the DagBag from /usr/local/lib/python3.10/site-packages/airflow/example_dags/example_trigger_controller_dag.py
[2025-01-14T16:28:38.537-0500] {processor.py:925} INFO - DAG(s) 'example_trigger_controller_dag' retrieved from /usr/local/lib/python3.10/site-packages/airflow/example_dags/example_trigger_controller_dag.py
[2025-01-14T16:28:38.700-0500] {logging_mixin.py:190} INFO - [2025-01-14T16:28:38.699-0500] {dag.py:3239} INFO - Sync 1 DAGs
[2025-01-14T16:28:38.717-0500] {logging_mixin.py:190} INFO - [2025-01-14T16:28:38.717-0500] {dag.py:4180} INFO - Setting next_dagrun for example_trigger_controller_dag to 2021-01-01 00:00:00+00:00, run_after=2021-01-01 00:00:00+00:00
[2025-01-14T16:28:38.736-0500] {processor.py:208} INFO - Processing /usr/local/lib/python3.10/site-packages/airflow/example_dags/example_trigger_controller_dag.py took 0.219 seconds
[2025-01-14T16:31:05.514-0500] {processor.py:186} INFO - Started process (PID=86924) to work on /usr/local/lib/python3.10/site-packages/airflow/example_dags/example_trigger_controller_dag.py
[2025-01-14T16:31:05.516-0500] {processor.py:914} INFO - Processing file /usr/local/lib/python3.10/site-packages/airflow/example_dags/example_trigger_controller_dag.py for tasks to queue
[2025-01-14T16:31:05.517-0500] {logging_mixin.py:190} INFO - [2025-01-14T16:31:05.517-0500] {dagbag.py:588} INFO - Filling up the DagBag from /usr/local/lib/python3.10/site-packages/airflow/example_dags/example_trigger_controller_dag.py
[2025-01-14T16:31:05.532-0500] {processor.py:925} INFO - DAG(s) 'example_trigger_controller_dag' retrieved from /usr/local/lib/python3.10/site-packages/airflow/example_dags/example_trigger_controller_dag.py
[2025-01-14T16:31:05.726-0500] {logging_mixin.py:190} INFO - [2025-01-14T16:31:05.725-0500] {dag.py:3239} INFO - Sync 1 DAGs
[2025-01-14T16:31:05.746-0500] {logging_mixin.py:190} INFO - [2025-01-14T16:31:05.746-0500] {dag.py:4180} INFO - Setting next_dagrun for example_trigger_controller_dag to 2021-01-01 00:00:00+00:00, run_after=2021-01-01 00:00:00+00:00
[2025-01-14T16:31:05.766-0500] {processor.py:208} INFO - Processing /usr/local/lib/python3.10/site-packages/airflow/example_dags/example_trigger_controller_dag.py took 0.256 seconds
[2025-01-14T16:33:30.218-0500] {processor.py:186} INFO - Started process (PID=88563) to work on /usr/local/lib/python3.10/site-packages/airflow/example_dags/example_trigger_controller_dag.py
[2025-01-14T16:33:30.220-0500] {processor.py:914} INFO - Processing file /usr/local/lib/python3.10/site-packages/airflow/example_dags/example_trigger_controller_dag.py for tasks to queue
[2025-01-14T16:33:30.222-0500] {logging_mixin.py:190} INFO - [2025-01-14T16:33:30.222-0500] {dagbag.py:588} INFO - Filling up the DagBag from /usr/local/lib/python3.10/site-packages/airflow/example_dags/example_trigger_controller_dag.py
[2025-01-14T16:33:30.235-0500] {processor.py:925} INFO - DAG(s) 'example_trigger_controller_dag' retrieved from /usr/local/lib/python3.10/site-packages/airflow/example_dags/example_trigger_controller_dag.py
[2025-01-14T16:33:30.402-0500] {logging_mixin.py:190} INFO - [2025-01-14T16:33:30.402-0500] {dag.py:3239} INFO - Sync 1 DAGs
[2025-01-14T16:33:30.420-0500] {logging_mixin.py:190} INFO - [2025-01-14T16:33:30.419-0500] {dag.py:4180} INFO - Setting next_dagrun for example_trigger_controller_dag to 2021-01-01 00:00:00+00:00, run_after=2021-01-01 00:00:00+00:00
[2025-01-14T16:33:30.438-0500] {processor.py:208} INFO - Processing /usr/local/lib/python3.10/site-packages/airflow/example_dags/example_trigger_controller_dag.py took 0.224 seconds
[2025-01-14T16:36:04.281-0500] {processor.py:186} INFO - Started process (PID=90299) to work on /usr/local/lib/python3.10/site-packages/airflow/example_dags/example_trigger_controller_dag.py
[2025-01-14T16:36:04.284-0500] {processor.py:914} INFO - Processing file /usr/local/lib/python3.10/site-packages/airflow/example_dags/example_trigger_controller_dag.py for tasks to queue
[2025-01-14T16:36:04.286-0500] {logging_mixin.py:190} INFO - [2025-01-14T16:36:04.285-0500] {dagbag.py:588} INFO - Filling up the DagBag from /usr/local/lib/python3.10/site-packages/airflow/example_dags/example_trigger_controller_dag.py
[2025-01-14T16:36:04.307-0500] {processor.py:925} INFO - DAG(s) 'example_trigger_controller_dag' retrieved from /usr/local/lib/python3.10/site-packages/airflow/example_dags/example_trigger_controller_dag.py
[2025-01-14T16:36:04.552-0500] {logging_mixin.py:190} INFO - [2025-01-14T16:36:04.552-0500] {dag.py:3239} INFO - Sync 1 DAGs
[2025-01-14T16:36:04.580-0500] {logging_mixin.py:190} INFO - [2025-01-14T16:36:04.580-0500] {dag.py:4180} INFO - Setting next_dagrun for example_trigger_controller_dag to 2021-01-01 00:00:00+00:00, run_after=2021-01-01 00:00:00+00:00
[2025-01-14T16:36:04.610-0500] {processor.py:208} INFO - Processing /usr/local/lib/python3.10/site-packages/airflow/example_dags/example_trigger_controller_dag.py took 0.336 seconds
[2025-01-14T16:39:16.953-0500] {processor.py:186} INFO - Started process (PID=92387) to work on /usr/local/lib/python3.10/site-packages/airflow/example_dags/example_trigger_controller_dag.py
[2025-01-14T16:39:16.955-0500] {processor.py:914} INFO - Processing file /usr/local/lib/python3.10/site-packages/airflow/example_dags/example_trigger_controller_dag.py for tasks to queue
[2025-01-14T16:39:16.956-0500] {logging_mixin.py:190} INFO - [2025-01-14T16:39:16.956-0500] {dagbag.py:588} INFO - Filling up the DagBag from /usr/local/lib/python3.10/site-packages/airflow/example_dags/example_trigger_controller_dag.py
[2025-01-14T16:39:16.970-0500] {processor.py:925} INFO - DAG(s) 'example_trigger_controller_dag' retrieved from /usr/local/lib/python3.10/site-packages/airflow/example_dags/example_trigger_controller_dag.py
[2025-01-14T16:39:17.145-0500] {logging_mixin.py:190} INFO - [2025-01-14T16:39:17.144-0500] {dag.py:3239} INFO - Sync 1 DAGs
[2025-01-14T16:39:17.163-0500] {logging_mixin.py:190} INFO - [2025-01-14T16:39:17.162-0500] {dag.py:4180} INFO - Setting next_dagrun for example_trigger_controller_dag to 2021-01-01 00:00:00+00:00, run_after=2021-01-01 00:00:00+00:00
[2025-01-14T16:39:17.181-0500] {processor.py:208} INFO - Processing /usr/local/lib/python3.10/site-packages/airflow/example_dags/example_trigger_controller_dag.py took 0.232 seconds
[2025-01-14T16:41:47.640-0500] {processor.py:186} INFO - Started process (PID=94138) to work on /usr/local/lib/python3.10/site-packages/airflow/example_dags/example_trigger_controller_dag.py
[2025-01-14T16:41:47.641-0500] {processor.py:914} INFO - Processing file /usr/local/lib/python3.10/site-packages/airflow/example_dags/example_trigger_controller_dag.py for tasks to queue
[2025-01-14T16:41:47.642-0500] {logging_mixin.py:190} INFO - [2025-01-14T16:41:47.642-0500] {dagbag.py:588} INFO - Filling up the DagBag from /usr/local/lib/python3.10/site-packages/airflow/example_dags/example_trigger_controller_dag.py
[2025-01-14T16:41:47.655-0500] {processor.py:925} INFO - DAG(s) 'example_trigger_controller_dag' retrieved from /usr/local/lib/python3.10/site-packages/airflow/example_dags/example_trigger_controller_dag.py
[2025-01-14T16:41:47.813-0500] {logging_mixin.py:190} INFO - [2025-01-14T16:41:47.813-0500] {dag.py:3239} INFO - Sync 1 DAGs
[2025-01-14T16:41:47.831-0500] {logging_mixin.py:190} INFO - [2025-01-14T16:41:47.831-0500] {dag.py:4180} INFO - Setting next_dagrun for example_trigger_controller_dag to 2021-01-01 00:00:00+00:00, run_after=2021-01-01 00:00:00+00:00
[2025-01-14T16:41:47.848-0500] {processor.py:208} INFO - Processing /usr/local/lib/python3.10/site-packages/airflow/example_dags/example_trigger_controller_dag.py took 0.212 seconds
[2025-01-14T16:44:02.023-0500] {processor.py:186} INFO - Started process (PID=95695) to work on /usr/local/lib/python3.10/site-packages/airflow/example_dags/example_trigger_controller_dag.py
[2025-01-14T16:44:02.024-0500] {processor.py:914} INFO - Processing file /usr/local/lib/python3.10/site-packages/airflow/example_dags/example_trigger_controller_dag.py for tasks to queue
[2025-01-14T16:44:02.025-0500] {logging_mixin.py:190} INFO - [2025-01-14T16:44:02.025-0500] {dagbag.py:588} INFO - Filling up the DagBag from /usr/local/lib/python3.10/site-packages/airflow/example_dags/example_trigger_controller_dag.py
[2025-01-14T16:44:02.038-0500] {processor.py:925} INFO - DAG(s) 'example_trigger_controller_dag' retrieved from /usr/local/lib/python3.10/site-packages/airflow/example_dags/example_trigger_controller_dag.py
[2025-01-14T16:44:02.191-0500] {logging_mixin.py:190} INFO - [2025-01-14T16:44:02.191-0500] {dag.py:3239} INFO - Sync 1 DAGs
[2025-01-14T16:44:02.207-0500] {logging_mixin.py:190} INFO - [2025-01-14T16:44:02.207-0500] {dag.py:4180} INFO - Setting next_dagrun for example_trigger_controller_dag to 2021-01-01 00:00:00+00:00, run_after=2021-01-01 00:00:00+00:00
[2025-01-14T16:44:02.223-0500] {processor.py:208} INFO - Processing /usr/local/lib/python3.10/site-packages/airflow/example_dags/example_trigger_controller_dag.py took 0.204 seconds
[2025-01-14T16:46:24.805-0500] {processor.py:186} INFO - Started process (PID=97336) to work on /usr/local/lib/python3.10/site-packages/airflow/example_dags/example_trigger_controller_dag.py
[2025-01-14T16:46:24.806-0500] {processor.py:914} INFO - Processing file /usr/local/lib/python3.10/site-packages/airflow/example_dags/example_trigger_controller_dag.py for tasks to queue
[2025-01-14T16:46:24.807-0500] {logging_mixin.py:190} INFO - [2025-01-14T16:46:24.807-0500] {dagbag.py:588} INFO - Filling up the DagBag from /usr/local/lib/python3.10/site-packages/airflow/example_dags/example_trigger_controller_dag.py
[2025-01-14T16:46:24.820-0500] {processor.py:925} INFO - DAG(s) 'example_trigger_controller_dag' retrieved from /usr/local/lib/python3.10/site-packages/airflow/example_dags/example_trigger_controller_dag.py
[2025-01-14T16:46:24.986-0500] {logging_mixin.py:190} INFO - [2025-01-14T16:46:24.985-0500] {dag.py:3239} INFO - Sync 1 DAGs
[2025-01-14T16:46:25.004-0500] {logging_mixin.py:190} INFO - [2025-01-14T16:46:25.004-0500] {dag.py:4180} INFO - Setting next_dagrun for example_trigger_controller_dag to 2021-01-01 00:00:00+00:00, run_after=2021-01-01 00:00:00+00:00
[2025-01-14T16:46:25.021-0500] {processor.py:208} INFO - Processing /usr/local/lib/python3.10/site-packages/airflow/example_dags/example_trigger_controller_dag.py took 0.221 seconds
[2025-01-14T16:48:48.433-0500] {processor.py:186} INFO - Started process (PID=98979) to work on /usr/local/lib/python3.10/site-packages/airflow/example_dags/example_trigger_controller_dag.py
[2025-01-14T16:48:48.434-0500] {processor.py:914} INFO - Processing file /usr/local/lib/python3.10/site-packages/airflow/example_dags/example_trigger_controller_dag.py for tasks to queue
[2025-01-14T16:48:48.435-0500] {logging_mixin.py:190} INFO - [2025-01-14T16:48:48.435-0500] {dagbag.py:588} INFO - Filling up the DagBag from /usr/local/lib/python3.10/site-packages/airflow/example_dags/example_trigger_controller_dag.py
[2025-01-14T16:48:48.448-0500] {processor.py:925} INFO - DAG(s) 'example_trigger_controller_dag' retrieved from /usr/local/lib/python3.10/site-packages/airflow/example_dags/example_trigger_controller_dag.py
[2025-01-14T16:48:48.607-0500] {logging_mixin.py:190} INFO - [2025-01-14T16:48:48.607-0500] {dag.py:3239} INFO - Sync 1 DAGs
[2025-01-14T16:48:48.625-0500] {logging_mixin.py:190} INFO - [2025-01-14T16:48:48.625-0500] {dag.py:4180} INFO - Setting next_dagrun for example_trigger_controller_dag to 2021-01-01 00:00:00+00:00, run_after=2021-01-01 00:00:00+00:00
[2025-01-14T16:48:48.642-0500] {processor.py:208} INFO - Processing /usr/local/lib/python3.10/site-packages/airflow/example_dags/example_trigger_controller_dag.py took 0.213 seconds
[2025-01-14T16:51:15.913-0500] {processor.py:186} INFO - Started process (PID=1211) to work on /usr/local/lib/python3.10/site-packages/airflow/example_dags/example_trigger_controller_dag.py
[2025-01-14T16:51:15.915-0500] {processor.py:914} INFO - Processing file /usr/local/lib/python3.10/site-packages/airflow/example_dags/example_trigger_controller_dag.py for tasks to queue
[2025-01-14T16:51:15.916-0500] {logging_mixin.py:190} INFO - [2025-01-14T16:51:15.916-0500] {dagbag.py:588} INFO - Filling up the DagBag from /usr/local/lib/python3.10/site-packages/airflow/example_dags/example_trigger_controller_dag.py
[2025-01-14T16:51:15.931-0500] {processor.py:925} INFO - DAG(s) 'example_trigger_controller_dag' retrieved from /usr/local/lib/python3.10/site-packages/airflow/example_dags/example_trigger_controller_dag.py
[2025-01-14T16:51:16.098-0500] {logging_mixin.py:190} INFO - [2025-01-14T16:51:16.097-0500] {dag.py:3239} INFO - Sync 1 DAGs
[2025-01-14T16:51:16.115-0500] {logging_mixin.py:190} INFO - [2025-01-14T16:51:16.115-0500] {dag.py:4180} INFO - Setting next_dagrun for example_trigger_controller_dag to 2021-01-01 00:00:00+00:00, run_after=2021-01-01 00:00:00+00:00
[2025-01-14T16:51:16.132-0500] {processor.py:208} INFO - Processing /usr/local/lib/python3.10/site-packages/airflow/example_dags/example_trigger_controller_dag.py took 0.224 seconds
[2025-01-14T16:53:45.350-0500] {processor.py:186} INFO - Started process (PID=3038) to work on /usr/local/lib/python3.10/site-packages/airflow/example_dags/example_trigger_controller_dag.py
[2025-01-14T16:53:45.353-0500] {processor.py:914} INFO - Processing file /usr/local/lib/python3.10/site-packages/airflow/example_dags/example_trigger_controller_dag.py for tasks to queue
[2025-01-14T16:53:45.354-0500] {logging_mixin.py:190} INFO - [2025-01-14T16:53:45.354-0500] {dagbag.py:588} INFO - Filling up the DagBag from /usr/local/lib/python3.10/site-packages/airflow/example_dags/example_trigger_controller_dag.py
[2025-01-14T16:53:45.369-0500] {processor.py:925} INFO - DAG(s) 'example_trigger_controller_dag' retrieved from /usr/local/lib/python3.10/site-packages/airflow/example_dags/example_trigger_controller_dag.py
[2025-01-14T16:53:45.613-0500] {logging_mixin.py:190} INFO - [2025-01-14T16:53:45.612-0500] {dag.py:3239} INFO - Sync 1 DAGs
[2025-01-14T16:53:45.630-0500] {logging_mixin.py:190} INFO - [2025-01-14T16:53:45.630-0500] {dag.py:4180} INFO - Setting next_dagrun for example_trigger_controller_dag to 2021-01-01 00:00:00+00:00, run_after=2021-01-01 00:00:00+00:00
[2025-01-14T16:53:45.648-0500] {processor.py:208} INFO - Processing /usr/local/lib/python3.10/site-packages/airflow/example_dags/example_trigger_controller_dag.py took 0.305 seconds
[2025-01-14T16:56:09.847-0500] {processor.py:186} INFO - Started process (PID=4724) to work on /usr/local/lib/python3.10/site-packages/airflow/example_dags/example_trigger_controller_dag.py
[2025-01-14T16:56:09.849-0500] {processor.py:914} INFO - Processing file /usr/local/lib/python3.10/site-packages/airflow/example_dags/example_trigger_controller_dag.py for tasks to queue
[2025-01-14T16:56:09.851-0500] {logging_mixin.py:190} INFO - [2025-01-14T16:56:09.850-0500] {dagbag.py:588} INFO - Filling up the DagBag from /usr/local/lib/python3.10/site-packages/airflow/example_dags/example_trigger_controller_dag.py
[2025-01-14T16:56:09.865-0500] {processor.py:925} INFO - DAG(s) 'example_trigger_controller_dag' retrieved from /usr/local/lib/python3.10/site-packages/airflow/example_dags/example_trigger_controller_dag.py
[2025-01-14T16:56:10.047-0500] {logging_mixin.py:190} INFO - [2025-01-14T16:56:10.047-0500] {dag.py:3239} INFO - Sync 1 DAGs
[2025-01-14T16:56:10.065-0500] {logging_mixin.py:190} INFO - [2025-01-14T16:56:10.065-0500] {dag.py:4180} INFO - Setting next_dagrun for example_trigger_controller_dag to 2021-01-01 00:00:00+00:00, run_after=2021-01-01 00:00:00+00:00
[2025-01-14T16:56:10.084-0500] {processor.py:208} INFO - Processing /usr/local/lib/python3.10/site-packages/airflow/example_dags/example_trigger_controller_dag.py took 0.241 seconds
[2025-01-14T16:58:29.390-0500] {processor.py:186} INFO - Started process (PID=6294) to work on /usr/local/lib/python3.10/site-packages/airflow/example_dags/example_trigger_controller_dag.py
[2025-01-14T16:58:29.391-0500] {processor.py:914} INFO - Processing file /usr/local/lib/python3.10/site-packages/airflow/example_dags/example_trigger_controller_dag.py for tasks to queue
[2025-01-14T16:58:29.392-0500] {logging_mixin.py:190} INFO - [2025-01-14T16:58:29.392-0500] {dagbag.py:588} INFO - Filling up the DagBag from /usr/local/lib/python3.10/site-packages/airflow/example_dags/example_trigger_controller_dag.py
[2025-01-14T16:58:29.404-0500] {processor.py:925} INFO - DAG(s) 'example_trigger_controller_dag' retrieved from /usr/local/lib/python3.10/site-packages/airflow/example_dags/example_trigger_controller_dag.py
[2025-01-14T16:58:29.557-0500] {logging_mixin.py:190} INFO - [2025-01-14T16:58:29.557-0500] {dag.py:3239} INFO - Sync 1 DAGs
[2025-01-14T16:58:29.573-0500] {logging_mixin.py:190} INFO - [2025-01-14T16:58:29.573-0500] {dag.py:4180} INFO - Setting next_dagrun for example_trigger_controller_dag to 2021-01-01 00:00:00+00:00, run_after=2021-01-01 00:00:00+00:00
[2025-01-14T16:58:29.589-0500] {processor.py:208} INFO - Processing /usr/local/lib/python3.10/site-packages/airflow/example_dags/example_trigger_controller_dag.py took 0.203 seconds
[2025-01-14T17:01:36.304-0500] {processor.py:186} INFO - Started process (PID=8548) to work on /usr/local/lib/python3.10/site-packages/airflow/example_dags/example_trigger_controller_dag.py
[2025-01-14T17:01:36.306-0500] {processor.py:914} INFO - Processing file /usr/local/lib/python3.10/site-packages/airflow/example_dags/example_trigger_controller_dag.py for tasks to queue
[2025-01-14T17:01:36.308-0500] {logging_mixin.py:190} INFO - [2025-01-14T17:01:36.308-0500] {dagbag.py:588} INFO - Filling up the DagBag from /usr/local/lib/python3.10/site-packages/airflow/example_dags/example_trigger_controller_dag.py
[2025-01-14T17:01:36.324-0500] {processor.py:925} INFO - DAG(s) 'example_trigger_controller_dag' retrieved from /usr/local/lib/python3.10/site-packages/airflow/example_dags/example_trigger_controller_dag.py
[2025-01-14T17:01:36.518-0500] {logging_mixin.py:190} INFO - [2025-01-14T17:01:36.517-0500] {dag.py:3239} INFO - Sync 1 DAGs
[2025-01-14T17:01:36.538-0500] {logging_mixin.py:190} INFO - [2025-01-14T17:01:36.537-0500] {dag.py:4180} INFO - Setting next_dagrun for example_trigger_controller_dag to 2021-01-01 00:00:00+00:00, run_after=2021-01-01 00:00:00+00:00
[2025-01-14T17:01:36.558-0500] {processor.py:208} INFO - Processing /usr/local/lib/python3.10/site-packages/airflow/example_dags/example_trigger_controller_dag.py took 0.259 seconds
[2025-01-14T17:04:36.605-0500] {processor.py:186} INFO - Started process (PID=10741) to work on /usr/local/lib/python3.10/site-packages/airflow/example_dags/example_trigger_controller_dag.py
[2025-01-14T17:04:36.607-0500] {processor.py:914} INFO - Processing file /usr/local/lib/python3.10/site-packages/airflow/example_dags/example_trigger_controller_dag.py for tasks to queue
[2025-01-14T17:04:36.609-0500] {logging_mixin.py:190} INFO - [2025-01-14T17:04:36.608-0500] {dagbag.py:588} INFO - Filling up the DagBag from /usr/local/lib/python3.10/site-packages/airflow/example_dags/example_trigger_controller_dag.py
[2025-01-14T17:04:36.624-0500] {processor.py:925} INFO - DAG(s) 'example_trigger_controller_dag' retrieved from /usr/local/lib/python3.10/site-packages/airflow/example_dags/example_trigger_controller_dag.py
[2025-01-14T17:04:36.814-0500] {logging_mixin.py:190} INFO - [2025-01-14T17:04:36.813-0500] {dag.py:3239} INFO - Sync 1 DAGs
[2025-01-14T17:04:36.834-0500] {logging_mixin.py:190} INFO - [2025-01-14T17:04:36.834-0500] {dag.py:4180} INFO - Setting next_dagrun for example_trigger_controller_dag to 2021-01-01 00:00:00+00:00, run_after=2021-01-01 00:00:00+00:00
[2025-01-14T17:04:36.855-0500] {processor.py:208} INFO - Processing /usr/local/lib/python3.10/site-packages/airflow/example_dags/example_trigger_controller_dag.py took 0.255 seconds
[2025-01-14T17:07:16.753-0500] {processor.py:186} INFO - Started process (PID=12532) to work on /usr/local/lib/python3.10/site-packages/airflow/example_dags/example_trigger_controller_dag.py
[2025-01-14T17:07:16.755-0500] {processor.py:914} INFO - Processing file /usr/local/lib/python3.10/site-packages/airflow/example_dags/example_trigger_controller_dag.py for tasks to queue
[2025-01-14T17:07:16.756-0500] {logging_mixin.py:190} INFO - [2025-01-14T17:07:16.756-0500] {dagbag.py:588} INFO - Filling up the DagBag from /usr/local/lib/python3.10/site-packages/airflow/example_dags/example_trigger_controller_dag.py
[2025-01-14T17:07:16.770-0500] {processor.py:925} INFO - DAG(s) 'example_trigger_controller_dag' retrieved from /usr/local/lib/python3.10/site-packages/airflow/example_dags/example_trigger_controller_dag.py
[2025-01-14T17:07:16.926-0500] {logging_mixin.py:190} INFO - [2025-01-14T17:07:16.926-0500] {dag.py:3239} INFO - Sync 1 DAGs
[2025-01-14T17:07:16.944-0500] {logging_mixin.py:190} INFO - [2025-01-14T17:07:16.944-0500] {dag.py:4180} INFO - Setting next_dagrun for example_trigger_controller_dag to 2021-01-01 00:00:00+00:00, run_after=2021-01-01 00:00:00+00:00
[2025-01-14T17:07:16.961-0500] {processor.py:208} INFO - Processing /usr/local/lib/python3.10/site-packages/airflow/example_dags/example_trigger_controller_dag.py took 0.212 seconds
[2025-01-14T17:10:01.096-0500] {processor.py:186} INFO - Started process (PID=14410) to work on /usr/local/lib/python3.10/site-packages/airflow/example_dags/example_trigger_controller_dag.py
[2025-01-14T17:10:01.098-0500] {processor.py:914} INFO - Processing file /usr/local/lib/python3.10/site-packages/airflow/example_dags/example_trigger_controller_dag.py for tasks to queue
[2025-01-14T17:10:01.099-0500] {logging_mixin.py:190} INFO - [2025-01-14T17:10:01.099-0500] {dagbag.py:588} INFO - Filling up the DagBag from /usr/local/lib/python3.10/site-packages/airflow/example_dags/example_trigger_controller_dag.py
[2025-01-14T17:10:01.116-0500] {processor.py:925} INFO - DAG(s) 'example_trigger_controller_dag' retrieved from /usr/local/lib/python3.10/site-packages/airflow/example_dags/example_trigger_controller_dag.py
[2025-01-14T17:10:01.341-0500] {logging_mixin.py:190} INFO - [2025-01-14T17:10:01.341-0500] {dag.py:3239} INFO - Sync 1 DAGs
[2025-01-14T17:10:01.374-0500] {logging_mixin.py:190} INFO - [2025-01-14T17:10:01.374-0500] {dag.py:4180} INFO - Setting next_dagrun for example_trigger_controller_dag to 2021-01-01 00:00:00+00:00, run_after=2021-01-01 00:00:00+00:00
[2025-01-14T17:10:01.403-0500] {processor.py:208} INFO - Processing /usr/local/lib/python3.10/site-packages/airflow/example_dags/example_trigger_controller_dag.py took 0.312 seconds
[2025-01-14T17:12:35.535-0500] {processor.py:186} INFO - Started process (PID=16192) to work on /usr/local/lib/python3.10/site-packages/airflow/example_dags/example_trigger_controller_dag.py
[2025-01-14T17:12:35.537-0500] {processor.py:914} INFO - Processing file /usr/local/lib/python3.10/site-packages/airflow/example_dags/example_trigger_controller_dag.py for tasks to queue
[2025-01-14T17:12:35.538-0500] {logging_mixin.py:190} INFO - [2025-01-14T17:12:35.538-0500] {dagbag.py:588} INFO - Filling up the DagBag from /usr/local/lib/python3.10/site-packages/airflow/example_dags/example_trigger_controller_dag.py
[2025-01-14T17:12:35.551-0500] {processor.py:925} INFO - DAG(s) 'example_trigger_controller_dag' retrieved from /usr/local/lib/python3.10/site-packages/airflow/example_dags/example_trigger_controller_dag.py
[2025-01-14T17:12:35.715-0500] {logging_mixin.py:190} INFO - [2025-01-14T17:12:35.714-0500] {dag.py:3239} INFO - Sync 1 DAGs
[2025-01-14T17:12:35.732-0500] {logging_mixin.py:190} INFO - [2025-01-14T17:12:35.732-0500] {dag.py:4180} INFO - Setting next_dagrun for example_trigger_controller_dag to 2021-01-01 00:00:00+00:00, run_after=2021-01-01 00:00:00+00:00
[2025-01-14T17:12:35.753-0500] {processor.py:208} INFO - Processing /usr/local/lib/python3.10/site-packages/airflow/example_dags/example_trigger_controller_dag.py took 0.222 seconds
[2025-01-14T17:14:57.865-0500] {processor.py:186} INFO - Started process (PID=17844) to work on /usr/local/lib/python3.10/site-packages/airflow/example_dags/example_trigger_controller_dag.py
[2025-01-14T17:14:57.866-0500] {processor.py:914} INFO - Processing file /usr/local/lib/python3.10/site-packages/airflow/example_dags/example_trigger_controller_dag.py for tasks to queue
[2025-01-14T17:14:57.867-0500] {logging_mixin.py:190} INFO - [2025-01-14T17:14:57.867-0500] {dagbag.py:588} INFO - Filling up the DagBag from /usr/local/lib/python3.10/site-packages/airflow/example_dags/example_trigger_controller_dag.py
[2025-01-14T17:14:57.879-0500] {processor.py:925} INFO - DAG(s) 'example_trigger_controller_dag' retrieved from /usr/local/lib/python3.10/site-packages/airflow/example_dags/example_trigger_controller_dag.py
[2025-01-14T17:14:58.033-0500] {logging_mixin.py:190} INFO - [2025-01-14T17:14:58.033-0500] {dag.py:3239} INFO - Sync 1 DAGs
[2025-01-14T17:14:58.051-0500] {logging_mixin.py:190} INFO - [2025-01-14T17:14:58.050-0500] {dag.py:4180} INFO - Setting next_dagrun for example_trigger_controller_dag to 2021-01-01 00:00:00+00:00, run_after=2021-01-01 00:00:00+00:00
[2025-01-14T17:14:58.067-0500] {processor.py:208} INFO - Processing /usr/local/lib/python3.10/site-packages/airflow/example_dags/example_trigger_controller_dag.py took 0.206 seconds
[2025-01-14T17:17:15.959-0500] {processor.py:186} INFO - Started process (PID=19362) to work on /usr/local/lib/python3.10/site-packages/airflow/example_dags/example_trigger_controller_dag.py
[2025-01-14T17:17:15.960-0500] {processor.py:914} INFO - Processing file /usr/local/lib/python3.10/site-packages/airflow/example_dags/example_trigger_controller_dag.py for tasks to queue
[2025-01-14T17:17:15.961-0500] {logging_mixin.py:190} INFO - [2025-01-14T17:17:15.961-0500] {dagbag.py:588} INFO - Filling up the DagBag from /usr/local/lib/python3.10/site-packages/airflow/example_dags/example_trigger_controller_dag.py
[2025-01-14T17:17:15.975-0500] {processor.py:925} INFO - DAG(s) 'example_trigger_controller_dag' retrieved from /usr/local/lib/python3.10/site-packages/airflow/example_dags/example_trigger_controller_dag.py
[2025-01-14T17:17:16.139-0500] {logging_mixin.py:190} INFO - [2025-01-14T17:17:16.138-0500] {dag.py:3239} INFO - Sync 1 DAGs
[2025-01-14T17:17:16.156-0500] {logging_mixin.py:190} INFO - [2025-01-14T17:17:16.156-0500] {dag.py:4180} INFO - Setting next_dagrun for example_trigger_controller_dag to 2021-01-01 00:00:00+00:00, run_after=2021-01-01 00:00:00+00:00
[2025-01-14T17:17:16.172-0500] {processor.py:208} INFO - Processing /usr/local/lib/python3.10/site-packages/airflow/example_dags/example_trigger_controller_dag.py took 0.218 seconds
[2025-01-14T17:19:32.273-0500] {processor.py:186} INFO - Started process (PID=20940) to work on /usr/local/lib/python3.10/site-packages/airflow/example_dags/example_trigger_controller_dag.py
[2025-01-14T17:19:32.274-0500] {processor.py:914} INFO - Processing file /usr/local/lib/python3.10/site-packages/airflow/example_dags/example_trigger_controller_dag.py for tasks to queue
[2025-01-14T17:19:32.275-0500] {logging_mixin.py:190} INFO - [2025-01-14T17:19:32.275-0500] {dagbag.py:588} INFO - Filling up the DagBag from /usr/local/lib/python3.10/site-packages/airflow/example_dags/example_trigger_controller_dag.py
[2025-01-14T17:19:32.287-0500] {processor.py:925} INFO - DAG(s) 'example_trigger_controller_dag' retrieved from /usr/local/lib/python3.10/site-packages/airflow/example_dags/example_trigger_controller_dag.py
[2025-01-14T17:19:32.442-0500] {logging_mixin.py:190} INFO - [2025-01-14T17:19:32.442-0500] {dag.py:3239} INFO - Sync 1 DAGs
[2025-01-14T17:19:32.458-0500] {logging_mixin.py:190} INFO - [2025-01-14T17:19:32.457-0500] {dag.py:4180} INFO - Setting next_dagrun for example_trigger_controller_dag to 2021-01-01 00:00:00+00:00, run_after=2021-01-01 00:00:00+00:00
[2025-01-14T17:19:32.473-0500] {processor.py:208} INFO - Processing /usr/local/lib/python3.10/site-packages/airflow/example_dags/example_trigger_controller_dag.py took 0.204 seconds
[2025-01-14T17:21:53.433-0500] {processor.py:186} INFO - Started process (PID=22529) to work on /usr/local/lib/python3.10/site-packages/airflow/example_dags/example_trigger_controller_dag.py
[2025-01-14T17:21:53.435-0500] {processor.py:914} INFO - Processing file /usr/local/lib/python3.10/site-packages/airflow/example_dags/example_trigger_controller_dag.py for tasks to queue
[2025-01-14T17:21:53.437-0500] {logging_mixin.py:190} INFO - [2025-01-14T17:21:53.436-0500] {dagbag.py:588} INFO - Filling up the DagBag from /usr/local/lib/python3.10/site-packages/airflow/example_dags/example_trigger_controller_dag.py
[2025-01-14T17:21:53.451-0500] {processor.py:925} INFO - DAG(s) 'example_trigger_controller_dag' retrieved from /usr/local/lib/python3.10/site-packages/airflow/example_dags/example_trigger_controller_dag.py
[2025-01-14T17:21:53.627-0500] {logging_mixin.py:190} INFO - [2025-01-14T17:21:53.627-0500] {dag.py:3239} INFO - Sync 1 DAGs
[2025-01-14T17:21:53.646-0500] {logging_mixin.py:190} INFO - [2025-01-14T17:21:53.645-0500] {dag.py:4180} INFO - Setting next_dagrun for example_trigger_controller_dag to 2021-01-01 00:00:00+00:00, run_after=2021-01-01 00:00:00+00:00
[2025-01-14T17:21:53.665-0500] {processor.py:208} INFO - Processing /usr/local/lib/python3.10/site-packages/airflow/example_dags/example_trigger_controller_dag.py took 0.237 seconds
[2025-01-14T17:24:17.394-0500] {processor.py:186} INFO - Started process (PID=24168) to work on /usr/local/lib/python3.10/site-packages/airflow/example_dags/example_trigger_controller_dag.py
[2025-01-14T17:24:17.396-0500] {processor.py:914} INFO - Processing file /usr/local/lib/python3.10/site-packages/airflow/example_dags/example_trigger_controller_dag.py for tasks to queue
[2025-01-14T17:24:17.398-0500] {logging_mixin.py:190} INFO - [2025-01-14T17:24:17.397-0500] {dagbag.py:588} INFO - Filling up the DagBag from /usr/local/lib/python3.10/site-packages/airflow/example_dags/example_trigger_controller_dag.py
[2025-01-14T17:24:17.412-0500] {processor.py:925} INFO - DAG(s) 'example_trigger_controller_dag' retrieved from /usr/local/lib/python3.10/site-packages/airflow/example_dags/example_trigger_controller_dag.py
[2025-01-14T17:24:17.584-0500] {logging_mixin.py:190} INFO - [2025-01-14T17:24:17.584-0500] {dag.py:3239} INFO - Sync 1 DAGs
[2025-01-14T17:24:17.603-0500] {logging_mixin.py:190} INFO - [2025-01-14T17:24:17.602-0500] {dag.py:4180} INFO - Setting next_dagrun for example_trigger_controller_dag to 2021-01-01 00:00:00+00:00, run_after=2021-01-01 00:00:00+00:00
[2025-01-14T17:24:17.620-0500] {processor.py:208} INFO - Processing /usr/local/lib/python3.10/site-packages/airflow/example_dags/example_trigger_controller_dag.py took 0.232 seconds
[2025-01-14T17:26:40.503-0500] {processor.py:186} INFO - Started process (PID=25811) to work on /usr/local/lib/python3.10/site-packages/airflow/example_dags/example_trigger_controller_dag.py
[2025-01-14T17:26:40.504-0500] {processor.py:914} INFO - Processing file /usr/local/lib/python3.10/site-packages/airflow/example_dags/example_trigger_controller_dag.py for tasks to queue
[2025-01-14T17:26:40.506-0500] {logging_mixin.py:190} INFO - [2025-01-14T17:26:40.505-0500] {dagbag.py:588} INFO - Filling up the DagBag from /usr/local/lib/python3.10/site-packages/airflow/example_dags/example_trigger_controller_dag.py
[2025-01-14T17:26:40.519-0500] {processor.py:925} INFO - DAG(s) 'example_trigger_controller_dag' retrieved from /usr/local/lib/python3.10/site-packages/airflow/example_dags/example_trigger_controller_dag.py
[2025-01-14T17:26:40.695-0500] {logging_mixin.py:190} INFO - [2025-01-14T17:26:40.695-0500] {dag.py:3239} INFO - Sync 1 DAGs
[2025-01-14T17:26:40.714-0500] {logging_mixin.py:190} INFO - [2025-01-14T17:26:40.714-0500] {dag.py:4180} INFO - Setting next_dagrun for example_trigger_controller_dag to 2021-01-01 00:00:00+00:00, run_after=2021-01-01 00:00:00+00:00
[2025-01-14T17:26:40.733-0500] {processor.py:208} INFO - Processing /usr/local/lib/python3.10/site-packages/airflow/example_dags/example_trigger_controller_dag.py took 0.235 seconds
[2025-01-14T17:29:04.750-0500] {processor.py:186} INFO - Started process (PID=27457) to work on /usr/local/lib/python3.10/site-packages/airflow/example_dags/example_trigger_controller_dag.py
[2025-01-14T17:29:04.751-0500] {processor.py:914} INFO - Processing file /usr/local/lib/python3.10/site-packages/airflow/example_dags/example_trigger_controller_dag.py for tasks to queue
[2025-01-14T17:29:04.753-0500] {logging_mixin.py:190} INFO - [2025-01-14T17:29:04.752-0500] {dagbag.py:588} INFO - Filling up the DagBag from /usr/local/lib/python3.10/site-packages/airflow/example_dags/example_trigger_controller_dag.py
[2025-01-14T17:29:04.765-0500] {processor.py:925} INFO - DAG(s) 'example_trigger_controller_dag' retrieved from /usr/local/lib/python3.10/site-packages/airflow/example_dags/example_trigger_controller_dag.py
[2025-01-14T17:29:04.928-0500] {logging_mixin.py:190} INFO - [2025-01-14T17:29:04.927-0500] {dag.py:3239} INFO - Sync 1 DAGs
[2025-01-14T17:29:04.946-0500] {logging_mixin.py:190} INFO - [2025-01-14T17:29:04.946-0500] {dag.py:4180} INFO - Setting next_dagrun for example_trigger_controller_dag to 2021-01-01 00:00:00+00:00, run_after=2021-01-01 00:00:00+00:00
[2025-01-14T17:29:04.964-0500] {processor.py:208} INFO - Processing /usr/local/lib/python3.10/site-packages/airflow/example_dags/example_trigger_controller_dag.py took 0.218 seconds
[2025-01-14T17:31:25.453-0500] {processor.py:186} INFO - Started process (PID=29089) to work on /usr/local/lib/python3.10/site-packages/airflow/example_dags/example_trigger_controller_dag.py
[2025-01-14T17:31:25.455-0500] {processor.py:914} INFO - Processing file /usr/local/lib/python3.10/site-packages/airflow/example_dags/example_trigger_controller_dag.py for tasks to queue
[2025-01-14T17:31:25.456-0500] {logging_mixin.py:190} INFO - [2025-01-14T17:31:25.456-0500] {dagbag.py:588} INFO - Filling up the DagBag from /usr/local/lib/python3.10/site-packages/airflow/example_dags/example_trigger_controller_dag.py
[2025-01-14T17:31:25.469-0500] {processor.py:925} INFO - DAG(s) 'example_trigger_controller_dag' retrieved from /usr/local/lib/python3.10/site-packages/airflow/example_dags/example_trigger_controller_dag.py
[2025-01-14T17:31:25.639-0500] {logging_mixin.py:190} INFO - [2025-01-14T17:31:25.638-0500] {dag.py:3239} INFO - Sync 1 DAGs
[2025-01-14T17:31:25.657-0500] {logging_mixin.py:190} INFO - [2025-01-14T17:31:25.657-0500] {dag.py:4180} INFO - Setting next_dagrun for example_trigger_controller_dag to 2021-01-01 00:00:00+00:00, run_after=2021-01-01 00:00:00+00:00
[2025-01-14T17:31:25.676-0500] {processor.py:208} INFO - Processing /usr/local/lib/python3.10/site-packages/airflow/example_dags/example_trigger_controller_dag.py took 0.227 seconds
[2025-01-14T17:33:43.796-0500] {processor.py:186} INFO - Started process (PID=30615) to work on /usr/local/lib/python3.10/site-packages/airflow/example_dags/example_trigger_controller_dag.py
[2025-01-14T17:33:43.797-0500] {processor.py:914} INFO - Processing file /usr/local/lib/python3.10/site-packages/airflow/example_dags/example_trigger_controller_dag.py for tasks to queue
[2025-01-14T17:33:43.798-0500] {logging_mixin.py:190} INFO - [2025-01-14T17:33:43.798-0500] {dagbag.py:588} INFO - Filling up the DagBag from /usr/local/lib/python3.10/site-packages/airflow/example_dags/example_trigger_controller_dag.py
[2025-01-14T17:33:43.810-0500] {processor.py:925} INFO - DAG(s) 'example_trigger_controller_dag' retrieved from /usr/local/lib/python3.10/site-packages/airflow/example_dags/example_trigger_controller_dag.py
[2025-01-14T17:33:43.964-0500] {logging_mixin.py:190} INFO - [2025-01-14T17:33:43.963-0500] {dag.py:3239} INFO - Sync 1 DAGs
[2025-01-14T17:33:43.979-0500] {logging_mixin.py:190} INFO - [2025-01-14T17:33:43.979-0500] {dag.py:4180} INFO - Setting next_dagrun for example_trigger_controller_dag to 2021-01-01 00:00:00+00:00, run_after=2021-01-01 00:00:00+00:00
[2025-01-14T17:33:43.994-0500] {processor.py:208} INFO - Processing /usr/local/lib/python3.10/site-packages/airflow/example_dags/example_trigger_controller_dag.py took 0.202 seconds
[2025-01-14T17:35:57.741-0500] {processor.py:186} INFO - Started process (PID=32165) to work on /usr/local/lib/python3.10/site-packages/airflow/example_dags/example_trigger_controller_dag.py
[2025-01-14T17:35:57.743-0500] {processor.py:914} INFO - Processing file /usr/local/lib/python3.10/site-packages/airflow/example_dags/example_trigger_controller_dag.py for tasks to queue
[2025-01-14T17:35:57.744-0500] {logging_mixin.py:190} INFO - [2025-01-14T17:35:57.744-0500] {dagbag.py:588} INFO - Filling up the DagBag from /usr/local/lib/python3.10/site-packages/airflow/example_dags/example_trigger_controller_dag.py
[2025-01-14T17:35:57.757-0500] {processor.py:925} INFO - DAG(s) 'example_trigger_controller_dag' retrieved from /usr/local/lib/python3.10/site-packages/airflow/example_dags/example_trigger_controller_dag.py
[2025-01-14T17:35:57.914-0500] {logging_mixin.py:190} INFO - [2025-01-14T17:35:57.914-0500] {dag.py:3239} INFO - Sync 1 DAGs
[2025-01-14T17:35:57.930-0500] {logging_mixin.py:190} INFO - [2025-01-14T17:35:57.929-0500] {dag.py:4180} INFO - Setting next_dagrun for example_trigger_controller_dag to 2021-01-01 00:00:00+00:00, run_after=2021-01-01 00:00:00+00:00
[2025-01-14T17:35:57.945-0500] {processor.py:208} INFO - Processing /usr/local/lib/python3.10/site-packages/airflow/example_dags/example_trigger_controller_dag.py took 0.208 seconds
[2025-01-14T17:38:11.487-0500] {processor.py:186} INFO - Started process (PID=33712) to work on /usr/local/lib/python3.10/site-packages/airflow/example_dags/example_trigger_controller_dag.py
[2025-01-14T17:38:11.488-0500] {processor.py:914} INFO - Processing file /usr/local/lib/python3.10/site-packages/airflow/example_dags/example_trigger_controller_dag.py for tasks to queue
[2025-01-14T17:38:11.489-0500] {logging_mixin.py:190} INFO - [2025-01-14T17:38:11.489-0500] {dagbag.py:588} INFO - Filling up the DagBag from /usr/local/lib/python3.10/site-packages/airflow/example_dags/example_trigger_controller_dag.py
[2025-01-14T17:38:11.501-0500] {processor.py:925} INFO - DAG(s) 'example_trigger_controller_dag' retrieved from /usr/local/lib/python3.10/site-packages/airflow/example_dags/example_trigger_controller_dag.py
[2025-01-14T17:38:11.654-0500] {logging_mixin.py:190} INFO - [2025-01-14T17:38:11.654-0500] {dag.py:3239} INFO - Sync 1 DAGs
[2025-01-14T17:38:11.670-0500] {logging_mixin.py:190} INFO - [2025-01-14T17:38:11.670-0500] {dag.py:4180} INFO - Setting next_dagrun for example_trigger_controller_dag to 2021-01-01 00:00:00+00:00, run_after=2021-01-01 00:00:00+00:00
[2025-01-14T17:38:11.686-0500] {processor.py:208} INFO - Processing /usr/local/lib/python3.10/site-packages/airflow/example_dags/example_trigger_controller_dag.py took 0.203 seconds
[2025-01-14T17:40:27.702-0500] {processor.py:186} INFO - Started process (PID=35274) to work on /usr/local/lib/python3.10/site-packages/airflow/example_dags/example_trigger_controller_dag.py
[2025-01-14T17:40:27.704-0500] {processor.py:914} INFO - Processing file /usr/local/lib/python3.10/site-packages/airflow/example_dags/example_trigger_controller_dag.py for tasks to queue
[2025-01-14T17:40:27.705-0500] {logging_mixin.py:190} INFO - [2025-01-14T17:40:27.705-0500] {dagbag.py:588} INFO - Filling up the DagBag from /usr/local/lib/python3.10/site-packages/airflow/example_dags/example_trigger_controller_dag.py
[2025-01-14T17:40:27.718-0500] {processor.py:925} INFO - DAG(s) 'example_trigger_controller_dag' retrieved from /usr/local/lib/python3.10/site-packages/airflow/example_dags/example_trigger_controller_dag.py
[2025-01-14T17:40:27.892-0500] {logging_mixin.py:190} INFO - [2025-01-14T17:40:27.891-0500] {dag.py:3239} INFO - Sync 1 DAGs
[2025-01-14T17:40:27.911-0500] {logging_mixin.py:190} INFO - [2025-01-14T17:40:27.910-0500] {dag.py:4180} INFO - Setting next_dagrun for example_trigger_controller_dag to 2021-01-01 00:00:00+00:00, run_after=2021-01-01 00:00:00+00:00
[2025-01-14T17:40:27.929-0500] {processor.py:208} INFO - Processing /usr/local/lib/python3.10/site-packages/airflow/example_dags/example_trigger_controller_dag.py took 0.231 seconds
[2025-01-14T17:42:42.583-0500] {processor.py:186} INFO - Started process (PID=36912) to work on /usr/local/lib/python3.10/site-packages/airflow/example_dags/example_trigger_controller_dag.py
[2025-01-14T17:42:42.584-0500] {processor.py:914} INFO - Processing file /usr/local/lib/python3.10/site-packages/airflow/example_dags/example_trigger_controller_dag.py for tasks to queue
[2025-01-14T17:42:42.586-0500] {logging_mixin.py:190} INFO - [2025-01-14T17:42:42.585-0500] {dagbag.py:588} INFO - Filling up the DagBag from /usr/local/lib/python3.10/site-packages/airflow/example_dags/example_trigger_controller_dag.py
[2025-01-14T17:42:42.598-0500] {processor.py:925} INFO - DAG(s) 'example_trigger_controller_dag' retrieved from /usr/local/lib/python3.10/site-packages/airflow/example_dags/example_trigger_controller_dag.py
[2025-01-14T17:42:42.755-0500] {logging_mixin.py:190} INFO - [2025-01-14T17:42:42.755-0500] {dag.py:3239} INFO - Sync 1 DAGs
[2025-01-14T17:42:42.772-0500] {logging_mixin.py:190} INFO - [2025-01-14T17:42:42.771-0500] {dag.py:4180} INFO - Setting next_dagrun for example_trigger_controller_dag to 2021-01-01 00:00:00+00:00, run_after=2021-01-01 00:00:00+00:00
[2025-01-14T17:42:42.787-0500] {processor.py:208} INFO - Processing /usr/local/lib/python3.10/site-packages/airflow/example_dags/example_trigger_controller_dag.py took 0.208 seconds
[2025-01-14T17:44:57.786-0500] {processor.py:186} INFO - Started process (PID=38553) to work on /usr/local/lib/python3.10/site-packages/airflow/example_dags/example_trigger_controller_dag.py
[2025-01-14T17:44:57.788-0500] {processor.py:914} INFO - Processing file /usr/local/lib/python3.10/site-packages/airflow/example_dags/example_trigger_controller_dag.py for tasks to queue
[2025-01-14T17:44:57.790-0500] {logging_mixin.py:190} INFO - [2025-01-14T17:44:57.789-0500] {dagbag.py:588} INFO - Filling up the DagBag from /usr/local/lib/python3.10/site-packages/airflow/example_dags/example_trigger_controller_dag.py
[2025-01-14T17:44:57.802-0500] {processor.py:925} INFO - DAG(s) 'example_trigger_controller_dag' retrieved from /usr/local/lib/python3.10/site-packages/airflow/example_dags/example_trigger_controller_dag.py
[2025-01-14T17:44:57.961-0500] {logging_mixin.py:190} INFO - [2025-01-14T17:44:57.960-0500] {dag.py:3239} INFO - Sync 1 DAGs
[2025-01-14T17:44:57.978-0500] {logging_mixin.py:190} INFO - [2025-01-14T17:44:57.978-0500] {dag.py:4180} INFO - Setting next_dagrun for example_trigger_controller_dag to 2021-01-01 00:00:00+00:00, run_after=2021-01-01 00:00:00+00:00
[2025-01-14T17:44:57.995-0500] {processor.py:208} INFO - Processing /usr/local/lib/python3.10/site-packages/airflow/example_dags/example_trigger_controller_dag.py took 0.213 seconds
[2025-01-14T17:47:13.589-0500] {processor.py:186} INFO - Started process (PID=40079) to work on /usr/local/lib/python3.10/site-packages/airflow/example_dags/example_trigger_controller_dag.py
[2025-01-14T17:47:13.591-0500] {processor.py:914} INFO - Processing file /usr/local/lib/python3.10/site-packages/airflow/example_dags/example_trigger_controller_dag.py for tasks to queue
[2025-01-14T17:47:13.592-0500] {logging_mixin.py:190} INFO - [2025-01-14T17:47:13.592-0500] {dagbag.py:588} INFO - Filling up the DagBag from /usr/local/lib/python3.10/site-packages/airflow/example_dags/example_trigger_controller_dag.py
[2025-01-14T17:47:13.604-0500] {processor.py:925} INFO - DAG(s) 'example_trigger_controller_dag' retrieved from /usr/local/lib/python3.10/site-packages/airflow/example_dags/example_trigger_controller_dag.py
[2025-01-14T17:47:13.770-0500] {logging_mixin.py:190} INFO - [2025-01-14T17:47:13.770-0500] {dag.py:3239} INFO - Sync 1 DAGs
[2025-01-14T17:47:13.789-0500] {logging_mixin.py:190} INFO - [2025-01-14T17:47:13.788-0500] {dag.py:4180} INFO - Setting next_dagrun for example_trigger_controller_dag to 2021-01-01 00:00:00+00:00, run_after=2021-01-01 00:00:00+00:00
[2025-01-14T17:47:13.808-0500] {processor.py:208} INFO - Processing /usr/local/lib/python3.10/site-packages/airflow/example_dags/example_trigger_controller_dag.py took 0.223 seconds
[2025-01-14T17:49:28.211-0500] {processor.py:186} INFO - Started process (PID=41600) to work on /usr/local/lib/python3.10/site-packages/airflow/example_dags/example_trigger_controller_dag.py
[2025-01-14T17:49:28.212-0500] {processor.py:914} INFO - Processing file /usr/local/lib/python3.10/site-packages/airflow/example_dags/example_trigger_controller_dag.py for tasks to queue
[2025-01-14T17:49:28.214-0500] {logging_mixin.py:190} INFO - [2025-01-14T17:49:28.214-0500] {dagbag.py:588} INFO - Filling up the DagBag from /usr/local/lib/python3.10/site-packages/airflow/example_dags/example_trigger_controller_dag.py
[2025-01-14T17:49:28.228-0500] {processor.py:925} INFO - DAG(s) 'example_trigger_controller_dag' retrieved from /usr/local/lib/python3.10/site-packages/airflow/example_dags/example_trigger_controller_dag.py
[2025-01-14T17:49:28.405-0500] {logging_mixin.py:190} INFO - [2025-01-14T17:49:28.404-0500] {dag.py:3239} INFO - Sync 1 DAGs
[2025-01-14T17:49:28.422-0500] {logging_mixin.py:190} INFO - [2025-01-14T17:49:28.421-0500] {dag.py:4180} INFO - Setting next_dagrun for example_trigger_controller_dag to 2021-01-01 00:00:00+00:00, run_after=2021-01-01 00:00:00+00:00
[2025-01-14T17:49:28.438-0500] {processor.py:208} INFO - Processing /usr/local/lib/python3.10/site-packages/airflow/example_dags/example_trigger_controller_dag.py took 0.232 seconds
[2025-01-14T17:51:45.501-0500] {processor.py:186} INFO - Started process (PID=43127) to work on /usr/local/lib/python3.10/site-packages/airflow/example_dags/example_trigger_controller_dag.py
[2025-01-14T17:51:45.503-0500] {processor.py:914} INFO - Processing file /usr/local/lib/python3.10/site-packages/airflow/example_dags/example_trigger_controller_dag.py for tasks to queue
[2025-01-14T17:51:45.504-0500] {logging_mixin.py:190} INFO - [2025-01-14T17:51:45.504-0500] {dagbag.py:588} INFO - Filling up the DagBag from /usr/local/lib/python3.10/site-packages/airflow/example_dags/example_trigger_controller_dag.py
[2025-01-14T17:51:45.519-0500] {processor.py:925} INFO - DAG(s) 'example_trigger_controller_dag' retrieved from /usr/local/lib/python3.10/site-packages/airflow/example_dags/example_trigger_controller_dag.py
[2025-01-14T17:51:45.687-0500] {logging_mixin.py:190} INFO - [2025-01-14T17:51:45.686-0500] {dag.py:3239} INFO - Sync 1 DAGs
[2025-01-14T17:51:45.703-0500] {logging_mixin.py:190} INFO - [2025-01-14T17:51:45.703-0500] {dag.py:4180} INFO - Setting next_dagrun for example_trigger_controller_dag to 2021-01-01 00:00:00+00:00, run_after=2021-01-01 00:00:00+00:00
[2025-01-14T17:51:45.720-0500] {processor.py:208} INFO - Processing /usr/local/lib/python3.10/site-packages/airflow/example_dags/example_trigger_controller_dag.py took 0.223 seconds
[2025-01-14T17:54:00.695-0500] {processor.py:186} INFO - Started process (PID=44661) to work on /usr/local/lib/python3.10/site-packages/airflow/example_dags/example_trigger_controller_dag.py
[2025-01-14T17:54:00.697-0500] {processor.py:914} INFO - Processing file /usr/local/lib/python3.10/site-packages/airflow/example_dags/example_trigger_controller_dag.py for tasks to queue
[2025-01-14T17:54:00.698-0500] {logging_mixin.py:190} INFO - [2025-01-14T17:54:00.698-0500] {dagbag.py:588} INFO - Filling up the DagBag from /usr/local/lib/python3.10/site-packages/airflow/example_dags/example_trigger_controller_dag.py
[2025-01-14T17:54:00.710-0500] {processor.py:925} INFO - DAG(s) 'example_trigger_controller_dag' retrieved from /usr/local/lib/python3.10/site-packages/airflow/example_dags/example_trigger_controller_dag.py
[2025-01-14T17:54:00.860-0500] {logging_mixin.py:190} INFO - [2025-01-14T17:54:00.860-0500] {dag.py:3239} INFO - Sync 1 DAGs
[2025-01-14T17:54:00.876-0500] {logging_mixin.py:190} INFO - [2025-01-14T17:54:00.876-0500] {dag.py:4180} INFO - Setting next_dagrun for example_trigger_controller_dag to 2021-01-01 00:00:00+00:00, run_after=2021-01-01 00:00:00+00:00
[2025-01-14T17:54:00.894-0500] {processor.py:208} INFO - Processing /usr/local/lib/python3.10/site-packages/airflow/example_dags/example_trigger_controller_dag.py took 0.202 seconds
[2025-01-14T17:56:19.970-0500] {processor.py:186} INFO - Started process (PID=46367) to work on /usr/local/lib/python3.10/site-packages/airflow/example_dags/example_trigger_controller_dag.py
[2025-01-14T17:56:19.973-0500] {processor.py:914} INFO - Processing file /usr/local/lib/python3.10/site-packages/airflow/example_dags/example_trigger_controller_dag.py for tasks to queue
[2025-01-14T17:56:19.974-0500] {logging_mixin.py:190} INFO - [2025-01-14T17:56:19.974-0500] {dagbag.py:588} INFO - Filling up the DagBag from /usr/local/lib/python3.10/site-packages/airflow/example_dags/example_trigger_controller_dag.py
[2025-01-14T17:56:19.991-0500] {processor.py:925} INFO - DAG(s) 'example_trigger_controller_dag' retrieved from /usr/local/lib/python3.10/site-packages/airflow/example_dags/example_trigger_controller_dag.py
[2025-01-14T17:56:20.172-0500] {logging_mixin.py:190} INFO - [2025-01-14T17:56:20.172-0500] {dag.py:3239} INFO - Sync 1 DAGs
[2025-01-14T17:56:20.190-0500] {logging_mixin.py:190} INFO - [2025-01-14T17:56:20.190-0500] {dag.py:4180} INFO - Setting next_dagrun for example_trigger_controller_dag to 2021-01-01 00:00:00+00:00, run_after=2021-01-01 00:00:00+00:00
[2025-01-14T17:56:20.205-0500] {processor.py:208} INFO - Processing /usr/local/lib/python3.10/site-packages/airflow/example_dags/example_trigger_controller_dag.py took 0.240 seconds
[2025-01-14T17:58:38.735-0500] {processor.py:186} INFO - Started process (PID=47903) to work on /usr/local/lib/python3.10/site-packages/airflow/example_dags/example_trigger_controller_dag.py
[2025-01-14T17:58:38.737-0500] {processor.py:914} INFO - Processing file /usr/local/lib/python3.10/site-packages/airflow/example_dags/example_trigger_controller_dag.py for tasks to queue
[2025-01-14T17:58:38.738-0500] {logging_mixin.py:190} INFO - [2025-01-14T17:58:38.738-0500] {dagbag.py:588} INFO - Filling up the DagBag from /usr/local/lib/python3.10/site-packages/airflow/example_dags/example_trigger_controller_dag.py
[2025-01-14T17:58:38.751-0500] {processor.py:925} INFO - DAG(s) 'example_trigger_controller_dag' retrieved from /usr/local/lib/python3.10/site-packages/airflow/example_dags/example_trigger_controller_dag.py
[2025-01-14T17:58:38.908-0500] {logging_mixin.py:190} INFO - [2025-01-14T17:58:38.907-0500] {dag.py:3239} INFO - Sync 1 DAGs
[2025-01-14T17:58:38.926-0500] {logging_mixin.py:190} INFO - [2025-01-14T17:58:38.925-0500] {dag.py:4180} INFO - Setting next_dagrun for example_trigger_controller_dag to 2021-01-01 00:00:00+00:00, run_after=2021-01-01 00:00:00+00:00
[2025-01-14T17:58:38.943-0500] {processor.py:208} INFO - Processing /usr/local/lib/python3.10/site-packages/airflow/example_dags/example_trigger_controller_dag.py took 0.212 seconds
[2025-01-14T18:00:59.458-0500] {processor.py:186} INFO - Started process (PID=49578) to work on /usr/local/lib/python3.10/site-packages/airflow/example_dags/example_trigger_controller_dag.py
[2025-01-14T18:00:59.460-0500] {processor.py:914} INFO - Processing file /usr/local/lib/python3.10/site-packages/airflow/example_dags/example_trigger_controller_dag.py for tasks to queue
[2025-01-14T18:00:59.461-0500] {logging_mixin.py:190} INFO - [2025-01-14T18:00:59.461-0500] {dagbag.py:588} INFO - Filling up the DagBag from /usr/local/lib/python3.10/site-packages/airflow/example_dags/example_trigger_controller_dag.py
[2025-01-14T18:00:59.476-0500] {processor.py:925} INFO - DAG(s) 'example_trigger_controller_dag' retrieved from /usr/local/lib/python3.10/site-packages/airflow/example_dags/example_trigger_controller_dag.py
[2025-01-14T18:00:59.631-0500] {logging_mixin.py:190} INFO - [2025-01-14T18:00:59.631-0500] {dag.py:3239} INFO - Sync 1 DAGs
[2025-01-14T18:00:59.648-0500] {logging_mixin.py:190} INFO - [2025-01-14T18:00:59.648-0500] {dag.py:4180} INFO - Setting next_dagrun for example_trigger_controller_dag to 2021-01-01 00:00:00+00:00, run_after=2021-01-01 00:00:00+00:00
[2025-01-14T18:00:59.665-0500] {processor.py:208} INFO - Processing /usr/local/lib/python3.10/site-packages/airflow/example_dags/example_trigger_controller_dag.py took 0.213 seconds
[2025-01-14T18:03:15.997-0500] {processor.py:186} INFO - Started process (PID=51108) to work on /usr/local/lib/python3.10/site-packages/airflow/example_dags/example_trigger_controller_dag.py
[2025-01-14T18:03:15.998-0500] {processor.py:914} INFO - Processing file /usr/local/lib/python3.10/site-packages/airflow/example_dags/example_trigger_controller_dag.py for tasks to queue
[2025-01-14T18:03:16.000-0500] {logging_mixin.py:190} INFO - [2025-01-14T18:03:15.999-0500] {dagbag.py:588} INFO - Filling up the DagBag from /usr/local/lib/python3.10/site-packages/airflow/example_dags/example_trigger_controller_dag.py
[2025-01-14T18:03:16.012-0500] {processor.py:925} INFO - DAG(s) 'example_trigger_controller_dag' retrieved from /usr/local/lib/python3.10/site-packages/airflow/example_dags/example_trigger_controller_dag.py
[2025-01-14T18:03:16.175-0500] {logging_mixin.py:190} INFO - [2025-01-14T18:03:16.175-0500] {dag.py:3239} INFO - Sync 1 DAGs
[2025-01-14T18:03:16.193-0500] {logging_mixin.py:190} INFO - [2025-01-14T18:03:16.193-0500] {dag.py:4180} INFO - Setting next_dagrun for example_trigger_controller_dag to 2021-01-01 00:00:00+00:00, run_after=2021-01-01 00:00:00+00:00
[2025-01-14T18:03:16.210-0500] {processor.py:208} INFO - Processing /usr/local/lib/python3.10/site-packages/airflow/example_dags/example_trigger_controller_dag.py took 0.216 seconds
[2025-01-14T18:05:38.514-0500] {processor.py:186} INFO - Started process (PID=52784) to work on /usr/local/lib/python3.10/site-packages/airflow/example_dags/example_trigger_controller_dag.py
[2025-01-14T18:05:38.515-0500] {processor.py:914} INFO - Processing file /usr/local/lib/python3.10/site-packages/airflow/example_dags/example_trigger_controller_dag.py for tasks to queue
[2025-01-14T18:05:38.516-0500] {logging_mixin.py:190} INFO - [2025-01-14T18:05:38.516-0500] {dagbag.py:588} INFO - Filling up the DagBag from /usr/local/lib/python3.10/site-packages/airflow/example_dags/example_trigger_controller_dag.py
[2025-01-14T18:05:38.529-0500] {processor.py:925} INFO - DAG(s) 'example_trigger_controller_dag' retrieved from /usr/local/lib/python3.10/site-packages/airflow/example_dags/example_trigger_controller_dag.py
[2025-01-14T18:05:38.689-0500] {logging_mixin.py:190} INFO - [2025-01-14T18:05:38.689-0500] {dag.py:3239} INFO - Sync 1 DAGs
[2025-01-14T18:05:38.706-0500] {logging_mixin.py:190} INFO - [2025-01-14T18:05:38.706-0500] {dag.py:4180} INFO - Setting next_dagrun for example_trigger_controller_dag to 2021-01-01 00:00:00+00:00, run_after=2021-01-01 00:00:00+00:00
[2025-01-14T18:05:38.723-0500] {processor.py:208} INFO - Processing /usr/local/lib/python3.10/site-packages/airflow/example_dags/example_trigger_controller_dag.py took 0.213 seconds
[2025-01-14T18:07:53.311-0500] {processor.py:186} INFO - Started process (PID=54307) to work on /usr/local/lib/python3.10/site-packages/airflow/example_dags/example_trigger_controller_dag.py
[2025-01-14T18:07:53.313-0500] {processor.py:914} INFO - Processing file /usr/local/lib/python3.10/site-packages/airflow/example_dags/example_trigger_controller_dag.py for tasks to queue
[2025-01-14T18:07:53.314-0500] {logging_mixin.py:190} INFO - [2025-01-14T18:07:53.314-0500] {dagbag.py:588} INFO - Filling up the DagBag from /usr/local/lib/python3.10/site-packages/airflow/example_dags/example_trigger_controller_dag.py
[2025-01-14T18:07:53.326-0500] {processor.py:925} INFO - DAG(s) 'example_trigger_controller_dag' retrieved from /usr/local/lib/python3.10/site-packages/airflow/example_dags/example_trigger_controller_dag.py
[2025-01-14T18:07:53.482-0500] {logging_mixin.py:190} INFO - [2025-01-14T18:07:53.482-0500] {dag.py:3239} INFO - Sync 1 DAGs
[2025-01-14T18:07:53.499-0500] {logging_mixin.py:190} INFO - [2025-01-14T18:07:53.499-0500] {dag.py:4180} INFO - Setting next_dagrun for example_trigger_controller_dag to 2021-01-01 00:00:00+00:00, run_after=2021-01-01 00:00:00+00:00
[2025-01-14T18:07:53.515-0500] {processor.py:208} INFO - Processing /usr/local/lib/python3.10/site-packages/airflow/example_dags/example_trigger_controller_dag.py took 0.208 seconds
[2025-01-14T18:10:06.731-0500] {processor.py:186} INFO - Started process (PID=55833) to work on /usr/local/lib/python3.10/site-packages/airflow/example_dags/example_trigger_controller_dag.py
[2025-01-14T18:10:06.733-0500] {processor.py:914} INFO - Processing file /usr/local/lib/python3.10/site-packages/airflow/example_dags/example_trigger_controller_dag.py for tasks to queue
[2025-01-14T18:10:06.734-0500] {logging_mixin.py:190} INFO - [2025-01-14T18:10:06.734-0500] {dagbag.py:588} INFO - Filling up the DagBag from /usr/local/lib/python3.10/site-packages/airflow/example_dags/example_trigger_controller_dag.py
[2025-01-14T18:10:06.746-0500] {processor.py:925} INFO - DAG(s) 'example_trigger_controller_dag' retrieved from /usr/local/lib/python3.10/site-packages/airflow/example_dags/example_trigger_controller_dag.py
[2025-01-14T18:10:06.903-0500] {logging_mixin.py:190} INFO - [2025-01-14T18:10:06.903-0500] {dag.py:3239} INFO - Sync 1 DAGs
[2025-01-14T18:10:06.920-0500] {logging_mixin.py:190} INFO - [2025-01-14T18:10:06.920-0500] {dag.py:4180} INFO - Setting next_dagrun for example_trigger_controller_dag to 2021-01-01 00:00:00+00:00, run_after=2021-01-01 00:00:00+00:00
[2025-01-14T18:10:06.937-0500] {processor.py:208} INFO - Processing /usr/local/lib/python3.10/site-packages/airflow/example_dags/example_trigger_controller_dag.py took 0.210 seconds
[2025-01-14T18:12:21.152-0500] {processor.py:186} INFO - Started process (PID=57357) to work on /usr/local/lib/python3.10/site-packages/airflow/example_dags/example_trigger_controller_dag.py
[2025-01-14T18:12:21.153-0500] {processor.py:914} INFO - Processing file /usr/local/lib/python3.10/site-packages/airflow/example_dags/example_trigger_controller_dag.py for tasks to queue
[2025-01-14T18:12:21.155-0500] {logging_mixin.py:190} INFO - [2025-01-14T18:12:21.154-0500] {dagbag.py:588} INFO - Filling up the DagBag from /usr/local/lib/python3.10/site-packages/airflow/example_dags/example_trigger_controller_dag.py
[2025-01-14T18:12:21.167-0500] {processor.py:925} INFO - DAG(s) 'example_trigger_controller_dag' retrieved from /usr/local/lib/python3.10/site-packages/airflow/example_dags/example_trigger_controller_dag.py
[2025-01-14T18:12:21.319-0500] {logging_mixin.py:190} INFO - [2025-01-14T18:12:21.318-0500] {dag.py:3239} INFO - Sync 1 DAGs
[2025-01-14T18:12:21.334-0500] {logging_mixin.py:190} INFO - [2025-01-14T18:12:21.334-0500] {dag.py:4180} INFO - Setting next_dagrun for example_trigger_controller_dag to 2021-01-01 00:00:00+00:00, run_after=2021-01-01 00:00:00+00:00
[2025-01-14T18:12:21.350-0500] {processor.py:208} INFO - Processing /usr/local/lib/python3.10/site-packages/airflow/example_dags/example_trigger_controller_dag.py took 0.202 seconds
[2025-01-14T18:14:34.847-0500] {processor.py:186} INFO - Started process (PID=58871) to work on /usr/local/lib/python3.10/site-packages/airflow/example_dags/example_trigger_controller_dag.py
[2025-01-14T18:14:34.849-0500] {processor.py:914} INFO - Processing file /usr/local/lib/python3.10/site-packages/airflow/example_dags/example_trigger_controller_dag.py for tasks to queue
[2025-01-14T18:14:34.850-0500] {logging_mixin.py:190} INFO - [2025-01-14T18:14:34.850-0500] {dagbag.py:588} INFO - Filling up the DagBag from /usr/local/lib/python3.10/site-packages/airflow/example_dags/example_trigger_controller_dag.py
[2025-01-14T18:14:34.863-0500] {processor.py:925} INFO - DAG(s) 'example_trigger_controller_dag' retrieved from /usr/local/lib/python3.10/site-packages/airflow/example_dags/example_trigger_controller_dag.py
[2025-01-14T18:14:35.015-0500] {logging_mixin.py:190} INFO - [2025-01-14T18:14:35.015-0500] {dag.py:3239} INFO - Sync 1 DAGs
[2025-01-14T18:14:35.032-0500] {logging_mixin.py:190} INFO - [2025-01-14T18:14:35.031-0500] {dag.py:4180} INFO - Setting next_dagrun for example_trigger_controller_dag to 2021-01-01 00:00:00+00:00, run_after=2021-01-01 00:00:00+00:00
[2025-01-14T18:14:35.047-0500] {processor.py:208} INFO - Processing /usr/local/lib/python3.10/site-packages/airflow/example_dags/example_trigger_controller_dag.py took 0.204 seconds
[2025-01-14T18:16:51.317-0500] {processor.py:186} INFO - Started process (PID=60504) to work on /usr/local/lib/python3.10/site-packages/airflow/example_dags/example_trigger_controller_dag.py
[2025-01-14T18:16:51.319-0500] {processor.py:914} INFO - Processing file /usr/local/lib/python3.10/site-packages/airflow/example_dags/example_trigger_controller_dag.py for tasks to queue
[2025-01-14T18:16:51.320-0500] {logging_mixin.py:190} INFO - [2025-01-14T18:16:51.320-0500] {dagbag.py:588} INFO - Filling up the DagBag from /usr/local/lib/python3.10/site-packages/airflow/example_dags/example_trigger_controller_dag.py
[2025-01-14T18:16:51.333-0500] {processor.py:925} INFO - DAG(s) 'example_trigger_controller_dag' retrieved from /usr/local/lib/python3.10/site-packages/airflow/example_dags/example_trigger_controller_dag.py
[2025-01-14T18:16:51.484-0500] {logging_mixin.py:190} INFO - [2025-01-14T18:16:51.483-0500] {dag.py:3239} INFO - Sync 1 DAGs
[2025-01-14T18:16:51.499-0500] {logging_mixin.py:190} INFO - [2025-01-14T18:16:51.498-0500] {dag.py:4180} INFO - Setting next_dagrun for example_trigger_controller_dag to 2021-01-01 00:00:00+00:00, run_after=2021-01-01 00:00:00+00:00
[2025-01-14T18:16:51.515-0500] {processor.py:208} INFO - Processing /usr/local/lib/python3.10/site-packages/airflow/example_dags/example_trigger_controller_dag.py took 0.201 seconds
[2025-01-14T18:19:01.478-0500] {processor.py:186} INFO - Started process (PID=61927) to work on /usr/local/lib/python3.10/site-packages/airflow/example_dags/example_trigger_controller_dag.py
[2025-01-14T18:19:01.479-0500] {processor.py:914} INFO - Processing file /usr/local/lib/python3.10/site-packages/airflow/example_dags/example_trigger_controller_dag.py for tasks to queue
[2025-01-14T18:19:01.480-0500] {logging_mixin.py:190} INFO - [2025-01-14T18:19:01.480-0500] {dagbag.py:588} INFO - Filling up the DagBag from /usr/local/lib/python3.10/site-packages/airflow/example_dags/example_trigger_controller_dag.py
[2025-01-14T18:19:01.492-0500] {processor.py:925} INFO - DAG(s) 'example_trigger_controller_dag' retrieved from /usr/local/lib/python3.10/site-packages/airflow/example_dags/example_trigger_controller_dag.py
[2025-01-14T18:19:01.631-0500] {logging_mixin.py:190} INFO - [2025-01-14T18:19:01.631-0500] {dag.py:3239} INFO - Sync 1 DAGs
[2025-01-14T18:19:01.646-0500] {logging_mixin.py:190} INFO - [2025-01-14T18:19:01.646-0500] {dag.py:4180} INFO - Setting next_dagrun for example_trigger_controller_dag to 2021-01-01 00:00:00+00:00, run_after=2021-01-01 00:00:00+00:00
[2025-01-14T18:19:01.661-0500] {processor.py:208} INFO - Processing /usr/local/lib/python3.10/site-packages/airflow/example_dags/example_trigger_controller_dag.py took 0.187 seconds
[2025-01-14T18:21:14.396-0500] {processor.py:186} INFO - Started process (PID=63477) to work on /usr/local/lib/python3.10/site-packages/airflow/example_dags/example_trigger_controller_dag.py
[2025-01-14T18:21:14.397-0500] {processor.py:914} INFO - Processing file /usr/local/lib/python3.10/site-packages/airflow/example_dags/example_trigger_controller_dag.py for tasks to queue
[2025-01-14T18:21:14.398-0500] {logging_mixin.py:190} INFO - [2025-01-14T18:21:14.398-0500] {dagbag.py:588} INFO - Filling up the DagBag from /usr/local/lib/python3.10/site-packages/airflow/example_dags/example_trigger_controller_dag.py
[2025-01-14T18:21:14.411-0500] {processor.py:925} INFO - DAG(s) 'example_trigger_controller_dag' retrieved from /usr/local/lib/python3.10/site-packages/airflow/example_dags/example_trigger_controller_dag.py
[2025-01-14T18:21:14.562-0500] {logging_mixin.py:190} INFO - [2025-01-14T18:21:14.562-0500] {dag.py:3239} INFO - Sync 1 DAGs
[2025-01-14T18:21:14.578-0500] {logging_mixin.py:190} INFO - [2025-01-14T18:21:14.578-0500] {dag.py:4180} INFO - Setting next_dagrun for example_trigger_controller_dag to 2021-01-01 00:00:00+00:00, run_after=2021-01-01 00:00:00+00:00
[2025-01-14T18:21:14.593-0500] {processor.py:208} INFO - Processing /usr/local/lib/python3.10/site-packages/airflow/example_dags/example_trigger_controller_dag.py took 0.202 seconds
[2025-01-14T18:44:54.921-0500] {processor.py:186} INFO - Started process (PID=65401) to work on /usr/local/lib/python3.10/site-packages/airflow/example_dags/example_trigger_controller_dag.py
[2025-01-14T18:44:54.923-0500] {processor.py:914} INFO - Processing file /usr/local/lib/python3.10/site-packages/airflow/example_dags/example_trigger_controller_dag.py for tasks to queue
[2025-01-14T18:44:54.924-0500] {logging_mixin.py:190} INFO - [2025-01-14T18:44:54.924-0500] {dagbag.py:588} INFO - Filling up the DagBag from /usr/local/lib/python3.10/site-packages/airflow/example_dags/example_trigger_controller_dag.py
[2025-01-14T18:44:54.938-0500] {processor.py:925} INFO - DAG(s) 'example_trigger_controller_dag' retrieved from /usr/local/lib/python3.10/site-packages/airflow/example_dags/example_trigger_controller_dag.py
[2025-01-14T18:44:55.090-0500] {logging_mixin.py:190} INFO - [2025-01-14T18:44:55.089-0500] {dag.py:3239} INFO - Sync 1 DAGs
[2025-01-14T18:44:55.105-0500] {logging_mixin.py:190} INFO - [2025-01-14T18:44:55.105-0500] {dag.py:4180} INFO - Setting next_dagrun for example_trigger_controller_dag to 2021-01-01 00:00:00+00:00, run_after=2021-01-01 00:00:00+00:00
[2025-01-14T18:44:55.121-0500] {processor.py:208} INFO - Processing /usr/local/lib/python3.10/site-packages/airflow/example_dags/example_trigger_controller_dag.py took 0.203 seconds
[2025-01-14T18:47:34.164-0500] {processor.py:186} INFO - Started process (PID=67273) to work on /usr/local/lib/python3.10/site-packages/airflow/example_dags/example_trigger_controller_dag.py
[2025-01-14T18:47:34.165-0500] {processor.py:914} INFO - Processing file /usr/local/lib/python3.10/site-packages/airflow/example_dags/example_trigger_controller_dag.py for tasks to queue
[2025-01-14T18:47:34.167-0500] {logging_mixin.py:190} INFO - [2025-01-14T18:47:34.167-0500] {dagbag.py:588} INFO - Filling up the DagBag from /usr/local/lib/python3.10/site-packages/airflow/example_dags/example_trigger_controller_dag.py
[2025-01-14T18:47:34.181-0500] {processor.py:925} INFO - DAG(s) 'example_trigger_controller_dag' retrieved from /usr/local/lib/python3.10/site-packages/airflow/example_dags/example_trigger_controller_dag.py
[2025-01-14T18:47:34.350-0500] {logging_mixin.py:190} INFO - [2025-01-14T18:47:34.349-0500] {dag.py:3239} INFO - Sync 1 DAGs
[2025-01-14T18:47:34.368-0500] {logging_mixin.py:190} INFO - [2025-01-14T18:47:34.368-0500] {dag.py:4180} INFO - Setting next_dagrun for example_trigger_controller_dag to 2021-01-01 00:00:00+00:00, run_after=2021-01-01 00:00:00+00:00
[2025-01-14T18:47:34.387-0500] {processor.py:208} INFO - Processing /usr/local/lib/python3.10/site-packages/airflow/example_dags/example_trigger_controller_dag.py took 0.227 seconds
[2025-01-14T18:49:54.015-0500] {processor.py:186} INFO - Started process (PID=68974) to work on /usr/local/lib/python3.10/site-packages/airflow/example_dags/example_trigger_controller_dag.py
[2025-01-14T18:49:54.016-0500] {processor.py:914} INFO - Processing file /usr/local/lib/python3.10/site-packages/airflow/example_dags/example_trigger_controller_dag.py for tasks to queue
[2025-01-14T18:49:54.017-0500] {logging_mixin.py:190} INFO - [2025-01-14T18:49:54.017-0500] {dagbag.py:588} INFO - Filling up the DagBag from /usr/local/lib/python3.10/site-packages/airflow/example_dags/example_trigger_controller_dag.py
[2025-01-14T18:49:54.030-0500] {processor.py:925} INFO - DAG(s) 'example_trigger_controller_dag' retrieved from /usr/local/lib/python3.10/site-packages/airflow/example_dags/example_trigger_controller_dag.py
[2025-01-14T18:49:54.184-0500] {logging_mixin.py:190} INFO - [2025-01-14T18:49:54.184-0500] {dag.py:3239} INFO - Sync 1 DAGs
[2025-01-14T18:49:54.202-0500] {logging_mixin.py:190} INFO - [2025-01-14T18:49:54.202-0500] {dag.py:4180} INFO - Setting next_dagrun for example_trigger_controller_dag to 2021-01-01 00:00:00+00:00, run_after=2021-01-01 00:00:00+00:00
[2025-01-14T18:49:54.220-0500] {processor.py:208} INFO - Processing /usr/local/lib/python3.10/site-packages/airflow/example_dags/example_trigger_controller_dag.py took 0.209 seconds
[2025-01-14T18:52:10.932-0500] {processor.py:186} INFO - Started process (PID=70496) to work on /usr/local/lib/python3.10/site-packages/airflow/example_dags/example_trigger_controller_dag.py
[2025-01-14T18:52:10.934-0500] {processor.py:914} INFO - Processing file /usr/local/lib/python3.10/site-packages/airflow/example_dags/example_trigger_controller_dag.py for tasks to queue
[2025-01-14T18:52:10.935-0500] {logging_mixin.py:190} INFO - [2025-01-14T18:52:10.935-0500] {dagbag.py:588} INFO - Filling up the DagBag from /usr/local/lib/python3.10/site-packages/airflow/example_dags/example_trigger_controller_dag.py
[2025-01-14T18:52:10.948-0500] {processor.py:925} INFO - DAG(s) 'example_trigger_controller_dag' retrieved from /usr/local/lib/python3.10/site-packages/airflow/example_dags/example_trigger_controller_dag.py
[2025-01-14T18:52:11.111-0500] {logging_mixin.py:190} INFO - [2025-01-14T18:52:11.110-0500] {dag.py:3239} INFO - Sync 1 DAGs
[2025-01-14T18:52:11.128-0500] {logging_mixin.py:190} INFO - [2025-01-14T18:52:11.128-0500] {dag.py:4180} INFO - Setting next_dagrun for example_trigger_controller_dag to 2021-01-01 00:00:00+00:00, run_after=2021-01-01 00:00:00+00:00
[2025-01-14T18:52:11.145-0500] {processor.py:208} INFO - Processing /usr/local/lib/python3.10/site-packages/airflow/example_dags/example_trigger_controller_dag.py took 0.217 seconds
[2025-01-14T18:54:28.532-0500] {processor.py:186} INFO - Started process (PID=72117) to work on /usr/local/lib/python3.10/site-packages/airflow/example_dags/example_trigger_controller_dag.py
[2025-01-14T18:54:28.535-0500] {processor.py:914} INFO - Processing file /usr/local/lib/python3.10/site-packages/airflow/example_dags/example_trigger_controller_dag.py for tasks to queue
[2025-01-14T18:54:28.537-0500] {logging_mixin.py:190} INFO - [2025-01-14T18:54:28.536-0500] {dagbag.py:588} INFO - Filling up the DagBag from /usr/local/lib/python3.10/site-packages/airflow/example_dags/example_trigger_controller_dag.py
[2025-01-14T18:54:28.549-0500] {processor.py:925} INFO - DAG(s) 'example_trigger_controller_dag' retrieved from /usr/local/lib/python3.10/site-packages/airflow/example_dags/example_trigger_controller_dag.py
[2025-01-14T18:54:28.708-0500] {logging_mixin.py:190} INFO - [2025-01-14T18:54:28.708-0500] {dag.py:3239} INFO - Sync 1 DAGs
[2025-01-14T18:54:28.725-0500] {logging_mixin.py:190} INFO - [2025-01-14T18:54:28.725-0500] {dag.py:4180} INFO - Setting next_dagrun for example_trigger_controller_dag to 2021-01-01 00:00:00+00:00, run_after=2021-01-01 00:00:00+00:00
[2025-01-14T18:54:28.741-0500] {processor.py:208} INFO - Processing /usr/local/lib/python3.10/site-packages/airflow/example_dags/example_trigger_controller_dag.py took 0.213 seconds
[2025-01-14T18:56:48.622-0500] {processor.py:186} INFO - Started process (PID=73664) to work on /usr/local/lib/python3.10/site-packages/airflow/example_dags/example_trigger_controller_dag.py
[2025-01-14T18:56:48.623-0500] {processor.py:914} INFO - Processing file /usr/local/lib/python3.10/site-packages/airflow/example_dags/example_trigger_controller_dag.py for tasks to queue
[2025-01-14T18:56:48.625-0500] {logging_mixin.py:190} INFO - [2025-01-14T18:56:48.624-0500] {dagbag.py:588} INFO - Filling up the DagBag from /usr/local/lib/python3.10/site-packages/airflow/example_dags/example_trigger_controller_dag.py
[2025-01-14T18:56:48.640-0500] {processor.py:925} INFO - DAG(s) 'example_trigger_controller_dag' retrieved from /usr/local/lib/python3.10/site-packages/airflow/example_dags/example_trigger_controller_dag.py
[2025-01-14T18:56:48.833-0500] {logging_mixin.py:190} INFO - [2025-01-14T18:56:48.832-0500] {dag.py:3239} INFO - Sync 1 DAGs
[2025-01-14T18:56:48.858-0500] {logging_mixin.py:190} INFO - [2025-01-14T18:56:48.858-0500] {dag.py:4180} INFO - Setting next_dagrun for example_trigger_controller_dag to 2021-01-01 00:00:00+00:00, run_after=2021-01-01 00:00:00+00:00
[2025-01-14T18:56:48.879-0500] {processor.py:208} INFO - Processing /usr/local/lib/python3.10/site-packages/airflow/example_dags/example_trigger_controller_dag.py took 0.262 seconds
[2025-01-14T18:59:06.293-0500] {processor.py:186} INFO - Started process (PID=75341) to work on /usr/local/lib/python3.10/site-packages/airflow/example_dags/example_trigger_controller_dag.py
[2025-01-14T18:59:06.295-0500] {processor.py:914} INFO - Processing file /usr/local/lib/python3.10/site-packages/airflow/example_dags/example_trigger_controller_dag.py for tasks to queue
[2025-01-14T18:59:06.296-0500] {logging_mixin.py:190} INFO - [2025-01-14T18:59:06.296-0500] {dagbag.py:588} INFO - Filling up the DagBag from /usr/local/lib/python3.10/site-packages/airflow/example_dags/example_trigger_controller_dag.py
[2025-01-14T18:59:06.309-0500] {processor.py:925} INFO - DAG(s) 'example_trigger_controller_dag' retrieved from /usr/local/lib/python3.10/site-packages/airflow/example_dags/example_trigger_controller_dag.py
[2025-01-14T18:59:06.472-0500] {logging_mixin.py:190} INFO - [2025-01-14T18:59:06.472-0500] {dag.py:3239} INFO - Sync 1 DAGs
[2025-01-14T18:59:06.489-0500] {logging_mixin.py:190} INFO - [2025-01-14T18:59:06.489-0500] {dag.py:4180} INFO - Setting next_dagrun for example_trigger_controller_dag to 2021-01-01 00:00:00+00:00, run_after=2021-01-01 00:00:00+00:00
[2025-01-14T18:59:06.507-0500] {processor.py:208} INFO - Processing /usr/local/lib/python3.10/site-packages/airflow/example_dags/example_trigger_controller_dag.py took 0.217 seconds
