[2025-01-13T19:07:26.031-0500] {processor.py:186} INFO - Started process (PID=49206) to work on /usr/local/lib/python3.10/site-packages/airflow/example_dags/example_dag_decorator.py
[2025-01-13T19:07:26.032-0500] {processor.py:914} INFO - Processing file /usr/local/lib/python3.10/site-packages/airflow/example_dags/example_dag_decorator.py for tasks to queue
[2025-01-13T19:07:26.033-0500] {logging_mixin.py:190} INFO - [2025-01-13T19:07:26.033-0500] {dagbag.py:588} INFO - Filling up the DagBag from /usr/local/lib/python3.10/site-packages/airflow/example_dags/example_dag_decorator.py
[2025-01-13T19:07:26.187-0500] {processor.py:925} INFO - DAG(s) 'example_dag_decorator' retrieved from /usr/local/lib/python3.10/site-packages/airflow/example_dags/example_dag_decorator.py
[2025-01-13T19:07:26.342-0500] {logging_mixin.py:190} INFO - [2025-01-13T19:07:26.341-0500] {dag.py:3239} INFO - Sync 1 DAGs
[2025-01-13T19:07:26.351-0500] {logging_mixin.py:190} INFO - [2025-01-13T19:07:26.351-0500] {dag.py:4180} INFO - Setting next_dagrun for example_dag_decorator to None, run_after=None
[2025-01-13T19:07:26.366-0500] {processor.py:208} INFO - Processing /usr/local/lib/python3.10/site-packages/airflow/example_dags/example_dag_decorator.py took 0.339 seconds
[2025-01-13T19:22:13.415-0500] {processor.py:186} INFO - Started process (PID=52370) to work on /usr/local/lib/python3.10/site-packages/airflow/example_dags/example_dag_decorator.py
[2025-01-13T19:22:13.419-0500] {processor.py:914} INFO - Processing file /usr/local/lib/python3.10/site-packages/airflow/example_dags/example_dag_decorator.py for tasks to queue
[2025-01-13T19:22:13.423-0500] {logging_mixin.py:190} INFO - [2025-01-13T19:22:13.422-0500] {dagbag.py:588} INFO - Filling up the DagBag from /usr/local/lib/python3.10/site-packages/airflow/example_dags/example_dag_decorator.py
[2025-01-13T19:22:14.010-0500] {processor.py:925} INFO - DAG(s) 'example_dag_decorator' retrieved from /usr/local/lib/python3.10/site-packages/airflow/example_dags/example_dag_decorator.py
[2025-01-13T19:22:14.782-0500] {logging_mixin.py:190} INFO - [2025-01-13T19:22:14.780-0500] {dag.py:3239} INFO - Sync 1 DAGs
[2025-01-13T19:22:14.823-0500] {logging_mixin.py:190} INFO - [2025-01-13T19:22:14.822-0500] {dag.py:4180} INFO - Setting next_dagrun for example_dag_decorator to None, run_after=None
[2025-01-13T19:22:14.883-0500] {processor.py:208} INFO - Processing /usr/local/lib/python3.10/site-packages/airflow/example_dags/example_dag_decorator.py took 1.483 seconds
[2025-01-13T20:01:39.039-0500] {processor.py:186} INFO - Started process (PID=55679) to work on /usr/local/lib/python3.10/site-packages/airflow/example_dags/example_dag_decorator.py
[2025-01-13T20:01:39.040-0500] {processor.py:914} INFO - Processing file /usr/local/lib/python3.10/site-packages/airflow/example_dags/example_dag_decorator.py for tasks to queue
[2025-01-13T20:01:39.042-0500] {logging_mixin.py:190} INFO - [2025-01-13T20:01:39.041-0500] {dagbag.py:588} INFO - Filling up the DagBag from /usr/local/lib/python3.10/site-packages/airflow/example_dags/example_dag_decorator.py
[2025-01-13T20:01:39.242-0500] {processor.py:925} INFO - DAG(s) 'example_dag_decorator' retrieved from /usr/local/lib/python3.10/site-packages/airflow/example_dags/example_dag_decorator.py
[2025-01-13T20:01:39.453-0500] {logging_mixin.py:190} INFO - [2025-01-13T20:01:39.453-0500] {dag.py:3239} INFO - Sync 1 DAGs
[2025-01-13T20:01:39.464-0500] {logging_mixin.py:190} INFO - [2025-01-13T20:01:39.464-0500] {dag.py:4180} INFO - Setting next_dagrun for example_dag_decorator to None, run_after=None
[2025-01-13T20:01:39.483-0500] {processor.py:208} INFO - Processing /usr/local/lib/python3.10/site-packages/airflow/example_dags/example_dag_decorator.py took 0.449 seconds
