[2025-01-13T19:06:39.376-0500] {processor.py:186} INFO - Started process (PID=48727) to work on /usr/local/lib/python3.10/site-packages/airflow/example_dags/example_python_decorator.py
[2025-01-13T19:06:39.378-0500] {processor.py:914} INFO - Processing file /usr/local/lib/python3.10/site-packages/airflow/example_dags/example_python_decorator.py for tasks to queue
[2025-01-13T19:06:39.379-0500] {logging_mixin.py:190} INFO - [2025-01-13T19:06:39.378-0500] {dagbag.py:588} INFO - Filling up the DagBag from /usr/local/lib/python3.10/site-packages/airflow/example_dags/example_python_decorator.py
[2025-01-13T19:06:39.416-0500] {processor.py:925} INFO - DAG(s) 'example_python_decorator' retrieved from /usr/local/lib/python3.10/site-packages/airflow/example_dags/example_python_decorator.py
[2025-01-13T19:06:39.662-0500] {logging_mixin.py:190} INFO - [2025-01-13T19:06:39.662-0500] {dag.py:3239} INFO - Sync 1 DAGs
[2025-01-13T19:06:39.671-0500] {logging_mixin.py:190} INFO - [2025-01-13T19:06:39.671-0500] {dag.py:4180} INFO - Setting next_dagrun for example_python_decorator to None, run_after=None
[2025-01-13T19:06:39.686-0500] {processor.py:208} INFO - Processing /usr/local/lib/python3.10/site-packages/airflow/example_dags/example_python_decorator.py took 0.313 seconds
[2025-01-13T19:09:15.628-0500] {processor.py:186} INFO - Started process (PID=50491) to work on /usr/local/lib/python3.10/site-packages/airflow/example_dags/example_python_decorator.py
[2025-01-13T19:09:15.629-0500] {processor.py:914} INFO - Processing file /usr/local/lib/python3.10/site-packages/airflow/example_dags/example_python_decorator.py for tasks to queue
[2025-01-13T19:09:15.630-0500] {logging_mixin.py:190} INFO - [2025-01-13T19:09:15.629-0500] {dagbag.py:588} INFO - Filling up the DagBag from /usr/local/lib/python3.10/site-packages/airflow/example_dags/example_python_decorator.py
[2025-01-13T19:09:15.669-0500] {processor.py:925} INFO - DAG(s) 'example_python_decorator' retrieved from /usr/local/lib/python3.10/site-packages/airflow/example_dags/example_python_decorator.py
[2025-01-13T19:09:15.894-0500] {logging_mixin.py:190} INFO - [2025-01-13T19:09:15.894-0500] {dag.py:3239} INFO - Sync 1 DAGs
[2025-01-13T19:09:15.902-0500] {logging_mixin.py:190} INFO - [2025-01-13T19:09:15.902-0500] {dag.py:4180} INFO - Setting next_dagrun for example_python_decorator to None, run_after=None
[2025-01-13T19:09:15.917-0500] {processor.py:208} INFO - Processing /usr/local/lib/python3.10/site-packages/airflow/example_dags/example_python_decorator.py took 0.293 seconds
[2025-01-13T19:11:22.908-0500] {processor.py:186} INFO - Started process (PID=51908) to work on /usr/local/lib/python3.10/site-packages/airflow/example_dags/example_python_decorator.py
[2025-01-13T19:11:22.909-0500] {processor.py:914} INFO - Processing file /usr/local/lib/python3.10/site-packages/airflow/example_dags/example_python_decorator.py for tasks to queue
[2025-01-13T19:11:22.911-0500] {logging_mixin.py:190} INFO - [2025-01-13T19:11:22.910-0500] {dagbag.py:588} INFO - Filling up the DagBag from /usr/local/lib/python3.10/site-packages/airflow/example_dags/example_python_decorator.py
[2025-01-13T19:11:22.969-0500] {processor.py:925} INFO - DAG(s) 'example_python_decorator' retrieved from /usr/local/lib/python3.10/site-packages/airflow/example_dags/example_python_decorator.py
[2025-01-13T19:11:23.417-0500] {logging_mixin.py:190} INFO - [2025-01-13T19:11:23.416-0500] {dag.py:3239} INFO - Sync 1 DAGs
[2025-01-13T19:11:23.428-0500] {logging_mixin.py:190} INFO - [2025-01-13T19:11:23.428-0500] {dag.py:4180} INFO - Setting next_dagrun for example_python_decorator to None, run_after=None
[2025-01-13T19:11:23.448-0500] {processor.py:208} INFO - Processing /usr/local/lib/python3.10/site-packages/airflow/example_dags/example_python_decorator.py took 0.545 seconds
[2025-01-13T20:00:49.190-0500] {processor.py:186} INFO - Started process (PID=55168) to work on /usr/local/lib/python3.10/site-packages/airflow/example_dags/example_python_decorator.py
[2025-01-13T20:00:49.192-0500] {processor.py:914} INFO - Processing file /usr/local/lib/python3.10/site-packages/airflow/example_dags/example_python_decorator.py for tasks to queue
[2025-01-13T20:00:49.193-0500] {logging_mixin.py:190} INFO - [2025-01-13T20:00:49.193-0500] {dagbag.py:588} INFO - Filling up the DagBag from /usr/local/lib/python3.10/site-packages/airflow/example_dags/example_python_decorator.py
[2025-01-13T20:00:49.239-0500] {processor.py:925} INFO - DAG(s) 'example_python_decorator' retrieved from /usr/local/lib/python3.10/site-packages/airflow/example_dags/example_python_decorator.py
[2025-01-13T20:00:49.479-0500] {logging_mixin.py:190} INFO - [2025-01-13T20:00:49.478-0500] {dag.py:3239} INFO - Sync 1 DAGs
[2025-01-13T20:00:49.486-0500] {logging_mixin.py:190} INFO - [2025-01-13T20:00:49.486-0500] {dag.py:4180} INFO - Setting next_dagrun for example_python_decorator to None, run_after=None
[2025-01-13T20:00:49.500-0500] {processor.py:208} INFO - Processing /usr/local/lib/python3.10/site-packages/airflow/example_dags/example_python_decorator.py took 0.314 seconds
[2025-01-14T15:55:12.102-0500] {processor.py:186} INFO - Started process (PID=62301) to work on /usr/local/lib/python3.10/site-packages/airflow/example_dags/example_python_decorator.py
[2025-01-14T15:55:12.104-0500] {processor.py:914} INFO - Processing file /usr/local/lib/python3.10/site-packages/airflow/example_dags/example_python_decorator.py for tasks to queue
[2025-01-14T15:55:12.105-0500] {logging_mixin.py:190} INFO - [2025-01-14T15:55:12.105-0500] {dagbag.py:588} INFO - Filling up the DagBag from /usr/local/lib/python3.10/site-packages/airflow/example_dags/example_python_decorator.py
[2025-01-14T15:55:12.151-0500] {processor.py:925} INFO - DAG(s) 'example_python_decorator' retrieved from /usr/local/lib/python3.10/site-packages/airflow/example_dags/example_python_decorator.py
[2025-01-14T15:55:12.422-0500] {logging_mixin.py:190} INFO - [2025-01-14T15:55:12.421-0500] {dag.py:3239} INFO - Sync 1 DAGs
[2025-01-14T15:55:12.432-0500] {logging_mixin.py:190} INFO - [2025-01-14T15:55:12.432-0500] {dag.py:4180} INFO - Setting next_dagrun for example_python_decorator to None, run_after=None
[2025-01-14T15:55:12.451-0500] {processor.py:208} INFO - Processing /usr/local/lib/python3.10/site-packages/airflow/example_dags/example_python_decorator.py took 0.355 seconds
