[2025-01-13T19:07:28.927-0500] {processor.py:186} INFO - Started process (PID=49313) to work on /usr/local/lib/python3.10/site-packages/airflow/example_dags/example_complex.py
[2025-01-13T19:07:28.928-0500] {processor.py:914} INFO - Processing file /usr/local/lib/python3.10/site-packages/airflow/example_dags/example_complex.py for tasks to queue
[2025-01-13T19:07:28.929-0500] {logging_mixin.py:190} INFO - [2025-01-13T19:07:28.929-0500] {dagbag.py:588} INFO - Filling up the DagBag from /usr/local/lib/python3.10/site-packages/airflow/example_dags/example_complex.py
[2025-01-13T19:07:28.944-0500] {processor.py:925} INFO - DAG(s) 'example_complex' retrieved from /usr/local/lib/python3.10/site-packages/airflow/example_dags/example_complex.py
[2025-01-13T19:07:29.111-0500] {logging_mixin.py:190} INFO - [2025-01-13T19:07:29.111-0500] {dag.py:3239} INFO - Sync 1 DAGs
[2025-01-13T19:07:29.121-0500] {logging_mixin.py:190} INFO - [2025-01-13T19:07:29.121-0500] {dag.py:4180} INFO - Setting next_dagrun for example_complex to None, run_after=None
[2025-01-13T19:07:29.136-0500] {processor.py:208} INFO - Processing /usr/local/lib/python3.10/site-packages/airflow/example_dags/example_complex.py took 0.214 seconds
[2025-01-13T19:22:22.826-0500] {processor.py:186} INFO - Started process (PID=52485) to work on /usr/local/lib/python3.10/site-packages/airflow/example_dags/example_complex.py
[2025-01-13T19:22:22.830-0500] {processor.py:914} INFO - Processing file /usr/local/lib/python3.10/site-packages/airflow/example_dags/example_complex.py for tasks to queue
[2025-01-13T19:22:22.834-0500] {logging_mixin.py:190} INFO - [2025-01-13T19:22:22.833-0500] {dagbag.py:588} INFO - Filling up the DagBag from /usr/local/lib/python3.10/site-packages/airflow/example_dags/example_complex.py
[2025-01-13T19:22:22.892-0500] {processor.py:925} INFO - DAG(s) 'example_complex' retrieved from /usr/local/lib/python3.10/site-packages/airflow/example_dags/example_complex.py
[2025-01-13T19:22:23.565-0500] {logging_mixin.py:190} INFO - [2025-01-13T19:22:23.564-0500] {dag.py:3239} INFO - Sync 1 DAGs
[2025-01-13T19:22:23.609-0500] {logging_mixin.py:190} INFO - [2025-01-13T19:22:23.608-0500] {dag.py:4180} INFO - Setting next_dagrun for example_complex to None, run_after=None
[2025-01-13T19:22:23.669-0500] {processor.py:208} INFO - Processing /usr/local/lib/python3.10/site-packages/airflow/example_dags/example_complex.py took 0.866 seconds
[2025-01-13T20:01:42.118-0500] {processor.py:186} INFO - Started process (PID=55786) to work on /usr/local/lib/python3.10/site-packages/airflow/example_dags/example_complex.py
[2025-01-13T20:01:42.120-0500] {processor.py:914} INFO - Processing file /usr/local/lib/python3.10/site-packages/airflow/example_dags/example_complex.py for tasks to queue
[2025-01-13T20:01:42.121-0500] {logging_mixin.py:190} INFO - [2025-01-13T20:01:42.121-0500] {dagbag.py:588} INFO - Filling up the DagBag from /usr/local/lib/python3.10/site-packages/airflow/example_dags/example_complex.py
[2025-01-13T20:01:42.136-0500] {processor.py:925} INFO - DAG(s) 'example_complex' retrieved from /usr/local/lib/python3.10/site-packages/airflow/example_dags/example_complex.py
[2025-01-13T20:01:42.308-0500] {logging_mixin.py:190} INFO - [2025-01-13T20:01:42.307-0500] {dag.py:3239} INFO - Sync 1 DAGs
[2025-01-13T20:01:42.317-0500] {logging_mixin.py:190} INFO - [2025-01-13T20:01:42.317-0500] {dag.py:4180} INFO - Setting next_dagrun for example_complex to None, run_after=None
[2025-01-13T20:01:42.333-0500] {processor.py:208} INFO - Processing /usr/local/lib/python3.10/site-packages/airflow/example_dags/example_complex.py took 0.219 seconds
[2025-01-14T15:56:09.616-0500] {processor.py:186} INFO - Started process (PID=62893) to work on /usr/local/lib/python3.10/site-packages/airflow/example_dags/example_complex.py
[2025-01-14T15:56:09.618-0500] {processor.py:914} INFO - Processing file /usr/local/lib/python3.10/site-packages/airflow/example_dags/example_complex.py for tasks to queue
[2025-01-14T15:56:09.619-0500] {logging_mixin.py:190} INFO - [2025-01-14T15:56:09.619-0500] {dagbag.py:588} INFO - Filling up the DagBag from /usr/local/lib/python3.10/site-packages/airflow/example_dags/example_complex.py
[2025-01-14T15:56:09.637-0500] {processor.py:925} INFO - DAG(s) 'example_complex' retrieved from /usr/local/lib/python3.10/site-packages/airflow/example_dags/example_complex.py
[2025-01-14T15:56:09.826-0500] {logging_mixin.py:190} INFO - [2025-01-14T15:56:09.825-0500] {dag.py:3239} INFO - Sync 1 DAGs
[2025-01-14T15:56:09.837-0500] {logging_mixin.py:190} INFO - [2025-01-14T15:56:09.836-0500] {dag.py:4180} INFO - Setting next_dagrun for example_complex to None, run_after=None
[2025-01-14T15:56:09.855-0500] {processor.py:208} INFO - Processing /usr/local/lib/python3.10/site-packages/airflow/example_dags/example_complex.py took 0.243 seconds
[2025-01-14T15:59:17.036-0500] {processor.py:186} INFO - Started process (PID=65297) to work on /usr/local/lib/python3.10/site-packages/airflow/example_dags/example_complex.py
[2025-01-14T15:59:17.038-0500] {processor.py:914} INFO - Processing file /usr/local/lib/python3.10/site-packages/airflow/example_dags/example_complex.py for tasks to queue
[2025-01-14T15:59:17.039-0500] {logging_mixin.py:190} INFO - [2025-01-14T15:59:17.039-0500] {dagbag.py:588} INFO - Filling up the DagBag from /usr/local/lib/python3.10/site-packages/airflow/example_dags/example_complex.py
[2025-01-14T15:59:17.057-0500] {processor.py:925} INFO - DAG(s) 'example_complex' retrieved from /usr/local/lib/python3.10/site-packages/airflow/example_dags/example_complex.py
[2025-01-14T15:59:17.238-0500] {logging_mixin.py:190} INFO - [2025-01-14T15:59:17.238-0500] {dag.py:3239} INFO - Sync 1 DAGs
[2025-01-14T15:59:17.248-0500] {logging_mixin.py:190} INFO - [2025-01-14T15:59:17.248-0500] {dag.py:4180} INFO - Setting next_dagrun for example_complex to None, run_after=None
[2025-01-14T15:59:17.266-0500] {processor.py:208} INFO - Processing /usr/local/lib/python3.10/site-packages/airflow/example_dags/example_complex.py took 0.234 seconds
[2025-01-14T16:04:02.721-0500] {processor.py:186} INFO - Started process (PID=68650) to work on /usr/local/lib/python3.10/site-packages/airflow/example_dags/example_complex.py
[2025-01-14T16:04:02.722-0500] {processor.py:914} INFO - Processing file /usr/local/lib/python3.10/site-packages/airflow/example_dags/example_complex.py for tasks to queue
[2025-01-14T16:04:02.723-0500] {logging_mixin.py:190} INFO - [2025-01-14T16:04:02.723-0500] {dagbag.py:588} INFO - Filling up the DagBag from /usr/local/lib/python3.10/site-packages/airflow/example_dags/example_complex.py
[2025-01-14T16:04:02.740-0500] {processor.py:925} INFO - DAG(s) 'example_complex' retrieved from /usr/local/lib/python3.10/site-packages/airflow/example_dags/example_complex.py
[2025-01-14T16:04:02.942-0500] {logging_mixin.py:190} INFO - [2025-01-14T16:04:02.942-0500] {dag.py:3239} INFO - Sync 1 DAGs
[2025-01-14T16:04:02.954-0500] {logging_mixin.py:190} INFO - [2025-01-14T16:04:02.954-0500] {dag.py:4180} INFO - Setting next_dagrun for example_complex to None, run_after=None
[2025-01-14T16:04:02.972-0500] {processor.py:208} INFO - Processing /usr/local/lib/python3.10/site-packages/airflow/example_dags/example_complex.py took 0.256 seconds
[2025-01-14T16:08:46.434-0500] {processor.py:186} INFO - Started process (PID=72104) to work on /usr/local/lib/python3.10/site-packages/airflow/example_dags/example_complex.py
[2025-01-14T16:08:46.436-0500] {processor.py:914} INFO - Processing file /usr/local/lib/python3.10/site-packages/airflow/example_dags/example_complex.py for tasks to queue
[2025-01-14T16:08:46.437-0500] {logging_mixin.py:190} INFO - [2025-01-14T16:08:46.437-0500] {dagbag.py:588} INFO - Filling up the DagBag from /usr/local/lib/python3.10/site-packages/airflow/example_dags/example_complex.py
[2025-01-14T16:08:46.452-0500] {processor.py:925} INFO - DAG(s) 'example_complex' retrieved from /usr/local/lib/python3.10/site-packages/airflow/example_dags/example_complex.py
[2025-01-14T16:08:46.711-0500] {logging_mixin.py:190} INFO - [2025-01-14T16:08:46.710-0500] {dag.py:3239} INFO - Sync 1 DAGs
[2025-01-14T16:08:46.721-0500] {logging_mixin.py:190} INFO - [2025-01-14T16:08:46.721-0500] {dag.py:4180} INFO - Setting next_dagrun for example_complex to None, run_after=None
[2025-01-14T16:08:46.737-0500] {processor.py:208} INFO - Processing /usr/local/lib/python3.10/site-packages/airflow/example_dags/example_complex.py took 0.307 seconds
[2025-01-14T16:13:59.438-0500] {processor.py:186} INFO - Started process (PID=75191) to work on /usr/local/lib/python3.10/site-packages/airflow/example_dags/example_complex.py
[2025-01-14T16:13:59.439-0500] {processor.py:914} INFO - Processing file /usr/local/lib/python3.10/site-packages/airflow/example_dags/example_complex.py for tasks to queue
[2025-01-14T16:13:59.441-0500] {logging_mixin.py:190} INFO - [2025-01-14T16:13:59.440-0500] {dagbag.py:588} INFO - Filling up the DagBag from /usr/local/lib/python3.10/site-packages/airflow/example_dags/example_complex.py
[2025-01-14T16:13:59.456-0500] {processor.py:925} INFO - DAG(s) 'example_complex' retrieved from /usr/local/lib/python3.10/site-packages/airflow/example_dags/example_complex.py
[2025-01-14T16:13:59.634-0500] {logging_mixin.py:190} INFO - [2025-01-14T16:13:59.634-0500] {dag.py:3239} INFO - Sync 1 DAGs
[2025-01-14T16:13:59.644-0500] {logging_mixin.py:190} INFO - [2025-01-14T16:13:59.644-0500] {dag.py:4180} INFO - Setting next_dagrun for example_complex to None, run_after=None
[2025-01-14T16:13:59.661-0500] {processor.py:208} INFO - Processing /usr/local/lib/python3.10/site-packages/airflow/example_dags/example_complex.py took 0.227 seconds
[2025-01-14T16:18:36.886-0500] {processor.py:186} INFO - Started process (PID=78389) to work on /usr/local/lib/python3.10/site-packages/airflow/example_dags/example_complex.py
[2025-01-14T16:18:36.889-0500] {processor.py:914} INFO - Processing file /usr/local/lib/python3.10/site-packages/airflow/example_dags/example_complex.py for tasks to queue
[2025-01-14T16:18:36.891-0500] {logging_mixin.py:190} INFO - [2025-01-14T16:18:36.891-0500] {dagbag.py:588} INFO - Filling up the DagBag from /usr/local/lib/python3.10/site-packages/airflow/example_dags/example_complex.py
[2025-01-14T16:18:36.907-0500] {processor.py:925} INFO - DAG(s) 'example_complex' retrieved from /usr/local/lib/python3.10/site-packages/airflow/example_dags/example_complex.py
[2025-01-14T16:18:37.092-0500] {logging_mixin.py:190} INFO - [2025-01-14T16:18:37.092-0500] {dag.py:3239} INFO - Sync 1 DAGs
[2025-01-14T16:18:37.102-0500] {logging_mixin.py:190} INFO - [2025-01-14T16:18:37.102-0500] {dag.py:4180} INFO - Setting next_dagrun for example_complex to None, run_after=None
[2025-01-14T16:18:37.117-0500] {processor.py:208} INFO - Processing /usr/local/lib/python3.10/site-packages/airflow/example_dags/example_complex.py took 0.236 seconds
[2025-01-14T16:23:11.968-0500] {processor.py:186} INFO - Started process (PID=81528) to work on /usr/local/lib/python3.10/site-packages/airflow/example_dags/example_complex.py
[2025-01-14T16:23:11.970-0500] {processor.py:914} INFO - Processing file /usr/local/lib/python3.10/site-packages/airflow/example_dags/example_complex.py for tasks to queue
[2025-01-14T16:23:11.971-0500] {logging_mixin.py:190} INFO - [2025-01-14T16:23:11.971-0500] {dagbag.py:588} INFO - Filling up the DagBag from /usr/local/lib/python3.10/site-packages/airflow/example_dags/example_complex.py
[2025-01-14T16:23:11.987-0500] {processor.py:925} INFO - DAG(s) 'example_complex' retrieved from /usr/local/lib/python3.10/site-packages/airflow/example_dags/example_complex.py
[2025-01-14T16:23:12.158-0500] {logging_mixin.py:190} INFO - [2025-01-14T16:23:12.158-0500] {dag.py:3239} INFO - Sync 1 DAGs
[2025-01-14T16:23:12.168-0500] {logging_mixin.py:190} INFO - [2025-01-14T16:23:12.168-0500] {dag.py:4180} INFO - Setting next_dagrun for example_complex to None, run_after=None
[2025-01-14T16:23:12.184-0500] {processor.py:208} INFO - Processing /usr/local/lib/python3.10/site-packages/airflow/example_dags/example_complex.py took 0.220 seconds
[2025-01-14T16:27:36.652-0500] {processor.py:186} INFO - Started process (PID=84566) to work on /usr/local/lib/python3.10/site-packages/airflow/example_dags/example_complex.py
[2025-01-14T16:27:36.654-0500] {processor.py:914} INFO - Processing file /usr/local/lib/python3.10/site-packages/airflow/example_dags/example_complex.py for tasks to queue
[2025-01-14T16:27:36.655-0500] {logging_mixin.py:190} INFO - [2025-01-14T16:27:36.655-0500] {dagbag.py:588} INFO - Filling up the DagBag from /usr/local/lib/python3.10/site-packages/airflow/example_dags/example_complex.py
[2025-01-14T16:27:36.672-0500] {processor.py:925} INFO - DAG(s) 'example_complex' retrieved from /usr/local/lib/python3.10/site-packages/airflow/example_dags/example_complex.py
[2025-01-14T16:27:36.851-0500] {logging_mixin.py:190} INFO - [2025-01-14T16:27:36.851-0500] {dag.py:3239} INFO - Sync 1 DAGs
[2025-01-14T16:27:36.862-0500] {logging_mixin.py:190} INFO - [2025-01-14T16:27:36.861-0500] {dag.py:4180} INFO - Setting next_dagrun for example_complex to None, run_after=None
[2025-01-14T16:27:36.879-0500] {processor.py:208} INFO - Processing /usr/local/lib/python3.10/site-packages/airflow/example_dags/example_complex.py took 0.231 seconds
[2025-01-14T16:32:30.228-0500] {processor.py:186} INFO - Started process (PID=87868) to work on /usr/local/lib/python3.10/site-packages/airflow/example_dags/example_complex.py
[2025-01-14T16:32:30.230-0500] {processor.py:914} INFO - Processing file /usr/local/lib/python3.10/site-packages/airflow/example_dags/example_complex.py for tasks to queue
[2025-01-14T16:32:30.231-0500] {logging_mixin.py:190} INFO - [2025-01-14T16:32:30.231-0500] {dagbag.py:588} INFO - Filling up the DagBag from /usr/local/lib/python3.10/site-packages/airflow/example_dags/example_complex.py
[2025-01-14T16:32:30.250-0500] {processor.py:925} INFO - DAG(s) 'example_complex' retrieved from /usr/local/lib/python3.10/site-packages/airflow/example_dags/example_complex.py
[2025-01-14T16:32:30.452-0500] {logging_mixin.py:190} INFO - [2025-01-14T16:32:30.452-0500] {dag.py:3239} INFO - Sync 1 DAGs
[2025-01-14T16:32:30.465-0500] {logging_mixin.py:190} INFO - [2025-01-14T16:32:30.465-0500] {dag.py:4180} INFO - Setting next_dagrun for example_complex to None, run_after=None
[2025-01-14T16:32:30.484-0500] {processor.py:208} INFO - Processing /usr/local/lib/python3.10/site-packages/airflow/example_dags/example_complex.py took 0.261 seconds
[2025-01-14T16:37:58.813-0500] {processor.py:186} INFO - Started process (PID=91563) to work on /usr/local/lib/python3.10/site-packages/airflow/example_dags/example_complex.py
[2025-01-14T16:37:58.816-0500] {processor.py:914} INFO - Processing file /usr/local/lib/python3.10/site-packages/airflow/example_dags/example_complex.py for tasks to queue
[2025-01-14T16:37:58.818-0500] {logging_mixin.py:190} INFO - [2025-01-14T16:37:58.817-0500] {dagbag.py:588} INFO - Filling up the DagBag from /usr/local/lib/python3.10/site-packages/airflow/example_dags/example_complex.py
[2025-01-14T16:37:58.844-0500] {processor.py:925} INFO - DAG(s) 'example_complex' retrieved from /usr/local/lib/python3.10/site-packages/airflow/example_dags/example_complex.py
[2025-01-14T16:37:59.120-0500] {logging_mixin.py:190} INFO - [2025-01-14T16:37:59.120-0500] {dag.py:3239} INFO - Sync 1 DAGs
[2025-01-14T16:37:59.137-0500] {logging_mixin.py:190} INFO - [2025-01-14T16:37:59.137-0500] {dag.py:4180} INFO - Setting next_dagrun for example_complex to None, run_after=None
[2025-01-14T16:37:59.165-0500] {processor.py:208} INFO - Processing /usr/local/lib/python3.10/site-packages/airflow/example_dags/example_complex.py took 0.358 seconds
[2025-01-14T16:43:06.074-0500] {processor.py:186} INFO - Started process (PID=95104) to work on /usr/local/lib/python3.10/site-packages/airflow/example_dags/example_complex.py
[2025-01-14T16:43:06.075-0500] {processor.py:914} INFO - Processing file /usr/local/lib/python3.10/site-packages/airflow/example_dags/example_complex.py for tasks to queue
[2025-01-14T16:43:06.077-0500] {logging_mixin.py:190} INFO - [2025-01-14T16:43:06.076-0500] {dagbag.py:588} INFO - Filling up the DagBag from /usr/local/lib/python3.10/site-packages/airflow/example_dags/example_complex.py
[2025-01-14T16:43:06.092-0500] {processor.py:925} INFO - DAG(s) 'example_complex' retrieved from /usr/local/lib/python3.10/site-packages/airflow/example_dags/example_complex.py
[2025-01-14T16:43:06.269-0500] {logging_mixin.py:190} INFO - [2025-01-14T16:43:06.269-0500] {dag.py:3239} INFO - Sync 1 DAGs
[2025-01-14T16:43:06.280-0500] {logging_mixin.py:190} INFO - [2025-01-14T16:43:06.279-0500] {dag.py:4180} INFO - Setting next_dagrun for example_complex to None, run_after=None
[2025-01-14T16:43:06.297-0500] {processor.py:208} INFO - Processing /usr/local/lib/python3.10/site-packages/airflow/example_dags/example_complex.py took 0.226 seconds
[2025-01-14T16:47:49.527-0500] {processor.py:186} INFO - Started process (PID=98272) to work on /usr/local/lib/python3.10/site-packages/airflow/example_dags/example_complex.py
[2025-01-14T16:47:49.528-0500] {processor.py:914} INFO - Processing file /usr/local/lib/python3.10/site-packages/airflow/example_dags/example_complex.py for tasks to queue
[2025-01-14T16:47:49.529-0500] {logging_mixin.py:190} INFO - [2025-01-14T16:47:49.529-0500] {dagbag.py:588} INFO - Filling up the DagBag from /usr/local/lib/python3.10/site-packages/airflow/example_dags/example_complex.py
[2025-01-14T16:47:49.545-0500] {processor.py:925} INFO - DAG(s) 'example_complex' retrieved from /usr/local/lib/python3.10/site-packages/airflow/example_dags/example_complex.py
[2025-01-14T16:47:49.717-0500] {logging_mixin.py:190} INFO - [2025-01-14T16:47:49.717-0500] {dag.py:3239} INFO - Sync 1 DAGs
[2025-01-14T16:47:49.727-0500] {logging_mixin.py:190} INFO - [2025-01-14T16:47:49.727-0500] {dag.py:4180} INFO - Setting next_dagrun for example_complex to None, run_after=None
[2025-01-14T16:47:49.743-0500] {processor.py:208} INFO - Processing /usr/local/lib/python3.10/site-packages/airflow/example_dags/example_complex.py took 0.220 seconds
[2025-01-14T16:52:42.925-0500] {processor.py:186} INFO - Started process (PID=2327) to work on /usr/local/lib/python3.10/site-packages/airflow/example_dags/example_complex.py
[2025-01-14T16:52:42.926-0500] {processor.py:914} INFO - Processing file /usr/local/lib/python3.10/site-packages/airflow/example_dags/example_complex.py for tasks to queue
[2025-01-14T16:52:42.928-0500] {logging_mixin.py:190} INFO - [2025-01-14T16:52:42.927-0500] {dagbag.py:588} INFO - Filling up the DagBag from /usr/local/lib/python3.10/site-packages/airflow/example_dags/example_complex.py
[2025-01-14T16:52:42.944-0500] {processor.py:925} INFO - DAG(s) 'example_complex' retrieved from /usr/local/lib/python3.10/site-packages/airflow/example_dags/example_complex.py
[2025-01-14T16:52:43.121-0500] {logging_mixin.py:190} INFO - [2025-01-14T16:52:43.121-0500] {dag.py:3239} INFO - Sync 1 DAGs
[2025-01-14T16:52:43.132-0500] {logging_mixin.py:190} INFO - [2025-01-14T16:52:43.132-0500] {dag.py:4180} INFO - Setting next_dagrun for example_complex to None, run_after=None
[2025-01-14T16:52:43.150-0500] {processor.py:208} INFO - Processing /usr/local/lib/python3.10/site-packages/airflow/example_dags/example_complex.py took 0.230 seconds
[2025-01-14T16:57:31.372-0500] {processor.py:186} INFO - Started process (PID=5688) to work on /usr/local/lib/python3.10/site-packages/airflow/example_dags/example_complex.py
[2025-01-14T16:57:31.374-0500] {processor.py:914} INFO - Processing file /usr/local/lib/python3.10/site-packages/airflow/example_dags/example_complex.py for tasks to queue
[2025-01-14T16:57:31.375-0500] {logging_mixin.py:190} INFO - [2025-01-14T16:57:31.375-0500] {dagbag.py:588} INFO - Filling up the DagBag from /usr/local/lib/python3.10/site-packages/airflow/example_dags/example_complex.py
[2025-01-14T16:57:31.392-0500] {processor.py:925} INFO - DAG(s) 'example_complex' retrieved from /usr/local/lib/python3.10/site-packages/airflow/example_dags/example_complex.py
[2025-01-14T16:57:31.794-0500] {logging_mixin.py:190} INFO - [2025-01-14T16:57:31.793-0500] {dag.py:3239} INFO - Sync 1 DAGs
[2025-01-14T16:57:31.812-0500] {logging_mixin.py:190} INFO - [2025-01-14T16:57:31.812-0500] {dag.py:4180} INFO - Setting next_dagrun for example_complex to None, run_after=None
[2025-01-14T16:57:31.839-0500] {processor.py:208} INFO - Processing /usr/local/lib/python3.10/site-packages/airflow/example_dags/example_complex.py took 0.471 seconds
[2025-01-14T17:03:27.904-0500] {processor.py:186} INFO - Started process (PID=9905) to work on /usr/local/lib/python3.10/site-packages/airflow/example_dags/example_complex.py
[2025-01-14T17:03:27.906-0500] {processor.py:914} INFO - Processing file /usr/local/lib/python3.10/site-packages/airflow/example_dags/example_complex.py for tasks to queue
[2025-01-14T17:03:27.907-0500] {logging_mixin.py:190} INFO - [2025-01-14T17:03:27.907-0500] {dagbag.py:588} INFO - Filling up the DagBag from /usr/local/lib/python3.10/site-packages/airflow/example_dags/example_complex.py
[2025-01-14T17:03:27.925-0500] {processor.py:925} INFO - DAG(s) 'example_complex' retrieved from /usr/local/lib/python3.10/site-packages/airflow/example_dags/example_complex.py
[2025-01-14T17:03:28.136-0500] {logging_mixin.py:190} INFO - [2025-01-14T17:03:28.136-0500] {dag.py:3239} INFO - Sync 1 DAGs
[2025-01-14T17:03:28.149-0500] {logging_mixin.py:190} INFO - [2025-01-14T17:03:28.149-0500] {dag.py:4180} INFO - Setting next_dagrun for example_complex to None, run_after=None
[2025-01-14T17:03:28.172-0500] {processor.py:208} INFO - Processing /usr/local/lib/python3.10/site-packages/airflow/example_dags/example_complex.py took 0.273 seconds
[2025-01-14T17:08:52.564-0500] {processor.py:186} INFO - Started process (PID=13596) to work on /usr/local/lib/python3.10/site-packages/airflow/example_dags/example_complex.py
[2025-01-14T17:08:52.567-0500] {processor.py:914} INFO - Processing file /usr/local/lib/python3.10/site-packages/airflow/example_dags/example_complex.py for tasks to queue
[2025-01-14T17:08:52.568-0500] {logging_mixin.py:190} INFO - [2025-01-14T17:08:52.568-0500] {dagbag.py:588} INFO - Filling up the DagBag from /usr/local/lib/python3.10/site-packages/airflow/example_dags/example_complex.py
[2025-01-14T17:08:52.629-0500] {processor.py:925} INFO - DAG(s) 'example_complex' retrieved from /usr/local/lib/python3.10/site-packages/airflow/example_dags/example_complex.py
[2025-01-14T17:08:52.946-0500] {logging_mixin.py:190} INFO - [2025-01-14T17:08:52.946-0500] {dag.py:3239} INFO - Sync 1 DAGs
[2025-01-14T17:08:53.050-0500] {logging_mixin.py:190} INFO - [2025-01-14T17:08:53.050-0500] {dag.py:4180} INFO - Setting next_dagrun for example_complex to None, run_after=None
[2025-01-14T17:08:53.115-0500] {processor.py:208} INFO - Processing /usr/local/lib/python3.10/site-packages/airflow/example_dags/example_complex.py took 0.557 seconds
[2025-01-14T17:14:00.028-0500] {processor.py:186} INFO - Started process (PID=17141) to work on /usr/local/lib/python3.10/site-packages/airflow/example_dags/example_complex.py
[2025-01-14T17:14:00.030-0500] {processor.py:914} INFO - Processing file /usr/local/lib/python3.10/site-packages/airflow/example_dags/example_complex.py for tasks to queue
[2025-01-14T17:14:00.031-0500] {logging_mixin.py:190} INFO - [2025-01-14T17:14:00.031-0500] {dagbag.py:588} INFO - Filling up the DagBag from /usr/local/lib/python3.10/site-packages/airflow/example_dags/example_complex.py
[2025-01-14T17:14:00.047-0500] {processor.py:925} INFO - DAG(s) 'example_complex' retrieved from /usr/local/lib/python3.10/site-packages/airflow/example_dags/example_complex.py
[2025-01-14T17:14:00.235-0500] {logging_mixin.py:190} INFO - [2025-01-14T17:14:00.235-0500] {dag.py:3239} INFO - Sync 1 DAGs
[2025-01-14T17:14:00.247-0500] {logging_mixin.py:190} INFO - [2025-01-14T17:14:00.246-0500] {dag.py:4180} INFO - Setting next_dagrun for example_complex to None, run_after=None
[2025-01-14T17:14:00.265-0500] {processor.py:208} INFO - Processing /usr/local/lib/python3.10/site-packages/airflow/example_dags/example_complex.py took 0.241 seconds
[2025-01-14T17:18:35.462-0500] {processor.py:186} INFO - Started process (PID=20289) to work on /usr/local/lib/python3.10/site-packages/airflow/example_dags/example_complex.py
[2025-01-14T17:18:35.464-0500] {processor.py:914} INFO - Processing file /usr/local/lib/python3.10/site-packages/airflow/example_dags/example_complex.py for tasks to queue
[2025-01-14T17:18:35.465-0500] {logging_mixin.py:190} INFO - [2025-01-14T17:18:35.465-0500] {dagbag.py:588} INFO - Filling up the DagBag from /usr/local/lib/python3.10/site-packages/airflow/example_dags/example_complex.py
[2025-01-14T17:18:35.482-0500] {processor.py:925} INFO - DAG(s) 'example_complex' retrieved from /usr/local/lib/python3.10/site-packages/airflow/example_dags/example_complex.py
[2025-01-14T17:18:35.658-0500] {logging_mixin.py:190} INFO - [2025-01-14T17:18:35.658-0500] {dag.py:3239} INFO - Sync 1 DAGs
[2025-01-14T17:18:35.669-0500] {logging_mixin.py:190} INFO - [2025-01-14T17:18:35.669-0500] {dag.py:4180} INFO - Setting next_dagrun for example_complex to None, run_after=None
[2025-01-14T17:18:35.685-0500] {processor.py:208} INFO - Processing /usr/local/lib/python3.10/site-packages/airflow/example_dags/example_complex.py took 0.228 seconds
[2025-01-14T17:23:17.687-0500] {processor.py:186} INFO - Started process (PID=23465) to work on /usr/local/lib/python3.10/site-packages/airflow/example_dags/example_complex.py
[2025-01-14T17:23:17.690-0500] {processor.py:914} INFO - Processing file /usr/local/lib/python3.10/site-packages/airflow/example_dags/example_complex.py for tasks to queue
[2025-01-14T17:23:17.691-0500] {logging_mixin.py:190} INFO - [2025-01-14T17:23:17.691-0500] {dagbag.py:588} INFO - Filling up the DagBag from /usr/local/lib/python3.10/site-packages/airflow/example_dags/example_complex.py
[2025-01-14T17:23:17.708-0500] {processor.py:925} INFO - DAG(s) 'example_complex' retrieved from /usr/local/lib/python3.10/site-packages/airflow/example_dags/example_complex.py
[2025-01-14T17:23:17.895-0500] {logging_mixin.py:190} INFO - [2025-01-14T17:23:17.895-0500] {dag.py:3239} INFO - Sync 1 DAGs
[2025-01-14T17:23:17.906-0500] {logging_mixin.py:190} INFO - [2025-01-14T17:23:17.906-0500] {dag.py:4180} INFO - Setting next_dagrun for example_complex to None, run_after=None
[2025-01-14T17:23:17.923-0500] {processor.py:208} INFO - Processing /usr/local/lib/python3.10/site-packages/airflow/example_dags/example_complex.py took 0.240 seconds
[2025-01-14T17:28:03.903-0500] {processor.py:186} INFO - Started process (PID=26751) to work on /usr/local/lib/python3.10/site-packages/airflow/example_dags/example_complex.py
[2025-01-14T17:28:03.905-0500] {processor.py:914} INFO - Processing file /usr/local/lib/python3.10/site-packages/airflow/example_dags/example_complex.py for tasks to queue
[2025-01-14T17:28:03.907-0500] {logging_mixin.py:190} INFO - [2025-01-14T17:28:03.906-0500] {dagbag.py:588} INFO - Filling up the DagBag from /usr/local/lib/python3.10/site-packages/airflow/example_dags/example_complex.py
[2025-01-14T17:28:03.924-0500] {processor.py:925} INFO - DAG(s) 'example_complex' retrieved from /usr/local/lib/python3.10/site-packages/airflow/example_dags/example_complex.py
[2025-01-14T17:28:04.130-0500] {logging_mixin.py:190} INFO - [2025-01-14T17:28:04.130-0500] {dag.py:3239} INFO - Sync 1 DAGs
[2025-01-14T17:28:04.144-0500] {logging_mixin.py:190} INFO - [2025-01-14T17:28:04.143-0500] {dag.py:4180} INFO - Setting next_dagrun for example_complex to None, run_after=None
[2025-01-14T17:28:04.162-0500] {processor.py:208} INFO - Processing /usr/local/lib/python3.10/site-packages/airflow/example_dags/example_complex.py took 0.263 seconds
[2025-01-14T17:32:45.548-0500] {processor.py:186} INFO - Started process (PID=30027) to work on /usr/local/lib/python3.10/site-packages/airflow/example_dags/example_complex.py
[2025-01-14T17:32:45.549-0500] {processor.py:914} INFO - Processing file /usr/local/lib/python3.10/site-packages/airflow/example_dags/example_complex.py for tasks to queue
[2025-01-14T17:32:45.551-0500] {logging_mixin.py:190} INFO - [2025-01-14T17:32:45.550-0500] {dagbag.py:588} INFO - Filling up the DagBag from /usr/local/lib/python3.10/site-packages/airflow/example_dags/example_complex.py
[2025-01-14T17:32:45.568-0500] {processor.py:925} INFO - DAG(s) 'example_complex' retrieved from /usr/local/lib/python3.10/site-packages/airflow/example_dags/example_complex.py
[2025-01-14T17:32:45.754-0500] {logging_mixin.py:190} INFO - [2025-01-14T17:32:45.754-0500] {dag.py:3239} INFO - Sync 1 DAGs
[2025-01-14T17:32:45.765-0500] {logging_mixin.py:190} INFO - [2025-01-14T17:32:45.765-0500] {dag.py:4180} INFO - Setting next_dagrun for example_complex to None, run_after=None
[2025-01-14T17:32:45.782-0500] {processor.py:208} INFO - Processing /usr/local/lib/python3.10/site-packages/airflow/example_dags/example_complex.py took 0.238 seconds
[2025-01-14T17:37:13.404-0500] {processor.py:186} INFO - Started process (PID=33116) to work on /usr/local/lib/python3.10/site-packages/airflow/example_dags/example_complex.py
[2025-01-14T17:37:13.406-0500] {processor.py:914} INFO - Processing file /usr/local/lib/python3.10/site-packages/airflow/example_dags/example_complex.py for tasks to queue
[2025-01-14T17:37:13.407-0500] {logging_mixin.py:190} INFO - [2025-01-14T17:37:13.407-0500] {dagbag.py:588} INFO - Filling up the DagBag from /usr/local/lib/python3.10/site-packages/airflow/example_dags/example_complex.py
[2025-01-14T17:37:13.423-0500] {processor.py:925} INFO - DAG(s) 'example_complex' retrieved from /usr/local/lib/python3.10/site-packages/airflow/example_dags/example_complex.py
[2025-01-14T17:37:13.594-0500] {logging_mixin.py:190} INFO - [2025-01-14T17:37:13.594-0500] {dag.py:3239} INFO - Sync 1 DAGs
[2025-01-14T17:37:13.604-0500] {logging_mixin.py:190} INFO - [2025-01-14T17:37:13.604-0500] {dag.py:4180} INFO - Setting next_dagrun for example_complex to None, run_after=None
[2025-01-14T17:37:13.620-0500] {processor.py:208} INFO - Processing /usr/local/lib/python3.10/site-packages/airflow/example_dags/example_complex.py took 0.220 seconds
[2025-01-14T17:41:52.518-0500] {processor.py:186} INFO - Started process (PID=36423) to work on /usr/local/lib/python3.10/site-packages/airflow/example_dags/example_complex.py
[2025-01-14T17:41:52.520-0500] {processor.py:914} INFO - Processing file /usr/local/lib/python3.10/site-packages/airflow/example_dags/example_complex.py for tasks to queue
[2025-01-14T17:41:52.521-0500] {logging_mixin.py:190} INFO - [2025-01-14T17:41:52.521-0500] {dagbag.py:588} INFO - Filling up the DagBag from /usr/local/lib/python3.10/site-packages/airflow/example_dags/example_complex.py
[2025-01-14T17:41:52.539-0500] {processor.py:925} INFO - DAG(s) 'example_complex' retrieved from /usr/local/lib/python3.10/site-packages/airflow/example_dags/example_complex.py
[2025-01-14T17:41:52.720-0500] {logging_mixin.py:190} INFO - [2025-01-14T17:41:52.720-0500] {dag.py:3239} INFO - Sync 1 DAGs
[2025-01-14T17:41:52.731-0500] {logging_mixin.py:190} INFO - [2025-01-14T17:41:52.731-0500] {dag.py:4180} INFO - Setting next_dagrun for example_complex to None, run_after=None
[2025-01-14T17:41:52.747-0500] {processor.py:208} INFO - Processing /usr/local/lib/python3.10/site-packages/airflow/example_dags/example_complex.py took 0.234 seconds
[2025-01-14T17:46:15.688-0500] {processor.py:186} INFO - Started process (PID=39373) to work on /usr/local/lib/python3.10/site-packages/airflow/example_dags/example_complex.py
[2025-01-14T17:46:15.690-0500] {processor.py:914} INFO - Processing file /usr/local/lib/python3.10/site-packages/airflow/example_dags/example_complex.py for tasks to queue
[2025-01-14T17:46:15.691-0500] {logging_mixin.py:190} INFO - [2025-01-14T17:46:15.691-0500] {dagbag.py:588} INFO - Filling up the DagBag from /usr/local/lib/python3.10/site-packages/airflow/example_dags/example_complex.py
[2025-01-14T17:46:15.707-0500] {processor.py:925} INFO - DAG(s) 'example_complex' retrieved from /usr/local/lib/python3.10/site-packages/airflow/example_dags/example_complex.py
[2025-01-14T17:46:15.879-0500] {logging_mixin.py:190} INFO - [2025-01-14T17:46:15.878-0500] {dag.py:3239} INFO - Sync 1 DAGs
[2025-01-14T17:46:15.888-0500] {logging_mixin.py:190} INFO - [2025-01-14T17:46:15.888-0500] {dag.py:4180} INFO - Setting next_dagrun for example_complex to None, run_after=None
[2025-01-14T17:46:15.904-0500] {processor.py:208} INFO - Processing /usr/local/lib/python3.10/site-packages/airflow/example_dags/example_complex.py took 0.219 seconds
[2025-01-14T17:50:48.398-0500] {processor.py:186} INFO - Started process (PID=42532) to work on /usr/local/lib/python3.10/site-packages/airflow/example_dags/example_complex.py
[2025-01-14T17:50:48.399-0500] {processor.py:914} INFO - Processing file /usr/local/lib/python3.10/site-packages/airflow/example_dags/example_complex.py for tasks to queue
[2025-01-14T17:50:48.400-0500] {logging_mixin.py:190} INFO - [2025-01-14T17:50:48.400-0500] {dagbag.py:588} INFO - Filling up the DagBag from /usr/local/lib/python3.10/site-packages/airflow/example_dags/example_complex.py
[2025-01-14T17:50:48.415-0500] {processor.py:925} INFO - DAG(s) 'example_complex' retrieved from /usr/local/lib/python3.10/site-packages/airflow/example_dags/example_complex.py
[2025-01-14T17:50:48.587-0500] {logging_mixin.py:190} INFO - [2025-01-14T17:50:48.587-0500] {dag.py:3239} INFO - Sync 1 DAGs
[2025-01-14T17:50:48.597-0500] {logging_mixin.py:190} INFO - [2025-01-14T17:50:48.597-0500] {dag.py:4180} INFO - Setting next_dagrun for example_complex to None, run_after=None
[2025-01-14T17:50:48.612-0500] {processor.py:208} INFO - Processing /usr/local/lib/python3.10/site-packages/airflow/example_dags/example_complex.py took 0.218 seconds
[2025-01-14T17:55:20.181-0500] {processor.py:186} INFO - Started process (PID=45645) to work on /usr/local/lib/python3.10/site-packages/airflow/example_dags/example_complex.py
[2025-01-14T17:55:20.183-0500] {processor.py:914} INFO - Processing file /usr/local/lib/python3.10/site-packages/airflow/example_dags/example_complex.py for tasks to queue
[2025-01-14T17:55:20.184-0500] {logging_mixin.py:190} INFO - [2025-01-14T17:55:20.184-0500] {dagbag.py:588} INFO - Filling up the DagBag from /usr/local/lib/python3.10/site-packages/airflow/example_dags/example_complex.py
[2025-01-14T17:55:20.203-0500] {processor.py:925} INFO - DAG(s) 'example_complex' retrieved from /usr/local/lib/python3.10/site-packages/airflow/example_dags/example_complex.py
[2025-01-14T17:55:20.394-0500] {logging_mixin.py:190} INFO - [2025-01-14T17:55:20.394-0500] {dag.py:3239} INFO - Sync 1 DAGs
[2025-01-14T17:55:20.405-0500] {logging_mixin.py:190} INFO - [2025-01-14T17:55:20.405-0500] {dag.py:4180} INFO - Setting next_dagrun for example_complex to None, run_after=None
[2025-01-14T17:55:20.422-0500] {processor.py:208} INFO - Processing /usr/local/lib/python3.10/site-packages/airflow/example_dags/example_complex.py took 0.245 seconds
[2025-01-14T17:59:56.094-0500] {processor.py:186} INFO - Started process (PID=48880) to work on /usr/local/lib/python3.10/site-packages/airflow/example_dags/example_complex.py
[2025-01-14T17:59:56.096-0500] {processor.py:914} INFO - Processing file /usr/local/lib/python3.10/site-packages/airflow/example_dags/example_complex.py for tasks to queue
[2025-01-14T17:59:56.097-0500] {logging_mixin.py:190} INFO - [2025-01-14T17:59:56.097-0500] {dagbag.py:588} INFO - Filling up the DagBag from /usr/local/lib/python3.10/site-packages/airflow/example_dags/example_complex.py
[2025-01-14T17:59:56.112-0500] {processor.py:925} INFO - DAG(s) 'example_complex' retrieved from /usr/local/lib/python3.10/site-packages/airflow/example_dags/example_complex.py
[2025-01-14T17:59:56.297-0500] {logging_mixin.py:190} INFO - [2025-01-14T17:59:56.296-0500] {dag.py:3239} INFO - Sync 1 DAGs
[2025-01-14T17:59:56.308-0500] {logging_mixin.py:190} INFO - [2025-01-14T17:59:56.308-0500] {dag.py:4180} INFO - Setting next_dagrun for example_complex to None, run_after=None
[2025-01-14T17:59:56.326-0500] {processor.py:208} INFO - Processing /usr/local/lib/python3.10/site-packages/airflow/example_dags/example_complex.py took 0.236 seconds
[2025-01-14T18:04:38.774-0500] {processor.py:186} INFO - Started process (PID=52081) to work on /usr/local/lib/python3.10/site-packages/airflow/example_dags/example_complex.py
[2025-01-14T18:04:38.775-0500] {processor.py:914} INFO - Processing file /usr/local/lib/python3.10/site-packages/airflow/example_dags/example_complex.py for tasks to queue
[2025-01-14T18:04:38.777-0500] {logging_mixin.py:190} INFO - [2025-01-14T18:04:38.776-0500] {dagbag.py:588} INFO - Filling up the DagBag from /usr/local/lib/python3.10/site-packages/airflow/example_dags/example_complex.py
[2025-01-14T18:04:38.793-0500] {processor.py:925} INFO - DAG(s) 'example_complex' retrieved from /usr/local/lib/python3.10/site-packages/airflow/example_dags/example_complex.py
[2025-01-14T18:04:38.969-0500] {logging_mixin.py:190} INFO - [2025-01-14T18:04:38.968-0500] {dag.py:3239} INFO - Sync 1 DAGs
[2025-01-14T18:04:38.979-0500] {logging_mixin.py:190} INFO - [2025-01-14T18:04:38.978-0500] {dag.py:4180} INFO - Setting next_dagrun for example_complex to None, run_after=None
[2025-01-14T18:04:38.995-0500] {processor.py:208} INFO - Processing /usr/local/lib/python3.10/site-packages/airflow/example_dags/example_complex.py took 0.226 seconds
[2025-01-14T18:09:09.123-0500] {processor.py:186} INFO - Started process (PID=55243) to work on /usr/local/lib/python3.10/site-packages/airflow/example_dags/example_complex.py
[2025-01-14T18:09:09.125-0500] {processor.py:914} INFO - Processing file /usr/local/lib/python3.10/site-packages/airflow/example_dags/example_complex.py for tasks to queue
[2025-01-14T18:09:09.126-0500] {logging_mixin.py:190} INFO - [2025-01-14T18:09:09.126-0500] {dagbag.py:588} INFO - Filling up the DagBag from /usr/local/lib/python3.10/site-packages/airflow/example_dags/example_complex.py
[2025-01-14T18:09:09.143-0500] {processor.py:925} INFO - DAG(s) 'example_complex' retrieved from /usr/local/lib/python3.10/site-packages/airflow/example_dags/example_complex.py
[2025-01-14T18:09:09.336-0500] {logging_mixin.py:190} INFO - [2025-01-14T18:09:09.336-0500] {dag.py:3239} INFO - Sync 1 DAGs
[2025-01-14T18:09:09.347-0500] {logging_mixin.py:190} INFO - [2025-01-14T18:09:09.347-0500] {dag.py:4180} INFO - Setting next_dagrun for example_complex to None, run_after=None
[2025-01-14T18:09:09.365-0500] {processor.py:208} INFO - Processing /usr/local/lib/python3.10/site-packages/airflow/example_dags/example_complex.py took 0.247 seconds
[2025-01-14T18:13:38.047-0500] {processor.py:186} INFO - Started process (PID=58284) to work on /usr/local/lib/python3.10/site-packages/airflow/example_dags/example_complex.py
[2025-01-14T18:13:38.048-0500] {processor.py:914} INFO - Processing file /usr/local/lib/python3.10/site-packages/airflow/example_dags/example_complex.py for tasks to queue
[2025-01-14T18:13:38.049-0500] {logging_mixin.py:190} INFO - [2025-01-14T18:13:38.049-0500] {dagbag.py:588} INFO - Filling up the DagBag from /usr/local/lib/python3.10/site-packages/airflow/example_dags/example_complex.py
[2025-01-14T18:13:38.065-0500] {processor.py:925} INFO - DAG(s) 'example_complex' retrieved from /usr/local/lib/python3.10/site-packages/airflow/example_dags/example_complex.py
[2025-01-14T18:13:38.231-0500] {logging_mixin.py:190} INFO - [2025-01-14T18:13:38.231-0500] {dag.py:3239} INFO - Sync 1 DAGs
[2025-01-14T18:13:38.241-0500] {logging_mixin.py:190} INFO - [2025-01-14T18:13:38.241-0500] {dag.py:4180} INFO - Setting next_dagrun for example_complex to None, run_after=None
[2025-01-14T18:13:38.257-0500] {processor.py:208} INFO - Processing /usr/local/lib/python3.10/site-packages/airflow/example_dags/example_complex.py took 0.214 seconds
[2025-01-14T18:18:06.902-0500] {processor.py:186} INFO - Started process (PID=61339) to work on /usr/local/lib/python3.10/site-packages/airflow/example_dags/example_complex.py
[2025-01-14T18:18:06.904-0500] {processor.py:914} INFO - Processing file /usr/local/lib/python3.10/site-packages/airflow/example_dags/example_complex.py for tasks to queue
[2025-01-14T18:18:06.906-0500] {logging_mixin.py:190} INFO - [2025-01-14T18:18:06.906-0500] {dagbag.py:588} INFO - Filling up the DagBag from /usr/local/lib/python3.10/site-packages/airflow/example_dags/example_complex.py
[2025-01-14T18:18:06.921-0500] {processor.py:925} INFO - DAG(s) 'example_complex' retrieved from /usr/local/lib/python3.10/site-packages/airflow/example_dags/example_complex.py
[2025-01-14T18:18:07.094-0500] {logging_mixin.py:190} INFO - [2025-01-14T18:18:07.094-0500] {dag.py:3239} INFO - Sync 1 DAGs
[2025-01-14T18:18:07.104-0500] {logging_mixin.py:190} INFO - [2025-01-14T18:18:07.104-0500] {dag.py:4180} INFO - Setting next_dagrun for example_complex to None, run_after=None
[2025-01-14T18:18:07.120-0500] {processor.py:208} INFO - Processing /usr/local/lib/python3.10/site-packages/airflow/example_dags/example_complex.py took 0.221 seconds
[2025-01-14T18:43:50.373-0500] {processor.py:186} INFO - Started process (PID=64472) to work on /usr/local/lib/python3.10/site-packages/airflow/example_dags/example_complex.py
[2025-01-14T18:43:50.374-0500] {processor.py:914} INFO - Processing file /usr/local/lib/python3.10/site-packages/airflow/example_dags/example_complex.py for tasks to queue
[2025-01-14T18:43:50.376-0500] {logging_mixin.py:190} INFO - [2025-01-14T18:43:50.376-0500] {dagbag.py:588} INFO - Filling up the DagBag from /usr/local/lib/python3.10/site-packages/airflow/example_dags/example_complex.py
[2025-01-14T18:43:50.393-0500] {processor.py:925} INFO - DAG(s) 'example_complex' retrieved from /usr/local/lib/python3.10/site-packages/airflow/example_dags/example_complex.py
[2025-01-14T18:43:50.609-0500] {logging_mixin.py:190} INFO - [2025-01-14T18:43:50.608-0500] {dag.py:3239} INFO - Sync 1 DAGs
[2025-01-14T18:43:50.620-0500] {logging_mixin.py:190} INFO - [2025-01-14T18:43:50.620-0500] {dag.py:4180} INFO - Setting next_dagrun for example_complex to None, run_after=None
[2025-01-14T18:43:50.666-0500] {processor.py:208} INFO - Processing /usr/local/lib/python3.10/site-packages/airflow/example_dags/example_complex.py took 0.298 seconds
[2025-01-14T18:48:57.192-0500] {processor.py:186} INFO - Started process (PID=68284) to work on /usr/local/lib/python3.10/site-packages/airflow/example_dags/example_complex.py
[2025-01-14T18:48:57.194-0500] {processor.py:914} INFO - Processing file /usr/local/lib/python3.10/site-packages/airflow/example_dags/example_complex.py for tasks to queue
[2025-01-14T18:48:57.195-0500] {logging_mixin.py:190} INFO - [2025-01-14T18:48:57.195-0500] {dagbag.py:588} INFO - Filling up the DagBag from /usr/local/lib/python3.10/site-packages/airflow/example_dags/example_complex.py
[2025-01-14T18:48:57.211-0500] {processor.py:925} INFO - DAG(s) 'example_complex' retrieved from /usr/local/lib/python3.10/site-packages/airflow/example_dags/example_complex.py
[2025-01-14T18:48:57.384-0500] {logging_mixin.py:190} INFO - [2025-01-14T18:48:57.384-0500] {dag.py:3239} INFO - Sync 1 DAGs
[2025-01-14T18:48:57.394-0500] {logging_mixin.py:190} INFO - [2025-01-14T18:48:57.394-0500] {dag.py:4180} INFO - Setting next_dagrun for example_complex to None, run_after=None
[2025-01-14T18:48:57.409-0500] {processor.py:208} INFO - Processing /usr/local/lib/python3.10/site-packages/airflow/example_dags/example_complex.py took 0.222 seconds
[2025-01-14T18:53:31.503-0500] {processor.py:186} INFO - Started process (PID=71427) to work on /usr/local/lib/python3.10/site-packages/airflow/example_dags/example_complex.py
[2025-01-14T18:53:31.505-0500] {processor.py:914} INFO - Processing file /usr/local/lib/python3.10/site-packages/airflow/example_dags/example_complex.py for tasks to queue
[2025-01-14T18:53:31.506-0500] {logging_mixin.py:190} INFO - [2025-01-14T18:53:31.506-0500] {dagbag.py:588} INFO - Filling up the DagBag from /usr/local/lib/python3.10/site-packages/airflow/example_dags/example_complex.py
[2025-01-14T18:53:31.523-0500] {processor.py:925} INFO - DAG(s) 'example_complex' retrieved from /usr/local/lib/python3.10/site-packages/airflow/example_dags/example_complex.py
[2025-01-14T18:53:31.708-0500] {logging_mixin.py:190} INFO - [2025-01-14T18:53:31.708-0500] {dag.py:3239} INFO - Sync 1 DAGs
[2025-01-14T18:53:31.719-0500] {logging_mixin.py:190} INFO - [2025-01-14T18:53:31.718-0500] {dag.py:4180} INFO - Setting next_dagrun for example_complex to None, run_after=None
[2025-01-14T18:53:31.735-0500] {processor.py:208} INFO - Processing /usr/local/lib/python3.10/site-packages/airflow/example_dags/example_complex.py took 0.237 seconds
[2025-01-14T18:58:08.440-0500] {processor.py:186} INFO - Started process (PID=74637) to work on /usr/local/lib/python3.10/site-packages/airflow/example_dags/example_complex.py
[2025-01-14T18:58:08.442-0500] {processor.py:914} INFO - Processing file /usr/local/lib/python3.10/site-packages/airflow/example_dags/example_complex.py for tasks to queue
[2025-01-14T18:58:08.444-0500] {logging_mixin.py:190} INFO - [2025-01-14T18:58:08.444-0500] {dagbag.py:588} INFO - Filling up the DagBag from /usr/local/lib/python3.10/site-packages/airflow/example_dags/example_complex.py
[2025-01-14T18:58:08.461-0500] {processor.py:925} INFO - DAG(s) 'example_complex' retrieved from /usr/local/lib/python3.10/site-packages/airflow/example_dags/example_complex.py
[2025-01-14T18:58:08.651-0500] {logging_mixin.py:190} INFO - [2025-01-14T18:58:08.651-0500] {dag.py:3239} INFO - Sync 1 DAGs
[2025-01-14T18:58:08.663-0500] {logging_mixin.py:190} INFO - [2025-01-14T18:58:08.663-0500] {dag.py:4180} INFO - Setting next_dagrun for example_complex to None, run_after=None
[2025-01-14T18:58:08.681-0500] {processor.py:208} INFO - Processing /usr/local/lib/python3.10/site-packages/airflow/example_dags/example_complex.py took 0.246 seconds
