[2025-01-13T19:07:09.779-0500] {processor.py:186} INFO - Started process (PID=49079) to work on /usr/local/lib/python3.10/site-packages/airflow/example_dags/example_external_task_marker_dag.py
[2025-01-13T19:07:09.780-0500] {processor.py:914} INFO - Processing file /usr/local/lib/python3.10/site-packages/airflow/example_dags/example_external_task_marker_dag.py for tasks to queue
[2025-01-13T19:07:09.781-0500] {logging_mixin.py:190} INFO - [2025-01-13T19:07:09.781-0500] {dagbag.py:588} INFO - Filling up the DagBag from /usr/local/lib/python3.10/site-packages/airflow/example_dags/example_external_task_marker_dag.py
[2025-01-13T19:07:09.794-0500] {processor.py:925} INFO - DAG(s) 'example_external_task_marker_parent', 'example_external_task_marker_child' retrieved from /usr/local/lib/python3.10/site-packages/airflow/example_dags/example_external_task_marker_dag.py
[2025-01-13T19:07:10.240-0500] {logging_mixin.py:190} INFO - [2025-01-13T19:07:10.240-0500] {dag.py:3239} INFO - Sync 2 DAGs
[2025-01-13T19:07:10.251-0500] {logging_mixin.py:190} INFO - [2025-01-13T19:07:10.251-0500] {dag.py:4180} INFO - Setting next_dagrun for example_external_task_marker_child to None, run_after=None
[2025-01-13T19:07:10.254-0500] {logging_mixin.py:190} INFO - [2025-01-13T19:07:10.254-0500] {dag.py:4180} INFO - Setting next_dagrun for example_external_task_marker_parent to None, run_after=None
[2025-01-13T19:07:10.268-0500] {processor.py:208} INFO - Processing /usr/local/lib/python3.10/site-packages/airflow/example_dags/example_external_task_marker_dag.py took 0.493 seconds
[2025-01-13T19:09:45.065-0500] {processor.py:186} INFO - Started process (PID=50837) to work on /usr/local/lib/python3.10/site-packages/airflow/example_dags/example_external_task_marker_dag.py
[2025-01-13T19:09:45.066-0500] {processor.py:914} INFO - Processing file /usr/local/lib/python3.10/site-packages/airflow/example_dags/example_external_task_marker_dag.py for tasks to queue
[2025-01-13T19:09:45.067-0500] {logging_mixin.py:190} INFO - [2025-01-13T19:09:45.067-0500] {dagbag.py:588} INFO - Filling up the DagBag from /usr/local/lib/python3.10/site-packages/airflow/example_dags/example_external_task_marker_dag.py
[2025-01-13T19:09:45.081-0500] {processor.py:925} INFO - DAG(s) 'example_external_task_marker_parent', 'example_external_task_marker_child' retrieved from /usr/local/lib/python3.10/site-packages/airflow/example_dags/example_external_task_marker_dag.py
[2025-01-13T19:09:45.515-0500] {logging_mixin.py:190} INFO - [2025-01-13T19:09:45.514-0500] {dag.py:3239} INFO - Sync 2 DAGs
[2025-01-13T19:09:45.525-0500] {logging_mixin.py:190} INFO - [2025-01-13T19:09:45.524-0500] {dag.py:4180} INFO - Setting next_dagrun for example_external_task_marker_child to None, run_after=None
[2025-01-13T19:09:45.528-0500] {logging_mixin.py:190} INFO - [2025-01-13T19:09:45.528-0500] {dag.py:4180} INFO - Setting next_dagrun for example_external_task_marker_parent to None, run_after=None
[2025-01-13T19:09:45.546-0500] {processor.py:208} INFO - Processing /usr/local/lib/python3.10/site-packages/airflow/example_dags/example_external_task_marker_dag.py took 0.486 seconds
[2025-01-13T20:01:18.984-0500] {processor.py:186} INFO - Started process (PID=55415) to work on /usr/local/lib/python3.10/site-packages/airflow/example_dags/example_external_task_marker_dag.py
[2025-01-13T20:01:18.986-0500] {processor.py:914} INFO - Processing file /usr/local/lib/python3.10/site-packages/airflow/example_dags/example_external_task_marker_dag.py for tasks to queue
[2025-01-13T20:01:18.987-0500] {logging_mixin.py:190} INFO - [2025-01-13T20:01:18.987-0500] {dagbag.py:588} INFO - Filling up the DagBag from /usr/local/lib/python3.10/site-packages/airflow/example_dags/example_external_task_marker_dag.py
[2025-01-13T20:01:19.001-0500] {processor.py:925} INFO - DAG(s) 'example_external_task_marker_parent', 'example_external_task_marker_child' retrieved from /usr/local/lib/python3.10/site-packages/airflow/example_dags/example_external_task_marker_dag.py
[2025-01-13T20:01:19.499-0500] {logging_mixin.py:190} INFO - [2025-01-13T20:01:19.498-0500] {dag.py:3239} INFO - Sync 2 DAGs
[2025-01-13T20:01:19.510-0500] {logging_mixin.py:190} INFO - [2025-01-13T20:01:19.510-0500] {dag.py:4180} INFO - Setting next_dagrun for example_external_task_marker_child to None, run_after=None
[2025-01-13T20:01:19.512-0500] {logging_mixin.py:190} INFO - [2025-01-13T20:01:19.512-0500] {dag.py:4180} INFO - Setting next_dagrun for example_external_task_marker_parent to None, run_after=None
[2025-01-13T20:01:19.526-0500] {processor.py:208} INFO - Processing /usr/local/lib/python3.10/site-packages/airflow/example_dags/example_external_task_marker_dag.py took 0.546 seconds
[2025-01-14T15:55:44.596-0500] {processor.py:186} INFO - Started process (PID=62658) to work on /usr/local/lib/python3.10/site-packages/airflow/example_dags/example_external_task_marker_dag.py
[2025-01-14T15:55:44.598-0500] {processor.py:914} INFO - Processing file /usr/local/lib/python3.10/site-packages/airflow/example_dags/example_external_task_marker_dag.py for tasks to queue
[2025-01-14T15:55:44.599-0500] {logging_mixin.py:190} INFO - [2025-01-14T15:55:44.599-0500] {dagbag.py:588} INFO - Filling up the DagBag from /usr/local/lib/python3.10/site-packages/airflow/example_dags/example_external_task_marker_dag.py
[2025-01-14T15:55:44.615-0500] {processor.py:925} INFO - DAG(s) 'example_external_task_marker_child', 'example_external_task_marker_parent' retrieved from /usr/local/lib/python3.10/site-packages/airflow/example_dags/example_external_task_marker_dag.py
[2025-01-14T15:55:45.297-0500] {logging_mixin.py:190} INFO - [2025-01-14T15:55:45.297-0500] {dag.py:3239} INFO - Sync 2 DAGs
[2025-01-14T15:55:45.310-0500] {logging_mixin.py:190} INFO - [2025-01-14T15:55:45.310-0500] {dag.py:4180} INFO - Setting next_dagrun for example_external_task_marker_child to None, run_after=None
[2025-01-14T15:55:45.313-0500] {logging_mixin.py:190} INFO - [2025-01-14T15:55:45.313-0500] {dag.py:4180} INFO - Setting next_dagrun for example_external_task_marker_parent to None, run_after=None
[2025-01-14T15:55:45.328-0500] {processor.py:208} INFO - Processing /usr/local/lib/python3.10/site-packages/airflow/example_dags/example_external_task_marker_dag.py took 0.736 seconds
[2025-01-14T15:58:53.293-0500] {processor.py:186} INFO - Started process (PID=64947) to work on /usr/local/lib/python3.10/site-packages/airflow/example_dags/example_external_task_marker_dag.py
[2025-01-14T15:58:53.295-0500] {processor.py:914} INFO - Processing file /usr/local/lib/python3.10/site-packages/airflow/example_dags/example_external_task_marker_dag.py for tasks to queue
[2025-01-14T15:58:53.296-0500] {logging_mixin.py:190} INFO - [2025-01-14T15:58:53.296-0500] {dagbag.py:588} INFO - Filling up the DagBag from /usr/local/lib/python3.10/site-packages/airflow/example_dags/example_external_task_marker_dag.py
[2025-01-14T15:58:53.311-0500] {processor.py:925} INFO - DAG(s) 'example_external_task_marker_parent', 'example_external_task_marker_child' retrieved from /usr/local/lib/python3.10/site-packages/airflow/example_dags/example_external_task_marker_dag.py
[2025-01-14T15:58:54.014-0500] {logging_mixin.py:190} INFO - [2025-01-14T15:58:54.014-0500] {dag.py:3239} INFO - Sync 2 DAGs
[2025-01-14T15:58:54.027-0500] {logging_mixin.py:190} INFO - [2025-01-14T15:58:54.027-0500] {dag.py:4180} INFO - Setting next_dagrun for example_external_task_marker_child to None, run_after=None
[2025-01-14T15:58:54.030-0500] {logging_mixin.py:190} INFO - [2025-01-14T15:58:54.030-0500] {dag.py:4180} INFO - Setting next_dagrun for example_external_task_marker_parent to None, run_after=None
[2025-01-14T15:58:54.045-0500] {processor.py:208} INFO - Processing /usr/local/lib/python3.10/site-packages/airflow/example_dags/example_external_task_marker_dag.py took 0.756 seconds
[2025-01-14T16:01:28.647-0500] {processor.py:186} INFO - Started process (PID=66805) to work on /usr/local/lib/python3.10/site-packages/airflow/example_dags/example_external_task_marker_dag.py
[2025-01-14T16:01:28.648-0500] {processor.py:914} INFO - Processing file /usr/local/lib/python3.10/site-packages/airflow/example_dags/example_external_task_marker_dag.py for tasks to queue
[2025-01-14T16:01:28.650-0500] {logging_mixin.py:190} INFO - [2025-01-14T16:01:28.649-0500] {dagbag.py:588} INFO - Filling up the DagBag from /usr/local/lib/python3.10/site-packages/airflow/example_dags/example_external_task_marker_dag.py
[2025-01-14T16:01:28.664-0500] {processor.py:925} INFO - DAG(s) 'example_external_task_marker_child', 'example_external_task_marker_parent' retrieved from /usr/local/lib/python3.10/site-packages/airflow/example_dags/example_external_task_marker_dag.py
[2025-01-14T16:01:29.275-0500] {logging_mixin.py:190} INFO - [2025-01-14T16:01:29.275-0500] {dag.py:3239} INFO - Sync 2 DAGs
[2025-01-14T16:01:29.287-0500] {logging_mixin.py:190} INFO - [2025-01-14T16:01:29.286-0500] {dag.py:4180} INFO - Setting next_dagrun for example_external_task_marker_child to None, run_after=None
[2025-01-14T16:01:29.289-0500] {logging_mixin.py:190} INFO - [2025-01-14T16:01:29.289-0500] {dag.py:4180} INFO - Setting next_dagrun for example_external_task_marker_parent to None, run_after=None
[2025-01-14T16:01:29.303-0500] {processor.py:208} INFO - Processing /usr/local/lib/python3.10/site-packages/airflow/example_dags/example_external_task_marker_dag.py took 0.660 seconds
[2025-01-14T16:06:18.328-0500] {processor.py:186} INFO - Started process (PID=70447) to work on /usr/local/lib/python3.10/site-packages/airflow/example_dags/example_external_task_marker_dag.py
[2025-01-14T16:06:18.330-0500] {processor.py:914} INFO - Processing file /usr/local/lib/python3.10/site-packages/airflow/example_dags/example_external_task_marker_dag.py for tasks to queue
[2025-01-14T16:06:18.331-0500] {logging_mixin.py:190} INFO - [2025-01-14T16:06:18.331-0500] {dagbag.py:588} INFO - Filling up the DagBag from /usr/local/lib/python3.10/site-packages/airflow/example_dags/example_external_task_marker_dag.py
[2025-01-14T16:06:18.346-0500] {processor.py:925} INFO - DAG(s) 'example_external_task_marker_parent', 'example_external_task_marker_child' retrieved from /usr/local/lib/python3.10/site-packages/airflow/example_dags/example_external_task_marker_dag.py
[2025-01-14T16:06:19.195-0500] {logging_mixin.py:190} INFO - [2025-01-14T16:06:19.194-0500] {dag.py:3239} INFO - Sync 2 DAGs
[2025-01-14T16:06:19.207-0500] {logging_mixin.py:190} INFO - [2025-01-14T16:06:19.207-0500] {dag.py:4180} INFO - Setting next_dagrun for example_external_task_marker_child to None, run_after=None
[2025-01-14T16:06:19.210-0500] {logging_mixin.py:190} INFO - [2025-01-14T16:06:19.210-0500] {dag.py:4180} INFO - Setting next_dagrun for example_external_task_marker_parent to None, run_after=None
[2025-01-14T16:06:19.228-0500] {processor.py:208} INFO - Processing /usr/local/lib/python3.10/site-packages/airflow/example_dags/example_external_task_marker_dag.py took 0.903 seconds
[2025-01-14T16:11:35.066-0500] {processor.py:186} INFO - Started process (PID=73553) to work on /usr/local/lib/python3.10/site-packages/airflow/example_dags/example_external_task_marker_dag.py
[2025-01-14T16:11:35.067-0500] {processor.py:914} INFO - Processing file /usr/local/lib/python3.10/site-packages/airflow/example_dags/example_external_task_marker_dag.py for tasks to queue
[2025-01-14T16:11:35.069-0500] {logging_mixin.py:190} INFO - [2025-01-14T16:11:35.068-0500] {dagbag.py:588} INFO - Filling up the DagBag from /usr/local/lib/python3.10/site-packages/airflow/example_dags/example_external_task_marker_dag.py
[2025-01-14T16:11:35.083-0500] {processor.py:925} INFO - DAG(s) 'example_external_task_marker_child', 'example_external_task_marker_parent' retrieved from /usr/local/lib/python3.10/site-packages/airflow/example_dags/example_external_task_marker_dag.py
[2025-01-14T16:11:35.579-0500] {logging_mixin.py:190} INFO - [2025-01-14T16:11:35.578-0500] {dag.py:3239} INFO - Sync 2 DAGs
[2025-01-14T16:11:35.591-0500] {logging_mixin.py:190} INFO - [2025-01-14T16:11:35.591-0500] {dag.py:4180} INFO - Setting next_dagrun for example_external_task_marker_child to None, run_after=None
[2025-01-14T16:11:35.594-0500] {logging_mixin.py:190} INFO - [2025-01-14T16:11:35.594-0500] {dag.py:4180} INFO - Setting next_dagrun for example_external_task_marker_parent to None, run_after=None
[2025-01-14T16:11:35.609-0500] {processor.py:208} INFO - Processing /usr/local/lib/python3.10/site-packages/airflow/example_dags/example_external_task_marker_dag.py took 0.548 seconds
[2025-01-14T16:16:07.150-0500] {processor.py:186} INFO - Started process (PID=76740) to work on /usr/local/lib/python3.10/site-packages/airflow/example_dags/example_external_task_marker_dag.py
[2025-01-14T16:16:07.152-0500] {processor.py:914} INFO - Processing file /usr/local/lib/python3.10/site-packages/airflow/example_dags/example_external_task_marker_dag.py for tasks to queue
[2025-01-14T16:16:07.153-0500] {logging_mixin.py:190} INFO - [2025-01-14T16:16:07.152-0500] {dagbag.py:588} INFO - Filling up the DagBag from /usr/local/lib/python3.10/site-packages/airflow/example_dags/example_external_task_marker_dag.py
[2025-01-14T16:16:07.167-0500] {processor.py:925} INFO - DAG(s) 'example_external_task_marker_child', 'example_external_task_marker_parent' retrieved from /usr/local/lib/python3.10/site-packages/airflow/example_dags/example_external_task_marker_dag.py
[2025-01-14T16:16:07.663-0500] {logging_mixin.py:190} INFO - [2025-01-14T16:16:07.662-0500] {dag.py:3239} INFO - Sync 2 DAGs
[2025-01-14T16:16:07.674-0500] {logging_mixin.py:190} INFO - [2025-01-14T16:16:07.674-0500] {dag.py:4180} INFO - Setting next_dagrun for example_external_task_marker_child to None, run_after=None
[2025-01-14T16:16:07.677-0500] {logging_mixin.py:190} INFO - [2025-01-14T16:16:07.677-0500] {dag.py:4180} INFO - Setting next_dagrun for example_external_task_marker_parent to None, run_after=None
[2025-01-14T16:16:07.692-0500] {processor.py:208} INFO - Processing /usr/local/lib/python3.10/site-packages/airflow/example_dags/example_external_task_marker_dag.py took 0.546 seconds
[2025-01-14T16:20:50.856-0500] {processor.py:186} INFO - Started process (PID=79905) to work on /usr/local/lib/python3.10/site-packages/airflow/example_dags/example_external_task_marker_dag.py
[2025-01-14T16:20:50.858-0500] {processor.py:914} INFO - Processing file /usr/local/lib/python3.10/site-packages/airflow/example_dags/example_external_task_marker_dag.py for tasks to queue
[2025-01-14T16:20:50.859-0500] {logging_mixin.py:190} INFO - [2025-01-14T16:20:50.859-0500] {dagbag.py:588} INFO - Filling up the DagBag from /usr/local/lib/python3.10/site-packages/airflow/example_dags/example_external_task_marker_dag.py
[2025-01-14T16:20:50.874-0500] {processor.py:925} INFO - DAG(s) 'example_external_task_marker_parent', 'example_external_task_marker_child' retrieved from /usr/local/lib/python3.10/site-packages/airflow/example_dags/example_external_task_marker_dag.py
[2025-01-14T16:20:51.526-0500] {logging_mixin.py:190} INFO - [2025-01-14T16:20:51.526-0500] {dag.py:3239} INFO - Sync 2 DAGs
[2025-01-14T16:20:51.537-0500] {logging_mixin.py:190} INFO - [2025-01-14T16:20:51.537-0500] {dag.py:4180} INFO - Setting next_dagrun for example_external_task_marker_child to None, run_after=None
[2025-01-14T16:20:51.540-0500] {logging_mixin.py:190} INFO - [2025-01-14T16:20:51.540-0500] {dag.py:4180} INFO - Setting next_dagrun for example_external_task_marker_parent to None, run_after=None
[2025-01-14T16:20:51.555-0500] {processor.py:208} INFO - Processing /usr/local/lib/python3.10/site-packages/airflow/example_dags/example_external_task_marker_dag.py took 0.702 seconds
[2025-01-14T16:25:12.077-0500] {processor.py:186} INFO - Started process (PID=82931) to work on /usr/local/lib/python3.10/site-packages/airflow/example_dags/example_external_task_marker_dag.py
[2025-01-14T16:25:12.079-0500] {processor.py:914} INFO - Processing file /usr/local/lib/python3.10/site-packages/airflow/example_dags/example_external_task_marker_dag.py for tasks to queue
[2025-01-14T16:25:12.080-0500] {logging_mixin.py:190} INFO - [2025-01-14T16:25:12.080-0500] {dagbag.py:588} INFO - Filling up the DagBag from /usr/local/lib/python3.10/site-packages/airflow/example_dags/example_external_task_marker_dag.py
[2025-01-14T16:25:12.094-0500] {processor.py:925} INFO - DAG(s) 'example_external_task_marker_parent', 'example_external_task_marker_child' retrieved from /usr/local/lib/python3.10/site-packages/airflow/example_dags/example_external_task_marker_dag.py
[2025-01-14T16:25:12.565-0500] {logging_mixin.py:190} INFO - [2025-01-14T16:25:12.564-0500] {dag.py:3239} INFO - Sync 2 DAGs
[2025-01-14T16:25:12.575-0500] {logging_mixin.py:190} INFO - [2025-01-14T16:25:12.575-0500] {dag.py:4180} INFO - Setting next_dagrun for example_external_task_marker_child to None, run_after=None
[2025-01-14T16:25:12.578-0500] {logging_mixin.py:190} INFO - [2025-01-14T16:25:12.578-0500] {dag.py:4180} INFO - Setting next_dagrun for example_external_task_marker_parent to None, run_after=None
[2025-01-14T16:25:12.592-0500] {processor.py:208} INFO - Processing /usr/local/lib/python3.10/site-packages/airflow/example_dags/example_external_task_marker_dag.py took 0.520 seconds
[2025-01-14T16:29:55.379-0500] {processor.py:186} INFO - Started process (PID=86110) to work on /usr/local/lib/python3.10/site-packages/airflow/example_dags/example_external_task_marker_dag.py
[2025-01-14T16:29:55.382-0500] {processor.py:914} INFO - Processing file /usr/local/lib/python3.10/site-packages/airflow/example_dags/example_external_task_marker_dag.py for tasks to queue
[2025-01-14T16:29:55.383-0500] {logging_mixin.py:190} INFO - [2025-01-14T16:29:55.383-0500] {dagbag.py:588} INFO - Filling up the DagBag from /usr/local/lib/python3.10/site-packages/airflow/example_dags/example_external_task_marker_dag.py
[2025-01-14T16:29:55.398-0500] {processor.py:925} INFO - DAG(s) 'example_external_task_marker_child', 'example_external_task_marker_parent' retrieved from /usr/local/lib/python3.10/site-packages/airflow/example_dags/example_external_task_marker_dag.py
[2025-01-14T16:29:56.075-0500] {logging_mixin.py:190} INFO - [2025-01-14T16:29:56.075-0500] {dag.py:3239} INFO - Sync 2 DAGs
[2025-01-14T16:29:56.088-0500] {logging_mixin.py:190} INFO - [2025-01-14T16:29:56.088-0500] {dag.py:4180} INFO - Setting next_dagrun for example_external_task_marker_child to None, run_after=None
[2025-01-14T16:29:56.091-0500] {logging_mixin.py:190} INFO - [2025-01-14T16:29:56.091-0500] {dag.py:4180} INFO - Setting next_dagrun for example_external_task_marker_parent to None, run_after=None
[2025-01-14T16:29:56.109-0500] {processor.py:208} INFO - Processing /usr/local/lib/python3.10/site-packages/airflow/example_dags/example_external_task_marker_dag.py took 0.734 seconds
[2025-01-14T16:34:42.078-0500] {processor.py:186} INFO - Started process (PID=89379) to work on /usr/local/lib/python3.10/site-packages/airflow/example_dags/example_external_task_marker_dag.py
[2025-01-14T16:34:42.080-0500] {processor.py:914} INFO - Processing file /usr/local/lib/python3.10/site-packages/airflow/example_dags/example_external_task_marker_dag.py for tasks to queue
[2025-01-14T16:34:42.081-0500] {logging_mixin.py:190} INFO - [2025-01-14T16:34:42.081-0500] {dagbag.py:588} INFO - Filling up the DagBag from /usr/local/lib/python3.10/site-packages/airflow/example_dags/example_external_task_marker_dag.py
[2025-01-14T16:34:42.095-0500] {processor.py:925} INFO - DAG(s) 'example_external_task_marker_parent', 'example_external_task_marker_child' retrieved from /usr/local/lib/python3.10/site-packages/airflow/example_dags/example_external_task_marker_dag.py
[2025-01-14T16:34:42.767-0500] {logging_mixin.py:190} INFO - [2025-01-14T16:34:42.767-0500] {dag.py:3239} INFO - Sync 2 DAGs
[2025-01-14T16:34:42.780-0500] {logging_mixin.py:190} INFO - [2025-01-14T16:34:42.779-0500] {dag.py:4180} INFO - Setting next_dagrun for example_external_task_marker_child to None, run_after=None
[2025-01-14T16:34:42.783-0500] {logging_mixin.py:190} INFO - [2025-01-14T16:34:42.783-0500] {dag.py:4180} INFO - Setting next_dagrun for example_external_task_marker_parent to None, run_after=None
[2025-01-14T16:34:42.799-0500] {processor.py:208} INFO - Processing /usr/local/lib/python3.10/site-packages/airflow/example_dags/example_external_task_marker_dag.py took 0.725 seconds
[2025-01-14T16:40:31.681-0500] {processor.py:186} INFO - Started process (PID=93314) to work on /usr/local/lib/python3.10/site-packages/airflow/example_dags/example_external_task_marker_dag.py
[2025-01-14T16:40:31.683-0500] {processor.py:914} INFO - Processing file /usr/local/lib/python3.10/site-packages/airflow/example_dags/example_external_task_marker_dag.py for tasks to queue
[2025-01-14T16:40:31.685-0500] {logging_mixin.py:190} INFO - [2025-01-14T16:40:31.684-0500] {dagbag.py:588} INFO - Filling up the DagBag from /usr/local/lib/python3.10/site-packages/airflow/example_dags/example_external_task_marker_dag.py
[2025-01-14T16:40:31.700-0500] {processor.py:925} INFO - DAG(s) 'example_external_task_marker_child', 'example_external_task_marker_parent' retrieved from /usr/local/lib/python3.10/site-packages/airflow/example_dags/example_external_task_marker_dag.py
[2025-01-14T16:40:32.221-0500] {logging_mixin.py:190} INFO - [2025-01-14T16:40:32.221-0500] {dag.py:3239} INFO - Sync 2 DAGs
[2025-01-14T16:40:32.232-0500] {logging_mixin.py:190} INFO - [2025-01-14T16:40:32.232-0500] {dag.py:4180} INFO - Setting next_dagrun for example_external_task_marker_child to None, run_after=None
[2025-01-14T16:40:32.235-0500] {logging_mixin.py:190} INFO - [2025-01-14T16:40:32.235-0500] {dag.py:4180} INFO - Setting next_dagrun for example_external_task_marker_parent to None, run_after=None
[2025-01-14T16:40:32.249-0500] {processor.py:208} INFO - Processing /usr/local/lib/python3.10/site-packages/airflow/example_dags/example_external_task_marker_dag.py took 0.572 seconds
[2025-01-14T16:45:05.865-0500] {processor.py:186} INFO - Started process (PID=96396) to work on /usr/local/lib/python3.10/site-packages/airflow/example_dags/example_external_task_marker_dag.py
[2025-01-14T16:45:05.867-0500] {processor.py:914} INFO - Processing file /usr/local/lib/python3.10/site-packages/airflow/example_dags/example_external_task_marker_dag.py for tasks to queue
[2025-01-14T16:45:05.868-0500] {logging_mixin.py:190} INFO - [2025-01-14T16:45:05.868-0500] {dagbag.py:588} INFO - Filling up the DagBag from /usr/local/lib/python3.10/site-packages/airflow/example_dags/example_external_task_marker_dag.py
[2025-01-14T16:45:05.883-0500] {processor.py:925} INFO - DAG(s) 'example_external_task_marker_parent', 'example_external_task_marker_child' retrieved from /usr/local/lib/python3.10/site-packages/airflow/example_dags/example_external_task_marker_dag.py
[2025-01-14T16:45:06.356-0500] {logging_mixin.py:190} INFO - [2025-01-14T16:45:06.356-0500] {dag.py:3239} INFO - Sync 2 DAGs
[2025-01-14T16:45:06.367-0500] {logging_mixin.py:190} INFO - [2025-01-14T16:45:06.367-0500] {dag.py:4180} INFO - Setting next_dagrun for example_external_task_marker_child to None, run_after=None
[2025-01-14T16:45:06.370-0500] {logging_mixin.py:190} INFO - [2025-01-14T16:45:06.370-0500] {dag.py:4180} INFO - Setting next_dagrun for example_external_task_marker_parent to None, run_after=None
[2025-01-14T16:45:06.386-0500] {processor.py:208} INFO - Processing /usr/local/lib/python3.10/site-packages/airflow/example_dags/example_external_task_marker_dag.py took 0.526 seconds
[2025-01-14T16:49:55.112-0500] {processor.py:186} INFO - Started process (PID=99753) to work on /usr/local/lib/python3.10/site-packages/airflow/example_dags/example_external_task_marker_dag.py
[2025-01-14T16:49:55.113-0500] {processor.py:914} INFO - Processing file /usr/local/lib/python3.10/site-packages/airflow/example_dags/example_external_task_marker_dag.py for tasks to queue
[2025-01-14T16:49:55.114-0500] {logging_mixin.py:190} INFO - [2025-01-14T16:49:55.114-0500] {dagbag.py:588} INFO - Filling up the DagBag from /usr/local/lib/python3.10/site-packages/airflow/example_dags/example_external_task_marker_dag.py
[2025-01-14T16:49:55.129-0500] {processor.py:925} INFO - DAG(s) 'example_external_task_marker_parent', 'example_external_task_marker_child' retrieved from /usr/local/lib/python3.10/site-packages/airflow/example_dags/example_external_task_marker_dag.py
[2025-01-14T16:49:56.003-0500] {logging_mixin.py:190} INFO - [2025-01-14T16:49:56.003-0500] {dag.py:3239} INFO - Sync 2 DAGs
[2025-01-14T16:49:56.015-0500] {logging_mixin.py:190} INFO - [2025-01-14T16:49:56.015-0500] {dag.py:4180} INFO - Setting next_dagrun for example_external_task_marker_child to None, run_after=None
[2025-01-14T16:49:56.018-0500] {logging_mixin.py:190} INFO - [2025-01-14T16:49:56.017-0500] {dag.py:4180} INFO - Setting next_dagrun for example_external_task_marker_parent to None, run_after=None
[2025-01-14T16:49:56.032-0500] {processor.py:208} INFO - Processing /usr/local/lib/python3.10/site-packages/airflow/example_dags/example_external_task_marker_dag.py took 0.924 seconds
[2025-01-14T16:54:50.408-0500] {processor.py:186} INFO - Started process (PID=3764) to work on /usr/local/lib/python3.10/site-packages/airflow/example_dags/example_external_task_marker_dag.py
[2025-01-14T16:54:50.410-0500] {processor.py:914} INFO - Processing file /usr/local/lib/python3.10/site-packages/airflow/example_dags/example_external_task_marker_dag.py for tasks to queue
[2025-01-14T16:54:50.411-0500] {logging_mixin.py:190} INFO - [2025-01-14T16:54:50.411-0500] {dagbag.py:588} INFO - Filling up the DagBag from /usr/local/lib/python3.10/site-packages/airflow/example_dags/example_external_task_marker_dag.py
[2025-01-14T16:54:50.427-0500] {processor.py:925} INFO - DAG(s) 'example_external_task_marker_parent', 'example_external_task_marker_child' retrieved from /usr/local/lib/python3.10/site-packages/airflow/example_dags/example_external_task_marker_dag.py
[2025-01-14T16:54:51.084-0500] {logging_mixin.py:190} INFO - [2025-01-14T16:54:51.084-0500] {dag.py:3239} INFO - Sync 2 DAGs
[2025-01-14T16:54:51.097-0500] {logging_mixin.py:190} INFO - [2025-01-14T16:54:51.096-0500] {dag.py:4180} INFO - Setting next_dagrun for example_external_task_marker_child to None, run_after=None
[2025-01-14T16:54:51.099-0500] {logging_mixin.py:190} INFO - [2025-01-14T16:54:51.099-0500] {dag.py:4180} INFO - Setting next_dagrun for example_external_task_marker_parent to None, run_after=None
[2025-01-14T16:54:51.114-0500] {processor.py:208} INFO - Processing /usr/local/lib/python3.10/site-packages/airflow/example_dags/example_external_task_marker_dag.py took 0.711 seconds
[2025-01-14T16:59:54.740-0500] {processor.py:186} INFO - Started process (PID=7399) to work on /usr/local/lib/python3.10/site-packages/airflow/example_dags/example_external_task_marker_dag.py
[2025-01-14T16:59:54.742-0500] {processor.py:914} INFO - Processing file /usr/local/lib/python3.10/site-packages/airflow/example_dags/example_external_task_marker_dag.py for tasks to queue
[2025-01-14T16:59:54.744-0500] {logging_mixin.py:190} INFO - [2025-01-14T16:59:54.744-0500] {dagbag.py:588} INFO - Filling up the DagBag from /usr/local/lib/python3.10/site-packages/airflow/example_dags/example_external_task_marker_dag.py
[2025-01-14T16:59:54.763-0500] {processor.py:925} INFO - DAG(s) 'example_external_task_marker_parent', 'example_external_task_marker_child' retrieved from /usr/local/lib/python3.10/site-packages/airflow/example_dags/example_external_task_marker_dag.py
[2025-01-14T16:59:55.562-0500] {logging_mixin.py:190} INFO - [2025-01-14T16:59:55.561-0500] {dag.py:3239} INFO - Sync 2 DAGs
[2025-01-14T16:59:55.577-0500] {logging_mixin.py:190} INFO - [2025-01-14T16:59:55.576-0500] {dag.py:4180} INFO - Setting next_dagrun for example_external_task_marker_child to None, run_after=None
[2025-01-14T16:59:55.580-0500] {logging_mixin.py:190} INFO - [2025-01-14T16:59:55.579-0500] {dag.py:4180} INFO - Setting next_dagrun for example_external_task_marker_parent to None, run_after=None
[2025-01-14T16:59:55.599-0500] {processor.py:208} INFO - Processing /usr/local/lib/python3.10/site-packages/airflow/example_dags/example_external_task_marker_dag.py took 0.865 seconds
[2025-01-14T17:03:10.132-0500] {processor.py:186} INFO - Started process (PID=9664) to work on /usr/local/lib/python3.10/site-packages/airflow/example_dags/example_external_task_marker_dag.py
[2025-01-14T17:03:10.134-0500] {processor.py:914} INFO - Processing file /usr/local/lib/python3.10/site-packages/airflow/example_dags/example_external_task_marker_dag.py for tasks to queue
[2025-01-14T17:03:10.135-0500] {logging_mixin.py:190} INFO - [2025-01-14T17:03:10.135-0500] {dagbag.py:588} INFO - Filling up the DagBag from /usr/local/lib/python3.10/site-packages/airflow/example_dags/example_external_task_marker_dag.py
[2025-01-14T17:03:10.153-0500] {processor.py:925} INFO - DAG(s) 'example_external_task_marker_child', 'example_external_task_marker_parent' retrieved from /usr/local/lib/python3.10/site-packages/airflow/example_dags/example_external_task_marker_dag.py
[2025-01-14T17:03:10.798-0500] {logging_mixin.py:190} INFO - [2025-01-14T17:03:10.797-0500] {dag.py:3239} INFO - Sync 2 DAGs
[2025-01-14T17:03:10.809-0500] {logging_mixin.py:190} INFO - [2025-01-14T17:03:10.809-0500] {dag.py:4180} INFO - Setting next_dagrun for example_external_task_marker_child to None, run_after=None
[2025-01-14T17:03:10.811-0500] {logging_mixin.py:190} INFO - [2025-01-14T17:03:10.811-0500] {dag.py:4180} INFO - Setting next_dagrun for example_external_task_marker_parent to None, run_after=None
[2025-01-14T17:03:10.825-0500] {processor.py:208} INFO - Processing /usr/local/lib/python3.10/site-packages/airflow/example_dags/example_external_task_marker_dag.py took 0.699 seconds
[2025-01-14T17:08:37.098-0500] {processor.py:186} INFO - Started process (PID=13470) to work on /usr/local/lib/python3.10/site-packages/airflow/example_dags/example_external_task_marker_dag.py
[2025-01-14T17:08:37.100-0500] {processor.py:914} INFO - Processing file /usr/local/lib/python3.10/site-packages/airflow/example_dags/example_external_task_marker_dag.py for tasks to queue
[2025-01-14T17:08:37.101-0500] {logging_mixin.py:190} INFO - [2025-01-14T17:08:37.101-0500] {dagbag.py:588} INFO - Filling up the DagBag from /usr/local/lib/python3.10/site-packages/airflow/example_dags/example_external_task_marker_dag.py
[2025-01-14T17:08:37.115-0500] {processor.py:925} INFO - DAG(s) 'example_external_task_marker_child', 'example_external_task_marker_parent' retrieved from /usr/local/lib/python3.10/site-packages/airflow/example_dags/example_external_task_marker_dag.py
[2025-01-14T17:08:37.649-0500] {logging_mixin.py:190} INFO - [2025-01-14T17:08:37.649-0500] {dag.py:3239} INFO - Sync 2 DAGs
[2025-01-14T17:08:37.660-0500] {logging_mixin.py:190} INFO - [2025-01-14T17:08:37.660-0500] {dag.py:4180} INFO - Setting next_dagrun for example_external_task_marker_child to None, run_after=None
[2025-01-14T17:08:37.663-0500] {logging_mixin.py:190} INFO - [2025-01-14T17:08:37.662-0500] {dag.py:4180} INFO - Setting next_dagrun for example_external_task_marker_parent to None, run_after=None
[2025-01-14T17:08:37.677-0500] {processor.py:208} INFO - Processing /usr/local/lib/python3.10/site-packages/airflow/example_dags/example_external_task_marker_dag.py took 0.583 seconds
[2025-01-14T17:13:45.544-0500] {processor.py:186} INFO - Started process (PID=17020) to work on /usr/local/lib/python3.10/site-packages/airflow/example_dags/example_external_task_marker_dag.py
[2025-01-14T17:13:45.546-0500] {processor.py:914} INFO - Processing file /usr/local/lib/python3.10/site-packages/airflow/example_dags/example_external_task_marker_dag.py for tasks to queue
[2025-01-14T17:13:45.547-0500] {logging_mixin.py:190} INFO - [2025-01-14T17:13:45.547-0500] {dagbag.py:588} INFO - Filling up the DagBag from /usr/local/lib/python3.10/site-packages/airflow/example_dags/example_external_task_marker_dag.py
[2025-01-14T17:13:45.561-0500] {processor.py:925} INFO - DAG(s) 'example_external_task_marker_parent', 'example_external_task_marker_child' retrieved from /usr/local/lib/python3.10/site-packages/airflow/example_dags/example_external_task_marker_dag.py
[2025-01-14T17:13:46.058-0500] {logging_mixin.py:190} INFO - [2025-01-14T17:13:46.058-0500] {dag.py:3239} INFO - Sync 2 DAGs
[2025-01-14T17:13:46.069-0500] {logging_mixin.py:190} INFO - [2025-01-14T17:13:46.069-0500] {dag.py:4180} INFO - Setting next_dagrun for example_external_task_marker_child to None, run_after=None
[2025-01-14T17:13:46.072-0500] {logging_mixin.py:190} INFO - [2025-01-14T17:13:46.072-0500] {dag.py:4180} INFO - Setting next_dagrun for example_external_task_marker_parent to None, run_after=None
[2025-01-14T17:13:46.086-0500] {processor.py:208} INFO - Processing /usr/local/lib/python3.10/site-packages/airflow/example_dags/example_external_task_marker_dag.py took 0.546 seconds
[2025-01-14T17:18:19.809-0500] {processor.py:186} INFO - Started process (PID=20061) to work on /usr/local/lib/python3.10/site-packages/airflow/example_dags/example_external_task_marker_dag.py
[2025-01-14T17:18:19.811-0500] {processor.py:914} INFO - Processing file /usr/local/lib/python3.10/site-packages/airflow/example_dags/example_external_task_marker_dag.py for tasks to queue
[2025-01-14T17:18:19.812-0500] {logging_mixin.py:190} INFO - [2025-01-14T17:18:19.812-0500] {dagbag.py:588} INFO - Filling up the DagBag from /usr/local/lib/python3.10/site-packages/airflow/example_dags/example_external_task_marker_dag.py
[2025-01-14T17:18:19.830-0500] {processor.py:925} INFO - DAG(s) 'example_external_task_marker_child', 'example_external_task_marker_parent' retrieved from /usr/local/lib/python3.10/site-packages/airflow/example_dags/example_external_task_marker_dag.py
[2025-01-14T17:18:20.370-0500] {logging_mixin.py:190} INFO - [2025-01-14T17:18:20.370-0500] {dag.py:3239} INFO - Sync 2 DAGs
[2025-01-14T17:18:20.383-0500] {logging_mixin.py:190} INFO - [2025-01-14T17:18:20.383-0500] {dag.py:4180} INFO - Setting next_dagrun for example_external_task_marker_child to None, run_after=None
[2025-01-14T17:18:20.386-0500] {logging_mixin.py:190} INFO - [2025-01-14T17:18:20.386-0500] {dag.py:4180} INFO - Setting next_dagrun for example_external_task_marker_parent to None, run_after=None
[2025-01-14T17:18:20.400-0500] {processor.py:208} INFO - Processing /usr/local/lib/python3.10/site-packages/airflow/example_dags/example_external_task_marker_dag.py took 0.597 seconds
[2025-01-14T17:23:02.531-0500] {processor.py:186} INFO - Started process (PID=23345) to work on /usr/local/lib/python3.10/site-packages/airflow/example_dags/example_external_task_marker_dag.py
[2025-01-14T17:23:02.533-0500] {processor.py:914} INFO - Processing file /usr/local/lib/python3.10/site-packages/airflow/example_dags/example_external_task_marker_dag.py for tasks to queue
[2025-01-14T17:23:02.534-0500] {logging_mixin.py:190} INFO - [2025-01-14T17:23:02.534-0500] {dagbag.py:588} INFO - Filling up the DagBag from /usr/local/lib/python3.10/site-packages/airflow/example_dags/example_external_task_marker_dag.py
[2025-01-14T17:23:02.552-0500] {processor.py:925} INFO - DAG(s) 'example_external_task_marker_child', 'example_external_task_marker_parent' retrieved from /usr/local/lib/python3.10/site-packages/airflow/example_dags/example_external_task_marker_dag.py
[2025-01-14T17:23:03.089-0500] {logging_mixin.py:190} INFO - [2025-01-14T17:23:03.088-0500] {dag.py:3239} INFO - Sync 2 DAGs
[2025-01-14T17:23:03.100-0500] {logging_mixin.py:190} INFO - [2025-01-14T17:23:03.100-0500] {dag.py:4180} INFO - Setting next_dagrun for example_external_task_marker_child to None, run_after=None
[2025-01-14T17:23:03.103-0500] {logging_mixin.py:190} INFO - [2025-01-14T17:23:03.103-0500] {dag.py:4180} INFO - Setting next_dagrun for example_external_task_marker_parent to None, run_after=None
[2025-01-14T17:23:03.118-0500] {processor.py:208} INFO - Processing /usr/local/lib/python3.10/site-packages/airflow/example_dags/example_external_task_marker_dag.py took 0.591 seconds
[2025-01-14T17:27:48.028-0500] {processor.py:186} INFO - Started process (PID=26625) to work on /usr/local/lib/python3.10/site-packages/airflow/example_dags/example_external_task_marker_dag.py
[2025-01-14T17:27:48.030-0500] {processor.py:914} INFO - Processing file /usr/local/lib/python3.10/site-packages/airflow/example_dags/example_external_task_marker_dag.py for tasks to queue
[2025-01-14T17:27:48.031-0500] {logging_mixin.py:190} INFO - [2025-01-14T17:27:48.031-0500] {dagbag.py:588} INFO - Filling up the DagBag from /usr/local/lib/python3.10/site-packages/airflow/example_dags/example_external_task_marker_dag.py
[2025-01-14T17:27:48.049-0500] {processor.py:925} INFO - DAG(s) 'example_external_task_marker_child', 'example_external_task_marker_parent' retrieved from /usr/local/lib/python3.10/site-packages/airflow/example_dags/example_external_task_marker_dag.py
[2025-01-14T17:27:48.561-0500] {logging_mixin.py:190} INFO - [2025-01-14T17:27:48.560-0500] {dag.py:3239} INFO - Sync 2 DAGs
[2025-01-14T17:27:48.572-0500] {logging_mixin.py:190} INFO - [2025-01-14T17:27:48.571-0500] {dag.py:4180} INFO - Setting next_dagrun for example_external_task_marker_child to None, run_after=None
[2025-01-14T17:27:48.574-0500] {logging_mixin.py:190} INFO - [2025-01-14T17:27:48.574-0500] {dag.py:4180} INFO - Setting next_dagrun for example_external_task_marker_parent to None, run_after=None
[2025-01-14T17:27:48.588-0500] {processor.py:208} INFO - Processing /usr/local/lib/python3.10/site-packages/airflow/example_dags/example_external_task_marker_dag.py took 0.564 seconds
[2025-01-14T17:32:30.760-0500] {processor.py:186} INFO - Started process (PID=29800) to work on /usr/local/lib/python3.10/site-packages/airflow/example_dags/example_external_task_marker_dag.py
[2025-01-14T17:32:30.762-0500] {processor.py:914} INFO - Processing file /usr/local/lib/python3.10/site-packages/airflow/example_dags/example_external_task_marker_dag.py for tasks to queue
[2025-01-14T17:32:30.763-0500] {logging_mixin.py:190} INFO - [2025-01-14T17:32:30.762-0500] {dagbag.py:588} INFO - Filling up the DagBag from /usr/local/lib/python3.10/site-packages/airflow/example_dags/example_external_task_marker_dag.py
[2025-01-14T17:32:30.777-0500] {processor.py:925} INFO - DAG(s) 'example_external_task_marker_parent', 'example_external_task_marker_child' retrieved from /usr/local/lib/python3.10/site-packages/airflow/example_dags/example_external_task_marker_dag.py
[2025-01-14T17:32:31.270-0500] {logging_mixin.py:190} INFO - [2025-01-14T17:32:31.270-0500] {dag.py:3239} INFO - Sync 2 DAGs
[2025-01-14T17:32:31.281-0500] {logging_mixin.py:190} INFO - [2025-01-14T17:32:31.281-0500] {dag.py:4180} INFO - Setting next_dagrun for example_external_task_marker_child to None, run_after=None
[2025-01-14T17:32:31.283-0500] {logging_mixin.py:190} INFO - [2025-01-14T17:32:31.283-0500] {dag.py:4180} INFO - Setting next_dagrun for example_external_task_marker_parent to None, run_after=None
[2025-01-14T17:32:31.297-0500] {processor.py:208} INFO - Processing /usr/local/lib/python3.10/site-packages/airflow/example_dags/example_external_task_marker_dag.py took 0.540 seconds
[2025-01-14T17:36:59.551-0500] {processor.py:186} INFO - Started process (PID=32895) to work on /usr/local/lib/python3.10/site-packages/airflow/example_dags/example_external_task_marker_dag.py
[2025-01-14T17:36:59.553-0500] {processor.py:914} INFO - Processing file /usr/local/lib/python3.10/site-packages/airflow/example_dags/example_external_task_marker_dag.py for tasks to queue
[2025-01-14T17:36:59.554-0500] {logging_mixin.py:190} INFO - [2025-01-14T17:36:59.554-0500] {dagbag.py:588} INFO - Filling up the DagBag from /usr/local/lib/python3.10/site-packages/airflow/example_dags/example_external_task_marker_dag.py
[2025-01-14T17:36:59.571-0500] {processor.py:925} INFO - DAG(s) 'example_external_task_marker_parent', 'example_external_task_marker_child' retrieved from /usr/local/lib/python3.10/site-packages/airflow/example_dags/example_external_task_marker_dag.py
[2025-01-14T17:37:00.228-0500] {logging_mixin.py:190} INFO - [2025-01-14T17:37:00.228-0500] {dag.py:3239} INFO - Sync 2 DAGs
[2025-01-14T17:37:00.240-0500] {logging_mixin.py:190} INFO - [2025-01-14T17:37:00.240-0500] {dag.py:4180} INFO - Setting next_dagrun for example_external_task_marker_child to None, run_after=None
[2025-01-14T17:37:00.243-0500] {logging_mixin.py:190} INFO - [2025-01-14T17:37:00.242-0500] {dag.py:4180} INFO - Setting next_dagrun for example_external_task_marker_parent to None, run_after=None
[2025-01-14T17:37:00.259-0500] {processor.py:208} INFO - Processing /usr/local/lib/python3.10/site-packages/airflow/example_dags/example_external_task_marker_dag.py took 0.711 seconds
[2025-01-14T17:41:38.844-0500] {processor.py:186} INFO - Started process (PID=36199) to work on /usr/local/lib/python3.10/site-packages/airflow/example_dags/example_external_task_marker_dag.py
[2025-01-14T17:41:38.846-0500] {processor.py:914} INFO - Processing file /usr/local/lib/python3.10/site-packages/airflow/example_dags/example_external_task_marker_dag.py for tasks to queue
[2025-01-14T17:41:38.847-0500] {logging_mixin.py:190} INFO - [2025-01-14T17:41:38.847-0500] {dagbag.py:588} INFO - Filling up the DagBag from /usr/local/lib/python3.10/site-packages/airflow/example_dags/example_external_task_marker_dag.py
[2025-01-14T17:41:38.863-0500] {processor.py:925} INFO - DAG(s) 'example_external_task_marker_parent', 'example_external_task_marker_child' retrieved from /usr/local/lib/python3.10/site-packages/airflow/example_dags/example_external_task_marker_dag.py
[2025-01-14T17:41:39.543-0500] {logging_mixin.py:190} INFO - [2025-01-14T17:41:39.543-0500] {dag.py:3239} INFO - Sync 2 DAGs
[2025-01-14T17:41:39.555-0500] {logging_mixin.py:190} INFO - [2025-01-14T17:41:39.555-0500] {dag.py:4180} INFO - Setting next_dagrun for example_external_task_marker_child to None, run_after=None
[2025-01-14T17:41:39.558-0500] {logging_mixin.py:190} INFO - [2025-01-14T17:41:39.558-0500] {dag.py:4180} INFO - Setting next_dagrun for example_external_task_marker_parent to None, run_after=None
[2025-01-14T17:41:39.572-0500] {processor.py:208} INFO - Processing /usr/local/lib/python3.10/site-packages/airflow/example_dags/example_external_task_marker_dag.py took 0.733 seconds
[2025-01-14T17:46:01.637-0500] {processor.py:186} INFO - Started process (PID=39253) to work on /usr/local/lib/python3.10/site-packages/airflow/example_dags/example_external_task_marker_dag.py
[2025-01-14T17:46:01.639-0500] {processor.py:914} INFO - Processing file /usr/local/lib/python3.10/site-packages/airflow/example_dags/example_external_task_marker_dag.py for tasks to queue
[2025-01-14T17:46:01.640-0500] {logging_mixin.py:190} INFO - [2025-01-14T17:46:01.640-0500] {dagbag.py:588} INFO - Filling up the DagBag from /usr/local/lib/python3.10/site-packages/airflow/example_dags/example_external_task_marker_dag.py
[2025-01-14T17:46:01.655-0500] {processor.py:925} INFO - DAG(s) 'example_external_task_marker_parent', 'example_external_task_marker_child' retrieved from /usr/local/lib/python3.10/site-packages/airflow/example_dags/example_external_task_marker_dag.py
[2025-01-14T17:46:02.113-0500] {logging_mixin.py:190} INFO - [2025-01-14T17:46:02.113-0500] {dag.py:3239} INFO - Sync 2 DAGs
[2025-01-14T17:46:02.123-0500] {logging_mixin.py:190} INFO - [2025-01-14T17:46:02.123-0500] {dag.py:4180} INFO - Setting next_dagrun for example_external_task_marker_child to None, run_after=None
[2025-01-14T17:46:02.125-0500] {logging_mixin.py:190} INFO - [2025-01-14T17:46:02.125-0500] {dag.py:4180} INFO - Setting next_dagrun for example_external_task_marker_parent to None, run_after=None
[2025-01-14T17:46:02.138-0500] {processor.py:208} INFO - Processing /usr/local/lib/python3.10/site-packages/airflow/example_dags/example_external_task_marker_dag.py took 0.505 seconds
[2025-01-14T17:50:33.045-0500] {processor.py:186} INFO - Started process (PID=42301) to work on /usr/local/lib/python3.10/site-packages/airflow/example_dags/example_external_task_marker_dag.py
[2025-01-14T17:50:33.047-0500] {processor.py:914} INFO - Processing file /usr/local/lib/python3.10/site-packages/airflow/example_dags/example_external_task_marker_dag.py for tasks to queue
[2025-01-14T17:50:33.048-0500] {logging_mixin.py:190} INFO - [2025-01-14T17:50:33.048-0500] {dagbag.py:588} INFO - Filling up the DagBag from /usr/local/lib/python3.10/site-packages/airflow/example_dags/example_external_task_marker_dag.py
[2025-01-14T17:50:33.063-0500] {processor.py:925} INFO - DAG(s) 'example_external_task_marker_child', 'example_external_task_marker_parent' retrieved from /usr/local/lib/python3.10/site-packages/airflow/example_dags/example_external_task_marker_dag.py
[2025-01-14T17:50:33.594-0500] {logging_mixin.py:190} INFO - [2025-01-14T17:50:33.594-0500] {dag.py:3239} INFO - Sync 2 DAGs
[2025-01-14T17:50:33.609-0500] {logging_mixin.py:190} INFO - [2025-01-14T17:50:33.609-0500] {dag.py:4180} INFO - Setting next_dagrun for example_external_task_marker_child to None, run_after=None
[2025-01-14T17:50:33.612-0500] {logging_mixin.py:190} INFO - [2025-01-14T17:50:33.612-0500] {dag.py:4180} INFO - Setting next_dagrun for example_external_task_marker_parent to None, run_after=None
[2025-01-14T17:50:33.630-0500] {processor.py:208} INFO - Processing /usr/local/lib/python3.10/site-packages/airflow/example_dags/example_external_task_marker_dag.py took 0.589 seconds
[2025-01-14T17:55:03.754-0500] {processor.py:186} INFO - Started process (PID=45415) to work on /usr/local/lib/python3.10/site-packages/airflow/example_dags/example_external_task_marker_dag.py
[2025-01-14T17:55:03.756-0500] {processor.py:914} INFO - Processing file /usr/local/lib/python3.10/site-packages/airflow/example_dags/example_external_task_marker_dag.py for tasks to queue
[2025-01-14T17:55:03.757-0500] {logging_mixin.py:190} INFO - [2025-01-14T17:55:03.757-0500] {dagbag.py:588} INFO - Filling up the DagBag from /usr/local/lib/python3.10/site-packages/airflow/example_dags/example_external_task_marker_dag.py
[2025-01-14T17:55:03.772-0500] {processor.py:925} INFO - DAG(s) 'example_external_task_marker_child', 'example_external_task_marker_parent' retrieved from /usr/local/lib/python3.10/site-packages/airflow/example_dags/example_external_task_marker_dag.py
[2025-01-14T17:55:04.455-0500] {logging_mixin.py:190} INFO - [2025-01-14T17:55:04.455-0500] {dag.py:3239} INFO - Sync 2 DAGs
[2025-01-14T17:55:04.467-0500] {logging_mixin.py:190} INFO - [2025-01-14T17:55:04.467-0500] {dag.py:4180} INFO - Setting next_dagrun for example_external_task_marker_child to None, run_after=None
[2025-01-14T17:55:04.470-0500] {logging_mixin.py:190} INFO - [2025-01-14T17:55:04.470-0500] {dag.py:4180} INFO - Setting next_dagrun for example_external_task_marker_parent to None, run_after=None
[2025-01-14T17:55:04.486-0500] {processor.py:208} INFO - Processing /usr/local/lib/python3.10/site-packages/airflow/example_dags/example_external_task_marker_dag.py took 0.737 seconds
[2025-01-14T17:59:40.339-0500] {processor.py:186} INFO - Started process (PID=48654) to work on /usr/local/lib/python3.10/site-packages/airflow/example_dags/example_external_task_marker_dag.py
[2025-01-14T17:59:40.345-0500] {processor.py:914} INFO - Processing file /usr/local/lib/python3.10/site-packages/airflow/example_dags/example_external_task_marker_dag.py for tasks to queue
[2025-01-14T17:59:40.347-0500] {logging_mixin.py:190} INFO - [2025-01-14T17:59:40.347-0500] {dagbag.py:588} INFO - Filling up the DagBag from /usr/local/lib/python3.10/site-packages/airflow/example_dags/example_external_task_marker_dag.py
[2025-01-14T17:59:40.386-0500] {processor.py:925} INFO - DAG(s) 'example_external_task_marker_parent', 'example_external_task_marker_child' retrieved from /usr/local/lib/python3.10/site-packages/airflow/example_dags/example_external_task_marker_dag.py
[2025-01-14T17:59:41.029-0500] {logging_mixin.py:190} INFO - [2025-01-14T17:59:41.029-0500] {dag.py:3239} INFO - Sync 2 DAGs
[2025-01-14T17:59:41.043-0500] {logging_mixin.py:190} INFO - [2025-01-14T17:59:41.043-0500] {dag.py:4180} INFO - Setting next_dagrun for example_external_task_marker_child to None, run_after=None
[2025-01-14T17:59:41.047-0500] {logging_mixin.py:190} INFO - [2025-01-14T17:59:41.047-0500] {dag.py:4180} INFO - Setting next_dagrun for example_external_task_marker_parent to None, run_after=None
[2025-01-14T17:59:41.064-0500] {processor.py:208} INFO - Processing /usr/local/lib/python3.10/site-packages/airflow/example_dags/example_external_task_marker_dag.py took 0.730 seconds
[2025-01-14T18:04:23.162-0500] {processor.py:186} INFO - Started process (PID=51954) to work on /usr/local/lib/python3.10/site-packages/airflow/example_dags/example_external_task_marker_dag.py
[2025-01-14T18:04:23.163-0500] {processor.py:914} INFO - Processing file /usr/local/lib/python3.10/site-packages/airflow/example_dags/example_external_task_marker_dag.py for tasks to queue
[2025-01-14T18:04:23.165-0500] {logging_mixin.py:190} INFO - [2025-01-14T18:04:23.164-0500] {dagbag.py:588} INFO - Filling up the DagBag from /usr/local/lib/python3.10/site-packages/airflow/example_dags/example_external_task_marker_dag.py
[2025-01-14T18:04:23.180-0500] {processor.py:925} INFO - DAG(s) 'example_external_task_marker_child', 'example_external_task_marker_parent' retrieved from /usr/local/lib/python3.10/site-packages/airflow/example_dags/example_external_task_marker_dag.py
[2025-01-14T18:04:23.803-0500] {logging_mixin.py:190} INFO - [2025-01-14T18:04:23.802-0500] {dag.py:3239} INFO - Sync 2 DAGs
[2025-01-14T18:04:23.812-0500] {logging_mixin.py:190} INFO - [2025-01-14T18:04:23.812-0500] {dag.py:4180} INFO - Setting next_dagrun for example_external_task_marker_child to None, run_after=None
[2025-01-14T18:04:23.814-0500] {logging_mixin.py:190} INFO - [2025-01-14T18:04:23.814-0500] {dag.py:4180} INFO - Setting next_dagrun for example_external_task_marker_parent to None, run_after=None
[2025-01-14T18:04:23.826-0500] {processor.py:208} INFO - Processing /usr/local/lib/python3.10/site-packages/airflow/example_dags/example_external_task_marker_dag.py took 0.669 seconds
[2025-01-14T18:08:54.011-0500] {processor.py:186} INFO - Started process (PID=55011) to work on /usr/local/lib/python3.10/site-packages/airflow/example_dags/example_external_task_marker_dag.py
[2025-01-14T18:08:54.013-0500] {processor.py:914} INFO - Processing file /usr/local/lib/python3.10/site-packages/airflow/example_dags/example_external_task_marker_dag.py for tasks to queue
[2025-01-14T18:08:54.015-0500] {logging_mixin.py:190} INFO - [2025-01-14T18:08:54.014-0500] {dagbag.py:588} INFO - Filling up the DagBag from /usr/local/lib/python3.10/site-packages/airflow/example_dags/example_external_task_marker_dag.py
[2025-01-14T18:08:54.028-0500] {processor.py:925} INFO - DAG(s) 'example_external_task_marker_child', 'example_external_task_marker_parent' retrieved from /usr/local/lib/python3.10/site-packages/airflow/example_dags/example_external_task_marker_dag.py
[2025-01-14T18:08:54.570-0500] {logging_mixin.py:190} INFO - [2025-01-14T18:08:54.569-0500] {dag.py:3239} INFO - Sync 2 DAGs
[2025-01-14T18:08:54.583-0500] {logging_mixin.py:190} INFO - [2025-01-14T18:08:54.583-0500] {dag.py:4180} INFO - Setting next_dagrun for example_external_task_marker_child to None, run_after=None
[2025-01-14T18:08:54.586-0500] {logging_mixin.py:190} INFO - [2025-01-14T18:08:54.586-0500] {dag.py:4180} INFO - Setting next_dagrun for example_external_task_marker_parent to None, run_after=None
[2025-01-14T18:08:54.603-0500] {processor.py:208} INFO - Processing /usr/local/lib/python3.10/site-packages/airflow/example_dags/example_external_task_marker_dag.py took 0.596 seconds
[2025-01-14T18:13:23.741-0500] {processor.py:186} INFO - Started process (PID=58058) to work on /usr/local/lib/python3.10/site-packages/airflow/example_dags/example_external_task_marker_dag.py
[2025-01-14T18:13:23.742-0500] {processor.py:914} INFO - Processing file /usr/local/lib/python3.10/site-packages/airflow/example_dags/example_external_task_marker_dag.py for tasks to queue
[2025-01-14T18:13:23.744-0500] {logging_mixin.py:190} INFO - [2025-01-14T18:13:23.743-0500] {dagbag.py:588} INFO - Filling up the DagBag from /usr/local/lib/python3.10/site-packages/airflow/example_dags/example_external_task_marker_dag.py
[2025-01-14T18:13:23.759-0500] {processor.py:925} INFO - DAG(s) 'example_external_task_marker_child', 'example_external_task_marker_parent' retrieved from /usr/local/lib/python3.10/site-packages/airflow/example_dags/example_external_task_marker_dag.py
[2025-01-14T18:13:24.236-0500] {logging_mixin.py:190} INFO - [2025-01-14T18:13:24.235-0500] {dag.py:3239} INFO - Sync 2 DAGs
[2025-01-14T18:13:24.247-0500] {logging_mixin.py:190} INFO - [2025-01-14T18:13:24.247-0500] {dag.py:4180} INFO - Setting next_dagrun for example_external_task_marker_child to None, run_after=None
[2025-01-14T18:13:24.249-0500] {logging_mixin.py:190} INFO - [2025-01-14T18:13:24.249-0500] {dag.py:4180} INFO - Setting next_dagrun for example_external_task_marker_parent to None, run_after=None
[2025-01-14T18:13:24.263-0500] {processor.py:208} INFO - Processing /usr/local/lib/python3.10/site-packages/airflow/example_dags/example_external_task_marker_dag.py took 0.526 seconds
[2025-01-14T18:17:52.650-0500] {processor.py:186} INFO - Started process (PID=61221) to work on /usr/local/lib/python3.10/site-packages/airflow/example_dags/example_external_task_marker_dag.py
[2025-01-14T18:17:52.652-0500] {processor.py:914} INFO - Processing file /usr/local/lib/python3.10/site-packages/airflow/example_dags/example_external_task_marker_dag.py for tasks to queue
[2025-01-14T18:17:52.653-0500] {logging_mixin.py:190} INFO - [2025-01-14T18:17:52.653-0500] {dagbag.py:588} INFO - Filling up the DagBag from /usr/local/lib/python3.10/site-packages/airflow/example_dags/example_external_task_marker_dag.py
[2025-01-14T18:17:52.667-0500] {processor.py:925} INFO - DAG(s) 'example_external_task_marker_parent', 'example_external_task_marker_child' retrieved from /usr/local/lib/python3.10/site-packages/airflow/example_dags/example_external_task_marker_dag.py
[2025-01-14T18:17:53.103-0500] {logging_mixin.py:190} INFO - [2025-01-14T18:17:53.103-0500] {dag.py:3239} INFO - Sync 2 DAGs
[2025-01-14T18:17:53.113-0500] {logging_mixin.py:190} INFO - [2025-01-14T18:17:53.112-0500] {dag.py:4180} INFO - Setting next_dagrun for example_external_task_marker_child to None, run_after=None
[2025-01-14T18:17:53.115-0500] {logging_mixin.py:190} INFO - [2025-01-14T18:17:53.114-0500] {dag.py:4180} INFO - Setting next_dagrun for example_external_task_marker_parent to None, run_after=None
[2025-01-14T18:17:53.130-0500] {processor.py:208} INFO - Processing /usr/local/lib/python3.10/site-packages/airflow/example_dags/example_external_task_marker_dag.py took 0.484 seconds
[2025-01-14T18:22:15.813-0500] {processor.py:186} INFO - Started process (PID=64181) to work on /usr/local/lib/python3.10/site-packages/airflow/example_dags/example_external_task_marker_dag.py
[2025-01-14T18:22:15.815-0500] {processor.py:914} INFO - Processing file /usr/local/lib/python3.10/site-packages/airflow/example_dags/example_external_task_marker_dag.py for tasks to queue
[2025-01-14T18:22:15.816-0500] {logging_mixin.py:190} INFO - [2025-01-14T18:22:15.816-0500] {dagbag.py:588} INFO - Filling up the DagBag from /usr/local/lib/python3.10/site-packages/airflow/example_dags/example_external_task_marker_dag.py
[2025-01-14T18:22:15.830-0500] {processor.py:925} INFO - DAG(s) 'example_external_task_marker_child', 'example_external_task_marker_parent' retrieved from /usr/local/lib/python3.10/site-packages/airflow/example_dags/example_external_task_marker_dag.py
[2025-01-14T18:22:16.512-0500] {logging_mixin.py:190} INFO - [2025-01-14T18:22:16.512-0500] {dag.py:3239} INFO - Sync 2 DAGs
[2025-01-14T18:22:16.523-0500] {logging_mixin.py:190} INFO - [2025-01-14T18:22:16.523-0500] {dag.py:4180} INFO - Setting next_dagrun for example_external_task_marker_child to None, run_after=None
[2025-01-14T18:22:16.526-0500] {logging_mixin.py:190} INFO - [2025-01-14T18:22:16.526-0500] {dag.py:4180} INFO - Setting next_dagrun for example_external_task_marker_parent to None, run_after=None
[2025-01-14T18:22:16.539-0500] {processor.py:208} INFO - Processing /usr/local/lib/python3.10/site-packages/airflow/example_dags/example_external_task_marker_dag.py took 0.730 seconds
[2025-01-14T18:46:16.039-0500] {processor.py:186} INFO - Started process (PID=66435) to work on /usr/local/lib/python3.10/site-packages/airflow/example_dags/example_external_task_marker_dag.py
[2025-01-14T18:46:16.042-0500] {processor.py:914} INFO - Processing file /usr/local/lib/python3.10/site-packages/airflow/example_dags/example_external_task_marker_dag.py for tasks to queue
[2025-01-14T18:46:16.043-0500] {logging_mixin.py:190} INFO - [2025-01-14T18:46:16.043-0500] {dagbag.py:588} INFO - Filling up the DagBag from /usr/local/lib/python3.10/site-packages/airflow/example_dags/example_external_task_marker_dag.py
[2025-01-14T18:46:16.063-0500] {processor.py:925} INFO - DAG(s) 'example_external_task_marker_parent', 'example_external_task_marker_child' retrieved from /usr/local/lib/python3.10/site-packages/airflow/example_dags/example_external_task_marker_dag.py
[2025-01-14T18:46:16.742-0500] {logging_mixin.py:190} INFO - [2025-01-14T18:46:16.742-0500] {dag.py:3239} INFO - Sync 2 DAGs
[2025-01-14T18:46:16.755-0500] {logging_mixin.py:190} INFO - [2025-01-14T18:46:16.755-0500] {dag.py:4180} INFO - Setting next_dagrun for example_external_task_marker_child to None, run_after=None
[2025-01-14T18:46:16.758-0500] {logging_mixin.py:190} INFO - [2025-01-14T18:46:16.757-0500] {dag.py:4180} INFO - Setting next_dagrun for example_external_task_marker_parent to None, run_after=None
[2025-01-14T18:46:16.772-0500] {processor.py:208} INFO - Processing /usr/local/lib/python3.10/site-packages/airflow/example_dags/example_external_task_marker_dag.py took 0.739 seconds
[2025-01-14T18:50:54.506-0500] {processor.py:186} INFO - Started process (PID=69673) to work on /usr/local/lib/python3.10/site-packages/airflow/example_dags/example_external_task_marker_dag.py
[2025-01-14T18:50:54.508-0500] {processor.py:914} INFO - Processing file /usr/local/lib/python3.10/site-packages/airflow/example_dags/example_external_task_marker_dag.py for tasks to queue
[2025-01-14T18:50:54.509-0500] {logging_mixin.py:190} INFO - [2025-01-14T18:50:54.509-0500] {dagbag.py:588} INFO - Filling up the DagBag from /usr/local/lib/python3.10/site-packages/airflow/example_dags/example_external_task_marker_dag.py
[2025-01-14T18:50:54.524-0500] {processor.py:925} INFO - DAG(s) 'example_external_task_marker_parent', 'example_external_task_marker_child' retrieved from /usr/local/lib/python3.10/site-packages/airflow/example_dags/example_external_task_marker_dag.py
[2025-01-14T18:50:55.094-0500] {logging_mixin.py:190} INFO - [2025-01-14T18:50:55.094-0500] {dag.py:3239} INFO - Sync 2 DAGs
[2025-01-14T18:50:55.107-0500] {logging_mixin.py:190} INFO - [2025-01-14T18:50:55.107-0500] {dag.py:4180} INFO - Setting next_dagrun for example_external_task_marker_child to None, run_after=None
[2025-01-14T18:50:55.110-0500] {logging_mixin.py:190} INFO - [2025-01-14T18:50:55.110-0500] {dag.py:4180} INFO - Setting next_dagrun for example_external_task_marker_parent to None, run_after=None
[2025-01-14T18:50:55.126-0500] {processor.py:208} INFO - Processing /usr/local/lib/python3.10/site-packages/airflow/example_dags/example_external_task_marker_dag.py took 0.625 seconds
[2025-01-14T18:55:33.666-0500] {processor.py:186} INFO - Started process (PID=72820) to work on /usr/local/lib/python3.10/site-packages/airflow/example_dags/example_external_task_marker_dag.py
[2025-01-14T18:55:33.667-0500] {processor.py:914} INFO - Processing file /usr/local/lib/python3.10/site-packages/airflow/example_dags/example_external_task_marker_dag.py for tasks to queue
[2025-01-14T18:55:33.669-0500] {logging_mixin.py:190} INFO - [2025-01-14T18:55:33.668-0500] {dagbag.py:588} INFO - Filling up the DagBag from /usr/local/lib/python3.10/site-packages/airflow/example_dags/example_external_task_marker_dag.py
[2025-01-14T18:55:33.686-0500] {processor.py:925} INFO - DAG(s) 'example_external_task_marker_parent', 'example_external_task_marker_child' retrieved from /usr/local/lib/python3.10/site-packages/airflow/example_dags/example_external_task_marker_dag.py
[2025-01-14T18:55:34.386-0500] {logging_mixin.py:190} INFO - [2025-01-14T18:55:34.386-0500] {dag.py:3239} INFO - Sync 2 DAGs
[2025-01-14T18:55:34.400-0500] {logging_mixin.py:190} INFO - [2025-01-14T18:55:34.399-0500] {dag.py:4180} INFO - Setting next_dagrun for example_external_task_marker_child to None, run_after=None
[2025-01-14T18:55:34.403-0500] {logging_mixin.py:190} INFO - [2025-01-14T18:55:34.403-0500] {dag.py:4180} INFO - Setting next_dagrun for example_external_task_marker_parent to None, run_after=None
[2025-01-14T18:55:34.420-0500] {processor.py:208} INFO - Processing /usr/local/lib/python3.10/site-packages/airflow/example_dags/example_external_task_marker_dag.py took 0.759 seconds
