[2025-01-13T19:07:39.917-0500] {processor.py:186} INFO - Started process (PID=49429) to work on /usr/local/lib/python3.10/site-packages/airflow/example_dags/example_branch_labels.py
[2025-01-13T19:07:39.919-0500] {processor.py:914} INFO - Processing file /usr/local/lib/python3.10/site-packages/airflow/example_dags/example_branch_labels.py for tasks to queue
[2025-01-13T19:07:39.920-0500] {logging_mixin.py:190} INFO - [2025-01-13T19:07:39.919-0500] {dagbag.py:588} INFO - Filling up the DagBag from /usr/local/lib/python3.10/site-packages/airflow/example_dags/example_branch_labels.py
[2025-01-13T19:07:39.930-0500] {processor.py:925} INFO - DAG(s) 'example_branch_labels' retrieved from /usr/local/lib/python3.10/site-packages/airflow/example_dags/example_branch_labels.py
[2025-01-13T19:07:40.087-0500] {logging_mixin.py:190} INFO - [2025-01-13T19:07:40.086-0500] {dag.py:3239} INFO - Sync 1 DAGs
[2025-01-13T19:07:40.103-0500] {logging_mixin.py:190} INFO - [2025-01-13T19:07:40.103-0500] {dag.py:4180} INFO - Setting next_dagrun for example_branch_labels to 2025-01-13 00:00:00+00:00, run_after=2025-01-14 00:00:00+00:00
[2025-01-13T19:07:40.119-0500] {processor.py:208} INFO - Processing /usr/local/lib/python3.10/site-packages/airflow/example_dags/example_branch_labels.py took 0.205 seconds
[2025-01-13T19:37:37.625-0500] {processor.py:186} INFO - Started process (PID=52717) to work on /usr/local/lib/python3.10/site-packages/airflow/example_dags/example_branch_labels.py
[2025-01-13T19:37:37.632-0500] {processor.py:914} INFO - Processing file /usr/local/lib/python3.10/site-packages/airflow/example_dags/example_branch_labels.py for tasks to queue
[2025-01-13T19:37:37.636-0500] {logging_mixin.py:190} INFO - [2025-01-13T19:37:37.635-0500] {dagbag.py:588} INFO - Filling up the DagBag from /usr/local/lib/python3.10/site-packages/airflow/example_dags/example_branch_labels.py
[2025-01-13T19:37:37.677-0500] {processor.py:925} INFO - DAG(s) 'example_branch_labels' retrieved from /usr/local/lib/python3.10/site-packages/airflow/example_dags/example_branch_labels.py
[2025-01-13T19:37:38.237-0500] {logging_mixin.py:190} INFO - [2025-01-13T19:37:38.236-0500] {dag.py:3239} INFO - Sync 1 DAGs
[2025-01-13T19:37:38.333-0500] {logging_mixin.py:190} INFO - [2025-01-13T19:37:38.332-0500] {dag.py:4180} INFO - Setting next_dagrun for example_branch_labels to 2025-01-13 00:00:00+00:00, run_after=2025-01-14 00:00:00+00:00
[2025-01-13T19:37:38.407-0500] {processor.py:208} INFO - Processing /usr/local/lib/python3.10/site-packages/airflow/example_dags/example_branch_labels.py took 0.796 seconds
[2025-01-13T20:01:53.699-0500] {processor.py:186} INFO - Started process (PID=55905) to work on /usr/local/lib/python3.10/site-packages/airflow/example_dags/example_branch_labels.py
[2025-01-13T20:01:53.701-0500] {processor.py:914} INFO - Processing file /usr/local/lib/python3.10/site-packages/airflow/example_dags/example_branch_labels.py for tasks to queue
[2025-01-13T20:01:53.702-0500] {logging_mixin.py:190} INFO - [2025-01-13T20:01:53.702-0500] {dagbag.py:588} INFO - Filling up the DagBag from /usr/local/lib/python3.10/site-packages/airflow/example_dags/example_branch_labels.py
[2025-01-13T20:01:53.713-0500] {processor.py:925} INFO - DAG(s) 'example_branch_labels' retrieved from /usr/local/lib/python3.10/site-packages/airflow/example_dags/example_branch_labels.py
[2025-01-13T20:01:53.895-0500] {logging_mixin.py:190} INFO - [2025-01-13T20:01:53.895-0500] {dag.py:3239} INFO - Sync 1 DAGs
[2025-01-13T20:01:53.915-0500] {logging_mixin.py:190} INFO - [2025-01-13T20:01:53.915-0500] {dag.py:4180} INFO - Setting next_dagrun for example_branch_labels to 2025-01-13 00:00:00+00:00, run_after=2025-01-14 00:00:00+00:00
[2025-01-13T20:01:53.933-0500] {processor.py:208} INFO - Processing /usr/local/lib/python3.10/site-packages/airflow/example_dags/example_branch_labels.py took 0.238 seconds
