[2025-01-13T19:06:33.567-0500] {processor.py:186} INFO - Started process (PID=48617) to work on /usr/local/lib/python3.10/site-packages/airflow/example_dags/example_sensor_decorator.py
[2025-01-13T19:06:33.568-0500] {processor.py:914} INFO - Processing file /usr/local/lib/python3.10/site-packages/airflow/example_dags/example_sensor_decorator.py for tasks to queue
[2025-01-13T19:06:33.569-0500] {logging_mixin.py:190} INFO - [2025-01-13T19:06:33.569-0500] {dagbag.py:588} INFO - Filling up the DagBag from /usr/local/lib/python3.10/site-packages/airflow/example_dags/example_sensor_decorator.py
[2025-01-13T19:06:33.603-0500] {processor.py:925} INFO - DAG(s) 'example_sensor_decorator' retrieved from /usr/local/lib/python3.10/site-packages/airflow/example_dags/example_sensor_decorator.py
[2025-01-13T19:06:34.041-0500] {logging_mixin.py:190} INFO - [2025-01-13T19:06:34.041-0500] {dag.py:3239} INFO - Sync 1 DAGs
[2025-01-13T19:06:34.050-0500] {logging_mixin.py:190} INFO - [2025-01-13T19:06:34.050-0500] {dag.py:4180} INFO - Setting next_dagrun for example_sensor_decorator to None, run_after=None
[2025-01-13T19:06:34.064-0500] {processor.py:208} INFO - Processing /usr/local/lib/python3.10/site-packages/airflow/example_dags/example_sensor_decorator.py took 0.501 seconds
[2025-01-13T19:09:09.807-0500] {processor.py:186} INFO - Started process (PID=50450) to work on /usr/local/lib/python3.10/site-packages/airflow/example_dags/example_sensor_decorator.py
[2025-01-13T19:09:09.808-0500] {processor.py:914} INFO - Processing file /usr/local/lib/python3.10/site-packages/airflow/example_dags/example_sensor_decorator.py for tasks to queue
[2025-01-13T19:09:09.809-0500] {logging_mixin.py:190} INFO - [2025-01-13T19:09:09.809-0500] {dagbag.py:588} INFO - Filling up the DagBag from /usr/local/lib/python3.10/site-packages/airflow/example_dags/example_sensor_decorator.py
[2025-01-13T19:09:09.842-0500] {processor.py:925} INFO - DAG(s) 'example_sensor_decorator' retrieved from /usr/local/lib/python3.10/site-packages/airflow/example_dags/example_sensor_decorator.py
[2025-01-13T19:09:10.267-0500] {logging_mixin.py:190} INFO - [2025-01-13T19:09:10.267-0500] {dag.py:3239} INFO - Sync 1 DAGs
[2025-01-13T19:09:10.276-0500] {logging_mixin.py:190} INFO - [2025-01-13T19:09:10.276-0500] {dag.py:4180} INFO - Setting next_dagrun for example_sensor_decorator to None, run_after=None
[2025-01-13T19:09:10.291-0500] {processor.py:208} INFO - Processing /usr/local/lib/python3.10/site-packages/airflow/example_dags/example_sensor_decorator.py took 0.487 seconds
[2025-01-13T19:11:16.967-0500] {processor.py:186} INFO - Started process (PID=51894) to work on /usr/local/lib/python3.10/site-packages/airflow/example_dags/example_sensor_decorator.py
[2025-01-13T19:11:16.969-0500] {processor.py:914} INFO - Processing file /usr/local/lib/python3.10/site-packages/airflow/example_dags/example_sensor_decorator.py for tasks to queue
[2025-01-13T19:11:16.970-0500] {logging_mixin.py:190} INFO - [2025-01-13T19:11:16.970-0500] {dagbag.py:588} INFO - Filling up the DagBag from /usr/local/lib/python3.10/site-packages/airflow/example_dags/example_sensor_decorator.py
[2025-01-13T19:11:17.003-0500] {processor.py:925} INFO - DAG(s) 'example_sensor_decorator' retrieved from /usr/local/lib/python3.10/site-packages/airflow/example_dags/example_sensor_decorator.py
[2025-01-13T19:11:17.421-0500] {logging_mixin.py:190} INFO - [2025-01-13T19:11:17.420-0500] {dag.py:3239} INFO - Sync 1 DAGs
[2025-01-13T19:11:17.429-0500] {logging_mixin.py:190} INFO - [2025-01-13T19:11:17.429-0500] {dag.py:4180} INFO - Setting next_dagrun for example_sensor_decorator to None, run_after=None
[2025-01-13T19:11:17.441-0500] {processor.py:208} INFO - Processing /usr/local/lib/python3.10/site-packages/airflow/example_dags/example_sensor_decorator.py took 0.478 seconds
[2025-01-13T20:00:42.563-0500] {processor.py:186} INFO - Started process (PID=55053) to work on /usr/local/lib/python3.10/site-packages/airflow/example_dags/example_sensor_decorator.py
[2025-01-13T20:00:42.565-0500] {processor.py:914} INFO - Processing file /usr/local/lib/python3.10/site-packages/airflow/example_dags/example_sensor_decorator.py for tasks to queue
[2025-01-13T20:00:42.566-0500] {logging_mixin.py:190} INFO - [2025-01-13T20:00:42.566-0500] {dagbag.py:588} INFO - Filling up the DagBag from /usr/local/lib/python3.10/site-packages/airflow/example_dags/example_sensor_decorator.py
[2025-01-13T20:00:42.619-0500] {processor.py:925} INFO - DAG(s) 'example_sensor_decorator' retrieved from /usr/local/lib/python3.10/site-packages/airflow/example_dags/example_sensor_decorator.py
[2025-01-13T20:00:43.133-0500] {logging_mixin.py:190} INFO - [2025-01-13T20:00:43.133-0500] {dag.py:3239} INFO - Sync 1 DAGs
[2025-01-13T20:00:43.145-0500] {logging_mixin.py:190} INFO - [2025-01-13T20:00:43.144-0500] {dag.py:4180} INFO - Setting next_dagrun for example_sensor_decorator to None, run_after=None
[2025-01-13T20:00:43.162-0500] {processor.py:208} INFO - Processing /usr/local/lib/python3.10/site-packages/airflow/example_dags/example_sensor_decorator.py took 0.604 seconds
[2025-01-14T15:55:05.036-0500] {processor.py:186} INFO - Started process (PID=62189) to work on /usr/local/lib/python3.10/site-packages/airflow/example_dags/example_sensor_decorator.py
[2025-01-14T15:55:05.039-0500] {processor.py:914} INFO - Processing file /usr/local/lib/python3.10/site-packages/airflow/example_dags/example_sensor_decorator.py for tasks to queue
[2025-01-14T15:55:05.040-0500] {logging_mixin.py:190} INFO - [2025-01-14T15:55:05.040-0500] {dagbag.py:588} INFO - Filling up the DagBag from /usr/local/lib/python3.10/site-packages/airflow/example_dags/example_sensor_decorator.py
[2025-01-14T15:55:05.082-0500] {processor.py:925} INFO - DAG(s) 'example_sensor_decorator' retrieved from /usr/local/lib/python3.10/site-packages/airflow/example_dags/example_sensor_decorator.py
[2025-01-14T15:55:05.599-0500] {logging_mixin.py:190} INFO - [2025-01-14T15:55:05.598-0500] {dag.py:3239} INFO - Sync 1 DAGs
[2025-01-14T15:55:05.610-0500] {logging_mixin.py:190} INFO - [2025-01-14T15:55:05.610-0500] {dag.py:4180} INFO - Setting next_dagrun for example_sensor_decorator to None, run_after=None
[2025-01-14T15:55:05.627-0500] {processor.py:208} INFO - Processing /usr/local/lib/python3.10/site-packages/airflow/example_dags/example_sensor_decorator.py took 0.595 seconds
