[2025-01-13T19:06:19.554-0500] {processor.py:186} INFO - Started process (PID=48497) to work on /usr/local/lib/python3.10/site-packages/airflow/example_dags/example_short_circuit_operator.py
[2025-01-13T19:06:19.555-0500] {processor.py:914} INFO - Processing file /usr/local/lib/python3.10/site-packages/airflow/example_dags/example_short_circuit_operator.py for tasks to queue
[2025-01-13T19:06:19.556-0500] {logging_mixin.py:190} INFO - [2025-01-13T19:06:19.556-0500] {dagbag.py:588} INFO - Filling up the DagBag from /usr/local/lib/python3.10/site-packages/airflow/example_dags/example_short_circuit_operator.py
[2025-01-13T19:06:19.585-0500] {processor.py:925} INFO - DAG(s) 'example_short_circuit_operator' retrieved from /usr/local/lib/python3.10/site-packages/airflow/example_dags/example_short_circuit_operator.py
[2025-01-13T19:06:19.740-0500] {logging_mixin.py:190} INFO - [2025-01-13T19:06:19.740-0500] {dag.py:3239} INFO - Sync 1 DAGs
[2025-01-13T19:06:19.750-0500] {logging_mixin.py:190} INFO - [2025-01-13T19:06:19.750-0500] {dag.py:4180} INFO - Setting next_dagrun for example_short_circuit_operator to None, run_after=None
[2025-01-13T19:06:19.766-0500] {processor.py:208} INFO - Processing /usr/local/lib/python3.10/site-packages/airflow/example_dags/example_short_circuit_operator.py took 0.217 seconds
[2025-01-13T19:08:56.162-0500] {processor.py:186} INFO - Started process (PID=50253) to work on /usr/local/lib/python3.10/site-packages/airflow/example_dags/example_short_circuit_operator.py
[2025-01-13T19:08:56.163-0500] {processor.py:914} INFO - Processing file /usr/local/lib/python3.10/site-packages/airflow/example_dags/example_short_circuit_operator.py for tasks to queue
[2025-01-13T19:08:56.164-0500] {logging_mixin.py:190} INFO - [2025-01-13T19:08:56.163-0500] {dagbag.py:588} INFO - Filling up the DagBag from /usr/local/lib/python3.10/site-packages/airflow/example_dags/example_short_circuit_operator.py
[2025-01-13T19:08:56.187-0500] {processor.py:925} INFO - DAG(s) 'example_short_circuit_operator' retrieved from /usr/local/lib/python3.10/site-packages/airflow/example_dags/example_short_circuit_operator.py
[2025-01-13T19:08:56.341-0500] {logging_mixin.py:190} INFO - [2025-01-13T19:08:56.341-0500] {dag.py:3239} INFO - Sync 1 DAGs
[2025-01-13T19:08:56.350-0500] {logging_mixin.py:190} INFO - [2025-01-13T19:08:56.350-0500] {dag.py:4180} INFO - Setting next_dagrun for example_short_circuit_operator to None, run_after=None
[2025-01-13T19:08:56.366-0500] {processor.py:208} INFO - Processing /usr/local/lib/python3.10/site-packages/airflow/example_dags/example_short_circuit_operator.py took 0.208 seconds
[2025-01-13T19:11:04.214-0500] {processor.py:186} INFO - Started process (PID=51771) to work on /usr/local/lib/python3.10/site-packages/airflow/example_dags/example_short_circuit_operator.py
[2025-01-13T19:11:04.215-0500] {processor.py:914} INFO - Processing file /usr/local/lib/python3.10/site-packages/airflow/example_dags/example_short_circuit_operator.py for tasks to queue
[2025-01-13T19:11:04.216-0500] {logging_mixin.py:190} INFO - [2025-01-13T19:11:04.216-0500] {dagbag.py:588} INFO - Filling up the DagBag from /usr/local/lib/python3.10/site-packages/airflow/example_dags/example_short_circuit_operator.py
[2025-01-13T19:11:04.241-0500] {processor.py:925} INFO - DAG(s) 'example_short_circuit_operator' retrieved from /usr/local/lib/python3.10/site-packages/airflow/example_dags/example_short_circuit_operator.py
[2025-01-13T19:11:04.400-0500] {logging_mixin.py:190} INFO - [2025-01-13T19:11:04.400-0500] {dag.py:3239} INFO - Sync 1 DAGs
[2025-01-13T19:11:04.410-0500] {logging_mixin.py:190} INFO - [2025-01-13T19:11:04.410-0500] {dag.py:4180} INFO - Setting next_dagrun for example_short_circuit_operator to None, run_after=None
[2025-01-13T19:11:04.427-0500] {processor.py:208} INFO - Processing /usr/local/lib/python3.10/site-packages/airflow/example_dags/example_short_circuit_operator.py took 0.217 seconds
[2025-01-13T20:00:21.901-0500] {processor.py:186} INFO - Started process (PID=54805) to work on /usr/local/lib/python3.10/site-packages/airflow/example_dags/example_short_circuit_operator.py
[2025-01-13T20:00:21.903-0500] {processor.py:914} INFO - Processing file /usr/local/lib/python3.10/site-packages/airflow/example_dags/example_short_circuit_operator.py for tasks to queue
[2025-01-13T20:00:21.904-0500] {logging_mixin.py:190} INFO - [2025-01-13T20:00:21.904-0500] {dagbag.py:588} INFO - Filling up the DagBag from /usr/local/lib/python3.10/site-packages/airflow/example_dags/example_short_circuit_operator.py
[2025-01-13T20:00:21.938-0500] {processor.py:925} INFO - DAG(s) 'example_short_circuit_operator' retrieved from /usr/local/lib/python3.10/site-packages/airflow/example_dags/example_short_circuit_operator.py
[2025-01-13T20:00:22.120-0500] {logging_mixin.py:190} INFO - [2025-01-13T20:00:22.120-0500] {dag.py:3239} INFO - Sync 1 DAGs
[2025-01-13T20:00:22.132-0500] {logging_mixin.py:190} INFO - [2025-01-13T20:00:22.132-0500] {dag.py:4180} INFO - Setting next_dagrun for example_short_circuit_operator to None, run_after=None
[2025-01-13T20:00:22.150-0500] {processor.py:208} INFO - Processing /usr/local/lib/python3.10/site-packages/airflow/example_dags/example_short_circuit_operator.py took 0.254 seconds
[2025-01-14T15:54:40.090-0500] {processor.py:186} INFO - Started process (PID=61934) to work on /usr/local/lib/python3.10/site-packages/airflow/example_dags/example_short_circuit_operator.py
[2025-01-14T15:54:40.091-0500] {processor.py:914} INFO - Processing file /usr/local/lib/python3.10/site-packages/airflow/example_dags/example_short_circuit_operator.py for tasks to queue
[2025-01-14T15:54:40.092-0500] {logging_mixin.py:190} INFO - [2025-01-14T15:54:40.092-0500] {dagbag.py:588} INFO - Filling up the DagBag from /usr/local/lib/python3.10/site-packages/airflow/example_dags/example_short_circuit_operator.py
[2025-01-14T15:54:40.120-0500] {processor.py:925} INFO - DAG(s) 'example_short_circuit_operator' retrieved from /usr/local/lib/python3.10/site-packages/airflow/example_dags/example_short_circuit_operator.py
[2025-01-14T15:54:40.289-0500] {logging_mixin.py:190} INFO - [2025-01-14T15:54:40.289-0500] {dag.py:3239} INFO - Sync 1 DAGs
[2025-01-14T15:54:40.301-0500] {logging_mixin.py:190} INFO - [2025-01-14T15:54:40.300-0500] {dag.py:4180} INFO - Setting next_dagrun for example_short_circuit_operator to None, run_after=None
[2025-01-14T15:54:40.319-0500] {processor.py:208} INFO - Processing /usr/local/lib/python3.10/site-packages/airflow/example_dags/example_short_circuit_operator.py took 0.233 seconds
[2025-01-14T15:57:57.437-0500] {processor.py:186} INFO - Started process (PID=64319) to work on /usr/local/lib/python3.10/site-packages/airflow/example_dags/example_short_circuit_operator.py
[2025-01-14T15:57:57.440-0500] {processor.py:914} INFO - Processing file /usr/local/lib/python3.10/site-packages/airflow/example_dags/example_short_circuit_operator.py for tasks to queue
[2025-01-14T15:57:57.441-0500] {logging_mixin.py:190} INFO - [2025-01-14T15:57:57.441-0500] {dagbag.py:588} INFO - Filling up the DagBag from /usr/local/lib/python3.10/site-packages/airflow/example_dags/example_short_circuit_operator.py
[2025-01-14T15:57:57.474-0500] {processor.py:925} INFO - DAG(s) 'example_short_circuit_operator' retrieved from /usr/local/lib/python3.10/site-packages/airflow/example_dags/example_short_circuit_operator.py
[2025-01-14T15:57:57.664-0500] {logging_mixin.py:190} INFO - [2025-01-14T15:57:57.664-0500] {dag.py:3239} INFO - Sync 1 DAGs
[2025-01-14T15:57:57.675-0500] {logging_mixin.py:190} INFO - [2025-01-14T15:57:57.675-0500] {dag.py:4180} INFO - Setting next_dagrun for example_short_circuit_operator to None, run_after=None
[2025-01-14T15:57:57.694-0500] {processor.py:208} INFO - Processing /usr/local/lib/python3.10/site-packages/airflow/example_dags/example_short_circuit_operator.py took 0.261 seconds
[2025-01-14T16:00:36.779-0500] {processor.py:186} INFO - Started process (PID=66197) to work on /usr/local/lib/python3.10/site-packages/airflow/example_dags/example_short_circuit_operator.py
[2025-01-14T16:00:36.782-0500] {processor.py:914} INFO - Processing file /usr/local/lib/python3.10/site-packages/airflow/example_dags/example_short_circuit_operator.py for tasks to queue
[2025-01-14T16:00:36.783-0500] {logging_mixin.py:190} INFO - [2025-01-14T16:00:36.783-0500] {dagbag.py:588} INFO - Filling up the DagBag from /usr/local/lib/python3.10/site-packages/airflow/example_dags/example_short_circuit_operator.py
[2025-01-14T16:00:36.814-0500] {processor.py:925} INFO - DAG(s) 'example_short_circuit_operator' retrieved from /usr/local/lib/python3.10/site-packages/airflow/example_dags/example_short_circuit_operator.py
[2025-01-14T16:00:36.978-0500] {logging_mixin.py:190} INFO - [2025-01-14T16:00:36.978-0500] {dag.py:3239} INFO - Sync 1 DAGs
[2025-01-14T16:00:36.988-0500] {logging_mixin.py:190} INFO - [2025-01-14T16:00:36.988-0500] {dag.py:4180} INFO - Setting next_dagrun for example_short_circuit_operator to None, run_after=None
[2025-01-14T16:00:37.005-0500] {processor.py:208} INFO - Processing /usr/local/lib/python3.10/site-packages/airflow/example_dags/example_short_circuit_operator.py took 0.230 seconds
[2025-01-14T16:02:58.917-0500] {processor.py:186} INFO - Started process (PID=67926) to work on /usr/local/lib/python3.10/site-packages/airflow/example_dags/example_short_circuit_operator.py
[2025-01-14T16:02:58.919-0500] {processor.py:914} INFO - Processing file /usr/local/lib/python3.10/site-packages/airflow/example_dags/example_short_circuit_operator.py for tasks to queue
[2025-01-14T16:02:58.920-0500] {logging_mixin.py:190} INFO - [2025-01-14T16:02:58.920-0500] {dagbag.py:588} INFO - Filling up the DagBag from /usr/local/lib/python3.10/site-packages/airflow/example_dags/example_short_circuit_operator.py
[2025-01-14T16:02:58.946-0500] {processor.py:925} INFO - DAG(s) 'example_short_circuit_operator' retrieved from /usr/local/lib/python3.10/site-packages/airflow/example_dags/example_short_circuit_operator.py
[2025-01-14T16:02:59.107-0500] {logging_mixin.py:190} INFO - [2025-01-14T16:02:59.107-0500] {dag.py:3239} INFO - Sync 1 DAGs
[2025-01-14T16:02:59.117-0500] {logging_mixin.py:190} INFO - [2025-01-14T16:02:59.117-0500] {dag.py:4180} INFO - Setting next_dagrun for example_short_circuit_operator to None, run_after=None
[2025-01-14T16:02:59.134-0500] {processor.py:208} INFO - Processing /usr/local/lib/python3.10/site-packages/airflow/example_dags/example_short_circuit_operator.py took 0.221 seconds
[2025-01-14T16:05:22.803-0500] {processor.py:186} INFO - Started process (PID=69659) to work on /usr/local/lib/python3.10/site-packages/airflow/example_dags/example_short_circuit_operator.py
[2025-01-14T16:05:22.804-0500] {processor.py:914} INFO - Processing file /usr/local/lib/python3.10/site-packages/airflow/example_dags/example_short_circuit_operator.py for tasks to queue
[2025-01-14T16:05:22.805-0500] {logging_mixin.py:190} INFO - [2025-01-14T16:05:22.805-0500] {dagbag.py:588} INFO - Filling up the DagBag from /usr/local/lib/python3.10/site-packages/airflow/example_dags/example_short_circuit_operator.py
[2025-01-14T16:05:22.834-0500] {processor.py:925} INFO - DAG(s) 'example_short_circuit_operator' retrieved from /usr/local/lib/python3.10/site-packages/airflow/example_dags/example_short_circuit_operator.py
[2025-01-14T16:05:23.092-0500] {logging_mixin.py:190} INFO - [2025-01-14T16:05:23.092-0500] {dag.py:3239} INFO - Sync 1 DAGs
[2025-01-14T16:05:23.103-0500] {logging_mixin.py:190} INFO - [2025-01-14T16:05:23.102-0500] {dag.py:4180} INFO - Setting next_dagrun for example_short_circuit_operator to None, run_after=None
[2025-01-14T16:05:23.120-0500] {processor.py:208} INFO - Processing /usr/local/lib/python3.10/site-packages/airflow/example_dags/example_short_circuit_operator.py took 0.321 seconds
[2025-01-14T16:07:45.645-0500] {processor.py:186} INFO - Started process (PID=71399) to work on /usr/local/lib/python3.10/site-packages/airflow/example_dags/example_short_circuit_operator.py
[2025-01-14T16:07:45.646-0500] {processor.py:914} INFO - Processing file /usr/local/lib/python3.10/site-packages/airflow/example_dags/example_short_circuit_operator.py for tasks to queue
[2025-01-14T16:07:45.648-0500] {logging_mixin.py:190} INFO - [2025-01-14T16:07:45.647-0500] {dagbag.py:588} INFO - Filling up the DagBag from /usr/local/lib/python3.10/site-packages/airflow/example_dags/example_short_circuit_operator.py
[2025-01-14T16:07:45.674-0500] {processor.py:925} INFO - DAG(s) 'example_short_circuit_operator' retrieved from /usr/local/lib/python3.10/site-packages/airflow/example_dags/example_short_circuit_operator.py
[2025-01-14T16:07:45.834-0500] {logging_mixin.py:190} INFO - [2025-01-14T16:07:45.834-0500] {dag.py:3239} INFO - Sync 1 DAGs
[2025-01-14T16:07:45.844-0500] {logging_mixin.py:190} INFO - [2025-01-14T16:07:45.844-0500] {dag.py:4180} INFO - Setting next_dagrun for example_short_circuit_operator to None, run_after=None
[2025-01-14T16:07:45.861-0500] {processor.py:208} INFO - Processing /usr/local/lib/python3.10/site-packages/airflow/example_dags/example_short_circuit_operator.py took 0.220 seconds
[2025-01-14T16:10:49.255-0500] {processor.py:186} INFO - Started process (PID=73067) to work on /usr/local/lib/python3.10/site-packages/airflow/example_dags/example_short_circuit_operator.py
[2025-01-14T16:10:49.257-0500] {processor.py:914} INFO - Processing file /usr/local/lib/python3.10/site-packages/airflow/example_dags/example_short_circuit_operator.py for tasks to queue
[2025-01-14T16:10:49.258-0500] {logging_mixin.py:190} INFO - [2025-01-14T16:10:49.258-0500] {dagbag.py:588} INFO - Filling up the DagBag from /usr/local/lib/python3.10/site-packages/airflow/example_dags/example_short_circuit_operator.py
[2025-01-14T16:10:49.284-0500] {processor.py:925} INFO - DAG(s) 'example_short_circuit_operator' retrieved from /usr/local/lib/python3.10/site-packages/airflow/example_dags/example_short_circuit_operator.py
[2025-01-14T16:10:49.444-0500] {logging_mixin.py:190} INFO - [2025-01-14T16:10:49.444-0500] {dag.py:3239} INFO - Sync 1 DAGs
[2025-01-14T16:10:49.454-0500] {logging_mixin.py:190} INFO - [2025-01-14T16:10:49.454-0500] {dag.py:4180} INFO - Setting next_dagrun for example_short_circuit_operator to None, run_after=None
[2025-01-14T16:10:49.471-0500] {processor.py:208} INFO - Processing /usr/local/lib/python3.10/site-packages/airflow/example_dags/example_short_circuit_operator.py took 0.220 seconds
[2025-01-14T16:13:00.098-0500] {processor.py:186} INFO - Started process (PID=74486) to work on /usr/local/lib/python3.10/site-packages/airflow/example_dags/example_short_circuit_operator.py
[2025-01-14T16:13:00.100-0500] {processor.py:914} INFO - Processing file /usr/local/lib/python3.10/site-packages/airflow/example_dags/example_short_circuit_operator.py for tasks to queue
[2025-01-14T16:13:00.101-0500] {logging_mixin.py:190} INFO - [2025-01-14T16:13:00.101-0500] {dagbag.py:588} INFO - Filling up the DagBag from /usr/local/lib/python3.10/site-packages/airflow/example_dags/example_short_circuit_operator.py
[2025-01-14T16:13:00.129-0500] {processor.py:925} INFO - DAG(s) 'example_short_circuit_operator' retrieved from /usr/local/lib/python3.10/site-packages/airflow/example_dags/example_short_circuit_operator.py
[2025-01-14T16:13:00.296-0500] {logging_mixin.py:190} INFO - [2025-01-14T16:13:00.296-0500] {dag.py:3239} INFO - Sync 1 DAGs
[2025-01-14T16:13:00.306-0500] {logging_mixin.py:190} INFO - [2025-01-14T16:13:00.306-0500] {dag.py:4180} INFO - Setting next_dagrun for example_short_circuit_operator to None, run_after=None
[2025-01-14T16:13:00.324-0500] {processor.py:208} INFO - Processing /usr/local/lib/python3.10/site-packages/airflow/example_dags/example_short_circuit_operator.py took 0.231 seconds
[2025-01-14T16:15:17.309-0500] {processor.py:186} INFO - Started process (PID=76160) to work on /usr/local/lib/python3.10/site-packages/airflow/example_dags/example_short_circuit_operator.py
[2025-01-14T16:15:17.311-0500] {processor.py:914} INFO - Processing file /usr/local/lib/python3.10/site-packages/airflow/example_dags/example_short_circuit_operator.py for tasks to queue
[2025-01-14T16:15:17.312-0500] {logging_mixin.py:190} INFO - [2025-01-14T16:15:17.312-0500] {dagbag.py:588} INFO - Filling up the DagBag from /usr/local/lib/python3.10/site-packages/airflow/example_dags/example_short_circuit_operator.py
[2025-01-14T16:15:17.340-0500] {processor.py:925} INFO - DAG(s) 'example_short_circuit_operator' retrieved from /usr/local/lib/python3.10/site-packages/airflow/example_dags/example_short_circuit_operator.py
[2025-01-14T16:15:17.514-0500] {logging_mixin.py:190} INFO - [2025-01-14T16:15:17.513-0500] {dag.py:3239} INFO - Sync 1 DAGs
[2025-01-14T16:15:17.525-0500] {logging_mixin.py:190} INFO - [2025-01-14T16:15:17.525-0500] {dag.py:4180} INFO - Setting next_dagrun for example_short_circuit_operator to None, run_after=None
[2025-01-14T16:15:17.543-0500] {processor.py:208} INFO - Processing /usr/local/lib/python3.10/site-packages/airflow/example_dags/example_short_circuit_operator.py took 0.239 seconds
[2025-01-14T16:17:37.092-0500] {processor.py:186} INFO - Started process (PID=77686) to work on /usr/local/lib/python3.10/site-packages/airflow/example_dags/example_short_circuit_operator.py
[2025-01-14T16:17:37.094-0500] {processor.py:914} INFO - Processing file /usr/local/lib/python3.10/site-packages/airflow/example_dags/example_short_circuit_operator.py for tasks to queue
[2025-01-14T16:17:37.095-0500] {logging_mixin.py:190} INFO - [2025-01-14T16:17:37.095-0500] {dagbag.py:588} INFO - Filling up the DagBag from /usr/local/lib/python3.10/site-packages/airflow/example_dags/example_short_circuit_operator.py
[2025-01-14T16:17:37.121-0500] {processor.py:925} INFO - DAG(s) 'example_short_circuit_operator' retrieved from /usr/local/lib/python3.10/site-packages/airflow/example_dags/example_short_circuit_operator.py
[2025-01-14T16:17:37.285-0500] {logging_mixin.py:190} INFO - [2025-01-14T16:17:37.284-0500] {dag.py:3239} INFO - Sync 1 DAGs
[2025-01-14T16:17:37.295-0500] {logging_mixin.py:190} INFO - [2025-01-14T16:17:37.295-0500] {dag.py:4180} INFO - Setting next_dagrun for example_short_circuit_operator to None, run_after=None
[2025-01-14T16:17:37.312-0500] {processor.py:208} INFO - Processing /usr/local/lib/python3.10/site-packages/airflow/example_dags/example_short_circuit_operator.py took 0.223 seconds
[2025-01-14T16:19:57.216-0500] {processor.py:186} INFO - Started process (PID=79324) to work on /usr/local/lib/python3.10/site-packages/airflow/example_dags/example_short_circuit_operator.py
[2025-01-14T16:19:57.218-0500] {processor.py:914} INFO - Processing file /usr/local/lib/python3.10/site-packages/airflow/example_dags/example_short_circuit_operator.py for tasks to queue
[2025-01-14T16:19:57.219-0500] {logging_mixin.py:190} INFO - [2025-01-14T16:19:57.219-0500] {dagbag.py:588} INFO - Filling up the DagBag from /usr/local/lib/python3.10/site-packages/airflow/example_dags/example_short_circuit_operator.py
[2025-01-14T16:19:57.249-0500] {processor.py:925} INFO - DAG(s) 'example_short_circuit_operator' retrieved from /usr/local/lib/python3.10/site-packages/airflow/example_dags/example_short_circuit_operator.py
[2025-01-14T16:19:57.425-0500] {logging_mixin.py:190} INFO - [2025-01-14T16:19:57.425-0500] {dag.py:3239} INFO - Sync 1 DAGs
[2025-01-14T16:19:57.436-0500] {logging_mixin.py:190} INFO - [2025-01-14T16:19:57.436-0500] {dag.py:4180} INFO - Setting next_dagrun for example_short_circuit_operator to None, run_after=None
[2025-01-14T16:19:57.455-0500] {processor.py:208} INFO - Processing /usr/local/lib/python3.10/site-packages/airflow/example_dags/example_short_circuit_operator.py took 0.243 seconds
[2025-01-14T16:22:15.777-0500] {processor.py:186} INFO - Started process (PID=80837) to work on /usr/local/lib/python3.10/site-packages/airflow/example_dags/example_short_circuit_operator.py
[2025-01-14T16:22:15.778-0500] {processor.py:914} INFO - Processing file /usr/local/lib/python3.10/site-packages/airflow/example_dags/example_short_circuit_operator.py for tasks to queue
[2025-01-14T16:22:15.779-0500] {logging_mixin.py:190} INFO - [2025-01-14T16:22:15.779-0500] {dagbag.py:588} INFO - Filling up the DagBag from /usr/local/lib/python3.10/site-packages/airflow/example_dags/example_short_circuit_operator.py
[2025-01-14T16:22:15.805-0500] {processor.py:925} INFO - DAG(s) 'example_short_circuit_operator' retrieved from /usr/local/lib/python3.10/site-packages/airflow/example_dags/example_short_circuit_operator.py
[2025-01-14T16:22:15.969-0500] {logging_mixin.py:190} INFO - [2025-01-14T16:22:15.968-0500] {dag.py:3239} INFO - Sync 1 DAGs
[2025-01-14T16:22:15.979-0500] {logging_mixin.py:190} INFO - [2025-01-14T16:22:15.979-0500] {dag.py:4180} INFO - Setting next_dagrun for example_short_circuit_operator to None, run_after=None
[2025-01-14T16:22:15.996-0500] {processor.py:208} INFO - Processing /usr/local/lib/python3.10/site-packages/airflow/example_dags/example_short_circuit_operator.py took 0.224 seconds
[2025-01-14T16:24:24.355-0500] {processor.py:186} INFO - Started process (PID=82353) to work on /usr/local/lib/python3.10/site-packages/airflow/example_dags/example_short_circuit_operator.py
[2025-01-14T16:24:24.357-0500] {processor.py:914} INFO - Processing file /usr/local/lib/python3.10/site-packages/airflow/example_dags/example_short_circuit_operator.py for tasks to queue
[2025-01-14T16:24:24.358-0500] {logging_mixin.py:190} INFO - [2025-01-14T16:24:24.358-0500] {dagbag.py:588} INFO - Filling up the DagBag from /usr/local/lib/python3.10/site-packages/airflow/example_dags/example_short_circuit_operator.py
[2025-01-14T16:24:24.384-0500] {processor.py:925} INFO - DAG(s) 'example_short_circuit_operator' retrieved from /usr/local/lib/python3.10/site-packages/airflow/example_dags/example_short_circuit_operator.py
[2025-01-14T16:24:24.549-0500] {logging_mixin.py:190} INFO - [2025-01-14T16:24:24.549-0500] {dag.py:3239} INFO - Sync 1 DAGs
[2025-01-14T16:24:24.559-0500] {logging_mixin.py:190} INFO - [2025-01-14T16:24:24.559-0500] {dag.py:4180} INFO - Setting next_dagrun for example_short_circuit_operator to None, run_after=None
[2025-01-14T16:24:24.576-0500] {processor.py:208} INFO - Processing /usr/local/lib/python3.10/site-packages/airflow/example_dags/example_short_circuit_operator.py took 0.225 seconds
[2025-01-14T16:26:37.166-0500] {processor.py:186} INFO - Started process (PID=83874) to work on /usr/local/lib/python3.10/site-packages/airflow/example_dags/example_short_circuit_operator.py
[2025-01-14T16:26:37.169-0500] {processor.py:914} INFO - Processing file /usr/local/lib/python3.10/site-packages/airflow/example_dags/example_short_circuit_operator.py for tasks to queue
[2025-01-14T16:26:37.170-0500] {logging_mixin.py:190} INFO - [2025-01-14T16:26:37.170-0500] {dagbag.py:588} INFO - Filling up the DagBag from /usr/local/lib/python3.10/site-packages/airflow/example_dags/example_short_circuit_operator.py
[2025-01-14T16:26:37.199-0500] {processor.py:925} INFO - DAG(s) 'example_short_circuit_operator' retrieved from /usr/local/lib/python3.10/site-packages/airflow/example_dags/example_short_circuit_operator.py
[2025-01-14T16:26:37.363-0500] {logging_mixin.py:190} INFO - [2025-01-14T16:26:37.362-0500] {dag.py:3239} INFO - Sync 1 DAGs
[2025-01-14T16:26:37.373-0500] {logging_mixin.py:190} INFO - [2025-01-14T16:26:37.373-0500] {dag.py:4180} INFO - Setting next_dagrun for example_short_circuit_operator to None, run_after=None
[2025-01-14T16:26:37.389-0500] {processor.py:208} INFO - Processing /usr/local/lib/python3.10/site-packages/airflow/example_dags/example_short_circuit_operator.py took 0.227 seconds
[2025-01-14T16:29:00.732-0500] {processor.py:186} INFO - Started process (PID=85526) to work on /usr/local/lib/python3.10/site-packages/airflow/example_dags/example_short_circuit_operator.py
[2025-01-14T16:29:00.734-0500] {processor.py:914} INFO - Processing file /usr/local/lib/python3.10/site-packages/airflow/example_dags/example_short_circuit_operator.py for tasks to queue
[2025-01-14T16:29:00.735-0500] {logging_mixin.py:190} INFO - [2025-01-14T16:29:00.735-0500] {dagbag.py:588} INFO - Filling up the DagBag from /usr/local/lib/python3.10/site-packages/airflow/example_dags/example_short_circuit_operator.py
[2025-01-14T16:29:00.762-0500] {processor.py:925} INFO - DAG(s) 'example_short_circuit_operator' retrieved from /usr/local/lib/python3.10/site-packages/airflow/example_dags/example_short_circuit_operator.py
[2025-01-14T16:29:00.926-0500] {logging_mixin.py:190} INFO - [2025-01-14T16:29:00.925-0500] {dag.py:3239} INFO - Sync 1 DAGs
[2025-01-14T16:29:00.936-0500] {logging_mixin.py:190} INFO - [2025-01-14T16:29:00.936-0500] {dag.py:4180} INFO - Setting next_dagrun for example_short_circuit_operator to None, run_after=None
[2025-01-14T16:29:00.953-0500] {processor.py:208} INFO - Processing /usr/local/lib/python3.10/site-packages/airflow/example_dags/example_short_circuit_operator.py took 0.225 seconds
[2025-01-14T16:31:26.356-0500] {processor.py:186} INFO - Started process (PID=87155) to work on /usr/local/lib/python3.10/site-packages/airflow/example_dags/example_short_circuit_operator.py
[2025-01-14T16:31:26.358-0500] {processor.py:914} INFO - Processing file /usr/local/lib/python3.10/site-packages/airflow/example_dags/example_short_circuit_operator.py for tasks to queue
[2025-01-14T16:31:26.359-0500] {logging_mixin.py:190} INFO - [2025-01-14T16:31:26.359-0500] {dagbag.py:588} INFO - Filling up the DagBag from /usr/local/lib/python3.10/site-packages/airflow/example_dags/example_short_circuit_operator.py
[2025-01-14T16:31:26.389-0500] {processor.py:925} INFO - DAG(s) 'example_short_circuit_operator' retrieved from /usr/local/lib/python3.10/site-packages/airflow/example_dags/example_short_circuit_operator.py
[2025-01-14T16:31:26.580-0500] {logging_mixin.py:190} INFO - [2025-01-14T16:31:26.579-0500] {dag.py:3239} INFO - Sync 1 DAGs
[2025-01-14T16:31:26.592-0500] {logging_mixin.py:190} INFO - [2025-01-14T16:31:26.592-0500] {dag.py:4180} INFO - Setting next_dagrun for example_short_circuit_operator to None, run_after=None
[2025-01-14T16:31:26.612-0500] {processor.py:208} INFO - Processing /usr/local/lib/python3.10/site-packages/airflow/example_dags/example_short_circuit_operator.py took 0.261 seconds
[2025-01-14T16:33:50.029-0500] {processor.py:186} INFO - Started process (PID=88796) to work on /usr/local/lib/python3.10/site-packages/airflow/example_dags/example_short_circuit_operator.py
[2025-01-14T16:33:50.031-0500] {processor.py:914} INFO - Processing file /usr/local/lib/python3.10/site-packages/airflow/example_dags/example_short_circuit_operator.py for tasks to queue
[2025-01-14T16:33:50.032-0500] {logging_mixin.py:190} INFO - [2025-01-14T16:33:50.032-0500] {dagbag.py:588} INFO - Filling up the DagBag from /usr/local/lib/python3.10/site-packages/airflow/example_dags/example_short_circuit_operator.py
[2025-01-14T16:33:50.059-0500] {processor.py:925} INFO - DAG(s) 'example_short_circuit_operator' retrieved from /usr/local/lib/python3.10/site-packages/airflow/example_dags/example_short_circuit_operator.py
[2025-01-14T16:33:50.230-0500] {logging_mixin.py:190} INFO - [2025-01-14T16:33:50.230-0500] {dag.py:3239} INFO - Sync 1 DAGs
[2025-01-14T16:33:50.241-0500] {logging_mixin.py:190} INFO - [2025-01-14T16:33:50.241-0500] {dag.py:4180} INFO - Setting next_dagrun for example_short_circuit_operator to None, run_after=None
[2025-01-14T16:33:50.259-0500] {processor.py:208} INFO - Processing /usr/local/lib/python3.10/site-packages/airflow/example_dags/example_short_circuit_operator.py took 0.234 seconds
[2025-01-14T16:36:33.571-0500] {processor.py:186} INFO - Started process (PID=90644) to work on /usr/local/lib/python3.10/site-packages/airflow/example_dags/example_short_circuit_operator.py
[2025-01-14T16:36:33.573-0500] {processor.py:914} INFO - Processing file /usr/local/lib/python3.10/site-packages/airflow/example_dags/example_short_circuit_operator.py for tasks to queue
[2025-01-14T16:36:33.575-0500] {logging_mixin.py:190} INFO - [2025-01-14T16:36:33.575-0500] {dagbag.py:588} INFO - Filling up the DagBag from /usr/local/lib/python3.10/site-packages/airflow/example_dags/example_short_circuit_operator.py
[2025-01-14T16:36:33.624-0500] {processor.py:925} INFO - DAG(s) 'example_short_circuit_operator' retrieved from /usr/local/lib/python3.10/site-packages/airflow/example_dags/example_short_circuit_operator.py
[2025-01-14T16:36:33.877-0500] {logging_mixin.py:190} INFO - [2025-01-14T16:36:33.876-0500] {dag.py:3239} INFO - Sync 1 DAGs
[2025-01-14T16:36:33.895-0500] {logging_mixin.py:190} INFO - [2025-01-14T16:36:33.895-0500] {dag.py:4180} INFO - Setting next_dagrun for example_short_circuit_operator to None, run_after=None
[2025-01-14T16:36:33.924-0500] {processor.py:208} INFO - Processing /usr/local/lib/python3.10/site-packages/airflow/example_dags/example_short_circuit_operator.py took 0.360 seconds
[2025-01-14T16:39:38.040-0500] {processor.py:186} INFO - Started process (PID=92625) to work on /usr/local/lib/python3.10/site-packages/airflow/example_dags/example_short_circuit_operator.py
[2025-01-14T16:39:38.042-0500] {processor.py:914} INFO - Processing file /usr/local/lib/python3.10/site-packages/airflow/example_dags/example_short_circuit_operator.py for tasks to queue
[2025-01-14T16:39:38.043-0500] {logging_mixin.py:190} INFO - [2025-01-14T16:39:38.043-0500] {dagbag.py:588} INFO - Filling up the DagBag from /usr/local/lib/python3.10/site-packages/airflow/example_dags/example_short_circuit_operator.py
[2025-01-14T16:39:38.072-0500] {processor.py:925} INFO - DAG(s) 'example_short_circuit_operator' retrieved from /usr/local/lib/python3.10/site-packages/airflow/example_dags/example_short_circuit_operator.py
[2025-01-14T16:39:38.247-0500] {logging_mixin.py:190} INFO - [2025-01-14T16:39:38.246-0500] {dag.py:3239} INFO - Sync 1 DAGs
[2025-01-14T16:39:38.258-0500] {logging_mixin.py:190} INFO - [2025-01-14T16:39:38.257-0500] {dag.py:4180} INFO - Setting next_dagrun for example_short_circuit_operator to None, run_after=None
[2025-01-14T16:39:38.276-0500] {processor.py:208} INFO - Processing /usr/local/lib/python3.10/site-packages/airflow/example_dags/example_short_circuit_operator.py took 0.240 seconds
[2025-01-14T16:42:08.278-0500] {processor.py:186} INFO - Started process (PID=94368) to work on /usr/local/lib/python3.10/site-packages/airflow/example_dags/example_short_circuit_operator.py
[2025-01-14T16:42:08.280-0500] {processor.py:914} INFO - Processing file /usr/local/lib/python3.10/site-packages/airflow/example_dags/example_short_circuit_operator.py for tasks to queue
[2025-01-14T16:42:08.282-0500] {logging_mixin.py:190} INFO - [2025-01-14T16:42:08.281-0500] {dagbag.py:588} INFO - Filling up the DagBag from /usr/local/lib/python3.10/site-packages/airflow/example_dags/example_short_circuit_operator.py
[2025-01-14T16:42:08.315-0500] {processor.py:925} INFO - DAG(s) 'example_short_circuit_operator' retrieved from /usr/local/lib/python3.10/site-packages/airflow/example_dags/example_short_circuit_operator.py
[2025-01-14T16:42:08.493-0500] {logging_mixin.py:190} INFO - [2025-01-14T16:42:08.493-0500] {dag.py:3239} INFO - Sync 1 DAGs
[2025-01-14T16:42:08.504-0500] {logging_mixin.py:190} INFO - [2025-01-14T16:42:08.504-0500] {dag.py:4180} INFO - Setting next_dagrun for example_short_circuit_operator to None, run_after=None
[2025-01-14T16:42:08.521-0500] {processor.py:208} INFO - Processing /usr/local/lib/python3.10/site-packages/airflow/example_dags/example_short_circuit_operator.py took 0.248 seconds
[2025-01-14T16:44:22.054-0500] {processor.py:186} INFO - Started process (PID=95925) to work on /usr/local/lib/python3.10/site-packages/airflow/example_dags/example_short_circuit_operator.py
[2025-01-14T16:44:22.055-0500] {processor.py:914} INFO - Processing file /usr/local/lib/python3.10/site-packages/airflow/example_dags/example_short_circuit_operator.py for tasks to queue
[2025-01-14T16:44:22.056-0500] {logging_mixin.py:190} INFO - [2025-01-14T16:44:22.056-0500] {dagbag.py:588} INFO - Filling up the DagBag from /usr/local/lib/python3.10/site-packages/airflow/example_dags/example_short_circuit_operator.py
[2025-01-14T16:44:22.086-0500] {processor.py:925} INFO - DAG(s) 'example_short_circuit_operator' retrieved from /usr/local/lib/python3.10/site-packages/airflow/example_dags/example_short_circuit_operator.py
[2025-01-14T16:44:22.261-0500] {logging_mixin.py:190} INFO - [2025-01-14T16:44:22.261-0500] {dag.py:3239} INFO - Sync 1 DAGs
[2025-01-14T16:44:22.272-0500] {logging_mixin.py:190} INFO - [2025-01-14T16:44:22.272-0500] {dag.py:4180} INFO - Setting next_dagrun for example_short_circuit_operator to None, run_after=None
[2025-01-14T16:44:22.290-0500] {processor.py:208} INFO - Processing /usr/local/lib/python3.10/site-packages/airflow/example_dags/example_short_circuit_operator.py took 0.241 seconds
[2025-01-14T16:46:46.445-0500] {processor.py:186} INFO - Started process (PID=97574) to work on /usr/local/lib/python3.10/site-packages/airflow/example_dags/example_short_circuit_operator.py
[2025-01-14T16:46:46.446-0500] {processor.py:914} INFO - Processing file /usr/local/lib/python3.10/site-packages/airflow/example_dags/example_short_circuit_operator.py for tasks to queue
[2025-01-14T16:46:46.447-0500] {logging_mixin.py:190} INFO - [2025-01-14T16:46:46.447-0500] {dagbag.py:588} INFO - Filling up the DagBag from /usr/local/lib/python3.10/site-packages/airflow/example_dags/example_short_circuit_operator.py
[2025-01-14T16:46:46.476-0500] {processor.py:925} INFO - DAG(s) 'example_short_circuit_operator' retrieved from /usr/local/lib/python3.10/site-packages/airflow/example_dags/example_short_circuit_operator.py
[2025-01-14T16:46:46.656-0500] {logging_mixin.py:190} INFO - [2025-01-14T16:46:46.655-0500] {dag.py:3239} INFO - Sync 1 DAGs
[2025-01-14T16:46:46.667-0500] {logging_mixin.py:190} INFO - [2025-01-14T16:46:46.666-0500] {dag.py:4180} INFO - Setting next_dagrun for example_short_circuit_operator to None, run_after=None
[2025-01-14T16:46:46.685-0500] {processor.py:208} INFO - Processing /usr/local/lib/python3.10/site-packages/airflow/example_dags/example_short_circuit_operator.py took 0.245 seconds
[2025-01-14T16:49:08.163-0500] {processor.py:186} INFO - Started process (PID=99211) to work on /usr/local/lib/python3.10/site-packages/airflow/example_dags/example_short_circuit_operator.py
[2025-01-14T16:49:08.164-0500] {processor.py:914} INFO - Processing file /usr/local/lib/python3.10/site-packages/airflow/example_dags/example_short_circuit_operator.py for tasks to queue
[2025-01-14T16:49:08.165-0500] {logging_mixin.py:190} INFO - [2025-01-14T16:49:08.165-0500] {dagbag.py:588} INFO - Filling up the DagBag from /usr/local/lib/python3.10/site-packages/airflow/example_dags/example_short_circuit_operator.py
[2025-01-14T16:49:08.191-0500] {processor.py:925} INFO - DAG(s) 'example_short_circuit_operator' retrieved from /usr/local/lib/python3.10/site-packages/airflow/example_dags/example_short_circuit_operator.py
[2025-01-14T16:49:08.356-0500] {logging_mixin.py:190} INFO - [2025-01-14T16:49:08.356-0500] {dag.py:3239} INFO - Sync 1 DAGs
[2025-01-14T16:49:08.368-0500] {logging_mixin.py:190} INFO - [2025-01-14T16:49:08.368-0500] {dag.py:4180} INFO - Setting next_dagrun for example_short_circuit_operator to None, run_after=None
[2025-01-14T16:49:08.386-0500] {processor.py:208} INFO - Processing /usr/local/lib/python3.10/site-packages/airflow/example_dags/example_short_circuit_operator.py took 0.227 seconds
[2025-01-14T16:51:40.410-0500] {processor.py:186} INFO - Started process (PID=1597) to work on /usr/local/lib/python3.10/site-packages/airflow/example_dags/example_short_circuit_operator.py
[2025-01-14T16:51:40.412-0500] {processor.py:914} INFO - Processing file /usr/local/lib/python3.10/site-packages/airflow/example_dags/example_short_circuit_operator.py for tasks to queue
[2025-01-14T16:51:40.413-0500] {logging_mixin.py:190} INFO - [2025-01-14T16:51:40.413-0500] {dagbag.py:588} INFO - Filling up the DagBag from /usr/local/lib/python3.10/site-packages/airflow/example_dags/example_short_circuit_operator.py
[2025-01-14T16:51:40.445-0500] {processor.py:925} INFO - DAG(s) 'example_short_circuit_operator' retrieved from /usr/local/lib/python3.10/site-packages/airflow/example_dags/example_short_circuit_operator.py
[2025-01-14T16:51:40.815-0500] {logging_mixin.py:190} INFO - [2025-01-14T16:51:40.814-0500] {dag.py:3239} INFO - Sync 1 DAGs
[2025-01-14T16:51:40.842-0500] {logging_mixin.py:190} INFO - [2025-01-14T16:51:40.842-0500] {dag.py:4180} INFO - Setting next_dagrun for example_short_circuit_operator to None, run_after=None
[2025-01-14T16:51:40.870-0500] {processor.py:208} INFO - Processing /usr/local/lib/python3.10/site-packages/airflow/example_dags/example_short_circuit_operator.py took 0.465 seconds
[2025-01-14T16:54:07.579-0500] {processor.py:186} INFO - Started process (PID=3280) to work on /usr/local/lib/python3.10/site-packages/airflow/example_dags/example_short_circuit_operator.py
[2025-01-14T16:54:07.581-0500] {processor.py:914} INFO - Processing file /usr/local/lib/python3.10/site-packages/airflow/example_dags/example_short_circuit_operator.py for tasks to queue
[2025-01-14T16:54:07.583-0500] {logging_mixin.py:190} INFO - [2025-01-14T16:54:07.582-0500] {dagbag.py:588} INFO - Filling up the DagBag from /usr/local/lib/python3.10/site-packages/airflow/example_dags/example_short_circuit_operator.py
[2025-01-14T16:54:07.615-0500] {processor.py:925} INFO - DAG(s) 'example_short_circuit_operator' retrieved from /usr/local/lib/python3.10/site-packages/airflow/example_dags/example_short_circuit_operator.py
[2025-01-14T16:54:07.801-0500] {logging_mixin.py:190} INFO - [2025-01-14T16:54:07.801-0500] {dag.py:3239} INFO - Sync 1 DAGs
[2025-01-14T16:54:07.813-0500] {logging_mixin.py:190} INFO - [2025-01-14T16:54:07.813-0500] {dag.py:4180} INFO - Setting next_dagrun for example_short_circuit_operator to None, run_after=None
[2025-01-14T16:54:07.835-0500] {processor.py:208} INFO - Processing /usr/local/lib/python3.10/site-packages/airflow/example_dags/example_short_circuit_operator.py took 0.261 seconds
[2025-01-14T16:56:30.836-0500] {processor.py:186} INFO - Started process (PID=4968) to work on /usr/local/lib/python3.10/site-packages/airflow/example_dags/example_short_circuit_operator.py
[2025-01-14T16:56:30.838-0500] {processor.py:914} INFO - Processing file /usr/local/lib/python3.10/site-packages/airflow/example_dags/example_short_circuit_operator.py for tasks to queue
[2025-01-14T16:56:30.840-0500] {logging_mixin.py:190} INFO - [2025-01-14T16:56:30.839-0500] {dagbag.py:588} INFO - Filling up the DagBag from /usr/local/lib/python3.10/site-packages/airflow/example_dags/example_short_circuit_operator.py
[2025-01-14T16:56:30.870-0500] {processor.py:925} INFO - DAG(s) 'example_short_circuit_operator' retrieved from /usr/local/lib/python3.10/site-packages/airflow/example_dags/example_short_circuit_operator.py
[2025-01-14T16:56:31.048-0500] {logging_mixin.py:190} INFO - [2025-01-14T16:56:31.048-0500] {dag.py:3239} INFO - Sync 1 DAGs
[2025-01-14T16:56:31.058-0500] {logging_mixin.py:190} INFO - [2025-01-14T16:56:31.058-0500] {dag.py:4180} INFO - Setting next_dagrun for example_short_circuit_operator to None, run_after=None
[2025-01-14T16:56:31.076-0500] {processor.py:208} INFO - Processing /usr/local/lib/python3.10/site-packages/airflow/example_dags/example_short_circuit_operator.py took 0.245 seconds
[2025-01-14T16:58:57.179-0500] {processor.py:186} INFO - Started process (PID=6681) to work on /usr/local/lib/python3.10/site-packages/airflow/example_dags/example_short_circuit_operator.py
[2025-01-14T16:58:57.181-0500] {processor.py:914} INFO - Processing file /usr/local/lib/python3.10/site-packages/airflow/example_dags/example_short_circuit_operator.py for tasks to queue
[2025-01-14T16:58:57.182-0500] {logging_mixin.py:190} INFO - [2025-01-14T16:58:57.182-0500] {dagbag.py:588} INFO - Filling up the DagBag from /usr/local/lib/python3.10/site-packages/airflow/example_dags/example_short_circuit_operator.py
[2025-01-14T16:58:57.224-0500] {processor.py:925} INFO - DAG(s) 'example_short_circuit_operator' retrieved from /usr/local/lib/python3.10/site-packages/airflow/example_dags/example_short_circuit_operator.py
[2025-01-14T16:58:57.435-0500] {logging_mixin.py:190} INFO - [2025-01-14T16:58:57.435-0500] {dag.py:3239} INFO - Sync 1 DAGs
[2025-01-14T16:58:57.447-0500] {logging_mixin.py:190} INFO - [2025-01-14T16:58:57.447-0500] {dag.py:4180} INFO - Setting next_dagrun for example_short_circuit_operator to None, run_after=None
[2025-01-14T16:58:57.468-0500] {processor.py:208} INFO - Processing /usr/local/lib/python3.10/site-packages/airflow/example_dags/example_short_circuit_operator.py took 0.295 seconds
[2025-01-14T17:02:06.111-0500] {processor.py:186} INFO - Started process (PID=8941) to work on /usr/local/lib/python3.10/site-packages/airflow/example_dags/example_short_circuit_operator.py
[2025-01-14T17:02:06.113-0500] {processor.py:914} INFO - Processing file /usr/local/lib/python3.10/site-packages/airflow/example_dags/example_short_circuit_operator.py for tasks to queue
[2025-01-14T17:02:06.115-0500] {logging_mixin.py:190} INFO - [2025-01-14T17:02:06.115-0500] {dagbag.py:588} INFO - Filling up the DagBag from /usr/local/lib/python3.10/site-packages/airflow/example_dags/example_short_circuit_operator.py
[2025-01-14T17:02:06.155-0500] {processor.py:925} INFO - DAG(s) 'example_short_circuit_operator' retrieved from /usr/local/lib/python3.10/site-packages/airflow/example_dags/example_short_circuit_operator.py
[2025-01-14T17:02:06.439-0500] {logging_mixin.py:190} INFO - [2025-01-14T17:02:06.438-0500] {dag.py:3239} INFO - Sync 1 DAGs
[2025-01-14T17:02:06.453-0500] {logging_mixin.py:190} INFO - [2025-01-14T17:02:06.452-0500] {dag.py:4180} INFO - Setting next_dagrun for example_short_circuit_operator to None, run_after=None
[2025-01-14T17:02:06.479-0500] {processor.py:208} INFO - Processing /usr/local/lib/python3.10/site-packages/airflow/example_dags/example_short_circuit_operator.py took 0.374 seconds
[2025-01-14T17:04:58.988-0500] {processor.py:186} INFO - Started process (PID=10992) to work on /usr/local/lib/python3.10/site-packages/airflow/example_dags/example_short_circuit_operator.py
[2025-01-14T17:04:58.989-0500] {processor.py:914} INFO - Processing file /usr/local/lib/python3.10/site-packages/airflow/example_dags/example_short_circuit_operator.py for tasks to queue
[2025-01-14T17:04:58.990-0500] {logging_mixin.py:190} INFO - [2025-01-14T17:04:58.990-0500] {dagbag.py:588} INFO - Filling up the DagBag from /usr/local/lib/python3.10/site-packages/airflow/example_dags/example_short_circuit_operator.py
[2025-01-14T17:04:59.016-0500] {processor.py:925} INFO - DAG(s) 'example_short_circuit_operator' retrieved from /usr/local/lib/python3.10/site-packages/airflow/example_dags/example_short_circuit_operator.py
[2025-01-14T17:04:59.191-0500] {logging_mixin.py:190} INFO - [2025-01-14T17:04:59.191-0500] {dag.py:3239} INFO - Sync 1 DAGs
[2025-01-14T17:04:59.202-0500] {logging_mixin.py:190} INFO - [2025-01-14T17:04:59.202-0500] {dag.py:4180} INFO - Setting next_dagrun for example_short_circuit_operator to None, run_after=None
[2025-01-14T17:04:59.221-0500] {processor.py:208} INFO - Processing /usr/local/lib/python3.10/site-packages/airflow/example_dags/example_short_circuit_operator.py took 0.237 seconds
[2025-01-14T17:07:39.562-0500] {processor.py:186} INFO - Started process (PID=12774) to work on /usr/local/lib/python3.10/site-packages/airflow/example_dags/example_short_circuit_operator.py
[2025-01-14T17:07:39.564-0500] {processor.py:914} INFO - Processing file /usr/local/lib/python3.10/site-packages/airflow/example_dags/example_short_circuit_operator.py for tasks to queue
[2025-01-14T17:07:39.565-0500] {logging_mixin.py:190} INFO - [2025-01-14T17:07:39.565-0500] {dagbag.py:588} INFO - Filling up the DagBag from /usr/local/lib/python3.10/site-packages/airflow/example_dags/example_short_circuit_operator.py
[2025-01-14T17:07:39.600-0500] {processor.py:925} INFO - DAG(s) 'example_short_circuit_operator' retrieved from /usr/local/lib/python3.10/site-packages/airflow/example_dags/example_short_circuit_operator.py
[2025-01-14T17:07:39.814-0500] {logging_mixin.py:190} INFO - [2025-01-14T17:07:39.814-0500] {dag.py:3239} INFO - Sync 1 DAGs
[2025-01-14T17:07:39.828-0500] {logging_mixin.py:190} INFO - [2025-01-14T17:07:39.827-0500] {dag.py:4180} INFO - Setting next_dagrun for example_short_circuit_operator to None, run_after=None
[2025-01-14T17:07:39.850-0500] {processor.py:208} INFO - Processing /usr/local/lib/python3.10/site-packages/airflow/example_dags/example_short_circuit_operator.py took 0.295 seconds
[2025-01-14T17:10:26.940-0500] {processor.py:186} INFO - Started process (PID=14673) to work on /usr/local/lib/python3.10/site-packages/airflow/example_dags/example_short_circuit_operator.py
[2025-01-14T17:10:26.943-0500] {processor.py:914} INFO - Processing file /usr/local/lib/python3.10/site-packages/airflow/example_dags/example_short_circuit_operator.py for tasks to queue
[2025-01-14T17:10:26.944-0500] {logging_mixin.py:190} INFO - [2025-01-14T17:10:26.944-0500] {dagbag.py:588} INFO - Filling up the DagBag from /usr/local/lib/python3.10/site-packages/airflow/example_dags/example_short_circuit_operator.py
[2025-01-14T17:10:26.974-0500] {processor.py:925} INFO - DAG(s) 'example_short_circuit_operator' retrieved from /usr/local/lib/python3.10/site-packages/airflow/example_dags/example_short_circuit_operator.py
[2025-01-14T17:10:27.166-0500] {logging_mixin.py:190} INFO - [2025-01-14T17:10:27.166-0500] {dag.py:3239} INFO - Sync 1 DAGs
[2025-01-14T17:10:27.178-0500] {logging_mixin.py:190} INFO - [2025-01-14T17:10:27.178-0500] {dag.py:4180} INFO - Setting next_dagrun for example_short_circuit_operator to None, run_after=None
[2025-01-14T17:10:27.199-0500] {processor.py:208} INFO - Processing /usr/local/lib/python3.10/site-packages/airflow/example_dags/example_short_circuit_operator.py took 0.264 seconds
[2025-01-14T17:12:56.297-0500] {processor.py:186} INFO - Started process (PID=16423) to work on /usr/local/lib/python3.10/site-packages/airflow/example_dags/example_short_circuit_operator.py
[2025-01-14T17:12:56.298-0500] {processor.py:914} INFO - Processing file /usr/local/lib/python3.10/site-packages/airflow/example_dags/example_short_circuit_operator.py for tasks to queue
[2025-01-14T17:12:56.300-0500] {logging_mixin.py:190} INFO - [2025-01-14T17:12:56.299-0500] {dagbag.py:588} INFO - Filling up the DagBag from /usr/local/lib/python3.10/site-packages/airflow/example_dags/example_short_circuit_operator.py
[2025-01-14T17:12:56.327-0500] {processor.py:925} INFO - DAG(s) 'example_short_circuit_operator' retrieved from /usr/local/lib/python3.10/site-packages/airflow/example_dags/example_short_circuit_operator.py
[2025-01-14T17:12:56.499-0500] {logging_mixin.py:190} INFO - [2025-01-14T17:12:56.498-0500] {dag.py:3239} INFO - Sync 1 DAGs
[2025-01-14T17:12:56.513-0500] {logging_mixin.py:190} INFO - [2025-01-14T17:12:56.513-0500] {dag.py:4180} INFO - Setting next_dagrun for example_short_circuit_operator to None, run_after=None
[2025-01-14T17:12:56.537-0500] {processor.py:208} INFO - Processing /usr/local/lib/python3.10/site-packages/airflow/example_dags/example_short_circuit_operator.py took 0.244 seconds
[2025-01-14T17:15:18.080-0500] {processor.py:186} INFO - Started process (PID=18077) to work on /usr/local/lib/python3.10/site-packages/airflow/example_dags/example_short_circuit_operator.py
[2025-01-14T17:15:18.081-0500] {processor.py:914} INFO - Processing file /usr/local/lib/python3.10/site-packages/airflow/example_dags/example_short_circuit_operator.py for tasks to queue
[2025-01-14T17:15:18.082-0500] {logging_mixin.py:190} INFO - [2025-01-14T17:15:18.082-0500] {dagbag.py:588} INFO - Filling up the DagBag from /usr/local/lib/python3.10/site-packages/airflow/example_dags/example_short_circuit_operator.py
[2025-01-14T17:15:18.106-0500] {processor.py:925} INFO - DAG(s) 'example_short_circuit_operator' retrieved from /usr/local/lib/python3.10/site-packages/airflow/example_dags/example_short_circuit_operator.py
[2025-01-14T17:15:18.269-0500] {logging_mixin.py:190} INFO - [2025-01-14T17:15:18.269-0500] {dag.py:3239} INFO - Sync 1 DAGs
[2025-01-14T17:15:18.279-0500] {logging_mixin.py:190} INFO - [2025-01-14T17:15:18.279-0500] {dag.py:4180} INFO - Setting next_dagrun for example_short_circuit_operator to None, run_after=None
[2025-01-14T17:15:18.296-0500] {processor.py:208} INFO - Processing /usr/local/lib/python3.10/site-packages/airflow/example_dags/example_short_circuit_operator.py took 0.220 seconds
[2025-01-14T17:17:36.272-0500] {processor.py:186} INFO - Started process (PID=19596) to work on /usr/local/lib/python3.10/site-packages/airflow/example_dags/example_short_circuit_operator.py
[2025-01-14T17:17:36.273-0500] {processor.py:914} INFO - Processing file /usr/local/lib/python3.10/site-packages/airflow/example_dags/example_short_circuit_operator.py for tasks to queue
[2025-01-14T17:17:36.274-0500] {logging_mixin.py:190} INFO - [2025-01-14T17:17:36.274-0500] {dagbag.py:588} INFO - Filling up the DagBag from /usr/local/lib/python3.10/site-packages/airflow/example_dags/example_short_circuit_operator.py
[2025-01-14T17:17:36.302-0500] {processor.py:925} INFO - DAG(s) 'example_short_circuit_operator' retrieved from /usr/local/lib/python3.10/site-packages/airflow/example_dags/example_short_circuit_operator.py
[2025-01-14T17:17:36.465-0500] {logging_mixin.py:190} INFO - [2025-01-14T17:17:36.465-0500] {dag.py:3239} INFO - Sync 1 DAGs
[2025-01-14T17:17:36.475-0500] {logging_mixin.py:190} INFO - [2025-01-14T17:17:36.475-0500] {dag.py:4180} INFO - Setting next_dagrun for example_short_circuit_operator to None, run_after=None
[2025-01-14T17:17:36.492-0500] {processor.py:208} INFO - Processing /usr/local/lib/python3.10/site-packages/airflow/example_dags/example_short_circuit_operator.py took 0.225 seconds
[2025-01-14T17:19:53.062-0500] {processor.py:186} INFO - Started process (PID=21192) to work on /usr/local/lib/python3.10/site-packages/airflow/example_dags/example_short_circuit_operator.py
[2025-01-14T17:19:53.063-0500] {processor.py:914} INFO - Processing file /usr/local/lib/python3.10/site-packages/airflow/example_dags/example_short_circuit_operator.py for tasks to queue
[2025-01-14T17:19:53.064-0500] {logging_mixin.py:190} INFO - [2025-01-14T17:19:53.064-0500] {dagbag.py:588} INFO - Filling up the DagBag from /usr/local/lib/python3.10/site-packages/airflow/example_dags/example_short_circuit_operator.py
[2025-01-14T17:19:53.090-0500] {processor.py:925} INFO - DAG(s) 'example_short_circuit_operator' retrieved from /usr/local/lib/python3.10/site-packages/airflow/example_dags/example_short_circuit_operator.py
[2025-01-14T17:19:53.261-0500] {logging_mixin.py:190} INFO - [2025-01-14T17:19:53.261-0500] {dag.py:3239} INFO - Sync 1 DAGs
[2025-01-14T17:19:53.274-0500] {logging_mixin.py:190} INFO - [2025-01-14T17:19:53.273-0500] {dag.py:4180} INFO - Setting next_dagrun for example_short_circuit_operator to None, run_after=None
[2025-01-14T17:19:53.295-0500] {processor.py:208} INFO - Processing /usr/local/lib/python3.10/site-packages/airflow/example_dags/example_short_circuit_operator.py took 0.237 seconds
[2025-01-14T17:22:15.474-0500] {processor.py:186} INFO - Started process (PID=22764) to work on /usr/local/lib/python3.10/site-packages/airflow/example_dags/example_short_circuit_operator.py
[2025-01-14T17:22:15.476-0500] {processor.py:914} INFO - Processing file /usr/local/lib/python3.10/site-packages/airflow/example_dags/example_short_circuit_operator.py for tasks to queue
[2025-01-14T17:22:15.477-0500] {logging_mixin.py:190} INFO - [2025-01-14T17:22:15.477-0500] {dagbag.py:588} INFO - Filling up the DagBag from /usr/local/lib/python3.10/site-packages/airflow/example_dags/example_short_circuit_operator.py
[2025-01-14T17:22:15.506-0500] {processor.py:925} INFO - DAG(s) 'example_short_circuit_operator' retrieved from /usr/local/lib/python3.10/site-packages/airflow/example_dags/example_short_circuit_operator.py
[2025-01-14T17:22:15.682-0500] {logging_mixin.py:190} INFO - [2025-01-14T17:22:15.681-0500] {dag.py:3239} INFO - Sync 1 DAGs
[2025-01-14T17:22:15.693-0500] {logging_mixin.py:190} INFO - [2025-01-14T17:22:15.693-0500] {dag.py:4180} INFO - Setting next_dagrun for example_short_circuit_operator to None, run_after=None
[2025-01-14T17:22:15.712-0500] {processor.py:208} INFO - Processing /usr/local/lib/python3.10/site-packages/airflow/example_dags/example_short_circuit_operator.py took 0.242 seconds
[2025-01-14T17:24:38.642-0500] {processor.py:186} INFO - Started process (PID=24403) to work on /usr/local/lib/python3.10/site-packages/airflow/example_dags/example_short_circuit_operator.py
[2025-01-14T17:24:38.643-0500] {processor.py:914} INFO - Processing file /usr/local/lib/python3.10/site-packages/airflow/example_dags/example_short_circuit_operator.py for tasks to queue
[2025-01-14T17:24:38.644-0500] {logging_mixin.py:190} INFO - [2025-01-14T17:24:38.644-0500] {dagbag.py:588} INFO - Filling up the DagBag from /usr/local/lib/python3.10/site-packages/airflow/example_dags/example_short_circuit_operator.py
[2025-01-14T17:24:38.670-0500] {processor.py:925} INFO - DAG(s) 'example_short_circuit_operator' retrieved from /usr/local/lib/python3.10/site-packages/airflow/example_dags/example_short_circuit_operator.py
[2025-01-14T17:24:38.843-0500] {logging_mixin.py:190} INFO - [2025-01-14T17:24:38.842-0500] {dag.py:3239} INFO - Sync 1 DAGs
[2025-01-14T17:24:38.853-0500] {logging_mixin.py:190} INFO - [2025-01-14T17:24:38.852-0500] {dag.py:4180} INFO - Setting next_dagrun for example_short_circuit_operator to None, run_after=None
[2025-01-14T17:24:38.870-0500] {processor.py:208} INFO - Processing /usr/local/lib/python3.10/site-packages/airflow/example_dags/example_short_circuit_operator.py took 0.234 seconds
[2025-01-14T17:27:01.795-0500] {processor.py:186} INFO - Started process (PID=26047) to work on /usr/local/lib/python3.10/site-packages/airflow/example_dags/example_short_circuit_operator.py
[2025-01-14T17:27:01.797-0500] {processor.py:914} INFO - Processing file /usr/local/lib/python3.10/site-packages/airflow/example_dags/example_short_circuit_operator.py for tasks to queue
[2025-01-14T17:27:01.798-0500] {logging_mixin.py:190} INFO - [2025-01-14T17:27:01.798-0500] {dagbag.py:588} INFO - Filling up the DagBag from /usr/local/lib/python3.10/site-packages/airflow/example_dags/example_short_circuit_operator.py
[2025-01-14T17:27:01.827-0500] {processor.py:925} INFO - DAG(s) 'example_short_circuit_operator' retrieved from /usr/local/lib/python3.10/site-packages/airflow/example_dags/example_short_circuit_operator.py
[2025-01-14T17:27:02.008-0500] {logging_mixin.py:190} INFO - [2025-01-14T17:27:02.008-0500] {dag.py:3239} INFO - Sync 1 DAGs
[2025-01-14T17:27:02.021-0500] {logging_mixin.py:190} INFO - [2025-01-14T17:27:02.021-0500] {dag.py:4180} INFO - Setting next_dagrun for example_short_circuit_operator to None, run_after=None
[2025-01-14T17:27:02.042-0500] {processor.py:208} INFO - Processing /usr/local/lib/python3.10/site-packages/airflow/example_dags/example_short_circuit_operator.py took 0.252 seconds
[2025-01-14T17:29:24.844-0500] {processor.py:186} INFO - Started process (PID=27690) to work on /usr/local/lib/python3.10/site-packages/airflow/example_dags/example_short_circuit_operator.py
[2025-01-14T17:29:24.845-0500] {processor.py:914} INFO - Processing file /usr/local/lib/python3.10/site-packages/airflow/example_dags/example_short_circuit_operator.py for tasks to queue
[2025-01-14T17:29:24.847-0500] {logging_mixin.py:190} INFO - [2025-01-14T17:29:24.847-0500] {dagbag.py:588} INFO - Filling up the DagBag from /usr/local/lib/python3.10/site-packages/airflow/example_dags/example_short_circuit_operator.py
[2025-01-14T17:29:24.877-0500] {processor.py:925} INFO - DAG(s) 'example_short_circuit_operator' retrieved from /usr/local/lib/python3.10/site-packages/airflow/example_dags/example_short_circuit_operator.py
[2025-01-14T17:29:25.049-0500] {logging_mixin.py:190} INFO - [2025-01-14T17:29:25.049-0500] {dag.py:3239} INFO - Sync 1 DAGs
[2025-01-14T17:29:25.060-0500] {logging_mixin.py:190} INFO - [2025-01-14T17:29:25.059-0500] {dag.py:4180} INFO - Setting next_dagrun for example_short_circuit_operator to None, run_after=None
[2025-01-14T17:29:25.076-0500] {processor.py:208} INFO - Processing /usr/local/lib/python3.10/site-packages/airflow/example_dags/example_short_circuit_operator.py took 0.237 seconds
[2025-01-14T17:31:46.289-0500] {processor.py:186} INFO - Started process (PID=29328) to work on /usr/local/lib/python3.10/site-packages/airflow/example_dags/example_short_circuit_operator.py
[2025-01-14T17:31:46.290-0500] {processor.py:914} INFO - Processing file /usr/local/lib/python3.10/site-packages/airflow/example_dags/example_short_circuit_operator.py for tasks to queue
[2025-01-14T17:31:46.291-0500] {logging_mixin.py:190} INFO - [2025-01-14T17:31:46.291-0500] {dagbag.py:588} INFO - Filling up the DagBag from /usr/local/lib/python3.10/site-packages/airflow/example_dags/example_short_circuit_operator.py
[2025-01-14T17:31:46.317-0500] {processor.py:925} INFO - DAG(s) 'example_short_circuit_operator' retrieved from /usr/local/lib/python3.10/site-packages/airflow/example_dags/example_short_circuit_operator.py
[2025-01-14T17:31:46.487-0500] {logging_mixin.py:190} INFO - [2025-01-14T17:31:46.487-0500] {dag.py:3239} INFO - Sync 1 DAGs
[2025-01-14T17:31:46.498-0500] {logging_mixin.py:190} INFO - [2025-01-14T17:31:46.498-0500] {dag.py:4180} INFO - Setting next_dagrun for example_short_circuit_operator to None, run_after=None
[2025-01-14T17:31:46.515-0500] {processor.py:208} INFO - Processing /usr/local/lib/python3.10/site-packages/airflow/example_dags/example_short_circuit_operator.py took 0.230 seconds
[2025-01-14T17:34:04.505-0500] {processor.py:186} INFO - Started process (PID=30854) to work on /usr/local/lib/python3.10/site-packages/airflow/example_dags/example_short_circuit_operator.py
[2025-01-14T17:34:04.506-0500] {processor.py:914} INFO - Processing file /usr/local/lib/python3.10/site-packages/airflow/example_dags/example_short_circuit_operator.py for tasks to queue
[2025-01-14T17:34:04.507-0500] {logging_mixin.py:190} INFO - [2025-01-14T17:34:04.507-0500] {dagbag.py:588} INFO - Filling up the DagBag from /usr/local/lib/python3.10/site-packages/airflow/example_dags/example_short_circuit_operator.py
[2025-01-14T17:34:04.534-0500] {processor.py:925} INFO - DAG(s) 'example_short_circuit_operator' retrieved from /usr/local/lib/python3.10/site-packages/airflow/example_dags/example_short_circuit_operator.py
[2025-01-14T17:34:04.705-0500] {logging_mixin.py:190} INFO - [2025-01-14T17:34:04.705-0500] {dag.py:3239} INFO - Sync 1 DAGs
[2025-01-14T17:34:04.715-0500] {logging_mixin.py:190} INFO - [2025-01-14T17:34:04.715-0500] {dag.py:4180} INFO - Setting next_dagrun for example_short_circuit_operator to None, run_after=None
[2025-01-14T17:34:04.732-0500] {processor.py:208} INFO - Processing /usr/local/lib/python3.10/site-packages/airflow/example_dags/example_short_circuit_operator.py took 0.231 seconds
[2025-01-14T17:36:17.007-0500] {processor.py:186} INFO - Started process (PID=32412) to work on /usr/local/lib/python3.10/site-packages/airflow/example_dags/example_short_circuit_operator.py
[2025-01-14T17:36:17.009-0500] {processor.py:914} INFO - Processing file /usr/local/lib/python3.10/site-packages/airflow/example_dags/example_short_circuit_operator.py for tasks to queue
[2025-01-14T17:36:17.010-0500] {logging_mixin.py:190} INFO - [2025-01-14T17:36:17.010-0500] {dagbag.py:588} INFO - Filling up the DagBag from /usr/local/lib/python3.10/site-packages/airflow/example_dags/example_short_circuit_operator.py
[2025-01-14T17:36:17.036-0500] {processor.py:925} INFO - DAG(s) 'example_short_circuit_operator' retrieved from /usr/local/lib/python3.10/site-packages/airflow/example_dags/example_short_circuit_operator.py
[2025-01-14T17:36:17.202-0500] {logging_mixin.py:190} INFO - [2025-01-14T17:36:17.202-0500] {dag.py:3239} INFO - Sync 1 DAGs
[2025-01-14T17:36:17.213-0500] {logging_mixin.py:190} INFO - [2025-01-14T17:36:17.212-0500] {dag.py:4180} INFO - Setting next_dagrun for example_short_circuit_operator to None, run_after=None
[2025-01-14T17:36:17.232-0500] {processor.py:208} INFO - Processing /usr/local/lib/python3.10/site-packages/airflow/example_dags/example_short_circuit_operator.py took 0.229 seconds
[2025-01-14T17:38:34.419-0500] {processor.py:186} INFO - Started process (PID=33983) to work on /usr/local/lib/python3.10/site-packages/airflow/example_dags/example_short_circuit_operator.py
[2025-01-14T17:38:34.421-0500] {processor.py:914} INFO - Processing file /usr/local/lib/python3.10/site-packages/airflow/example_dags/example_short_circuit_operator.py for tasks to queue
[2025-01-14T17:38:34.422-0500] {logging_mixin.py:190} INFO - [2025-01-14T17:38:34.422-0500] {dagbag.py:588} INFO - Filling up the DagBag from /usr/local/lib/python3.10/site-packages/airflow/example_dags/example_short_circuit_operator.py
[2025-01-14T17:38:34.450-0500] {processor.py:925} INFO - DAG(s) 'example_short_circuit_operator' retrieved from /usr/local/lib/python3.10/site-packages/airflow/example_dags/example_short_circuit_operator.py
[2025-01-14T17:38:34.619-0500] {logging_mixin.py:190} INFO - [2025-01-14T17:38:34.618-0500] {dag.py:3239} INFO - Sync 1 DAGs
[2025-01-14T17:38:34.630-0500] {logging_mixin.py:190} INFO - [2025-01-14T17:38:34.630-0500] {dag.py:4180} INFO - Setting next_dagrun for example_short_circuit_operator to None, run_after=None
[2025-01-14T17:38:34.649-0500] {processor.py:208} INFO - Processing /usr/local/lib/python3.10/site-packages/airflow/example_dags/example_short_circuit_operator.py took 0.235 seconds
[2025-01-14T17:40:50.355-0500] {processor.py:186} INFO - Started process (PID=35610) to work on /usr/local/lib/python3.10/site-packages/airflow/example_dags/example_short_circuit_operator.py
[2025-01-14T17:40:50.360-0500] {processor.py:914} INFO - Processing file /usr/local/lib/python3.10/site-packages/airflow/example_dags/example_short_circuit_operator.py for tasks to queue
[2025-01-14T17:40:50.361-0500] {logging_mixin.py:190} INFO - [2025-01-14T17:40:50.360-0500] {dagbag.py:588} INFO - Filling up the DagBag from /usr/local/lib/python3.10/site-packages/airflow/example_dags/example_short_circuit_operator.py
[2025-01-14T17:40:50.392-0500] {processor.py:925} INFO - DAG(s) 'example_short_circuit_operator' retrieved from /usr/local/lib/python3.10/site-packages/airflow/example_dags/example_short_circuit_operator.py
[2025-01-14T17:40:50.567-0500] {logging_mixin.py:190} INFO - [2025-01-14T17:40:50.566-0500] {dag.py:3239} INFO - Sync 1 DAGs
[2025-01-14T17:40:50.577-0500] {logging_mixin.py:190} INFO - [2025-01-14T17:40:50.577-0500] {dag.py:4180} INFO - Setting next_dagrun for example_short_circuit_operator to None, run_after=None
[2025-01-14T17:40:50.594-0500] {processor.py:208} INFO - Processing /usr/local/lib/python3.10/site-packages/airflow/example_dags/example_short_circuit_operator.py took 0.244 seconds
[2025-01-14T17:43:03.521-0500] {processor.py:186} INFO - Started process (PID=37150) to work on /usr/local/lib/python3.10/site-packages/airflow/example_dags/example_short_circuit_operator.py
[2025-01-14T17:43:03.523-0500] {processor.py:914} INFO - Processing file /usr/local/lib/python3.10/site-packages/airflow/example_dags/example_short_circuit_operator.py for tasks to queue
[2025-01-14T17:43:03.524-0500] {logging_mixin.py:190} INFO - [2025-01-14T17:43:03.524-0500] {dagbag.py:588} INFO - Filling up the DagBag from /usr/local/lib/python3.10/site-packages/airflow/example_dags/example_short_circuit_operator.py
[2025-01-14T17:43:03.552-0500] {processor.py:925} INFO - DAG(s) 'example_short_circuit_operator' retrieved from /usr/local/lib/python3.10/site-packages/airflow/example_dags/example_short_circuit_operator.py
[2025-01-14T17:43:03.713-0500] {logging_mixin.py:190} INFO - [2025-01-14T17:43:03.712-0500] {dag.py:3239} INFO - Sync 1 DAGs
[2025-01-14T17:43:03.723-0500] {logging_mixin.py:190} INFO - [2025-01-14T17:43:03.723-0500] {dag.py:4180} INFO - Setting next_dagrun for example_short_circuit_operator to None, run_after=None
[2025-01-14T17:43:03.739-0500] {processor.py:208} INFO - Processing /usr/local/lib/python3.10/site-packages/airflow/example_dags/example_short_circuit_operator.py took 0.222 seconds
[2025-01-14T17:45:18.092-0500] {processor.py:186} INFO - Started process (PID=38679) to work on /usr/local/lib/python3.10/site-packages/airflow/example_dags/example_short_circuit_operator.py
[2025-01-14T17:45:18.093-0500] {processor.py:914} INFO - Processing file /usr/local/lib/python3.10/site-packages/airflow/example_dags/example_short_circuit_operator.py for tasks to queue
[2025-01-14T17:45:18.094-0500] {logging_mixin.py:190} INFO - [2025-01-14T17:45:18.094-0500] {dagbag.py:588} INFO - Filling up the DagBag from /usr/local/lib/python3.10/site-packages/airflow/example_dags/example_short_circuit_operator.py
[2025-01-14T17:45:18.122-0500] {processor.py:925} INFO - DAG(s) 'example_short_circuit_operator' retrieved from /usr/local/lib/python3.10/site-packages/airflow/example_dags/example_short_circuit_operator.py
[2025-01-14T17:45:18.285-0500] {logging_mixin.py:190} INFO - [2025-01-14T17:45:18.284-0500] {dag.py:3239} INFO - Sync 1 DAGs
[2025-01-14T17:45:18.294-0500] {logging_mixin.py:190} INFO - [2025-01-14T17:45:18.294-0500] {dag.py:4180} INFO - Setting next_dagrun for example_short_circuit_operator to None, run_after=None
[2025-01-14T17:45:18.311-0500] {processor.py:208} INFO - Processing /usr/local/lib/python3.10/site-packages/airflow/example_dags/example_short_circuit_operator.py took 0.223 seconds
[2025-01-14T17:47:34.186-0500] {processor.py:186} INFO - Started process (PID=40317) to work on /usr/local/lib/python3.10/site-packages/airflow/example_dags/example_short_circuit_operator.py
[2025-01-14T17:47:34.187-0500] {processor.py:914} INFO - Processing file /usr/local/lib/python3.10/site-packages/airflow/example_dags/example_short_circuit_operator.py for tasks to queue
[2025-01-14T17:47:34.188-0500] {logging_mixin.py:190} INFO - [2025-01-14T17:47:34.188-0500] {dagbag.py:588} INFO - Filling up the DagBag from /usr/local/lib/python3.10/site-packages/airflow/example_dags/example_short_circuit_operator.py
[2025-01-14T17:47:34.213-0500] {processor.py:925} INFO - DAG(s) 'example_short_circuit_operator' retrieved from /usr/local/lib/python3.10/site-packages/airflow/example_dags/example_short_circuit_operator.py
[2025-01-14T17:47:34.372-0500] {logging_mixin.py:190} INFO - [2025-01-14T17:47:34.372-0500] {dag.py:3239} INFO - Sync 1 DAGs
[2025-01-14T17:47:34.382-0500] {logging_mixin.py:190} INFO - [2025-01-14T17:47:34.382-0500] {dag.py:4180} INFO - Setting next_dagrun for example_short_circuit_operator to None, run_after=None
[2025-01-14T17:47:34.399-0500] {processor.py:208} INFO - Processing /usr/local/lib/python3.10/site-packages/airflow/example_dags/example_short_circuit_operator.py took 0.217 seconds
[2025-01-14T17:49:49.412-0500] {processor.py:186} INFO - Started process (PID=41835) to work on /usr/local/lib/python3.10/site-packages/airflow/example_dags/example_short_circuit_operator.py
[2025-01-14T17:49:49.413-0500] {processor.py:914} INFO - Processing file /usr/local/lib/python3.10/site-packages/airflow/example_dags/example_short_circuit_operator.py for tasks to queue
[2025-01-14T17:49:49.414-0500] {logging_mixin.py:190} INFO - [2025-01-14T17:49:49.414-0500] {dagbag.py:588} INFO - Filling up the DagBag from /usr/local/lib/python3.10/site-packages/airflow/example_dags/example_short_circuit_operator.py
[2025-01-14T17:49:49.441-0500] {processor.py:925} INFO - DAG(s) 'example_short_circuit_operator' retrieved from /usr/local/lib/python3.10/site-packages/airflow/example_dags/example_short_circuit_operator.py
[2025-01-14T17:49:49.606-0500] {logging_mixin.py:190} INFO - [2025-01-14T17:49:49.606-0500] {dag.py:3239} INFO - Sync 1 DAGs
[2025-01-14T17:49:49.617-0500] {logging_mixin.py:190} INFO - [2025-01-14T17:49:49.617-0500] {dag.py:4180} INFO - Setting next_dagrun for example_short_circuit_operator to None, run_after=None
[2025-01-14T17:49:49.658-0500] {processor.py:208} INFO - Processing /usr/local/lib/python3.10/site-packages/airflow/example_dags/example_short_circuit_operator.py took 0.250 seconds
[2025-01-14T17:52:05.938-0500] {processor.py:186} INFO - Started process (PID=43362) to work on /usr/local/lib/python3.10/site-packages/airflow/example_dags/example_short_circuit_operator.py
[2025-01-14T17:52:05.939-0500] {processor.py:914} INFO - Processing file /usr/local/lib/python3.10/site-packages/airflow/example_dags/example_short_circuit_operator.py for tasks to queue
[2025-01-14T17:52:05.940-0500] {logging_mixin.py:190} INFO - [2025-01-14T17:52:05.940-0500] {dagbag.py:588} INFO - Filling up the DagBag from /usr/local/lib/python3.10/site-packages/airflow/example_dags/example_short_circuit_operator.py
[2025-01-14T17:52:05.967-0500] {processor.py:925} INFO - DAG(s) 'example_short_circuit_operator' retrieved from /usr/local/lib/python3.10/site-packages/airflow/example_dags/example_short_circuit_operator.py
[2025-01-14T17:52:06.132-0500] {logging_mixin.py:190} INFO - [2025-01-14T17:52:06.132-0500] {dag.py:3239} INFO - Sync 1 DAGs
[2025-01-14T17:52:06.142-0500] {logging_mixin.py:190} INFO - [2025-01-14T17:52:06.142-0500] {dag.py:4180} INFO - Setting next_dagrun for example_short_circuit_operator to None, run_after=None
[2025-01-14T17:52:06.159-0500] {processor.py:208} INFO - Processing /usr/local/lib/python3.10/site-packages/airflow/example_dags/example_short_circuit_operator.py took 0.225 seconds
[2025-01-14T17:54:20.136-0500] {processor.py:186} INFO - Started process (PID=44898) to work on /usr/local/lib/python3.10/site-packages/airflow/example_dags/example_short_circuit_operator.py
[2025-01-14T17:54:20.138-0500] {processor.py:914} INFO - Processing file /usr/local/lib/python3.10/site-packages/airflow/example_dags/example_short_circuit_operator.py for tasks to queue
[2025-01-14T17:54:20.139-0500] {logging_mixin.py:190} INFO - [2025-01-14T17:54:20.139-0500] {dagbag.py:588} INFO - Filling up the DagBag from /usr/local/lib/python3.10/site-packages/airflow/example_dags/example_short_circuit_operator.py
[2025-01-14T17:54:20.164-0500] {processor.py:925} INFO - DAG(s) 'example_short_circuit_operator' retrieved from /usr/local/lib/python3.10/site-packages/airflow/example_dags/example_short_circuit_operator.py
[2025-01-14T17:54:20.319-0500] {logging_mixin.py:190} INFO - [2025-01-14T17:54:20.319-0500] {dag.py:3239} INFO - Sync 1 DAGs
[2025-01-14T17:54:20.329-0500] {logging_mixin.py:190} INFO - [2025-01-14T17:54:20.329-0500] {dag.py:4180} INFO - Setting next_dagrun for example_short_circuit_operator to None, run_after=None
[2025-01-14T17:54:20.344-0500] {processor.py:208} INFO - Processing /usr/local/lib/python3.10/site-packages/airflow/example_dags/example_short_circuit_operator.py took 0.213 seconds
[2025-01-14T17:56:41.536-0500] {processor.py:186} INFO - Started process (PID=46606) to work on /usr/local/lib/python3.10/site-packages/airflow/example_dags/example_short_circuit_operator.py
[2025-01-14T17:56:41.538-0500] {processor.py:914} INFO - Processing file /usr/local/lib/python3.10/site-packages/airflow/example_dags/example_short_circuit_operator.py for tasks to queue
[2025-01-14T17:56:41.539-0500] {logging_mixin.py:190} INFO - [2025-01-14T17:56:41.539-0500] {dagbag.py:588} INFO - Filling up the DagBag from /usr/local/lib/python3.10/site-packages/airflow/example_dags/example_short_circuit_operator.py
[2025-01-14T17:56:41.568-0500] {processor.py:925} INFO - DAG(s) 'example_short_circuit_operator' retrieved from /usr/local/lib/python3.10/site-packages/airflow/example_dags/example_short_circuit_operator.py
[2025-01-14T17:56:41.740-0500] {logging_mixin.py:190} INFO - [2025-01-14T17:56:41.739-0500] {dag.py:3239} INFO - Sync 1 DAGs
[2025-01-14T17:56:41.750-0500] {logging_mixin.py:190} INFO - [2025-01-14T17:56:41.750-0500] {dag.py:4180} INFO - Setting next_dagrun for example_short_circuit_operator to None, run_after=None
[2025-01-14T17:56:41.768-0500] {processor.py:208} INFO - Processing /usr/local/lib/python3.10/site-packages/airflow/example_dags/example_short_circuit_operator.py took 0.236 seconds
[2025-01-14T17:58:58.955-0500] {processor.py:186} INFO - Started process (PID=48161) to work on /usr/local/lib/python3.10/site-packages/airflow/example_dags/example_short_circuit_operator.py
[2025-01-14T17:58:58.956-0500] {processor.py:914} INFO - Processing file /usr/local/lib/python3.10/site-packages/airflow/example_dags/example_short_circuit_operator.py for tasks to queue
[2025-01-14T17:58:58.958-0500] {logging_mixin.py:190} INFO - [2025-01-14T17:58:58.957-0500] {dagbag.py:588} INFO - Filling up the DagBag from /usr/local/lib/python3.10/site-packages/airflow/example_dags/example_short_circuit_operator.py
[2025-01-14T17:58:58.984-0500] {processor.py:925} INFO - DAG(s) 'example_short_circuit_operator' retrieved from /usr/local/lib/python3.10/site-packages/airflow/example_dags/example_short_circuit_operator.py
[2025-01-14T17:58:59.150-0500] {logging_mixin.py:190} INFO - [2025-01-14T17:58:59.150-0500] {dag.py:3239} INFO - Sync 1 DAGs
[2025-01-14T17:58:59.162-0500] {logging_mixin.py:190} INFO - [2025-01-14T17:58:59.162-0500] {dag.py:4180} INFO - Setting next_dagrun for example_short_circuit_operator to None, run_after=None
[2025-01-14T17:58:59.180-0500] {processor.py:208} INFO - Processing /usr/local/lib/python3.10/site-packages/airflow/example_dags/example_short_circuit_operator.py took 0.230 seconds
[2025-01-14T18:01:19.150-0500] {processor.py:186} INFO - Started process (PID=49809) to work on /usr/local/lib/python3.10/site-packages/airflow/example_dags/example_short_circuit_operator.py
[2025-01-14T18:01:19.152-0500] {processor.py:914} INFO - Processing file /usr/local/lib/python3.10/site-packages/airflow/example_dags/example_short_circuit_operator.py for tasks to queue
[2025-01-14T18:01:19.153-0500] {logging_mixin.py:190} INFO - [2025-01-14T18:01:19.153-0500] {dagbag.py:588} INFO - Filling up the DagBag from /usr/local/lib/python3.10/site-packages/airflow/example_dags/example_short_circuit_operator.py
[2025-01-14T18:01:19.181-0500] {processor.py:925} INFO - DAG(s) 'example_short_circuit_operator' retrieved from /usr/local/lib/python3.10/site-packages/airflow/example_dags/example_short_circuit_operator.py
[2025-01-14T18:01:19.342-0500] {logging_mixin.py:190} INFO - [2025-01-14T18:01:19.341-0500] {dag.py:3239} INFO - Sync 1 DAGs
[2025-01-14T18:01:19.351-0500] {logging_mixin.py:190} INFO - [2025-01-14T18:01:19.351-0500] {dag.py:4180} INFO - Setting next_dagrun for example_short_circuit_operator to None, run_after=None
[2025-01-14T18:01:19.368-0500] {processor.py:208} INFO - Processing /usr/local/lib/python3.10/site-packages/airflow/example_dags/example_short_circuit_operator.py took 0.222 seconds
[2025-01-14T18:03:37.316-0500] {processor.py:186} INFO - Started process (PID=51341) to work on /usr/local/lib/python3.10/site-packages/airflow/example_dags/example_short_circuit_operator.py
[2025-01-14T18:03:37.318-0500] {processor.py:914} INFO - Processing file /usr/local/lib/python3.10/site-packages/airflow/example_dags/example_short_circuit_operator.py for tasks to queue
[2025-01-14T18:03:37.319-0500] {logging_mixin.py:190} INFO - [2025-01-14T18:03:37.318-0500] {dagbag.py:588} INFO - Filling up the DagBag from /usr/local/lib/python3.10/site-packages/airflow/example_dags/example_short_circuit_operator.py
[2025-01-14T18:03:37.345-0500] {processor.py:925} INFO - DAG(s) 'example_short_circuit_operator' retrieved from /usr/local/lib/python3.10/site-packages/airflow/example_dags/example_short_circuit_operator.py
[2025-01-14T18:03:37.518-0500] {logging_mixin.py:190} INFO - [2025-01-14T18:03:37.518-0500] {dag.py:3239} INFO - Sync 1 DAGs
[2025-01-14T18:03:37.530-0500] {logging_mixin.py:190} INFO - [2025-01-14T18:03:37.530-0500] {dag.py:4180} INFO - Setting next_dagrun for example_short_circuit_operator to None, run_after=None
[2025-01-14T18:03:37.550-0500] {processor.py:208} INFO - Processing /usr/local/lib/python3.10/site-packages/airflow/example_dags/example_short_circuit_operator.py took 0.238 seconds
[2025-01-14T18:05:59.246-0500] {processor.py:186} INFO - Started process (PID=53015) to work on /usr/local/lib/python3.10/site-packages/airflow/example_dags/example_short_circuit_operator.py
[2025-01-14T18:05:59.248-0500] {processor.py:914} INFO - Processing file /usr/local/lib/python3.10/site-packages/airflow/example_dags/example_short_circuit_operator.py for tasks to queue
[2025-01-14T18:05:59.249-0500] {logging_mixin.py:190} INFO - [2025-01-14T18:05:59.249-0500] {dagbag.py:588} INFO - Filling up the DagBag from /usr/local/lib/python3.10/site-packages/airflow/example_dags/example_short_circuit_operator.py
[2025-01-14T18:05:59.278-0500] {processor.py:925} INFO - DAG(s) 'example_short_circuit_operator' retrieved from /usr/local/lib/python3.10/site-packages/airflow/example_dags/example_short_circuit_operator.py
[2025-01-14T18:05:59.452-0500] {logging_mixin.py:190} INFO - [2025-01-14T18:05:59.451-0500] {dag.py:3239} INFO - Sync 1 DAGs
[2025-01-14T18:05:59.463-0500] {logging_mixin.py:190} INFO - [2025-01-14T18:05:59.463-0500] {dag.py:4180} INFO - Setting next_dagrun for example_short_circuit_operator to None, run_after=None
[2025-01-14T18:05:59.483-0500] {processor.py:208} INFO - Processing /usr/local/lib/python3.10/site-packages/airflow/example_dags/example_short_circuit_operator.py took 0.242 seconds
[2025-01-14T18:08:13.891-0500] {processor.py:186} INFO - Started process (PID=54544) to work on /usr/local/lib/python3.10/site-packages/airflow/example_dags/example_short_circuit_operator.py
[2025-01-14T18:08:13.893-0500] {processor.py:914} INFO - Processing file /usr/local/lib/python3.10/site-packages/airflow/example_dags/example_short_circuit_operator.py for tasks to queue
[2025-01-14T18:08:13.894-0500] {logging_mixin.py:190} INFO - [2025-01-14T18:08:13.894-0500] {dagbag.py:588} INFO - Filling up the DagBag from /usr/local/lib/python3.10/site-packages/airflow/example_dags/example_short_circuit_operator.py
[2025-01-14T18:08:13.922-0500] {processor.py:925} INFO - DAG(s) 'example_short_circuit_operator' retrieved from /usr/local/lib/python3.10/site-packages/airflow/example_dags/example_short_circuit_operator.py
[2025-01-14T18:08:14.083-0500] {logging_mixin.py:190} INFO - [2025-01-14T18:08:14.083-0500] {dag.py:3239} INFO - Sync 1 DAGs
[2025-01-14T18:08:14.093-0500] {logging_mixin.py:190} INFO - [2025-01-14T18:08:14.093-0500] {dag.py:4180} INFO - Setting next_dagrun for example_short_circuit_operator to None, run_after=None
[2025-01-14T18:08:14.110-0500] {processor.py:208} INFO - Processing /usr/local/lib/python3.10/site-packages/airflow/example_dags/example_short_circuit_operator.py took 0.223 seconds
[2025-01-14T18:10:26.683-0500] {processor.py:186} INFO - Started process (PID=56063) to work on /usr/local/lib/python3.10/site-packages/airflow/example_dags/example_short_circuit_operator.py
[2025-01-14T18:10:26.685-0500] {processor.py:914} INFO - Processing file /usr/local/lib/python3.10/site-packages/airflow/example_dags/example_short_circuit_operator.py for tasks to queue
[2025-01-14T18:10:26.686-0500] {logging_mixin.py:190} INFO - [2025-01-14T18:10:26.685-0500] {dagbag.py:588} INFO - Filling up the DagBag from /usr/local/lib/python3.10/site-packages/airflow/example_dags/example_short_circuit_operator.py
[2025-01-14T18:10:26.712-0500] {processor.py:925} INFO - DAG(s) 'example_short_circuit_operator' retrieved from /usr/local/lib/python3.10/site-packages/airflow/example_dags/example_short_circuit_operator.py
[2025-01-14T18:10:26.883-0500] {logging_mixin.py:190} INFO - [2025-01-14T18:10:26.882-0500] {dag.py:3239} INFO - Sync 1 DAGs
[2025-01-14T18:10:26.893-0500] {logging_mixin.py:190} INFO - [2025-01-14T18:10:26.893-0500] {dag.py:4180} INFO - Setting next_dagrun for example_short_circuit_operator to None, run_after=None
[2025-01-14T18:10:26.910-0500] {processor.py:208} INFO - Processing /usr/local/lib/python3.10/site-packages/airflow/example_dags/example_short_circuit_operator.py took 0.230 seconds
[2025-01-14T18:12:42.215-0500] {processor.py:186} INFO - Started process (PID=57595) to work on /usr/local/lib/python3.10/site-packages/airflow/example_dags/example_short_circuit_operator.py
[2025-01-14T18:12:42.216-0500] {processor.py:914} INFO - Processing file /usr/local/lib/python3.10/site-packages/airflow/example_dags/example_short_circuit_operator.py for tasks to queue
[2025-01-14T18:12:42.217-0500] {logging_mixin.py:190} INFO - [2025-01-14T18:12:42.217-0500] {dagbag.py:588} INFO - Filling up the DagBag from /usr/local/lib/python3.10/site-packages/airflow/example_dags/example_short_circuit_operator.py
[2025-01-14T18:12:42.246-0500] {processor.py:925} INFO - DAG(s) 'example_short_circuit_operator' retrieved from /usr/local/lib/python3.10/site-packages/airflow/example_dags/example_short_circuit_operator.py
[2025-01-14T18:12:42.409-0500] {logging_mixin.py:190} INFO - [2025-01-14T18:12:42.409-0500] {dag.py:3239} INFO - Sync 1 DAGs
[2025-01-14T18:12:42.419-0500] {logging_mixin.py:190} INFO - [2025-01-14T18:12:42.419-0500] {dag.py:4180} INFO - Setting next_dagrun for example_short_circuit_operator to None, run_after=None
[2025-01-14T18:12:42.436-0500] {processor.py:208} INFO - Processing /usr/local/lib/python3.10/site-packages/airflow/example_dags/example_short_circuit_operator.py took 0.226 seconds
[2025-01-14T18:14:55.896-0500] {processor.py:186} INFO - Started process (PID=59104) to work on /usr/local/lib/python3.10/site-packages/airflow/example_dags/example_short_circuit_operator.py
[2025-01-14T18:14:55.898-0500] {processor.py:914} INFO - Processing file /usr/local/lib/python3.10/site-packages/airflow/example_dags/example_short_circuit_operator.py for tasks to queue
[2025-01-14T18:14:55.899-0500] {logging_mixin.py:190} INFO - [2025-01-14T18:14:55.899-0500] {dagbag.py:588} INFO - Filling up the DagBag from /usr/local/lib/python3.10/site-packages/airflow/example_dags/example_short_circuit_operator.py
[2025-01-14T18:14:55.924-0500] {processor.py:925} INFO - DAG(s) 'example_short_circuit_operator' retrieved from /usr/local/lib/python3.10/site-packages/airflow/example_dags/example_short_circuit_operator.py
[2025-01-14T18:14:56.084-0500] {logging_mixin.py:190} INFO - [2025-01-14T18:14:56.083-0500] {dag.py:3239} INFO - Sync 1 DAGs
[2025-01-14T18:14:56.093-0500] {logging_mixin.py:190} INFO - [2025-01-14T18:14:56.093-0500] {dag.py:4180} INFO - Setting next_dagrun for example_short_circuit_operator to None, run_after=None
[2025-01-14T18:14:56.111-0500] {processor.py:208} INFO - Processing /usr/local/lib/python3.10/site-packages/airflow/example_dags/example_short_circuit_operator.py took 0.219 seconds
[2025-01-14T18:17:11.174-0500] {processor.py:186} INFO - Started process (PID=60751) to work on /usr/local/lib/python3.10/site-packages/airflow/example_dags/example_short_circuit_operator.py
[2025-01-14T18:17:11.176-0500] {processor.py:914} INFO - Processing file /usr/local/lib/python3.10/site-packages/airflow/example_dags/example_short_circuit_operator.py for tasks to queue
[2025-01-14T18:17:11.177-0500] {logging_mixin.py:190} INFO - [2025-01-14T18:17:11.177-0500] {dagbag.py:588} INFO - Filling up the DagBag from /usr/local/lib/python3.10/site-packages/airflow/example_dags/example_short_circuit_operator.py
[2025-01-14T18:17:11.204-0500] {processor.py:925} INFO - DAG(s) 'example_short_circuit_operator' retrieved from /usr/local/lib/python3.10/site-packages/airflow/example_dags/example_short_circuit_operator.py
[2025-01-14T18:17:11.364-0500] {logging_mixin.py:190} INFO - [2025-01-14T18:17:11.364-0500] {dag.py:3239} INFO - Sync 1 DAGs
[2025-01-14T18:17:11.374-0500] {logging_mixin.py:190} INFO - [2025-01-14T18:17:11.374-0500] {dag.py:4180} INFO - Setting next_dagrun for example_short_circuit_operator to None, run_after=None
[2025-01-14T18:17:11.390-0500] {processor.py:208} INFO - Processing /usr/local/lib/python3.10/site-packages/airflow/example_dags/example_short_circuit_operator.py took 0.220 seconds
[2025-01-14T18:19:20.772-0500] {processor.py:186} INFO - Started process (PID=62159) to work on /usr/local/lib/python3.10/site-packages/airflow/example_dags/example_short_circuit_operator.py
[2025-01-14T18:19:20.773-0500] {processor.py:914} INFO - Processing file /usr/local/lib/python3.10/site-packages/airflow/example_dags/example_short_circuit_operator.py for tasks to queue
[2025-01-14T18:19:20.774-0500] {logging_mixin.py:190} INFO - [2025-01-14T18:19:20.774-0500] {dagbag.py:588} INFO - Filling up the DagBag from /usr/local/lib/python3.10/site-packages/airflow/example_dags/example_short_circuit_operator.py
[2025-01-14T18:19:20.799-0500] {processor.py:925} INFO - DAG(s) 'example_short_circuit_operator' retrieved from /usr/local/lib/python3.10/site-packages/airflow/example_dags/example_short_circuit_operator.py
[2025-01-14T18:19:20.955-0500] {logging_mixin.py:190} INFO - [2025-01-14T18:19:20.955-0500] {dag.py:3239} INFO - Sync 1 DAGs
[2025-01-14T18:19:20.965-0500] {logging_mixin.py:190} INFO - [2025-01-14T18:19:20.965-0500] {dag.py:4180} INFO - Setting next_dagrun for example_short_circuit_operator to None, run_after=None
[2025-01-14T18:19:20.981-0500] {processor.py:208} INFO - Processing /usr/local/lib/python3.10/site-packages/airflow/example_dags/example_short_circuit_operator.py took 0.213 seconds
[2025-01-14T18:21:33.252-0500] {processor.py:186} INFO - Started process (PID=63712) to work on /usr/local/lib/python3.10/site-packages/airflow/example_dags/example_short_circuit_operator.py
[2025-01-14T18:21:33.254-0500] {processor.py:914} INFO - Processing file /usr/local/lib/python3.10/site-packages/airflow/example_dags/example_short_circuit_operator.py for tasks to queue
[2025-01-14T18:21:33.255-0500] {logging_mixin.py:190} INFO - [2025-01-14T18:21:33.255-0500] {dagbag.py:588} INFO - Filling up the DagBag from /usr/local/lib/python3.10/site-packages/airflow/example_dags/example_short_circuit_operator.py
[2025-01-14T18:21:33.281-0500] {processor.py:925} INFO - DAG(s) 'example_short_circuit_operator' retrieved from /usr/local/lib/python3.10/site-packages/airflow/example_dags/example_short_circuit_operator.py
[2025-01-14T18:21:33.442-0500] {logging_mixin.py:190} INFO - [2025-01-14T18:21:33.442-0500] {dag.py:3239} INFO - Sync 1 DAGs
[2025-01-14T18:21:33.452-0500] {logging_mixin.py:190} INFO - [2025-01-14T18:21:33.451-0500] {dag.py:4180} INFO - Setting next_dagrun for example_short_circuit_operator to None, run_after=None
[2025-01-14T18:21:33.467-0500] {processor.py:208} INFO - Processing /usr/local/lib/python3.10/site-packages/airflow/example_dags/example_short_circuit_operator.py took 0.219 seconds
[2025-01-14T18:45:20.853-0500] {processor.py:186} INFO - Started process (PID=65713) to work on /usr/local/lib/python3.10/site-packages/airflow/example_dags/example_short_circuit_operator.py
[2025-01-14T18:45:20.855-0500] {processor.py:914} INFO - Processing file /usr/local/lib/python3.10/site-packages/airflow/example_dags/example_short_circuit_operator.py for tasks to queue
[2025-01-14T18:45:20.856-0500] {logging_mixin.py:190} INFO - [2025-01-14T18:45:20.856-0500] {dagbag.py:588} INFO - Filling up the DagBag from /usr/local/lib/python3.10/site-packages/airflow/example_dags/example_short_circuit_operator.py
[2025-01-14T18:45:20.890-0500] {processor.py:925} INFO - DAG(s) 'example_short_circuit_operator' retrieved from /usr/local/lib/python3.10/site-packages/airflow/example_dags/example_short_circuit_operator.py
[2025-01-14T18:45:21.087-0500] {logging_mixin.py:190} INFO - [2025-01-14T18:45:21.087-0500] {dag.py:3239} INFO - Sync 1 DAGs
[2025-01-14T18:45:21.099-0500] {logging_mixin.py:190} INFO - [2025-01-14T18:45:21.099-0500] {dag.py:4180} INFO - Setting next_dagrun for example_short_circuit_operator to None, run_after=None
[2025-01-14T18:45:21.119-0500] {processor.py:208} INFO - Processing /usr/local/lib/python3.10/site-packages/airflow/example_dags/example_short_circuit_operator.py took 0.271 seconds
[2025-01-14T18:47:53.528-0500] {processor.py:186} INFO - Started process (PID=67515) to work on /usr/local/lib/python3.10/site-packages/airflow/example_dags/example_short_circuit_operator.py
[2025-01-14T18:47:53.530-0500] {processor.py:914} INFO - Processing file /usr/local/lib/python3.10/site-packages/airflow/example_dags/example_short_circuit_operator.py for tasks to queue
[2025-01-14T18:47:53.531-0500] {logging_mixin.py:190} INFO - [2025-01-14T18:47:53.531-0500] {dagbag.py:588} INFO - Filling up the DagBag from /usr/local/lib/python3.10/site-packages/airflow/example_dags/example_short_circuit_operator.py
[2025-01-14T18:47:53.558-0500] {processor.py:925} INFO - DAG(s) 'example_short_circuit_operator' retrieved from /usr/local/lib/python3.10/site-packages/airflow/example_dags/example_short_circuit_operator.py
[2025-01-14T18:47:53.717-0500] {logging_mixin.py:190} INFO - [2025-01-14T18:47:53.717-0500] {dag.py:3239} INFO - Sync 1 DAGs
[2025-01-14T18:47:53.727-0500] {logging_mixin.py:190} INFO - [2025-01-14T18:47:53.727-0500] {dag.py:4180} INFO - Setting next_dagrun for example_short_circuit_operator to None, run_after=None
[2025-01-14T18:47:53.744-0500] {processor.py:208} INFO - Processing /usr/local/lib/python3.10/site-packages/airflow/example_dags/example_short_circuit_operator.py took 0.220 seconds
[2025-01-14T18:50:13.932-0500] {processor.py:186} INFO - Started process (PID=69206) to work on /usr/local/lib/python3.10/site-packages/airflow/example_dags/example_short_circuit_operator.py
[2025-01-14T18:50:13.933-0500] {processor.py:914} INFO - Processing file /usr/local/lib/python3.10/site-packages/airflow/example_dags/example_short_circuit_operator.py for tasks to queue
[2025-01-14T18:50:13.935-0500] {logging_mixin.py:190} INFO - [2025-01-14T18:50:13.934-0500] {dagbag.py:588} INFO - Filling up the DagBag from /usr/local/lib/python3.10/site-packages/airflow/example_dags/example_short_circuit_operator.py
[2025-01-14T18:50:13.959-0500] {processor.py:925} INFO - DAG(s) 'example_short_circuit_operator' retrieved from /usr/local/lib/python3.10/site-packages/airflow/example_dags/example_short_circuit_operator.py
[2025-01-14T18:50:14.117-0500] {logging_mixin.py:190} INFO - [2025-01-14T18:50:14.116-0500] {dag.py:3239} INFO - Sync 1 DAGs
[2025-01-14T18:50:14.126-0500] {logging_mixin.py:190} INFO - [2025-01-14T18:50:14.126-0500] {dag.py:4180} INFO - Setting next_dagrun for example_short_circuit_operator to None, run_after=None
[2025-01-14T18:50:14.143-0500] {processor.py:208} INFO - Processing /usr/local/lib/python3.10/site-packages/airflow/example_dags/example_short_circuit_operator.py took 0.214 seconds
[2025-01-14T18:52:32.131-0500] {processor.py:186} INFO - Started process (PID=70727) to work on /usr/local/lib/python3.10/site-packages/airflow/example_dags/example_short_circuit_operator.py
[2025-01-14T18:52:32.133-0500] {processor.py:914} INFO - Processing file /usr/local/lib/python3.10/site-packages/airflow/example_dags/example_short_circuit_operator.py for tasks to queue
[2025-01-14T18:52:32.134-0500] {logging_mixin.py:190} INFO - [2025-01-14T18:52:32.134-0500] {dagbag.py:588} INFO - Filling up the DagBag from /usr/local/lib/python3.10/site-packages/airflow/example_dags/example_short_circuit_operator.py
[2025-01-14T18:52:32.161-0500] {processor.py:925} INFO - DAG(s) 'example_short_circuit_operator' retrieved from /usr/local/lib/python3.10/site-packages/airflow/example_dags/example_short_circuit_operator.py
[2025-01-14T18:52:32.321-0500] {logging_mixin.py:190} INFO - [2025-01-14T18:52:32.320-0500] {dag.py:3239} INFO - Sync 1 DAGs
[2025-01-14T18:52:32.331-0500] {logging_mixin.py:190} INFO - [2025-01-14T18:52:32.330-0500] {dag.py:4180} INFO - Setting next_dagrun for example_short_circuit_operator to None, run_after=None
[2025-01-14T18:52:32.347-0500] {processor.py:208} INFO - Processing /usr/local/lib/python3.10/site-packages/airflow/example_dags/example_short_circuit_operator.py took 0.219 seconds
[2025-01-14T18:54:48.718-0500] {processor.py:186} INFO - Started process (PID=72247) to work on /usr/local/lib/python3.10/site-packages/airflow/example_dags/example_short_circuit_operator.py
[2025-01-14T18:54:48.720-0500] {processor.py:914} INFO - Processing file /usr/local/lib/python3.10/site-packages/airflow/example_dags/example_short_circuit_operator.py for tasks to queue
[2025-01-14T18:54:48.721-0500] {logging_mixin.py:190} INFO - [2025-01-14T18:54:48.721-0500] {dagbag.py:588} INFO - Filling up the DagBag from /usr/local/lib/python3.10/site-packages/airflow/example_dags/example_short_circuit_operator.py
[2025-01-14T18:54:48.747-0500] {processor.py:925} INFO - DAG(s) 'example_short_circuit_operator' retrieved from /usr/local/lib/python3.10/site-packages/airflow/example_dags/example_short_circuit_operator.py
[2025-01-14T18:54:48.908-0500] {logging_mixin.py:190} INFO - [2025-01-14T18:54:48.908-0500] {dag.py:3239} INFO - Sync 1 DAGs
[2025-01-14T18:54:48.918-0500] {logging_mixin.py:190} INFO - [2025-01-14T18:54:48.918-0500] {dag.py:4180} INFO - Setting next_dagrun for example_short_circuit_operator to None, run_after=None
[2025-01-14T18:54:48.934-0500] {processor.py:208} INFO - Processing /usr/local/lib/python3.10/site-packages/airflow/example_dags/example_short_circuit_operator.py took 0.221 seconds
[2025-01-14T18:57:07.163-0500] {processor.py:186} INFO - Started process (PID=73903) to work on /usr/local/lib/python3.10/site-packages/airflow/example_dags/example_short_circuit_operator.py
[2025-01-14T18:57:07.164-0500] {processor.py:914} INFO - Processing file /usr/local/lib/python3.10/site-packages/airflow/example_dags/example_short_circuit_operator.py for tasks to queue
[2025-01-14T18:57:07.165-0500] {logging_mixin.py:190} INFO - [2025-01-14T18:57:07.165-0500] {dagbag.py:588} INFO - Filling up the DagBag from /usr/local/lib/python3.10/site-packages/airflow/example_dags/example_short_circuit_operator.py
[2025-01-14T18:57:07.193-0500] {processor.py:925} INFO - DAG(s) 'example_short_circuit_operator' retrieved from /usr/local/lib/python3.10/site-packages/airflow/example_dags/example_short_circuit_operator.py
[2025-01-14T18:57:07.366-0500] {logging_mixin.py:190} INFO - [2025-01-14T18:57:07.366-0500] {dag.py:3239} INFO - Sync 1 DAGs
[2025-01-14T18:57:07.377-0500] {logging_mixin.py:190} INFO - [2025-01-14T18:57:07.377-0500] {dag.py:4180} INFO - Setting next_dagrun for example_short_circuit_operator to None, run_after=None
[2025-01-14T18:57:07.396-0500] {processor.py:208} INFO - Processing /usr/local/lib/python3.10/site-packages/airflow/example_dags/example_short_circuit_operator.py took 0.238 seconds
[2025-01-14T18:59:26.131-0500] {processor.py:186} INFO - Started process (PID=75573) to work on /usr/local/lib/python3.10/site-packages/airflow/example_dags/example_short_circuit_operator.py
[2025-01-14T18:59:26.132-0500] {processor.py:914} INFO - Processing file /usr/local/lib/python3.10/site-packages/airflow/example_dags/example_short_circuit_operator.py for tasks to queue
[2025-01-14T18:59:26.134-0500] {logging_mixin.py:190} INFO - [2025-01-14T18:59:26.133-0500] {dagbag.py:588} INFO - Filling up the DagBag from /usr/local/lib/python3.10/site-packages/airflow/example_dags/example_short_circuit_operator.py
[2025-01-14T18:59:26.162-0500] {processor.py:925} INFO - DAG(s) 'example_short_circuit_operator' retrieved from /usr/local/lib/python3.10/site-packages/airflow/example_dags/example_short_circuit_operator.py
[2025-01-14T18:59:26.326-0500] {logging_mixin.py:190} INFO - [2025-01-14T18:59:26.326-0500] {dag.py:3239} INFO - Sync 1 DAGs
[2025-01-14T18:59:26.336-0500] {logging_mixin.py:190} INFO - [2025-01-14T18:59:26.336-0500] {dag.py:4180} INFO - Setting next_dagrun for example_short_circuit_operator to None, run_after=None
[2025-01-14T18:59:26.354-0500] {processor.py:208} INFO - Processing /usr/local/lib/python3.10/site-packages/airflow/example_dags/example_short_circuit_operator.py took 0.228 seconds
