[2025-01-13T19:06:58.733-0500] {processor.py:186} INFO - Started process (PID=48958) to work on /usr/local/lib/python3.10/site-packages/airflow/example_dags/example_latest_only_with_trigger.py
[2025-01-13T19:06:58.734-0500] {processor.py:914} INFO - Processing file /usr/local/lib/python3.10/site-packages/airflow/example_dags/example_latest_only_with_trigger.py for tasks to queue
[2025-01-13T19:06:58.736-0500] {logging_mixin.py:190} INFO - [2025-01-13T19:06:58.735-0500] {dagbag.py:588} INFO - Filling up the DagBag from /usr/local/lib/python3.10/site-packages/airflow/example_dags/example_latest_only_with_trigger.py
[2025-01-13T19:06:58.746-0500] {processor.py:925} INFO - DAG(s) 'latest_only_with_trigger' retrieved from /usr/local/lib/python3.10/site-packages/airflow/example_dags/example_latest_only_with_trigger.py
[2025-01-13T19:06:58.903-0500] {logging_mixin.py:190} INFO - [2025-01-13T19:06:58.902-0500] {dag.py:3239} INFO - Sync 1 DAGs
[2025-01-13T19:06:58.919-0500] {logging_mixin.py:190} INFO - [2025-01-13T19:06:58.919-0500] {dag.py:4180} INFO - Setting next_dagrun for latest_only_with_trigger to 2025-01-13 20:00:00+00:00, run_after=2025-01-14 00:00:00+00:00
[2025-01-13T19:06:58.934-0500] {processor.py:208} INFO - Processing /usr/local/lib/python3.10/site-packages/airflow/example_dags/example_latest_only_with_trigger.py took 0.206 seconds
[2025-01-13T19:09:34.423-0500] {processor.py:186} INFO - Started process (PID=50720) to work on /usr/local/lib/python3.10/site-packages/airflow/example_dags/example_latest_only_with_trigger.py
[2025-01-13T19:09:34.424-0500] {processor.py:914} INFO - Processing file /usr/local/lib/python3.10/site-packages/airflow/example_dags/example_latest_only_with_trigger.py for tasks to queue
[2025-01-13T19:09:34.425-0500] {logging_mixin.py:190} INFO - [2025-01-13T19:09:34.425-0500] {dagbag.py:588} INFO - Filling up the DagBag from /usr/local/lib/python3.10/site-packages/airflow/example_dags/example_latest_only_with_trigger.py
[2025-01-13T19:09:34.434-0500] {processor.py:925} INFO - DAG(s) 'latest_only_with_trigger' retrieved from /usr/local/lib/python3.10/site-packages/airflow/example_dags/example_latest_only_with_trigger.py
[2025-01-13T19:09:34.593-0500] {logging_mixin.py:190} INFO - [2025-01-13T19:09:34.592-0500] {dag.py:3239} INFO - Sync 1 DAGs
[2025-01-13T19:09:34.608-0500] {logging_mixin.py:190} INFO - [2025-01-13T19:09:34.608-0500] {dag.py:4180} INFO - Setting next_dagrun for latest_only_with_trigger to 2025-01-13 20:00:00+00:00, run_after=2025-01-14 00:00:00+00:00
[2025-01-13T19:09:34.624-0500] {processor.py:208} INFO - Processing /usr/local/lib/python3.10/site-packages/airflow/example_dags/example_latest_only_with_trigger.py took 0.204 seconds
[2025-01-13T20:01:08.348-0500] {processor.py:186} INFO - Started process (PID=55298) to work on /usr/local/lib/python3.10/site-packages/airflow/example_dags/example_latest_only_with_trigger.py
[2025-01-13T20:01:08.350-0500] {processor.py:914} INFO - Processing file /usr/local/lib/python3.10/site-packages/airflow/example_dags/example_latest_only_with_trigger.py for tasks to queue
[2025-01-13T20:01:08.351-0500] {logging_mixin.py:190} INFO - [2025-01-13T20:01:08.351-0500] {dagbag.py:588} INFO - Filling up the DagBag from /usr/local/lib/python3.10/site-packages/airflow/example_dags/example_latest_only_with_trigger.py
[2025-01-13T20:01:08.363-0500] {processor.py:925} INFO - DAG(s) 'latest_only_with_trigger' retrieved from /usr/local/lib/python3.10/site-packages/airflow/example_dags/example_latest_only_with_trigger.py
[2025-01-13T20:01:08.547-0500] {logging_mixin.py:190} INFO - [2025-01-13T20:01:08.546-0500] {dag.py:3239} INFO - Sync 1 DAGs
[2025-01-13T20:01:08.567-0500] {logging_mixin.py:190} INFO - [2025-01-13T20:01:08.566-0500] {dag.py:4180} INFO - Setting next_dagrun for latest_only_with_trigger to 2025-01-13 20:00:00+00:00, run_after=2025-01-14 00:00:00+00:00
[2025-01-13T20:01:08.583-0500] {processor.py:208} INFO - Processing /usr/local/lib/python3.10/site-packages/airflow/example_dags/example_latest_only_with_trigger.py took 0.240 seconds
[2025-01-14T15:55:32.909-0500] {processor.py:186} INFO - Started process (PID=62539) to work on /usr/local/lib/python3.10/site-packages/airflow/example_dags/example_latest_only_with_trigger.py
[2025-01-14T15:55:32.912-0500] {processor.py:914} INFO - Processing file /usr/local/lib/python3.10/site-packages/airflow/example_dags/example_latest_only_with_trigger.py for tasks to queue
[2025-01-14T15:55:32.913-0500] {logging_mixin.py:190} INFO - [2025-01-14T15:55:32.913-0500] {dagbag.py:588} INFO - Filling up the DagBag from /usr/local/lib/python3.10/site-packages/airflow/example_dags/example_latest_only_with_trigger.py
[2025-01-14T15:55:32.924-0500] {processor.py:925} INFO - DAG(s) 'latest_only_with_trigger' retrieved from /usr/local/lib/python3.10/site-packages/airflow/example_dags/example_latest_only_with_trigger.py
[2025-01-14T15:55:33.095-0500] {logging_mixin.py:190} INFO - [2025-01-14T15:55:33.095-0500] {dag.py:3239} INFO - Sync 1 DAGs
[2025-01-14T15:55:33.114-0500] {logging_mixin.py:190} INFO - [2025-01-14T15:55:33.114-0500] {dag.py:4180} INFO - Setting next_dagrun for latest_only_with_trigger to 2025-01-14 16:00:00+00:00, run_after=2025-01-14 20:00:00+00:00
[2025-01-14T15:55:33.132-0500] {processor.py:208} INFO - Processing /usr/local/lib/python3.10/site-packages/airflow/example_dags/example_latest_only_with_trigger.py took 0.227 seconds
[2025-01-14T15:58:41.476-0500] {processor.py:186} INFO - Started process (PID=64813) to work on /usr/local/lib/python3.10/site-packages/airflow/example_dags/example_latest_only_with_trigger.py
[2025-01-14T15:58:41.477-0500] {processor.py:914} INFO - Processing file /usr/local/lib/python3.10/site-packages/airflow/example_dags/example_latest_only_with_trigger.py for tasks to queue
[2025-01-14T15:58:41.479-0500] {logging_mixin.py:190} INFO - [2025-01-14T15:58:41.478-0500] {dagbag.py:588} INFO - Filling up the DagBag from /usr/local/lib/python3.10/site-packages/airflow/example_dags/example_latest_only_with_trigger.py
[2025-01-14T15:58:41.490-0500] {processor.py:925} INFO - DAG(s) 'latest_only_with_trigger' retrieved from /usr/local/lib/python3.10/site-packages/airflow/example_dags/example_latest_only_with_trigger.py
[2025-01-14T15:58:41.660-0500] {logging_mixin.py:190} INFO - [2025-01-14T15:58:41.659-0500] {dag.py:3239} INFO - Sync 1 DAGs
[2025-01-14T15:58:41.679-0500] {logging_mixin.py:190} INFO - [2025-01-14T15:58:41.679-0500] {dag.py:4180} INFO - Setting next_dagrun for latest_only_with_trigger to 2025-01-14 16:00:00+00:00, run_after=2025-01-14 20:00:00+00:00
[2025-01-14T15:58:41.697-0500] {processor.py:208} INFO - Processing /usr/local/lib/python3.10/site-packages/airflow/example_dags/example_latest_only_with_trigger.py took 0.226 seconds
[2025-01-14T16:01:17.025-0500] {processor.py:186} INFO - Started process (PID=66675) to work on /usr/local/lib/python3.10/site-packages/airflow/example_dags/example_latest_only_with_trigger.py
[2025-01-14T16:01:17.027-0500] {processor.py:914} INFO - Processing file /usr/local/lib/python3.10/site-packages/airflow/example_dags/example_latest_only_with_trigger.py for tasks to queue
[2025-01-14T16:01:17.028-0500] {logging_mixin.py:190} INFO - [2025-01-14T16:01:17.028-0500] {dagbag.py:588} INFO - Filling up the DagBag from /usr/local/lib/python3.10/site-packages/airflow/example_dags/example_latest_only_with_trigger.py
[2025-01-14T16:01:17.038-0500] {processor.py:925} INFO - DAG(s) 'latest_only_with_trigger' retrieved from /usr/local/lib/python3.10/site-packages/airflow/example_dags/example_latest_only_with_trigger.py
[2025-01-14T16:01:17.213-0500] {logging_mixin.py:190} INFO - [2025-01-14T16:01:17.213-0500] {dag.py:3239} INFO - Sync 1 DAGs
[2025-01-14T16:01:17.231-0500] {logging_mixin.py:190} INFO - [2025-01-14T16:01:17.231-0500] {dag.py:4180} INFO - Setting next_dagrun for latest_only_with_trigger to 2025-01-14 16:00:00+00:00, run_after=2025-01-14 20:00:00+00:00
[2025-01-14T16:01:17.249-0500] {processor.py:208} INFO - Processing /usr/local/lib/python3.10/site-packages/airflow/example_dags/example_latest_only_with_trigger.py took 0.228 seconds
[2025-01-14T16:03:41.284-0500] {processor.py:186} INFO - Started process (PID=68414) to work on /usr/local/lib/python3.10/site-packages/airflow/example_dags/example_latest_only_with_trigger.py
[2025-01-14T16:03:41.285-0500] {processor.py:914} INFO - Processing file /usr/local/lib/python3.10/site-packages/airflow/example_dags/example_latest_only_with_trigger.py for tasks to queue
[2025-01-14T16:03:41.287-0500] {logging_mixin.py:190} INFO - [2025-01-14T16:03:41.286-0500] {dagbag.py:588} INFO - Filling up the DagBag from /usr/local/lib/python3.10/site-packages/airflow/example_dags/example_latest_only_with_trigger.py
[2025-01-14T16:03:41.298-0500] {processor.py:925} INFO - DAG(s) 'latest_only_with_trigger' retrieved from /usr/local/lib/python3.10/site-packages/airflow/example_dags/example_latest_only_with_trigger.py
[2025-01-14T16:03:41.483-0500] {logging_mixin.py:190} INFO - [2025-01-14T16:03:41.482-0500] {dag.py:3239} INFO - Sync 1 DAGs
[2025-01-14T16:03:41.504-0500] {logging_mixin.py:190} INFO - [2025-01-14T16:03:41.503-0500] {dag.py:4180} INFO - Setting next_dagrun for latest_only_with_trigger to 2025-01-14 16:00:00+00:00, run_after=2025-01-14 20:00:00+00:00
[2025-01-14T16:03:41.523-0500] {processor.py:208} INFO - Processing /usr/local/lib/python3.10/site-packages/airflow/example_dags/example_latest_only_with_trigger.py took 0.244 seconds
