[2025-01-13T19:07:11.996-0500] {processor.py:186} INFO - Started process (PID=49083) to work on /usr/local/lib/python3.10/site-packages/airflow/example_dags/example_dynamic_task_mapping_with_no_taskflow_operators.py
[2025-01-13T19:07:11.997-0500] {processor.py:914} INFO - Processing file /usr/local/lib/python3.10/site-packages/airflow/example_dags/example_dynamic_task_mapping_with_no_taskflow_operators.py for tasks to queue
[2025-01-13T19:07:11.998-0500] {logging_mixin.py:190} INFO - [2025-01-13T19:07:11.998-0500] {dagbag.py:588} INFO - Filling up the DagBag from /usr/local/lib/python3.10/site-packages/airflow/example_dags/example_dynamic_task_mapping_with_no_taskflow_operators.py
[2025-01-13T19:07:12.006-0500] {processor.py:925} INFO - DAG(s) 'example_dynamic_task_mapping_with_no_taskflow_operators' retrieved from /usr/local/lib/python3.10/site-packages/airflow/example_dags/example_dynamic_task_mapping_with_no_taskflow_operators.py
[2025-01-13T19:07:12.161-0500] {logging_mixin.py:190} INFO - [2025-01-13T19:07:12.161-0500] {dag.py:3239} INFO - Sync 1 DAGs
[2025-01-13T19:07:12.171-0500] {logging_mixin.py:190} INFO - [2025-01-13T19:07:12.171-0500] {dag.py:4180} INFO - Setting next_dagrun for example_dynamic_task_mapping_with_no_taskflow_operators to None, run_after=None
[2025-01-13T19:07:12.187-0500] {processor.py:208} INFO - Processing /usr/local/lib/python3.10/site-packages/airflow/example_dags/example_dynamic_task_mapping_with_no_taskflow_operators.py took 0.195 seconds
[2025-01-13T19:09:48.058-0500] {processor.py:186} INFO - Started process (PID=50839) to work on /usr/local/lib/python3.10/site-packages/airflow/example_dags/example_dynamic_task_mapping_with_no_taskflow_operators.py
[2025-01-13T19:09:48.059-0500] {processor.py:914} INFO - Processing file /usr/local/lib/python3.10/site-packages/airflow/example_dags/example_dynamic_task_mapping_with_no_taskflow_operators.py for tasks to queue
[2025-01-13T19:09:48.060-0500] {logging_mixin.py:190} INFO - [2025-01-13T19:09:48.060-0500] {dagbag.py:588} INFO - Filling up the DagBag from /usr/local/lib/python3.10/site-packages/airflow/example_dags/example_dynamic_task_mapping_with_no_taskflow_operators.py
[2025-01-13T19:09:48.069-0500] {processor.py:925} INFO - DAG(s) 'example_dynamic_task_mapping_with_no_taskflow_operators' retrieved from /usr/local/lib/python3.10/site-packages/airflow/example_dags/example_dynamic_task_mapping_with_no_taskflow_operators.py
[2025-01-13T19:09:48.220-0500] {logging_mixin.py:190} INFO - [2025-01-13T19:09:48.220-0500] {dag.py:3239} INFO - Sync 1 DAGs
[2025-01-13T19:09:48.230-0500] {logging_mixin.py:190} INFO - [2025-01-13T19:09:48.230-0500] {dag.py:4180} INFO - Setting next_dagrun for example_dynamic_task_mapping_with_no_taskflow_operators to None, run_after=None
[2025-01-13T19:09:48.245-0500] {processor.py:208} INFO - Processing /usr/local/lib/python3.10/site-packages/airflow/example_dags/example_dynamic_task_mapping_with_no_taskflow_operators.py took 0.192 seconds
[2025-01-13T20:01:22.270-0500] {processor.py:186} INFO - Started process (PID=55538) to work on /usr/local/lib/python3.10/site-packages/airflow/example_dags/example_dynamic_task_mapping_with_no_taskflow_operators.py
[2025-01-13T20:01:22.271-0500] {processor.py:914} INFO - Processing file /usr/local/lib/python3.10/site-packages/airflow/example_dags/example_dynamic_task_mapping_with_no_taskflow_operators.py for tasks to queue
[2025-01-13T20:01:22.273-0500] {logging_mixin.py:190} INFO - [2025-01-13T20:01:22.273-0500] {dagbag.py:588} INFO - Filling up the DagBag from /usr/local/lib/python3.10/site-packages/airflow/example_dags/example_dynamic_task_mapping_with_no_taskflow_operators.py
[2025-01-13T20:01:22.284-0500] {processor.py:925} INFO - DAG(s) 'example_dynamic_task_mapping_with_no_taskflow_operators' retrieved from /usr/local/lib/python3.10/site-packages/airflow/example_dags/example_dynamic_task_mapping_with_no_taskflow_operators.py
[2025-01-13T20:01:22.468-0500] {logging_mixin.py:190} INFO - [2025-01-13T20:01:22.467-0500] {dag.py:3239} INFO - Sync 1 DAGs
[2025-01-13T20:01:22.480-0500] {logging_mixin.py:190} INFO - [2025-01-13T20:01:22.480-0500] {dag.py:4180} INFO - Setting next_dagrun for example_dynamic_task_mapping_with_no_taskflow_operators to None, run_after=None
[2025-01-13T20:01:22.499-0500] {processor.py:208} INFO - Processing /usr/local/lib/python3.10/site-packages/airflow/example_dags/example_dynamic_task_mapping_with_no_taskflow_operators.py took 0.234 seconds
[2025-01-14T15:55:48.204-0500] {processor.py:186} INFO - Started process (PID=62660) to work on /usr/local/lib/python3.10/site-packages/airflow/example_dags/example_dynamic_task_mapping_with_no_taskflow_operators.py
[2025-01-14T15:55:48.206-0500] {processor.py:914} INFO - Processing file /usr/local/lib/python3.10/site-packages/airflow/example_dags/example_dynamic_task_mapping_with_no_taskflow_operators.py for tasks to queue
[2025-01-14T15:55:48.207-0500] {logging_mixin.py:190} INFO - [2025-01-14T15:55:48.207-0500] {dagbag.py:588} INFO - Filling up the DagBag from /usr/local/lib/python3.10/site-packages/airflow/example_dags/example_dynamic_task_mapping_with_no_taskflow_operators.py
[2025-01-14T15:55:48.217-0500] {processor.py:925} INFO - DAG(s) 'example_dynamic_task_mapping_with_no_taskflow_operators' retrieved from /usr/local/lib/python3.10/site-packages/airflow/example_dags/example_dynamic_task_mapping_with_no_taskflow_operators.py
[2025-01-14T15:55:48.401-0500] {logging_mixin.py:190} INFO - [2025-01-14T15:55:48.401-0500] {dag.py:3239} INFO - Sync 1 DAGs
[2025-01-14T15:55:48.413-0500] {logging_mixin.py:190} INFO - [2025-01-14T15:55:48.413-0500] {dag.py:4180} INFO - Setting next_dagrun for example_dynamic_task_mapping_with_no_taskflow_operators to None, run_after=None
[2025-01-14T15:55:48.430-0500] {processor.py:208} INFO - Processing /usr/local/lib/python3.10/site-packages/airflow/example_dags/example_dynamic_task_mapping_with_no_taskflow_operators.py took 0.232 seconds
