[2025-01-13T19:07:04.319-0500] {processor.py:186} INFO - Started process (PID=48969) to work on /usr/local/lib/python3.10/site-packages/airflow/example_dags/example_kubernetes_executor.py
[2025-01-13T19:07:04.320-0500] {processor.py:914} INFO - Processing file /usr/local/lib/python3.10/site-packages/airflow/example_dags/example_kubernetes_executor.py for tasks to queue
[2025-01-13T19:07:04.321-0500] {logging_mixin.py:190} INFO - [2025-01-13T19:07:04.321-0500] {dagbag.py:588} INFO - Filling up the DagBag from /usr/local/lib/python3.10/site-packages/airflow/example_dags/example_kubernetes_executor.py
[2025-01-13T19:07:04.352-0500] {logging_mixin.py:190} INFO - [2025-01-13T19:07:04.352-0500] {example_kubernetes_executor.py:39} WARNING - The example_kubernetes_executor example DAG requires the kubernetes provider. Please install it with: pip install apache-airflow[cncf.kubernetes]
[2025-01-13T19:07:04.352-0500] {processor.py:927} WARNING - No viable dags retrieved from /usr/local/lib/python3.10/site-packages/airflow/example_dags/example_kubernetes_executor.py
[2025-01-13T19:07:04.495-0500] {processor.py:208} INFO - Processing /usr/local/lib/python3.10/site-packages/airflow/example_dags/example_kubernetes_executor.py took 0.180 seconds
[2025-01-13T19:09:39.710-0500] {processor.py:186} INFO - Started process (PID=50725) to work on /usr/local/lib/python3.10/site-packages/airflow/example_dags/example_kubernetes_executor.py
[2025-01-13T19:09:39.711-0500] {processor.py:914} INFO - Processing file /usr/local/lib/python3.10/site-packages/airflow/example_dags/example_kubernetes_executor.py for tasks to queue
[2025-01-13T19:09:39.712-0500] {logging_mixin.py:190} INFO - [2025-01-13T19:09:39.712-0500] {dagbag.py:588} INFO - Filling up the DagBag from /usr/local/lib/python3.10/site-packages/airflow/example_dags/example_kubernetes_executor.py
[2025-01-13T19:09:39.743-0500] {logging_mixin.py:190} INFO - [2025-01-13T19:09:39.742-0500] {example_kubernetes_executor.py:39} WARNING - The example_kubernetes_executor example DAG requires the kubernetes provider. Please install it with: pip install apache-airflow[cncf.kubernetes]
[2025-01-13T19:09:39.743-0500] {processor.py:927} WARNING - No viable dags retrieved from /usr/local/lib/python3.10/site-packages/airflow/example_dags/example_kubernetes_executor.py
[2025-01-13T19:09:39.886-0500] {processor.py:208} INFO - Processing /usr/local/lib/python3.10/site-packages/airflow/example_dags/example_kubernetes_executor.py took 0.180 seconds
[2025-01-13T20:01:13.406-0500] {processor.py:186} INFO - Started process (PID=55408) to work on /usr/local/lib/python3.10/site-packages/airflow/example_dags/example_kubernetes_executor.py
[2025-01-13T20:01:13.407-0500] {processor.py:914} INFO - Processing file /usr/local/lib/python3.10/site-packages/airflow/example_dags/example_kubernetes_executor.py for tasks to queue
[2025-01-13T20:01:13.408-0500] {logging_mixin.py:190} INFO - [2025-01-13T20:01:13.408-0500] {dagbag.py:588} INFO - Filling up the DagBag from /usr/local/lib/python3.10/site-packages/airflow/example_dags/example_kubernetes_executor.py
[2025-01-13T20:01:13.440-0500] {logging_mixin.py:190} INFO - [2025-01-13T20:01:13.440-0500] {example_kubernetes_executor.py:39} WARNING - The example_kubernetes_executor example DAG requires the kubernetes provider. Please install it with: pip install apache-airflow[cncf.kubernetes]
[2025-01-13T20:01:13.441-0500] {processor.py:927} WARNING - No viable dags retrieved from /usr/local/lib/python3.10/site-packages/airflow/example_dags/example_kubernetes_executor.py
[2025-01-13T20:01:13.587-0500] {processor.py:208} INFO - Processing /usr/local/lib/python3.10/site-packages/airflow/example_dags/example_kubernetes_executor.py took 0.185 seconds
[2025-01-14T15:55:38.954-0500] {processor.py:186} INFO - Started process (PID=62546) to work on /usr/local/lib/python3.10/site-packages/airflow/example_dags/example_kubernetes_executor.py
[2025-01-14T15:55:38.956-0500] {processor.py:914} INFO - Processing file /usr/local/lib/python3.10/site-packages/airflow/example_dags/example_kubernetes_executor.py for tasks to queue
[2025-01-14T15:55:38.957-0500] {logging_mixin.py:190} INFO - [2025-01-14T15:55:38.957-0500] {dagbag.py:588} INFO - Filling up the DagBag from /usr/local/lib/python3.10/site-packages/airflow/example_dags/example_kubernetes_executor.py
[2025-01-14T15:55:38.992-0500] {logging_mixin.py:190} INFO - [2025-01-14T15:55:38.992-0500] {example_kubernetes_executor.py:39} WARNING - The example_kubernetes_executor example DAG requires the kubernetes provider. Please install it with: pip install apache-airflow[cncf.kubernetes]
[2025-01-14T15:55:38.992-0500] {processor.py:927} WARNING - No viable dags retrieved from /usr/local/lib/python3.10/site-packages/airflow/example_dags/example_kubernetes_executor.py
[2025-01-14T15:55:39.146-0500] {processor.py:208} INFO - Processing /usr/local/lib/python3.10/site-packages/airflow/example_dags/example_kubernetes_executor.py took 0.197 seconds
[2025-01-14T15:58:47.141-0500] {processor.py:186} INFO - Started process (PID=64934) to work on /usr/local/lib/python3.10/site-packages/airflow/example_dags/example_kubernetes_executor.py
[2025-01-14T15:58:47.143-0500] {processor.py:914} INFO - Processing file /usr/local/lib/python3.10/site-packages/airflow/example_dags/example_kubernetes_executor.py for tasks to queue
[2025-01-14T15:58:47.144-0500] {logging_mixin.py:190} INFO - [2025-01-14T15:58:47.144-0500] {dagbag.py:588} INFO - Filling up the DagBag from /usr/local/lib/python3.10/site-packages/airflow/example_dags/example_kubernetes_executor.py
[2025-01-14T15:58:47.179-0500] {logging_mixin.py:190} INFO - [2025-01-14T15:58:47.179-0500] {example_kubernetes_executor.py:39} WARNING - The example_kubernetes_executor example DAG requires the kubernetes provider. Please install it with: pip install apache-airflow[cncf.kubernetes]
[2025-01-14T15:58:47.179-0500] {processor.py:927} WARNING - No viable dags retrieved from /usr/local/lib/python3.10/site-packages/airflow/example_dags/example_kubernetes_executor.py
[2025-01-14T15:58:47.335-0500] {processor.py:208} INFO - Processing /usr/local/lib/python3.10/site-packages/airflow/example_dags/example_kubernetes_executor.py took 0.199 seconds
[2025-01-14T16:01:22.890-0500] {processor.py:186} INFO - Started process (PID=66796) to work on /usr/local/lib/python3.10/site-packages/airflow/example_dags/example_kubernetes_executor.py
[2025-01-14T16:01:22.892-0500] {processor.py:914} INFO - Processing file /usr/local/lib/python3.10/site-packages/airflow/example_dags/example_kubernetes_executor.py for tasks to queue
[2025-01-14T16:01:22.894-0500] {logging_mixin.py:190} INFO - [2025-01-14T16:01:22.893-0500] {dagbag.py:588} INFO - Filling up the DagBag from /usr/local/lib/python3.10/site-packages/airflow/example_dags/example_kubernetes_executor.py
[2025-01-14T16:01:22.927-0500] {logging_mixin.py:190} INFO - [2025-01-14T16:01:22.927-0500] {example_kubernetes_executor.py:39} WARNING - The example_kubernetes_executor example DAG requires the kubernetes provider. Please install it with: pip install apache-airflow[cncf.kubernetes]
[2025-01-14T16:01:22.928-0500] {processor.py:927} WARNING - No viable dags retrieved from /usr/local/lib/python3.10/site-packages/airflow/example_dags/example_kubernetes_executor.py
[2025-01-14T16:01:23.080-0500] {processor.py:208} INFO - Processing /usr/local/lib/python3.10/site-packages/airflow/example_dags/example_kubernetes_executor.py took 0.193 seconds
[2025-01-14T16:06:13.352-0500] {processor.py:186} INFO - Started process (PID=70335) to work on /usr/local/lib/python3.10/site-packages/airflow/example_dags/example_kubernetes_executor.py
[2025-01-14T16:06:13.354-0500] {processor.py:914} INFO - Processing file /usr/local/lib/python3.10/site-packages/airflow/example_dags/example_kubernetes_executor.py for tasks to queue
[2025-01-14T16:06:13.355-0500] {logging_mixin.py:190} INFO - [2025-01-14T16:06:13.355-0500] {dagbag.py:588} INFO - Filling up the DagBag from /usr/local/lib/python3.10/site-packages/airflow/example_dags/example_kubernetes_executor.py
[2025-01-14T16:06:13.393-0500] {logging_mixin.py:190} INFO - [2025-01-14T16:06:13.393-0500] {example_kubernetes_executor.py:39} WARNING - The example_kubernetes_executor example DAG requires the kubernetes provider. Please install it with: pip install apache-airflow[cncf.kubernetes]
[2025-01-14T16:06:13.393-0500] {processor.py:927} WARNING - No viable dags retrieved from /usr/local/lib/python3.10/site-packages/airflow/example_dags/example_kubernetes_executor.py
[2025-01-14T16:06:13.554-0500] {processor.py:208} INFO - Processing /usr/local/lib/python3.10/site-packages/airflow/example_dags/example_kubernetes_executor.py took 0.207 seconds
[2025-01-14T16:11:30.342-0500] {processor.py:186} INFO - Started process (PID=73541) to work on /usr/local/lib/python3.10/site-packages/airflow/example_dags/example_kubernetes_executor.py
[2025-01-14T16:11:30.344-0500] {processor.py:914} INFO - Processing file /usr/local/lib/python3.10/site-packages/airflow/example_dags/example_kubernetes_executor.py for tasks to queue
[2025-01-14T16:11:30.345-0500] {logging_mixin.py:190} INFO - [2025-01-14T16:11:30.345-0500] {dagbag.py:588} INFO - Filling up the DagBag from /usr/local/lib/python3.10/site-packages/airflow/example_dags/example_kubernetes_executor.py
[2025-01-14T16:11:30.378-0500] {logging_mixin.py:190} INFO - [2025-01-14T16:11:30.378-0500] {example_kubernetes_executor.py:39} WARNING - The example_kubernetes_executor example DAG requires the kubernetes provider. Please install it with: pip install apache-airflow[cncf.kubernetes]
[2025-01-14T16:11:30.379-0500] {processor.py:927} WARNING - No viable dags retrieved from /usr/local/lib/python3.10/site-packages/airflow/example_dags/example_kubernetes_executor.py
[2025-01-14T16:11:30.524-0500] {processor.py:208} INFO - Processing /usr/local/lib/python3.10/site-packages/airflow/example_dags/example_kubernetes_executor.py took 0.186 seconds
[2025-01-14T16:16:02.303-0500] {processor.py:186} INFO - Started process (PID=76629) to work on /usr/local/lib/python3.10/site-packages/airflow/example_dags/example_kubernetes_executor.py
[2025-01-14T16:16:02.305-0500] {processor.py:914} INFO - Processing file /usr/local/lib/python3.10/site-packages/airflow/example_dags/example_kubernetes_executor.py for tasks to queue
[2025-01-14T16:16:02.306-0500] {logging_mixin.py:190} INFO - [2025-01-14T16:16:02.306-0500] {dagbag.py:588} INFO - Filling up the DagBag from /usr/local/lib/python3.10/site-packages/airflow/example_dags/example_kubernetes_executor.py
[2025-01-14T16:16:02.341-0500] {logging_mixin.py:190} INFO - [2025-01-14T16:16:02.340-0500] {example_kubernetes_executor.py:39} WARNING - The example_kubernetes_executor example DAG requires the kubernetes provider. Please install it with: pip install apache-airflow[cncf.kubernetes]
[2025-01-14T16:16:02.341-0500] {processor.py:927} WARNING - No viable dags retrieved from /usr/local/lib/python3.10/site-packages/airflow/example_dags/example_kubernetes_executor.py
[2025-01-14T16:16:02.491-0500] {processor.py:208} INFO - Processing /usr/local/lib/python3.10/site-packages/airflow/example_dags/example_kubernetes_executor.py took 0.192 seconds
[2025-01-14T16:20:45.608-0500] {processor.py:186} INFO - Started process (PID=79898) to work on /usr/local/lib/python3.10/site-packages/airflow/example_dags/example_kubernetes_executor.py
[2025-01-14T16:20:45.610-0500] {processor.py:914} INFO - Processing file /usr/local/lib/python3.10/site-packages/airflow/example_dags/example_kubernetes_executor.py for tasks to queue
[2025-01-14T16:20:45.611-0500] {logging_mixin.py:190} INFO - [2025-01-14T16:20:45.611-0500] {dagbag.py:588} INFO - Filling up the DagBag from /usr/local/lib/python3.10/site-packages/airflow/example_dags/example_kubernetes_executor.py
[2025-01-14T16:20:45.646-0500] {logging_mixin.py:190} INFO - [2025-01-14T16:20:45.646-0500] {example_kubernetes_executor.py:39} WARNING - The example_kubernetes_executor example DAG requires the kubernetes provider. Please install it with: pip install apache-airflow[cncf.kubernetes]
[2025-01-14T16:20:45.646-0500] {processor.py:927} WARNING - No viable dags retrieved from /usr/local/lib/python3.10/site-packages/airflow/example_dags/example_kubernetes_executor.py
[2025-01-14T16:20:45.797-0500] {processor.py:208} INFO - Processing /usr/local/lib/python3.10/site-packages/airflow/example_dags/example_kubernetes_executor.py took 0.193 seconds
[2025-01-14T16:25:06.585-0500] {processor.py:186} INFO - Started process (PID=82821) to work on /usr/local/lib/python3.10/site-packages/airflow/example_dags/example_kubernetes_executor.py
[2025-01-14T16:25:06.586-0500] {processor.py:914} INFO - Processing file /usr/local/lib/python3.10/site-packages/airflow/example_dags/example_kubernetes_executor.py for tasks to queue
[2025-01-14T16:25:06.588-0500] {logging_mixin.py:190} INFO - [2025-01-14T16:25:06.587-0500] {dagbag.py:588} INFO - Filling up the DagBag from /usr/local/lib/python3.10/site-packages/airflow/example_dags/example_kubernetes_executor.py
[2025-01-14T16:25:06.619-0500] {logging_mixin.py:190} INFO - [2025-01-14T16:25:06.619-0500] {example_kubernetes_executor.py:39} WARNING - The example_kubernetes_executor example DAG requires the kubernetes provider. Please install it with: pip install apache-airflow[cncf.kubernetes]
[2025-01-14T16:25:06.619-0500] {processor.py:927} WARNING - No viable dags retrieved from /usr/local/lib/python3.10/site-packages/airflow/example_dags/example_kubernetes_executor.py
[2025-01-14T16:25:06.768-0500] {processor.py:208} INFO - Processing /usr/local/lib/python3.10/site-packages/airflow/example_dags/example_kubernetes_executor.py took 0.188 seconds
[2025-01-14T16:29:48.906-0500] {processor.py:186} INFO - Started process (PID=86105) to work on /usr/local/lib/python3.10/site-packages/airflow/example_dags/example_kubernetes_executor.py
[2025-01-14T16:29:48.908-0500] {processor.py:914} INFO - Processing file /usr/local/lib/python3.10/site-packages/airflow/example_dags/example_kubernetes_executor.py for tasks to queue
[2025-01-14T16:29:48.910-0500] {logging_mixin.py:190} INFO - [2025-01-14T16:29:48.909-0500] {dagbag.py:588} INFO - Filling up the DagBag from /usr/local/lib/python3.10/site-packages/airflow/example_dags/example_kubernetes_executor.py
[2025-01-14T16:29:48.945-0500] {logging_mixin.py:190} INFO - [2025-01-14T16:29:48.945-0500] {example_kubernetes_executor.py:39} WARNING - The example_kubernetes_executor example DAG requires the kubernetes provider. Please install it with: pip install apache-airflow[cncf.kubernetes]
[2025-01-14T16:29:48.945-0500] {processor.py:927} WARNING - No viable dags retrieved from /usr/local/lib/python3.10/site-packages/airflow/example_dags/example_kubernetes_executor.py
[2025-01-14T16:29:49.107-0500] {processor.py:208} INFO - Processing /usr/local/lib/python3.10/site-packages/airflow/example_dags/example_kubernetes_executor.py took 0.205 seconds
[2025-01-14T16:34:36.929-0500] {processor.py:186} INFO - Started process (PID=89375) to work on /usr/local/lib/python3.10/site-packages/airflow/example_dags/example_kubernetes_executor.py
[2025-01-14T16:34:36.931-0500] {processor.py:914} INFO - Processing file /usr/local/lib/python3.10/site-packages/airflow/example_dags/example_kubernetes_executor.py for tasks to queue
[2025-01-14T16:34:36.932-0500] {logging_mixin.py:190} INFO - [2025-01-14T16:34:36.932-0500] {dagbag.py:588} INFO - Filling up the DagBag from /usr/local/lib/python3.10/site-packages/airflow/example_dags/example_kubernetes_executor.py
[2025-01-14T16:34:36.967-0500] {logging_mixin.py:190} INFO - [2025-01-14T16:34:36.967-0500] {example_kubernetes_executor.py:39} WARNING - The example_kubernetes_executor example DAG requires the kubernetes provider. Please install it with: pip install apache-airflow[cncf.kubernetes]
[2025-01-14T16:34:36.967-0500] {processor.py:927} WARNING - No viable dags retrieved from /usr/local/lib/python3.10/site-packages/airflow/example_dags/example_kubernetes_executor.py
[2025-01-14T16:34:37.119-0500] {processor.py:208} INFO - Processing /usr/local/lib/python3.10/site-packages/airflow/example_dags/example_kubernetes_executor.py took 0.194 seconds
[2025-01-14T16:40:25.751-0500] {processor.py:186} INFO - Started process (PID=93200) to work on /usr/local/lib/python3.10/site-packages/airflow/example_dags/example_kubernetes_executor.py
[2025-01-14T16:40:25.753-0500] {processor.py:914} INFO - Processing file /usr/local/lib/python3.10/site-packages/airflow/example_dags/example_kubernetes_executor.py for tasks to queue
[2025-01-14T16:40:25.754-0500] {logging_mixin.py:190} INFO - [2025-01-14T16:40:25.754-0500] {dagbag.py:588} INFO - Filling up the DagBag from /usr/local/lib/python3.10/site-packages/airflow/example_dags/example_kubernetes_executor.py
[2025-01-14T16:40:25.791-0500] {logging_mixin.py:190} INFO - [2025-01-14T16:40:25.790-0500] {example_kubernetes_executor.py:39} WARNING - The example_kubernetes_executor example DAG requires the kubernetes provider. Please install it with: pip install apache-airflow[cncf.kubernetes]
[2025-01-14T16:40:25.791-0500] {processor.py:927} WARNING - No viable dags retrieved from /usr/local/lib/python3.10/site-packages/airflow/example_dags/example_kubernetes_executor.py
[2025-01-14T16:40:25.951-0500] {processor.py:208} INFO - Processing /usr/local/lib/python3.10/site-packages/airflow/example_dags/example_kubernetes_executor.py took 0.204 seconds
[2025-01-14T16:42:54.643-0500] {processor.py:186} INFO - Started process (PID=94988) to work on /usr/local/lib/python3.10/site-packages/airflow/example_dags/example_kubernetes_executor.py
[2025-01-14T16:42:54.644-0500] {processor.py:914} INFO - Processing file /usr/local/lib/python3.10/site-packages/airflow/example_dags/example_kubernetes_executor.py for tasks to queue
[2025-01-14T16:42:54.645-0500] {logging_mixin.py:190} INFO - [2025-01-14T16:42:54.645-0500] {dagbag.py:588} INFO - Filling up the DagBag from /usr/local/lib/python3.10/site-packages/airflow/example_dags/example_kubernetes_executor.py
[2025-01-14T16:42:54.678-0500] {logging_mixin.py:190} INFO - [2025-01-14T16:42:54.678-0500] {example_kubernetes_executor.py:39} WARNING - The example_kubernetes_executor example DAG requires the kubernetes provider. Please install it with: pip install apache-airflow[cncf.kubernetes]
[2025-01-14T16:42:54.679-0500] {processor.py:927} WARNING - No viable dags retrieved from /usr/local/lib/python3.10/site-packages/airflow/example_dags/example_kubernetes_executor.py
[2025-01-14T16:42:54.830-0500] {processor.py:208} INFO - Processing /usr/local/lib/python3.10/site-packages/airflow/example_dags/example_kubernetes_executor.py took 0.192 seconds
[2025-01-14T16:47:35.020-0500] {processor.py:186} INFO - Started process (PID=98149) to work on /usr/local/lib/python3.10/site-packages/airflow/example_dags/example_kubernetes_executor.py
[2025-01-14T16:47:35.021-0500] {processor.py:914} INFO - Processing file /usr/local/lib/python3.10/site-packages/airflow/example_dags/example_kubernetes_executor.py for tasks to queue
[2025-01-14T16:47:35.022-0500] {logging_mixin.py:190} INFO - [2025-01-14T16:47:35.022-0500] {dagbag.py:588} INFO - Filling up the DagBag from /usr/local/lib/python3.10/site-packages/airflow/example_dags/example_kubernetes_executor.py
[2025-01-14T16:47:35.055-0500] {logging_mixin.py:190} INFO - [2025-01-14T16:47:35.055-0500] {example_kubernetes_executor.py:39} WARNING - The example_kubernetes_executor example DAG requires the kubernetes provider. Please install it with: pip install apache-airflow[cncf.kubernetes]
[2025-01-14T16:47:35.055-0500] {processor.py:927} WARNING - No viable dags retrieved from /usr/local/lib/python3.10/site-packages/airflow/example_dags/example_kubernetes_executor.py
[2025-01-14T16:47:35.220-0500] {processor.py:208} INFO - Processing /usr/local/lib/python3.10/site-packages/airflow/example_dags/example_kubernetes_executor.py took 0.204 seconds
[2025-01-14T16:52:28.204-0500] {processor.py:186} INFO - Started process (PID=2100) to work on /usr/local/lib/python3.10/site-packages/airflow/example_dags/example_kubernetes_executor.py
[2025-01-14T16:52:28.206-0500] {processor.py:914} INFO - Processing file /usr/local/lib/python3.10/site-packages/airflow/example_dags/example_kubernetes_executor.py for tasks to queue
[2025-01-14T16:52:28.207-0500] {logging_mixin.py:190} INFO - [2025-01-14T16:52:28.207-0500] {dagbag.py:588} INFO - Filling up the DagBag from /usr/local/lib/python3.10/site-packages/airflow/example_dags/example_kubernetes_executor.py
[2025-01-14T16:52:28.242-0500] {logging_mixin.py:190} INFO - [2025-01-14T16:52:28.242-0500] {example_kubernetes_executor.py:39} WARNING - The example_kubernetes_executor example DAG requires the kubernetes provider. Please install it with: pip install apache-airflow[cncf.kubernetes]
[2025-01-14T16:52:28.242-0500] {processor.py:927} WARNING - No viable dags retrieved from /usr/local/lib/python3.10/site-packages/airflow/example_dags/example_kubernetes_executor.py
[2025-01-14T16:52:28.403-0500] {processor.py:208} INFO - Processing /usr/local/lib/python3.10/site-packages/airflow/example_dags/example_kubernetes_executor.py took 0.203 seconds
[2025-01-14T16:57:16.960-0500] {processor.py:186} INFO - Started process (PID=5441) to work on /usr/local/lib/python3.10/site-packages/airflow/example_dags/example_kubernetes_executor.py
[2025-01-14T16:57:16.962-0500] {processor.py:914} INFO - Processing file /usr/local/lib/python3.10/site-packages/airflow/example_dags/example_kubernetes_executor.py for tasks to queue
[2025-01-14T16:57:16.963-0500] {logging_mixin.py:190} INFO - [2025-01-14T16:57:16.963-0500] {dagbag.py:588} INFO - Filling up the DagBag from /usr/local/lib/python3.10/site-packages/airflow/example_dags/example_kubernetes_executor.py
[2025-01-14T16:57:16.999-0500] {logging_mixin.py:190} INFO - [2025-01-14T16:57:16.998-0500] {example_kubernetes_executor.py:39} WARNING - The example_kubernetes_executor example DAG requires the kubernetes provider. Please install it with: pip install apache-airflow[cncf.kubernetes]
[2025-01-14T16:57:16.999-0500] {processor.py:927} WARNING - No viable dags retrieved from /usr/local/lib/python3.10/site-packages/airflow/example_dags/example_kubernetes_executor.py
[2025-01-14T16:57:17.158-0500] {processor.py:208} INFO - Processing /usr/local/lib/python3.10/site-packages/airflow/example_dags/example_kubernetes_executor.py took 0.202 seconds
[2025-01-14T17:03:04.290-0500] {processor.py:186} INFO - Started process (PID=9656) to work on /usr/local/lib/python3.10/site-packages/airflow/example_dags/example_kubernetes_executor.py
[2025-01-14T17:03:04.292-0500] {processor.py:914} INFO - Processing file /usr/local/lib/python3.10/site-packages/airflow/example_dags/example_kubernetes_executor.py for tasks to queue
[2025-01-14T17:03:04.293-0500] {logging_mixin.py:190} INFO - [2025-01-14T17:03:04.293-0500] {dagbag.py:588} INFO - Filling up the DagBag from /usr/local/lib/python3.10/site-packages/airflow/example_dags/example_kubernetes_executor.py
[2025-01-14T17:03:04.330-0500] {logging_mixin.py:190} INFO - [2025-01-14T17:03:04.330-0500] {example_kubernetes_executor.py:39} WARNING - The example_kubernetes_executor example DAG requires the kubernetes provider. Please install it with: pip install apache-airflow[cncf.kubernetes]
[2025-01-14T17:03:04.331-0500] {processor.py:927} WARNING - No viable dags retrieved from /usr/local/lib/python3.10/site-packages/airflow/example_dags/example_kubernetes_executor.py
[2025-01-14T17:03:04.488-0500] {processor.py:208} INFO - Processing /usr/local/lib/python3.10/site-packages/airflow/example_dags/example_kubernetes_executor.py took 0.202 seconds
[2025-01-14T17:05:52.030-0500] {processor.py:186} INFO - Started process (PID=11595) to work on /usr/local/lib/python3.10/site-packages/airflow/example_dags/example_kubernetes_executor.py
[2025-01-14T17:05:52.032-0500] {processor.py:914} INFO - Processing file /usr/local/lib/python3.10/site-packages/airflow/example_dags/example_kubernetes_executor.py for tasks to queue
[2025-01-14T17:05:52.034-0500] {logging_mixin.py:190} INFO - [2025-01-14T17:05:52.033-0500] {dagbag.py:588} INFO - Filling up the DagBag from /usr/local/lib/python3.10/site-packages/airflow/example_dags/example_kubernetes_executor.py
[2025-01-14T17:05:52.073-0500] {logging_mixin.py:190} INFO - [2025-01-14T17:05:52.072-0500] {example_kubernetes_executor.py:39} WARNING - The example_kubernetes_executor example DAG requires the kubernetes provider. Please install it with: pip install apache-airflow[cncf.kubernetes]
[2025-01-14T17:05:52.074-0500] {processor.py:927} WARNING - No viable dags retrieved from /usr/local/lib/python3.10/site-packages/airflow/example_dags/example_kubernetes_executor.py
[2025-01-14T17:05:52.252-0500] {processor.py:208} INFO - Processing /usr/local/lib/python3.10/site-packages/airflow/example_dags/example_kubernetes_executor.py took 0.227 seconds
[2025-01-14T17:08:34.745-0500] {processor.py:186} INFO - Started process (PID=13466) to work on /usr/local/lib/python3.10/site-packages/airflow/example_dags/example_kubernetes_executor.py
[2025-01-14T17:08:34.747-0500] {processor.py:914} INFO - Processing file /usr/local/lib/python3.10/site-packages/airflow/example_dags/example_kubernetes_executor.py for tasks to queue
[2025-01-14T17:08:34.748-0500] {logging_mixin.py:190} INFO - [2025-01-14T17:08:34.748-0500] {dagbag.py:588} INFO - Filling up the DagBag from /usr/local/lib/python3.10/site-packages/airflow/example_dags/example_kubernetes_executor.py
[2025-01-14T17:08:34.781-0500] {logging_mixin.py:190} INFO - [2025-01-14T17:08:34.781-0500] {example_kubernetes_executor.py:39} WARNING - The example_kubernetes_executor example DAG requires the kubernetes provider. Please install it with: pip install apache-airflow[cncf.kubernetes]
[2025-01-14T17:08:34.782-0500] {processor.py:927} WARNING - No viable dags retrieved from /usr/local/lib/python3.10/site-packages/airflow/example_dags/example_kubernetes_executor.py
[2025-01-14T17:08:34.940-0500] {processor.py:208} INFO - Processing /usr/local/lib/python3.10/site-packages/airflow/example_dags/example_kubernetes_executor.py took 0.198 seconds
[2025-01-14T17:13:42.700-0500] {processor.py:186} INFO - Started process (PID=16913) to work on /usr/local/lib/python3.10/site-packages/airflow/example_dags/example_kubernetes_executor.py
[2025-01-14T17:13:42.702-0500] {processor.py:914} INFO - Processing file /usr/local/lib/python3.10/site-packages/airflow/example_dags/example_kubernetes_executor.py for tasks to queue
[2025-01-14T17:13:42.703-0500] {logging_mixin.py:190} INFO - [2025-01-14T17:13:42.703-0500] {dagbag.py:588} INFO - Filling up the DagBag from /usr/local/lib/python3.10/site-packages/airflow/example_dags/example_kubernetes_executor.py
[2025-01-14T17:13:42.734-0500] {logging_mixin.py:190} INFO - [2025-01-14T17:13:42.734-0500] {example_kubernetes_executor.py:39} WARNING - The example_kubernetes_executor example DAG requires the kubernetes provider. Please install it with: pip install apache-airflow[cncf.kubernetes]
[2025-01-14T17:13:42.734-0500] {processor.py:927} WARNING - No viable dags retrieved from /usr/local/lib/python3.10/site-packages/airflow/example_dags/example_kubernetes_executor.py
[2025-01-14T17:13:42.883-0500] {processor.py:208} INFO - Processing /usr/local/lib/python3.10/site-packages/airflow/example_dags/example_kubernetes_executor.py took 0.187 seconds
[2025-01-14T17:18:17.757-0500] {processor.py:186} INFO - Started process (PID=20059) to work on /usr/local/lib/python3.10/site-packages/airflow/example_dags/example_kubernetes_executor.py
[2025-01-14T17:18:17.758-0500] {processor.py:914} INFO - Processing file /usr/local/lib/python3.10/site-packages/airflow/example_dags/example_kubernetes_executor.py for tasks to queue
[2025-01-14T17:18:17.759-0500] {logging_mixin.py:190} INFO - [2025-01-14T17:18:17.759-0500] {dagbag.py:588} INFO - Filling up the DagBag from /usr/local/lib/python3.10/site-packages/airflow/example_dags/example_kubernetes_executor.py
[2025-01-14T17:18:17.793-0500] {logging_mixin.py:190} INFO - [2025-01-14T17:18:17.792-0500] {example_kubernetes_executor.py:39} WARNING - The example_kubernetes_executor example DAG requires the kubernetes provider. Please install it with: pip install apache-airflow[cncf.kubernetes]
[2025-01-14T17:18:17.793-0500] {processor.py:927} WARNING - No viable dags retrieved from /usr/local/lib/python3.10/site-packages/airflow/example_dags/example_kubernetes_executor.py
[2025-01-14T17:18:17.939-0500] {processor.py:208} INFO - Processing /usr/local/lib/python3.10/site-packages/airflow/example_dags/example_kubernetes_executor.py took 0.186 seconds
[2025-01-14T17:22:59.609-0500] {processor.py:186} INFO - Started process (PID=23342) to work on /usr/local/lib/python3.10/site-packages/airflow/example_dags/example_kubernetes_executor.py
[2025-01-14T17:22:59.611-0500] {processor.py:914} INFO - Processing file /usr/local/lib/python3.10/site-packages/airflow/example_dags/example_kubernetes_executor.py for tasks to queue
[2025-01-14T17:22:59.612-0500] {logging_mixin.py:190} INFO - [2025-01-14T17:22:59.612-0500] {dagbag.py:588} INFO - Filling up the DagBag from /usr/local/lib/python3.10/site-packages/airflow/example_dags/example_kubernetes_executor.py
[2025-01-14T17:22:59.646-0500] {logging_mixin.py:190} INFO - [2025-01-14T17:22:59.645-0500] {example_kubernetes_executor.py:39} WARNING - The example_kubernetes_executor example DAG requires the kubernetes provider. Please install it with: pip install apache-airflow[cncf.kubernetes]
[2025-01-14T17:22:59.646-0500] {processor.py:927} WARNING - No viable dags retrieved from /usr/local/lib/python3.10/site-packages/airflow/example_dags/example_kubernetes_executor.py
[2025-01-14T17:22:59.795-0500] {processor.py:208} INFO - Processing /usr/local/lib/python3.10/site-packages/airflow/example_dags/example_kubernetes_executor.py took 0.191 seconds
[2025-01-14T17:27:45.843-0500] {processor.py:186} INFO - Started process (PID=26516) to work on /usr/local/lib/python3.10/site-packages/airflow/example_dags/example_kubernetes_executor.py
[2025-01-14T17:27:45.845-0500] {processor.py:914} INFO - Processing file /usr/local/lib/python3.10/site-packages/airflow/example_dags/example_kubernetes_executor.py for tasks to queue
[2025-01-14T17:27:45.846-0500] {logging_mixin.py:190} INFO - [2025-01-14T17:27:45.846-0500] {dagbag.py:588} INFO - Filling up the DagBag from /usr/local/lib/python3.10/site-packages/airflow/example_dags/example_kubernetes_executor.py
[2025-01-14T17:27:45.882-0500] {logging_mixin.py:190} INFO - [2025-01-14T17:27:45.882-0500] {example_kubernetes_executor.py:39} WARNING - The example_kubernetes_executor example DAG requires the kubernetes provider. Please install it with: pip install apache-airflow[cncf.kubernetes]
[2025-01-14T17:27:45.882-0500] {processor.py:927} WARNING - No viable dags retrieved from /usr/local/lib/python3.10/site-packages/airflow/example_dags/example_kubernetes_executor.py
[2025-01-14T17:27:46.037-0500] {processor.py:208} INFO - Processing /usr/local/lib/python3.10/site-packages/airflow/example_dags/example_kubernetes_executor.py took 0.198 seconds
[2025-01-14T17:32:27.885-0500] {processor.py:186} INFO - Started process (PID=29798) to work on /usr/local/lib/python3.10/site-packages/airflow/example_dags/example_kubernetes_executor.py
[2025-01-14T17:32:27.886-0500] {processor.py:914} INFO - Processing file /usr/local/lib/python3.10/site-packages/airflow/example_dags/example_kubernetes_executor.py for tasks to queue
[2025-01-14T17:32:27.887-0500] {logging_mixin.py:190} INFO - [2025-01-14T17:32:27.887-0500] {dagbag.py:588} INFO - Filling up the DagBag from /usr/local/lib/python3.10/site-packages/airflow/example_dags/example_kubernetes_executor.py
[2025-01-14T17:32:27.918-0500] {logging_mixin.py:190} INFO - [2025-01-14T17:32:27.918-0500] {example_kubernetes_executor.py:39} WARNING - The example_kubernetes_executor example DAG requires the kubernetes provider. Please install it with: pip install apache-airflow[cncf.kubernetes]
[2025-01-14T17:32:27.918-0500] {processor.py:927} WARNING - No viable dags retrieved from /usr/local/lib/python3.10/site-packages/airflow/example_dags/example_kubernetes_executor.py
[2025-01-14T17:32:28.069-0500] {processor.py:208} INFO - Processing /usr/local/lib/python3.10/site-packages/airflow/example_dags/example_kubernetes_executor.py took 0.188 seconds
[2025-01-14T17:36:56.523-0500] {processor.py:186} INFO - Started process (PID=32883) to work on /usr/local/lib/python3.10/site-packages/airflow/example_dags/example_kubernetes_executor.py
[2025-01-14T17:36:56.526-0500] {processor.py:914} INFO - Processing file /usr/local/lib/python3.10/site-packages/airflow/example_dags/example_kubernetes_executor.py for tasks to queue
[2025-01-14T17:36:56.527-0500] {logging_mixin.py:190} INFO - [2025-01-14T17:36:56.527-0500] {dagbag.py:588} INFO - Filling up the DagBag from /usr/local/lib/python3.10/site-packages/airflow/example_dags/example_kubernetes_executor.py
[2025-01-14T17:36:56.573-0500] {logging_mixin.py:190} INFO - [2025-01-14T17:36:56.573-0500] {example_kubernetes_executor.py:39} WARNING - The example_kubernetes_executor example DAG requires the kubernetes provider. Please install it with: pip install apache-airflow[cncf.kubernetes]
[2025-01-14T17:36:56.573-0500] {processor.py:927} WARNING - No viable dags retrieved from /usr/local/lib/python3.10/site-packages/airflow/example_dags/example_kubernetes_executor.py
[2025-01-14T17:36:56.734-0500] {processor.py:208} INFO - Processing /usr/local/lib/python3.10/site-packages/airflow/example_dags/example_kubernetes_executor.py took 0.217 seconds
[2025-01-14T17:41:35.616-0500] {processor.py:186} INFO - Started process (PID=36169) to work on /usr/local/lib/python3.10/site-packages/airflow/example_dags/example_kubernetes_executor.py
[2025-01-14T17:41:35.618-0500] {processor.py:914} INFO - Processing file /usr/local/lib/python3.10/site-packages/airflow/example_dags/example_kubernetes_executor.py for tasks to queue
[2025-01-14T17:41:35.619-0500] {logging_mixin.py:190} INFO - [2025-01-14T17:41:35.619-0500] {dagbag.py:588} INFO - Filling up the DagBag from /usr/local/lib/python3.10/site-packages/airflow/example_dags/example_kubernetes_executor.py
[2025-01-14T17:41:35.667-0500] {logging_mixin.py:190} INFO - [2025-01-14T17:41:35.667-0500] {example_kubernetes_executor.py:39} WARNING - The example_kubernetes_executor example DAG requires the kubernetes provider. Please install it with: pip install apache-airflow[cncf.kubernetes]
[2025-01-14T17:41:35.667-0500] {processor.py:927} WARNING - No viable dags retrieved from /usr/local/lib/python3.10/site-packages/airflow/example_dags/example_kubernetes_executor.py
[2025-01-14T17:41:35.927-0500] {processor.py:208} INFO - Processing /usr/local/lib/python3.10/site-packages/airflow/example_dags/example_kubernetes_executor.py took 0.318 seconds
[2025-01-14T17:45:58.815-0500] {processor.py:186} INFO - Started process (PID=39145) to work on /usr/local/lib/python3.10/site-packages/airflow/example_dags/example_kubernetes_executor.py
[2025-01-14T17:45:58.817-0500] {processor.py:914} INFO - Processing file /usr/local/lib/python3.10/site-packages/airflow/example_dags/example_kubernetes_executor.py for tasks to queue
[2025-01-14T17:45:58.818-0500] {logging_mixin.py:190} INFO - [2025-01-14T17:45:58.818-0500] {dagbag.py:588} INFO - Filling up the DagBag from /usr/local/lib/python3.10/site-packages/airflow/example_dags/example_kubernetes_executor.py
[2025-01-14T17:45:58.853-0500] {logging_mixin.py:190} INFO - [2025-01-14T17:45:58.853-0500] {example_kubernetes_executor.py:39} WARNING - The example_kubernetes_executor example DAG requires the kubernetes provider. Please install it with: pip install apache-airflow[cncf.kubernetes]
[2025-01-14T17:45:58.854-0500] {processor.py:927} WARNING - No viable dags retrieved from /usr/local/lib/python3.10/site-packages/airflow/example_dags/example_kubernetes_executor.py
[2025-01-14T17:45:59.007-0500] {processor.py:208} INFO - Processing /usr/local/lib/python3.10/site-packages/airflow/example_dags/example_kubernetes_executor.py took 0.196 seconds
[2025-01-14T17:50:30.086-0500] {processor.py:186} INFO - Started process (PID=42298) to work on /usr/local/lib/python3.10/site-packages/airflow/example_dags/example_kubernetes_executor.py
[2025-01-14T17:50:30.087-0500] {processor.py:914} INFO - Processing file /usr/local/lib/python3.10/site-packages/airflow/example_dags/example_kubernetes_executor.py for tasks to queue
[2025-01-14T17:50:30.089-0500] {logging_mixin.py:190} INFO - [2025-01-14T17:50:30.088-0500] {dagbag.py:588} INFO - Filling up the DagBag from /usr/local/lib/python3.10/site-packages/airflow/example_dags/example_kubernetes_executor.py
[2025-01-14T17:50:30.125-0500] {logging_mixin.py:190} INFO - [2025-01-14T17:50:30.125-0500] {example_kubernetes_executor.py:39} WARNING - The example_kubernetes_executor example DAG requires the kubernetes provider. Please install it with: pip install apache-airflow[cncf.kubernetes]
[2025-01-14T17:50:30.125-0500] {processor.py:927} WARNING - No viable dags retrieved from /usr/local/lib/python3.10/site-packages/airflow/example_dags/example_kubernetes_executor.py
[2025-01-14T17:50:30.276-0500] {processor.py:208} INFO - Processing /usr/local/lib/python3.10/site-packages/airflow/example_dags/example_kubernetes_executor.py took 0.194 seconds
[2025-01-14T17:55:00.843-0500] {processor.py:186} INFO - Started process (PID=45412) to work on /usr/local/lib/python3.10/site-packages/airflow/example_dags/example_kubernetes_executor.py
[2025-01-14T17:55:00.845-0500] {processor.py:914} INFO - Processing file /usr/local/lib/python3.10/site-packages/airflow/example_dags/example_kubernetes_executor.py for tasks to queue
[2025-01-14T17:55:00.846-0500] {logging_mixin.py:190} INFO - [2025-01-14T17:55:00.846-0500] {dagbag.py:588} INFO - Filling up the DagBag from /usr/local/lib/python3.10/site-packages/airflow/example_dags/example_kubernetes_executor.py
[2025-01-14T17:55:00.879-0500] {logging_mixin.py:190} INFO - [2025-01-14T17:55:00.879-0500] {example_kubernetes_executor.py:39} WARNING - The example_kubernetes_executor example DAG requires the kubernetes provider. Please install it with: pip install apache-airflow[cncf.kubernetes]
[2025-01-14T17:55:00.879-0500] {processor.py:927} WARNING - No viable dags retrieved from /usr/local/lib/python3.10/site-packages/airflow/example_dags/example_kubernetes_executor.py
[2025-01-14T17:55:01.029-0500] {processor.py:208} INFO - Processing /usr/local/lib/python3.10/site-packages/airflow/example_dags/example_kubernetes_executor.py took 0.190 seconds
[2025-01-14T17:59:37.400-0500] {processor.py:186} INFO - Started process (PID=48650) to work on /usr/local/lib/python3.10/site-packages/airflow/example_dags/example_kubernetes_executor.py
[2025-01-14T17:59:37.402-0500] {processor.py:914} INFO - Processing file /usr/local/lib/python3.10/site-packages/airflow/example_dags/example_kubernetes_executor.py for tasks to queue
[2025-01-14T17:59:37.403-0500] {logging_mixin.py:190} INFO - [2025-01-14T17:59:37.403-0500] {dagbag.py:588} INFO - Filling up the DagBag from /usr/local/lib/python3.10/site-packages/airflow/example_dags/example_kubernetes_executor.py
[2025-01-14T17:59:37.434-0500] {logging_mixin.py:190} INFO - [2025-01-14T17:59:37.434-0500] {example_kubernetes_executor.py:39} WARNING - The example_kubernetes_executor example DAG requires the kubernetes provider. Please install it with: pip install apache-airflow[cncf.kubernetes]
[2025-01-14T17:59:37.435-0500] {processor.py:927} WARNING - No viable dags retrieved from /usr/local/lib/python3.10/site-packages/airflow/example_dags/example_kubernetes_executor.py
[2025-01-14T17:59:37.577-0500] {processor.py:208} INFO - Processing /usr/local/lib/python3.10/site-packages/airflow/example_dags/example_kubernetes_executor.py took 0.181 seconds
[2025-01-14T18:04:20.142-0500] {processor.py:186} INFO - Started process (PID=51950) to work on /usr/local/lib/python3.10/site-packages/airflow/example_dags/example_kubernetes_executor.py
[2025-01-14T18:04:20.143-0500] {processor.py:914} INFO - Processing file /usr/local/lib/python3.10/site-packages/airflow/example_dags/example_kubernetes_executor.py for tasks to queue
[2025-01-14T18:04:20.145-0500] {logging_mixin.py:190} INFO - [2025-01-14T18:04:20.145-0500] {dagbag.py:588} INFO - Filling up the DagBag from /usr/local/lib/python3.10/site-packages/airflow/example_dags/example_kubernetes_executor.py
[2025-01-14T18:04:20.179-0500] {logging_mixin.py:190} INFO - [2025-01-14T18:04:20.179-0500] {example_kubernetes_executor.py:39} WARNING - The example_kubernetes_executor example DAG requires the kubernetes provider. Please install it with: pip install apache-airflow[cncf.kubernetes]
[2025-01-14T18:04:20.180-0500] {processor.py:927} WARNING - No viable dags retrieved from /usr/local/lib/python3.10/site-packages/airflow/example_dags/example_kubernetes_executor.py
[2025-01-14T18:04:20.337-0500] {processor.py:208} INFO - Processing /usr/local/lib/python3.10/site-packages/airflow/example_dags/example_kubernetes_executor.py took 0.199 seconds
[2025-01-14T18:08:51.338-0500] {processor.py:186} INFO - Started process (PID=55009) to work on /usr/local/lib/python3.10/site-packages/airflow/example_dags/example_kubernetes_executor.py
[2025-01-14T18:08:51.340-0500] {processor.py:914} INFO - Processing file /usr/local/lib/python3.10/site-packages/airflow/example_dags/example_kubernetes_executor.py for tasks to queue
[2025-01-14T18:08:51.341-0500] {logging_mixin.py:190} INFO - [2025-01-14T18:08:51.341-0500] {dagbag.py:588} INFO - Filling up the DagBag from /usr/local/lib/python3.10/site-packages/airflow/example_dags/example_kubernetes_executor.py
[2025-01-14T18:08:51.372-0500] {logging_mixin.py:190} INFO - [2025-01-14T18:08:51.372-0500] {example_kubernetes_executor.py:39} WARNING - The example_kubernetes_executor example DAG requires the kubernetes provider. Please install it with: pip install apache-airflow[cncf.kubernetes]
[2025-01-14T18:08:51.372-0500] {processor.py:927} WARNING - No viable dags retrieved from /usr/local/lib/python3.10/site-packages/airflow/example_dags/example_kubernetes_executor.py
[2025-01-14T18:08:51.521-0500] {processor.py:208} INFO - Processing /usr/local/lib/python3.10/site-packages/airflow/example_dags/example_kubernetes_executor.py took 0.187 seconds
[2025-01-14T18:13:21.255-0500] {processor.py:186} INFO - Started process (PID=58056) to work on /usr/local/lib/python3.10/site-packages/airflow/example_dags/example_kubernetes_executor.py
[2025-01-14T18:13:21.257-0500] {processor.py:914} INFO - Processing file /usr/local/lib/python3.10/site-packages/airflow/example_dags/example_kubernetes_executor.py for tasks to queue
[2025-01-14T18:13:21.259-0500] {logging_mixin.py:190} INFO - [2025-01-14T18:13:21.258-0500] {dagbag.py:588} INFO - Filling up the DagBag from /usr/local/lib/python3.10/site-packages/airflow/example_dags/example_kubernetes_executor.py
[2025-01-14T18:13:21.293-0500] {logging_mixin.py:190} INFO - [2025-01-14T18:13:21.293-0500] {example_kubernetes_executor.py:39} WARNING - The example_kubernetes_executor example DAG requires the kubernetes provider. Please install it with: pip install apache-airflow[cncf.kubernetes]
[2025-01-14T18:13:21.294-0500] {processor.py:927} WARNING - No viable dags retrieved from /usr/local/lib/python3.10/site-packages/airflow/example_dags/example_kubernetes_executor.py
[2025-01-14T18:13:21.451-0500] {processor.py:208} INFO - Processing /usr/local/lib/python3.10/site-packages/airflow/example_dags/example_kubernetes_executor.py took 0.200 seconds
[2025-01-14T18:17:50.018-0500] {processor.py:186} INFO - Started process (PID=61114) to work on /usr/local/lib/python3.10/site-packages/airflow/example_dags/example_kubernetes_executor.py
[2025-01-14T18:17:50.020-0500] {processor.py:914} INFO - Processing file /usr/local/lib/python3.10/site-packages/airflow/example_dags/example_kubernetes_executor.py for tasks to queue
[2025-01-14T18:17:50.021-0500] {logging_mixin.py:190} INFO - [2025-01-14T18:17:50.021-0500] {dagbag.py:588} INFO - Filling up the DagBag from /usr/local/lib/python3.10/site-packages/airflow/example_dags/example_kubernetes_executor.py
[2025-01-14T18:17:50.055-0500] {logging_mixin.py:190} INFO - [2025-01-14T18:17:50.055-0500] {example_kubernetes_executor.py:39} WARNING - The example_kubernetes_executor example DAG requires the kubernetes provider. Please install it with: pip install apache-airflow[cncf.kubernetes]
[2025-01-14T18:17:50.055-0500] {processor.py:927} WARNING - No viable dags retrieved from /usr/local/lib/python3.10/site-packages/airflow/example_dags/example_kubernetes_executor.py
[2025-01-14T18:17:50.204-0500] {processor.py:208} INFO - Processing /usr/local/lib/python3.10/site-packages/airflow/example_dags/example_kubernetes_executor.py took 0.190 seconds
[2025-01-14T18:22:13.202-0500] {processor.py:186} INFO - Started process (PID=64179) to work on /usr/local/lib/python3.10/site-packages/airflow/example_dags/example_kubernetes_executor.py
[2025-01-14T18:22:13.204-0500] {processor.py:914} INFO - Processing file /usr/local/lib/python3.10/site-packages/airflow/example_dags/example_kubernetes_executor.py for tasks to queue
[2025-01-14T18:22:13.205-0500] {logging_mixin.py:190} INFO - [2025-01-14T18:22:13.205-0500] {dagbag.py:588} INFO - Filling up the DagBag from /usr/local/lib/python3.10/site-packages/airflow/example_dags/example_kubernetes_executor.py
[2025-01-14T18:22:13.235-0500] {logging_mixin.py:190} INFO - [2025-01-14T18:22:13.235-0500] {example_kubernetes_executor.py:39} WARNING - The example_kubernetes_executor example DAG requires the kubernetes provider. Please install it with: pip install apache-airflow[cncf.kubernetes]
[2025-01-14T18:22:13.236-0500] {processor.py:927} WARNING - No viable dags retrieved from /usr/local/lib/python3.10/site-packages/airflow/example_dags/example_kubernetes_executor.py
[2025-01-14T18:22:13.367-0500] {processor.py:208} INFO - Processing /usr/local/lib/python3.10/site-packages/airflow/example_dags/example_kubernetes_executor.py took 0.169 seconds
[2025-01-14T18:46:09.858-0500] {processor.py:186} INFO - Started process (PID=66324) to work on /usr/local/lib/python3.10/site-packages/airflow/example_dags/example_kubernetes_executor.py
[2025-01-14T18:46:09.860-0500] {processor.py:914} INFO - Processing file /usr/local/lib/python3.10/site-packages/airflow/example_dags/example_kubernetes_executor.py for tasks to queue
[2025-01-14T18:46:09.861-0500] {logging_mixin.py:190} INFO - [2025-01-14T18:46:09.861-0500] {dagbag.py:588} INFO - Filling up the DagBag from /usr/local/lib/python3.10/site-packages/airflow/example_dags/example_kubernetes_executor.py
[2025-01-14T18:46:09.904-0500] {logging_mixin.py:190} INFO - [2025-01-14T18:46:09.904-0500] {example_kubernetes_executor.py:39} WARNING - The example_kubernetes_executor example DAG requires the kubernetes provider. Please install it with: pip install apache-airflow[cncf.kubernetes]
[2025-01-14T18:46:09.904-0500] {processor.py:927} WARNING - No viable dags retrieved from /usr/local/lib/python3.10/site-packages/airflow/example_dags/example_kubernetes_executor.py
[2025-01-14T18:46:10.116-0500] {processor.py:208} INFO - Processing /usr/local/lib/python3.10/site-packages/airflow/example_dags/example_kubernetes_executor.py took 0.262 seconds
[2025-01-14T18:48:43.526-0500] {processor.py:186} INFO - Started process (PID=68158) to work on /usr/local/lib/python3.10/site-packages/airflow/example_dags/example_kubernetes_executor.py
[2025-01-14T18:48:43.527-0500] {processor.py:914} INFO - Processing file /usr/local/lib/python3.10/site-packages/airflow/example_dags/example_kubernetes_executor.py for tasks to queue
[2025-01-14T18:48:43.528-0500] {logging_mixin.py:190} INFO - [2025-01-14T18:48:43.528-0500] {dagbag.py:588} INFO - Filling up the DagBag from /usr/local/lib/python3.10/site-packages/airflow/example_dags/example_kubernetes_executor.py
[2025-01-14T18:48:43.565-0500] {logging_mixin.py:190} INFO - [2025-01-14T18:48:43.565-0500] {example_kubernetes_executor.py:39} WARNING - The example_kubernetes_executor example DAG requires the kubernetes provider. Please install it with: pip install apache-airflow[cncf.kubernetes]
[2025-01-14T18:48:43.565-0500] {processor.py:927} WARNING - No viable dags retrieved from /usr/local/lib/python3.10/site-packages/airflow/example_dags/example_kubernetes_executor.py
[2025-01-14T18:48:43.724-0500] {processor.py:208} INFO - Processing /usr/local/lib/python3.10/site-packages/airflow/example_dags/example_kubernetes_executor.py took 0.203 seconds
[2025-01-14T18:53:16.222-0500] {processor.py:186} INFO - Started process (PID=71198) to work on /usr/local/lib/python3.10/site-packages/airflow/example_dags/example_kubernetes_executor.py
[2025-01-14T18:53:16.224-0500] {processor.py:914} INFO - Processing file /usr/local/lib/python3.10/site-packages/airflow/example_dags/example_kubernetes_executor.py for tasks to queue
[2025-01-14T18:53:16.225-0500] {logging_mixin.py:190} INFO - [2025-01-14T18:53:16.225-0500] {dagbag.py:588} INFO - Filling up the DagBag from /usr/local/lib/python3.10/site-packages/airflow/example_dags/example_kubernetes_executor.py
[2025-01-14T18:53:16.262-0500] {logging_mixin.py:190} INFO - [2025-01-14T18:53:16.262-0500] {example_kubernetes_executor.py:39} WARNING - The example_kubernetes_executor example DAG requires the kubernetes provider. Please install it with: pip install apache-airflow[cncf.kubernetes]
[2025-01-14T18:53:16.262-0500] {processor.py:927} WARNING - No viable dags retrieved from /usr/local/lib/python3.10/site-packages/airflow/example_dags/example_kubernetes_executor.py
[2025-01-14T18:53:16.425-0500] {processor.py:208} INFO - Processing /usr/local/lib/python3.10/site-packages/airflow/example_dags/example_kubernetes_executor.py took 0.208 seconds
[2025-01-14T18:57:53.516-0500] {processor.py:186} INFO - Started process (PID=74401) to work on /usr/local/lib/python3.10/site-packages/airflow/example_dags/example_kubernetes_executor.py
[2025-01-14T18:57:53.518-0500] {processor.py:914} INFO - Processing file /usr/local/lib/python3.10/site-packages/airflow/example_dags/example_kubernetes_executor.py for tasks to queue
[2025-01-14T18:57:53.519-0500] {logging_mixin.py:190} INFO - [2025-01-14T18:57:53.519-0500] {dagbag.py:588} INFO - Filling up the DagBag from /usr/local/lib/python3.10/site-packages/airflow/example_dags/example_kubernetes_executor.py
[2025-01-14T18:57:53.557-0500] {logging_mixin.py:190} INFO - [2025-01-14T18:57:53.557-0500] {example_kubernetes_executor.py:39} WARNING - The example_kubernetes_executor example DAG requires the kubernetes provider. Please install it with: pip install apache-airflow[cncf.kubernetes]
[2025-01-14T18:57:53.558-0500] {processor.py:927} WARNING - No viable dags retrieved from /usr/local/lib/python3.10/site-packages/airflow/example_dags/example_kubernetes_executor.py
[2025-01-14T18:57:53.735-0500] {processor.py:208} INFO - Processing /usr/local/lib/python3.10/site-packages/airflow/example_dags/example_kubernetes_executor.py took 0.224 seconds
