[2025-01-13T19:05:54.328-0500] {processor.py:186} INFO - Started process (PID=48135) to work on /usr/local/lib/python3.10/site-packages/airflow/example_dags/example_workday_timetable.py
[2025-01-13T19:05:54.329-0500] {processor.py:914} INFO - Processing file /usr/local/lib/python3.10/site-packages/airflow/example_dags/example_workday_timetable.py for tasks to queue
[2025-01-13T19:05:54.330-0500] {logging_mixin.py:190} INFO - [2025-01-13T19:05:54.330-0500] {dagbag.py:588} INFO - Filling up the DagBag from /usr/local/lib/python3.10/site-packages/airflow/example_dags/example_workday_timetable.py
[2025-01-13T19:05:54.695-0500] {processor.py:925} INFO - DAG(s) 'example_workday_timetable' retrieved from /usr/local/lib/python3.10/site-packages/airflow/example_dags/example_workday_timetable.py
[2025-01-13T19:05:54.790-0500] {logging_mixin.py:190} INFO - [2025-01-13T19:05:54.790-0500] {dag.py:3239} INFO - Sync 1 DAGs
[2025-01-13T19:05:54.830-0500] {logging_mixin.py:190} INFO - [2025-01-13T19:05:54.830-0500] {dag.py:4180} INFO - Setting next_dagrun for example_workday_timetable to 2021-01-04 00:00:00+00:00, run_after=2021-01-05 00:00:00+00:00
[2025-01-13T19:05:54.843-0500] {processor.py:208} INFO - Processing /usr/local/lib/python3.10/site-packages/airflow/example_dags/example_workday_timetable.py took 0.519 seconds
[2025-01-13T19:08:31.164-0500] {processor.py:186} INFO - Started process (PID=50015) to work on /usr/local/lib/python3.10/site-packages/airflow/example_dags/example_workday_timetable.py
[2025-01-13T19:08:31.165-0500] {processor.py:914} INFO - Processing file /usr/local/lib/python3.10/site-packages/airflow/example_dags/example_workday_timetable.py for tasks to queue
[2025-01-13T19:08:31.166-0500] {logging_mixin.py:190} INFO - [2025-01-13T19:08:31.166-0500] {dagbag.py:588} INFO - Filling up the DagBag from /usr/local/lib/python3.10/site-packages/airflow/example_dags/example_workday_timetable.py
[2025-01-13T19:08:31.520-0500] {processor.py:925} INFO - DAG(s) 'example_workday_timetable' retrieved from /usr/local/lib/python3.10/site-packages/airflow/example_dags/example_workday_timetable.py
[2025-01-13T19:08:31.635-0500] {logging_mixin.py:190} INFO - [2025-01-13T19:08:31.635-0500] {dag.py:3239} INFO - Sync 1 DAGs
[2025-01-13T19:08:31.679-0500] {logging_mixin.py:190} INFO - [2025-01-13T19:08:31.679-0500] {dag.py:4180} INFO - Setting next_dagrun for example_workday_timetable to 2021-01-04 00:00:00+00:00, run_after=2021-01-05 00:00:00+00:00
[2025-01-13T19:08:31.694-0500] {processor.py:208} INFO - Processing /usr/local/lib/python3.10/site-packages/airflow/example_dags/example_workday_timetable.py took 0.534 seconds
[2025-01-13T19:10:39.036-0500] {processor.py:186} INFO - Started process (PID=51425) to work on /usr/local/lib/python3.10/site-packages/airflow/example_dags/example_workday_timetable.py
[2025-01-13T19:10:39.037-0500] {processor.py:914} INFO - Processing file /usr/local/lib/python3.10/site-packages/airflow/example_dags/example_workday_timetable.py for tasks to queue
[2025-01-13T19:10:39.038-0500] {logging_mixin.py:190} INFO - [2025-01-13T19:10:39.038-0500] {dagbag.py:588} INFO - Filling up the DagBag from /usr/local/lib/python3.10/site-packages/airflow/example_dags/example_workday_timetable.py
[2025-01-13T19:10:39.387-0500] {processor.py:925} INFO - DAG(s) 'example_workday_timetable' retrieved from /usr/local/lib/python3.10/site-packages/airflow/example_dags/example_workday_timetable.py
[2025-01-13T19:10:39.476-0500] {logging_mixin.py:190} INFO - [2025-01-13T19:10:39.476-0500] {dag.py:3239} INFO - Sync 1 DAGs
[2025-01-13T19:10:39.513-0500] {logging_mixin.py:190} INFO - [2025-01-13T19:10:39.513-0500] {dag.py:4180} INFO - Setting next_dagrun for example_workday_timetable to 2021-01-04 00:00:00+00:00, run_after=2021-01-05 00:00:00+00:00
[2025-01-13T19:10:39.527-0500] {processor.py:208} INFO - Processing /usr/local/lib/python3.10/site-packages/airflow/example_dags/example_workday_timetable.py took 0.495 seconds
[2025-01-13T19:54:56.652-0500] {processor.py:186} INFO - Started process (PID=54221) to work on /usr/local/lib/python3.10/site-packages/airflow/example_dags/example_workday_timetable.py
[2025-01-13T19:54:56.656-0500] {processor.py:914} INFO - Processing file /usr/local/lib/python3.10/site-packages/airflow/example_dags/example_workday_timetable.py for tasks to queue
[2025-01-13T19:54:56.660-0500] {logging_mixin.py:190} INFO - [2025-01-13T19:54:56.660-0500] {dagbag.py:588} INFO - Filling up the DagBag from /usr/local/lib/python3.10/site-packages/airflow/example_dags/example_workday_timetable.py
[2025-01-13T19:54:58.064-0500] {processor.py:925} INFO - DAG(s) 'example_workday_timetable' retrieved from /usr/local/lib/python3.10/site-packages/airflow/example_dags/example_workday_timetable.py
[2025-01-13T19:54:58.432-0500] {logging_mixin.py:190} INFO - [2025-01-13T19:54:58.431-0500] {dag.py:3239} INFO - Sync 1 DAGs
[2025-01-13T19:54:58.594-0500] {logging_mixin.py:190} INFO - [2025-01-13T19:54:58.594-0500] {dag.py:4180} INFO - Setting next_dagrun for example_workday_timetable to 2021-01-04 00:00:00+00:00, run_after=2021-01-05 00:00:00+00:00
[2025-01-13T19:54:58.644-0500] {processor.py:208} INFO - Processing /usr/local/lib/python3.10/site-packages/airflow/example_dags/example_workday_timetable.py took 2.011 seconds
[2025-01-14T15:53:47.466-0500] {processor.py:186} INFO - Started process (PID=61333) to work on /usr/local/lib/python3.10/site-packages/airflow/example_dags/example_workday_timetable.py
[2025-01-14T15:53:47.468-0500] {processor.py:914} INFO - Processing file /usr/local/lib/python3.10/site-packages/airflow/example_dags/example_workday_timetable.py for tasks to queue
[2025-01-14T15:53:47.469-0500] {logging_mixin.py:190} INFO - [2025-01-14T15:53:47.469-0500] {dagbag.py:588} INFO - Filling up the DagBag from /usr/local/lib/python3.10/site-packages/airflow/example_dags/example_workday_timetable.py
[2025-01-14T15:53:47.895-0500] {processor.py:925} INFO - DAG(s) 'example_workday_timetable' retrieved from /usr/local/lib/python3.10/site-packages/airflow/example_dags/example_workday_timetable.py
[2025-01-14T15:53:48.018-0500] {logging_mixin.py:190} INFO - [2025-01-14T15:53:48.018-0500] {dag.py:3239} INFO - Sync 1 DAGs
[2025-01-14T15:53:48.067-0500] {logging_mixin.py:190} INFO - [2025-01-14T15:53:48.067-0500] {dag.py:4180} INFO - Setting next_dagrun for example_workday_timetable to 2021-01-04 00:00:00+00:00, run_after=2021-01-05 00:00:00+00:00
[2025-01-14T15:53:48.083-0500] {processor.py:208} INFO - Processing /usr/local/lib/python3.10/site-packages/airflow/example_dags/example_workday_timetable.py took 0.622 seconds
[2025-01-14T15:57:31.024-0500] {processor.py:186} INFO - Started process (PID=63961) to work on /usr/local/lib/python3.10/site-packages/airflow/example_dags/example_workday_timetable.py
[2025-01-14T15:57:31.027-0500] {processor.py:914} INFO - Processing file /usr/local/lib/python3.10/site-packages/airflow/example_dags/example_workday_timetable.py for tasks to queue
[2025-01-14T15:57:31.028-0500] {logging_mixin.py:190} INFO - [2025-01-14T15:57:31.028-0500] {dagbag.py:588} INFO - Filling up the DagBag from /usr/local/lib/python3.10/site-packages/airflow/example_dags/example_workday_timetable.py
[2025-01-14T15:57:31.608-0500] {processor.py:925} INFO - DAG(s) 'example_workday_timetable' retrieved from /usr/local/lib/python3.10/site-packages/airflow/example_dags/example_workday_timetable.py
[2025-01-14T15:57:31.732-0500] {logging_mixin.py:190} INFO - [2025-01-14T15:57:31.731-0500] {dag.py:3239} INFO - Sync 1 DAGs
[2025-01-14T15:57:31.793-0500] {logging_mixin.py:190} INFO - [2025-01-14T15:57:31.793-0500] {dag.py:4180} INFO - Setting next_dagrun for example_workday_timetable to 2021-01-04 00:00:00+00:00, run_after=2021-01-05 00:00:00+00:00
[2025-01-14T15:57:31.815-0500] {processor.py:208} INFO - Processing /usr/local/lib/python3.10/site-packages/airflow/example_dags/example_workday_timetable.py took 0.795 seconds
[2025-01-14T16:00:08.973-0500] {processor.py:186} INFO - Started process (PID=65931) to work on /usr/local/lib/python3.10/site-packages/airflow/example_dags/example_workday_timetable.py
[2025-01-14T16:00:08.975-0500] {processor.py:914} INFO - Processing file /usr/local/lib/python3.10/site-packages/airflow/example_dags/example_workday_timetable.py for tasks to queue
[2025-01-14T16:00:08.976-0500] {logging_mixin.py:190} INFO - [2025-01-14T16:00:08.976-0500] {dagbag.py:588} INFO - Filling up the DagBag from /usr/local/lib/python3.10/site-packages/airflow/example_dags/example_workday_timetable.py
[2025-01-14T16:00:09.531-0500] {processor.py:925} INFO - DAG(s) 'example_workday_timetable' retrieved from /usr/local/lib/python3.10/site-packages/airflow/example_dags/example_workday_timetable.py
[2025-01-14T16:00:09.657-0500] {logging_mixin.py:190} INFO - [2025-01-14T16:00:09.657-0500] {dag.py:3239} INFO - Sync 1 DAGs
[2025-01-14T16:00:09.706-0500] {logging_mixin.py:190} INFO - [2025-01-14T16:00:09.706-0500] {dag.py:4180} INFO - Setting next_dagrun for example_workday_timetable to 2021-01-04 00:00:00+00:00, run_after=2021-01-05 00:00:00+00:00
[2025-01-14T16:00:09.723-0500] {processor.py:208} INFO - Processing /usr/local/lib/python3.10/site-packages/airflow/example_dags/example_workday_timetable.py took 0.754 seconds
[2025-01-14T16:02:31.636-0500] {processor.py:186} INFO - Started process (PID=67620) to work on /usr/local/lib/python3.10/site-packages/airflow/example_dags/example_workday_timetable.py
[2025-01-14T16:02:31.638-0500] {processor.py:914} INFO - Processing file /usr/local/lib/python3.10/site-packages/airflow/example_dags/example_workday_timetable.py for tasks to queue
[2025-01-14T16:02:31.639-0500] {logging_mixin.py:190} INFO - [2025-01-14T16:02:31.639-0500] {dagbag.py:588} INFO - Filling up the DagBag from /usr/local/lib/python3.10/site-packages/airflow/example_dags/example_workday_timetable.py
[2025-01-14T16:02:32.201-0500] {processor.py:925} INFO - DAG(s) 'example_workday_timetable' retrieved from /usr/local/lib/python3.10/site-packages/airflow/example_dags/example_workday_timetable.py
[2025-01-14T16:02:32.331-0500] {logging_mixin.py:190} INFO - [2025-01-14T16:02:32.331-0500] {dag.py:3239} INFO - Sync 1 DAGs
[2025-01-14T16:02:32.382-0500] {logging_mixin.py:190} INFO - [2025-01-14T16:02:32.382-0500] {dag.py:4180} INFO - Setting next_dagrun for example_workday_timetable to 2021-01-04 00:00:00+00:00, run_after=2021-01-05 00:00:00+00:00
[2025-01-14T16:02:32.399-0500] {processor.py:208} INFO - Processing /usr/local/lib/python3.10/site-packages/airflow/example_dags/example_workday_timetable.py took 0.767 seconds
[2025-01-14T16:04:55.798-0500] {processor.py:186} INFO - Started process (PID=69402) to work on /usr/local/lib/python3.10/site-packages/airflow/example_dags/example_workday_timetable.py
[2025-01-14T16:04:55.799-0500] {processor.py:914} INFO - Processing file /usr/local/lib/python3.10/site-packages/airflow/example_dags/example_workday_timetable.py for tasks to queue
[2025-01-14T16:04:55.800-0500] {logging_mixin.py:190} INFO - [2025-01-14T16:04:55.800-0500] {dagbag.py:588} INFO - Filling up the DagBag from /usr/local/lib/python3.10/site-packages/airflow/example_dags/example_workday_timetable.py
[2025-01-14T16:04:56.183-0500] {processor.py:925} INFO - DAG(s) 'example_workday_timetable' retrieved from /usr/local/lib/python3.10/site-packages/airflow/example_dags/example_workday_timetable.py
[2025-01-14T16:04:56.426-0500] {logging_mixin.py:190} INFO - [2025-01-14T16:04:56.425-0500] {dag.py:3239} INFO - Sync 1 DAGs
[2025-01-14T16:04:56.475-0500] {logging_mixin.py:190} INFO - [2025-01-14T16:04:56.475-0500] {dag.py:4180} INFO - Setting next_dagrun for example_workday_timetable to 2021-01-04 00:00:00+00:00, run_after=2021-01-05 00:00:00+00:00
[2025-01-14T16:04:56.493-0500] {processor.py:208} INFO - Processing /usr/local/lib/python3.10/site-packages/airflow/example_dags/example_workday_timetable.py took 0.699 seconds
[2025-01-14T16:07:21.005-0500] {processor.py:186} INFO - Started process (PID=71162) to work on /usr/local/lib/python3.10/site-packages/airflow/example_dags/example_workday_timetable.py
[2025-01-14T16:07:21.006-0500] {processor.py:914} INFO - Processing file /usr/local/lib/python3.10/site-packages/airflow/example_dags/example_workday_timetable.py for tasks to queue
[2025-01-14T16:07:21.008-0500] {logging_mixin.py:190} INFO - [2025-01-14T16:07:21.007-0500] {dagbag.py:588} INFO - Filling up the DagBag from /usr/local/lib/python3.10/site-packages/airflow/example_dags/example_workday_timetable.py
[2025-01-14T16:07:21.524-0500] {processor.py:925} INFO - DAG(s) 'example_workday_timetable' retrieved from /usr/local/lib/python3.10/site-packages/airflow/example_dags/example_workday_timetable.py
[2025-01-14T16:07:21.640-0500] {logging_mixin.py:190} INFO - [2025-01-14T16:07:21.640-0500] {dag.py:3239} INFO - Sync 1 DAGs
[2025-01-14T16:07:21.689-0500] {logging_mixin.py:190} INFO - [2025-01-14T16:07:21.689-0500] {dag.py:4180} INFO - Setting next_dagrun for example_workday_timetable to 2021-01-04 00:00:00+00:00, run_after=2021-01-05 00:00:00+00:00
[2025-01-14T16:07:21.706-0500] {processor.py:208} INFO - Processing /usr/local/lib/python3.10/site-packages/airflow/example_dags/example_workday_timetable.py took 0.706 seconds
[2025-01-14T16:09:33.718-0500] {processor.py:186} INFO - Started process (PID=72685) to work on /usr/local/lib/python3.10/site-packages/airflow/example_dags/example_workday_timetable.py
[2025-01-14T16:09:33.720-0500] {processor.py:914} INFO - Processing file /usr/local/lib/python3.10/site-packages/airflow/example_dags/example_workday_timetable.py for tasks to queue
[2025-01-14T16:09:33.721-0500] {logging_mixin.py:190} INFO - [2025-01-14T16:09:33.721-0500] {dagbag.py:588} INFO - Filling up the DagBag from /usr/local/lib/python3.10/site-packages/airflow/example_dags/example_workday_timetable.py
[2025-01-14T16:09:34.263-0500] {processor.py:925} INFO - DAG(s) 'example_workday_timetable' retrieved from /usr/local/lib/python3.10/site-packages/airflow/example_dags/example_workday_timetable.py
[2025-01-14T16:09:34.355-0500] {logging_mixin.py:190} INFO - [2025-01-14T16:09:34.355-0500] {dag.py:3239} INFO - Sync 1 DAGs
[2025-01-14T16:09:34.394-0500] {logging_mixin.py:190} INFO - [2025-01-14T16:09:34.394-0500] {dag.py:4180} INFO - Setting next_dagrun for example_workday_timetable to 2021-01-04 00:00:00+00:00, run_after=2021-01-05 00:00:00+00:00
[2025-01-14T16:09:34.408-0500] {processor.py:208} INFO - Processing /usr/local/lib/python3.10/site-packages/airflow/example_dags/example_workday_timetable.py took 0.694 seconds
[2025-01-14T16:12:33.659-0500] {processor.py:186} INFO - Started process (PID=74246) to work on /usr/local/lib/python3.10/site-packages/airflow/example_dags/example_workday_timetable.py
[2025-01-14T16:12:33.661-0500] {processor.py:914} INFO - Processing file /usr/local/lib/python3.10/site-packages/airflow/example_dags/example_workday_timetable.py for tasks to queue
[2025-01-14T16:12:33.663-0500] {logging_mixin.py:190} INFO - [2025-01-14T16:12:33.662-0500] {dagbag.py:588} INFO - Filling up the DagBag from /usr/local/lib/python3.10/site-packages/airflow/example_dags/example_workday_timetable.py
[2025-01-14T16:12:34.034-0500] {processor.py:925} INFO - DAG(s) 'example_workday_timetable' retrieved from /usr/local/lib/python3.10/site-packages/airflow/example_dags/example_workday_timetable.py
[2025-01-14T16:12:34.133-0500] {logging_mixin.py:190} INFO - [2025-01-14T16:12:34.133-0500] {dag.py:3239} INFO - Sync 1 DAGs
[2025-01-14T16:12:34.179-0500] {logging_mixin.py:190} INFO - [2025-01-14T16:12:34.178-0500] {dag.py:4180} INFO - Setting next_dagrun for example_workday_timetable to 2021-01-04 00:00:00+00:00, run_after=2021-01-05 00:00:00+00:00
[2025-01-14T16:12:34.196-0500] {processor.py:208} INFO - Processing /usr/local/lib/python3.10/site-packages/airflow/example_dags/example_workday_timetable.py took 0.540 seconds
[2025-01-14T16:14:49.228-0500] {processor.py:186} INFO - Started process (PID=75798) to work on /usr/local/lib/python3.10/site-packages/airflow/example_dags/example_workday_timetable.py
[2025-01-14T16:14:49.229-0500] {processor.py:914} INFO - Processing file /usr/local/lib/python3.10/site-packages/airflow/example_dags/example_workday_timetable.py for tasks to queue
[2025-01-14T16:14:49.231-0500] {logging_mixin.py:190} INFO - [2025-01-14T16:14:49.231-0500] {dagbag.py:588} INFO - Filling up the DagBag from /usr/local/lib/python3.10/site-packages/airflow/example_dags/example_workday_timetable.py
[2025-01-14T16:14:49.799-0500] {processor.py:925} INFO - DAG(s) 'example_workday_timetable' retrieved from /usr/local/lib/python3.10/site-packages/airflow/example_dags/example_workday_timetable.py
[2025-01-14T16:14:49.918-0500] {logging_mixin.py:190} INFO - [2025-01-14T16:14:49.917-0500] {dag.py:3239} INFO - Sync 1 DAGs
[2025-01-14T16:14:49.973-0500] {logging_mixin.py:190} INFO - [2025-01-14T16:14:49.973-0500] {dag.py:4180} INFO - Setting next_dagrun for example_workday_timetable to 2021-01-04 00:00:00+00:00, run_after=2021-01-05 00:00:00+00:00
[2025-01-14T16:14:49.991-0500] {processor.py:208} INFO - Processing /usr/local/lib/python3.10/site-packages/airflow/example_dags/example_workday_timetable.py took 0.768 seconds
[2025-01-14T16:17:10.015-0500] {processor.py:186} INFO - Started process (PID=77441) to work on /usr/local/lib/python3.10/site-packages/airflow/example_dags/example_workday_timetable.py
[2025-01-14T16:17:10.017-0500] {processor.py:914} INFO - Processing file /usr/local/lib/python3.10/site-packages/airflow/example_dags/example_workday_timetable.py for tasks to queue
[2025-01-14T16:17:10.018-0500] {logging_mixin.py:190} INFO - [2025-01-14T16:17:10.018-0500] {dagbag.py:588} INFO - Filling up the DagBag from /usr/local/lib/python3.10/site-packages/airflow/example_dags/example_workday_timetable.py
[2025-01-14T16:17:10.574-0500] {processor.py:925} INFO - DAG(s) 'example_workday_timetable' retrieved from /usr/local/lib/python3.10/site-packages/airflow/example_dags/example_workday_timetable.py
[2025-01-14T16:17:10.701-0500] {logging_mixin.py:190} INFO - [2025-01-14T16:17:10.700-0500] {dag.py:3239} INFO - Sync 1 DAGs
[2025-01-14T16:17:10.769-0500] {logging_mixin.py:190} INFO - [2025-01-14T16:17:10.769-0500] {dag.py:4180} INFO - Setting next_dagrun for example_workday_timetable to 2021-01-04 00:00:00+00:00, run_after=2021-01-05 00:00:00+00:00
[2025-01-14T16:17:10.812-0500] {processor.py:208} INFO - Processing /usr/local/lib/python3.10/site-packages/airflow/example_dags/example_workday_timetable.py took 0.802 seconds
[2025-01-14T16:19:30.042-0500] {processor.py:186} INFO - Started process (PID=78972) to work on /usr/local/lib/python3.10/site-packages/airflow/example_dags/example_workday_timetable.py
[2025-01-14T16:19:30.044-0500] {processor.py:914} INFO - Processing file /usr/local/lib/python3.10/site-packages/airflow/example_dags/example_workday_timetable.py for tasks to queue
[2025-01-14T16:19:30.046-0500] {logging_mixin.py:190} INFO - [2025-01-14T16:19:30.045-0500] {dagbag.py:588} INFO - Filling up the DagBag from /usr/local/lib/python3.10/site-packages/airflow/example_dags/example_workday_timetable.py
[2025-01-14T16:19:30.491-0500] {processor.py:925} INFO - DAG(s) 'example_workday_timetable' retrieved from /usr/local/lib/python3.10/site-packages/airflow/example_dags/example_workday_timetable.py
[2025-01-14T16:19:30.621-0500] {logging_mixin.py:190} INFO - [2025-01-14T16:19:30.620-0500] {dag.py:3239} INFO - Sync 1 DAGs
[2025-01-14T16:19:30.681-0500] {logging_mixin.py:190} INFO - [2025-01-14T16:19:30.680-0500] {dag.py:4180} INFO - Setting next_dagrun for example_workday_timetable to 2021-01-04 00:00:00+00:00, run_after=2021-01-05 00:00:00+00:00
[2025-01-14T16:19:30.699-0500] {processor.py:208} INFO - Processing /usr/local/lib/python3.10/site-packages/airflow/example_dags/example_workday_timetable.py took 0.664 seconds
[2025-01-14T16:21:50.183-0500] {processor.py:186} INFO - Started process (PID=80603) to work on /usr/local/lib/python3.10/site-packages/airflow/example_dags/example_workday_timetable.py
[2025-01-14T16:21:50.185-0500] {processor.py:914} INFO - Processing file /usr/local/lib/python3.10/site-packages/airflow/example_dags/example_workday_timetable.py for tasks to queue
[2025-01-14T16:21:50.186-0500] {logging_mixin.py:190} INFO - [2025-01-14T16:21:50.186-0500] {dagbag.py:588} INFO - Filling up the DagBag from /usr/local/lib/python3.10/site-packages/airflow/example_dags/example_workday_timetable.py
[2025-01-14T16:21:50.727-0500] {processor.py:925} INFO - DAG(s) 'example_workday_timetable' retrieved from /usr/local/lib/python3.10/site-packages/airflow/example_dags/example_workday_timetable.py
[2025-01-14T16:21:50.838-0500] {logging_mixin.py:190} INFO - [2025-01-14T16:21:50.838-0500] {dag.py:3239} INFO - Sync 1 DAGs
[2025-01-14T16:21:50.885-0500] {logging_mixin.py:190} INFO - [2025-01-14T16:21:50.885-0500] {dag.py:4180} INFO - Setting next_dagrun for example_workday_timetable to 2021-01-04 00:00:00+00:00, run_after=2021-01-05 00:00:00+00:00
[2025-01-14T16:21:50.901-0500] {processor.py:208} INFO - Processing /usr/local/lib/python3.10/site-packages/airflow/example_dags/example_workday_timetable.py took 0.722 seconds
[2025-01-14T16:24:00.271-0500] {processor.py:186} INFO - Started process (PID=82117) to work on /usr/local/lib/python3.10/site-packages/airflow/example_dags/example_workday_timetable.py
[2025-01-14T16:24:00.272-0500] {processor.py:914} INFO - Processing file /usr/local/lib/python3.10/site-packages/airflow/example_dags/example_workday_timetable.py for tasks to queue
[2025-01-14T16:24:00.273-0500] {logging_mixin.py:190} INFO - [2025-01-14T16:24:00.273-0500] {dagbag.py:588} INFO - Filling up the DagBag from /usr/local/lib/python3.10/site-packages/airflow/example_dags/example_workday_timetable.py
[2025-01-14T16:24:00.656-0500] {processor.py:925} INFO - DAG(s) 'example_workday_timetable' retrieved from /usr/local/lib/python3.10/site-packages/airflow/example_dags/example_workday_timetable.py
[2025-01-14T16:24:00.762-0500] {logging_mixin.py:190} INFO - [2025-01-14T16:24:00.762-0500] {dag.py:3239} INFO - Sync 1 DAGs
[2025-01-14T16:24:00.809-0500] {logging_mixin.py:190} INFO - [2025-01-14T16:24:00.809-0500] {dag.py:4180} INFO - Setting next_dagrun for example_workday_timetable to 2021-01-04 00:00:00+00:00, run_after=2021-01-05 00:00:00+00:00
[2025-01-14T16:24:00.825-0500] {processor.py:208} INFO - Processing /usr/local/lib/python3.10/site-packages/airflow/example_dags/example_workday_timetable.py took 0.559 seconds
[2025-01-14T16:26:10.690-0500] {processor.py:186} INFO - Started process (PID=83520) to work on /usr/local/lib/python3.10/site-packages/airflow/example_dags/example_workday_timetable.py
[2025-01-14T16:26:10.691-0500] {processor.py:914} INFO - Processing file /usr/local/lib/python3.10/site-packages/airflow/example_dags/example_workday_timetable.py for tasks to queue
[2025-01-14T16:26:10.692-0500] {logging_mixin.py:190} INFO - [2025-01-14T16:26:10.692-0500] {dagbag.py:588} INFO - Filling up the DagBag from /usr/local/lib/python3.10/site-packages/airflow/example_dags/example_workday_timetable.py
[2025-01-14T16:26:11.072-0500] {processor.py:925} INFO - DAG(s) 'example_workday_timetable' retrieved from /usr/local/lib/python3.10/site-packages/airflow/example_dags/example_workday_timetable.py
[2025-01-14T16:26:11.177-0500] {logging_mixin.py:190} INFO - [2025-01-14T16:26:11.177-0500] {dag.py:3239} INFO - Sync 1 DAGs
[2025-01-14T16:26:11.223-0500] {logging_mixin.py:190} INFO - [2025-01-14T16:26:11.223-0500] {dag.py:4180} INFO - Setting next_dagrun for example_workday_timetable to 2021-01-04 00:00:00+00:00, run_after=2021-01-05 00:00:00+00:00
[2025-01-14T16:26:11.238-0500] {processor.py:208} INFO - Processing /usr/local/lib/python3.10/site-packages/airflow/example_dags/example_workday_timetable.py took 0.553 seconds
[2025-01-14T16:28:31.968-0500] {processor.py:186} INFO - Started process (PID=85177) to work on /usr/local/lib/python3.10/site-packages/airflow/example_dags/example_workday_timetable.py
[2025-01-14T16:28:31.970-0500] {processor.py:914} INFO - Processing file /usr/local/lib/python3.10/site-packages/airflow/example_dags/example_workday_timetable.py for tasks to queue
[2025-01-14T16:28:31.971-0500] {logging_mixin.py:190} INFO - [2025-01-14T16:28:31.971-0500] {dagbag.py:588} INFO - Filling up the DagBag from /usr/local/lib/python3.10/site-packages/airflow/example_dags/example_workday_timetable.py
[2025-01-14T16:28:32.571-0500] {processor.py:925} INFO - DAG(s) 'example_workday_timetable' retrieved from /usr/local/lib/python3.10/site-packages/airflow/example_dags/example_workday_timetable.py
[2025-01-14T16:28:32.692-0500] {logging_mixin.py:190} INFO - [2025-01-14T16:28:32.692-0500] {dag.py:3239} INFO - Sync 1 DAGs
[2025-01-14T16:28:32.739-0500] {logging_mixin.py:190} INFO - [2025-01-14T16:28:32.739-0500] {dag.py:4180} INFO - Setting next_dagrun for example_workday_timetable to 2021-01-04 00:00:00+00:00, run_after=2021-01-05 00:00:00+00:00
[2025-01-14T16:28:32.755-0500] {processor.py:208} INFO - Processing /usr/local/lib/python3.10/site-packages/airflow/example_dags/example_workday_timetable.py took 0.791 seconds
[2025-01-14T16:30:58.893-0500] {processor.py:186} INFO - Started process (PID=86812) to work on /usr/local/lib/python3.10/site-packages/airflow/example_dags/example_workday_timetable.py
[2025-01-14T16:30:58.896-0500] {processor.py:914} INFO - Processing file /usr/local/lib/python3.10/site-packages/airflow/example_dags/example_workday_timetable.py for tasks to queue
[2025-01-14T16:30:58.897-0500] {logging_mixin.py:190} INFO - [2025-01-14T16:30:58.897-0500] {dagbag.py:588} INFO - Filling up the DagBag from /usr/local/lib/python3.10/site-packages/airflow/example_dags/example_workday_timetable.py
[2025-01-14T16:30:59.466-0500] {processor.py:925} INFO - DAG(s) 'example_workday_timetable' retrieved from /usr/local/lib/python3.10/site-packages/airflow/example_dags/example_workday_timetable.py
[2025-01-14T16:30:59.614-0500] {logging_mixin.py:190} INFO - [2025-01-14T16:30:59.614-0500] {dag.py:3239} INFO - Sync 1 DAGs
[2025-01-14T16:30:59.670-0500] {logging_mixin.py:190} INFO - [2025-01-14T16:30:59.669-0500] {dag.py:4180} INFO - Setting next_dagrun for example_workday_timetable to 2021-01-04 00:00:00+00:00, run_after=2021-01-05 00:00:00+00:00
[2025-01-14T16:30:59.686-0500] {processor.py:208} INFO - Processing /usr/local/lib/python3.10/site-packages/airflow/example_dags/example_workday_timetable.py took 0.798 seconds
[2025-01-14T16:33:24.182-0500] {processor.py:186} INFO - Started process (PID=88450) to work on /usr/local/lib/python3.10/site-packages/airflow/example_dags/example_workday_timetable.py
[2025-01-14T16:33:24.184-0500] {processor.py:914} INFO - Processing file /usr/local/lib/python3.10/site-packages/airflow/example_dags/example_workday_timetable.py for tasks to queue
[2025-01-14T16:33:24.185-0500] {logging_mixin.py:190} INFO - [2025-01-14T16:33:24.185-0500] {dagbag.py:588} INFO - Filling up the DagBag from /usr/local/lib/python3.10/site-packages/airflow/example_dags/example_workday_timetable.py
[2025-01-14T16:33:24.589-0500] {processor.py:925} INFO - DAG(s) 'example_workday_timetable' retrieved from /usr/local/lib/python3.10/site-packages/airflow/example_dags/example_workday_timetable.py
[2025-01-14T16:33:24.704-0500] {logging_mixin.py:190} INFO - [2025-01-14T16:33:24.703-0500] {dag.py:3239} INFO - Sync 1 DAGs
[2025-01-14T16:33:24.752-0500] {logging_mixin.py:190} INFO - [2025-01-14T16:33:24.752-0500] {dag.py:4180} INFO - Setting next_dagrun for example_workday_timetable to 2021-01-04 00:00:00+00:00, run_after=2021-01-05 00:00:00+00:00
[2025-01-14T16:33:24.768-0500] {processor.py:208} INFO - Processing /usr/local/lib/python3.10/site-packages/airflow/example_dags/example_workday_timetable.py took 0.591 seconds
[2025-01-14T16:35:55.900-0500] {processor.py:186} INFO - Started process (PID=90188) to work on /usr/local/lib/python3.10/site-packages/airflow/example_dags/example_workday_timetable.py
[2025-01-14T16:35:55.902-0500] {processor.py:914} INFO - Processing file /usr/local/lib/python3.10/site-packages/airflow/example_dags/example_workday_timetable.py for tasks to queue
[2025-01-14T16:35:55.904-0500] {logging_mixin.py:190} INFO - [2025-01-14T16:35:55.904-0500] {dagbag.py:588} INFO - Filling up the DagBag from /usr/local/lib/python3.10/site-packages/airflow/example_dags/example_workday_timetable.py
[2025-01-14T16:35:56.704-0500] {processor.py:925} INFO - DAG(s) 'example_workday_timetable' retrieved from /usr/local/lib/python3.10/site-packages/airflow/example_dags/example_workday_timetable.py
[2025-01-14T16:35:56.898-0500] {logging_mixin.py:190} INFO - [2025-01-14T16:35:56.897-0500] {dag.py:3239} INFO - Sync 1 DAGs
[2025-01-14T16:35:56.982-0500] {logging_mixin.py:190} INFO - [2025-01-14T16:35:56.981-0500] {dag.py:4180} INFO - Setting next_dagrun for example_workday_timetable to 2021-01-04 00:00:00+00:00, run_after=2021-01-05 00:00:00+00:00
[2025-01-14T16:35:57.008-0500] {processor.py:208} INFO - Processing /usr/local/lib/python3.10/site-packages/airflow/example_dags/example_workday_timetable.py took 1.115 seconds
[2025-01-14T16:39:10.146-0500] {processor.py:186} INFO - Started process (PID=92379) to work on /usr/local/lib/python3.10/site-packages/airflow/example_dags/example_workday_timetable.py
[2025-01-14T16:39:10.148-0500] {processor.py:914} INFO - Processing file /usr/local/lib/python3.10/site-packages/airflow/example_dags/example_workday_timetable.py for tasks to queue
[2025-01-14T16:39:10.149-0500] {logging_mixin.py:190} INFO - [2025-01-14T16:39:10.149-0500] {dagbag.py:588} INFO - Filling up the DagBag from /usr/local/lib/python3.10/site-packages/airflow/example_dags/example_workday_timetable.py
[2025-01-14T16:39:10.608-0500] {processor.py:925} INFO - DAG(s) 'example_workday_timetable' retrieved from /usr/local/lib/python3.10/site-packages/airflow/example_dags/example_workday_timetable.py
[2025-01-14T16:39:10.748-0500] {logging_mixin.py:190} INFO - [2025-01-14T16:39:10.747-0500] {dag.py:3239} INFO - Sync 1 DAGs
[2025-01-14T16:39:10.811-0500] {logging_mixin.py:190} INFO - [2025-01-14T16:39:10.811-0500] {dag.py:4180} INFO - Setting next_dagrun for example_workday_timetable to 2021-01-04 00:00:00+00:00, run_after=2021-01-05 00:00:00+00:00
[2025-01-14T16:39:10.832-0500] {processor.py:208} INFO - Processing /usr/local/lib/python3.10/site-packages/airflow/example_dags/example_workday_timetable.py took 0.691 seconds
[2025-01-14T16:41:41.770-0500] {processor.py:186} INFO - Started process (PID=94026) to work on /usr/local/lib/python3.10/site-packages/airflow/example_dags/example_workday_timetable.py
[2025-01-14T16:41:41.771-0500] {processor.py:914} INFO - Processing file /usr/local/lib/python3.10/site-packages/airflow/example_dags/example_workday_timetable.py for tasks to queue
[2025-01-14T16:41:41.772-0500] {logging_mixin.py:190} INFO - [2025-01-14T16:41:41.772-0500] {dagbag.py:588} INFO - Filling up the DagBag from /usr/local/lib/python3.10/site-packages/airflow/example_dags/example_workday_timetable.py
[2025-01-14T16:41:42.179-0500] {processor.py:925} INFO - DAG(s) 'example_workday_timetable' retrieved from /usr/local/lib/python3.10/site-packages/airflow/example_dags/example_workday_timetable.py
[2025-01-14T16:41:42.311-0500] {logging_mixin.py:190} INFO - [2025-01-14T16:41:42.311-0500] {dag.py:3239} INFO - Sync 1 DAGs
[2025-01-14T16:41:42.365-0500] {logging_mixin.py:190} INFO - [2025-01-14T16:41:42.365-0500] {dag.py:4180} INFO - Setting next_dagrun for example_workday_timetable to 2021-01-04 00:00:00+00:00, run_after=2021-01-05 00:00:00+00:00
[2025-01-14T16:41:42.384-0500] {processor.py:208} INFO - Processing /usr/local/lib/python3.10/site-packages/airflow/example_dags/example_workday_timetable.py took 0.618 seconds
[2025-01-14T16:43:56.304-0500] {processor.py:186} INFO - Started process (PID=95686) to work on /usr/local/lib/python3.10/site-packages/airflow/example_dags/example_workday_timetable.py
[2025-01-14T16:43:56.306-0500] {processor.py:914} INFO - Processing file /usr/local/lib/python3.10/site-packages/airflow/example_dags/example_workday_timetable.py for tasks to queue
[2025-01-14T16:43:56.307-0500] {logging_mixin.py:190} INFO - [2025-01-14T16:43:56.306-0500] {dagbag.py:588} INFO - Filling up the DagBag from /usr/local/lib/python3.10/site-packages/airflow/example_dags/example_workday_timetable.py
[2025-01-14T16:43:56.685-0500] {processor.py:925} INFO - DAG(s) 'example_workday_timetable' retrieved from /usr/local/lib/python3.10/site-packages/airflow/example_dags/example_workday_timetable.py
[2025-01-14T16:43:56.785-0500] {logging_mixin.py:190} INFO - [2025-01-14T16:43:56.784-0500] {dag.py:3239} INFO - Sync 1 DAGs
[2025-01-14T16:43:56.829-0500] {logging_mixin.py:190} INFO - [2025-01-14T16:43:56.829-0500] {dag.py:4180} INFO - Setting next_dagrun for example_workday_timetable to 2021-01-04 00:00:00+00:00, run_after=2021-01-05 00:00:00+00:00
[2025-01-14T16:43:56.845-0500] {processor.py:208} INFO - Processing /usr/local/lib/python3.10/site-packages/airflow/example_dags/example_workday_timetable.py took 0.544 seconds
[2025-01-14T16:46:18.877-0500] {processor.py:186} INFO - Started process (PID=97227) to work on /usr/local/lib/python3.10/site-packages/airflow/example_dags/example_workday_timetable.py
[2025-01-14T16:46:18.878-0500] {processor.py:914} INFO - Processing file /usr/local/lib/python3.10/site-packages/airflow/example_dags/example_workday_timetable.py for tasks to queue
[2025-01-14T16:46:18.879-0500] {logging_mixin.py:190} INFO - [2025-01-14T16:46:18.879-0500] {dagbag.py:588} INFO - Filling up the DagBag from /usr/local/lib/python3.10/site-packages/airflow/example_dags/example_workday_timetable.py
[2025-01-14T16:46:19.279-0500] {processor.py:925} INFO - DAG(s) 'example_workday_timetable' retrieved from /usr/local/lib/python3.10/site-packages/airflow/example_dags/example_workday_timetable.py
[2025-01-14T16:46:19.391-0500] {logging_mixin.py:190} INFO - [2025-01-14T16:46:19.390-0500] {dag.py:3239} INFO - Sync 1 DAGs
[2025-01-14T16:46:19.437-0500] {logging_mixin.py:190} INFO - [2025-01-14T16:46:19.437-0500] {dag.py:4180} INFO - Setting next_dagrun for example_workday_timetable to 2021-01-04 00:00:00+00:00, run_after=2021-01-05 00:00:00+00:00
[2025-01-14T16:46:19.453-0500] {processor.py:208} INFO - Processing /usr/local/lib/python3.10/site-packages/airflow/example_dags/example_workday_timetable.py took 0.580 seconds
[2025-01-14T16:48:43.196-0500] {processor.py:186} INFO - Started process (PID=98973) to work on /usr/local/lib/python3.10/site-packages/airflow/example_dags/example_workday_timetable.py
[2025-01-14T16:48:43.198-0500] {processor.py:914} INFO - Processing file /usr/local/lib/python3.10/site-packages/airflow/example_dags/example_workday_timetable.py for tasks to queue
[2025-01-14T16:48:43.199-0500] {logging_mixin.py:190} INFO - [2025-01-14T16:48:43.199-0500] {dagbag.py:588} INFO - Filling up the DagBag from /usr/local/lib/python3.10/site-packages/airflow/example_dags/example_workday_timetable.py
[2025-01-14T16:48:43.587-0500] {processor.py:925} INFO - DAG(s) 'example_workday_timetable' retrieved from /usr/local/lib/python3.10/site-packages/airflow/example_dags/example_workday_timetable.py
[2025-01-14T16:48:43.697-0500] {logging_mixin.py:190} INFO - [2025-01-14T16:48:43.696-0500] {dag.py:3239} INFO - Sync 1 DAGs
[2025-01-14T16:48:43.745-0500] {logging_mixin.py:190} INFO - [2025-01-14T16:48:43.744-0500] {dag.py:4180} INFO - Setting next_dagrun for example_workday_timetable to 2021-01-04 00:00:00+00:00, run_after=2021-01-05 00:00:00+00:00
[2025-01-14T16:48:43.762-0500] {processor.py:208} INFO - Processing /usr/local/lib/python3.10/site-packages/airflow/example_dags/example_workday_timetable.py took 0.570 seconds
[2025-01-14T16:51:08.918-0500] {processor.py:186} INFO - Started process (PID=1205) to work on /usr/local/lib/python3.10/site-packages/airflow/example_dags/example_workday_timetable.py
[2025-01-14T16:51:08.920-0500] {processor.py:914} INFO - Processing file /usr/local/lib/python3.10/site-packages/airflow/example_dags/example_workday_timetable.py for tasks to queue
[2025-01-14T16:51:08.921-0500] {logging_mixin.py:190} INFO - [2025-01-14T16:51:08.921-0500] {dagbag.py:588} INFO - Filling up the DagBag from /usr/local/lib/python3.10/site-packages/airflow/example_dags/example_workday_timetable.py
[2025-01-14T16:51:09.355-0500] {processor.py:925} INFO - DAG(s) 'example_workday_timetable' retrieved from /usr/local/lib/python3.10/site-packages/airflow/example_dags/example_workday_timetable.py
[2025-01-14T16:51:09.495-0500] {logging_mixin.py:190} INFO - [2025-01-14T16:51:09.495-0500] {dag.py:3239} INFO - Sync 1 DAGs
[2025-01-14T16:51:09.552-0500] {logging_mixin.py:190} INFO - [2025-01-14T16:51:09.552-0500] {dag.py:4180} INFO - Setting next_dagrun for example_workday_timetable to 2021-01-04 00:00:00+00:00, run_after=2021-01-05 00:00:00+00:00
[2025-01-14T16:51:09.573-0500] {processor.py:208} INFO - Processing /usr/local/lib/python3.10/site-packages/airflow/example_dags/example_workday_timetable.py took 0.659 seconds
[2025-01-14T16:53:38.118-0500] {processor.py:186} INFO - Started process (PID=2914) to work on /usr/local/lib/python3.10/site-packages/airflow/example_dags/example_workday_timetable.py
[2025-01-14T16:53:38.120-0500] {processor.py:914} INFO - Processing file /usr/local/lib/python3.10/site-packages/airflow/example_dags/example_workday_timetable.py for tasks to queue
[2025-01-14T16:53:38.121-0500] {logging_mixin.py:190} INFO - [2025-01-14T16:53:38.121-0500] {dagbag.py:588} INFO - Filling up the DagBag from /usr/local/lib/python3.10/site-packages/airflow/example_dags/example_workday_timetable.py
[2025-01-14T16:53:38.685-0500] {processor.py:925} INFO - DAG(s) 'example_workday_timetable' retrieved from /usr/local/lib/python3.10/site-packages/airflow/example_dags/example_workday_timetable.py
[2025-01-14T16:53:38.799-0500] {logging_mixin.py:190} INFO - [2025-01-14T16:53:38.798-0500] {dag.py:3239} INFO - Sync 1 DAGs
[2025-01-14T16:53:38.846-0500] {logging_mixin.py:190} INFO - [2025-01-14T16:53:38.846-0500] {dag.py:4180} INFO - Setting next_dagrun for example_workday_timetable to 2021-01-04 00:00:00+00:00, run_after=2021-01-05 00:00:00+00:00
[2025-01-14T16:53:38.862-0500] {processor.py:208} INFO - Processing /usr/local/lib/python3.10/site-packages/airflow/example_dags/example_workday_timetable.py took 0.748 seconds
[2025-01-14T16:56:03.167-0500] {processor.py:186} INFO - Started process (PID=4610) to work on /usr/local/lib/python3.10/site-packages/airflow/example_dags/example_workday_timetable.py
[2025-01-14T16:56:03.170-0500] {processor.py:914} INFO - Processing file /usr/local/lib/python3.10/site-packages/airflow/example_dags/example_workday_timetable.py for tasks to queue
[2025-01-14T16:56:03.171-0500] {logging_mixin.py:190} INFO - [2025-01-14T16:56:03.171-0500] {dagbag.py:588} INFO - Filling up the DagBag from /usr/local/lib/python3.10/site-packages/airflow/example_dags/example_workday_timetable.py
[2025-01-14T16:56:03.740-0500] {processor.py:925} INFO - DAG(s) 'example_workday_timetable' retrieved from /usr/local/lib/python3.10/site-packages/airflow/example_dags/example_workday_timetable.py
[2025-01-14T16:56:03.871-0500] {logging_mixin.py:190} INFO - [2025-01-14T16:56:03.870-0500] {dag.py:3239} INFO - Sync 1 DAGs
[2025-01-14T16:56:03.925-0500] {logging_mixin.py:190} INFO - [2025-01-14T16:56:03.925-0500] {dag.py:4180} INFO - Setting next_dagrun for example_workday_timetable to 2021-01-04 00:00:00+00:00, run_after=2021-01-05 00:00:00+00:00
[2025-01-14T16:56:03.944-0500] {processor.py:208} INFO - Processing /usr/local/lib/python3.10/site-packages/airflow/example_dags/example_workday_timetable.py took 0.782 seconds
[2025-01-14T16:58:23.378-0500] {processor.py:186} INFO - Started process (PID=6288) to work on /usr/local/lib/python3.10/site-packages/airflow/example_dags/example_workday_timetable.py
[2025-01-14T16:58:23.379-0500] {processor.py:914} INFO - Processing file /usr/local/lib/python3.10/site-packages/airflow/example_dags/example_workday_timetable.py for tasks to queue
[2025-01-14T16:58:23.380-0500] {logging_mixin.py:190} INFO - [2025-01-14T16:58:23.380-0500] {dagbag.py:588} INFO - Filling up the DagBag from /usr/local/lib/python3.10/site-packages/airflow/example_dags/example_workday_timetable.py
[2025-01-14T16:58:23.765-0500] {processor.py:925} INFO - DAG(s) 'example_workday_timetable' retrieved from /usr/local/lib/python3.10/site-packages/airflow/example_dags/example_workday_timetable.py
[2025-01-14T16:58:23.871-0500] {logging_mixin.py:190} INFO - [2025-01-14T16:58:23.870-0500] {dag.py:3239} INFO - Sync 1 DAGs
[2025-01-14T16:58:23.915-0500] {logging_mixin.py:190} INFO - [2025-01-14T16:58:23.915-0500] {dag.py:4180} INFO - Setting next_dagrun for example_workday_timetable to 2021-01-04 00:00:00+00:00, run_after=2021-01-05 00:00:00+00:00
[2025-01-14T16:58:23.931-0500] {processor.py:208} INFO - Processing /usr/local/lib/python3.10/site-packages/airflow/example_dags/example_workday_timetable.py took 0.557 seconds
[2025-01-14T17:01:28.348-0500] {processor.py:186} INFO - Started process (PID=8534) to work on /usr/local/lib/python3.10/site-packages/airflow/example_dags/example_workday_timetable.py
[2025-01-14T17:01:28.350-0500] {processor.py:914} INFO - Processing file /usr/local/lib/python3.10/site-packages/airflow/example_dags/example_workday_timetable.py for tasks to queue
[2025-01-14T17:01:28.352-0500] {logging_mixin.py:190} INFO - [2025-01-14T17:01:28.352-0500] {dagbag.py:588} INFO - Filling up the DagBag from /usr/local/lib/python3.10/site-packages/airflow/example_dags/example_workday_timetable.py
[2025-01-14T17:01:29.015-0500] {processor.py:925} INFO - DAG(s) 'example_workday_timetable' retrieved from /usr/local/lib/python3.10/site-packages/airflow/example_dags/example_workday_timetable.py
[2025-01-14T17:01:29.160-0500] {logging_mixin.py:190} INFO - [2025-01-14T17:01:29.160-0500] {dag.py:3239} INFO - Sync 1 DAGs
[2025-01-14T17:01:29.224-0500] {logging_mixin.py:190} INFO - [2025-01-14T17:01:29.224-0500] {dag.py:4180} INFO - Setting next_dagrun for example_workday_timetable to 2021-01-04 00:00:00+00:00, run_after=2021-01-05 00:00:00+00:00
[2025-01-14T17:01:29.249-0500] {processor.py:208} INFO - Processing /usr/local/lib/python3.10/site-packages/airflow/example_dags/example_workday_timetable.py took 0.906 seconds
[2025-01-14T17:04:29.049-0500] {processor.py:186} INFO - Started process (PID=10630) to work on /usr/local/lib/python3.10/site-packages/airflow/example_dags/example_workday_timetable.py
[2025-01-14T17:04:29.052-0500] {processor.py:914} INFO - Processing file /usr/local/lib/python3.10/site-packages/airflow/example_dags/example_workday_timetable.py for tasks to queue
[2025-01-14T17:04:29.053-0500] {logging_mixin.py:190} INFO - [2025-01-14T17:04:29.053-0500] {dagbag.py:588} INFO - Filling up the DagBag from /usr/local/lib/python3.10/site-packages/airflow/example_dags/example_workday_timetable.py
[2025-01-14T17:04:29.740-0500] {processor.py:925} INFO - DAG(s) 'example_workday_timetable' retrieved from /usr/local/lib/python3.10/site-packages/airflow/example_dags/example_workday_timetable.py
[2025-01-14T17:04:29.885-0500] {logging_mixin.py:190} INFO - [2025-01-14T17:04:29.884-0500] {dag.py:3239} INFO - Sync 1 DAGs
[2025-01-14T17:04:29.943-0500] {logging_mixin.py:190} INFO - [2025-01-14T17:04:29.943-0500] {dag.py:4180} INFO - Setting next_dagrun for example_workday_timetable to 2021-01-04 00:00:00+00:00, run_after=2021-01-05 00:00:00+00:00
[2025-01-14T17:04:29.963-0500] {processor.py:208} INFO - Processing /usr/local/lib/python3.10/site-packages/airflow/example_dags/example_workday_timetable.py took 0.922 seconds
[2025-01-14T17:07:10.056-0500] {processor.py:186} INFO - Started process (PID=12528) to work on /usr/local/lib/python3.10/site-packages/airflow/example_dags/example_workday_timetable.py
[2025-01-14T17:07:10.058-0500] {processor.py:914} INFO - Processing file /usr/local/lib/python3.10/site-packages/airflow/example_dags/example_workday_timetable.py for tasks to queue
[2025-01-14T17:07:10.059-0500] {logging_mixin.py:190} INFO - [2025-01-14T17:07:10.059-0500] {dagbag.py:588} INFO - Filling up the DagBag from /usr/local/lib/python3.10/site-packages/airflow/example_dags/example_workday_timetable.py
[2025-01-14T17:07:10.596-0500] {processor.py:925} INFO - DAG(s) 'example_workday_timetable' retrieved from /usr/local/lib/python3.10/site-packages/airflow/example_dags/example_workday_timetable.py
[2025-01-14T17:07:10.700-0500] {logging_mixin.py:190} INFO - [2025-01-14T17:07:10.699-0500] {dag.py:3239} INFO - Sync 1 DAGs
[2025-01-14T17:07:10.747-0500] {logging_mixin.py:190} INFO - [2025-01-14T17:07:10.747-0500] {dag.py:4180} INFO - Setting next_dagrun for example_workday_timetable to 2021-01-04 00:00:00+00:00, run_after=2021-01-05 00:00:00+00:00
[2025-01-14T17:07:10.764-0500] {processor.py:208} INFO - Processing /usr/local/lib/python3.10/site-packages/airflow/example_dags/example_workday_timetable.py took 0.713 seconds
[2025-01-14T17:09:54.157-0500] {processor.py:186} INFO - Started process (PID=14298) to work on /usr/local/lib/python3.10/site-packages/airflow/example_dags/example_workday_timetable.py
[2025-01-14T17:09:54.159-0500] {processor.py:914} INFO - Processing file /usr/local/lib/python3.10/site-packages/airflow/example_dags/example_workday_timetable.py for tasks to queue
[2025-01-14T17:09:54.160-0500] {logging_mixin.py:190} INFO - [2025-01-14T17:09:54.160-0500] {dagbag.py:588} INFO - Filling up the DagBag from /usr/local/lib/python3.10/site-packages/airflow/example_dags/example_workday_timetable.py
[2025-01-14T17:09:54.649-0500] {processor.py:925} INFO - DAG(s) 'example_workday_timetable' retrieved from /usr/local/lib/python3.10/site-packages/airflow/example_dags/example_workday_timetable.py
[2025-01-14T17:09:54.787-0500] {logging_mixin.py:190} INFO - [2025-01-14T17:09:54.787-0500] {dag.py:3239} INFO - Sync 1 DAGs
[2025-01-14T17:09:54.848-0500] {logging_mixin.py:190} INFO - [2025-01-14T17:09:54.848-0500] {dag.py:4180} INFO - Setting next_dagrun for example_workday_timetable to 2021-01-04 00:00:00+00:00, run_after=2021-01-05 00:00:00+00:00
[2025-01-14T17:09:54.868-0500] {processor.py:208} INFO - Processing /usr/local/lib/python3.10/site-packages/airflow/example_dags/example_workday_timetable.py took 0.716 seconds
[2025-01-14T17:12:29.205-0500] {processor.py:186} INFO - Started process (PID=16080) to work on /usr/local/lib/python3.10/site-packages/airflow/example_dags/example_workday_timetable.py
[2025-01-14T17:12:29.207-0500] {processor.py:914} INFO - Processing file /usr/local/lib/python3.10/site-packages/airflow/example_dags/example_workday_timetable.py for tasks to queue
[2025-01-14T17:12:29.208-0500] {logging_mixin.py:190} INFO - [2025-01-14T17:12:29.208-0500] {dagbag.py:588} INFO - Filling up the DagBag from /usr/local/lib/python3.10/site-packages/airflow/example_dags/example_workday_timetable.py
[2025-01-14T17:12:29.585-0500] {processor.py:925} INFO - DAG(s) 'example_workday_timetable' retrieved from /usr/local/lib/python3.10/site-packages/airflow/example_dags/example_workday_timetable.py
[2025-01-14T17:12:29.696-0500] {logging_mixin.py:190} INFO - [2025-01-14T17:12:29.695-0500] {dag.py:3239} INFO - Sync 1 DAGs
[2025-01-14T17:12:29.742-0500] {logging_mixin.py:190} INFO - [2025-01-14T17:12:29.742-0500] {dag.py:4180} INFO - Setting next_dagrun for example_workday_timetable to 2021-01-04 00:00:00+00:00, run_after=2021-01-05 00:00:00+00:00
[2025-01-14T17:12:29.758-0500] {processor.py:208} INFO - Processing /usr/local/lib/python3.10/site-packages/airflow/example_dags/example_workday_timetable.py took 0.556 seconds
[2025-01-14T17:14:51.966-0500] {processor.py:186} INFO - Started process (PID=17732) to work on /usr/local/lib/python3.10/site-packages/airflow/example_dags/example_workday_timetable.py
[2025-01-14T17:14:51.968-0500] {processor.py:914} INFO - Processing file /usr/local/lib/python3.10/site-packages/airflow/example_dags/example_workday_timetable.py for tasks to queue
[2025-01-14T17:14:51.969-0500] {logging_mixin.py:190} INFO - [2025-01-14T17:14:51.969-0500] {dagbag.py:588} INFO - Filling up the DagBag from /usr/local/lib/python3.10/site-packages/airflow/example_dags/example_workday_timetable.py
[2025-01-14T17:14:52.357-0500] {processor.py:925} INFO - DAG(s) 'example_workday_timetable' retrieved from /usr/local/lib/python3.10/site-packages/airflow/example_dags/example_workday_timetable.py
[2025-01-14T17:14:52.465-0500] {logging_mixin.py:190} INFO - [2025-01-14T17:14:52.465-0500] {dag.py:3239} INFO - Sync 1 DAGs
[2025-01-14T17:14:52.505-0500] {logging_mixin.py:190} INFO - [2025-01-14T17:14:52.505-0500] {dag.py:4180} INFO - Setting next_dagrun for example_workday_timetable to 2021-01-04 00:00:00+00:00, run_after=2021-01-05 00:00:00+00:00
[2025-01-14T17:14:52.518-0500] {processor.py:208} INFO - Processing /usr/local/lib/python3.10/site-packages/airflow/example_dags/example_workday_timetable.py took 0.556 seconds
[2025-01-14T17:17:09.120-0500] {processor.py:186} INFO - Started process (PID=19357) to work on /usr/local/lib/python3.10/site-packages/airflow/example_dags/example_workday_timetable.py
[2025-01-14T17:17:09.122-0500] {processor.py:914} INFO - Processing file /usr/local/lib/python3.10/site-packages/airflow/example_dags/example_workday_timetable.py for tasks to queue
[2025-01-14T17:17:09.123-0500] {logging_mixin.py:190} INFO - [2025-01-14T17:17:09.123-0500] {dagbag.py:588} INFO - Filling up the DagBag from /usr/local/lib/python3.10/site-packages/airflow/example_dags/example_workday_timetable.py
[2025-01-14T17:17:09.587-0500] {processor.py:925} INFO - DAG(s) 'example_workday_timetable' retrieved from /usr/local/lib/python3.10/site-packages/airflow/example_dags/example_workday_timetable.py
[2025-01-14T17:17:09.716-0500] {logging_mixin.py:190} INFO - [2025-01-14T17:17:09.716-0500] {dag.py:3239} INFO - Sync 1 DAGs
[2025-01-14T17:17:09.769-0500] {logging_mixin.py:190} INFO - [2025-01-14T17:17:09.769-0500] {dag.py:4180} INFO - Setting next_dagrun for example_workday_timetable to 2021-01-04 00:00:00+00:00, run_after=2021-01-05 00:00:00+00:00
[2025-01-14T17:17:09.785-0500] {processor.py:208} INFO - Processing /usr/local/lib/python3.10/site-packages/airflow/example_dags/example_workday_timetable.py took 0.670 seconds
[2025-01-14T17:19:26.311-0500] {processor.py:186} INFO - Started process (PID=20885) to work on /usr/local/lib/python3.10/site-packages/airflow/example_dags/example_workday_timetable.py
[2025-01-14T17:19:26.313-0500] {processor.py:914} INFO - Processing file /usr/local/lib/python3.10/site-packages/airflow/example_dags/example_workday_timetable.py for tasks to queue
[2025-01-14T17:19:26.314-0500] {logging_mixin.py:190} INFO - [2025-01-14T17:19:26.314-0500] {dagbag.py:588} INFO - Filling up the DagBag from /usr/local/lib/python3.10/site-packages/airflow/example_dags/example_workday_timetable.py
[2025-01-14T17:19:26.742-0500] {processor.py:925} INFO - DAG(s) 'example_workday_timetable' retrieved from /usr/local/lib/python3.10/site-packages/airflow/example_dags/example_workday_timetable.py
[2025-01-14T17:19:26.860-0500] {logging_mixin.py:190} INFO - [2025-01-14T17:19:26.860-0500] {dag.py:3239} INFO - Sync 1 DAGs
[2025-01-14T17:19:26.909-0500] {logging_mixin.py:190} INFO - [2025-01-14T17:19:26.908-0500] {dag.py:4180} INFO - Setting next_dagrun for example_workday_timetable to 2021-01-04 00:00:00+00:00, run_after=2021-01-05 00:00:00+00:00
[2025-01-14T17:19:26.926-0500] {processor.py:208} INFO - Processing /usr/local/lib/python3.10/site-packages/airflow/example_dags/example_workday_timetable.py took 0.619 seconds
[2025-01-14T17:21:46.321-0500] {processor.py:186} INFO - Started process (PID=22519) to work on /usr/local/lib/python3.10/site-packages/airflow/example_dags/example_workday_timetable.py
[2025-01-14T17:21:46.324-0500] {processor.py:914} INFO - Processing file /usr/local/lib/python3.10/site-packages/airflow/example_dags/example_workday_timetable.py for tasks to queue
[2025-01-14T17:21:46.325-0500] {logging_mixin.py:190} INFO - [2025-01-14T17:21:46.325-0500] {dagbag.py:588} INFO - Filling up the DagBag from /usr/local/lib/python3.10/site-packages/airflow/example_dags/example_workday_timetable.py
[2025-01-14T17:21:46.898-0500] {processor.py:925} INFO - DAG(s) 'example_workday_timetable' retrieved from /usr/local/lib/python3.10/site-packages/airflow/example_dags/example_workday_timetable.py
[2025-01-14T17:21:47.010-0500] {logging_mixin.py:190} INFO - [2025-01-14T17:21:47.010-0500] {dag.py:3239} INFO - Sync 1 DAGs
[2025-01-14T17:21:47.060-0500] {logging_mixin.py:190} INFO - [2025-01-14T17:21:47.060-0500] {dag.py:4180} INFO - Setting next_dagrun for example_workday_timetable to 2021-01-04 00:00:00+00:00, run_after=2021-01-05 00:00:00+00:00
[2025-01-14T17:21:47.076-0500] {processor.py:208} INFO - Processing /usr/local/lib/python3.10/site-packages/airflow/example_dags/example_workday_timetable.py took 0.759 seconds
[2025-01-14T17:24:11.502-0500] {processor.py:186} INFO - Started process (PID=24161) to work on /usr/local/lib/python3.10/site-packages/airflow/example_dags/example_workday_timetable.py
[2025-01-14T17:24:11.504-0500] {processor.py:914} INFO - Processing file /usr/local/lib/python3.10/site-packages/airflow/example_dags/example_workday_timetable.py for tasks to queue
[2025-01-14T17:24:11.505-0500] {logging_mixin.py:190} INFO - [2025-01-14T17:24:11.505-0500] {dagbag.py:588} INFO - Filling up the DagBag from /usr/local/lib/python3.10/site-packages/airflow/example_dags/example_workday_timetable.py
[2025-01-14T17:24:11.924-0500] {processor.py:925} INFO - DAG(s) 'example_workday_timetable' retrieved from /usr/local/lib/python3.10/site-packages/airflow/example_dags/example_workday_timetable.py
[2025-01-14T17:24:12.051-0500] {logging_mixin.py:190} INFO - [2025-01-14T17:24:12.051-0500] {dag.py:3239} INFO - Sync 1 DAGs
[2025-01-14T17:24:12.104-0500] {logging_mixin.py:190} INFO - [2025-01-14T17:24:12.103-0500] {dag.py:4180} INFO - Setting next_dagrun for example_workday_timetable to 2021-01-04 00:00:00+00:00, run_after=2021-01-05 00:00:00+00:00
[2025-01-14T17:24:12.121-0500] {processor.py:208} INFO - Processing /usr/local/lib/python3.10/site-packages/airflow/example_dags/example_workday_timetable.py took 0.623 seconds
[2025-01-14T17:26:34.182-0500] {processor.py:186} INFO - Started process (PID=25699) to work on /usr/local/lib/python3.10/site-packages/airflow/example_dags/example_workday_timetable.py
[2025-01-14T17:26:34.183-0500] {processor.py:914} INFO - Processing file /usr/local/lib/python3.10/site-packages/airflow/example_dags/example_workday_timetable.py for tasks to queue
[2025-01-14T17:26:34.184-0500] {logging_mixin.py:190} INFO - [2025-01-14T17:26:34.184-0500] {dagbag.py:588} INFO - Filling up the DagBag from /usr/local/lib/python3.10/site-packages/airflow/example_dags/example_workday_timetable.py
[2025-01-14T17:26:34.601-0500] {processor.py:925} INFO - DAG(s) 'example_workday_timetable' retrieved from /usr/local/lib/python3.10/site-packages/airflow/example_dags/example_workday_timetable.py
[2025-01-14T17:26:34.702-0500] {logging_mixin.py:190} INFO - [2025-01-14T17:26:34.701-0500] {dag.py:3239} INFO - Sync 1 DAGs
[2025-01-14T17:26:34.746-0500] {logging_mixin.py:190} INFO - [2025-01-14T17:26:34.746-0500] {dag.py:4180} INFO - Setting next_dagrun for example_workday_timetable to 2021-01-04 00:00:00+00:00, run_after=2021-01-05 00:00:00+00:00
[2025-01-14T17:26:34.762-0500] {processor.py:208} INFO - Processing /usr/local/lib/python3.10/site-packages/airflow/example_dags/example_workday_timetable.py took 0.585 seconds
[2025-01-14T17:28:58.111-0500] {processor.py:186} INFO - Started process (PID=27335) to work on /usr/local/lib/python3.10/site-packages/airflow/example_dags/example_workday_timetable.py
[2025-01-14T17:28:58.113-0500] {processor.py:914} INFO - Processing file /usr/local/lib/python3.10/site-packages/airflow/example_dags/example_workday_timetable.py for tasks to queue
[2025-01-14T17:28:58.114-0500] {logging_mixin.py:190} INFO - [2025-01-14T17:28:58.114-0500] {dagbag.py:588} INFO - Filling up the DagBag from /usr/local/lib/python3.10/site-packages/airflow/example_dags/example_workday_timetable.py
[2025-01-14T17:28:58.532-0500] {processor.py:925} INFO - DAG(s) 'example_workday_timetable' retrieved from /usr/local/lib/python3.10/site-packages/airflow/example_dags/example_workday_timetable.py
[2025-01-14T17:28:58.743-0500] {logging_mixin.py:190} INFO - [2025-01-14T17:28:58.742-0500] {dag.py:3239} INFO - Sync 1 DAGs
[2025-01-14T17:28:58.824-0500] {logging_mixin.py:190} INFO - [2025-01-14T17:28:58.824-0500] {dag.py:4180} INFO - Setting next_dagrun for example_workday_timetable to 2021-01-04 00:00:00+00:00, run_after=2021-01-05 00:00:00+00:00
[2025-01-14T17:28:58.846-0500] {processor.py:208} INFO - Processing /usr/local/lib/python3.10/site-packages/airflow/example_dags/example_workday_timetable.py took 0.739 seconds
[2025-01-14T17:31:19.196-0500] {processor.py:186} INFO - Started process (PID=28978) to work on /usr/local/lib/python3.10/site-packages/airflow/example_dags/example_workday_timetable.py
[2025-01-14T17:31:19.198-0500] {processor.py:914} INFO - Processing file /usr/local/lib/python3.10/site-packages/airflow/example_dags/example_workday_timetable.py for tasks to queue
[2025-01-14T17:31:19.199-0500] {logging_mixin.py:190} INFO - [2025-01-14T17:31:19.199-0500] {dagbag.py:588} INFO - Filling up the DagBag from /usr/local/lib/python3.10/site-packages/airflow/example_dags/example_workday_timetable.py
[2025-01-14T17:31:19.635-0500] {processor.py:925} INFO - DAG(s) 'example_workday_timetable' retrieved from /usr/local/lib/python3.10/site-packages/airflow/example_dags/example_workday_timetable.py
[2025-01-14T17:31:19.748-0500] {logging_mixin.py:190} INFO - [2025-01-14T17:31:19.747-0500] {dag.py:3239} INFO - Sync 1 DAGs
[2025-01-14T17:31:19.801-0500] {logging_mixin.py:190} INFO - [2025-01-14T17:31:19.801-0500] {dag.py:4180} INFO - Setting next_dagrun for example_workday_timetable to 2021-01-04 00:00:00+00:00, run_after=2021-01-05 00:00:00+00:00
[2025-01-14T17:31:19.820-0500] {processor.py:208} INFO - Processing /usr/local/lib/python3.10/site-packages/airflow/example_dags/example_workday_timetable.py took 0.629 seconds
[2025-01-14T17:33:37.414-0500] {processor.py:186} INFO - Started process (PID=30608) to work on /usr/local/lib/python3.10/site-packages/airflow/example_dags/example_workday_timetable.py
[2025-01-14T17:33:37.415-0500] {processor.py:914} INFO - Processing file /usr/local/lib/python3.10/site-packages/airflow/example_dags/example_workday_timetable.py for tasks to queue
[2025-01-14T17:33:37.417-0500] {logging_mixin.py:190} INFO - [2025-01-14T17:33:37.416-0500] {dagbag.py:588} INFO - Filling up the DagBag from /usr/local/lib/python3.10/site-packages/airflow/example_dags/example_workday_timetable.py
[2025-01-14T17:33:37.844-0500] {processor.py:925} INFO - DAG(s) 'example_workday_timetable' retrieved from /usr/local/lib/python3.10/site-packages/airflow/example_dags/example_workday_timetable.py
[2025-01-14T17:33:37.942-0500] {logging_mixin.py:190} INFO - [2025-01-14T17:33:37.942-0500] {dag.py:3239} INFO - Sync 1 DAGs
[2025-01-14T17:33:37.994-0500] {logging_mixin.py:190} INFO - [2025-01-14T17:33:37.993-0500] {dag.py:4180} INFO - Setting next_dagrun for example_workday_timetable to 2021-01-04 00:00:00+00:00, run_after=2021-01-05 00:00:00+00:00
[2025-01-14T17:33:38.012-0500] {processor.py:208} INFO - Processing /usr/local/lib/python3.10/site-packages/airflow/example_dags/example_workday_timetable.py took 0.602 seconds
[2025-01-14T17:35:50.419-0500] {processor.py:186} INFO - Started process (PID=32052) to work on /usr/local/lib/python3.10/site-packages/airflow/example_dags/example_workday_timetable.py
[2025-01-14T17:35:50.421-0500] {processor.py:914} INFO - Processing file /usr/local/lib/python3.10/site-packages/airflow/example_dags/example_workday_timetable.py for tasks to queue
[2025-01-14T17:35:50.422-0500] {logging_mixin.py:190} INFO - [2025-01-14T17:35:50.422-0500] {dagbag.py:588} INFO - Filling up the DagBag from /usr/local/lib/python3.10/site-packages/airflow/example_dags/example_workday_timetable.py
[2025-01-14T17:35:50.799-0500] {processor.py:925} INFO - DAG(s) 'example_workday_timetable' retrieved from /usr/local/lib/python3.10/site-packages/airflow/example_dags/example_workday_timetable.py
[2025-01-14T17:35:50.895-0500] {logging_mixin.py:190} INFO - [2025-01-14T17:35:50.895-0500] {dag.py:3239} INFO - Sync 1 DAGs
[2025-01-14T17:35:50.940-0500] {logging_mixin.py:190} INFO - [2025-01-14T17:35:50.940-0500] {dag.py:4180} INFO - Setting next_dagrun for example_workday_timetable to 2021-01-04 00:00:00+00:00, run_after=2021-01-05 00:00:00+00:00
[2025-01-14T17:35:50.957-0500] {processor.py:208} INFO - Processing /usr/local/lib/python3.10/site-packages/airflow/example_dags/example_workday_timetable.py took 0.542 seconds
[2025-01-14T17:38:05.543-0500] {processor.py:186} INFO - Started process (PID=33705) to work on /usr/local/lib/python3.10/site-packages/airflow/example_dags/example_workday_timetable.py
[2025-01-14T17:38:05.545-0500] {processor.py:914} INFO - Processing file /usr/local/lib/python3.10/site-packages/airflow/example_dags/example_workday_timetable.py for tasks to queue
[2025-01-14T17:38:05.546-0500] {logging_mixin.py:190} INFO - [2025-01-14T17:38:05.546-0500] {dagbag.py:588} INFO - Filling up the DagBag from /usr/local/lib/python3.10/site-packages/airflow/example_dags/example_workday_timetable.py
[2025-01-14T17:38:05.935-0500] {processor.py:925} INFO - DAG(s) 'example_workday_timetable' retrieved from /usr/local/lib/python3.10/site-packages/airflow/example_dags/example_workday_timetable.py
[2025-01-14T17:38:06.052-0500] {logging_mixin.py:190} INFO - [2025-01-14T17:38:06.052-0500] {dag.py:3239} INFO - Sync 1 DAGs
[2025-01-14T17:38:06.102-0500] {logging_mixin.py:190} INFO - [2025-01-14T17:38:06.102-0500] {dag.py:4180} INFO - Setting next_dagrun for example_workday_timetable to 2021-01-04 00:00:00+00:00, run_after=2021-01-05 00:00:00+00:00
[2025-01-14T17:38:06.119-0500] {processor.py:208} INFO - Processing /usr/local/lib/python3.10/site-packages/airflow/example_dags/example_workday_timetable.py took 0.580 seconds
[2025-01-14T17:40:21.499-0500] {processor.py:186} INFO - Started process (PID=35269) to work on /usr/local/lib/python3.10/site-packages/airflow/example_dags/example_workday_timetable.py
[2025-01-14T17:40:21.501-0500] {processor.py:914} INFO - Processing file /usr/local/lib/python3.10/site-packages/airflow/example_dags/example_workday_timetable.py for tasks to queue
[2025-01-14T17:40:21.502-0500] {logging_mixin.py:190} INFO - [2025-01-14T17:40:21.502-0500] {dagbag.py:588} INFO - Filling up the DagBag from /usr/local/lib/python3.10/site-packages/airflow/example_dags/example_workday_timetable.py
[2025-01-14T17:40:21.878-0500] {processor.py:925} INFO - DAG(s) 'example_workday_timetable' retrieved from /usr/local/lib/python3.10/site-packages/airflow/example_dags/example_workday_timetable.py
[2025-01-14T17:40:21.987-0500] {logging_mixin.py:190} INFO - [2025-01-14T17:40:21.987-0500] {dag.py:3239} INFO - Sync 1 DAGs
[2025-01-14T17:40:22.032-0500] {logging_mixin.py:190} INFO - [2025-01-14T17:40:22.032-0500] {dag.py:4180} INFO - Setting next_dagrun for example_workday_timetable to 2021-01-04 00:00:00+00:00, run_after=2021-01-05 00:00:00+00:00
[2025-01-14T17:40:22.045-0500] {processor.py:208} INFO - Processing /usr/local/lib/python3.10/site-packages/airflow/example_dags/example_workday_timetable.py took 0.550 seconds
[2025-01-14T17:42:36.527-0500] {processor.py:186} INFO - Started process (PID=36902) to work on /usr/local/lib/python3.10/site-packages/airflow/example_dags/example_workday_timetable.py
[2025-01-14T17:42:36.529-0500] {processor.py:914} INFO - Processing file /usr/local/lib/python3.10/site-packages/airflow/example_dags/example_workday_timetable.py for tasks to queue
[2025-01-14T17:42:36.530-0500] {logging_mixin.py:190} INFO - [2025-01-14T17:42:36.530-0500] {dagbag.py:588} INFO - Filling up the DagBag from /usr/local/lib/python3.10/site-packages/airflow/example_dags/example_workday_timetable.py
[2025-01-14T17:42:37.080-0500] {processor.py:925} INFO - DAG(s) 'example_workday_timetable' retrieved from /usr/local/lib/python3.10/site-packages/airflow/example_dags/example_workday_timetable.py
[2025-01-14T17:42:37.178-0500] {logging_mixin.py:190} INFO - [2025-01-14T17:42:37.177-0500] {dag.py:3239} INFO - Sync 1 DAGs
[2025-01-14T17:42:37.223-0500] {logging_mixin.py:190} INFO - [2025-01-14T17:42:37.223-0500] {dag.py:4180} INFO - Setting next_dagrun for example_workday_timetable to 2021-01-04 00:00:00+00:00, run_after=2021-01-05 00:00:00+00:00
[2025-01-14T17:42:37.238-0500] {processor.py:208} INFO - Processing /usr/local/lib/python3.10/site-packages/airflow/example_dags/example_workday_timetable.py took 0.715 seconds
[2025-01-14T17:44:51.828-0500] {processor.py:186} INFO - Started process (PID=38443) to work on /usr/local/lib/python3.10/site-packages/airflow/example_dags/example_workday_timetable.py
[2025-01-14T17:44:51.830-0500] {processor.py:914} INFO - Processing file /usr/local/lib/python3.10/site-packages/airflow/example_dags/example_workday_timetable.py for tasks to queue
[2025-01-14T17:44:51.831-0500] {logging_mixin.py:190} INFO - [2025-01-14T17:44:51.831-0500] {dagbag.py:588} INFO - Filling up the DagBag from /usr/local/lib/python3.10/site-packages/airflow/example_dags/example_workday_timetable.py
[2025-01-14T17:44:52.220-0500] {processor.py:925} INFO - DAG(s) 'example_workday_timetable' retrieved from /usr/local/lib/python3.10/site-packages/airflow/example_dags/example_workday_timetable.py
[2025-01-14T17:44:52.317-0500] {logging_mixin.py:190} INFO - [2025-01-14T17:44:52.316-0500] {dag.py:3239} INFO - Sync 1 DAGs
[2025-01-14T17:44:52.359-0500] {logging_mixin.py:190} INFO - [2025-01-14T17:44:52.358-0500] {dag.py:4180} INFO - Setting next_dagrun for example_workday_timetable to 2021-01-04 00:00:00+00:00, run_after=2021-01-05 00:00:00+00:00
[2025-01-14T17:44:52.373-0500] {processor.py:208} INFO - Processing /usr/local/lib/python3.10/site-packages/airflow/example_dags/example_workday_timetable.py took 0.549 seconds
[2025-01-14T17:47:07.239-0500] {processor.py:186} INFO - Started process (PID=39966) to work on /usr/local/lib/python3.10/site-packages/airflow/example_dags/example_workday_timetable.py
[2025-01-14T17:47:07.241-0500] {processor.py:914} INFO - Processing file /usr/local/lib/python3.10/site-packages/airflow/example_dags/example_workday_timetable.py for tasks to queue
[2025-01-14T17:47:07.242-0500] {logging_mixin.py:190} INFO - [2025-01-14T17:47:07.242-0500] {dagbag.py:588} INFO - Filling up the DagBag from /usr/local/lib/python3.10/site-packages/airflow/example_dags/example_workday_timetable.py
[2025-01-14T17:47:07.619-0500] {processor.py:925} INFO - DAG(s) 'example_workday_timetable' retrieved from /usr/local/lib/python3.10/site-packages/airflow/example_dags/example_workday_timetable.py
[2025-01-14T17:47:07.737-0500] {logging_mixin.py:190} INFO - [2025-01-14T17:47:07.737-0500] {dag.py:3239} INFO - Sync 1 DAGs
[2025-01-14T17:47:07.793-0500] {logging_mixin.py:190} INFO - [2025-01-14T17:47:07.793-0500] {dag.py:4180} INFO - Setting next_dagrun for example_workday_timetable to 2021-01-04 00:00:00+00:00, run_after=2021-01-05 00:00:00+00:00
[2025-01-14T17:47:07.811-0500] {processor.py:208} INFO - Processing /usr/local/lib/python3.10/site-packages/airflow/example_dags/example_workday_timetable.py took 0.576 seconds
[2025-01-14T17:49:22.518-0500] {processor.py:186} INFO - Started process (PID=41489) to work on /usr/local/lib/python3.10/site-packages/airflow/example_dags/example_workday_timetable.py
[2025-01-14T17:49:22.519-0500] {processor.py:914} INFO - Processing file /usr/local/lib/python3.10/site-packages/airflow/example_dags/example_workday_timetable.py for tasks to queue
[2025-01-14T17:49:22.520-0500] {logging_mixin.py:190} INFO - [2025-01-14T17:49:22.520-0500] {dagbag.py:588} INFO - Filling up the DagBag from /usr/local/lib/python3.10/site-packages/airflow/example_dags/example_workday_timetable.py
[2025-01-14T17:49:22.967-0500] {processor.py:925} INFO - DAG(s) 'example_workday_timetable' retrieved from /usr/local/lib/python3.10/site-packages/airflow/example_dags/example_workday_timetable.py
[2025-01-14T17:49:23.102-0500] {logging_mixin.py:190} INFO - [2025-01-14T17:49:23.102-0500] {dag.py:3239} INFO - Sync 1 DAGs
[2025-01-14T17:49:23.154-0500] {logging_mixin.py:190} INFO - [2025-01-14T17:49:23.153-0500] {dag.py:4180} INFO - Setting next_dagrun for example_workday_timetable to 2021-01-04 00:00:00+00:00, run_after=2021-01-05 00:00:00+00:00
[2025-01-14T17:49:23.170-0500] {processor.py:208} INFO - Processing /usr/local/lib/python3.10/site-packages/airflow/example_dags/example_workday_timetable.py took 0.656 seconds
[2025-01-14T17:51:39.030-0500] {processor.py:186} INFO - Started process (PID=43117) to work on /usr/local/lib/python3.10/site-packages/airflow/example_dags/example_workday_timetable.py
[2025-01-14T17:51:39.031-0500] {processor.py:914} INFO - Processing file /usr/local/lib/python3.10/site-packages/airflow/example_dags/example_workday_timetable.py for tasks to queue
[2025-01-14T17:51:39.032-0500] {logging_mixin.py:190} INFO - [2025-01-14T17:51:39.032-0500] {dagbag.py:588} INFO - Filling up the DagBag from /usr/local/lib/python3.10/site-packages/airflow/example_dags/example_workday_timetable.py
[2025-01-14T17:51:39.510-0500] {processor.py:925} INFO - DAG(s) 'example_workday_timetable' retrieved from /usr/local/lib/python3.10/site-packages/airflow/example_dags/example_workday_timetable.py
[2025-01-14T17:51:39.654-0500] {logging_mixin.py:190} INFO - [2025-01-14T17:51:39.653-0500] {dag.py:3239} INFO - Sync 1 DAGs
[2025-01-14T17:51:39.739-0500] {logging_mixin.py:190} INFO - [2025-01-14T17:51:39.739-0500] {dag.py:4180} INFO - Setting next_dagrun for example_workday_timetable to 2021-01-04 00:00:00+00:00, run_after=2021-01-05 00:00:00+00:00
[2025-01-14T17:51:39.758-0500] {processor.py:208} INFO - Processing /usr/local/lib/python3.10/site-packages/airflow/example_dags/example_workday_timetable.py took 0.732 seconds
[2025-01-14T17:53:54.814-0500] {processor.py:186} INFO - Started process (PID=44651) to work on /usr/local/lib/python3.10/site-packages/airflow/example_dags/example_workday_timetable.py
[2025-01-14T17:53:54.815-0500] {processor.py:914} INFO - Processing file /usr/local/lib/python3.10/site-packages/airflow/example_dags/example_workday_timetable.py for tasks to queue
[2025-01-14T17:53:54.816-0500] {logging_mixin.py:190} INFO - [2025-01-14T17:53:54.816-0500] {dagbag.py:588} INFO - Filling up the DagBag from /usr/local/lib/python3.10/site-packages/airflow/example_dags/example_workday_timetable.py
[2025-01-14T17:53:55.350-0500] {processor.py:925} INFO - DAG(s) 'example_workday_timetable' retrieved from /usr/local/lib/python3.10/site-packages/airflow/example_dags/example_workday_timetable.py
[2025-01-14T17:53:55.453-0500] {logging_mixin.py:190} INFO - [2025-01-14T17:53:55.453-0500] {dag.py:3239} INFO - Sync 1 DAGs
[2025-01-14T17:53:55.494-0500] {logging_mixin.py:190} INFO - [2025-01-14T17:53:55.494-0500] {dag.py:4180} INFO - Setting next_dagrun for example_workday_timetable to 2021-01-04 00:00:00+00:00, run_after=2021-01-05 00:00:00+00:00
[2025-01-14T17:53:55.507-0500] {processor.py:208} INFO - Processing /usr/local/lib/python3.10/site-packages/airflow/example_dags/example_workday_timetable.py took 0.697 seconds
[2025-01-14T17:56:12.359-0500] {processor.py:186} INFO - Started process (PID=46250) to work on /usr/local/lib/python3.10/site-packages/airflow/example_dags/example_workday_timetable.py
[2025-01-14T17:56:12.361-0500] {processor.py:914} INFO - Processing file /usr/local/lib/python3.10/site-packages/airflow/example_dags/example_workday_timetable.py for tasks to queue
[2025-01-14T17:56:12.362-0500] {logging_mixin.py:190} INFO - [2025-01-14T17:56:12.362-0500] {dagbag.py:588} INFO - Filling up the DagBag from /usr/local/lib/python3.10/site-packages/airflow/example_dags/example_workday_timetable.py
[2025-01-14T17:56:12.961-0500] {processor.py:925} INFO - DAG(s) 'example_workday_timetable' retrieved from /usr/local/lib/python3.10/site-packages/airflow/example_dags/example_workday_timetable.py
[2025-01-14T17:56:13.085-0500] {logging_mixin.py:190} INFO - [2025-01-14T17:56:13.085-0500] {dag.py:3239} INFO - Sync 1 DAGs
[2025-01-14T17:56:13.133-0500] {logging_mixin.py:190} INFO - [2025-01-14T17:56:13.133-0500] {dag.py:4180} INFO - Setting next_dagrun for example_workday_timetable to 2021-01-04 00:00:00+00:00, run_after=2021-01-05 00:00:00+00:00
[2025-01-14T17:56:13.151-0500] {processor.py:208} INFO - Processing /usr/local/lib/python3.10/site-packages/airflow/example_dags/example_workday_timetable.py took 0.795 seconds
[2025-01-14T17:58:32.823-0500] {processor.py:186} INFO - Started process (PID=47894) to work on /usr/local/lib/python3.10/site-packages/airflow/example_dags/example_workday_timetable.py
[2025-01-14T17:58:32.824-0500] {processor.py:914} INFO - Processing file /usr/local/lib/python3.10/site-packages/airflow/example_dags/example_workday_timetable.py for tasks to queue
[2025-01-14T17:58:32.825-0500] {logging_mixin.py:190} INFO - [2025-01-14T17:58:32.825-0500] {dagbag.py:588} INFO - Filling up the DagBag from /usr/local/lib/python3.10/site-packages/airflow/example_dags/example_workday_timetable.py
[2025-01-14T17:58:33.193-0500] {processor.py:925} INFO - DAG(s) 'example_workday_timetable' retrieved from /usr/local/lib/python3.10/site-packages/airflow/example_dags/example_workday_timetable.py
[2025-01-14T17:58:33.291-0500] {logging_mixin.py:190} INFO - [2025-01-14T17:58:33.291-0500] {dag.py:3239} INFO - Sync 1 DAGs
[2025-01-14T17:58:33.338-0500] {logging_mixin.py:190} INFO - [2025-01-14T17:58:33.337-0500] {dag.py:4180} INFO - Setting next_dagrun for example_workday_timetable to 2021-01-04 00:00:00+00:00, run_after=2021-01-05 00:00:00+00:00
[2025-01-14T17:58:33.354-0500] {processor.py:208} INFO - Processing /usr/local/lib/python3.10/site-packages/airflow/example_dags/example_workday_timetable.py took 0.535 seconds
[2025-01-14T18:00:52.659-0500] {processor.py:186} INFO - Started process (PID=49466) to work on /usr/local/lib/python3.10/site-packages/airflow/example_dags/example_workday_timetable.py
[2025-01-14T18:00:52.661-0500] {processor.py:914} INFO - Processing file /usr/local/lib/python3.10/site-packages/airflow/example_dags/example_workday_timetable.py for tasks to queue
[2025-01-14T18:00:52.663-0500] {logging_mixin.py:190} INFO - [2025-01-14T18:00:52.662-0500] {dagbag.py:588} INFO - Filling up the DagBag from /usr/local/lib/python3.10/site-packages/airflow/example_dags/example_workday_timetable.py
[2025-01-14T18:00:53.187-0500] {processor.py:925} INFO - DAG(s) 'example_workday_timetable' retrieved from /usr/local/lib/python3.10/site-packages/airflow/example_dags/example_workday_timetable.py
[2025-01-14T18:00:53.310-0500] {logging_mixin.py:190} INFO - [2025-01-14T18:00:53.310-0500] {dag.py:3239} INFO - Sync 1 DAGs
[2025-01-14T18:00:53.359-0500] {logging_mixin.py:190} INFO - [2025-01-14T18:00:53.359-0500] {dag.py:4180} INFO - Setting next_dagrun for example_workday_timetable to 2021-01-04 00:00:00+00:00, run_after=2021-01-05 00:00:00+00:00
[2025-01-14T18:00:53.376-0500] {processor.py:208} INFO - Processing /usr/local/lib/python3.10/site-packages/airflow/example_dags/example_workday_timetable.py took 0.721 seconds
[2025-01-14T18:03:08.890-0500] {processor.py:186} INFO - Started process (PID=51101) to work on /usr/local/lib/python3.10/site-packages/airflow/example_dags/example_workday_timetable.py
[2025-01-14T18:03:08.891-0500] {processor.py:914} INFO - Processing file /usr/local/lib/python3.10/site-packages/airflow/example_dags/example_workday_timetable.py for tasks to queue
[2025-01-14T18:03:08.892-0500] {logging_mixin.py:190} INFO - [2025-01-14T18:03:08.892-0500] {dagbag.py:588} INFO - Filling up the DagBag from /usr/local/lib/python3.10/site-packages/airflow/example_dags/example_workday_timetable.py
[2025-01-14T18:03:09.325-0500] {processor.py:925} INFO - DAG(s) 'example_workday_timetable' retrieved from /usr/local/lib/python3.10/site-packages/airflow/example_dags/example_workday_timetable.py
[2025-01-14T18:03:09.435-0500] {logging_mixin.py:190} INFO - [2025-01-14T18:03:09.435-0500] {dag.py:3239} INFO - Sync 1 DAGs
[2025-01-14T18:03:09.482-0500] {logging_mixin.py:190} INFO - [2025-01-14T18:03:09.482-0500] {dag.py:4180} INFO - Setting next_dagrun for example_workday_timetable to 2021-01-04 00:00:00+00:00, run_after=2021-01-05 00:00:00+00:00
[2025-01-14T18:03:09.502-0500] {processor.py:208} INFO - Processing /usr/local/lib/python3.10/site-packages/airflow/example_dags/example_workday_timetable.py took 0.616 seconds
[2025-01-14T18:05:32.025-0500] {processor.py:186} INFO - Started process (PID=52774) to work on /usr/local/lib/python3.10/site-packages/airflow/example_dags/example_workday_timetable.py
[2025-01-14T18:05:32.026-0500] {processor.py:914} INFO - Processing file /usr/local/lib/python3.10/site-packages/airflow/example_dags/example_workday_timetable.py for tasks to queue
[2025-01-14T18:05:32.028-0500] {logging_mixin.py:190} INFO - [2025-01-14T18:05:32.027-0500] {dagbag.py:588} INFO - Filling up the DagBag from /usr/local/lib/python3.10/site-packages/airflow/example_dags/example_workday_timetable.py
[2025-01-14T18:05:32.599-0500] {processor.py:925} INFO - DAG(s) 'example_workday_timetable' retrieved from /usr/local/lib/python3.10/site-packages/airflow/example_dags/example_workday_timetable.py
[2025-01-14T18:05:32.710-0500] {logging_mixin.py:190} INFO - [2025-01-14T18:05:32.710-0500] {dag.py:3239} INFO - Sync 1 DAGs
[2025-01-14T18:05:32.767-0500] {logging_mixin.py:190} INFO - [2025-01-14T18:05:32.767-0500] {dag.py:4180} INFO - Setting next_dagrun for example_workday_timetable to 2021-01-04 00:00:00+00:00, run_after=2021-01-05 00:00:00+00:00
[2025-01-14T18:05:32.787-0500] {processor.py:208} INFO - Processing /usr/local/lib/python3.10/site-packages/airflow/example_dags/example_workday_timetable.py took 0.766 seconds
[2025-01-14T18:07:47.617-0500] {processor.py:186} INFO - Started process (PID=54301) to work on /usr/local/lib/python3.10/site-packages/airflow/example_dags/example_workday_timetable.py
[2025-01-14T18:07:47.619-0500] {processor.py:914} INFO - Processing file /usr/local/lib/python3.10/site-packages/airflow/example_dags/example_workday_timetable.py for tasks to queue
[2025-01-14T18:07:47.620-0500] {logging_mixin.py:190} INFO - [2025-01-14T18:07:47.620-0500] {dagbag.py:588} INFO - Filling up the DagBag from /usr/local/lib/python3.10/site-packages/airflow/example_dags/example_workday_timetable.py
[2025-01-14T18:07:47.992-0500] {processor.py:925} INFO - DAG(s) 'example_workday_timetable' retrieved from /usr/local/lib/python3.10/site-packages/airflow/example_dags/example_workday_timetable.py
[2025-01-14T18:07:48.106-0500] {logging_mixin.py:190} INFO - [2025-01-14T18:07:48.106-0500] {dag.py:3239} INFO - Sync 1 DAGs
[2025-01-14T18:07:48.152-0500] {logging_mixin.py:190} INFO - [2025-01-14T18:07:48.151-0500] {dag.py:4180} INFO - Setting next_dagrun for example_workday_timetable to 2021-01-04 00:00:00+00:00, run_after=2021-01-05 00:00:00+00:00
[2025-01-14T18:07:48.166-0500] {processor.py:208} INFO - Processing /usr/local/lib/python3.10/site-packages/airflow/example_dags/example_workday_timetable.py took 0.554 seconds
[2025-01-14T18:10:00.982-0500] {processor.py:186} INFO - Started process (PID=55828) to work on /usr/local/lib/python3.10/site-packages/airflow/example_dags/example_workday_timetable.py
[2025-01-14T18:10:00.983-0500] {processor.py:914} INFO - Processing file /usr/local/lib/python3.10/site-packages/airflow/example_dags/example_workday_timetable.py for tasks to queue
[2025-01-14T18:10:00.985-0500] {logging_mixin.py:190} INFO - [2025-01-14T18:10:00.984-0500] {dagbag.py:588} INFO - Filling up the DagBag from /usr/local/lib/python3.10/site-packages/airflow/example_dags/example_workday_timetable.py
[2025-01-14T18:10:01.389-0500] {processor.py:925} INFO - DAG(s) 'example_workday_timetable' retrieved from /usr/local/lib/python3.10/site-packages/airflow/example_dags/example_workday_timetable.py
[2025-01-14T18:10:01.514-0500] {logging_mixin.py:190} INFO - [2025-01-14T18:10:01.514-0500] {dag.py:3239} INFO - Sync 1 DAGs
[2025-01-14T18:10:01.569-0500] {logging_mixin.py:190} INFO - [2025-01-14T18:10:01.568-0500] {dag.py:4180} INFO - Setting next_dagrun for example_workday_timetable to 2021-01-04 00:00:00+00:00, run_after=2021-01-05 00:00:00+00:00
[2025-01-14T18:10:01.585-0500] {processor.py:208} INFO - Processing /usr/local/lib/python3.10/site-packages/airflow/example_dags/example_workday_timetable.py took 0.607 seconds
[2025-01-14T18:12:14.881-0500] {processor.py:186} INFO - Started process (PID=57350) to work on /usr/local/lib/python3.10/site-packages/airflow/example_dags/example_workday_timetable.py
[2025-01-14T18:12:14.883-0500] {processor.py:914} INFO - Processing file /usr/local/lib/python3.10/site-packages/airflow/example_dags/example_workday_timetable.py for tasks to queue
[2025-01-14T18:12:14.884-0500] {logging_mixin.py:190} INFO - [2025-01-14T18:12:14.884-0500] {dagbag.py:588} INFO - Filling up the DagBag from /usr/local/lib/python3.10/site-packages/airflow/example_dags/example_workday_timetable.py
[2025-01-14T18:12:15.280-0500] {processor.py:925} INFO - DAG(s) 'example_workday_timetable' retrieved from /usr/local/lib/python3.10/site-packages/airflow/example_dags/example_workday_timetable.py
[2025-01-14T18:12:15.393-0500] {logging_mixin.py:190} INFO - [2025-01-14T18:12:15.392-0500] {dag.py:3239} INFO - Sync 1 DAGs
[2025-01-14T18:12:15.434-0500] {logging_mixin.py:190} INFO - [2025-01-14T18:12:15.434-0500] {dag.py:4180} INFO - Setting next_dagrun for example_workday_timetable to 2021-01-04 00:00:00+00:00, run_after=2021-01-05 00:00:00+00:00
[2025-01-14T18:12:15.448-0500] {processor.py:208} INFO - Processing /usr/local/lib/python3.10/site-packages/airflow/example_dags/example_workday_timetable.py took 0.571 seconds
[2025-01-14T18:14:28.645-0500] {processor.py:186} INFO - Started process (PID=58866) to work on /usr/local/lib/python3.10/site-packages/airflow/example_dags/example_workday_timetable.py
[2025-01-14T18:14:28.647-0500] {processor.py:914} INFO - Processing file /usr/local/lib/python3.10/site-packages/airflow/example_dags/example_workday_timetable.py for tasks to queue
[2025-01-14T18:14:28.649-0500] {logging_mixin.py:190} INFO - [2025-01-14T18:14:28.648-0500] {dagbag.py:588} INFO - Filling up the DagBag from /usr/local/lib/python3.10/site-packages/airflow/example_dags/example_workday_timetable.py
[2025-01-14T18:14:29.256-0500] {processor.py:925} INFO - DAG(s) 'example_workday_timetable' retrieved from /usr/local/lib/python3.10/site-packages/airflow/example_dags/example_workday_timetable.py
[2025-01-14T18:14:29.418-0500] {logging_mixin.py:190} INFO - [2025-01-14T18:14:29.418-0500] {dag.py:3239} INFO - Sync 1 DAGs
[2025-01-14T18:14:29.472-0500] {logging_mixin.py:190} INFO - [2025-01-14T18:14:29.472-0500] {dag.py:4180} INFO - Setting next_dagrun for example_workday_timetable to 2021-01-04 00:00:00+00:00, run_after=2021-01-05 00:00:00+00:00
[2025-01-14T18:14:29.490-0500] {processor.py:208} INFO - Processing /usr/local/lib/python3.10/site-packages/airflow/example_dags/example_workday_timetable.py took 0.848 seconds
[2025-01-14T18:16:45.337-0500] {processor.py:186} INFO - Started process (PID=60392) to work on /usr/local/lib/python3.10/site-packages/airflow/example_dags/example_workday_timetable.py
[2025-01-14T18:16:45.339-0500] {processor.py:914} INFO - Processing file /usr/local/lib/python3.10/site-packages/airflow/example_dags/example_workday_timetable.py for tasks to queue
[2025-01-14T18:16:45.340-0500] {logging_mixin.py:190} INFO - [2025-01-14T18:16:45.340-0500] {dagbag.py:588} INFO - Filling up the DagBag from /usr/local/lib/python3.10/site-packages/airflow/example_dags/example_workday_timetable.py
[2025-01-14T18:16:45.694-0500] {processor.py:925} INFO - DAG(s) 'example_workday_timetable' retrieved from /usr/local/lib/python3.10/site-packages/airflow/example_dags/example_workday_timetable.py
[2025-01-14T18:16:45.784-0500] {logging_mixin.py:190} INFO - [2025-01-14T18:16:45.784-0500] {dag.py:3239} INFO - Sync 1 DAGs
[2025-01-14T18:16:45.823-0500] {logging_mixin.py:190} INFO - [2025-01-14T18:16:45.823-0500] {dag.py:4180} INFO - Setting next_dagrun for example_workday_timetable to 2021-01-04 00:00:00+00:00, run_after=2021-01-05 00:00:00+00:00
[2025-01-14T18:16:45.836-0500] {processor.py:208} INFO - Processing /usr/local/lib/python3.10/site-packages/airflow/example_dags/example_workday_timetable.py took 0.503 seconds
[2025-01-14T18:18:55.806-0500] {processor.py:186} INFO - Started process (PID=61920) to work on /usr/local/lib/python3.10/site-packages/airflow/example_dags/example_workday_timetable.py
[2025-01-14T18:18:55.807-0500] {processor.py:914} INFO - Processing file /usr/local/lib/python3.10/site-packages/airflow/example_dags/example_workday_timetable.py for tasks to queue
[2025-01-14T18:18:55.808-0500] {logging_mixin.py:190} INFO - [2025-01-14T18:18:55.808-0500] {dagbag.py:588} INFO - Filling up the DagBag from /usr/local/lib/python3.10/site-packages/airflow/example_dags/example_workday_timetable.py
[2025-01-14T18:18:56.156-0500] {processor.py:925} INFO - DAG(s) 'example_workday_timetable' retrieved from /usr/local/lib/python3.10/site-packages/airflow/example_dags/example_workday_timetable.py
[2025-01-14T18:18:56.246-0500] {logging_mixin.py:190} INFO - [2025-01-14T18:18:56.246-0500] {dag.py:3239} INFO - Sync 1 DAGs
[2025-01-14T18:18:56.290-0500] {logging_mixin.py:190} INFO - [2025-01-14T18:18:56.290-0500] {dag.py:4180} INFO - Setting next_dagrun for example_workday_timetable to 2021-01-04 00:00:00+00:00, run_after=2021-01-05 00:00:00+00:00
[2025-01-14T18:18:56.305-0500] {processor.py:208} INFO - Processing /usr/local/lib/python3.10/site-packages/airflow/example_dags/example_workday_timetable.py took 0.503 seconds
[2025-01-14T18:21:08.401-0500] {processor.py:186} INFO - Started process (PID=63468) to work on /usr/local/lib/python3.10/site-packages/airflow/example_dags/example_workday_timetable.py
[2025-01-14T18:21:08.402-0500] {processor.py:914} INFO - Processing file /usr/local/lib/python3.10/site-packages/airflow/example_dags/example_workday_timetable.py for tasks to queue
[2025-01-14T18:21:08.403-0500] {logging_mixin.py:190} INFO - [2025-01-14T18:21:08.403-0500] {dagbag.py:588} INFO - Filling up the DagBag from /usr/local/lib/python3.10/site-packages/airflow/example_dags/example_workday_timetable.py
[2025-01-14T18:21:08.952-0500] {processor.py:925} INFO - DAG(s) 'example_workday_timetable' retrieved from /usr/local/lib/python3.10/site-packages/airflow/example_dags/example_workday_timetable.py
[2025-01-14T18:21:09.059-0500] {logging_mixin.py:190} INFO - [2025-01-14T18:21:09.059-0500] {dag.py:3239} INFO - Sync 1 DAGs
[2025-01-14T18:21:09.103-0500] {logging_mixin.py:190} INFO - [2025-01-14T18:21:09.103-0500] {dag.py:4180} INFO - Setting next_dagrun for example_workday_timetable to 2021-01-04 00:00:00+00:00, run_after=2021-01-05 00:00:00+00:00
[2025-01-14T18:21:09.118-0500] {processor.py:208} INFO - Processing /usr/local/lib/python3.10/site-packages/airflow/example_dags/example_workday_timetable.py took 0.721 seconds
[2025-01-14T18:44:48.913-0500] {processor.py:186} INFO - Started process (PID=65291) to work on /usr/local/lib/python3.10/site-packages/airflow/example_dags/example_workday_timetable.py
[2025-01-14T18:44:48.915-0500] {processor.py:914} INFO - Processing file /usr/local/lib/python3.10/site-packages/airflow/example_dags/example_workday_timetable.py for tasks to queue
[2025-01-14T18:44:48.916-0500] {logging_mixin.py:190} INFO - [2025-01-14T18:44:48.916-0500] {dagbag.py:588} INFO - Filling up the DagBag from /usr/local/lib/python3.10/site-packages/airflow/example_dags/example_workday_timetable.py
[2025-01-14T18:44:49.296-0500] {processor.py:925} INFO - DAG(s) 'example_workday_timetable' retrieved from /usr/local/lib/python3.10/site-packages/airflow/example_dags/example_workday_timetable.py
[2025-01-14T18:44:49.398-0500] {logging_mixin.py:190} INFO - [2025-01-14T18:44:49.397-0500] {dag.py:3239} INFO - Sync 1 DAGs
[2025-01-14T18:44:49.446-0500] {logging_mixin.py:190} INFO - [2025-01-14T18:44:49.445-0500] {dag.py:4180} INFO - Setting next_dagrun for example_workday_timetable to 2021-01-04 00:00:00+00:00, run_after=2021-01-05 00:00:00+00:00
[2025-01-14T18:44:49.464-0500] {processor.py:208} INFO - Processing /usr/local/lib/python3.10/site-packages/airflow/example_dags/example_workday_timetable.py took 0.555 seconds
[2025-01-14T18:47:27.702-0500] {processor.py:186} INFO - Started process (PID=67267) to work on /usr/local/lib/python3.10/site-packages/airflow/example_dags/example_workday_timetable.py
[2025-01-14T18:47:27.704-0500] {processor.py:914} INFO - Processing file /usr/local/lib/python3.10/site-packages/airflow/example_dags/example_workday_timetable.py for tasks to queue
[2025-01-14T18:47:27.705-0500] {logging_mixin.py:190} INFO - [2025-01-14T18:47:27.705-0500] {dagbag.py:588} INFO - Filling up the DagBag from /usr/local/lib/python3.10/site-packages/airflow/example_dags/example_workday_timetable.py
[2025-01-14T18:47:28.257-0500] {processor.py:925} INFO - DAG(s) 'example_workday_timetable' retrieved from /usr/local/lib/python3.10/site-packages/airflow/example_dags/example_workday_timetable.py
[2025-01-14T18:47:28.371-0500] {logging_mixin.py:190} INFO - [2025-01-14T18:47:28.370-0500] {dag.py:3239} INFO - Sync 1 DAGs
[2025-01-14T18:47:28.422-0500] {logging_mixin.py:190} INFO - [2025-01-14T18:47:28.422-0500] {dag.py:4180} INFO - Setting next_dagrun for example_workday_timetable to 2021-01-04 00:00:00+00:00, run_after=2021-01-05 00:00:00+00:00
[2025-01-14T18:47:28.440-0500] {processor.py:208} INFO - Processing /usr/local/lib/python3.10/site-packages/airflow/example_dags/example_workday_timetable.py took 0.743 seconds
[2025-01-14T18:49:47.884-0500] {processor.py:186} INFO - Started process (PID=68863) to work on /usr/local/lib/python3.10/site-packages/airflow/example_dags/example_workday_timetable.py
[2025-01-14T18:49:47.885-0500] {processor.py:914} INFO - Processing file /usr/local/lib/python3.10/site-packages/airflow/example_dags/example_workday_timetable.py for tasks to queue
[2025-01-14T18:49:47.887-0500] {logging_mixin.py:190} INFO - [2025-01-14T18:49:47.887-0500] {dagbag.py:588} INFO - Filling up the DagBag from /usr/local/lib/python3.10/site-packages/airflow/example_dags/example_workday_timetable.py
[2025-01-14T18:49:48.310-0500] {processor.py:925} INFO - DAG(s) 'example_workday_timetable' retrieved from /usr/local/lib/python3.10/site-packages/airflow/example_dags/example_workday_timetable.py
[2025-01-14T18:49:48.424-0500] {logging_mixin.py:190} INFO - [2025-01-14T18:49:48.423-0500] {dag.py:3239} INFO - Sync 1 DAGs
[2025-01-14T18:49:48.470-0500] {logging_mixin.py:190} INFO - [2025-01-14T18:49:48.470-0500] {dag.py:4180} INFO - Setting next_dagrun for example_workday_timetable to 2021-01-04 00:00:00+00:00, run_after=2021-01-05 00:00:00+00:00
[2025-01-14T18:49:48.487-0500] {processor.py:208} INFO - Processing /usr/local/lib/python3.10/site-packages/airflow/example_dags/example_workday_timetable.py took 0.608 seconds
[2025-01-14T18:52:05.289-0500] {processor.py:186} INFO - Started process (PID=70489) to work on /usr/local/lib/python3.10/site-packages/airflow/example_dags/example_workday_timetable.py
[2025-01-14T18:52:05.291-0500] {processor.py:914} INFO - Processing file /usr/local/lib/python3.10/site-packages/airflow/example_dags/example_workday_timetable.py for tasks to queue
[2025-01-14T18:52:05.292-0500] {logging_mixin.py:190} INFO - [2025-01-14T18:52:05.292-0500] {dagbag.py:588} INFO - Filling up the DagBag from /usr/local/lib/python3.10/site-packages/airflow/example_dags/example_workday_timetable.py
[2025-01-14T18:52:05.731-0500] {processor.py:925} INFO - DAG(s) 'example_workday_timetable' retrieved from /usr/local/lib/python3.10/site-packages/airflow/example_dags/example_workday_timetable.py
[2025-01-14T18:52:05.847-0500] {logging_mixin.py:190} INFO - [2025-01-14T18:52:05.847-0500] {dag.py:3239} INFO - Sync 1 DAGs
[2025-01-14T18:52:05.897-0500] {logging_mixin.py:190} INFO - [2025-01-14T18:52:05.897-0500] {dag.py:4180} INFO - Setting next_dagrun for example_workday_timetable to 2021-01-04 00:00:00+00:00, run_after=2021-01-05 00:00:00+00:00
[2025-01-14T18:52:05.914-0500] {processor.py:208} INFO - Processing /usr/local/lib/python3.10/site-packages/airflow/example_dags/example_workday_timetable.py took 0.629 seconds
[2025-01-14T18:54:22.362-0500] {processor.py:186} INFO - Started process (PID=72008) to work on /usr/local/lib/python3.10/site-packages/airflow/example_dags/example_workday_timetable.py
[2025-01-14T18:54:22.363-0500] {processor.py:914} INFO - Processing file /usr/local/lib/python3.10/site-packages/airflow/example_dags/example_workday_timetable.py for tasks to queue
[2025-01-14T18:54:22.364-0500] {logging_mixin.py:190} INFO - [2025-01-14T18:54:22.364-0500] {dagbag.py:588} INFO - Filling up the DagBag from /usr/local/lib/python3.10/site-packages/airflow/example_dags/example_workday_timetable.py
[2025-01-14T18:54:22.824-0500] {processor.py:925} INFO - DAG(s) 'example_workday_timetable' retrieved from /usr/local/lib/python3.10/site-packages/airflow/example_dags/example_workday_timetable.py
[2025-01-14T18:54:22.937-0500] {logging_mixin.py:190} INFO - [2025-01-14T18:54:22.937-0500] {dag.py:3239} INFO - Sync 1 DAGs
[2025-01-14T18:54:22.984-0500] {logging_mixin.py:190} INFO - [2025-01-14T18:54:22.983-0500] {dag.py:4180} INFO - Setting next_dagrun for example_workday_timetable to 2021-01-04 00:00:00+00:00, run_after=2021-01-05 00:00:00+00:00
[2025-01-14T18:54:22.999-0500] {processor.py:208} INFO - Processing /usr/local/lib/python3.10/site-packages/airflow/example_dags/example_workday_timetable.py took 0.642 seconds
[2025-01-14T18:56:42.673-0500] {processor.py:186} INFO - Started process (PID=73659) to work on /usr/local/lib/python3.10/site-packages/airflow/example_dags/example_workday_timetable.py
[2025-01-14T18:56:42.675-0500] {processor.py:914} INFO - Processing file /usr/local/lib/python3.10/site-packages/airflow/example_dags/example_workday_timetable.py for tasks to queue
[2025-01-14T18:56:42.676-0500] {logging_mixin.py:190} INFO - [2025-01-14T18:56:42.676-0500] {dagbag.py:588} INFO - Filling up the DagBag from /usr/local/lib/python3.10/site-packages/airflow/example_dags/example_workday_timetable.py
[2025-01-14T18:56:43.140-0500] {processor.py:925} INFO - DAG(s) 'example_workday_timetable' retrieved from /usr/local/lib/python3.10/site-packages/airflow/example_dags/example_workday_timetable.py
[2025-01-14T18:56:43.236-0500] {logging_mixin.py:190} INFO - [2025-01-14T18:56:43.235-0500] {dag.py:3239} INFO - Sync 1 DAGs
[2025-01-14T18:56:43.282-0500] {logging_mixin.py:190} INFO - [2025-01-14T18:56:43.282-0500] {dag.py:4180} INFO - Setting next_dagrun for example_workday_timetable to 2021-01-04 00:00:00+00:00, run_after=2021-01-05 00:00:00+00:00
[2025-01-14T18:56:43.297-0500] {processor.py:208} INFO - Processing /usr/local/lib/python3.10/site-packages/airflow/example_dags/example_workday_timetable.py took 0.628 seconds
[2025-01-14T18:59:00.191-0500] {processor.py:186} INFO - Started process (PID=75231) to work on /usr/local/lib/python3.10/site-packages/airflow/example_dags/example_workday_timetable.py
[2025-01-14T18:59:00.193-0500] {processor.py:914} INFO - Processing file /usr/local/lib/python3.10/site-packages/airflow/example_dags/example_workday_timetable.py for tasks to queue
[2025-01-14T18:59:00.194-0500] {logging_mixin.py:190} INFO - [2025-01-14T18:59:00.194-0500] {dagbag.py:588} INFO - Filling up the DagBag from /usr/local/lib/python3.10/site-packages/airflow/example_dags/example_workday_timetable.py
[2025-01-14T18:59:00.775-0500] {processor.py:925} INFO - DAG(s) 'example_workday_timetable' retrieved from /usr/local/lib/python3.10/site-packages/airflow/example_dags/example_workday_timetable.py
[2025-01-14T18:59:00.886-0500] {logging_mixin.py:190} INFO - [2025-01-14T18:59:00.886-0500] {dag.py:3239} INFO - Sync 1 DAGs
[2025-01-14T18:59:00.933-0500] {logging_mixin.py:190} INFO - [2025-01-14T18:59:00.932-0500] {dag.py:4180} INFO - Setting next_dagrun for example_workday_timetable to 2021-01-04 00:00:00+00:00, run_after=2021-01-05 00:00:00+00:00
[2025-01-14T18:59:00.948-0500] {processor.py:208} INFO - Processing /usr/local/lib/python3.10/site-packages/airflow/example_dags/example_workday_timetable.py took 0.762 seconds
