[2025-01-13T19:06:47.757-0500] {processor.py:186} INFO - Started process (PID=48842) to work on /usr/local/lib/python3.10/site-packages/airflow/example_dags/example_params_trigger_ui.py
[2025-01-13T19:06:47.758-0500] {processor.py:914} INFO - Processing file /usr/local/lib/python3.10/site-packages/airflow/example_dags/example_params_trigger_ui.py for tasks to queue
[2025-01-13T19:06:47.759-0500] {logging_mixin.py:190} INFO - [2025-01-13T19:06:47.759-0500] {dagbag.py:588} INFO - Filling up the DagBag from /usr/local/lib/python3.10/site-packages/airflow/example_dags/example_params_trigger_ui.py
[2025-01-13T19:06:47.795-0500] {processor.py:925} INFO - DAG(s) 'example_params_trigger_ui' retrieved from /usr/local/lib/python3.10/site-packages/airflow/example_dags/example_params_trigger_ui.py
[2025-01-13T19:06:47.968-0500] {logging_mixin.py:190} INFO - [2025-01-13T19:06:47.968-0500] {dag.py:3239} INFO - Sync 1 DAGs
[2025-01-13T19:06:47.977-0500] {logging_mixin.py:190} INFO - [2025-01-13T19:06:47.977-0500] {dag.py:4180} INFO - Setting next_dagrun for example_params_trigger_ui to None, run_after=None
[2025-01-13T19:06:47.991-0500] {processor.py:208} INFO - Processing /usr/local/lib/python3.10/site-packages/airflow/example_dags/example_params_trigger_ui.py took 0.239 seconds
[2025-01-13T19:09:23.599-0500] {processor.py:186} INFO - Started process (PID=50604) to work on /usr/local/lib/python3.10/site-packages/airflow/example_dags/example_params_trigger_ui.py
[2025-01-13T19:09:23.600-0500] {processor.py:914} INFO - Processing file /usr/local/lib/python3.10/site-packages/airflow/example_dags/example_params_trigger_ui.py for tasks to queue
[2025-01-13T19:09:23.601-0500] {logging_mixin.py:190} INFO - [2025-01-13T19:09:23.601-0500] {dagbag.py:588} INFO - Filling up the DagBag from /usr/local/lib/python3.10/site-packages/airflow/example_dags/example_params_trigger_ui.py
[2025-01-13T19:09:23.636-0500] {processor.py:925} INFO - DAG(s) 'example_params_trigger_ui' retrieved from /usr/local/lib/python3.10/site-packages/airflow/example_dags/example_params_trigger_ui.py
[2025-01-13T19:09:23.821-0500] {logging_mixin.py:190} INFO - [2025-01-13T19:09:23.821-0500] {dag.py:3239} INFO - Sync 1 DAGs
[2025-01-13T19:09:23.832-0500] {logging_mixin.py:190} INFO - [2025-01-13T19:09:23.831-0500] {dag.py:4180} INFO - Setting next_dagrun for example_params_trigger_ui to None, run_after=None
[2025-01-13T19:09:23.848-0500] {processor.py:208} INFO - Processing /usr/local/lib/python3.10/site-packages/airflow/example_dags/example_params_trigger_ui.py took 0.253 seconds
[2025-01-13T19:21:42.775-0500] {processor.py:186} INFO - Started process (PID=52140) to work on /usr/local/lib/python3.10/site-packages/airflow/example_dags/example_params_trigger_ui.py
[2025-01-13T19:21:42.779-0500] {processor.py:914} INFO - Processing file /usr/local/lib/python3.10/site-packages/airflow/example_dags/example_params_trigger_ui.py for tasks to queue
[2025-01-13T19:21:42.781-0500] {logging_mixin.py:190} INFO - [2025-01-13T19:21:42.781-0500] {dagbag.py:588} INFO - Filling up the DagBag from /usr/local/lib/python3.10/site-packages/airflow/example_dags/example_params_trigger_ui.py
[2025-01-13T19:21:42.836-0500] {processor.py:925} INFO - DAG(s) 'example_params_trigger_ui' retrieved from /usr/local/lib/python3.10/site-packages/airflow/example_dags/example_params_trigger_ui.py
[2025-01-13T19:21:43.004-0500] {logging_mixin.py:190} INFO - [2025-01-13T19:21:43.004-0500] {dag.py:3239} INFO - Sync 1 DAGs
[2025-01-13T19:21:43.013-0500] {logging_mixin.py:190} INFO - [2025-01-13T19:21:43.013-0500] {dag.py:4180} INFO - Setting next_dagrun for example_params_trigger_ui to None, run_after=None
[2025-01-13T19:21:43.027-0500] {processor.py:208} INFO - Processing /usr/local/lib/python3.10/site-packages/airflow/example_dags/example_params_trigger_ui.py took 0.255 seconds
[2025-01-13T20:00:56.555-0500] {processor.py:186} INFO - Started process (PID=55181) to work on /usr/local/lib/python3.10/site-packages/airflow/example_dags/example_params_trigger_ui.py
[2025-01-13T20:00:56.557-0500] {processor.py:914} INFO - Processing file /usr/local/lib/python3.10/site-packages/airflow/example_dags/example_params_trigger_ui.py for tasks to queue
[2025-01-13T20:00:56.559-0500] {logging_mixin.py:190} INFO - [2025-01-13T20:00:56.559-0500] {dagbag.py:588} INFO - Filling up the DagBag from /usr/local/lib/python3.10/site-packages/airflow/example_dags/example_params_trigger_ui.py
[2025-01-13T20:00:56.599-0500] {processor.py:925} INFO - DAG(s) 'example_params_trigger_ui' retrieved from /usr/local/lib/python3.10/site-packages/airflow/example_dags/example_params_trigger_ui.py
[2025-01-13T20:00:56.784-0500] {logging_mixin.py:190} INFO - [2025-01-13T20:00:56.784-0500] {dag.py:3239} INFO - Sync 1 DAGs
[2025-01-13T20:00:56.795-0500] {logging_mixin.py:190} INFO - [2025-01-13T20:00:56.795-0500] {dag.py:4180} INFO - Setting next_dagrun for example_params_trigger_ui to None, run_after=None
[2025-01-13T20:00:56.810-0500] {processor.py:208} INFO - Processing /usr/local/lib/python3.10/site-packages/airflow/example_dags/example_params_trigger_ui.py took 0.260 seconds
[2025-01-14T15:55:21.031-0500] {processor.py:186} INFO - Started process (PID=62415) to work on /usr/local/lib/python3.10/site-packages/airflow/example_dags/example_params_trigger_ui.py
[2025-01-14T15:55:21.033-0500] {processor.py:914} INFO - Processing file /usr/local/lib/python3.10/site-packages/airflow/example_dags/example_params_trigger_ui.py for tasks to queue
[2025-01-14T15:55:21.035-0500] {logging_mixin.py:190} INFO - [2025-01-14T15:55:21.035-0500] {dagbag.py:588} INFO - Filling up the DagBag from /usr/local/lib/python3.10/site-packages/airflow/example_dags/example_params_trigger_ui.py
[2025-01-14T15:55:21.077-0500] {processor.py:925} INFO - DAG(s) 'example_params_trigger_ui' retrieved from /usr/local/lib/python3.10/site-packages/airflow/example_dags/example_params_trigger_ui.py
[2025-01-14T15:55:21.270-0500] {logging_mixin.py:190} INFO - [2025-01-14T15:55:21.269-0500] {dag.py:3239} INFO - Sync 1 DAGs
[2025-01-14T15:55:21.281-0500] {logging_mixin.py:190} INFO - [2025-01-14T15:55:21.281-0500] {dag.py:4180} INFO - Setting next_dagrun for example_params_trigger_ui to None, run_after=None
[2025-01-14T15:55:21.298-0500] {processor.py:208} INFO - Processing /usr/local/lib/python3.10/site-packages/airflow/example_dags/example_params_trigger_ui.py took 0.271 seconds
