[2025-01-13T19:06:36.598-0500] {processor.py:186} INFO - Started process (PID=48725) to work on /usr/local/lib/python3.10/site-packages/airflow/example_dags/example_python_operator.py
[2025-01-13T19:06:36.599-0500] {processor.py:914} INFO - Processing file /usr/local/lib/python3.10/site-packages/airflow/example_dags/example_python_operator.py for tasks to queue
[2025-01-13T19:06:36.601-0500] {logging_mixin.py:190} INFO - [2025-01-13T19:06:36.600-0500] {dagbag.py:588} INFO - Filling up the DagBag from /usr/local/lib/python3.10/site-packages/airflow/example_dags/example_python_operator.py
[2025-01-13T19:06:36.628-0500] {processor.py:925} INFO - DAG(s) 'example_python_operator' retrieved from /usr/local/lib/python3.10/site-packages/airflow/example_dags/example_python_operator.py
[2025-01-13T19:06:36.859-0500] {logging_mixin.py:190} INFO - [2025-01-13T19:06:36.858-0500] {dag.py:3239} INFO - Sync 1 DAGs
[2025-01-13T19:06:36.866-0500] {logging_mixin.py:190} INFO - [2025-01-13T19:06:36.866-0500] {dag.py:4180} INFO - Setting next_dagrun for example_python_operator to None, run_after=None
[2025-01-13T19:06:36.881-0500] {processor.py:208} INFO - Processing /usr/local/lib/python3.10/site-packages/airflow/example_dags/example_python_operator.py took 0.287 seconds
[2025-01-13T19:09:12.844-0500] {processor.py:186} INFO - Started process (PID=50488) to work on /usr/local/lib/python3.10/site-packages/airflow/example_dags/example_python_operator.py
[2025-01-13T19:09:12.845-0500] {processor.py:914} INFO - Processing file /usr/local/lib/python3.10/site-packages/airflow/example_dags/example_python_operator.py for tasks to queue
[2025-01-13T19:09:12.846-0500] {logging_mixin.py:190} INFO - [2025-01-13T19:09:12.846-0500] {dagbag.py:588} INFO - Filling up the DagBag from /usr/local/lib/python3.10/site-packages/airflow/example_dags/example_python_operator.py
[2025-01-13T19:09:12.873-0500] {processor.py:925} INFO - DAG(s) 'example_python_operator' retrieved from /usr/local/lib/python3.10/site-packages/airflow/example_dags/example_python_operator.py
[2025-01-13T19:09:13.103-0500] {logging_mixin.py:190} INFO - [2025-01-13T19:09:13.103-0500] {dag.py:3239} INFO - Sync 1 DAGs
[2025-01-13T19:09:13.111-0500] {logging_mixin.py:190} INFO - [2025-01-13T19:09:13.111-0500] {dag.py:4180} INFO - Setting next_dagrun for example_python_operator to None, run_after=None
[2025-01-13T19:09:13.125-0500] {processor.py:208} INFO - Processing /usr/local/lib/python3.10/site-packages/airflow/example_dags/example_python_operator.py took 0.284 seconds
[2025-01-13T19:11:19.985-0500] {processor.py:186} INFO - Started process (PID=51897) to work on /usr/local/lib/python3.10/site-packages/airflow/example_dags/example_python_operator.py
[2025-01-13T19:11:19.986-0500] {processor.py:914} INFO - Processing file /usr/local/lib/python3.10/site-packages/airflow/example_dags/example_python_operator.py for tasks to queue
[2025-01-13T19:11:19.987-0500] {logging_mixin.py:190} INFO - [2025-01-13T19:11:19.987-0500] {dagbag.py:588} INFO - Filling up the DagBag from /usr/local/lib/python3.10/site-packages/airflow/example_dags/example_python_operator.py
[2025-01-13T19:11:20.016-0500] {processor.py:925} INFO - DAG(s) 'example_python_operator' retrieved from /usr/local/lib/python3.10/site-packages/airflow/example_dags/example_python_operator.py
[2025-01-13T19:11:20.278-0500] {logging_mixin.py:190} INFO - [2025-01-13T19:11:20.278-0500] {dag.py:3239} INFO - Sync 1 DAGs
[2025-01-13T19:11:20.286-0500] {logging_mixin.py:190} INFO - [2025-01-13T19:11:20.286-0500] {dag.py:4180} INFO - Setting next_dagrun for example_python_operator to None, run_after=None
[2025-01-13T19:11:20.299-0500] {processor.py:208} INFO - Processing /usr/local/lib/python3.10/site-packages/airflow/example_dags/example_python_operator.py took 0.318 seconds
[2025-01-13T20:00:46.136-0500] {processor.py:186} INFO - Started process (PID=55059) to work on /usr/local/lib/python3.10/site-packages/airflow/example_dags/example_python_operator.py
[2025-01-13T20:00:46.138-0500] {processor.py:914} INFO - Processing file /usr/local/lib/python3.10/site-packages/airflow/example_dags/example_python_operator.py for tasks to queue
[2025-01-13T20:00:46.139-0500] {logging_mixin.py:190} INFO - [2025-01-13T20:00:46.139-0500] {dagbag.py:588} INFO - Filling up the DagBag from /usr/local/lib/python3.10/site-packages/airflow/example_dags/example_python_operator.py
[2025-01-13T20:00:46.179-0500] {processor.py:925} INFO - DAG(s) 'example_python_operator' retrieved from /usr/local/lib/python3.10/site-packages/airflow/example_dags/example_python_operator.py
[2025-01-13T20:00:46.508-0500] {logging_mixin.py:190} INFO - [2025-01-13T20:00:46.507-0500] {dag.py:3239} INFO - Sync 1 DAGs
[2025-01-13T20:00:46.516-0500] {logging_mixin.py:190} INFO - [2025-01-13T20:00:46.516-0500] {dag.py:4180} INFO - Setting next_dagrun for example_python_operator to None, run_after=None
[2025-01-13T20:00:46.531-0500] {processor.py:208} INFO - Processing /usr/local/lib/python3.10/site-packages/airflow/example_dags/example_python_operator.py took 0.400 seconds
[2025-01-14T15:55:08.757-0500] {processor.py:186} INFO - Started process (PID=62193) to work on /usr/local/lib/python3.10/site-packages/airflow/example_dags/example_python_operator.py
[2025-01-14T15:55:08.758-0500] {processor.py:914} INFO - Processing file /usr/local/lib/python3.10/site-packages/airflow/example_dags/example_python_operator.py for tasks to queue
[2025-01-14T15:55:08.760-0500] {logging_mixin.py:190} INFO - [2025-01-14T15:55:08.759-0500] {dagbag.py:588} INFO - Filling up the DagBag from /usr/local/lib/python3.10/site-packages/airflow/example_dags/example_python_operator.py
[2025-01-14T15:55:08.790-0500] {processor.py:925} INFO - DAG(s) 'example_python_operator' retrieved from /usr/local/lib/python3.10/site-packages/airflow/example_dags/example_python_operator.py
[2025-01-14T15:55:09.084-0500] {logging_mixin.py:190} INFO - [2025-01-14T15:55:09.084-0500] {dag.py:3239} INFO - Sync 1 DAGs
[2025-01-14T15:55:09.096-0500] {logging_mixin.py:190} INFO - [2025-01-14T15:55:09.095-0500] {dag.py:4180} INFO - Setting next_dagrun for example_python_operator to None, run_after=None
[2025-01-14T15:55:09.114-0500] {processor.py:208} INFO - Processing /usr/local/lib/python3.10/site-packages/airflow/example_dags/example_python_operator.py took 0.362 seconds
