[2025-01-13T19:05:39.201-0500] {processor.py:186} INFO - Started process (PID=48012) to work on /usr/local/lib/python3.10/site-packages/airflow/example_dags/tutorial_taskflow_api.py
[2025-01-13T19:05:39.202-0500] {processor.py:914} INFO - Processing file /usr/local/lib/python3.10/site-packages/airflow/example_dags/tutorial_taskflow_api.py for tasks to queue
[2025-01-13T19:05:39.203-0500] {logging_mixin.py:190} INFO - [2025-01-13T19:05:39.203-0500] {dagbag.py:588} INFO - Filling up the DagBag from /usr/local/lib/python3.10/site-packages/airflow/example_dags/tutorial_taskflow_api.py
[2025-01-13T19:05:39.237-0500] {processor.py:925} INFO - DAG(s) 'tutorial_taskflow_api' retrieved from /usr/local/lib/python3.10/site-packages/airflow/example_dags/tutorial_taskflow_api.py
[2025-01-13T19:05:39.391-0500] {logging_mixin.py:190} INFO - [2025-01-13T19:05:39.391-0500] {dag.py:3239} INFO - Sync 1 DAGs
[2025-01-13T19:05:39.402-0500] {logging_mixin.py:190} INFO - [2025-01-13T19:05:39.402-0500] {dag.py:4180} INFO - Setting next_dagrun for tutorial_taskflow_api to None, run_after=None
[2025-01-13T19:05:39.418-0500] {processor.py:208} INFO - Processing /usr/local/lib/python3.10/site-packages/airflow/example_dags/tutorial_taskflow_api.py took 0.221 seconds
[2025-01-13T19:08:14.983-0500] {processor.py:186} INFO - Started process (PID=49789) to work on /usr/local/lib/python3.10/site-packages/airflow/example_dags/tutorial_taskflow_api.py
[2025-01-13T19:08:14.984-0500] {processor.py:914} INFO - Processing file /usr/local/lib/python3.10/site-packages/airflow/example_dags/tutorial_taskflow_api.py for tasks to queue
[2025-01-13T19:08:14.985-0500] {logging_mixin.py:190} INFO - [2025-01-13T19:08:14.985-0500] {dagbag.py:588} INFO - Filling up the DagBag from /usr/local/lib/python3.10/site-packages/airflow/example_dags/tutorial_taskflow_api.py
[2025-01-13T19:08:15.019-0500] {processor.py:925} INFO - DAG(s) 'tutorial_taskflow_api' retrieved from /usr/local/lib/python3.10/site-packages/airflow/example_dags/tutorial_taskflow_api.py
[2025-01-13T19:08:15.172-0500] {logging_mixin.py:190} INFO - [2025-01-13T19:08:15.172-0500] {dag.py:3239} INFO - Sync 1 DAGs
[2025-01-13T19:08:15.183-0500] {logging_mixin.py:190} INFO - [2025-01-13T19:08:15.183-0500] {dag.py:4180} INFO - Setting next_dagrun for tutorial_taskflow_api to None, run_after=None
[2025-01-13T19:08:15.198-0500] {processor.py:208} INFO - Processing /usr/local/lib/python3.10/site-packages/airflow/example_dags/tutorial_taskflow_api.py took 0.219 seconds
[2025-01-13T19:10:22.967-0500] {processor.py:186} INFO - Started process (PID=51304) to work on /usr/local/lib/python3.10/site-packages/airflow/example_dags/tutorial_taskflow_api.py
[2025-01-13T19:10:22.968-0500] {processor.py:914} INFO - Processing file /usr/local/lib/python3.10/site-packages/airflow/example_dags/tutorial_taskflow_api.py for tasks to queue
[2025-01-13T19:10:22.969-0500] {logging_mixin.py:190} INFO - [2025-01-13T19:10:22.969-0500] {dagbag.py:588} INFO - Filling up the DagBag from /usr/local/lib/python3.10/site-packages/airflow/example_dags/tutorial_taskflow_api.py
[2025-01-13T19:10:23.002-0500] {processor.py:925} INFO - DAG(s) 'tutorial_taskflow_api' retrieved from /usr/local/lib/python3.10/site-packages/airflow/example_dags/tutorial_taskflow_api.py
[2025-01-13T19:10:23.146-0500] {logging_mixin.py:190} INFO - [2025-01-13T19:10:23.146-0500] {dag.py:3239} INFO - Sync 1 DAGs
[2025-01-13T19:10:23.155-0500] {logging_mixin.py:190} INFO - [2025-01-13T19:10:23.155-0500] {dag.py:4180} INFO - Setting next_dagrun for tutorial_taskflow_api to None, run_after=None
[2025-01-13T19:10:23.170-0500] {processor.py:208} INFO - Processing /usr/local/lib/python3.10/site-packages/airflow/example_dags/tutorial_taskflow_api.py took 0.207 seconds
[2025-01-13T19:54:08.455-0500] {processor.py:186} INFO - Started process (PID=53755) to work on /usr/local/lib/python3.10/site-packages/airflow/example_dags/tutorial_taskflow_api.py
[2025-01-13T19:54:08.459-0500] {processor.py:914} INFO - Processing file /usr/local/lib/python3.10/site-packages/airflow/example_dags/tutorial_taskflow_api.py for tasks to queue
[2025-01-13T19:54:08.463-0500] {logging_mixin.py:190} INFO - [2025-01-13T19:54:08.462-0500] {dagbag.py:588} INFO - Filling up the DagBag from /usr/local/lib/python3.10/site-packages/airflow/example_dags/tutorial_taskflow_api.py
[2025-01-13T19:54:08.595-0500] {processor.py:925} INFO - DAG(s) 'tutorial_taskflow_api' retrieved from /usr/local/lib/python3.10/site-packages/airflow/example_dags/tutorial_taskflow_api.py
[2025-01-13T19:54:09.126-0500] {logging_mixin.py:190} INFO - [2025-01-13T19:54:09.125-0500] {dag.py:3239} INFO - Sync 1 DAGs
[2025-01-13T19:54:09.169-0500] {logging_mixin.py:190} INFO - [2025-01-13T19:54:09.168-0500] {dag.py:4180} INFO - Setting next_dagrun for tutorial_taskflow_api to None, run_after=None
[2025-01-13T19:54:09.228-0500] {processor.py:208} INFO - Processing /usr/local/lib/python3.10/site-packages/airflow/example_dags/tutorial_taskflow_api.py took 0.800 seconds
