[2025-01-13T19:05:36.346-0500] {processor.py:186} INFO - Started process (PID=48010) to work on /usr/local/lib/python3.10/site-packages/airflow/example_dags/tutorial_taskflow_api_virtualenv.py
[2025-01-13T19:05:36.347-0500] {processor.py:914} INFO - Processing file /usr/local/lib/python3.10/site-packages/airflow/example_dags/tutorial_taskflow_api_virtualenv.py for tasks to queue
[2025-01-13T19:05:36.349-0500] {logging_mixin.py:190} INFO - [2025-01-13T19:05:36.348-0500] {dagbag.py:588} INFO - Filling up the DagBag from /usr/local/lib/python3.10/site-packages/airflow/example_dags/tutorial_taskflow_api_virtualenv.py
[2025-01-13T19:05:36.384-0500] {processor.py:925} INFO - DAG(s) 'tutorial_taskflow_api_virtualenv' retrieved from /usr/local/lib/python3.10/site-packages/airflow/example_dags/tutorial_taskflow_api_virtualenv.py
[2025-01-13T19:05:36.668-0500] {logging_mixin.py:190} INFO - [2025-01-13T19:05:36.668-0500] {dag.py:3239} INFO - Sync 1 DAGs
[2025-01-13T19:05:36.677-0500] {logging_mixin.py:190} INFO - [2025-01-13T19:05:36.677-0500] {dag.py:4180} INFO - Setting next_dagrun for tutorial_taskflow_api_virtualenv to None, run_after=None
[2025-01-13T19:05:36.691-0500] {processor.py:208} INFO - Processing /usr/local/lib/python3.10/site-packages/airflow/example_dags/tutorial_taskflow_api_virtualenv.py took 0.349 seconds
[2025-01-13T19:08:12.175-0500] {processor.py:186} INFO - Started process (PID=49784) to work on /usr/local/lib/python3.10/site-packages/airflow/example_dags/tutorial_taskflow_api_virtualenv.py
[2025-01-13T19:08:12.176-0500] {processor.py:914} INFO - Processing file /usr/local/lib/python3.10/site-packages/airflow/example_dags/tutorial_taskflow_api_virtualenv.py for tasks to queue
[2025-01-13T19:08:12.177-0500] {logging_mixin.py:190} INFO - [2025-01-13T19:08:12.177-0500] {dagbag.py:588} INFO - Filling up the DagBag from /usr/local/lib/python3.10/site-packages/airflow/example_dags/tutorial_taskflow_api_virtualenv.py
[2025-01-13T19:08:12.212-0500] {processor.py:925} INFO - DAG(s) 'tutorial_taskflow_api_virtualenv' retrieved from /usr/local/lib/python3.10/site-packages/airflow/example_dags/tutorial_taskflow_api_virtualenv.py
[2025-01-13T19:08:12.442-0500] {logging_mixin.py:190} INFO - [2025-01-13T19:08:12.442-0500] {dag.py:3239} INFO - Sync 1 DAGs
[2025-01-13T19:08:12.450-0500] {logging_mixin.py:190} INFO - [2025-01-13T19:08:12.450-0500] {dag.py:4180} INFO - Setting next_dagrun for tutorial_taskflow_api_virtualenv to None, run_after=None
[2025-01-13T19:08:12.464-0500] {processor.py:208} INFO - Processing /usr/local/lib/python3.10/site-packages/airflow/example_dags/tutorial_taskflow_api_virtualenv.py took 0.293 seconds
[2025-01-13T19:10:20.166-0500] {processor.py:186} INFO - Started process (PID=51195) to work on /usr/local/lib/python3.10/site-packages/airflow/example_dags/tutorial_taskflow_api_virtualenv.py
[2025-01-13T19:10:20.167-0500] {processor.py:914} INFO - Processing file /usr/local/lib/python3.10/site-packages/airflow/example_dags/tutorial_taskflow_api_virtualenv.py for tasks to queue
[2025-01-13T19:10:20.168-0500] {logging_mixin.py:190} INFO - [2025-01-13T19:10:20.168-0500] {dagbag.py:588} INFO - Filling up the DagBag from /usr/local/lib/python3.10/site-packages/airflow/example_dags/tutorial_taskflow_api_virtualenv.py
[2025-01-13T19:10:20.204-0500] {processor.py:925} INFO - DAG(s) 'tutorial_taskflow_api_virtualenv' retrieved from /usr/local/lib/python3.10/site-packages/airflow/example_dags/tutorial_taskflow_api_virtualenv.py
[2025-01-13T19:10:20.434-0500] {logging_mixin.py:190} INFO - [2025-01-13T19:10:20.434-0500] {dag.py:3239} INFO - Sync 1 DAGs
[2025-01-13T19:10:20.442-0500] {logging_mixin.py:190} INFO - [2025-01-13T19:10:20.442-0500] {dag.py:4180} INFO - Setting next_dagrun for tutorial_taskflow_api_virtualenv to None, run_after=None
[2025-01-13T19:10:20.456-0500] {processor.py:208} INFO - Processing /usr/local/lib/python3.10/site-packages/airflow/example_dags/tutorial_taskflow_api_virtualenv.py took 0.294 seconds
[2025-01-13T19:53:59.803-0500] {processor.py:186} INFO - Started process (PID=53638) to work on /usr/local/lib/python3.10/site-packages/airflow/example_dags/tutorial_taskflow_api_virtualenv.py
[2025-01-13T19:53:59.807-0500] {processor.py:914} INFO - Processing file /usr/local/lib/python3.10/site-packages/airflow/example_dags/tutorial_taskflow_api_virtualenv.py for tasks to queue
[2025-01-13T19:53:59.812-0500] {logging_mixin.py:190} INFO - [2025-01-13T19:53:59.811-0500] {dagbag.py:588} INFO - Filling up the DagBag from /usr/local/lib/python3.10/site-packages/airflow/example_dags/tutorial_taskflow_api_virtualenv.py
[2025-01-13T19:53:59.962-0500] {processor.py:925} INFO - DAG(s) 'tutorial_taskflow_api_virtualenv' retrieved from /usr/local/lib/python3.10/site-packages/airflow/example_dags/tutorial_taskflow_api_virtualenv.py
[2025-01-13T19:54:00.941-0500] {logging_mixin.py:190} INFO - [2025-01-13T19:54:00.940-0500] {dag.py:3239} INFO - Sync 1 DAGs
[2025-01-13T19:54:00.979-0500] {logging_mixin.py:190} INFO - [2025-01-13T19:54:00.979-0500] {dag.py:4180} INFO - Setting next_dagrun for tutorial_taskflow_api_virtualenv to None, run_after=None
[2025-01-13T19:54:01.041-0500] {processor.py:208} INFO - Processing /usr/local/lib/python3.10/site-packages/airflow/example_dags/tutorial_taskflow_api_virtualenv.py took 1.260 seconds
