[2025-01-14T19:53:45.046-0500] {local_task_job_runner.py:123} INFO - ::group::Pre task execution logs
[2025-01-14T19:53:45.055-0500] {taskinstance.py:2613} INFO - Dependencies all met for dep_context=non-requeueable deps ti=<TaskInstance: my_dag.training_model_C manual__2025-01-15T00:53:35.614527+00:00 [queued]>
[2025-01-14T19:53:45.061-0500] {taskinstance.py:2613} INFO - Dependencies all met for dep_context=requeueable deps ti=<TaskInstance: my_dag.training_model_C manual__2025-01-15T00:53:35.614527+00:00 [queued]>
[2025-01-14T19:53:45.061-0500] {taskinstance.py:2866} INFO - Starting attempt 1 of 3
[2025-01-14T19:53:45.072-0500] {taskinstance.py:2889} INFO - Executing <Task(PythonOperator): training_model_C> on 2025-01-15 00:53:35.614527+00:00
[2025-01-14T19:53:45.077-0500] {standard_task_runner.py:72} INFO - Started process 3986 to run task
[2025-01-14T19:53:45.085-0500] {standard_task_runner.py:104} INFO - Running: ['airflow', 'tasks', 'run', 'my_dag', 'training_model_C', 'manual__2025-01-15T00:53:35.614527+00:00', '--job-id', '100', '--raw', '--subdir', 'DAGS_FOLDER/tutorial_taskflow_api.py', '--cfg-path', '/var/folders/ll/2bfcn_d54ks002mx2dw82c2m0000gn/T/tmpze5wk693']
[2025-01-14T19:53:45.088-0500] {standard_task_runner.py:105} INFO - Job 100: Subtask training_model_C
[2025-01-14T19:53:45.132-0500] {task_command.py:467} INFO - Running <TaskInstance: my_dag.training_model_C manual__2025-01-15T00:53:35.614527+00:00 [running]> on host macbook-pro-2.local
[2025-01-14T19:53:45.193-0500] {taskinstance.py:3132} INFO - Exporting env vars: AIRFLOW_CTX_DAG_OWNER='airflow' AIRFLOW_CTX_DAG_ID='my_dag' AIRFLOW_CTX_TASK_ID='training_model_C' AIRFLOW_CTX_EXECUTION_DATE='2025-01-15T00:53:35.614527+00:00' AIRFLOW_CTX_TRY_NUMBER='1' AIRFLOW_CTX_DAG_RUN_ID='manual__2025-01-15T00:53:35.614527+00:00'
[2025-01-14T19:53:45.195-0500] {logging_mixin.py:190} INFO - Task instance is in running state
[2025-01-14T19:53:45.195-0500] {logging_mixin.py:190} INFO -  Previous state of the Task instance: queued
[2025-01-14T19:53:45.196-0500] {logging_mixin.py:190} INFO - Current task name:training_model_C state:running start_date:2025-01-15 00:53:45.056235+00:00
[2025-01-14T19:53:45.197-0500] {logging_mixin.py:190} INFO - Dag name:my_dag and current dag run status:running
[2025-01-14T19:53:45.197-0500] {taskinstance.py:731} INFO - ::endgroup::
[2025-01-14T19:53:45.199-0500] {python.py:240} INFO - Done. Returned value was: 90
[2025-01-14T19:53:45.210-0500] {taskinstance.py:340} INFO - ::group::Post task execution logs
[2025-01-14T19:53:45.211-0500] {taskinstance.py:352} INFO - Marking task as SUCCESS. dag_id=my_dag, task_id=training_model_C, run_id=manual__2025-01-15T00:53:35.614527+00:00, execution_date=20250115T005335, start_date=20250115T005345, end_date=20250115T005345
[2025-01-14T19:53:45.218-0500] {logging_mixin.py:190} INFO - Task instance in success state
[2025-01-14T19:53:45.219-0500] {logging_mixin.py:190} INFO -  Previous state of the Task instance: running
[2025-01-14T19:53:45.220-0500] {logging_mixin.py:190} INFO - Dag name:my_dag queued_at:2025-01-15 00:53:35.633834+00:00
[2025-01-14T19:53:45.220-0500] {logging_mixin.py:190} INFO - Task hostname:macbook-pro-2.local operator:PythonOperator
[2025-01-14T19:53:45.259-0500] {local_task_job_runner.py:266} INFO - Task exited with return code 0
[2025-01-14T19:53:45.284-0500] {taskinstance.py:3895} INFO - 1 downstream tasks scheduled from follow-on schedule check
[2025-01-14T19:53:45.286-0500] {local_task_job_runner.py:245} INFO - ::endgroup::
