[2025-01-14T15:54:43.439-0500] {local_task_job_runner.py:123} INFO - ::group::Pre task execution logs
[2025-01-14T15:54:43.450-0500] {taskinstance.py:2613} INFO - Dependencies all met for dep_context=non-requeueable deps ti=<TaskInstance: my_dag.choose_best_model manual__2025-01-14T20:54:13.182552+00:00 [queued]>
[2025-01-14T15:54:43.457-0500] {taskinstance.py:2613} INFO - Dependencies all met for dep_context=requeueable deps ti=<TaskInstance: my_dag.choose_best_model manual__2025-01-14T20:54:13.182552+00:00 [queued]>
[2025-01-14T15:54:43.457-0500] {taskinstance.py:2866} INFO - Starting attempt 1 of 3
[2025-01-14T15:54:43.468-0500] {taskinstance.py:2889} INFO - Executing <Task(BranchPythonOperator): choose_best_model> on 2025-01-14 20:54:13.182552+00:00
[2025-01-14T15:54:43.474-0500] {standard_task_runner.py:72} INFO - Started process 61943 to run task
[2025-01-14T15:54:43.481-0500] {standard_task_runner.py:104} INFO - Running: ['airflow', 'tasks', 'run', 'my_dag', 'choose_best_model', 'manual__2025-01-14T20:54:13.182552+00:00', '--job-id', '60', '--raw', '--subdir', 'DAGS_FOLDER/tutorial_taskflow_api.py', '--cfg-path', '/var/folders/ll/2bfcn_d54ks002mx2dw82c2m0000gn/T/tmpvko4oyey']
[2025-01-14T15:54:43.485-0500] {standard_task_runner.py:105} INFO - Job 60: Subtask choose_best_model
[2025-01-14T15:54:43.541-0500] {task_command.py:467} INFO - Running <TaskInstance: my_dag.choose_best_model manual__2025-01-14T20:54:13.182552+00:00 [running]> on host macbook-pro-2.local
[2025-01-14T15:54:43.608-0500] {taskinstance.py:3132} INFO - Exporting env vars: AIRFLOW_CTX_DAG_OWNER='airflow' AIRFLOW_CTX_DAG_ID='my_dag' AIRFLOW_CTX_TASK_ID='choose_best_model' AIRFLOW_CTX_EXECUTION_DATE='2025-01-14T20:54:13.182552+00:00' AIRFLOW_CTX_TRY_NUMBER='1' AIRFLOW_CTX_DAG_RUN_ID='manual__2025-01-14T20:54:13.182552+00:00'
[2025-01-14T15:54:43.611-0500] {logging_mixin.py:190} INFO - Task instance is in running state
[2025-01-14T15:54:43.612-0500] {logging_mixin.py:190} INFO -  Previous state of the Task instance: queued
[2025-01-14T15:54:43.612-0500] {logging_mixin.py:190} INFO - Current task name:choose_best_model state:running start_date:2025-01-14 20:54:43.451241+00:00
[2025-01-14T15:54:43.613-0500] {logging_mixin.py:190} INFO - Dag name:my_dag and current dag run status:running
[2025-01-14T15:54:43.614-0500] {taskinstance.py:731} INFO - ::endgroup::
[2025-01-14T15:54:43.615-0500] {baseoperator.py:421} WARNING - BranchPythonOperator.execute cannot be called outside TaskInstance!
[2025-01-14T15:54:43.623-0500] {python.py:240} INFO - Done. Returned value was: accurate
[2025-01-14T15:54:43.624-0500] {branch.py:38} INFO - Branch into accurate
[2025-01-14T15:54:43.625-0500] {skipmixin.py:230} INFO - Following branch ('accurate',)
[2025-01-14T15:54:43.634-0500] {skipmixin.py:278} INFO - Skipping tasks [('inaccurate', -1)]
[2025-01-14T15:54:43.653-0500] {taskinstance.py:340} INFO - ::group::Post task execution logs
[2025-01-14T15:54:43.655-0500] {taskinstance.py:352} INFO - Marking task as SUCCESS. dag_id=my_dag, task_id=choose_best_model, run_id=manual__2025-01-14T20:54:13.182552+00:00, execution_date=20250114T205413, start_date=20250114T205443, end_date=20250114T205443
[2025-01-14T15:54:43.662-0500] {logging_mixin.py:190} INFO - Task instance in success state
[2025-01-14T15:54:43.663-0500] {logging_mixin.py:190} INFO -  Previous state of the Task instance: running
[2025-01-14T15:54:43.664-0500] {logging_mixin.py:190} INFO - Dag name:my_dag queued_at:2025-01-14 20:54:13.221085+00:00
[2025-01-14T15:54:43.665-0500] {logging_mixin.py:190} INFO - Task hostname:macbook-pro-2.local operator:BranchPythonOperator
[2025-01-14T15:54:43.696-0500] {local_task_job_runner.py:266} INFO - Task exited with return code 0
[2025-01-14T15:54:43.718-0500] {taskinstance.py:3895} INFO - 1 downstream tasks scheduled from follow-on schedule check
[2025-01-14T15:54:43.720-0500] {local_task_job_runner.py:245} INFO - ::endgroup::
