[2025-01-16T19:35:56.220-0500] {local_task_job_runner.py:123} INFO - ::group::Pre task execution logs
[2025-01-16T19:35:56.228-0500] {taskinstance.py:2613} INFO - Dependencies all met for dep_context=non-requeueable deps ti=<TaskInstance: my_dag.training_model_B scheduled__2025-01-16T00:00:00+00:00 [queued]>
[2025-01-16T19:35:56.233-0500] {taskinstance.py:2613} INFO - Dependencies all met for dep_context=requeueable deps ti=<TaskInstance: my_dag.training_model_B scheduled__2025-01-16T00:00:00+00:00 [queued]>
[2025-01-16T19:35:56.233-0500] {taskinstance.py:2866} INFO - Starting attempt 1 of 3
[2025-01-16T19:35:56.243-0500] {taskinstance.py:2889} INFO - Executing <Task(PythonOperator): training_model_B> on 2025-01-16 00:00:00+00:00
[2025-01-16T19:35:56.249-0500] {standard_task_runner.py:72} INFO - Started process 13752 to run task
[2025-01-16T19:35:56.256-0500] {standard_task_runner.py:104} INFO - Running: ['airflow', 'tasks', 'run', 'my_dag', 'training_model_B', 'scheduled__2025-01-16T00:00:00+00:00', '--job-id', '109', '--raw', '--subdir', 'DAGS_FOLDER/tutorial_taskflow_api.py', '--cfg-path', '/var/folders/ll/2bfcn_d54ks002mx2dw82c2m0000gn/T/tmps5dy1rco']
[2025-01-16T19:35:56.258-0500] {standard_task_runner.py:105} INFO - Job 109: Subtask training_model_B
[2025-01-16T19:35:56.300-0500] {task_command.py:467} INFO - Running <TaskInstance: my_dag.training_model_B scheduled__2025-01-16T00:00:00+00:00 [running]> on host macbook-pro-2.local
[2025-01-16T19:35:56.359-0500] {taskinstance.py:3132} INFO - Exporting env vars: AIRFLOW_CTX_DAG_OWNER='airflow' AIRFLOW_CTX_DAG_ID='my_dag' AIRFLOW_CTX_TASK_ID='training_model_B' AIRFLOW_CTX_EXECUTION_DATE='2025-01-16T00:00:00+00:00' AIRFLOW_CTX_TRY_NUMBER='1' AIRFLOW_CTX_DAG_RUN_ID='scheduled__2025-01-16T00:00:00+00:00'
[2025-01-16T19:35:56.361-0500] {logging_mixin.py:190} INFO - Task instance is in running state
[2025-01-16T19:35:56.361-0500] {logging_mixin.py:190} INFO -  Previous state of the Task instance: queued
[2025-01-16T19:35:56.362-0500] {logging_mixin.py:190} INFO - Current task name:training_model_B state:running start_date:2025-01-17 00:35:56.228768+00:00
[2025-01-16T19:35:56.363-0500] {logging_mixin.py:190} INFO - Dag name:my_dag and current dag run status:running
[2025-01-16T19:35:56.364-0500] {taskinstance.py:731} INFO - ::endgroup::
[2025-01-16T19:35:56.365-0500] {python.py:240} INFO - Done. Returned value was: 85
[2025-01-16T19:35:56.392-0500] {taskinstance.py:340} INFO - ::group::Post task execution logs
[2025-01-16T19:35:56.393-0500] {taskinstance.py:352} INFO - Marking task as SUCCESS. dag_id=my_dag, task_id=training_model_B, run_id=scheduled__2025-01-16T00:00:00+00:00, execution_date=20250116T000000, start_date=20250117T003556, end_date=20250117T003556
[2025-01-16T19:35:56.411-0500] {logging_mixin.py:190} INFO - Task instance in success state
[2025-01-16T19:35:56.414-0500] {logging_mixin.py:190} INFO -  Previous state of the Task instance: running
[2025-01-16T19:35:56.415-0500] {logging_mixin.py:190} INFO - Dag name:my_dag queued_at:2025-01-17 00:35:50.855498+00:00
[2025-01-16T19:35:56.420-0500] {logging_mixin.py:190} INFO - Task hostname:macbook-pro-2.local operator:PythonOperator
[2025-01-16T19:35:56.432-0500] {local_task_job_runner.py:266} INFO - Task exited with return code 0
[2025-01-16T19:35:56.453-0500] {taskinstance.py:3895} INFO - 0 downstream tasks scheduled from follow-on schedule check
[2025-01-16T19:35:56.454-0500] {local_task_job_runner.py:245} INFO - ::endgroup::
