[2025-01-13T16:57:47.751-0500] {local_task_job_runner.py:123} INFO - ::group::Pre task execution logs
[2025-01-13T16:57:47.766-0500] {taskinstance.py:2613} INFO - Dependencies all met for dep_context=non-requeueable deps ti=<TaskInstance: my_dag.accurate scheduled__2025-01-12T00:00:00+00:00 [queued]>
[2025-01-13T16:57:47.774-0500] {taskinstance.py:2613} INFO - Dependencies all met for dep_context=requeueable deps ti=<TaskInstance: my_dag.accurate scheduled__2025-01-12T00:00:00+00:00 [queued]>
[2025-01-13T16:57:47.774-0500] {taskinstance.py:2866} INFO - Starting attempt 1 of 3
[2025-01-13T16:57:47.785-0500] {taskinstance.py:2889} INFO - Executing <Task(BashOperator): accurate> on 2025-01-12 00:00:00+00:00
[2025-01-13T16:57:47.791-0500] {standard_task_runner.py:72} INFO - Started process 60020 to run task
[2025-01-13T16:57:47.799-0500] {standard_task_runner.py:104} INFO - Running: ['airflow', 'tasks', 'run', 'my_dag', 'accurate', 'scheduled__2025-01-12T00:00:00+00:00', '--job-id', '7', '--raw', '--subdir', 'DAGS_FOLDER/tutorial_taskflow_api.py', '--cfg-path', '/var/folders/ll/2bfcn_d54ks002mx2dw82c2m0000gn/T/tmpcxyi3rrr']
[2025-01-13T16:57:47.802-0500] {standard_task_runner.py:105} INFO - Job 7: Subtask accurate
[2025-01-13T16:57:47.855-0500] {task_command.py:467} INFO - Running <TaskInstance: my_dag.accurate scheduled__2025-01-12T00:00:00+00:00 [running]> on host macbook-pro-2.local
[2025-01-13T16:57:47.914-0500] {taskinstance.py:3132} INFO - Exporting env vars: AIRFLOW_CTX_DAG_OWNER='airflow' AIRFLOW_CTX_DAG_ID='my_dag' AIRFLOW_CTX_TASK_ID='accurate' AIRFLOW_CTX_EXECUTION_DATE='2025-01-12T00:00:00+00:00' AIRFLOW_CTX_TRY_NUMBER='1' AIRFLOW_CTX_DAG_RUN_ID='scheduled__2025-01-12T00:00:00+00:00'
[2025-01-13T16:57:47.916-0500] {logging_mixin.py:190} INFO - Task instance is in running state
[2025-01-13T16:57:47.917-0500] {logging_mixin.py:190} INFO -  Previous state of the Task instance: queued
[2025-01-13T16:57:47.918-0500] {logging_mixin.py:190} INFO - Current task name:accurate state:running start_date:2025-01-13 21:57:47.766868+00:00
[2025-01-13T16:57:47.918-0500] {logging_mixin.py:190} INFO - Dag name:my_dag and current dag run status:running
[2025-01-13T16:57:47.919-0500] {taskinstance.py:731} INFO - ::endgroup::
[2025-01-13T16:57:47.923-0500] {subprocess.py:78} INFO - Tmp dir root location: /var/folders/ll/2bfcn_d54ks002mx2dw82c2m0000gn/T
[2025-01-13T16:57:47.924-0500] {subprocess.py:88} INFO - Running command: ['/bin/bash', '-c', "echo 'accurate'"]
[2025-01-13T16:57:47.932-0500] {subprocess.py:99} INFO - Output:
[2025-01-13T16:57:47.936-0500] {subprocess.py:106} INFO - accurate
[2025-01-13T16:57:47.938-0500] {subprocess.py:110} INFO - Command exited with return code 0
[2025-01-13T16:57:47.955-0500] {taskinstance.py:340} INFO - ::group::Post task execution logs
[2025-01-13T16:57:47.956-0500] {taskinstance.py:352} INFO - Marking task as SUCCESS. dag_id=my_dag, task_id=accurate, run_id=scheduled__2025-01-12T00:00:00+00:00, execution_date=20250112T000000, start_date=20250113T215747, end_date=20250113T215747
[2025-01-13T16:57:47.966-0500] {logging_mixin.py:190} INFO - Task instance in success state
[2025-01-13T16:57:47.967-0500] {logging_mixin.py:190} INFO -  Previous state of the Task instance: running
[2025-01-13T16:57:47.968-0500] {logging_mixin.py:190} INFO - Dag name:my_dag queued_at:2025-01-13 21:57:28.799388+00:00
[2025-01-13T16:57:47.969-0500] {logging_mixin.py:190} INFO - Task hostname:macbook-pro-2.local operator:BashOperator
[2025-01-13T16:57:48.015-0500] {local_task_job_runner.py:266} INFO - Task exited with return code 0
[2025-01-13T16:57:48.029-0500] {taskinstance.py:3895} INFO - 0 downstream tasks scheduled from follow-on schedule check
[2025-01-13T16:57:48.030-0500] {local_task_job_runner.py:245} INFO - ::endgroup::
