[2025-01-14T19:00:11.072-0500] {local_task_job_runner.py:123} INFO - ::group::Pre task execution logs
[2025-01-14T19:00:11.080-0500] {taskinstance.py:2613} INFO - Dependencies all met for dep_context=non-requeueable deps ti=<TaskInstance: my_dag.training_model_C scheduled__2025-01-14T00:00:00+00:00 [queued]>
[2025-01-14T19:00:11.086-0500] {taskinstance.py:2613} INFO - Dependencies all met for dep_context=requeueable deps ti=<TaskInstance: my_dag.training_model_C scheduled__2025-01-14T00:00:00+00:00 [queued]>
[2025-01-14T19:00:11.086-0500] {taskinstance.py:2866} INFO - Starting attempt 1 of 3
[2025-01-14T19:00:11.096-0500] {taskinstance.py:2889} INFO - Executing <Task(PythonOperator): training_model_C> on 2025-01-14 00:00:00+00:00
[2025-01-14T19:00:11.101-0500] {standard_task_runner.py:72} INFO - Started process 76063 to run task
[2025-01-14T19:00:11.108-0500] {standard_task_runner.py:104} INFO - Running: ['airflow', 'tasks', 'run', 'my_dag', 'training_model_C', 'scheduled__2025-01-14T00:00:00+00:00', '--job-id', '70', '--raw', '--subdir', 'DAGS_FOLDER/tutorial_taskflow_api.py', '--cfg-path', '/var/folders/ll/2bfcn_d54ks002mx2dw82c2m0000gn/T/tmp4hlwkuag']
[2025-01-14T19:00:11.111-0500] {standard_task_runner.py:105} INFO - Job 70: Subtask training_model_C
[2025-01-14T19:00:11.160-0500] {task_command.py:467} INFO - Running <TaskInstance: my_dag.training_model_C scheduled__2025-01-14T00:00:00+00:00 [running]> on host macbook-pro-2.local
[2025-01-14T19:00:11.229-0500] {taskinstance.py:3132} INFO - Exporting env vars: AIRFLOW_CTX_DAG_OWNER='airflow' AIRFLOW_CTX_DAG_ID='my_dag' AIRFLOW_CTX_TASK_ID='training_model_C' AIRFLOW_CTX_EXECUTION_DATE='2025-01-14T00:00:00+00:00' AIRFLOW_CTX_TRY_NUMBER='1' AIRFLOW_CTX_DAG_RUN_ID='scheduled__2025-01-14T00:00:00+00:00'
[2025-01-14T19:00:11.231-0500] {logging_mixin.py:190} INFO - Task instance is in running state
[2025-01-14T19:00:11.232-0500] {logging_mixin.py:190} INFO -  Previous state of the Task instance: queued
[2025-01-14T19:00:11.233-0500] {logging_mixin.py:190} INFO - Current task name:training_model_C state:running start_date:2025-01-15 00:00:11.081190+00:00
[2025-01-14T19:00:11.233-0500] {logging_mixin.py:190} INFO - Dag name:my_dag and current dag run status:running
[2025-01-14T19:00:11.234-0500] {taskinstance.py:731} INFO - ::endgroup::
[2025-01-14T19:00:11.235-0500] {python.py:240} INFO - Done. Returned value was: 7
[2025-01-14T19:00:11.248-0500] {taskinstance.py:340} INFO - ::group::Post task execution logs
[2025-01-14T19:00:11.249-0500] {taskinstance.py:352} INFO - Marking task as SUCCESS. dag_id=my_dag, task_id=training_model_C, run_id=scheduled__2025-01-14T00:00:00+00:00, execution_date=20250114T000000, start_date=20250115T000011, end_date=20250115T000011
[2025-01-14T19:00:11.256-0500] {logging_mixin.py:190} INFO - Task instance in success state
[2025-01-14T19:00:11.257-0500] {logging_mixin.py:190} INFO -  Previous state of the Task instance: running
[2025-01-14T19:00:11.258-0500] {logging_mixin.py:190} INFO - Dag name:my_dag queued_at:2025-01-15 00:00:02.577660+00:00
[2025-01-14T19:00:11.259-0500] {logging_mixin.py:190} INFO - Task hostname:macbook-pro-2.local operator:PythonOperator
[2025-01-14T19:00:11.282-0500] {local_task_job_runner.py:266} INFO - Task exited with return code 0
[2025-01-14T19:00:11.305-0500] {taskinstance.py:3895} INFO - 1 downstream tasks scheduled from follow-on schedule check
[2025-01-14T19:00:11.307-0500] {local_task_job_runner.py:245} INFO - ::endgroup::
