[2025-01-13T19:00:09.454-0500] {local_task_job_runner.py:123} INFO - ::group::Pre task execution logs
[2025-01-13T19:00:09.463-0500] {taskinstance.py:2613} INFO - Dependencies all met for dep_context=non-requeueable deps ti=<TaskInstance: my_dag.training_model_C scheduled__2025-01-13T00:00:00+00:00 [queued]>
[2025-01-13T19:00:09.468-0500] {taskinstance.py:2613} INFO - Dependencies all met for dep_context=requeueable deps ti=<TaskInstance: my_dag.training_model_C scheduled__2025-01-13T00:00:00+00:00 [queued]>
[2025-01-13T19:00:09.469-0500] {taskinstance.py:2866} INFO - Starting attempt 1 of 3
[2025-01-13T19:00:09.478-0500] {taskinstance.py:2889} INFO - Executing <Task(PythonOperator): training_model_C> on 2025-01-13 00:00:00+00:00
[2025-01-13T19:00:09.484-0500] {standard_task_runner.py:72} INFO - Started process 44474 to run task
[2025-01-13T19:00:09.492-0500] {standard_task_runner.py:104} INFO - Running: ['airflow', 'tasks', 'run', 'my_dag', 'training_model_C', 'scheduled__2025-01-13T00:00:00+00:00', '--job-id', '45', '--raw', '--subdir', 'DAGS_FOLDER/tutorial_taskflow_api.py', '--cfg-path', '/var/folders/ll/2bfcn_d54ks002mx2dw82c2m0000gn/T/tmp48pqzw77']
[2025-01-13T19:00:09.495-0500] {standard_task_runner.py:105} INFO - Job 45: Subtask training_model_C
[2025-01-13T19:00:09.541-0500] {task_command.py:467} INFO - Running <TaskInstance: my_dag.training_model_C scheduled__2025-01-13T00:00:00+00:00 [running]> on host macbook-pro-2.local
[2025-01-13T19:00:09.614-0500] {taskinstance.py:3132} INFO - Exporting env vars: AIRFLOW_CTX_DAG_OWNER='airflow' AIRFLOW_CTX_DAG_ID='my_dag' AIRFLOW_CTX_TASK_ID='training_model_C' AIRFLOW_CTX_EXECUTION_DATE='2025-01-13T00:00:00+00:00' AIRFLOW_CTX_TRY_NUMBER='1' AIRFLOW_CTX_DAG_RUN_ID='scheduled__2025-01-13T00:00:00+00:00'
[2025-01-13T19:00:09.616-0500] {logging_mixin.py:190} INFO - Task instance is in running state
[2025-01-13T19:00:09.616-0500] {logging_mixin.py:190} INFO -  Previous state of the Task instance: queued
[2025-01-13T19:00:09.617-0500] {logging_mixin.py:190} INFO - Current task name:training_model_C state:running start_date:2025-01-14 00:00:09.463891+00:00
[2025-01-13T19:00:09.618-0500] {logging_mixin.py:190} INFO - Dag name:my_dag and current dag run status:running
[2025-01-13T19:00:09.619-0500] {taskinstance.py:731} INFO - ::endgroup::
[2025-01-13T19:05:09.623-0500] {python.py:240} INFO - Done. Returned value was: 5
[2025-01-13T19:05:09.655-0500] {taskinstance.py:340} INFO - ::group::Post task execution logs
[2025-01-13T19:05:09.656-0500] {taskinstance.py:352} INFO - Marking task as SUCCESS. dag_id=my_dag, task_id=training_model_C, run_id=scheduled__2025-01-13T00:00:00+00:00, execution_date=20250113T000000, start_date=20250114T000009, end_date=20250114T000509
[2025-01-13T19:05:09.662-0500] {logging_mixin.py:190} INFO - Task instance in success state
[2025-01-13T19:05:09.663-0500] {logging_mixin.py:190} INFO -  Previous state of the Task instance: running
[2025-01-13T19:05:09.664-0500] {logging_mixin.py:190} INFO - Dag name:my_dag queued_at:2025-01-14 00:00:01.551396+00:00
[2025-01-13T19:05:09.664-0500] {logging_mixin.py:190} INFO - Task hostname:macbook-pro-2.local operator:PythonOperator
[2025-01-13T19:05:09.689-0500] {standard_task_runner.py:217} INFO - Process not found (most likely exited), stop collecting metrics
[2025-01-13T19:05:09.701-0500] {local_task_job_runner.py:266} INFO - Task exited with return code 0
[2025-01-13T19:05:09.718-0500] {taskinstance.py:3895} INFO - 1 downstream tasks scheduled from follow-on schedule check
[2025-01-13T19:05:09.720-0500] {local_task_job_runner.py:245} INFO - ::endgroup::
[2025-01-14T15:54:22.098-0500] {local_task_job_runner.py:123} INFO - ::group::Pre task execution logs
[2025-01-14T15:54:22.110-0500] {taskinstance.py:2613} INFO - Dependencies all met for dep_context=non-requeueable deps ti=<TaskInstance: my_dag.training_model_C scheduled__2025-01-13T00:00:00+00:00 [queued]>
[2025-01-14T15:54:22.118-0500] {taskinstance.py:2613} INFO - Dependencies all met for dep_context=requeueable deps ti=<TaskInstance: my_dag.training_model_C scheduled__2025-01-13T00:00:00+00:00 [queued]>
[2025-01-14T15:54:22.118-0500] {taskinstance.py:2866} INFO - Starting attempt 1 of 3
[2025-01-14T15:54:22.130-0500] {taskinstance.py:2889} INFO - Executing <Task(PythonOperator): training_model_C> on 2025-01-13 00:00:00+00:00
[2025-01-14T15:54:22.137-0500] {standard_task_runner.py:72} INFO - Started process 61699 to run task
[2025-01-14T15:54:22.145-0500] {standard_task_runner.py:104} INFO - Running: ['airflow', 'tasks', 'run', 'my_dag', 'training_model_C', 'scheduled__2025-01-13T00:00:00+00:00', '--job-id', '55', '--raw', '--subdir', 'DAGS_FOLDER/tutorial_taskflow_api.py', '--cfg-path', '/var/folders/ll/2bfcn_d54ks002mx2dw82c2m0000gn/T/tmp4f61vtiy']
[2025-01-14T15:54:22.148-0500] {standard_task_runner.py:105} INFO - Job 55: Subtask training_model_C
[2025-01-14T15:54:22.205-0500] {task_command.py:467} INFO - Running <TaskInstance: my_dag.training_model_C scheduled__2025-01-13T00:00:00+00:00 [running]> on host macbook-pro-2.local
[2025-01-14T15:54:22.276-0500] {taskinstance.py:3132} INFO - Exporting env vars: AIRFLOW_CTX_DAG_OWNER='airflow' AIRFLOW_CTX_DAG_ID='my_dag' AIRFLOW_CTX_TASK_ID='training_model_C' AIRFLOW_CTX_EXECUTION_DATE='2025-01-13T00:00:00+00:00' AIRFLOW_CTX_TRY_NUMBER='1' AIRFLOW_CTX_DAG_RUN_ID='scheduled__2025-01-13T00:00:00+00:00'
[2025-01-14T15:54:22.278-0500] {logging_mixin.py:190} INFO - Task instance is in running state
[2025-01-14T15:54:22.278-0500] {logging_mixin.py:190} INFO -  Previous state of the Task instance: queued
[2025-01-14T15:54:22.279-0500] {logging_mixin.py:190} INFO - Current task name:training_model_C state:running start_date:2025-01-14 20:54:22.111274+00:00
[2025-01-14T15:54:22.280-0500] {logging_mixin.py:190} INFO - Dag name:my_dag and current dag run status:running
[2025-01-14T15:54:22.281-0500] {taskinstance.py:731} INFO - ::endgroup::
[2025-01-14T15:54:22.282-0500] {python.py:240} INFO - Done. Returned value was: 4
[2025-01-14T15:54:22.295-0500] {taskinstance.py:340} INFO - ::group::Post task execution logs
[2025-01-14T15:54:22.297-0500] {taskinstance.py:352} INFO - Marking task as SUCCESS. dag_id=my_dag, task_id=training_model_C, run_id=scheduled__2025-01-13T00:00:00+00:00, execution_date=20250113T000000, start_date=20250114T205422, end_date=20250114T205422
[2025-01-14T15:54:22.306-0500] {logging_mixin.py:190} INFO - Task instance in success state
[2025-01-14T15:54:22.306-0500] {logging_mixin.py:190} INFO -  Previous state of the Task instance: running
[2025-01-14T15:54:22.307-0500] {logging_mixin.py:190} INFO - Dag name:my_dag queued_at:2025-01-14 20:54:12.105971+00:00
[2025-01-14T15:54:22.308-0500] {logging_mixin.py:190} INFO - Task hostname:macbook-pro-2.local operator:PythonOperator
[2025-01-14T15:54:22.316-0500] {local_task_job_runner.py:266} INFO - Task exited with return code 0
[2025-01-14T15:54:22.342-0500] {taskinstance.py:3895} INFO - 1 downstream tasks scheduled from follow-on schedule check
[2025-01-14T15:54:22.343-0500] {local_task_job_runner.py:245} INFO - ::endgroup::
