[2025-01-13T18:17:46.793-0500] {local_task_job_runner.py:123} INFO - ::group::Pre task execution logs
[2025-01-13T18:17:46.803-0500] {taskinstance.py:2613} INFO - Dependencies all met for dep_context=non-requeueable deps ti=<TaskInstance: my_dag.training_model_A manual__2025-01-13T23:17:43.106198+00:00 [queued]>
[2025-01-13T18:17:46.809-0500] {taskinstance.py:2613} INFO - Dependencies all met for dep_context=requeueable deps ti=<TaskInstance: my_dag.training_model_A manual__2025-01-13T23:17:43.106198+00:00 [queued]>
[2025-01-13T18:17:46.809-0500] {taskinstance.py:2866} INFO - Starting attempt 1 of 3
[2025-01-13T18:17:46.820-0500] {taskinstance.py:2889} INFO - Executing <Task(PythonOperator): training_model_A> on 2025-01-13 23:17:43.106198+00:00
[2025-01-13T18:17:46.826-0500] {standard_task_runner.py:72} INFO - Started process 15158 to run task
[2025-01-13T18:17:46.834-0500] {standard_task_runner.py:104} INFO - Running: ['airflow', 'tasks', 'run', 'my_dag', 'training_model_A', 'manual__2025-01-13T23:17:43.106198+00:00', '--job-id', '28', '--raw', '--subdir', 'DAGS_FOLDER/tutorial_taskflow_api.py', '--cfg-path', '/var/folders/ll/2bfcn_d54ks002mx2dw82c2m0000gn/T/tmpykca9iev']
[2025-01-13T18:17:46.838-0500] {standard_task_runner.py:105} INFO - Job 28: Subtask training_model_A
[2025-01-13T18:17:46.885-0500] {task_command.py:467} INFO - Running <TaskInstance: my_dag.training_model_A manual__2025-01-13T23:17:43.106198+00:00 [running]> on host macbook-pro-2.local
[2025-01-13T18:17:46.952-0500] {taskinstance.py:3132} INFO - Exporting env vars: AIRFLOW_CTX_DAG_OWNER='airflow' AIRFLOW_CTX_DAG_ID='my_dag' AIRFLOW_CTX_TASK_ID='training_model_A' AIRFLOW_CTX_EXECUTION_DATE='2025-01-13T23:17:43.106198+00:00' AIRFLOW_CTX_TRY_NUMBER='1' AIRFLOW_CTX_DAG_RUN_ID='manual__2025-01-13T23:17:43.106198+00:00'
[2025-01-13T18:17:46.954-0500] {logging_mixin.py:190} INFO - Task instance is in running state
[2025-01-13T18:17:46.955-0500] {logging_mixin.py:190} INFO -  Previous state of the Task instance: queued
[2025-01-13T18:17:46.956-0500] {logging_mixin.py:190} INFO - Current task name:training_model_A state:running start_date:2025-01-13 23:17:46.804014+00:00
[2025-01-13T18:17:46.956-0500] {logging_mixin.py:190} INFO - Dag name:my_dag and current dag run status:running
[2025-01-13T18:17:46.957-0500] {taskinstance.py:731} INFO - ::endgroup::
[2025-01-13T18:17:46.958-0500] {python.py:240} INFO - Done. Returned value was: 2
[2025-01-13T18:17:46.970-0500] {taskinstance.py:340} INFO - ::group::Post task execution logs
[2025-01-13T18:17:46.972-0500] {taskinstance.py:352} INFO - Marking task as SUCCESS. dag_id=my_dag, task_id=training_model_A, run_id=manual__2025-01-13T23:17:43.106198+00:00, execution_date=20250113T231743, start_date=20250113T231746, end_date=20250113T231746
[2025-01-13T18:17:46.979-0500] {logging_mixin.py:190} INFO - Task instance in success state
[2025-01-13T18:17:46.980-0500] {logging_mixin.py:190} INFO -  Previous state of the Task instance: running
[2025-01-13T18:17:46.981-0500] {logging_mixin.py:190} INFO - Dag name:my_dag queued_at:2025-01-13 23:17:43.117145+00:00
[2025-01-13T18:17:46.981-0500] {logging_mixin.py:190} INFO - Task hostname:macbook-pro-2.local operator:PythonOperator
[2025-01-13T18:17:47.007-0500] {local_task_job_runner.py:266} INFO - Task exited with return code 0
[2025-01-13T18:17:47.030-0500] {taskinstance.py:3895} INFO - 0 downstream tasks scheduled from follow-on schedule check
[2025-01-13T18:17:47.031-0500] {local_task_job_runner.py:245} INFO - ::endgroup::
