[2025-01-13T19:05:24.342-0500] {processor.py:186} INFO - Started process (PID=47783) to work on /usr/local/lib/python3.10/site-packages/airflow/example_dags/plugins/workday.py
[2025-01-13T19:05:24.343-0500] {processor.py:914} INFO - Processing file /usr/local/lib/python3.10/site-packages/airflow/example_dags/plugins/workday.py for tasks to queue
[2025-01-13T19:05:24.344-0500] {logging_mixin.py:190} INFO - [2025-01-13T19:05:24.344-0500] {dagbag.py:588} INFO - Filling up the DagBag from /usr/local/lib/python3.10/site-packages/airflow/example_dags/plugins/workday.py
[2025-01-13T19:05:24.698-0500] {processor.py:927} WARNING - No viable dags retrieved from /usr/local/lib/python3.10/site-packages/airflow/example_dags/plugins/workday.py
[2025-01-13T19:05:24.783-0500] {processor.py:208} INFO - Processing /usr/local/lib/python3.10/site-packages/airflow/example_dags/plugins/workday.py took 0.445 seconds
[2025-01-13T19:07:58.718-0500] {processor.py:186} INFO - Started process (PID=49663) to work on /usr/local/lib/python3.10/site-packages/airflow/example_dags/plugins/workday.py
[2025-01-13T19:07:58.719-0500] {processor.py:914} INFO - Processing file /usr/local/lib/python3.10/site-packages/airflow/example_dags/plugins/workday.py for tasks to queue
[2025-01-13T19:07:58.720-0500] {logging_mixin.py:190} INFO - [2025-01-13T19:07:58.720-0500] {dagbag.py:588} INFO - Filling up the DagBag from /usr/local/lib/python3.10/site-packages/airflow/example_dags/plugins/workday.py
[2025-01-13T19:07:59.070-0500] {processor.py:927} WARNING - No viable dags retrieved from /usr/local/lib/python3.10/site-packages/airflow/example_dags/plugins/workday.py
[2025-01-13T19:07:59.148-0500] {processor.py:208} INFO - Processing /usr/local/lib/python3.10/site-packages/airflow/example_dags/plugins/workday.py took 0.434 seconds
[2025-01-13T19:10:06.785-0500] {processor.py:186} INFO - Started process (PID=51073) to work on /usr/local/lib/python3.10/site-packages/airflow/example_dags/plugins/workday.py
[2025-01-13T19:10:06.787-0500] {processor.py:914} INFO - Processing file /usr/local/lib/python3.10/site-packages/airflow/example_dags/plugins/workday.py for tasks to queue
[2025-01-13T19:10:06.788-0500] {logging_mixin.py:190} INFO - [2025-01-13T19:10:06.787-0500] {dagbag.py:588} INFO - Filling up the DagBag from /usr/local/lib/python3.10/site-packages/airflow/example_dags/plugins/workday.py
[2025-01-13T19:10:07.139-0500] {processor.py:927} WARNING - No viable dags retrieved from /usr/local/lib/python3.10/site-packages/airflow/example_dags/plugins/workday.py
[2025-01-13T19:10:07.215-0500] {processor.py:208} INFO - Processing /usr/local/lib/python3.10/site-packages/airflow/example_dags/plugins/workday.py took 0.433 seconds
[2025-01-13T19:53:19.247-0500] {processor.py:186} INFO - Started process (PID=53295) to work on /usr/local/lib/python3.10/site-packages/airflow/example_dags/plugins/workday.py
[2025-01-13T19:53:19.248-0500] {processor.py:914} INFO - Processing file /usr/local/lib/python3.10/site-packages/airflow/example_dags/plugins/workday.py for tasks to queue
[2025-01-13T19:53:19.249-0500] {logging_mixin.py:190} INFO - [2025-01-13T19:53:19.249-0500] {dagbag.py:588} INFO - Filling up the DagBag from /usr/local/lib/python3.10/site-packages/airflow/example_dags/plugins/workday.py
[2025-01-13T19:53:19.795-0500] {processor.py:927} WARNING - No viable dags retrieved from /usr/local/lib/python3.10/site-packages/airflow/example_dags/plugins/workday.py
[2025-01-13T19:53:19.874-0500] {processor.py:208} INFO - Processing /usr/local/lib/python3.10/site-packages/airflow/example_dags/plugins/workday.py took 0.630 seconds
[2025-01-14T15:44:39.229-0500] {processor.py:186} INFO - Started process (PID=52497) to work on /usr/local/lib/python3.10/site-packages/airflow/example_dags/plugins/workday.py
[2025-01-14T15:44:39.231-0500] {processor.py:914} INFO - Processing file /usr/local/lib/python3.10/site-packages/airflow/example_dags/plugins/workday.py for tasks to queue
[2025-01-14T15:44:39.232-0500] {logging_mixin.py:190} INFO - [2025-01-14T15:44:39.232-0500] {dagbag.py:588} INFO - Filling up the DagBag from /usr/local/lib/python3.10/site-packages/airflow/example_dags/plugins/workday.py
[2025-01-14T15:44:39.752-0500] {processor.py:927} WARNING - No viable dags retrieved from /usr/local/lib/python3.10/site-packages/airflow/example_dags/plugins/workday.py
[2025-01-14T15:44:39.918-0500] {processor.py:208} INFO - Processing /usr/local/lib/python3.10/site-packages/airflow/example_dags/plugins/workday.py took 0.694 seconds
[2025-01-14T15:53:09.706-0500] {processor.py:186} INFO - Started process (PID=60844) to work on /usr/local/lib/python3.10/site-packages/airflow/example_dags/plugins/workday.py
[2025-01-14T15:53:09.708-0500] {processor.py:914} INFO - Processing file /usr/local/lib/python3.10/site-packages/airflow/example_dags/plugins/workday.py for tasks to queue
[2025-01-14T15:53:09.709-0500] {logging_mixin.py:190} INFO - [2025-01-14T15:53:09.709-0500] {dagbag.py:588} INFO - Filling up the DagBag from /usr/local/lib/python3.10/site-packages/airflow/example_dags/plugins/workday.py
[2025-01-14T15:53:10.172-0500] {processor.py:927} WARNING - No viable dags retrieved from /usr/local/lib/python3.10/site-packages/airflow/example_dags/plugins/workday.py
[2025-01-14T15:53:10.271-0500] {processor.py:208} INFO - Processing /usr/local/lib/python3.10/site-packages/airflow/example_dags/plugins/workday.py took 0.570 seconds
[2025-01-14T15:56:56.552-0500] {processor.py:186} INFO - Started process (PID=63586) to work on /usr/local/lib/python3.10/site-packages/airflow/example_dags/plugins/workday.py
[2025-01-14T15:56:56.553-0500] {processor.py:914} INFO - Processing file /usr/local/lib/python3.10/site-packages/airflow/example_dags/plugins/workday.py for tasks to queue
[2025-01-14T15:56:56.554-0500] {logging_mixin.py:190} INFO - [2025-01-14T15:56:56.554-0500] {dagbag.py:588} INFO - Filling up the DagBag from /usr/local/lib/python3.10/site-packages/airflow/example_dags/plugins/workday.py
[2025-01-14T15:56:56.974-0500] {processor.py:927} WARNING - No viable dags retrieved from /usr/local/lib/python3.10/site-packages/airflow/example_dags/plugins/workday.py
[2025-01-14T15:56:57.066-0500] {processor.py:208} INFO - Processing /usr/local/lib/python3.10/site-packages/airflow/example_dags/plugins/workday.py took 0.519 seconds
[2025-01-14T15:59:34.182-0500] {processor.py:186} INFO - Started process (PID=65439) to work on /usr/local/lib/python3.10/site-packages/airflow/example_dags/plugins/workday.py
[2025-01-14T15:59:34.184-0500] {processor.py:914} INFO - Processing file /usr/local/lib/python3.10/site-packages/airflow/example_dags/plugins/workday.py for tasks to queue
[2025-01-14T15:59:34.185-0500] {logging_mixin.py:190} INFO - [2025-01-14T15:59:34.185-0500] {dagbag.py:588} INFO - Filling up the DagBag from /usr/local/lib/python3.10/site-packages/airflow/example_dags/plugins/workday.py
[2025-01-14T15:59:34.583-0500] {processor.py:927} WARNING - No viable dags retrieved from /usr/local/lib/python3.10/site-packages/airflow/example_dags/plugins/workday.py
[2025-01-14T15:59:34.683-0500] {processor.py:208} INFO - Processing /usr/local/lib/python3.10/site-packages/airflow/example_dags/plugins/workday.py took 0.506 seconds
[2025-01-14T16:01:54.891-0500] {processor.py:186} INFO - Started process (PID=67171) to work on /usr/local/lib/python3.10/site-packages/airflow/example_dags/plugins/workday.py
[2025-01-14T16:01:54.893-0500] {processor.py:914} INFO - Processing file /usr/local/lib/python3.10/site-packages/airflow/example_dags/plugins/workday.py for tasks to queue
[2025-01-14T16:01:54.894-0500] {logging_mixin.py:190} INFO - [2025-01-14T16:01:54.894-0500] {dagbag.py:588} INFO - Filling up the DagBag from /usr/local/lib/python3.10/site-packages/airflow/example_dags/plugins/workday.py
[2025-01-14T16:01:55.354-0500] {processor.py:927} WARNING - No viable dags retrieved from /usr/local/lib/python3.10/site-packages/airflow/example_dags/plugins/workday.py
[2025-01-14T16:01:55.448-0500] {processor.py:208} INFO - Processing /usr/local/lib/python3.10/site-packages/airflow/example_dags/plugins/workday.py took 0.561 seconds
[2025-01-14T16:04:20.868-0500] {processor.py:186} INFO - Started process (PID=68896) to work on /usr/local/lib/python3.10/site-packages/airflow/example_dags/plugins/workday.py
[2025-01-14T16:04:20.870-0500] {processor.py:914} INFO - Processing file /usr/local/lib/python3.10/site-packages/airflow/example_dags/plugins/workday.py for tasks to queue
[2025-01-14T16:04:20.871-0500] {logging_mixin.py:190} INFO - [2025-01-14T16:04:20.871-0500] {dagbag.py:588} INFO - Filling up the DagBag from /usr/local/lib/python3.10/site-packages/airflow/example_dags/plugins/workday.py
[2025-01-14T16:04:21.271-0500] {processor.py:927} WARNING - No viable dags retrieved from /usr/local/lib/python3.10/site-packages/airflow/example_dags/plugins/workday.py
[2025-01-14T16:04:21.360-0500] {processor.py:208} INFO - Processing /usr/local/lib/python3.10/site-packages/airflow/example_dags/plugins/workday.py took 0.495 seconds
[2025-01-14T16:06:46.458-0500] {processor.py:186} INFO - Started process (PID=70704) to work on /usr/local/lib/python3.10/site-packages/airflow/example_dags/plugins/workday.py
[2025-01-14T16:06:46.460-0500] {processor.py:914} INFO - Processing file /usr/local/lib/python3.10/site-packages/airflow/example_dags/plugins/workday.py for tasks to queue
[2025-01-14T16:06:46.461-0500] {logging_mixin.py:190} INFO - [2025-01-14T16:06:46.461-0500] {dagbag.py:588} INFO - Filling up the DagBag from /usr/local/lib/python3.10/site-packages/airflow/example_dags/plugins/workday.py
[2025-01-14T16:06:47.008-0500] {processor.py:927} WARNING - No viable dags retrieved from /usr/local/lib/python3.10/site-packages/airflow/example_dags/plugins/workday.py
[2025-01-14T16:06:47.121-0500] {processor.py:208} INFO - Processing /usr/local/lib/python3.10/site-packages/airflow/example_dags/plugins/workday.py took 0.668 seconds
[2025-01-14T16:09:04.008-0500] {processor.py:186} INFO - Started process (PID=72334) to work on /usr/local/lib/python3.10/site-packages/airflow/example_dags/plugins/workday.py
[2025-01-14T16:09:04.010-0500] {processor.py:914} INFO - Processing file /usr/local/lib/python3.10/site-packages/airflow/example_dags/plugins/workday.py for tasks to queue
[2025-01-14T16:09:04.011-0500] {logging_mixin.py:190} INFO - [2025-01-14T16:09:04.010-0500] {dagbag.py:588} INFO - Filling up the DagBag from /usr/local/lib/python3.10/site-packages/airflow/example_dags/plugins/workday.py
[2025-01-14T16:09:04.571-0500] {processor.py:927} WARNING - No viable dags retrieved from /usr/local/lib/python3.10/site-packages/airflow/example_dags/plugins/workday.py
[2025-01-14T16:09:04.654-0500] {processor.py:208} INFO - Processing /usr/local/lib/python3.10/site-packages/airflow/example_dags/plugins/workday.py took 0.650 seconds
[2025-01-14T16:12:00.452-0500] {processor.py:186} INFO - Started process (PID=73791) to work on /usr/local/lib/python3.10/site-packages/airflow/example_dags/plugins/workday.py
[2025-01-14T16:12:00.454-0500] {processor.py:914} INFO - Processing file /usr/local/lib/python3.10/site-packages/airflow/example_dags/plugins/workday.py for tasks to queue
[2025-01-14T16:12:00.456-0500] {logging_mixin.py:190} INFO - [2025-01-14T16:12:00.455-0500] {dagbag.py:588} INFO - Filling up the DagBag from /usr/local/lib/python3.10/site-packages/airflow/example_dags/plugins/workday.py
[2025-01-14T16:12:00.857-0500] {processor.py:927} WARNING - No viable dags retrieved from /usr/local/lib/python3.10/site-packages/airflow/example_dags/plugins/workday.py
[2025-01-14T16:12:00.948-0500] {processor.py:208} INFO - Processing /usr/local/lib/python3.10/site-packages/airflow/example_dags/plugins/workday.py took 0.499 seconds
[2025-01-14T16:14:16.026-0500] {processor.py:186} INFO - Started process (PID=75426) to work on /usr/local/lib/python3.10/site-packages/airflow/example_dags/plugins/workday.py
[2025-01-14T16:14:16.028-0500] {processor.py:914} INFO - Processing file /usr/local/lib/python3.10/site-packages/airflow/example_dags/plugins/workday.py for tasks to queue
[2025-01-14T16:14:16.029-0500] {logging_mixin.py:190} INFO - [2025-01-14T16:14:16.029-0500] {dagbag.py:588} INFO - Filling up the DagBag from /usr/local/lib/python3.10/site-packages/airflow/example_dags/plugins/workday.py
[2025-01-14T16:14:16.580-0500] {processor.py:927} WARNING - No viable dags retrieved from /usr/local/lib/python3.10/site-packages/airflow/example_dags/plugins/workday.py
[2025-01-14T16:14:16.678-0500] {processor.py:208} INFO - Processing /usr/local/lib/python3.10/site-packages/airflow/example_dags/plugins/workday.py took 0.656 seconds
[2025-01-14T16:16:34.267-0500] {processor.py:186} INFO - Started process (PID=76981) to work on /usr/local/lib/python3.10/site-packages/airflow/example_dags/plugins/workday.py
[2025-01-14T16:16:34.269-0500] {processor.py:914} INFO - Processing file /usr/local/lib/python3.10/site-packages/airflow/example_dags/plugins/workday.py for tasks to queue
[2025-01-14T16:16:34.271-0500] {logging_mixin.py:190} INFO - [2025-01-14T16:16:34.271-0500] {dagbag.py:588} INFO - Filling up the DagBag from /usr/local/lib/python3.10/site-packages/airflow/example_dags/plugins/workday.py
[2025-01-14T16:16:34.823-0500] {processor.py:927} WARNING - No viable dags retrieved from /usr/local/lib/python3.10/site-packages/airflow/example_dags/plugins/workday.py
[2025-01-14T16:16:34.938-0500] {processor.py:208} INFO - Processing /usr/local/lib/python3.10/site-packages/airflow/example_dags/plugins/workday.py took 0.676 seconds
[2025-01-14T16:18:54.513-0500] {processor.py:186} INFO - Started process (PID=78617) to work on /usr/local/lib/python3.10/site-packages/airflow/example_dags/plugins/workday.py
[2025-01-14T16:18:54.516-0500] {processor.py:914} INFO - Processing file /usr/local/lib/python3.10/site-packages/airflow/example_dags/plugins/workday.py for tasks to queue
[2025-01-14T16:18:54.517-0500] {logging_mixin.py:190} INFO - [2025-01-14T16:18:54.517-0500] {dagbag.py:588} INFO - Filling up the DagBag from /usr/local/lib/python3.10/site-packages/airflow/example_dags/plugins/workday.py
[2025-01-14T16:18:55.074-0500] {processor.py:927} WARNING - No viable dags retrieved from /usr/local/lib/python3.10/site-packages/airflow/example_dags/plugins/workday.py
[2025-01-14T16:18:55.172-0500] {processor.py:208} INFO - Processing /usr/local/lib/python3.10/site-packages/airflow/example_dags/plugins/workday.py took 0.663 seconds
[2025-01-14T16:21:16.645-0500] {processor.py:186} INFO - Started process (PID=80247) to work on /usr/local/lib/python3.10/site-packages/airflow/example_dags/plugins/workday.py
[2025-01-14T16:21:16.646-0500] {processor.py:914} INFO - Processing file /usr/local/lib/python3.10/site-packages/airflow/example_dags/plugins/workday.py for tasks to queue
[2025-01-14T16:21:16.648-0500] {logging_mixin.py:190} INFO - [2025-01-14T16:21:16.647-0500] {dagbag.py:588} INFO - Filling up the DagBag from /usr/local/lib/python3.10/site-packages/airflow/example_dags/plugins/workday.py
[2025-01-14T16:21:17.011-0500] {processor.py:927} WARNING - No viable dags retrieved from /usr/local/lib/python3.10/site-packages/airflow/example_dags/plugins/workday.py
[2025-01-14T16:21:17.096-0500] {processor.py:208} INFO - Processing /usr/local/lib/python3.10/site-packages/airflow/example_dags/plugins/workday.py took 0.456 seconds
[2025-01-14T16:23:27.433-0500] {processor.py:186} INFO - Started process (PID=81650) to work on /usr/local/lib/python3.10/site-packages/airflow/example_dags/plugins/workday.py
[2025-01-14T16:23:27.435-0500] {processor.py:914} INFO - Processing file /usr/local/lib/python3.10/site-packages/airflow/example_dags/plugins/workday.py for tasks to queue
[2025-01-14T16:23:27.436-0500] {logging_mixin.py:190} INFO - [2025-01-14T16:23:27.436-0500] {dagbag.py:588} INFO - Filling up the DagBag from /usr/local/lib/python3.10/site-packages/airflow/example_dags/plugins/workday.py
[2025-01-14T16:23:27.820-0500] {processor.py:927} WARNING - No viable dags retrieved from /usr/local/lib/python3.10/site-packages/airflow/example_dags/plugins/workday.py
[2025-01-14T16:23:27.909-0500] {processor.py:208} INFO - Processing /usr/local/lib/python3.10/site-packages/airflow/example_dags/plugins/workday.py took 0.480 seconds
[2025-01-14T16:25:37.417-0500] {processor.py:186} INFO - Started process (PID=83172) to work on /usr/local/lib/python3.10/site-packages/airflow/example_dags/plugins/workday.py
[2025-01-14T16:25:37.418-0500] {processor.py:914} INFO - Processing file /usr/local/lib/python3.10/site-packages/airflow/example_dags/plugins/workday.py for tasks to queue
[2025-01-14T16:25:37.419-0500] {logging_mixin.py:190} INFO - [2025-01-14T16:25:37.419-0500] {dagbag.py:588} INFO - Filling up the DagBag from /usr/local/lib/python3.10/site-packages/airflow/example_dags/plugins/workday.py
[2025-01-14T16:25:37.803-0500] {processor.py:927} WARNING - No viable dags retrieved from /usr/local/lib/python3.10/site-packages/airflow/example_dags/plugins/workday.py
[2025-01-14T16:25:37.895-0500] {processor.py:208} INFO - Processing /usr/local/lib/python3.10/site-packages/airflow/example_dags/plugins/workday.py took 0.482 seconds
[2025-01-14T16:27:54.535-0500] {processor.py:186} INFO - Started process (PID=84690) to work on /usr/local/lib/python3.10/site-packages/airflow/example_dags/plugins/workday.py
[2025-01-14T16:27:54.537-0500] {processor.py:914} INFO - Processing file /usr/local/lib/python3.10/site-packages/airflow/example_dags/plugins/workday.py for tasks to queue
[2025-01-14T16:27:54.538-0500] {logging_mixin.py:190} INFO - [2025-01-14T16:27:54.538-0500] {dagbag.py:588} INFO - Filling up the DagBag from /usr/local/lib/python3.10/site-packages/airflow/example_dags/plugins/workday.py
[2025-01-14T16:27:55.107-0500] {processor.py:927} WARNING - No viable dags retrieved from /usr/local/lib/python3.10/site-packages/airflow/example_dags/plugins/workday.py
[2025-01-14T16:27:55.204-0500] {processor.py:208} INFO - Processing /usr/local/lib/python3.10/site-packages/airflow/example_dags/plugins/workday.py took 0.673 seconds
[2025-01-14T16:30:23.242-0500] {processor.py:186} INFO - Started process (PID=86458) to work on /usr/local/lib/python3.10/site-packages/airflow/example_dags/plugins/workday.py
[2025-01-14T16:30:23.244-0500] {processor.py:914} INFO - Processing file /usr/local/lib/python3.10/site-packages/airflow/example_dags/plugins/workday.py for tasks to queue
[2025-01-14T16:30:23.245-0500] {logging_mixin.py:190} INFO - [2025-01-14T16:30:23.245-0500] {dagbag.py:588} INFO - Filling up the DagBag from /usr/local/lib/python3.10/site-packages/airflow/example_dags/plugins/workday.py
[2025-01-14T16:30:23.835-0500] {processor.py:927} WARNING - No viable dags retrieved from /usr/local/lib/python3.10/site-packages/airflow/example_dags/plugins/workday.py
[2025-01-14T16:30:23.935-0500] {processor.py:208} INFO - Processing /usr/local/lib/python3.10/site-packages/airflow/example_dags/plugins/workday.py took 0.698 seconds
[2025-01-14T16:32:48.275-0500] {processor.py:186} INFO - Started process (PID=88100) to work on /usr/local/lib/python3.10/site-packages/airflow/example_dags/plugins/workday.py
[2025-01-14T16:32:48.276-0500] {processor.py:914} INFO - Processing file /usr/local/lib/python3.10/site-packages/airflow/example_dags/plugins/workday.py for tasks to queue
[2025-01-14T16:32:48.278-0500] {logging_mixin.py:190} INFO - [2025-01-14T16:32:48.278-0500] {dagbag.py:588} INFO - Filling up the DagBag from /usr/local/lib/python3.10/site-packages/airflow/example_dags/plugins/workday.py
[2025-01-14T16:32:48.833-0500] {processor.py:927} WARNING - No viable dags retrieved from /usr/local/lib/python3.10/site-packages/airflow/example_dags/plugins/workday.py
[2025-01-14T16:32:48.941-0500] {processor.py:208} INFO - Processing /usr/local/lib/python3.10/site-packages/airflow/example_dags/plugins/workday.py took 0.670 seconds
[2025-01-14T16:35:08.502-0500] {processor.py:186} INFO - Started process (PID=89723) to work on /usr/local/lib/python3.10/site-packages/airflow/example_dags/plugins/workday.py
[2025-01-14T16:35:08.504-0500] {processor.py:914} INFO - Processing file /usr/local/lib/python3.10/site-packages/airflow/example_dags/plugins/workday.py for tasks to queue
[2025-01-14T16:35:08.505-0500] {logging_mixin.py:190} INFO - [2025-01-14T16:35:08.505-0500] {dagbag.py:588} INFO - Filling up the DagBag from /usr/local/lib/python3.10/site-packages/airflow/example_dags/plugins/workday.py
[2025-01-14T16:35:09.060-0500] {processor.py:927} WARNING - No viable dags retrieved from /usr/local/lib/python3.10/site-packages/airflow/example_dags/plugins/workday.py
[2025-01-14T16:35:09.159-0500] {processor.py:208} INFO - Processing /usr/local/lib/python3.10/site-packages/airflow/example_dags/plugins/workday.py took 0.667 seconds
[2025-01-14T16:38:25.138-0500] {processor.py:186} INFO - Started process (PID=91792) to work on /usr/local/lib/python3.10/site-packages/airflow/example_dags/plugins/workday.py
[2025-01-14T16:38:25.140-0500] {processor.py:914} INFO - Processing file /usr/local/lib/python3.10/site-packages/airflow/example_dags/plugins/workday.py for tasks to queue
[2025-01-14T16:38:25.142-0500] {logging_mixin.py:190} INFO - [2025-01-14T16:38:25.142-0500] {dagbag.py:588} INFO - Filling up the DagBag from /usr/local/lib/python3.10/site-packages/airflow/example_dags/plugins/workday.py
[2025-01-14T16:38:25.817-0500] {processor.py:927} WARNING - No viable dags retrieved from /usr/local/lib/python3.10/site-packages/airflow/example_dags/plugins/workday.py
[2025-01-14T16:38:26.022-0500] {processor.py:208} INFO - Processing /usr/local/lib/python3.10/site-packages/airflow/example_dags/plugins/workday.py took 0.891 seconds
[2025-01-14T16:41:06.315-0500] {processor.py:186} INFO - Started process (PID=93668) to work on /usr/local/lib/python3.10/site-packages/airflow/example_dags/plugins/workday.py
[2025-01-14T16:41:06.316-0500] {processor.py:914} INFO - Processing file /usr/local/lib/python3.10/site-packages/airflow/example_dags/plugins/workday.py for tasks to queue
[2025-01-14T16:41:06.317-0500] {logging_mixin.py:190} INFO - [2025-01-14T16:41:06.317-0500] {dagbag.py:588} INFO - Filling up the DagBag from /usr/local/lib/python3.10/site-packages/airflow/example_dags/plugins/workday.py
[2025-01-14T16:41:06.692-0500] {processor.py:927} WARNING - No viable dags retrieved from /usr/local/lib/python3.10/site-packages/airflow/example_dags/plugins/workday.py
[2025-01-14T16:41:06.778-0500] {processor.py:208} INFO - Processing /usr/local/lib/python3.10/site-packages/airflow/example_dags/plugins/workday.py took 0.467 seconds
[2025-01-14T16:43:22.760-0500] {processor.py:186} INFO - Started process (PID=95229) to work on /usr/local/lib/python3.10/site-packages/airflow/example_dags/plugins/workday.py
[2025-01-14T16:43:22.761-0500] {processor.py:914} INFO - Processing file /usr/local/lib/python3.10/site-packages/airflow/example_dags/plugins/workday.py for tasks to queue
[2025-01-14T16:43:22.762-0500] {logging_mixin.py:190} INFO - [2025-01-14T16:43:22.762-0500] {dagbag.py:588} INFO - Filling up the DagBag from /usr/local/lib/python3.10/site-packages/airflow/example_dags/plugins/workday.py
[2025-01-14T16:43:23.130-0500] {processor.py:927} WARNING - No viable dags retrieved from /usr/local/lib/python3.10/site-packages/airflow/example_dags/plugins/workday.py
[2025-01-14T16:43:23.226-0500] {processor.py:208} INFO - Processing /usr/local/lib/python3.10/site-packages/airflow/example_dags/plugins/workday.py took 0.470 seconds
[2025-01-14T16:45:41.910-0500] {processor.py:186} INFO - Started process (PID=96867) to work on /usr/local/lib/python3.10/site-packages/airflow/example_dags/plugins/workday.py
[2025-01-14T16:45:41.911-0500] {processor.py:914} INFO - Processing file /usr/local/lib/python3.10/site-packages/airflow/example_dags/plugins/workday.py for tasks to queue
[2025-01-14T16:45:41.912-0500] {logging_mixin.py:190} INFO - [2025-01-14T16:45:41.912-0500] {dagbag.py:588} INFO - Filling up the DagBag from /usr/local/lib/python3.10/site-packages/airflow/example_dags/plugins/workday.py
[2025-01-14T16:45:42.290-0500] {processor.py:927} WARNING - No viable dags retrieved from /usr/local/lib/python3.10/site-packages/airflow/example_dags/plugins/workday.py
[2025-01-14T16:45:42.376-0500] {processor.py:208} INFO - Processing /usr/local/lib/python3.10/site-packages/airflow/example_dags/plugins/workday.py took 0.470 seconds
[2025-01-14T16:48:07.488-0500] {processor.py:186} INFO - Started process (PID=98500) to work on /usr/local/lib/python3.10/site-packages/airflow/example_dags/plugins/workday.py
[2025-01-14T16:48:07.489-0500] {processor.py:914} INFO - Processing file /usr/local/lib/python3.10/site-packages/airflow/example_dags/plugins/workday.py for tasks to queue
[2025-01-14T16:48:07.491-0500] {logging_mixin.py:190} INFO - [2025-01-14T16:48:07.490-0500] {dagbag.py:588} INFO - Filling up the DagBag from /usr/local/lib/python3.10/site-packages/airflow/example_dags/plugins/workday.py
[2025-01-14T16:48:07.881-0500] {processor.py:927} WARNING - No viable dags retrieved from /usr/local/lib/python3.10/site-packages/airflow/example_dags/plugins/workday.py
[2025-01-14T16:48:07.983-0500] {processor.py:208} INFO - Processing /usr/local/lib/python3.10/site-packages/airflow/example_dags/plugins/workday.py took 0.499 seconds
[2025-01-14T16:50:32.163-0500] {processor.py:186} INFO - Started process (PID=557) to work on /usr/local/lib/python3.10/site-packages/airflow/example_dags/plugins/workday.py
[2025-01-14T16:50:32.165-0500] {processor.py:914} INFO - Processing file /usr/local/lib/python3.10/site-packages/airflow/example_dags/plugins/workday.py for tasks to queue
[2025-01-14T16:50:32.166-0500] {logging_mixin.py:190} INFO - [2025-01-14T16:50:32.166-0500] {dagbag.py:588} INFO - Filling up the DagBag from /usr/local/lib/python3.10/site-packages/airflow/example_dags/plugins/workday.py
[2025-01-14T16:50:32.763-0500] {processor.py:927} WARNING - No viable dags retrieved from /usr/local/lib/python3.10/site-packages/airflow/example_dags/plugins/workday.py
[2025-01-14T16:50:32.864-0500] {processor.py:208} INFO - Processing /usr/local/lib/python3.10/site-packages/airflow/example_dags/plugins/workday.py took 0.705 seconds
[2025-01-14T16:53:00.770-0500] {processor.py:186} INFO - Started process (PID=2449) to work on /usr/local/lib/python3.10/site-packages/airflow/example_dags/plugins/workday.py
[2025-01-14T16:53:00.772-0500] {processor.py:914} INFO - Processing file /usr/local/lib/python3.10/site-packages/airflow/example_dags/plugins/workday.py for tasks to queue
[2025-01-14T16:53:00.773-0500] {logging_mixin.py:190} INFO - [2025-01-14T16:53:00.773-0500] {dagbag.py:588} INFO - Filling up the DagBag from /usr/local/lib/python3.10/site-packages/airflow/example_dags/plugins/workday.py
[2025-01-14T16:53:01.311-0500] {processor.py:927} WARNING - No viable dags retrieved from /usr/local/lib/python3.10/site-packages/airflow/example_dags/plugins/workday.py
[2025-01-14T16:53:01.398-0500] {processor.py:208} INFO - Processing /usr/local/lib/python3.10/site-packages/airflow/example_dags/plugins/workday.py took 0.633 seconds
[2025-01-14T16:55:26.145-0500] {processor.py:186} INFO - Started process (PID=4225) to work on /usr/local/lib/python3.10/site-packages/airflow/example_dags/plugins/workday.py
[2025-01-14T16:55:26.147-0500] {processor.py:914} INFO - Processing file /usr/local/lib/python3.10/site-packages/airflow/example_dags/plugins/workday.py for tasks to queue
[2025-01-14T16:55:26.148-0500] {logging_mixin.py:190} INFO - [2025-01-14T16:55:26.148-0500] {dagbag.py:588} INFO - Filling up the DagBag from /usr/local/lib/python3.10/site-packages/airflow/example_dags/plugins/workday.py
[2025-01-14T16:55:26.691-0500] {processor.py:927} WARNING - No viable dags retrieved from /usr/local/lib/python3.10/site-packages/airflow/example_dags/plugins/workday.py
[2025-01-14T16:55:26.790-0500] {processor.py:208} INFO - Processing /usr/local/lib/python3.10/site-packages/airflow/example_dags/plugins/workday.py took 0.650 seconds
[2025-01-14T16:57:49.469-0500] {processor.py:186} INFO - Started process (PID=5935) to work on /usr/local/lib/python3.10/site-packages/airflow/example_dags/plugins/workday.py
[2025-01-14T16:57:49.471-0500] {processor.py:914} INFO - Processing file /usr/local/lib/python3.10/site-packages/airflow/example_dags/plugins/workday.py for tasks to queue
[2025-01-14T16:57:49.472-0500] {logging_mixin.py:190} INFO - [2025-01-14T16:57:49.472-0500] {dagbag.py:588} INFO - Filling up the DagBag from /usr/local/lib/python3.10/site-packages/airflow/example_dags/plugins/workday.py
[2025-01-14T16:57:49.844-0500] {processor.py:927} WARNING - No viable dags retrieved from /usr/local/lib/python3.10/site-packages/airflow/example_dags/plugins/workday.py
[2025-01-14T16:57:49.936-0500] {processor.py:208} INFO - Processing /usr/local/lib/python3.10/site-packages/airflow/example_dags/plugins/workday.py took 0.471 seconds
[2025-01-14T17:00:40.804-0500] {processor.py:186} INFO - Started process (PID=7875) to work on /usr/local/lib/python3.10/site-packages/airflow/example_dags/plugins/workday.py
[2025-01-14T17:00:40.806-0500] {processor.py:914} INFO - Processing file /usr/local/lib/python3.10/site-packages/airflow/example_dags/plugins/workday.py for tasks to queue
[2025-01-14T17:00:40.808-0500] {logging_mixin.py:190} INFO - [2025-01-14T17:00:40.807-0500] {dagbag.py:588} INFO - Filling up the DagBag from /usr/local/lib/python3.10/site-packages/airflow/example_dags/plugins/workday.py
[2025-01-14T17:00:41.413-0500] {processor.py:927} WARNING - No viable dags retrieved from /usr/local/lib/python3.10/site-packages/airflow/example_dags/plugins/workday.py
[2025-01-14T17:00:41.538-0500] {processor.py:208} INFO - Processing /usr/local/lib/python3.10/site-packages/airflow/example_dags/plugins/workday.py took 0.739 seconds
[2025-01-14T17:03:47.212-0500] {processor.py:186} INFO - Started process (PID=10140) to work on /usr/local/lib/python3.10/site-packages/airflow/example_dags/plugins/workday.py
[2025-01-14T17:03:47.214-0500] {processor.py:914} INFO - Processing file /usr/local/lib/python3.10/site-packages/airflow/example_dags/plugins/workday.py for tasks to queue
[2025-01-14T17:03:47.216-0500] {logging_mixin.py:190} INFO - [2025-01-14T17:03:47.215-0500] {dagbag.py:588} INFO - Filling up the DagBag from /usr/local/lib/python3.10/site-packages/airflow/example_dags/plugins/workday.py
[2025-01-14T17:03:48.021-0500] {processor.py:927} WARNING - No viable dags retrieved from /usr/local/lib/python3.10/site-packages/airflow/example_dags/plugins/workday.py
[2025-01-14T17:03:48.149-0500] {processor.py:208} INFO - Processing /usr/local/lib/python3.10/site-packages/airflow/example_dags/plugins/workday.py took 0.942 seconds
[2025-01-14T17:06:32.625-0500] {processor.py:186} INFO - Started process (PID=12064) to work on /usr/local/lib/python3.10/site-packages/airflow/example_dags/plugins/workday.py
[2025-01-14T17:06:32.627-0500] {processor.py:914} INFO - Processing file /usr/local/lib/python3.10/site-packages/airflow/example_dags/plugins/workday.py for tasks to queue
[2025-01-14T17:06:32.628-0500] {logging_mixin.py:190} INFO - [2025-01-14T17:06:32.628-0500] {dagbag.py:588} INFO - Filling up the DagBag from /usr/local/lib/python3.10/site-packages/airflow/example_dags/plugins/workday.py
[2025-01-14T17:06:33.360-0500] {processor.py:927} WARNING - No viable dags retrieved from /usr/local/lib/python3.10/site-packages/airflow/example_dags/plugins/workday.py
[2025-01-14T17:06:33.479-0500] {processor.py:208} INFO - Processing /usr/local/lib/python3.10/site-packages/airflow/example_dags/plugins/workday.py took 0.860 seconds
[2025-01-14T17:09:11.363-0500] {processor.py:186} INFO - Started process (PID=13834) to work on /usr/local/lib/python3.10/site-packages/airflow/example_dags/plugins/workday.py
[2025-01-14T17:09:11.365-0500] {processor.py:914} INFO - Processing file /usr/local/lib/python3.10/site-packages/airflow/example_dags/plugins/workday.py for tasks to queue
[2025-01-14T17:09:11.366-0500] {logging_mixin.py:190} INFO - [2025-01-14T17:09:11.366-0500] {dagbag.py:588} INFO - Filling up the DagBag from /usr/local/lib/python3.10/site-packages/airflow/example_dags/plugins/workday.py
[2025-01-14T17:09:11.872-0500] {processor.py:927} WARNING - No viable dags retrieved from /usr/local/lib/python3.10/site-packages/airflow/example_dags/plugins/workday.py
[2025-01-14T17:09:11.998-0500] {processor.py:208} INFO - Processing /usr/local/lib/python3.10/site-packages/airflow/example_dags/plugins/workday.py took 0.640 seconds
[2025-01-14T17:11:54.840-0500] {processor.py:186} INFO - Started process (PID=15726) to work on /usr/local/lib/python3.10/site-packages/airflow/example_dags/plugins/workday.py
[2025-01-14T17:11:54.843-0500] {processor.py:914} INFO - Processing file /usr/local/lib/python3.10/site-packages/airflow/example_dags/plugins/workday.py for tasks to queue
[2025-01-14T17:11:54.844-0500] {logging_mixin.py:190} INFO - [2025-01-14T17:11:54.844-0500] {dagbag.py:588} INFO - Filling up the DagBag from /usr/local/lib/python3.10/site-packages/airflow/example_dags/plugins/workday.py
[2025-01-14T17:11:55.298-0500] {processor.py:927} WARNING - No viable dags retrieved from /usr/local/lib/python3.10/site-packages/airflow/example_dags/plugins/workday.py
[2025-01-14T17:11:55.478-0500] {processor.py:208} INFO - Processing /usr/local/lib/python3.10/site-packages/airflow/example_dags/plugins/workday.py took 0.642 seconds
[2025-01-14T17:14:17.585-0500] {processor.py:186} INFO - Started process (PID=17371) to work on /usr/local/lib/python3.10/site-packages/airflow/example_dags/plugins/workday.py
[2025-01-14T17:14:17.586-0500] {processor.py:914} INFO - Processing file /usr/local/lib/python3.10/site-packages/airflow/example_dags/plugins/workday.py for tasks to queue
[2025-01-14T17:14:17.587-0500] {logging_mixin.py:190} INFO - [2025-01-14T17:14:17.587-0500] {dagbag.py:588} INFO - Filling up the DagBag from /usr/local/lib/python3.10/site-packages/airflow/example_dags/plugins/workday.py
[2025-01-14T17:14:17.947-0500] {processor.py:927} WARNING - No viable dags retrieved from /usr/local/lib/python3.10/site-packages/airflow/example_dags/plugins/workday.py
[2025-01-14T17:14:18.027-0500] {processor.py:208} INFO - Processing /usr/local/lib/python3.10/site-packages/airflow/example_dags/plugins/workday.py took 0.447 seconds
[2025-01-14T17:16:33.914-0500] {processor.py:186} INFO - Started process (PID=18899) to work on /usr/local/lib/python3.10/site-packages/airflow/example_dags/plugins/workday.py
[2025-01-14T17:16:33.915-0500] {processor.py:914} INFO - Processing file /usr/local/lib/python3.10/site-packages/airflow/example_dags/plugins/workday.py for tasks to queue
[2025-01-14T17:16:33.916-0500] {logging_mixin.py:190} INFO - [2025-01-14T17:16:33.916-0500] {dagbag.py:588} INFO - Filling up the DagBag from /usr/local/lib/python3.10/site-packages/airflow/example_dags/plugins/workday.py
[2025-01-14T17:16:34.313-0500] {processor.py:927} WARNING - No viable dags retrieved from /usr/local/lib/python3.10/site-packages/airflow/example_dags/plugins/workday.py
[2025-01-14T17:16:34.391-0500] {processor.py:208} INFO - Processing /usr/local/lib/python3.10/site-packages/airflow/example_dags/plugins/workday.py took 0.481 seconds
[2025-01-14T17:18:52.537-0500] {processor.py:186} INFO - Started process (PID=20534) to work on /usr/local/lib/python3.10/site-packages/airflow/example_dags/plugins/workday.py
[2025-01-14T17:18:52.538-0500] {processor.py:914} INFO - Processing file /usr/local/lib/python3.10/site-packages/airflow/example_dags/plugins/workday.py for tasks to queue
[2025-01-14T17:18:52.539-0500] {logging_mixin.py:190} INFO - [2025-01-14T17:18:52.539-0500] {dagbag.py:588} INFO - Filling up the DagBag from /usr/local/lib/python3.10/site-packages/airflow/example_dags/plugins/workday.py
[2025-01-14T17:18:52.940-0500] {processor.py:927} WARNING - No viable dags retrieved from /usr/local/lib/python3.10/site-packages/airflow/example_dags/plugins/workday.py
[2025-01-14T17:18:53.038-0500] {processor.py:208} INFO - Processing /usr/local/lib/python3.10/site-packages/airflow/example_dags/plugins/workday.py took 0.505 seconds
[2025-01-14T17:21:12.702-0500] {processor.py:186} INFO - Started process (PID=22063) to work on /usr/local/lib/python3.10/site-packages/airflow/example_dags/plugins/workday.py
[2025-01-14T17:21:12.704-0500] {processor.py:914} INFO - Processing file /usr/local/lib/python3.10/site-packages/airflow/example_dags/plugins/workday.py for tasks to queue
[2025-01-14T17:21:12.705-0500] {logging_mixin.py:190} INFO - [2025-01-14T17:21:12.705-0500] {dagbag.py:588} INFO - Filling up the DagBag from /usr/local/lib/python3.10/site-packages/airflow/example_dags/plugins/workday.py
[2025-01-14T17:21:13.107-0500] {processor.py:927} WARNING - No viable dags retrieved from /usr/local/lib/python3.10/site-packages/airflow/example_dags/plugins/workday.py
[2025-01-14T17:21:13.192-0500] {processor.py:208} INFO - Processing /usr/local/lib/python3.10/site-packages/airflow/example_dags/plugins/workday.py took 0.494 seconds
[2025-01-14T17:23:35.702-0500] {processor.py:186} INFO - Started process (PID=23699) to work on /usr/local/lib/python3.10/site-packages/airflow/example_dags/plugins/workday.py
[2025-01-14T17:23:35.705-0500] {processor.py:914} INFO - Processing file /usr/local/lib/python3.10/site-packages/airflow/example_dags/plugins/workday.py for tasks to queue
[2025-01-14T17:23:35.706-0500] {logging_mixin.py:190} INFO - [2025-01-14T17:23:35.705-0500] {dagbag.py:588} INFO - Filling up the DagBag from /usr/local/lib/python3.10/site-packages/airflow/example_dags/plugins/workday.py
[2025-01-14T17:23:36.095-0500] {processor.py:927} WARNING - No viable dags retrieved from /usr/local/lib/python3.10/site-packages/airflow/example_dags/plugins/workday.py
[2025-01-14T17:23:36.196-0500] {processor.py:208} INFO - Processing /usr/local/lib/python3.10/site-packages/airflow/example_dags/plugins/workday.py took 0.498 seconds
[2025-01-14T17:26:01.232-0500] {processor.py:186} INFO - Started process (PID=25344) to work on /usr/local/lib/python3.10/site-packages/airflow/example_dags/plugins/workday.py
[2025-01-14T17:26:01.233-0500] {processor.py:914} INFO - Processing file /usr/local/lib/python3.10/site-packages/airflow/example_dags/plugins/workday.py for tasks to queue
[2025-01-14T17:26:01.234-0500] {logging_mixin.py:190} INFO - [2025-01-14T17:26:01.234-0500] {dagbag.py:588} INFO - Filling up the DagBag from /usr/local/lib/python3.10/site-packages/airflow/example_dags/plugins/workday.py
[2025-01-14T17:26:01.595-0500] {processor.py:927} WARNING - No viable dags retrieved from /usr/local/lib/python3.10/site-packages/airflow/example_dags/plugins/workday.py
[2025-01-14T17:26:01.676-0500] {processor.py:208} INFO - Processing /usr/local/lib/python3.10/site-packages/airflow/example_dags/plugins/workday.py took 0.448 seconds
[2025-01-14T17:28:21.155-0500] {processor.py:186} INFO - Started process (PID=26978) to work on /usr/local/lib/python3.10/site-packages/airflow/example_dags/plugins/workday.py
[2025-01-14T17:28:21.157-0500] {processor.py:914} INFO - Processing file /usr/local/lib/python3.10/site-packages/airflow/example_dags/plugins/workday.py for tasks to queue
[2025-01-14T17:28:21.158-0500] {logging_mixin.py:190} INFO - [2025-01-14T17:28:21.158-0500] {dagbag.py:588} INFO - Filling up the DagBag from /usr/local/lib/python3.10/site-packages/airflow/example_dags/plugins/workday.py
[2025-01-14T17:28:21.549-0500] {processor.py:927} WARNING - No viable dags retrieved from /usr/local/lib/python3.10/site-packages/airflow/example_dags/plugins/workday.py
[2025-01-14T17:28:21.644-0500] {processor.py:208} INFO - Processing /usr/local/lib/python3.10/site-packages/airflow/example_dags/plugins/workday.py took 0.494 seconds
[2025-01-14T17:30:44.326-0500] {processor.py:186} INFO - Started process (PID=28624) to work on /usr/local/lib/python3.10/site-packages/airflow/example_dags/plugins/workday.py
[2025-01-14T17:30:44.327-0500] {processor.py:914} INFO - Processing file /usr/local/lib/python3.10/site-packages/airflow/example_dags/plugins/workday.py for tasks to queue
[2025-01-14T17:30:44.329-0500] {logging_mixin.py:190} INFO - [2025-01-14T17:30:44.329-0500] {dagbag.py:588} INFO - Filling up the DagBag from /usr/local/lib/python3.10/site-packages/airflow/example_dags/plugins/workday.py
[2025-01-14T17:30:44.716-0500] {processor.py:927} WARNING - No viable dags retrieved from /usr/local/lib/python3.10/site-packages/airflow/example_dags/plugins/workday.py
[2025-01-14T17:30:44.811-0500] {processor.py:208} INFO - Processing /usr/local/lib/python3.10/site-packages/airflow/example_dags/plugins/workday.py took 0.489 seconds
[2025-01-14T17:33:02.572-0500] {processor.py:186} INFO - Started process (PID=30149) to work on /usr/local/lib/python3.10/site-packages/airflow/example_dags/plugins/workday.py
[2025-01-14T17:33:02.574-0500] {processor.py:914} INFO - Processing file /usr/local/lib/python3.10/site-packages/airflow/example_dags/plugins/workday.py for tasks to queue
[2025-01-14T17:33:02.575-0500] {logging_mixin.py:190} INFO - [2025-01-14T17:33:02.574-0500] {dagbag.py:588} INFO - Filling up the DagBag from /usr/local/lib/python3.10/site-packages/airflow/example_dags/plugins/workday.py
[2025-01-14T17:33:02.946-0500] {processor.py:927} WARNING - No viable dags retrieved from /usr/local/lib/python3.10/site-packages/airflow/example_dags/plugins/workday.py
[2025-01-14T17:33:03.037-0500] {processor.py:208} INFO - Processing /usr/local/lib/python3.10/site-packages/airflow/example_dags/plugins/workday.py took 0.469 seconds
[2025-01-14T17:35:21.051-0500] {processor.py:186} INFO - Started process (PID=31804) to work on /usr/local/lib/python3.10/site-packages/airflow/example_dags/plugins/workday.py
[2025-01-14T17:35:21.053-0500] {processor.py:914} INFO - Processing file /usr/local/lib/python3.10/site-packages/airflow/example_dags/plugins/workday.py for tasks to queue
[2025-01-14T17:35:21.054-0500] {logging_mixin.py:190} INFO - [2025-01-14T17:35:21.054-0500] {dagbag.py:588} INFO - Filling up the DagBag from /usr/local/lib/python3.10/site-packages/airflow/example_dags/plugins/workday.py
[2025-01-14T17:35:21.613-0500] {processor.py:927} WARNING - No viable dags retrieved from /usr/local/lib/python3.10/site-packages/airflow/example_dags/plugins/workday.py
[2025-01-14T17:35:21.709-0500] {processor.py:208} INFO - Processing /usr/local/lib/python3.10/site-packages/airflow/example_dags/plugins/workday.py took 0.662 seconds
[2025-01-14T17:37:31.038-0500] {processor.py:186} INFO - Started process (PID=33248) to work on /usr/local/lib/python3.10/site-packages/airflow/example_dags/plugins/workday.py
[2025-01-14T17:37:31.039-0500] {processor.py:914} INFO - Processing file /usr/local/lib/python3.10/site-packages/airflow/example_dags/plugins/workday.py for tasks to queue
[2025-01-14T17:37:31.040-0500] {logging_mixin.py:190} INFO - [2025-01-14T17:37:31.040-0500] {dagbag.py:588} INFO - Filling up the DagBag from /usr/local/lib/python3.10/site-packages/airflow/example_dags/plugins/workday.py
[2025-01-14T17:37:31.598-0500] {processor.py:927} WARNING - No viable dags retrieved from /usr/local/lib/python3.10/site-packages/airflow/example_dags/plugins/workday.py
[2025-01-14T17:37:31.695-0500] {processor.py:208} INFO - Processing /usr/local/lib/python3.10/site-packages/airflow/example_dags/plugins/workday.py took 0.662 seconds
[2025-01-14T17:39:47.244-0500] {processor.py:186} INFO - Started process (PID=34805) to work on /usr/local/lib/python3.10/site-packages/airflow/example_dags/plugins/workday.py
[2025-01-14T17:39:47.246-0500] {processor.py:914} INFO - Processing file /usr/local/lib/python3.10/site-packages/airflow/example_dags/plugins/workday.py for tasks to queue
[2025-01-14T17:39:47.247-0500] {logging_mixin.py:190} INFO - [2025-01-14T17:39:47.247-0500] {dagbag.py:588} INFO - Filling up the DagBag from /usr/local/lib/python3.10/site-packages/airflow/example_dags/plugins/workday.py
[2025-01-14T17:39:47.618-0500] {processor.py:927} WARNING - No viable dags retrieved from /usr/local/lib/python3.10/site-packages/airflow/example_dags/plugins/workday.py
[2025-01-14T17:39:47.704-0500] {processor.py:208} INFO - Processing /usr/local/lib/python3.10/site-packages/airflow/example_dags/plugins/workday.py took 0.464 seconds
[2025-01-14T17:42:06.786-0500] {processor.py:186} INFO - Started process (PID=36545) to work on /usr/local/lib/python3.10/site-packages/airflow/example_dags/plugins/workday.py
[2025-01-14T17:42:06.788-0500] {processor.py:914} INFO - Processing file /usr/local/lib/python3.10/site-packages/airflow/example_dags/plugins/workday.py for tasks to queue
[2025-01-14T17:42:06.789-0500] {logging_mixin.py:190} INFO - [2025-01-14T17:42:06.789-0500] {dagbag.py:588} INFO - Filling up the DagBag from /usr/local/lib/python3.10/site-packages/airflow/example_dags/plugins/workday.py
[2025-01-14T17:42:07.156-0500] {processor.py:927} WARNING - No viable dags retrieved from /usr/local/lib/python3.10/site-packages/airflow/example_dags/plugins/workday.py
[2025-01-14T17:42:07.245-0500] {processor.py:208} INFO - Processing /usr/local/lib/python3.10/site-packages/airflow/example_dags/plugins/workday.py took 0.464 seconds
[2025-01-14T17:44:17.740-0500] {processor.py:186} INFO - Started process (PID=38089) to work on /usr/local/lib/python3.10/site-packages/airflow/example_dags/plugins/workday.py
[2025-01-14T17:44:17.742-0500] {processor.py:914} INFO - Processing file /usr/local/lib/python3.10/site-packages/airflow/example_dags/plugins/workday.py for tasks to queue
[2025-01-14T17:44:17.743-0500] {logging_mixin.py:190} INFO - [2025-01-14T17:44:17.743-0500] {dagbag.py:588} INFO - Filling up the DagBag from /usr/local/lib/python3.10/site-packages/airflow/example_dags/plugins/workday.py
[2025-01-14T17:44:18.099-0500] {processor.py:927} WARNING - No viable dags retrieved from /usr/local/lib/python3.10/site-packages/airflow/example_dags/plugins/workday.py
[2025-01-14T17:44:18.177-0500] {processor.py:208} INFO - Processing /usr/local/lib/python3.10/site-packages/airflow/example_dags/plugins/workday.py took 0.441 seconds
[2025-01-14T17:46:32.268-0500] {processor.py:186} INFO - Started process (PID=39602) to work on /usr/local/lib/python3.10/site-packages/airflow/example_dags/plugins/workday.py
[2025-01-14T17:46:32.269-0500] {processor.py:914} INFO - Processing file /usr/local/lib/python3.10/site-packages/airflow/example_dags/plugins/workday.py for tasks to queue
[2025-01-14T17:46:32.271-0500] {logging_mixin.py:190} INFO - [2025-01-14T17:46:32.270-0500] {dagbag.py:588} INFO - Filling up the DagBag from /usr/local/lib/python3.10/site-packages/airflow/example_dags/plugins/workday.py
[2025-01-14T17:46:32.686-0500] {processor.py:927} WARNING - No viable dags retrieved from /usr/local/lib/python3.10/site-packages/airflow/example_dags/plugins/workday.py
[2025-01-14T17:46:32.782-0500] {processor.py:208} INFO - Processing /usr/local/lib/python3.10/site-packages/airflow/example_dags/plugins/workday.py took 0.519 seconds
[2025-01-14T17:48:49.343-0500] {processor.py:186} INFO - Started process (PID=41136) to work on /usr/local/lib/python3.10/site-packages/airflow/example_dags/plugins/workday.py
[2025-01-14T17:48:49.344-0500] {processor.py:914} INFO - Processing file /usr/local/lib/python3.10/site-packages/airflow/example_dags/plugins/workday.py for tasks to queue
[2025-01-14T17:48:49.345-0500] {logging_mixin.py:190} INFO - [2025-01-14T17:48:49.345-0500] {dagbag.py:588} INFO - Filling up the DagBag from /usr/local/lib/python3.10/site-packages/airflow/example_dags/plugins/workday.py
[2025-01-14T17:48:49.717-0500] {processor.py:927} WARNING - No viable dags retrieved from /usr/local/lib/python3.10/site-packages/airflow/example_dags/plugins/workday.py
[2025-01-14T17:48:49.803-0500] {processor.py:208} INFO - Processing /usr/local/lib/python3.10/site-packages/airflow/example_dags/plugins/workday.py took 0.464 seconds
[2025-01-14T17:51:06.625-0500] {processor.py:186} INFO - Started process (PID=42653) to work on /usr/local/lib/python3.10/site-packages/airflow/example_dags/plugins/workday.py
[2025-01-14T17:51:06.626-0500] {processor.py:914} INFO - Processing file /usr/local/lib/python3.10/site-packages/airflow/example_dags/plugins/workday.py for tasks to queue
[2025-01-14T17:51:06.627-0500] {logging_mixin.py:190} INFO - [2025-01-14T17:51:06.627-0500] {dagbag.py:588} INFO - Filling up the DagBag from /usr/local/lib/python3.10/site-packages/airflow/example_dags/plugins/workday.py
[2025-01-14T17:51:07.074-0500] {processor.py:927} WARNING - No viable dags retrieved from /usr/local/lib/python3.10/site-packages/airflow/example_dags/plugins/workday.py
[2025-01-14T17:51:07.173-0500] {processor.py:208} INFO - Processing /usr/local/lib/python3.10/site-packages/airflow/example_dags/plugins/workday.py took 0.552 seconds
[2025-01-14T17:53:22.435-0500] {processor.py:186} INFO - Started process (PID=44297) to work on /usr/local/lib/python3.10/site-packages/airflow/example_dags/plugins/workday.py
[2025-01-14T17:53:22.437-0500] {processor.py:914} INFO - Processing file /usr/local/lib/python3.10/site-packages/airflow/example_dags/plugins/workday.py for tasks to queue
[2025-01-14T17:53:22.438-0500] {logging_mixin.py:190} INFO - [2025-01-14T17:53:22.438-0500] {dagbag.py:588} INFO - Filling up the DagBag from /usr/local/lib/python3.10/site-packages/airflow/example_dags/plugins/workday.py
[2025-01-14T17:53:22.982-0500] {processor.py:927} WARNING - No viable dags retrieved from /usr/local/lib/python3.10/site-packages/airflow/example_dags/plugins/workday.py
[2025-01-14T17:53:23.061-0500] {processor.py:208} INFO - Processing /usr/local/lib/python3.10/site-packages/airflow/example_dags/plugins/workday.py took 0.630 seconds
[2025-01-14T17:55:37.693-0500] {processor.py:186} INFO - Started process (PID=45884) to work on /usr/local/lib/python3.10/site-packages/airflow/example_dags/plugins/workday.py
[2025-01-14T17:55:37.695-0500] {processor.py:914} INFO - Processing file /usr/local/lib/python3.10/site-packages/airflow/example_dags/plugins/workday.py for tasks to queue
[2025-01-14T17:55:37.697-0500] {logging_mixin.py:190} INFO - [2025-01-14T17:55:37.696-0500] {dagbag.py:588} INFO - Filling up the DagBag from /usr/local/lib/python3.10/site-packages/airflow/example_dags/plugins/workday.py
[2025-01-14T17:55:38.248-0500] {processor.py:927} WARNING - No viable dags retrieved from /usr/local/lib/python3.10/site-packages/airflow/example_dags/plugins/workday.py
[2025-01-14T17:55:38.338-0500] {processor.py:208} INFO - Processing /usr/local/lib/python3.10/site-packages/airflow/example_dags/plugins/workday.py took 0.649 seconds
[2025-01-14T17:57:58.932-0500] {processor.py:186} INFO - Started process (PID=47437) to work on /usr/local/lib/python3.10/site-packages/airflow/example_dags/plugins/workday.py
[2025-01-14T17:57:58.934-0500] {processor.py:914} INFO - Processing file /usr/local/lib/python3.10/site-packages/airflow/example_dags/plugins/workday.py for tasks to queue
[2025-01-14T17:57:58.935-0500] {logging_mixin.py:190} INFO - [2025-01-14T17:57:58.935-0500] {dagbag.py:588} INFO - Filling up the DagBag from /usr/local/lib/python3.10/site-packages/airflow/example_dags/plugins/workday.py
[2025-01-14T17:57:59.462-0500] {processor.py:927} WARNING - No viable dags retrieved from /usr/local/lib/python3.10/site-packages/airflow/example_dags/plugins/workday.py
[2025-01-14T17:57:59.568-0500] {processor.py:208} INFO - Processing /usr/local/lib/python3.10/site-packages/airflow/example_dags/plugins/workday.py took 0.640 seconds
[2025-01-14T18:00:15.889-0500] {processor.py:186} INFO - Started process (PID=49109) to work on /usr/local/lib/python3.10/site-packages/airflow/example_dags/plugins/workday.py
[2025-01-14T18:00:15.892-0500] {processor.py:914} INFO - Processing file /usr/local/lib/python3.10/site-packages/airflow/example_dags/plugins/workday.py for tasks to queue
[2025-01-14T18:00:15.893-0500] {logging_mixin.py:190} INFO - [2025-01-14T18:00:15.893-0500] {dagbag.py:588} INFO - Filling up the DagBag from /usr/local/lib/python3.10/site-packages/airflow/example_dags/plugins/workday.py
[2025-01-14T18:00:16.480-0500] {processor.py:927} WARNING - No viable dags retrieved from /usr/local/lib/python3.10/site-packages/airflow/example_dags/plugins/workday.py
[2025-01-14T18:00:16.593-0500] {processor.py:208} INFO - Processing /usr/local/lib/python3.10/site-packages/airflow/example_dags/plugins/workday.py took 0.708 seconds
[2025-01-14T18:02:35.536-0500] {processor.py:186} INFO - Started process (PID=50638) to work on /usr/local/lib/python3.10/site-packages/airflow/example_dags/plugins/workday.py
[2025-01-14T18:02:35.537-0500] {processor.py:914} INFO - Processing file /usr/local/lib/python3.10/site-packages/airflow/example_dags/plugins/workday.py for tasks to queue
[2025-01-14T18:02:35.539-0500] {logging_mixin.py:190} INFO - [2025-01-14T18:02:35.538-0500] {dagbag.py:588} INFO - Filling up the DagBag from /usr/local/lib/python3.10/site-packages/airflow/example_dags/plugins/workday.py
[2025-01-14T18:02:35.918-0500] {processor.py:927} WARNING - No viable dags retrieved from /usr/local/lib/python3.10/site-packages/airflow/example_dags/plugins/workday.py
[2025-01-14T18:02:36.002-0500] {processor.py:208} INFO - Processing /usr/local/lib/python3.10/site-packages/airflow/example_dags/plugins/workday.py took 0.470 seconds
[2025-01-14T18:04:56.180-0500] {processor.py:186} INFO - Started process (PID=52311) to work on /usr/local/lib/python3.10/site-packages/airflow/example_dags/plugins/workday.py
[2025-01-14T18:04:56.183-0500] {processor.py:914} INFO - Processing file /usr/local/lib/python3.10/site-packages/airflow/example_dags/plugins/workday.py for tasks to queue
[2025-01-14T18:04:56.184-0500] {logging_mixin.py:190} INFO - [2025-01-14T18:04:56.184-0500] {dagbag.py:588} INFO - Filling up the DagBag from /usr/local/lib/python3.10/site-packages/airflow/example_dags/plugins/workday.py
[2025-01-14T18:04:56.720-0500] {processor.py:927} WARNING - No viable dags retrieved from /usr/local/lib/python3.10/site-packages/airflow/example_dags/plugins/workday.py
[2025-01-14T18:04:56.814-0500] {processor.py:208} INFO - Processing /usr/local/lib/python3.10/site-packages/airflow/example_dags/plugins/workday.py took 0.637 seconds
[2025-01-14T18:07:13.833-0500] {processor.py:186} INFO - Started process (PID=53840) to work on /usr/local/lib/python3.10/site-packages/airflow/example_dags/plugins/workday.py
[2025-01-14T18:07:13.835-0500] {processor.py:914} INFO - Processing file /usr/local/lib/python3.10/site-packages/airflow/example_dags/plugins/workday.py for tasks to queue
[2025-01-14T18:07:13.836-0500] {logging_mixin.py:190} INFO - [2025-01-14T18:07:13.836-0500] {dagbag.py:588} INFO - Filling up the DagBag from /usr/local/lib/python3.10/site-packages/airflow/example_dags/plugins/workday.py
[2025-01-14T18:07:14.369-0500] {processor.py:927} WARNING - No viable dags retrieved from /usr/local/lib/python3.10/site-packages/airflow/example_dags/plugins/workday.py
[2025-01-14T18:07:14.464-0500] {processor.py:208} INFO - Processing /usr/local/lib/python3.10/site-packages/airflow/example_dags/plugins/workday.py took 0.635 seconds
[2025-01-14T18:09:26.671-0500] {processor.py:186} INFO - Started process (PID=55365) to work on /usr/local/lib/python3.10/site-packages/airflow/example_dags/plugins/workday.py
[2025-01-14T18:09:26.673-0500] {processor.py:914} INFO - Processing file /usr/local/lib/python3.10/site-packages/airflow/example_dags/plugins/workday.py for tasks to queue
[2025-01-14T18:09:26.674-0500] {logging_mixin.py:190} INFO - [2025-01-14T18:09:26.674-0500] {dagbag.py:588} INFO - Filling up the DagBag from /usr/local/lib/python3.10/site-packages/airflow/example_dags/plugins/workday.py
[2025-01-14T18:09:27.044-0500] {processor.py:927} WARNING - No viable dags retrieved from /usr/local/lib/python3.10/site-packages/airflow/example_dags/plugins/workday.py
[2025-01-14T18:09:27.136-0500] {processor.py:208} INFO - Processing /usr/local/lib/python3.10/site-packages/airflow/example_dags/plugins/workday.py took 0.469 seconds
[2025-01-14T18:11:40.790-0500] {processor.py:186} INFO - Started process (PID=56891) to work on /usr/local/lib/python3.10/site-packages/airflow/example_dags/plugins/workday.py
[2025-01-14T18:11:40.791-0500] {processor.py:914} INFO - Processing file /usr/local/lib/python3.10/site-packages/airflow/example_dags/plugins/workday.py for tasks to queue
[2025-01-14T18:11:40.792-0500] {logging_mixin.py:190} INFO - [2025-01-14T18:11:40.792-0500] {dagbag.py:588} INFO - Filling up the DagBag from /usr/local/lib/python3.10/site-packages/airflow/example_dags/plugins/workday.py
[2025-01-14T18:11:41.152-0500] {processor.py:927} WARNING - No viable dags retrieved from /usr/local/lib/python3.10/site-packages/airflow/example_dags/plugins/workday.py
[2025-01-14T18:11:41.236-0500] {processor.py:208} INFO - Processing /usr/local/lib/python3.10/site-packages/airflow/example_dags/plugins/workday.py took 0.450 seconds
[2025-01-14T18:13:56.531-0500] {processor.py:186} INFO - Started process (PID=58513) to work on /usr/local/lib/python3.10/site-packages/airflow/example_dags/plugins/workday.py
[2025-01-14T18:13:56.532-0500] {processor.py:914} INFO - Processing file /usr/local/lib/python3.10/site-packages/airflow/example_dags/plugins/workday.py for tasks to queue
[2025-01-14T18:13:56.533-0500] {logging_mixin.py:190} INFO - [2025-01-14T18:13:56.533-0500] {dagbag.py:588} INFO - Filling up the DagBag from /usr/local/lib/python3.10/site-packages/airflow/example_dags/plugins/workday.py
[2025-01-14T18:13:57.032-0500] {processor.py:927} WARNING - No viable dags retrieved from /usr/local/lib/python3.10/site-packages/airflow/example_dags/plugins/workday.py
[2025-01-14T18:13:57.144-0500] {processor.py:208} INFO - Processing /usr/local/lib/python3.10/site-packages/airflow/example_dags/plugins/workday.py took 0.617 seconds
[2025-01-14T18:16:11.206-0500] {processor.py:186} INFO - Started process (PID=60031) to work on /usr/local/lib/python3.10/site-packages/airflow/example_dags/plugins/workday.py
[2025-01-14T18:16:11.208-0500] {processor.py:914} INFO - Processing file /usr/local/lib/python3.10/site-packages/airflow/example_dags/plugins/workday.py for tasks to queue
[2025-01-14T18:16:11.209-0500] {logging_mixin.py:190} INFO - [2025-01-14T18:16:11.209-0500] {dagbag.py:588} INFO - Filling up the DagBag from /usr/local/lib/python3.10/site-packages/airflow/example_dags/plugins/workday.py
[2025-01-14T18:16:11.726-0500] {processor.py:927} WARNING - No viable dags retrieved from /usr/local/lib/python3.10/site-packages/airflow/example_dags/plugins/workday.py
[2025-01-14T18:16:11.820-0500] {processor.py:208} INFO - Processing /usr/local/lib/python3.10/site-packages/airflow/example_dags/plugins/workday.py took 0.617 seconds
[2025-01-14T18:18:23.233-0500] {processor.py:186} INFO - Started process (PID=61567) to work on /usr/local/lib/python3.10/site-packages/airflow/example_dags/plugins/workday.py
[2025-01-14T18:18:23.234-0500] {processor.py:914} INFO - Processing file /usr/local/lib/python3.10/site-packages/airflow/example_dags/plugins/workday.py for tasks to queue
[2025-01-14T18:18:23.235-0500] {logging_mixin.py:190} INFO - [2025-01-14T18:18:23.235-0500] {dagbag.py:588} INFO - Filling up the DagBag from /usr/local/lib/python3.10/site-packages/airflow/example_dags/plugins/workday.py
[2025-01-14T18:18:23.592-0500] {processor.py:927} WARNING - No viable dags retrieved from /usr/local/lib/python3.10/site-packages/airflow/example_dags/plugins/workday.py
[2025-01-14T18:18:23.668-0500] {processor.py:208} INFO - Processing /usr/local/lib/python3.10/site-packages/airflow/example_dags/plugins/workday.py took 0.440 seconds
[2025-01-14T18:20:35.250-0500] {processor.py:186} INFO - Started process (PID=63115) to work on /usr/local/lib/python3.10/site-packages/airflow/example_dags/plugins/workday.py
[2025-01-14T18:20:35.252-0500] {processor.py:914} INFO - Processing file /usr/local/lib/python3.10/site-packages/airflow/example_dags/plugins/workday.py for tasks to queue
[2025-01-14T18:20:35.253-0500] {logging_mixin.py:190} INFO - [2025-01-14T18:20:35.253-0500] {dagbag.py:588} INFO - Filling up the DagBag from /usr/local/lib/python3.10/site-packages/airflow/example_dags/plugins/workday.py
[2025-01-14T18:20:35.851-0500] {processor.py:927} WARNING - No viable dags retrieved from /usr/local/lib/python3.10/site-packages/airflow/example_dags/plugins/workday.py
[2025-01-14T18:20:35.940-0500] {processor.py:208} INFO - Processing /usr/local/lib/python3.10/site-packages/airflow/example_dags/plugins/workday.py took 0.694 seconds
[2025-01-14T18:44:10.973-0500] {processor.py:186} INFO - Started process (PID=64725) to work on /usr/local/lib/python3.10/site-packages/airflow/example_dags/plugins/workday.py
[2025-01-14T18:44:10.975-0500] {processor.py:914} INFO - Processing file /usr/local/lib/python3.10/site-packages/airflow/example_dags/plugins/workday.py for tasks to queue
[2025-01-14T18:44:10.976-0500] {logging_mixin.py:190} INFO - [2025-01-14T18:44:10.976-0500] {dagbag.py:588} INFO - Filling up the DagBag from /usr/local/lib/python3.10/site-packages/airflow/example_dags/plugins/workday.py
[2025-01-14T18:44:11.490-0500] {processor.py:927} WARNING - No viable dags retrieved from /usr/local/lib/python3.10/site-packages/airflow/example_dags/plugins/workday.py
[2025-01-14T18:44:11.569-0500] {processor.py:208} INFO - Processing /usr/local/lib/python3.10/site-packages/airflow/example_dags/plugins/workday.py took 0.600 seconds
[2025-01-14T18:46:52.894-0500] {processor.py:186} INFO - Started process (PID=66804) to work on /usr/local/lib/python3.10/site-packages/airflow/example_dags/plugins/workday.py
[2025-01-14T18:46:52.895-0500] {processor.py:914} INFO - Processing file /usr/local/lib/python3.10/site-packages/airflow/example_dags/plugins/workday.py for tasks to queue
[2025-01-14T18:46:52.897-0500] {logging_mixin.py:190} INFO - [2025-01-14T18:46:52.896-0500] {dagbag.py:588} INFO - Filling up the DagBag from /usr/local/lib/python3.10/site-packages/airflow/example_dags/plugins/workday.py
[2025-01-14T18:46:53.443-0500] {processor.py:927} WARNING - No viable dags retrieved from /usr/local/lib/python3.10/site-packages/airflow/example_dags/plugins/workday.py
[2025-01-14T18:46:53.540-0500] {processor.py:208} INFO - Processing /usr/local/lib/python3.10/site-packages/airflow/example_dags/plugins/workday.py took 0.651 seconds
[2025-01-14T18:49:13.704-0500] {processor.py:186} INFO - Started process (PID=68512) to work on /usr/local/lib/python3.10/site-packages/airflow/example_dags/plugins/workday.py
[2025-01-14T18:49:13.706-0500] {processor.py:914} INFO - Processing file /usr/local/lib/python3.10/site-packages/airflow/example_dags/plugins/workday.py for tasks to queue
[2025-01-14T18:49:13.707-0500] {logging_mixin.py:190} INFO - [2025-01-14T18:49:13.707-0500] {dagbag.py:588} INFO - Filling up the DagBag from /usr/local/lib/python3.10/site-packages/airflow/example_dags/plugins/workday.py
[2025-01-14T18:49:14.076-0500] {processor.py:927} WARNING - No viable dags retrieved from /usr/local/lib/python3.10/site-packages/airflow/example_dags/plugins/workday.py
[2025-01-14T18:49:14.158-0500] {processor.py:208} INFO - Processing /usr/local/lib/python3.10/site-packages/airflow/example_dags/plugins/workday.py took 0.458 seconds
[2025-01-14T18:51:29.424-0500] {processor.py:186} INFO - Started process (PID=70025) to work on /usr/local/lib/python3.10/site-packages/airflow/example_dags/plugins/workday.py
[2025-01-14T18:51:29.425-0500] {processor.py:914} INFO - Processing file /usr/local/lib/python3.10/site-packages/airflow/example_dags/plugins/workday.py for tasks to queue
[2025-01-14T18:51:29.426-0500] {logging_mixin.py:190} INFO - [2025-01-14T18:51:29.426-0500] {dagbag.py:588} INFO - Filling up the DagBag from /usr/local/lib/python3.10/site-packages/airflow/example_dags/plugins/workday.py
[2025-01-14T18:51:29.878-0500] {processor.py:927} WARNING - No viable dags retrieved from /usr/local/lib/python3.10/site-packages/airflow/example_dags/plugins/workday.py
[2025-01-14T18:51:30.042-0500] {processor.py:208} INFO - Processing /usr/local/lib/python3.10/site-packages/airflow/example_dags/plugins/workday.py took 0.622 seconds
[2025-01-14T18:53:48.731-0500] {processor.py:186} INFO - Started process (PID=71655) to work on /usr/local/lib/python3.10/site-packages/airflow/example_dags/plugins/workday.py
[2025-01-14T18:53:48.733-0500] {processor.py:914} INFO - Processing file /usr/local/lib/python3.10/site-packages/airflow/example_dags/plugins/workday.py for tasks to queue
[2025-01-14T18:53:48.735-0500] {logging_mixin.py:190} INFO - [2025-01-14T18:53:48.734-0500] {dagbag.py:588} INFO - Filling up the DagBag from /usr/local/lib/python3.10/site-packages/airflow/example_dags/plugins/workday.py
[2025-01-14T18:53:49.276-0500] {processor.py:927} WARNING - No viable dags retrieved from /usr/local/lib/python3.10/site-packages/airflow/example_dags/plugins/workday.py
[2025-01-14T18:53:49.379-0500] {processor.py:208} INFO - Processing /usr/local/lib/python3.10/site-packages/airflow/example_dags/plugins/workday.py took 0.653 seconds
[2025-01-14T18:56:09.471-0500] {processor.py:186} INFO - Started process (PID=73188) to work on /usr/local/lib/python3.10/site-packages/airflow/example_dags/plugins/workday.py
[2025-01-14T18:56:09.473-0500] {processor.py:914} INFO - Processing file /usr/local/lib/python3.10/site-packages/airflow/example_dags/plugins/workday.py for tasks to queue
[2025-01-14T18:56:09.475-0500] {logging_mixin.py:190} INFO - [2025-01-14T18:56:09.474-0500] {dagbag.py:588} INFO - Filling up the DagBag from /usr/local/lib/python3.10/site-packages/airflow/example_dags/plugins/workday.py
[2025-01-14T18:56:09.993-0500] {processor.py:927} WARNING - No viable dags retrieved from /usr/local/lib/python3.10/site-packages/airflow/example_dags/plugins/workday.py
[2025-01-14T18:56:10.089-0500] {processor.py:208} INFO - Processing /usr/local/lib/python3.10/site-packages/airflow/example_dags/plugins/workday.py took 0.621 seconds
[2025-01-14T18:58:26.436-0500] {processor.py:186} INFO - Started process (PID=74876) to work on /usr/local/lib/python3.10/site-packages/airflow/example_dags/plugins/workday.py
[2025-01-14T18:58:26.438-0500] {processor.py:914} INFO - Processing file /usr/local/lib/python3.10/site-packages/airflow/example_dags/plugins/workday.py for tasks to queue
[2025-01-14T18:58:26.439-0500] {logging_mixin.py:190} INFO - [2025-01-14T18:58:26.439-0500] {dagbag.py:588} INFO - Filling up the DagBag from /usr/local/lib/python3.10/site-packages/airflow/example_dags/plugins/workday.py
[2025-01-14T18:58:26.974-0500] {processor.py:927} WARNING - No viable dags retrieved from /usr/local/lib/python3.10/site-packages/airflow/example_dags/plugins/workday.py
[2025-01-14T18:58:27.074-0500] {processor.py:208} INFO - Processing /usr/local/lib/python3.10/site-packages/airflow/example_dags/plugins/workday.py took 0.642 seconds
