[2025-01-13T16:57:31.501-0500] {local_task_job_runner.py:123} INFO - ::group::Pre task execution logs
[2025-01-13T16:57:31.510-0500] {taskinstance.py:2613} INFO - Dependencies all met for dep_context=non-requeueable deps ti=<TaskInstance: my_dag.training_model_A scheduled__2025-01-12T00:00:00+00:00 [queued]>
[2025-01-13T16:57:31.515-0500] {taskinstance.py:2613} INFO - Dependencies all met for dep_context=requeueable deps ti=<TaskInstance: my_dag.training_model_A scheduled__2025-01-12T00:00:00+00:00 [queued]>
[2025-01-13T16:57:31.516-0500] {taskinstance.py:2866} INFO - Starting attempt 1 of 3
[2025-01-13T16:57:31.526-0500] {taskinstance.py:2889} INFO - Executing <Task(PythonOperator): training_model_A> on 2025-01-12 00:00:00+00:00
[2025-01-13T16:57:31.531-0500] {standard_task_runner.py:72} INFO - Started process 59891 to run task
[2025-01-13T16:57:31.542-0500] {standard_task_runner.py:104} INFO - Running: ['airflow', 'tasks', 'run', 'my_dag', 'training_model_A', 'scheduled__2025-01-12T00:00:00+00:00', '--job-id', '3', '--raw', '--subdir', 'DAGS_FOLDER/tutorial_taskflow_api.py', '--cfg-path', '/var/folders/ll/2bfcn_d54ks002mx2dw82c2m0000gn/T/tmpp1u155i9']
[2025-01-13T16:57:31.546-0500] {standard_task_runner.py:105} INFO - Job 3: Subtask training_model_A
[2025-01-13T16:57:31.600-0500] {task_command.py:467} INFO - Running <TaskInstance: my_dag.training_model_A scheduled__2025-01-12T00:00:00+00:00 [running]> on host macbook-pro-2.local
[2025-01-13T16:57:31.662-0500] {taskinstance.py:3132} INFO - Exporting env vars: AIRFLOW_CTX_DAG_OWNER='airflow' AIRFLOW_CTX_DAG_ID='my_dag' AIRFLOW_CTX_TASK_ID='training_model_A' AIRFLOW_CTX_EXECUTION_DATE='2025-01-12T00:00:00+00:00' AIRFLOW_CTX_TRY_NUMBER='1' AIRFLOW_CTX_DAG_RUN_ID='scheduled__2025-01-12T00:00:00+00:00'
[2025-01-13T16:57:31.663-0500] {logging_mixin.py:190} INFO - Task instance is in running state
[2025-01-13T16:57:31.664-0500] {logging_mixin.py:190} INFO -  Previous state of the Task instance: queued
[2025-01-13T16:57:31.665-0500] {logging_mixin.py:190} INFO - Current task name:training_model_A state:running start_date:2025-01-13 21:57:31.510982+00:00
[2025-01-13T16:57:31.666-0500] {logging_mixin.py:190} INFO - Dag name:my_dag and current dag run status:running
[2025-01-13T16:57:31.666-0500] {taskinstance.py:731} INFO - ::endgroup::
[2025-01-13T16:57:31.668-0500] {python.py:240} INFO - Done. Returned value was: 7
[2025-01-13T16:57:31.680-0500] {taskinstance.py:340} INFO - ::group::Post task execution logs
[2025-01-13T16:57:31.682-0500] {taskinstance.py:352} INFO - Marking task as SUCCESS. dag_id=my_dag, task_id=training_model_A, run_id=scheduled__2025-01-12T00:00:00+00:00, execution_date=20250112T000000, start_date=20250113T215731, end_date=20250113T215731
[2025-01-13T16:57:31.689-0500] {logging_mixin.py:190} INFO - Task instance in success state
[2025-01-13T16:57:31.690-0500] {logging_mixin.py:190} INFO -  Previous state of the Task instance: running
[2025-01-13T16:57:31.690-0500] {logging_mixin.py:190} INFO - Dag name:my_dag queued_at:2025-01-13 21:57:28.799388+00:00
[2025-01-13T16:57:31.691-0500] {logging_mixin.py:190} INFO - Task hostname:macbook-pro-2.local operator:PythonOperator
[2025-01-13T16:57:31.715-0500] {local_task_job_runner.py:266} INFO - Task exited with return code 0
[2025-01-13T16:57:31.734-0500] {taskinstance.py:3895} INFO - 0 downstream tasks scheduled from follow-on schedule check
[2025-01-13T16:57:31.735-0500] {local_task_job_runner.py:245} INFO - ::endgroup::
