[2025-01-16T20:36:57.721-0500] {local_task_job_runner.py:123} INFO - ::group::Pre task execution logs
[2025-01-16T20:36:57.732-0500] {taskinstance.py:2613} INFO - Dependencies all met for dep_context=non-requeueable deps ti=<TaskInstance: my_dag.accurate scheduled__2025-01-16T00:00:00+00:00 [queued]>
[2025-01-16T20:36:57.738-0500] {taskinstance.py:2613} INFO - Dependencies all met for dep_context=requeueable deps ti=<TaskInstance: my_dag.accurate scheduled__2025-01-16T00:00:00+00:00 [queued]>
[2025-01-16T20:36:57.739-0500] {taskinstance.py:2866} INFO - Starting attempt 1 of 3
[2025-01-16T20:36:57.749-0500] {taskinstance.py:2889} INFO - Executing <Task(BashOperator): accurate> on 2025-01-16 00:00:00+00:00
[2025-01-16T20:36:57.754-0500] {standard_task_runner.py:72} INFO - Started process 14004 to run task
[2025-01-16T20:36:57.761-0500] {standard_task_runner.py:104} INFO - Running: ['airflow', 'tasks', 'run', 'my_dag', 'accurate', 'scheduled__2025-01-16T00:00:00+00:00', '--job-id', '112', '--raw', '--subdir', 'DAGS_FOLDER/tutorial_taskflow_api.py', '--cfg-path', '/var/folders/ll/2bfcn_d54ks002mx2dw82c2m0000gn/T/tmpiwxp3dyv']
[2025-01-16T20:36:57.767-0500] {standard_task_runner.py:105} INFO - Job 112: Subtask accurate
[2025-01-16T20:36:57.811-0500] {task_command.py:467} INFO - Running <TaskInstance: my_dag.accurate scheduled__2025-01-16T00:00:00+00:00 [running]> on host macbook-pro-2.local
[2025-01-16T20:36:57.867-0500] {taskinstance.py:3132} INFO - Exporting env vars: AIRFLOW_CTX_DAG_OWNER='airflow' AIRFLOW_CTX_DAG_ID='my_dag' AIRFLOW_CTX_TASK_ID='accurate' AIRFLOW_CTX_EXECUTION_DATE='2025-01-16T00:00:00+00:00' AIRFLOW_CTX_TRY_NUMBER='1' AIRFLOW_CTX_DAG_RUN_ID='scheduled__2025-01-16T00:00:00+00:00'
[2025-01-16T20:36:57.869-0500] {logging_mixin.py:190} INFO - Task instance is in running state
[2025-01-16T20:36:57.869-0500] {logging_mixin.py:190} INFO -  Previous state of the Task instance: queued
[2025-01-16T20:36:57.870-0500] {logging_mixin.py:190} INFO - Current task name:accurate state:running start_date:2025-01-17 01:36:57.733197+00:00
[2025-01-16T20:36:57.870-0500] {logging_mixin.py:190} INFO - Dag name:my_dag and current dag run status:running
[2025-01-16T20:36:57.871-0500] {taskinstance.py:731} INFO - ::endgroup::
[2025-01-16T20:36:57.873-0500] {subprocess.py:78} INFO - Tmp dir root location: /var/folders/ll/2bfcn_d54ks002mx2dw82c2m0000gn/T
[2025-01-16T20:36:57.875-0500] {subprocess.py:88} INFO - Running command: ['/bin/bash', '-c', "echo 'accurate'"]
[2025-01-16T20:36:57.881-0500] {subprocess.py:99} INFO - Output:
[2025-01-16T20:36:57.887-0500] {subprocess.py:106} INFO - accurate
[2025-01-16T20:36:57.888-0500] {subprocess.py:110} INFO - Command exited with return code 0
[2025-01-16T20:36:57.903-0500] {taskinstance.py:340} INFO - ::group::Post task execution logs
[2025-01-16T20:36:57.904-0500] {taskinstance.py:352} INFO - Marking task as SUCCESS. dag_id=my_dag, task_id=accurate, run_id=scheduled__2025-01-16T00:00:00+00:00, execution_date=20250116T000000, start_date=20250117T013657, end_date=20250117T013657
[2025-01-16T20:36:57.911-0500] {logging_mixin.py:190} INFO - Task instance in success state
[2025-01-16T20:36:57.912-0500] {logging_mixin.py:190} INFO -  Previous state of the Task instance: running
[2025-01-16T20:36:57.913-0500] {logging_mixin.py:190} INFO - Dag name:my_dag queued_at:2025-01-17 00:35:50.855498+00:00
[2025-01-16T20:36:57.914-0500] {logging_mixin.py:190} INFO - Task hostname:macbook-pro-2.local operator:BashOperator
[2025-01-16T20:36:57.937-0500] {local_task_job_runner.py:266} INFO - Task exited with return code 0
[2025-01-16T20:36:57.951-0500] {taskinstance.py:3895} INFO - 0 downstream tasks scheduled from follow-on schedule check
[2025-01-16T20:36:57.952-0500] {local_task_job_runner.py:245} INFO - ::endgroup::
