[2025-01-13T16:58:08.033-0500] {local_task_job_runner.py:123} INFO - ::group::Pre task execution logs
[2025-01-13T16:58:08.043-0500] {taskinstance.py:2613} INFO - Dependencies all met for dep_context=non-requeueable deps ti=<TaskInstance: my_dag.training_model_C manual__2025-01-13T21:57:58.757183+00:00 [queued]>
[2025-01-13T16:58:08.049-0500] {taskinstance.py:2613} INFO - Dependencies all met for dep_context=requeueable deps ti=<TaskInstance: my_dag.training_model_C manual__2025-01-13T21:57:58.757183+00:00 [queued]>
[2025-01-13T16:58:08.050-0500] {taskinstance.py:2866} INFO - Starting attempt 1 of 3
[2025-01-13T16:58:08.060-0500] {taskinstance.py:2889} INFO - Executing <Task(PythonOperator): training_model_C> on 2025-01-13 21:57:58.757183+00:00
[2025-01-13T16:58:08.066-0500] {standard_task_runner.py:72} INFO - Started process 60259 to run task
[2025-01-13T16:58:08.074-0500] {standard_task_runner.py:104} INFO - Running: ['airflow', 'tasks', 'run', 'my_dag', 'training_model_C', 'manual__2025-01-13T21:57:58.757183+00:00', '--job-id', '10', '--raw', '--subdir', 'DAGS_FOLDER/tutorial_taskflow_api.py', '--cfg-path', '/var/folders/ll/2bfcn_d54ks002mx2dw82c2m0000gn/T/tmpuk_bqfka']
[2025-01-13T16:58:08.077-0500] {standard_task_runner.py:105} INFO - Job 10: Subtask training_model_C
[2025-01-13T16:58:08.126-0500] {task_command.py:467} INFO - Running <TaskInstance: my_dag.training_model_C manual__2025-01-13T21:57:58.757183+00:00 [running]> on host macbook-pro-2.local
[2025-01-13T16:58:08.200-0500] {taskinstance.py:3132} INFO - Exporting env vars: AIRFLOW_CTX_DAG_OWNER='airflow' AIRFLOW_CTX_DAG_ID='my_dag' AIRFLOW_CTX_TASK_ID='training_model_C' AIRFLOW_CTX_EXECUTION_DATE='2025-01-13T21:57:58.757183+00:00' AIRFLOW_CTX_TRY_NUMBER='1' AIRFLOW_CTX_DAG_RUN_ID='manual__2025-01-13T21:57:58.757183+00:00'
[2025-01-13T16:58:08.202-0500] {logging_mixin.py:190} INFO - Task instance is in running state
[2025-01-13T16:58:08.203-0500] {logging_mixin.py:190} INFO -  Previous state of the Task instance: queued
[2025-01-13T16:58:08.204-0500] {logging_mixin.py:190} INFO - Current task name:training_model_C state:running start_date:2025-01-13 21:58:08.043908+00:00
[2025-01-13T16:58:08.205-0500] {logging_mixin.py:190} INFO - Dag name:my_dag and current dag run status:running
[2025-01-13T16:58:08.206-0500] {taskinstance.py:731} INFO - ::endgroup::
[2025-01-13T16:58:08.207-0500] {python.py:240} INFO - Done. Returned value was: 8
[2025-01-13T16:58:08.221-0500] {taskinstance.py:340} INFO - ::group::Post task execution logs
[2025-01-13T16:58:08.222-0500] {taskinstance.py:352} INFO - Marking task as SUCCESS. dag_id=my_dag, task_id=training_model_C, run_id=manual__2025-01-13T21:57:58.757183+00:00, execution_date=20250113T215758, start_date=20250113T215808, end_date=20250113T215808
[2025-01-13T16:58:08.230-0500] {logging_mixin.py:190} INFO - Task instance in success state
[2025-01-13T16:58:08.231-0500] {logging_mixin.py:190} INFO -  Previous state of the Task instance: running
[2025-01-13T16:58:08.232-0500] {logging_mixin.py:190} INFO - Dag name:my_dag queued_at:2025-01-13 21:57:58.775526+00:00
[2025-01-13T16:58:08.233-0500] {logging_mixin.py:190} INFO - Task hostname:macbook-pro-2.local operator:PythonOperator
[2025-01-13T16:58:08.247-0500] {local_task_job_runner.py:266} INFO - Task exited with return code 0
[2025-01-13T16:58:08.273-0500] {taskinstance.py:3895} INFO - 1 downstream tasks scheduled from follow-on schedule check
[2025-01-13T16:58:08.274-0500] {local_task_job_runner.py:245} INFO - ::endgroup::
