[2025-01-15T19:00:40.099-0500] {local_task_job_runner.py:123} INFO - ::group::Pre task execution logs
[2025-01-15T19:00:40.135-0500] {taskinstance.py:2613} INFO - Dependencies all met for dep_context=non-requeueable deps ti=<TaskInstance: my_dag.training_model_C scheduled__2025-01-15T00:00:00+00:00 [queued]>
[2025-01-15T19:00:40.157-0500] {taskinstance.py:2613} INFO - Dependencies all met for dep_context=requeueable deps ti=<TaskInstance: my_dag.training_model_C scheduled__2025-01-15T00:00:00+00:00 [queued]>
[2025-01-15T19:00:40.158-0500] {taskinstance.py:2866} INFO - Starting attempt 1 of 3
[2025-01-15T19:00:40.206-0500] {taskinstance.py:2889} INFO - Executing <Task(PythonOperator): training_model_C> on 2025-01-15 00:00:00+00:00
[2025-01-15T19:00:40.222-0500] {standard_task_runner.py:72} INFO - Started process 11310 to run task
[2025-01-15T19:00:40.253-0500] {standard_task_runner.py:104} INFO - Running: ['airflow', 'tasks', 'run', 'my_dag', 'training_model_C', 'scheduled__2025-01-15T00:00:00+00:00', '--job-id', '105', '--raw', '--subdir', 'DAGS_FOLDER/tutorial_taskflow_api.py', '--cfg-path', '/var/folders/ll/2bfcn_d54ks002mx2dw82c2m0000gn/T/tmpo8p3pw_9']
[2025-01-15T19:00:40.268-0500] {standard_task_runner.py:105} INFO - Job 105: Subtask training_model_C
[2025-01-15T19:00:40.461-0500] {task_command.py:467} INFO - Running <TaskInstance: my_dag.training_model_C scheduled__2025-01-15T00:00:00+00:00 [running]> on host macbook-pro-2.local
[2025-01-15T19:00:40.706-0500] {taskinstance.py:3132} INFO - Exporting env vars: AIRFLOW_CTX_DAG_OWNER='airflow' AIRFLOW_CTX_DAG_ID='my_dag' AIRFLOW_CTX_TASK_ID='training_model_C' AIRFLOW_CTX_EXECUTION_DATE='2025-01-15T00:00:00+00:00' AIRFLOW_CTX_TRY_NUMBER='1' AIRFLOW_CTX_DAG_RUN_ID='scheduled__2025-01-15T00:00:00+00:00'
[2025-01-15T19:00:40.713-0500] {logging_mixin.py:190} INFO - Task instance is in running state
[2025-01-15T19:00:40.716-0500] {logging_mixin.py:190} INFO -  Previous state of the Task instance: queued
[2025-01-15T19:00:40.719-0500] {logging_mixin.py:190} INFO - Current task name:training_model_C state:running start_date:2025-01-16 00:00:40.136248+00:00
[2025-01-15T19:00:40.722-0500] {logging_mixin.py:190} INFO - Dag name:my_dag and current dag run status:running
[2025-01-15T19:00:40.725-0500] {taskinstance.py:731} INFO - ::endgroup::
[2025-01-15T19:00:40.729-0500] {python.py:240} INFO - Done. Returned value was: 92
[2025-01-15T19:00:40.771-0500] {taskinstance.py:340} INFO - ::group::Post task execution logs
[2025-01-15T19:00:40.780-0500] {taskinstance.py:352} INFO - Marking task as SUCCESS. dag_id=my_dag, task_id=training_model_C, run_id=scheduled__2025-01-15T00:00:00+00:00, execution_date=20250115T000000, start_date=20250116T000040, end_date=20250116T000040
[2025-01-15T19:00:40.830-0500] {logging_mixin.py:190} INFO - Task instance in success state
[2025-01-15T19:00:40.844-0500] {logging_mixin.py:190} INFO -  Previous state of the Task instance: running
[2025-01-15T19:00:40.909-0500] {logging_mixin.py:190} INFO - Dag name:my_dag queued_at:2025-01-16 00:00:06.922991+00:00
[2025-01-15T19:00:40.914-0500] {logging_mixin.py:190} INFO - Task hostname:macbook-pro-2.local operator:PythonOperator
[2025-01-15T19:00:40.953-0500] {local_task_job_runner.py:266} INFO - Task exited with return code 0
[2025-01-15T19:00:41.033-0500] {taskinstance.py:3895} INFO - 1 downstream tasks scheduled from follow-on schedule check
[2025-01-15T19:00:41.038-0500] {local_task_job_runner.py:245} INFO - ::endgroup::
