[2025-01-13T18:12:38.352-0500] {local_task_job_runner.py:123} INFO - ::group::Pre task execution logs
[2025-01-13T18:12:38.365-0500] {taskinstance.py:2613} INFO - Dependencies all met for dep_context=non-requeueable deps ti=<TaskInstance: my_dag.training_model_A manual__2025-01-13T23:06:07.933496+00:00 [queued]>
[2025-01-13T18:12:38.372-0500] {taskinstance.py:2613} INFO - Dependencies all met for dep_context=requeueable deps ti=<TaskInstance: my_dag.training_model_A manual__2025-01-13T23:06:07.933496+00:00 [queued]>
[2025-01-13T18:12:38.372-0500] {taskinstance.py:2866} INFO - Starting attempt 2 of 3
[2025-01-13T18:12:38.386-0500] {taskinstance.py:2889} INFO - Executing <Task(PythonOperator): training_model_A> on 2025-01-13 23:06:07.933496+00:00
[2025-01-13T18:12:38.395-0500] {standard_task_runner.py:72} INFO - Started process 11458 to run task
[2025-01-13T18:12:38.405-0500] {standard_task_runner.py:104} INFO - Running: ['airflow', 'tasks', 'run', 'my_dag', 'training_model_A', 'manual__2025-01-13T23:06:07.933496+00:00', '--job-id', '23', '--raw', '--subdir', 'DAGS_FOLDER/tutorial_taskflow_api.py', '--cfg-path', '/var/folders/ll/2bfcn_d54ks002mx2dw82c2m0000gn/T/tmppqvacue9']
[2025-01-13T18:12:38.408-0500] {standard_task_runner.py:105} INFO - Job 23: Subtask training_model_A
[2025-01-13T18:12:38.470-0500] {task_command.py:467} INFO - Running <TaskInstance: my_dag.training_model_A manual__2025-01-13T23:06:07.933496+00:00 [running]> on host macbook-pro-2.local
[2025-01-13T18:12:38.546-0500] {taskinstance.py:3132} INFO - Exporting env vars: AIRFLOW_CTX_DAG_OWNER='airflow' AIRFLOW_CTX_DAG_ID='my_dag' AIRFLOW_CTX_TASK_ID='training_model_A' AIRFLOW_CTX_EXECUTION_DATE='2025-01-13T23:06:07.933496+00:00' AIRFLOW_CTX_TRY_NUMBER='2' AIRFLOW_CTX_DAG_RUN_ID='manual__2025-01-13T23:06:07.933496+00:00'
[2025-01-13T18:12:38.548-0500] {logging_mixin.py:190} INFO - Task instance is in running state
[2025-01-13T18:12:38.549-0500] {logging_mixin.py:190} INFO -  Previous state of the Task instance: queued
[2025-01-13T18:12:38.550-0500] {logging_mixin.py:190} INFO - Current task name:training_model_A state:running start_date:2025-01-13 23:12:38.365775+00:00
[2025-01-13T18:12:38.551-0500] {logging_mixin.py:190} INFO - Dag name:my_dag and current dag run status:running
[2025-01-13T18:12:38.552-0500] {taskinstance.py:731} INFO - ::endgroup::
[2025-01-13T18:12:38.553-0500] {python.py:240} INFO - Done. Returned value was: 3
[2025-01-13T18:12:38.566-0500] {taskinstance.py:340} INFO - ::group::Post task execution logs
[2025-01-13T18:12:38.567-0500] {taskinstance.py:352} INFO - Marking task as SUCCESS. dag_id=my_dag, task_id=training_model_A, run_id=manual__2025-01-13T23:06:07.933496+00:00, execution_date=20250113T230607, start_date=20250113T231238, end_date=20250113T231238
[2025-01-13T18:12:38.575-0500] {logging_mixin.py:190} INFO - Task instance in success state
[2025-01-13T18:12:38.576-0500] {logging_mixin.py:190} INFO -  Previous state of the Task instance: running
[2025-01-13T18:12:38.577-0500] {logging_mixin.py:190} INFO - Dag name:my_dag queued_at:2025-01-13 23:06:07.955311+00:00
[2025-01-13T18:12:38.577-0500] {logging_mixin.py:190} INFO - Task hostname:macbook-pro-2.local operator:PythonOperator
[2025-01-13T18:12:38.620-0500] {local_task_job_runner.py:266} INFO - Task exited with return code 0
[2025-01-13T18:12:38.642-0500] {taskinstance.py:3895} INFO - 0 downstream tasks scheduled from follow-on schedule check
[2025-01-13T18:12:38.642-0500] {local_task_job_runner.py:245} INFO - ::endgroup::
