[2025-01-14T19:02:58.641-0500] {local_task_job_runner.py:123} INFO - ::group::Pre task execution logs
[2025-01-14T19:02:58.653-0500] {taskinstance.py:2613} INFO - Dependencies all met for dep_context=non-requeueable deps ti=<TaskInstance: my_dag.training_model_A manual__2025-01-15T00:02:53.208884+00:00 [queued]>
[2025-01-14T19:02:58.659-0500] {taskinstance.py:2613} INFO - Dependencies all met for dep_context=requeueable deps ti=<TaskInstance: my_dag.training_model_A manual__2025-01-15T00:02:53.208884+00:00 [queued]>
[2025-01-14T19:02:58.660-0500] {taskinstance.py:2866} INFO - Starting attempt 1 of 3
[2025-01-14T19:02:58.673-0500] {taskinstance.py:2889} INFO - Executing <Task(PythonOperator): training_model_A> on 2025-01-15 00:02:53.208884+00:00
[2025-01-14T19:02:58.678-0500] {standard_task_runner.py:72} INFO - Started process 78049 to run task
[2025-01-14T19:02:58.687-0500] {standard_task_runner.py:104} INFO - Running: ['airflow', 'tasks', 'run', 'my_dag', 'training_model_A', 'manual__2025-01-15T00:02:53.208884+00:00', '--job-id', '83', '--raw', '--subdir', 'DAGS_FOLDER/tutorial_taskflow_api.py', '--cfg-path', '/var/folders/ll/2bfcn_d54ks002mx2dw82c2m0000gn/T/tmpnftx7fcm']
[2025-01-14T19:02:58.703-0500] {standard_task_runner.py:105} INFO - Job 83: Subtask training_model_A
[2025-01-14T19:02:58.753-0500] {task_command.py:467} INFO - Running <TaskInstance: my_dag.training_model_A manual__2025-01-15T00:02:53.208884+00:00 [running]> on host macbook-pro-2.local
[2025-01-14T19:02:58.835-0500] {taskinstance.py:3132} INFO - Exporting env vars: AIRFLOW_CTX_DAG_OWNER='airflow' AIRFLOW_CTX_DAG_ID='my_dag' AIRFLOW_CTX_TASK_ID='training_model_A' AIRFLOW_CTX_EXECUTION_DATE='2025-01-15T00:02:53.208884+00:00' AIRFLOW_CTX_TRY_NUMBER='1' AIRFLOW_CTX_DAG_RUN_ID='manual__2025-01-15T00:02:53.208884+00:00'
[2025-01-14T19:02:58.838-0500] {logging_mixin.py:190} INFO - Task instance is in running state
[2025-01-14T19:02:58.839-0500] {logging_mixin.py:190} INFO -  Previous state of the Task instance: queued
[2025-01-14T19:02:58.839-0500] {logging_mixin.py:190} INFO - Current task name:training_model_A state:running start_date:2025-01-15 00:02:58.653611+00:00
[2025-01-14T19:02:58.840-0500] {logging_mixin.py:190} INFO - Dag name:my_dag and current dag run status:running
[2025-01-14T19:02:58.841-0500] {taskinstance.py:731} INFO - ::endgroup::
[2025-01-14T19:02:58.842-0500] {python.py:240} INFO - Done. Returned value was: 37
[2025-01-14T19:02:58.858-0500] {taskinstance.py:340} INFO - ::group::Post task execution logs
[2025-01-14T19:02:58.860-0500] {taskinstance.py:352} INFO - Marking task as SUCCESS. dag_id=my_dag, task_id=training_model_A, run_id=manual__2025-01-15T00:02:53.208884+00:00, execution_date=20250115T000253, start_date=20250115T000258, end_date=20250115T000258
[2025-01-14T19:02:58.869-0500] {logging_mixin.py:190} INFO - Task instance in success state
[2025-01-14T19:02:58.870-0500] {logging_mixin.py:190} INFO -  Previous state of the Task instance: running
[2025-01-14T19:02:58.871-0500] {logging_mixin.py:190} INFO - Dag name:my_dag queued_at:2025-01-15 00:02:53.224425+00:00
[2025-01-14T19:02:58.872-0500] {logging_mixin.py:190} INFO - Task hostname:macbook-pro-2.local operator:PythonOperator
[2025-01-14T19:02:58.900-0500] {local_task_job_runner.py:266} INFO - Task exited with return code 0
[2025-01-14T19:02:58.924-0500] {taskinstance.py:3895} INFO - 0 downstream tasks scheduled from follow-on schedule check
[2025-01-14T19:02:58.925-0500] {local_task_job_runner.py:245} INFO - ::endgroup::
