[2025-01-14T19:01:45.343-0500] {local_task_job_runner.py:123} INFO - ::group::Pre task execution logs
[2025-01-14T19:01:45.352-0500] {taskinstance.py:2613} INFO - Dependencies all met for dep_context=non-requeueable deps ti=<TaskInstance: my_dag.choose_best_model manual__2025-01-15T00:01:29.914064+00:00 [queued]>
[2025-01-14T19:01:45.357-0500] {taskinstance.py:2613} INFO - Dependencies all met for dep_context=requeueable deps ti=<TaskInstance: my_dag.choose_best_model manual__2025-01-15T00:01:29.914064+00:00 [queued]>
[2025-01-14T19:01:45.357-0500] {taskinstance.py:2866} INFO - Starting attempt 1 of 3
[2025-01-14T19:01:45.367-0500] {taskinstance.py:2889} INFO - Executing <Task(BranchPythonOperator): choose_best_model> on 2025-01-15 00:01:29.914064+00:00
[2025-01-14T19:01:45.372-0500] {standard_task_runner.py:72} INFO - Started process 77202 to run task
[2025-01-14T19:01:45.380-0500] {standard_task_runner.py:104} INFO - Running: ['airflow', 'tasks', 'run', 'my_dag', 'choose_best_model', 'manual__2025-01-15T00:01:29.914064+00:00', '--job-id', '76', '--raw', '--subdir', 'DAGS_FOLDER/tutorial_taskflow_api.py', '--cfg-path', '/var/folders/ll/2bfcn_d54ks002mx2dw82c2m0000gn/T/tmprymvs50x']
[2025-01-14T19:01:45.382-0500] {standard_task_runner.py:105} INFO - Job 76: Subtask choose_best_model
[2025-01-14T19:01:45.424-0500] {task_command.py:467} INFO - Running <TaskInstance: my_dag.choose_best_model manual__2025-01-15T00:01:29.914064+00:00 [running]> on host macbook-pro-2.local
[2025-01-14T19:01:45.486-0500] {taskinstance.py:3132} INFO - Exporting env vars: AIRFLOW_CTX_DAG_OWNER='airflow' AIRFLOW_CTX_DAG_ID='my_dag' AIRFLOW_CTX_TASK_ID='choose_best_model' AIRFLOW_CTX_EXECUTION_DATE='2025-01-15T00:01:29.914064+00:00' AIRFLOW_CTX_TRY_NUMBER='1' AIRFLOW_CTX_DAG_RUN_ID='manual__2025-01-15T00:01:29.914064+00:00'
[2025-01-14T19:01:45.487-0500] {logging_mixin.py:190} INFO - Task instance is in running state
[2025-01-14T19:01:45.488-0500] {logging_mixin.py:190} INFO -  Previous state of the Task instance: queued
[2025-01-14T19:01:45.489-0500] {logging_mixin.py:190} INFO - Current task name:choose_best_model state:running start_date:2025-01-15 00:01:45.352484+00:00
[2025-01-14T19:01:45.489-0500] {logging_mixin.py:190} INFO - Dag name:my_dag and current dag run status:running
[2025-01-14T19:01:45.490-0500] {taskinstance.py:731} INFO - ::endgroup::
[2025-01-14T19:01:45.491-0500] {baseoperator.py:421} WARNING - BranchPythonOperator.execute cannot be called outside TaskInstance!
[2025-01-14T19:01:45.497-0500] {python.py:240} INFO - Done. Returned value was: accurate
[2025-01-14T19:01:45.498-0500] {branch.py:38} INFO - Branch into accurate
[2025-01-14T19:01:45.499-0500] {skipmixin.py:230} INFO - Following branch ('accurate',)
[2025-01-14T19:01:45.503-0500] {skipmixin.py:278} INFO - Skipping tasks [('inaccurate', -1)]
[2025-01-14T19:01:45.519-0500] {taskinstance.py:340} INFO - ::group::Post task execution logs
[2025-01-14T19:01:45.520-0500] {taskinstance.py:352} INFO - Marking task as SUCCESS. dag_id=my_dag, task_id=choose_best_model, run_id=manual__2025-01-15T00:01:29.914064+00:00, execution_date=20250115T000129, start_date=20250115T000145, end_date=20250115T000145
[2025-01-14T19:01:45.526-0500] {logging_mixin.py:190} INFO - Task instance in success state
[2025-01-14T19:01:45.527-0500] {logging_mixin.py:190} INFO -  Previous state of the Task instance: running
[2025-01-14T19:01:45.528-0500] {logging_mixin.py:190} INFO - Dag name:my_dag queued_at:2025-01-15 00:01:29.950204+00:00
[2025-01-14T19:01:45.528-0500] {logging_mixin.py:190} INFO - Task hostname:macbook-pro-2.local operator:BranchPythonOperator
[2025-01-14T19:01:45.553-0500] {local_task_job_runner.py:266} INFO - Task exited with return code 0
[2025-01-14T19:01:45.577-0500] {taskinstance.py:3895} INFO - 1 downstream tasks scheduled from follow-on schedule check
[2025-01-14T19:01:45.581-0500] {local_task_job_runner.py:245} INFO - ::endgroup::
