[2025-01-13T18:37:53.884-0500] {local_task_job_runner.py:123} INFO - ::group::Pre task execution logs
[2025-01-13T18:37:53.894-0500] {taskinstance.py:2613} INFO - Dependencies all met for dep_context=non-requeueable deps ti=<TaskInstance: my_dag.choose_best_model manual__2025-01-13T23:32:31.308578+00:00 [queued]>
[2025-01-13T18:37:53.901-0500] {taskinstance.py:2613} INFO - Dependencies all met for dep_context=requeueable deps ti=<TaskInstance: my_dag.choose_best_model manual__2025-01-13T23:32:31.308578+00:00 [queued]>
[2025-01-13T18:37:53.901-0500] {taskinstance.py:2866} INFO - Starting attempt 1 of 3
[2025-01-13T18:37:53.913-0500] {taskinstance.py:2889} INFO - Executing <Task(BranchPythonOperator): choose_best_model> on 2025-01-13 23:32:31.308578+00:00
[2025-01-13T18:37:53.919-0500] {standard_task_runner.py:72} INFO - Started process 29004 to run task
[2025-01-13T18:37:53.929-0500] {standard_task_runner.py:104} INFO - Running: ['airflow', 'tasks', 'run', 'my_dag', 'choose_best_model', 'manual__2025-01-13T23:32:31.308578+00:00', '--job-id', '41', '--raw', '--subdir', 'DAGS_FOLDER/tutorial_taskflow_api.py', '--cfg-path', '/var/folders/ll/2bfcn_d54ks002mx2dw82c2m0000gn/T/tmpdkdfjn8a']
[2025-01-13T18:37:53.932-0500] {standard_task_runner.py:105} INFO - Job 41: Subtask choose_best_model
[2025-01-13T18:37:53.988-0500] {task_command.py:467} INFO - Running <TaskInstance: my_dag.choose_best_model manual__2025-01-13T23:32:31.308578+00:00 [running]> on host macbook-pro-2.local
[2025-01-13T18:37:54.061-0500] {taskinstance.py:3132} INFO - Exporting env vars: AIRFLOW_CTX_DAG_OWNER='airflow' AIRFLOW_CTX_DAG_ID='my_dag' AIRFLOW_CTX_TASK_ID='choose_best_model' AIRFLOW_CTX_EXECUTION_DATE='2025-01-13T23:32:31.308578+00:00' AIRFLOW_CTX_TRY_NUMBER='1' AIRFLOW_CTX_DAG_RUN_ID='manual__2025-01-13T23:32:31.308578+00:00'
[2025-01-13T18:37:54.064-0500] {logging_mixin.py:190} INFO - Task instance is in running state
[2025-01-13T18:37:54.065-0500] {logging_mixin.py:190} INFO -  Previous state of the Task instance: queued
[2025-01-13T18:37:54.066-0500] {logging_mixin.py:190} INFO - Current task name:choose_best_model state:running start_date:2025-01-13 23:37:53.895060+00:00
[2025-01-13T18:37:54.067-0500] {logging_mixin.py:190} INFO - Dag name:my_dag and current dag run status:running
[2025-01-13T18:37:54.068-0500] {taskinstance.py:731} INFO - ::endgroup::
[2025-01-13T18:37:54.069-0500] {baseoperator.py:421} WARNING - BranchPythonOperator.execute cannot be called outside TaskInstance!
[2025-01-13T18:37:54.076-0500] {python.py:240} INFO - Done. Returned value was: inaccurate
[2025-01-13T18:37:54.077-0500] {branch.py:38} INFO - Branch into inaccurate
[2025-01-13T18:37:54.079-0500] {skipmixin.py:230} INFO - Following branch ('inaccurate',)
[2025-01-13T18:37:54.084-0500] {skipmixin.py:278} INFO - Skipping tasks [('accurate', -1)]
[2025-01-13T18:37:54.105-0500] {taskinstance.py:340} INFO - ::group::Post task execution logs
[2025-01-13T18:37:54.107-0500] {taskinstance.py:352} INFO - Marking task as SUCCESS. dag_id=my_dag, task_id=choose_best_model, run_id=manual__2025-01-13T23:32:31.308578+00:00, execution_date=20250113T233231, start_date=20250113T233753, end_date=20250113T233754
[2025-01-13T18:37:54.116-0500] {logging_mixin.py:190} INFO - Task instance in success state
[2025-01-13T18:37:54.117-0500] {logging_mixin.py:190} INFO -  Previous state of the Task instance: running
[2025-01-13T18:37:54.117-0500] {logging_mixin.py:190} INFO - Dag name:my_dag queued_at:2025-01-13 23:32:31.326724+00:00
[2025-01-13T18:37:54.118-0500] {logging_mixin.py:190} INFO - Task hostname:macbook-pro-2.local operator:BranchPythonOperator
[2025-01-13T18:37:54.145-0500] {local_task_job_runner.py:266} INFO - Task exited with return code 0
[2025-01-13T18:37:54.172-0500] {taskinstance.py:3895} INFO - 1 downstream tasks scheduled from follow-on schedule check
[2025-01-13T18:37:54.174-0500] {local_task_job_runner.py:245} INFO - ::endgroup::
