[2025-01-13T16:51:17.452-0500] {processor.py:186} INFO - Started process (PID=55585) to work on /usr/local/lib/python3.10/site-packages/airflow/example_dags/plugins/event_listener.py
[2025-01-13T16:51:17.454-0500] {processor.py:914} INFO - Processing file /usr/local/lib/python3.10/site-packages/airflow/example_dags/plugins/event_listener.py for tasks to queue
[2025-01-13T16:51:17.455-0500] {logging_mixin.py:190} INFO - [2025-01-13T16:51:17.455-0500] {dagbag.py:588} INFO - Filling up the DagBag from /usr/local/lib/python3.10/site-packages/airflow/example_dags/plugins/event_listener.py
[2025-01-13T16:51:17.456-0500] {processor.py:927} WARNING - No viable dags retrieved from /usr/local/lib/python3.10/site-packages/airflow/example_dags/plugins/event_listener.py
[2025-01-13T16:51:17.606-0500] {processor.py:208} INFO - Processing /usr/local/lib/python3.10/site-packages/airflow/example_dags/plugins/event_listener.py took 0.158 seconds
[2025-01-13T16:54:20.903-0500] {processor.py:186} INFO - Started process (PID=57678) to work on /usr/local/lib/python3.10/site-packages/airflow/example_dags/plugins/event_listener.py
[2025-01-13T16:54:20.905-0500] {processor.py:914} INFO - Processing file /usr/local/lib/python3.10/site-packages/airflow/example_dags/plugins/event_listener.py for tasks to queue
[2025-01-13T16:54:20.906-0500] {logging_mixin.py:190} INFO - [2025-01-13T16:54:20.906-0500] {dagbag.py:588} INFO - Filling up the DagBag from /usr/local/lib/python3.10/site-packages/airflow/example_dags/plugins/event_listener.py
[2025-01-13T16:54:20.907-0500] {processor.py:927} WARNING - No viable dags retrieved from /usr/local/lib/python3.10/site-packages/airflow/example_dags/plugins/event_listener.py
[2025-01-13T16:54:21.059-0500] {processor.py:208} INFO - Processing /usr/local/lib/python3.10/site-packages/airflow/example_dags/plugins/event_listener.py took 0.160 seconds
[2025-01-13T16:56:33.409-0500] {processor.py:186} INFO - Started process (PID=59183) to work on /usr/local/lib/python3.10/site-packages/airflow/example_dags/plugins/event_listener.py
[2025-01-13T16:56:33.411-0500] {processor.py:914} INFO - Processing file /usr/local/lib/python3.10/site-packages/airflow/example_dags/plugins/event_listener.py for tasks to queue
[2025-01-13T16:56:33.412-0500] {logging_mixin.py:190} INFO - [2025-01-13T16:56:33.412-0500] {dagbag.py:588} INFO - Filling up the DagBag from /usr/local/lib/python3.10/site-packages/airflow/example_dags/plugins/event_listener.py
[2025-01-13T16:56:33.413-0500] {processor.py:927} WARNING - No viable dags retrieved from /usr/local/lib/python3.10/site-packages/airflow/example_dags/plugins/event_listener.py
[2025-01-13T16:56:33.557-0500] {processor.py:208} INFO - Processing /usr/local/lib/python3.10/site-packages/airflow/example_dags/plugins/event_listener.py took 0.151 seconds
[2025-01-13T16:59:08.793-0500] {processor.py:186} INFO - Started process (PID=61007) to work on /usr/local/lib/python3.10/site-packages/airflow/example_dags/plugins/event_listener.py
[2025-01-13T16:59:08.795-0500] {processor.py:914} INFO - Processing file /usr/local/lib/python3.10/site-packages/airflow/example_dags/plugins/event_listener.py for tasks to queue
[2025-01-13T16:59:08.796-0500] {logging_mixin.py:190} INFO - [2025-01-13T16:59:08.796-0500] {dagbag.py:588} INFO - Filling up the DagBag from /usr/local/lib/python3.10/site-packages/airflow/example_dags/plugins/event_listener.py
[2025-01-13T16:59:08.798-0500] {processor.py:927} WARNING - No viable dags retrieved from /usr/local/lib/python3.10/site-packages/airflow/example_dags/plugins/event_listener.py
[2025-01-13T16:59:08.941-0500] {processor.py:208} INFO - Processing /usr/local/lib/python3.10/site-packages/airflow/example_dags/plugins/event_listener.py took 0.152 seconds
[2025-01-13T17:01:18.708-0500] {processor.py:186} INFO - Started process (PID=62510) to work on /usr/local/lib/python3.10/site-packages/airflow/example_dags/plugins/event_listener.py
[2025-01-13T17:01:18.710-0500] {processor.py:914} INFO - Processing file /usr/local/lib/python3.10/site-packages/airflow/example_dags/plugins/event_listener.py for tasks to queue
[2025-01-13T17:01:18.711-0500] {logging_mixin.py:190} INFO - [2025-01-13T17:01:18.711-0500] {dagbag.py:588} INFO - Filling up the DagBag from /usr/local/lib/python3.10/site-packages/airflow/example_dags/plugins/event_listener.py
[2025-01-13T17:01:18.713-0500] {processor.py:927} WARNING - No viable dags retrieved from /usr/local/lib/python3.10/site-packages/airflow/example_dags/plugins/event_listener.py
[2025-01-13T17:01:18.873-0500] {processor.py:208} INFO - Processing /usr/local/lib/python3.10/site-packages/airflow/example_dags/plugins/event_listener.py took 0.169 seconds
[2025-01-13T17:03:27.767-0500] {processor.py:186} INFO - Started process (PID=63927) to work on /usr/local/lib/python3.10/site-packages/airflow/example_dags/plugins/event_listener.py
[2025-01-13T17:03:27.769-0500] {processor.py:914} INFO - Processing file /usr/local/lib/python3.10/site-packages/airflow/example_dags/plugins/event_listener.py for tasks to queue
[2025-01-13T17:03:27.770-0500] {logging_mixin.py:190} INFO - [2025-01-13T17:03:27.770-0500] {dagbag.py:588} INFO - Filling up the DagBag from /usr/local/lib/python3.10/site-packages/airflow/example_dags/plugins/event_listener.py
[2025-01-13T17:03:27.771-0500] {processor.py:927} WARNING - No viable dags retrieved from /usr/local/lib/python3.10/site-packages/airflow/example_dags/plugins/event_listener.py
[2025-01-13T17:03:27.919-0500] {processor.py:208} INFO - Processing /usr/local/lib/python3.10/site-packages/airflow/example_dags/plugins/event_listener.py took 0.156 seconds
[2025-01-13T17:05:40.825-0500] {processor.py:186} INFO - Started process (PID=65438) to work on /usr/local/lib/python3.10/site-packages/airflow/example_dags/plugins/event_listener.py
[2025-01-13T17:05:40.827-0500] {processor.py:914} INFO - Processing file /usr/local/lib/python3.10/site-packages/airflow/example_dags/plugins/event_listener.py for tasks to queue
[2025-01-13T17:05:40.828-0500] {logging_mixin.py:190} INFO - [2025-01-13T17:05:40.828-0500] {dagbag.py:588} INFO - Filling up the DagBag from /usr/local/lib/python3.10/site-packages/airflow/example_dags/plugins/event_listener.py
[2025-01-13T17:05:40.829-0500] {processor.py:927} WARNING - No viable dags retrieved from /usr/local/lib/python3.10/site-packages/airflow/example_dags/plugins/event_listener.py
[2025-01-13T17:05:40.989-0500] {processor.py:208} INFO - Processing /usr/local/lib/python3.10/site-packages/airflow/example_dags/plugins/event_listener.py took 0.168 seconds
[2025-01-13T17:07:49.884-0500] {processor.py:186} INFO - Started process (PID=66929) to work on /usr/local/lib/python3.10/site-packages/airflow/example_dags/plugins/event_listener.py
[2025-01-13T17:07:49.885-0500] {processor.py:914} INFO - Processing file /usr/local/lib/python3.10/site-packages/airflow/example_dags/plugins/event_listener.py for tasks to queue
[2025-01-13T17:07:49.887-0500] {logging_mixin.py:190} INFO - [2025-01-13T17:07:49.886-0500] {dagbag.py:588} INFO - Filling up the DagBag from /usr/local/lib/python3.10/site-packages/airflow/example_dags/plugins/event_listener.py
[2025-01-13T17:07:49.888-0500] {processor.py:927} WARNING - No viable dags retrieved from /usr/local/lib/python3.10/site-packages/airflow/example_dags/plugins/event_listener.py
[2025-01-13T17:07:50.033-0500] {processor.py:208} INFO - Processing /usr/local/lib/python3.10/site-packages/airflow/example_dags/plugins/event_listener.py took 0.152 seconds
[2025-01-13T17:10:08.170-0500] {processor.py:186} INFO - Started process (PID=68489) to work on /usr/local/lib/python3.10/site-packages/airflow/example_dags/plugins/event_listener.py
[2025-01-13T17:10:08.172-0500] {processor.py:914} INFO - Processing file /usr/local/lib/python3.10/site-packages/airflow/example_dags/plugins/event_listener.py for tasks to queue
[2025-01-13T17:10:08.173-0500] {logging_mixin.py:190} INFO - [2025-01-13T17:10:08.173-0500] {dagbag.py:588} INFO - Filling up the DagBag from /usr/local/lib/python3.10/site-packages/airflow/example_dags/plugins/event_listener.py
[2025-01-13T17:10:08.174-0500] {processor.py:927} WARNING - No viable dags retrieved from /usr/local/lib/python3.10/site-packages/airflow/example_dags/plugins/event_listener.py
[2025-01-13T17:10:08.319-0500] {processor.py:208} INFO - Processing /usr/local/lib/python3.10/site-packages/airflow/example_dags/plugins/event_listener.py took 0.153 seconds
[2025-01-13T17:12:17.298-0500] {processor.py:186} INFO - Started process (PID=69981) to work on /usr/local/lib/python3.10/site-packages/airflow/example_dags/plugins/event_listener.py
[2025-01-13T17:12:17.299-0500] {processor.py:914} INFO - Processing file /usr/local/lib/python3.10/site-packages/airflow/example_dags/plugins/event_listener.py for tasks to queue
[2025-01-13T17:12:17.301-0500] {logging_mixin.py:190} INFO - [2025-01-13T17:12:17.300-0500] {dagbag.py:588} INFO - Filling up the DagBag from /usr/local/lib/python3.10/site-packages/airflow/example_dags/plugins/event_listener.py
[2025-01-13T17:12:17.302-0500] {processor.py:927} WARNING - No viable dags retrieved from /usr/local/lib/python3.10/site-packages/airflow/example_dags/plugins/event_listener.py
[2025-01-13T17:12:17.435-0500] {processor.py:208} INFO - Processing /usr/local/lib/python3.10/site-packages/airflow/example_dags/plugins/event_listener.py took 0.140 seconds
[2025-01-13T17:16:19.370-0500] {processor.py:186} INFO - Started process (PID=72350) to work on /usr/local/lib/python3.10/site-packages/airflow/example_dags/plugins/event_listener.py
[2025-01-13T17:16:19.372-0500] {processor.py:914} INFO - Processing file /usr/local/lib/python3.10/site-packages/airflow/example_dags/plugins/event_listener.py for tasks to queue
[2025-01-13T17:16:19.373-0500] {logging_mixin.py:190} INFO - [2025-01-13T17:16:19.373-0500] {dagbag.py:588} INFO - Filling up the DagBag from /usr/local/lib/python3.10/site-packages/airflow/example_dags/plugins/event_listener.py
[2025-01-13T17:16:19.375-0500] {processor.py:927} WARNING - No viable dags retrieved from /usr/local/lib/python3.10/site-packages/airflow/example_dags/plugins/event_listener.py
[2025-01-13T17:16:19.556-0500] {processor.py:208} INFO - Processing /usr/local/lib/python3.10/site-packages/airflow/example_dags/plugins/event_listener.py took 0.192 seconds
[2025-01-13T17:18:47.922-0500] {processor.py:186} INFO - Started process (PID=74072) to work on /usr/local/lib/python3.10/site-packages/airflow/example_dags/plugins/event_listener.py
[2025-01-13T17:18:47.924-0500] {processor.py:914} INFO - Processing file /usr/local/lib/python3.10/site-packages/airflow/example_dags/plugins/event_listener.py for tasks to queue
[2025-01-13T17:18:47.925-0500] {logging_mixin.py:190} INFO - [2025-01-13T17:18:47.925-0500] {dagbag.py:588} INFO - Filling up the DagBag from /usr/local/lib/python3.10/site-packages/airflow/example_dags/plugins/event_listener.py
[2025-01-13T17:18:47.927-0500] {processor.py:927} WARNING - No viable dags retrieved from /usr/local/lib/python3.10/site-packages/airflow/example_dags/plugins/event_listener.py
[2025-01-13T17:18:48.096-0500] {processor.py:208} INFO - Processing /usr/local/lib/python3.10/site-packages/airflow/example_dags/plugins/event_listener.py took 0.179 seconds
[2025-01-13T17:21:10.793-0500] {processor.py:186} INFO - Started process (PID=75701) to work on /usr/local/lib/python3.10/site-packages/airflow/example_dags/plugins/event_listener.py
[2025-01-13T17:21:10.796-0500] {processor.py:914} INFO - Processing file /usr/local/lib/python3.10/site-packages/airflow/example_dags/plugins/event_listener.py for tasks to queue
[2025-01-13T17:21:10.797-0500] {logging_mixin.py:190} INFO - [2025-01-13T17:21:10.797-0500] {dagbag.py:588} INFO - Filling up the DagBag from /usr/local/lib/python3.10/site-packages/airflow/example_dags/plugins/event_listener.py
[2025-01-13T17:21:10.798-0500] {processor.py:927} WARNING - No viable dags retrieved from /usr/local/lib/python3.10/site-packages/airflow/example_dags/plugins/event_listener.py
[2025-01-13T17:21:10.940-0500] {processor.py:208} INFO - Processing /usr/local/lib/python3.10/site-packages/airflow/example_dags/plugins/event_listener.py took 0.152 seconds
[2025-01-13T17:23:25.642-0500] {processor.py:186} INFO - Started process (PID=77202) to work on /usr/local/lib/python3.10/site-packages/airflow/example_dags/plugins/event_listener.py
[2025-01-13T17:23:25.644-0500] {processor.py:914} INFO - Processing file /usr/local/lib/python3.10/site-packages/airflow/example_dags/plugins/event_listener.py for tasks to queue
[2025-01-13T17:23:25.645-0500] {logging_mixin.py:190} INFO - [2025-01-13T17:23:25.645-0500] {dagbag.py:588} INFO - Filling up the DagBag from /usr/local/lib/python3.10/site-packages/airflow/example_dags/plugins/event_listener.py
[2025-01-13T17:23:25.647-0500] {processor.py:927} WARNING - No viable dags retrieved from /usr/local/lib/python3.10/site-packages/airflow/example_dags/plugins/event_listener.py
[2025-01-13T17:23:25.791-0500] {processor.py:208} INFO - Processing /usr/local/lib/python3.10/site-packages/airflow/example_dags/plugins/event_listener.py took 0.153 seconds
[2025-01-13T17:25:32.937-0500] {processor.py:186} INFO - Started process (PID=78688) to work on /usr/local/lib/python3.10/site-packages/airflow/example_dags/plugins/event_listener.py
[2025-01-13T17:25:32.938-0500] {processor.py:914} INFO - Processing file /usr/local/lib/python3.10/site-packages/airflow/example_dags/plugins/event_listener.py for tasks to queue
[2025-01-13T17:25:32.939-0500] {logging_mixin.py:190} INFO - [2025-01-13T17:25:32.939-0500] {dagbag.py:588} INFO - Filling up the DagBag from /usr/local/lib/python3.10/site-packages/airflow/example_dags/plugins/event_listener.py
[2025-01-13T17:25:32.940-0500] {processor.py:927} WARNING - No viable dags retrieved from /usr/local/lib/python3.10/site-packages/airflow/example_dags/plugins/event_listener.py
[2025-01-13T17:25:33.086-0500] {processor.py:208} INFO - Processing /usr/local/lib/python3.10/site-packages/airflow/example_dags/plugins/event_listener.py took 0.152 seconds
[2025-01-13T17:27:38.952-0500] {processor.py:186} INFO - Started process (PID=80073) to work on /usr/local/lib/python3.10/site-packages/airflow/example_dags/plugins/event_listener.py
[2025-01-13T17:27:38.953-0500] {processor.py:914} INFO - Processing file /usr/local/lib/python3.10/site-packages/airflow/example_dags/plugins/event_listener.py for tasks to queue
[2025-01-13T17:27:38.954-0500] {logging_mixin.py:190} INFO - [2025-01-13T17:27:38.954-0500] {dagbag.py:588} INFO - Filling up the DagBag from /usr/local/lib/python3.10/site-packages/airflow/example_dags/plugins/event_listener.py
[2025-01-13T17:27:38.956-0500] {processor.py:927} WARNING - No viable dags retrieved from /usr/local/lib/python3.10/site-packages/airflow/example_dags/plugins/event_listener.py
[2025-01-13T17:27:39.099-0500] {processor.py:208} INFO - Processing /usr/local/lib/python3.10/site-packages/airflow/example_dags/plugins/event_listener.py took 0.151 seconds
[2025-01-13T17:29:50.918-0500] {processor.py:186} INFO - Started process (PID=81557) to work on /usr/local/lib/python3.10/site-packages/airflow/example_dags/plugins/event_listener.py
[2025-01-13T17:29:50.920-0500] {processor.py:914} INFO - Processing file /usr/local/lib/python3.10/site-packages/airflow/example_dags/plugins/event_listener.py for tasks to queue
[2025-01-13T17:29:50.922-0500] {logging_mixin.py:190} INFO - [2025-01-13T17:29:50.921-0500] {dagbag.py:588} INFO - Filling up the DagBag from /usr/local/lib/python3.10/site-packages/airflow/example_dags/plugins/event_listener.py
[2025-01-13T17:29:50.923-0500] {processor.py:927} WARNING - No viable dags retrieved from /usr/local/lib/python3.10/site-packages/airflow/example_dags/plugins/event_listener.py
[2025-01-13T17:29:51.085-0500] {processor.py:208} INFO - Processing /usr/local/lib/python3.10/site-packages/airflow/example_dags/plugins/event_listener.py took 0.171 seconds
[2025-01-13T17:32:09.680-0500] {processor.py:186} INFO - Started process (PID=83076) to work on /usr/local/lib/python3.10/site-packages/airflow/example_dags/plugins/event_listener.py
[2025-01-13T17:32:09.682-0500] {processor.py:914} INFO - Processing file /usr/local/lib/python3.10/site-packages/airflow/example_dags/plugins/event_listener.py for tasks to queue
[2025-01-13T17:32:09.683-0500] {logging_mixin.py:190} INFO - [2025-01-13T17:32:09.683-0500] {dagbag.py:588} INFO - Filling up the DagBag from /usr/local/lib/python3.10/site-packages/airflow/example_dags/plugins/event_listener.py
[2025-01-13T17:32:09.685-0500] {processor.py:927} WARNING - No viable dags retrieved from /usr/local/lib/python3.10/site-packages/airflow/example_dags/plugins/event_listener.py
[2025-01-13T17:32:09.828-0500] {processor.py:208} INFO - Processing /usr/local/lib/python3.10/site-packages/airflow/example_dags/plugins/event_listener.py took 0.152 seconds
[2025-01-13T17:34:20.693-0500] {processor.py:186} INFO - Started process (PID=84591) to work on /usr/local/lib/python3.10/site-packages/airflow/example_dags/plugins/event_listener.py
[2025-01-13T17:34:20.694-0500] {processor.py:914} INFO - Processing file /usr/local/lib/python3.10/site-packages/airflow/example_dags/plugins/event_listener.py for tasks to queue
[2025-01-13T17:34:20.696-0500] {logging_mixin.py:190} INFO - [2025-01-13T17:34:20.695-0500] {dagbag.py:588} INFO - Filling up the DagBag from /usr/local/lib/python3.10/site-packages/airflow/example_dags/plugins/event_listener.py
[2025-01-13T17:34:20.697-0500] {processor.py:927} WARNING - No viable dags retrieved from /usr/local/lib/python3.10/site-packages/airflow/example_dags/plugins/event_listener.py
[2025-01-13T17:34:20.850-0500] {processor.py:208} INFO - Processing /usr/local/lib/python3.10/site-packages/airflow/example_dags/plugins/event_listener.py took 0.162 seconds
[2025-01-13T17:36:41.050-0500] {processor.py:186} INFO - Started process (PID=86265) to work on /usr/local/lib/python3.10/site-packages/airflow/example_dags/plugins/event_listener.py
[2025-01-13T17:36:41.052-0500] {processor.py:914} INFO - Processing file /usr/local/lib/python3.10/site-packages/airflow/example_dags/plugins/event_listener.py for tasks to queue
[2025-01-13T17:36:41.053-0500] {logging_mixin.py:190} INFO - [2025-01-13T17:36:41.053-0500] {dagbag.py:588} INFO - Filling up the DagBag from /usr/local/lib/python3.10/site-packages/airflow/example_dags/plugins/event_listener.py
[2025-01-13T17:36:41.055-0500] {processor.py:927} WARNING - No viable dags retrieved from /usr/local/lib/python3.10/site-packages/airflow/example_dags/plugins/event_listener.py
[2025-01-13T17:36:41.223-0500] {processor.py:208} INFO - Processing /usr/local/lib/python3.10/site-packages/airflow/example_dags/plugins/event_listener.py took 0.178 seconds
[2025-01-13T17:39:01.541-0500] {processor.py:186} INFO - Started process (PID=87888) to work on /usr/local/lib/python3.10/site-packages/airflow/example_dags/plugins/event_listener.py
[2025-01-13T17:39:01.542-0500] {processor.py:914} INFO - Processing file /usr/local/lib/python3.10/site-packages/airflow/example_dags/plugins/event_listener.py for tasks to queue
[2025-01-13T17:39:01.543-0500] {logging_mixin.py:190} INFO - [2025-01-13T17:39:01.543-0500] {dagbag.py:588} INFO - Filling up the DagBag from /usr/local/lib/python3.10/site-packages/airflow/example_dags/plugins/event_listener.py
[2025-01-13T17:39:01.545-0500] {processor.py:927} WARNING - No viable dags retrieved from /usr/local/lib/python3.10/site-packages/airflow/example_dags/plugins/event_listener.py
[2025-01-13T17:39:01.692-0500] {processor.py:208} INFO - Processing /usr/local/lib/python3.10/site-packages/airflow/example_dags/plugins/event_listener.py took 0.156 seconds
[2025-01-13T17:41:15.104-0500] {processor.py:186} INFO - Started process (PID=89384) to work on /usr/local/lib/python3.10/site-packages/airflow/example_dags/plugins/event_listener.py
[2025-01-13T17:41:15.106-0500] {processor.py:914} INFO - Processing file /usr/local/lib/python3.10/site-packages/airflow/example_dags/plugins/event_listener.py for tasks to queue
[2025-01-13T17:41:15.107-0500] {logging_mixin.py:190} INFO - [2025-01-13T17:41:15.107-0500] {dagbag.py:588} INFO - Filling up the DagBag from /usr/local/lib/python3.10/site-packages/airflow/example_dags/plugins/event_listener.py
[2025-01-13T17:41:15.108-0500] {processor.py:927} WARNING - No viable dags retrieved from /usr/local/lib/python3.10/site-packages/airflow/example_dags/plugins/event_listener.py
[2025-01-13T17:41:15.263-0500] {processor.py:208} INFO - Processing /usr/local/lib/python3.10/site-packages/airflow/example_dags/plugins/event_listener.py took 0.163 seconds
[2025-01-13T17:43:41.815-0500] {processor.py:186} INFO - Started process (PID=91030) to work on /usr/local/lib/python3.10/site-packages/airflow/example_dags/plugins/event_listener.py
[2025-01-13T17:43:41.817-0500] {processor.py:914} INFO - Processing file /usr/local/lib/python3.10/site-packages/airflow/example_dags/plugins/event_listener.py for tasks to queue
[2025-01-13T17:43:41.818-0500] {logging_mixin.py:190} INFO - [2025-01-13T17:43:41.818-0500] {dagbag.py:588} INFO - Filling up the DagBag from /usr/local/lib/python3.10/site-packages/airflow/example_dags/plugins/event_listener.py
[2025-01-13T17:43:41.819-0500] {processor.py:927} WARNING - No viable dags retrieved from /usr/local/lib/python3.10/site-packages/airflow/example_dags/plugins/event_listener.py
[2025-01-13T17:43:41.963-0500] {processor.py:208} INFO - Processing /usr/local/lib/python3.10/site-packages/airflow/example_dags/plugins/event_listener.py took 0.152 seconds
[2025-01-13T17:45:49.778-0500] {processor.py:186} INFO - Started process (PID=92414) to work on /usr/local/lib/python3.10/site-packages/airflow/example_dags/plugins/event_listener.py
[2025-01-13T17:45:49.779-0500] {processor.py:914} INFO - Processing file /usr/local/lib/python3.10/site-packages/airflow/example_dags/plugins/event_listener.py for tasks to queue
[2025-01-13T17:45:49.780-0500] {logging_mixin.py:190} INFO - [2025-01-13T17:45:49.780-0500] {dagbag.py:588} INFO - Filling up the DagBag from /usr/local/lib/python3.10/site-packages/airflow/example_dags/plugins/event_listener.py
[2025-01-13T17:45:49.781-0500] {processor.py:927} WARNING - No viable dags retrieved from /usr/local/lib/python3.10/site-packages/airflow/example_dags/plugins/event_listener.py
[2025-01-13T17:45:49.932-0500] {processor.py:208} INFO - Processing /usr/local/lib/python3.10/site-packages/airflow/example_dags/plugins/event_listener.py took 0.158 seconds
[2025-01-13T17:47:54.534-0500] {processor.py:186} INFO - Started process (PID=93898) to work on /usr/local/lib/python3.10/site-packages/airflow/example_dags/plugins/event_listener.py
[2025-01-13T17:47:54.536-0500] {processor.py:914} INFO - Processing file /usr/local/lib/python3.10/site-packages/airflow/example_dags/plugins/event_listener.py for tasks to queue
[2025-01-13T17:47:54.538-0500] {logging_mixin.py:190} INFO - [2025-01-13T17:47:54.537-0500] {dagbag.py:588} INFO - Filling up the DagBag from /usr/local/lib/python3.10/site-packages/airflow/example_dags/plugins/event_listener.py
[2025-01-13T17:47:54.539-0500] {processor.py:927} WARNING - No viable dags retrieved from /usr/local/lib/python3.10/site-packages/airflow/example_dags/plugins/event_listener.py
[2025-01-13T17:47:54.704-0500] {processor.py:208} INFO - Processing /usr/local/lib/python3.10/site-packages/airflow/example_dags/plugins/event_listener.py took 0.175 seconds
[2025-01-13T17:50:06.883-0500] {processor.py:186} INFO - Started process (PID=95283) to work on /usr/local/lib/python3.10/site-packages/airflow/example_dags/plugins/event_listener.py
[2025-01-13T17:50:06.884-0500] {processor.py:914} INFO - Processing file /usr/local/lib/python3.10/site-packages/airflow/example_dags/plugins/event_listener.py for tasks to queue
[2025-01-13T17:50:06.885-0500] {logging_mixin.py:190} INFO - [2025-01-13T17:50:06.885-0500] {dagbag.py:588} INFO - Filling up the DagBag from /usr/local/lib/python3.10/site-packages/airflow/example_dags/plugins/event_listener.py
[2025-01-13T17:50:06.887-0500] {processor.py:927} WARNING - No viable dags retrieved from /usr/local/lib/python3.10/site-packages/airflow/example_dags/plugins/event_listener.py
[2025-01-13T17:50:07.040-0500] {processor.py:208} INFO - Processing /usr/local/lib/python3.10/site-packages/airflow/example_dags/plugins/event_listener.py took 0.161 seconds
[2025-01-13T17:52:18.893-0500] {processor.py:186} INFO - Started process (PID=96774) to work on /usr/local/lib/python3.10/site-packages/airflow/example_dags/plugins/event_listener.py
[2025-01-13T17:52:18.895-0500] {processor.py:914} INFO - Processing file /usr/local/lib/python3.10/site-packages/airflow/example_dags/plugins/event_listener.py for tasks to queue
[2025-01-13T17:52:18.896-0500] {logging_mixin.py:190} INFO - [2025-01-13T17:52:18.896-0500] {dagbag.py:588} INFO - Filling up the DagBag from /usr/local/lib/python3.10/site-packages/airflow/example_dags/plugins/event_listener.py
[2025-01-13T17:52:18.897-0500] {processor.py:927} WARNING - No viable dags retrieved from /usr/local/lib/python3.10/site-packages/airflow/example_dags/plugins/event_listener.py
[2025-01-13T17:52:19.042-0500] {processor.py:208} INFO - Processing /usr/local/lib/python3.10/site-packages/airflow/example_dags/plugins/event_listener.py took 0.153 seconds
[2025-01-13T17:54:30.666-0500] {processor.py:186} INFO - Started process (PID=98259) to work on /usr/local/lib/python3.10/site-packages/airflow/example_dags/plugins/event_listener.py
[2025-01-13T17:54:30.668-0500] {processor.py:914} INFO - Processing file /usr/local/lib/python3.10/site-packages/airflow/example_dags/plugins/event_listener.py for tasks to queue
[2025-01-13T17:54:30.669-0500] {logging_mixin.py:190} INFO - [2025-01-13T17:54:30.669-0500] {dagbag.py:588} INFO - Filling up the DagBag from /usr/local/lib/python3.10/site-packages/airflow/example_dags/plugins/event_listener.py
[2025-01-13T17:54:30.671-0500] {processor.py:927} WARNING - No viable dags retrieved from /usr/local/lib/python3.10/site-packages/airflow/example_dags/plugins/event_listener.py
[2025-01-13T17:54:30.819-0500] {processor.py:208} INFO - Processing /usr/local/lib/python3.10/site-packages/airflow/example_dags/plugins/event_listener.py took 0.157 seconds
[2025-01-13T17:56:41.460-0500] {processor.py:186} INFO - Started process (PID=99780) to work on /usr/local/lib/python3.10/site-packages/airflow/example_dags/plugins/event_listener.py
[2025-01-13T17:56:41.462-0500] {processor.py:914} INFO - Processing file /usr/local/lib/python3.10/site-packages/airflow/example_dags/plugins/event_listener.py for tasks to queue
[2025-01-13T17:56:41.463-0500] {logging_mixin.py:190} INFO - [2025-01-13T17:56:41.463-0500] {dagbag.py:588} INFO - Filling up the DagBag from /usr/local/lib/python3.10/site-packages/airflow/example_dags/plugins/event_listener.py
[2025-01-13T17:56:41.465-0500] {processor.py:927} WARNING - No viable dags retrieved from /usr/local/lib/python3.10/site-packages/airflow/example_dags/plugins/event_listener.py
[2025-01-13T17:56:41.617-0500] {processor.py:208} INFO - Processing /usr/local/lib/python3.10/site-packages/airflow/example_dags/plugins/event_listener.py took 0.161 seconds
[2025-01-13T17:59:03.421-0500] {processor.py:186} INFO - Started process (PID=2105) to work on /usr/local/lib/python3.10/site-packages/airflow/example_dags/plugins/event_listener.py
[2025-01-13T17:59:03.423-0500] {processor.py:914} INFO - Processing file /usr/local/lib/python3.10/site-packages/airflow/example_dags/plugins/event_listener.py for tasks to queue
[2025-01-13T17:59:03.424-0500] {logging_mixin.py:190} INFO - [2025-01-13T17:59:03.424-0500] {dagbag.py:588} INFO - Filling up the DagBag from /usr/local/lib/python3.10/site-packages/airflow/example_dags/plugins/event_listener.py
[2025-01-13T17:59:03.425-0500] {processor.py:927} WARNING - No viable dags retrieved from /usr/local/lib/python3.10/site-packages/airflow/example_dags/plugins/event_listener.py
[2025-01-13T17:59:03.580-0500] {processor.py:208} INFO - Processing /usr/local/lib/python3.10/site-packages/airflow/example_dags/plugins/event_listener.py took 0.163 seconds
[2025-01-13T18:01:30.953-0500] {processor.py:186} INFO - Started process (PID=3753) to work on /usr/local/lib/python3.10/site-packages/airflow/example_dags/plugins/event_listener.py
[2025-01-13T18:01:30.955-0500] {processor.py:914} INFO - Processing file /usr/local/lib/python3.10/site-packages/airflow/example_dags/plugins/event_listener.py for tasks to queue
[2025-01-13T18:01:30.956-0500] {logging_mixin.py:190} INFO - [2025-01-13T18:01:30.956-0500] {dagbag.py:588} INFO - Filling up the DagBag from /usr/local/lib/python3.10/site-packages/airflow/example_dags/plugins/event_listener.py
[2025-01-13T18:01:30.957-0500] {processor.py:927} WARNING - No viable dags retrieved from /usr/local/lib/python3.10/site-packages/airflow/example_dags/plugins/event_listener.py
[2025-01-13T18:01:31.106-0500] {processor.py:208} INFO - Processing /usr/local/lib/python3.10/site-packages/airflow/example_dags/plugins/event_listener.py took 0.157 seconds
[2025-01-13T18:03:45.719-0500] {processor.py:186} INFO - Started process (PID=5294) to work on /usr/local/lib/python3.10/site-packages/airflow/example_dags/plugins/event_listener.py
[2025-01-13T18:03:45.721-0500] {processor.py:914} INFO - Processing file /usr/local/lib/python3.10/site-packages/airflow/example_dags/plugins/event_listener.py for tasks to queue
[2025-01-13T18:03:45.723-0500] {logging_mixin.py:190} INFO - [2025-01-13T18:03:45.722-0500] {dagbag.py:588} INFO - Filling up the DagBag from /usr/local/lib/python3.10/site-packages/airflow/example_dags/plugins/event_listener.py
[2025-01-13T18:03:45.724-0500] {processor.py:927} WARNING - No viable dags retrieved from /usr/local/lib/python3.10/site-packages/airflow/example_dags/plugins/event_listener.py
[2025-01-13T18:03:45.873-0500] {processor.py:208} INFO - Processing /usr/local/lib/python3.10/site-packages/airflow/example_dags/plugins/event_listener.py took 0.157 seconds
[2025-01-13T18:05:56.303-0500] {processor.py:186} INFO - Started process (PID=6822) to work on /usr/local/lib/python3.10/site-packages/airflow/example_dags/plugins/event_listener.py
[2025-01-13T18:05:56.304-0500] {processor.py:914} INFO - Processing file /usr/local/lib/python3.10/site-packages/airflow/example_dags/plugins/event_listener.py for tasks to queue
[2025-01-13T18:05:56.305-0500] {logging_mixin.py:190} INFO - [2025-01-13T18:05:56.305-0500] {dagbag.py:588} INFO - Filling up the DagBag from /usr/local/lib/python3.10/site-packages/airflow/example_dags/plugins/event_listener.py
[2025-01-13T18:05:56.307-0500] {processor.py:927} WARNING - No viable dags retrieved from /usr/local/lib/python3.10/site-packages/airflow/example_dags/plugins/event_listener.py
[2025-01-13T18:05:56.458-0500] {processor.py:208} INFO - Processing /usr/local/lib/python3.10/site-packages/airflow/example_dags/plugins/event_listener.py took 0.160 seconds
[2025-01-13T18:08:16.852-0500] {processor.py:186} INFO - Started process (PID=8471) to work on /usr/local/lib/python3.10/site-packages/airflow/example_dags/plugins/event_listener.py
[2025-01-13T18:08:16.853-0500] {processor.py:914} INFO - Processing file /usr/local/lib/python3.10/site-packages/airflow/example_dags/plugins/event_listener.py for tasks to queue
[2025-01-13T18:08:16.854-0500] {logging_mixin.py:190} INFO - [2025-01-13T18:08:16.854-0500] {dagbag.py:588} INFO - Filling up the DagBag from /usr/local/lib/python3.10/site-packages/airflow/example_dags/plugins/event_listener.py
[2025-01-13T18:08:16.856-0500] {processor.py:927} WARNING - No viable dags retrieved from /usr/local/lib/python3.10/site-packages/airflow/example_dags/plugins/event_listener.py
[2025-01-13T18:08:17.005-0500] {processor.py:208} INFO - Processing /usr/local/lib/python3.10/site-packages/airflow/example_dags/plugins/event_listener.py took 0.157 seconds
[2025-01-13T18:10:29.889-0500] {processor.py:186} INFO - Started process (PID=10018) to work on /usr/local/lib/python3.10/site-packages/airflow/example_dags/plugins/event_listener.py
[2025-01-13T18:10:29.891-0500] {processor.py:914} INFO - Processing file /usr/local/lib/python3.10/site-packages/airflow/example_dags/plugins/event_listener.py for tasks to queue
[2025-01-13T18:10:29.892-0500] {logging_mixin.py:190} INFO - [2025-01-13T18:10:29.891-0500] {dagbag.py:588} INFO - Filling up the DagBag from /usr/local/lib/python3.10/site-packages/airflow/example_dags/plugins/event_listener.py
[2025-01-13T18:10:29.893-0500] {processor.py:927} WARNING - No viable dags retrieved from /usr/local/lib/python3.10/site-packages/airflow/example_dags/plugins/event_listener.py
[2025-01-13T18:10:30.047-0500] {processor.py:208} INFO - Processing /usr/local/lib/python3.10/site-packages/airflow/example_dags/plugins/event_listener.py took 0.163 seconds
[2025-01-13T18:12:59.700-0500] {processor.py:186} INFO - Started process (PID=11704) to work on /usr/local/lib/python3.10/site-packages/airflow/example_dags/plugins/event_listener.py
[2025-01-13T18:12:59.702-0500] {processor.py:914} INFO - Processing file /usr/local/lib/python3.10/site-packages/airflow/example_dags/plugins/event_listener.py for tasks to queue
[2025-01-13T18:12:59.704-0500] {logging_mixin.py:190} INFO - [2025-01-13T18:12:59.703-0500] {dagbag.py:588} INFO - Filling up the DagBag from /usr/local/lib/python3.10/site-packages/airflow/example_dags/plugins/event_listener.py
[2025-01-13T18:12:59.705-0500] {processor.py:927} WARNING - No viable dags retrieved from /usr/local/lib/python3.10/site-packages/airflow/example_dags/plugins/event_listener.py
[2025-01-13T18:12:59.862-0500] {processor.py:208} INFO - Processing /usr/local/lib/python3.10/site-packages/airflow/example_dags/plugins/event_listener.py took 0.166 seconds
[2025-01-13T18:15:22.064-0500] {processor.py:186} INFO - Started process (PID=13351) to work on /usr/local/lib/python3.10/site-packages/airflow/example_dags/plugins/event_listener.py
[2025-01-13T18:15:22.065-0500] {processor.py:914} INFO - Processing file /usr/local/lib/python3.10/site-packages/airflow/example_dags/plugins/event_listener.py for tasks to queue
[2025-01-13T18:15:22.066-0500] {logging_mixin.py:190} INFO - [2025-01-13T18:15:22.066-0500] {dagbag.py:588} INFO - Filling up the DagBag from /usr/local/lib/python3.10/site-packages/airflow/example_dags/plugins/event_listener.py
[2025-01-13T18:15:22.068-0500] {processor.py:927} WARNING - No viable dags retrieved from /usr/local/lib/python3.10/site-packages/airflow/example_dags/plugins/event_listener.py
[2025-01-13T18:15:22.222-0500] {processor.py:208} INFO - Processing /usr/local/lib/python3.10/site-packages/airflow/example_dags/plugins/event_listener.py took 0.163 seconds
[2025-01-13T18:17:54.745-0500] {processor.py:186} INFO - Started process (PID=15171) to work on /usr/local/lib/python3.10/site-packages/airflow/example_dags/plugins/event_listener.py
[2025-01-13T18:17:54.746-0500] {processor.py:914} INFO - Processing file /usr/local/lib/python3.10/site-packages/airflow/example_dags/plugins/event_listener.py for tasks to queue
[2025-01-13T18:17:54.748-0500] {logging_mixin.py:190} INFO - [2025-01-13T18:17:54.747-0500] {dagbag.py:588} INFO - Filling up the DagBag from /usr/local/lib/python3.10/site-packages/airflow/example_dags/plugins/event_listener.py
[2025-01-13T18:17:54.749-0500] {processor.py:927} WARNING - No viable dags retrieved from /usr/local/lib/python3.10/site-packages/airflow/example_dags/plugins/event_listener.py
[2025-01-13T18:17:54.899-0500] {processor.py:208} INFO - Processing /usr/local/lib/python3.10/site-packages/airflow/example_dags/plugins/event_listener.py took 0.159 seconds
[2025-01-13T18:20:20.911-0500] {processor.py:186} INFO - Started process (PID=16870) to work on /usr/local/lib/python3.10/site-packages/airflow/example_dags/plugins/event_listener.py
[2025-01-13T18:20:20.912-0500] {processor.py:914} INFO - Processing file /usr/local/lib/python3.10/site-packages/airflow/example_dags/plugins/event_listener.py for tasks to queue
[2025-01-13T18:20:20.913-0500] {logging_mixin.py:190} INFO - [2025-01-13T18:20:20.913-0500] {dagbag.py:588} INFO - Filling up the DagBag from /usr/local/lib/python3.10/site-packages/airflow/example_dags/plugins/event_listener.py
[2025-01-13T18:20:20.914-0500] {processor.py:927} WARNING - No viable dags retrieved from /usr/local/lib/python3.10/site-packages/airflow/example_dags/plugins/event_listener.py
[2025-01-13T18:20:21.054-0500] {processor.py:208} INFO - Processing /usr/local/lib/python3.10/site-packages/airflow/example_dags/plugins/event_listener.py took 0.148 seconds
[2025-01-13T18:22:31.997-0500] {processor.py:186} INFO - Started process (PID=18401) to work on /usr/local/lib/python3.10/site-packages/airflow/example_dags/plugins/event_listener.py
[2025-01-13T18:22:31.999-0500] {processor.py:914} INFO - Processing file /usr/local/lib/python3.10/site-packages/airflow/example_dags/plugins/event_listener.py for tasks to queue
[2025-01-13T18:22:32.000-0500] {logging_mixin.py:190} INFO - [2025-01-13T18:22:32.000-0500] {dagbag.py:588} INFO - Filling up the DagBag from /usr/local/lib/python3.10/site-packages/airflow/example_dags/plugins/event_listener.py
[2025-01-13T18:22:32.001-0500] {processor.py:927} WARNING - No viable dags retrieved from /usr/local/lib/python3.10/site-packages/airflow/example_dags/plugins/event_listener.py
[2025-01-13T18:22:32.170-0500] {processor.py:208} INFO - Processing /usr/local/lib/python3.10/site-packages/airflow/example_dags/plugins/event_listener.py took 0.178 seconds
[2025-01-13T18:24:55.520-0500] {processor.py:186} INFO - Started process (PID=20036) to work on /usr/local/lib/python3.10/site-packages/airflow/example_dags/plugins/event_listener.py
[2025-01-13T18:24:55.522-0500] {processor.py:914} INFO - Processing file /usr/local/lib/python3.10/site-packages/airflow/example_dags/plugins/event_listener.py for tasks to queue
[2025-01-13T18:24:55.524-0500] {logging_mixin.py:190} INFO - [2025-01-13T18:24:55.523-0500] {dagbag.py:588} INFO - Filling up the DagBag from /usr/local/lib/python3.10/site-packages/airflow/example_dags/plugins/event_listener.py
[2025-01-13T18:24:55.525-0500] {processor.py:927} WARNING - No viable dags retrieved from /usr/local/lib/python3.10/site-packages/airflow/example_dags/plugins/event_listener.py
[2025-01-13T18:24:55.690-0500] {processor.py:208} INFO - Processing /usr/local/lib/python3.10/site-packages/airflow/example_dags/plugins/event_listener.py took 0.174 seconds
[2025-01-13T18:27:05.605-0500] {processor.py:186} INFO - Started process (PID=21554) to work on /usr/local/lib/python3.10/site-packages/airflow/example_dags/plugins/event_listener.py
[2025-01-13T18:27:05.606-0500] {processor.py:914} INFO - Processing file /usr/local/lib/python3.10/site-packages/airflow/example_dags/plugins/event_listener.py for tasks to queue
[2025-01-13T18:27:05.607-0500] {logging_mixin.py:190} INFO - [2025-01-13T18:27:05.607-0500] {dagbag.py:588} INFO - Filling up the DagBag from /usr/local/lib/python3.10/site-packages/airflow/example_dags/plugins/event_listener.py
[2025-01-13T18:27:05.609-0500] {processor.py:927} WARNING - No viable dags retrieved from /usr/local/lib/python3.10/site-packages/airflow/example_dags/plugins/event_listener.py
[2025-01-13T18:27:05.752-0500] {processor.py:208} INFO - Processing /usr/local/lib/python3.10/site-packages/airflow/example_dags/plugins/event_listener.py took 0.151 seconds
[2025-01-13T18:29:05.706-0500] {processor.py:186} INFO - Started process (PID=22964) to work on /usr/local/lib/python3.10/site-packages/airflow/example_dags/plugins/event_listener.py
[2025-01-13T18:29:05.707-0500] {processor.py:914} INFO - Processing file /usr/local/lib/python3.10/site-packages/airflow/example_dags/plugins/event_listener.py for tasks to queue
[2025-01-13T18:29:05.708-0500] {logging_mixin.py:190} INFO - [2025-01-13T18:29:05.708-0500] {dagbag.py:588} INFO - Filling up the DagBag from /usr/local/lib/python3.10/site-packages/airflow/example_dags/plugins/event_listener.py
[2025-01-13T18:29:05.709-0500] {processor.py:927} WARNING - No viable dags retrieved from /usr/local/lib/python3.10/site-packages/airflow/example_dags/plugins/event_listener.py
[2025-01-13T18:29:05.856-0500] {processor.py:208} INFO - Processing /usr/local/lib/python3.10/site-packages/airflow/example_dags/plugins/event_listener.py took 0.154 seconds
[2025-01-13T18:31:41.588-0500] {processor.py:186} INFO - Started process (PID=24857) to work on /usr/local/lib/python3.10/site-packages/airflow/example_dags/plugins/event_listener.py
[2025-01-13T18:31:41.590-0500] {processor.py:914} INFO - Processing file /usr/local/lib/python3.10/site-packages/airflow/example_dags/plugins/event_listener.py for tasks to queue
[2025-01-13T18:31:41.591-0500] {logging_mixin.py:190} INFO - [2025-01-13T18:31:41.591-0500] {dagbag.py:588} INFO - Filling up the DagBag from /usr/local/lib/python3.10/site-packages/airflow/example_dags/plugins/event_listener.py
[2025-01-13T18:31:41.592-0500] {processor.py:927} WARNING - No viable dags retrieved from /usr/local/lib/python3.10/site-packages/airflow/example_dags/plugins/event_listener.py
[2025-01-13T18:31:41.747-0500] {processor.py:208} INFO - Processing /usr/local/lib/python3.10/site-packages/airflow/example_dags/plugins/event_listener.py took 0.163 seconds
[2025-01-13T18:38:07.968-0500] {processor.py:186} INFO - Started process (PID=29134) to work on /usr/local/lib/python3.10/site-packages/airflow/example_dags/plugins/event_listener.py
[2025-01-13T18:38:07.970-0500] {processor.py:914} INFO - Processing file /usr/local/lib/python3.10/site-packages/airflow/example_dags/plugins/event_listener.py for tasks to queue
[2025-01-13T18:38:07.971-0500] {logging_mixin.py:190} INFO - [2025-01-13T18:38:07.971-0500] {dagbag.py:588} INFO - Filling up the DagBag from /usr/local/lib/python3.10/site-packages/airflow/example_dags/plugins/event_listener.py
[2025-01-13T18:38:07.973-0500] {processor.py:927} WARNING - No viable dags retrieved from /usr/local/lib/python3.10/site-packages/airflow/example_dags/plugins/event_listener.py
[2025-01-13T18:38:08.134-0500] {processor.py:208} INFO - Processing /usr/local/lib/python3.10/site-packages/airflow/example_dags/plugins/event_listener.py took 0.170 seconds
[2025-01-13T18:41:01.852-0500] {processor.py:186} INFO - Started process (PID=31114) to work on /usr/local/lib/python3.10/site-packages/airflow/example_dags/plugins/event_listener.py
[2025-01-13T18:41:01.854-0500] {processor.py:914} INFO - Processing file /usr/local/lib/python3.10/site-packages/airflow/example_dags/plugins/event_listener.py for tasks to queue
[2025-01-13T18:41:01.855-0500] {logging_mixin.py:190} INFO - [2025-01-13T18:41:01.855-0500] {dagbag.py:588} INFO - Filling up the DagBag from /usr/local/lib/python3.10/site-packages/airflow/example_dags/plugins/event_listener.py
[2025-01-13T18:41:01.856-0500] {processor.py:927} WARNING - No viable dags retrieved from /usr/local/lib/python3.10/site-packages/airflow/example_dags/plugins/event_listener.py
[2025-01-13T18:41:02.017-0500] {processor.py:208} INFO - Processing /usr/local/lib/python3.10/site-packages/airflow/example_dags/plugins/event_listener.py took 0.172 seconds
[2025-01-13T18:43:22.786-0500] {processor.py:186} INFO - Started process (PID=32764) to work on /usr/local/lib/python3.10/site-packages/airflow/example_dags/plugins/event_listener.py
[2025-01-13T18:43:22.787-0500] {processor.py:914} INFO - Processing file /usr/local/lib/python3.10/site-packages/airflow/example_dags/plugins/event_listener.py for tasks to queue
[2025-01-13T18:43:22.788-0500] {logging_mixin.py:190} INFO - [2025-01-13T18:43:22.788-0500] {dagbag.py:588} INFO - Filling up the DagBag from /usr/local/lib/python3.10/site-packages/airflow/example_dags/plugins/event_listener.py
[2025-01-13T18:43:22.790-0500] {processor.py:927} WARNING - No viable dags retrieved from /usr/local/lib/python3.10/site-packages/airflow/example_dags/plugins/event_listener.py
[2025-01-13T18:43:22.938-0500] {processor.py:208} INFO - Processing /usr/local/lib/python3.10/site-packages/airflow/example_dags/plugins/event_listener.py took 0.156 seconds
[2025-01-13T18:45:41.689-0500] {processor.py:186} INFO - Started process (PID=34289) to work on /usr/local/lib/python3.10/site-packages/airflow/example_dags/plugins/event_listener.py
[2025-01-13T18:45:41.691-0500] {processor.py:914} INFO - Processing file /usr/local/lib/python3.10/site-packages/airflow/example_dags/plugins/event_listener.py for tasks to queue
[2025-01-13T18:45:41.692-0500] {logging_mixin.py:190} INFO - [2025-01-13T18:45:41.692-0500] {dagbag.py:588} INFO - Filling up the DagBag from /usr/local/lib/python3.10/site-packages/airflow/example_dags/plugins/event_listener.py
[2025-01-13T18:45:41.693-0500] {processor.py:927} WARNING - No viable dags retrieved from /usr/local/lib/python3.10/site-packages/airflow/example_dags/plugins/event_listener.py
[2025-01-13T18:45:41.857-0500] {processor.py:208} INFO - Processing /usr/local/lib/python3.10/site-packages/airflow/example_dags/plugins/event_listener.py took 0.175 seconds
[2025-01-13T18:48:03.506-0500] {processor.py:186} INFO - Started process (PID=35953) to work on /usr/local/lib/python3.10/site-packages/airflow/example_dags/plugins/event_listener.py
[2025-01-13T18:48:03.509-0500] {processor.py:914} INFO - Processing file /usr/local/lib/python3.10/site-packages/airflow/example_dags/plugins/event_listener.py for tasks to queue
[2025-01-13T18:48:03.510-0500] {logging_mixin.py:190} INFO - [2025-01-13T18:48:03.509-0500] {dagbag.py:588} INFO - Filling up the DagBag from /usr/local/lib/python3.10/site-packages/airflow/example_dags/plugins/event_listener.py
[2025-01-13T18:48:03.511-0500] {processor.py:927} WARNING - No viable dags retrieved from /usr/local/lib/python3.10/site-packages/airflow/example_dags/plugins/event_listener.py
[2025-01-13T18:48:03.667-0500] {processor.py:208} INFO - Processing /usr/local/lib/python3.10/site-packages/airflow/example_dags/plugins/event_listener.py took 0.165 seconds
[2025-01-13T18:50:42.291-0500] {processor.py:186} INFO - Started process (PID=37802) to work on /usr/local/lib/python3.10/site-packages/airflow/example_dags/plugins/event_listener.py
[2025-01-13T18:50:42.293-0500] {processor.py:914} INFO - Processing file /usr/local/lib/python3.10/site-packages/airflow/example_dags/plugins/event_listener.py for tasks to queue
[2025-01-13T18:50:42.295-0500] {logging_mixin.py:190} INFO - [2025-01-13T18:50:42.295-0500] {dagbag.py:588} INFO - Filling up the DagBag from /usr/local/lib/python3.10/site-packages/airflow/example_dags/plugins/event_listener.py
[2025-01-13T18:50:42.297-0500] {processor.py:927} WARNING - No viable dags retrieved from /usr/local/lib/python3.10/site-packages/airflow/example_dags/plugins/event_listener.py
[2025-01-13T18:50:42.475-0500] {processor.py:208} INFO - Processing /usr/local/lib/python3.10/site-packages/airflow/example_dags/plugins/event_listener.py took 0.188 seconds
[2025-01-13T18:53:04.195-0500] {processor.py:186} INFO - Started process (PID=39449) to work on /usr/local/lib/python3.10/site-packages/airflow/example_dags/plugins/event_listener.py
[2025-01-13T18:53:04.197-0500] {processor.py:914} INFO - Processing file /usr/local/lib/python3.10/site-packages/airflow/example_dags/plugins/event_listener.py for tasks to queue
[2025-01-13T18:53:04.198-0500] {logging_mixin.py:190} INFO - [2025-01-13T18:53:04.198-0500] {dagbag.py:588} INFO - Filling up the DagBag from /usr/local/lib/python3.10/site-packages/airflow/example_dags/plugins/event_listener.py
[2025-01-13T18:53:04.199-0500] {processor.py:927} WARNING - No viable dags retrieved from /usr/local/lib/python3.10/site-packages/airflow/example_dags/plugins/event_listener.py
[2025-01-13T18:53:04.376-0500] {processor.py:208} INFO - Processing /usr/local/lib/python3.10/site-packages/airflow/example_dags/plugins/event_listener.py took 0.186 seconds
[2025-01-13T18:55:23.566-0500] {processor.py:186} INFO - Started process (PID=41107) to work on /usr/local/lib/python3.10/site-packages/airflow/example_dags/plugins/event_listener.py
[2025-01-13T18:55:23.569-0500] {processor.py:914} INFO - Processing file /usr/local/lib/python3.10/site-packages/airflow/example_dags/plugins/event_listener.py for tasks to queue
[2025-01-13T18:55:23.570-0500] {logging_mixin.py:190} INFO - [2025-01-13T18:55:23.570-0500] {dagbag.py:588} INFO - Filling up the DagBag from /usr/local/lib/python3.10/site-packages/airflow/example_dags/plugins/event_listener.py
[2025-01-13T18:55:23.571-0500] {processor.py:927} WARNING - No viable dags retrieved from /usr/local/lib/python3.10/site-packages/airflow/example_dags/plugins/event_listener.py
[2025-01-13T18:55:23.730-0500] {processor.py:208} INFO - Processing /usr/local/lib/python3.10/site-packages/airflow/example_dags/plugins/event_listener.py took 0.169 seconds
[2025-01-13T18:57:42.612-0500] {processor.py:186} INFO - Started process (PID=42703) to work on /usr/local/lib/python3.10/site-packages/airflow/example_dags/plugins/event_listener.py
[2025-01-13T18:57:42.614-0500] {processor.py:914} INFO - Processing file /usr/local/lib/python3.10/site-packages/airflow/example_dags/plugins/event_listener.py for tasks to queue
[2025-01-13T18:57:42.615-0500] {logging_mixin.py:190} INFO - [2025-01-13T18:57:42.615-0500] {dagbag.py:588} INFO - Filling up the DagBag from /usr/local/lib/python3.10/site-packages/airflow/example_dags/plugins/event_listener.py
[2025-01-13T18:57:42.616-0500] {processor.py:927} WARNING - No viable dags retrieved from /usr/local/lib/python3.10/site-packages/airflow/example_dags/plugins/event_listener.py
[2025-01-13T18:57:42.774-0500] {processor.py:208} INFO - Processing /usr/local/lib/python3.10/site-packages/airflow/example_dags/plugins/event_listener.py took 0.166 seconds
[2025-01-13T18:59:58.384-0500] {processor.py:186} INFO - Started process (PID=44348) to work on /usr/local/lib/python3.10/site-packages/airflow/example_dags/plugins/event_listener.py
[2025-01-13T18:59:58.386-0500] {processor.py:914} INFO - Processing file /usr/local/lib/python3.10/site-packages/airflow/example_dags/plugins/event_listener.py for tasks to queue
[2025-01-13T18:59:58.387-0500] {logging_mixin.py:190} INFO - [2025-01-13T18:59:58.387-0500] {dagbag.py:588} INFO - Filling up the DagBag from /usr/local/lib/python3.10/site-packages/airflow/example_dags/plugins/event_listener.py
[2025-01-13T18:59:58.388-0500] {processor.py:927} WARNING - No viable dags retrieved from /usr/local/lib/python3.10/site-packages/airflow/example_dags/plugins/event_listener.py
[2025-01-13T18:59:58.534-0500] {processor.py:208} INFO - Processing /usr/local/lib/python3.10/site-packages/airflow/example_dags/plugins/event_listener.py took 0.154 seconds
