[2025-01-13T16:51:14.460-0500] {processor.py:186} INFO - Started process (PID=55583) to work on /usr/local/lib/python3.10/site-packages/airflow/example_dags/plugins/listener_plugin.py
[2025-01-13T16:51:14.461-0500] {processor.py:914} INFO - Processing file /usr/local/lib/python3.10/site-packages/airflow/example_dags/plugins/listener_plugin.py for tasks to queue
[2025-01-13T16:51:14.463-0500] {logging_mixin.py:190} INFO - [2025-01-13T16:51:14.463-0500] {dagbag.py:588} INFO - Filling up the DagBag from /usr/local/lib/python3.10/site-packages/airflow/example_dags/plugins/listener_plugin.py
[2025-01-13T16:51:14.466-0500] {processor.py:927} WARNING - No viable dags retrieved from /usr/local/lib/python3.10/site-packages/airflow/example_dags/plugins/listener_plugin.py
[2025-01-13T16:51:14.646-0500] {processor.py:208} INFO - Processing /usr/local/lib/python3.10/site-packages/airflow/example_dags/plugins/listener_plugin.py took 0.191 seconds
[2025-01-13T16:54:18.053-0500] {processor.py:186} INFO - Started process (PID=57676) to work on /usr/local/lib/python3.10/site-packages/airflow/example_dags/plugins/listener_plugin.py
[2025-01-13T16:54:18.055-0500] {processor.py:914} INFO - Processing file /usr/local/lib/python3.10/site-packages/airflow/example_dags/plugins/listener_plugin.py for tasks to queue
[2025-01-13T16:54:18.056-0500] {logging_mixin.py:190} INFO - [2025-01-13T16:54:18.056-0500] {dagbag.py:588} INFO - Filling up the DagBag from /usr/local/lib/python3.10/site-packages/airflow/example_dags/plugins/listener_plugin.py
[2025-01-13T16:54:18.060-0500] {processor.py:927} WARNING - No viable dags retrieved from /usr/local/lib/python3.10/site-packages/airflow/example_dags/plugins/listener_plugin.py
[2025-01-13T16:54:18.228-0500] {processor.py:208} INFO - Processing /usr/local/lib/python3.10/site-packages/airflow/example_dags/plugins/listener_plugin.py took 0.179 seconds
[2025-01-13T16:56:30.729-0500] {processor.py:186} INFO - Started process (PID=59180) to work on /usr/local/lib/python3.10/site-packages/airflow/example_dags/plugins/listener_plugin.py
[2025-01-13T16:56:30.731-0500] {processor.py:914} INFO - Processing file /usr/local/lib/python3.10/site-packages/airflow/example_dags/plugins/listener_plugin.py for tasks to queue
[2025-01-13T16:56:30.732-0500] {logging_mixin.py:190} INFO - [2025-01-13T16:56:30.731-0500] {dagbag.py:588} INFO - Filling up the DagBag from /usr/local/lib/python3.10/site-packages/airflow/example_dags/plugins/listener_plugin.py
[2025-01-13T16:56:30.734-0500] {processor.py:927} WARNING - No viable dags retrieved from /usr/local/lib/python3.10/site-packages/airflow/example_dags/plugins/listener_plugin.py
[2025-01-13T16:56:30.888-0500] {processor.py:208} INFO - Processing /usr/local/lib/python3.10/site-packages/airflow/example_dags/plugins/listener_plugin.py took 0.164 seconds
[2025-01-13T16:59:06.117-0500] {processor.py:186} INFO - Started process (PID=61003) to work on /usr/local/lib/python3.10/site-packages/airflow/example_dags/plugins/listener_plugin.py
[2025-01-13T16:59:06.119-0500] {processor.py:914} INFO - Processing file /usr/local/lib/python3.10/site-packages/airflow/example_dags/plugins/listener_plugin.py for tasks to queue
[2025-01-13T16:59:06.121-0500] {logging_mixin.py:190} INFO - [2025-01-13T16:59:06.120-0500] {dagbag.py:588} INFO - Filling up the DagBag from /usr/local/lib/python3.10/site-packages/airflow/example_dags/plugins/listener_plugin.py
[2025-01-13T16:59:06.125-0500] {processor.py:927} WARNING - No viable dags retrieved from /usr/local/lib/python3.10/site-packages/airflow/example_dags/plugins/listener_plugin.py
[2025-01-13T16:59:06.303-0500] {processor.py:208} INFO - Processing /usr/local/lib/python3.10/site-packages/airflow/example_dags/plugins/listener_plugin.py took 0.194 seconds
[2025-01-13T17:01:15.852-0500] {processor.py:186} INFO - Started process (PID=62506) to work on /usr/local/lib/python3.10/site-packages/airflow/example_dags/plugins/listener_plugin.py
[2025-01-13T17:01:15.854-0500] {processor.py:914} INFO - Processing file /usr/local/lib/python3.10/site-packages/airflow/example_dags/plugins/listener_plugin.py for tasks to queue
[2025-01-13T17:01:15.855-0500] {logging_mixin.py:190} INFO - [2025-01-13T17:01:15.855-0500] {dagbag.py:588} INFO - Filling up the DagBag from /usr/local/lib/python3.10/site-packages/airflow/example_dags/plugins/listener_plugin.py
[2025-01-13T17:01:15.857-0500] {processor.py:927} WARNING - No viable dags retrieved from /usr/local/lib/python3.10/site-packages/airflow/example_dags/plugins/listener_plugin.py
[2025-01-13T17:01:16.009-0500] {processor.py:208} INFO - Processing /usr/local/lib/python3.10/site-packages/airflow/example_dags/plugins/listener_plugin.py took 0.161 seconds
[2025-01-13T17:03:24.995-0500] {processor.py:186} INFO - Started process (PID=63914) to work on /usr/local/lib/python3.10/site-packages/airflow/example_dags/plugins/listener_plugin.py
[2025-01-13T17:03:24.997-0500] {processor.py:914} INFO - Processing file /usr/local/lib/python3.10/site-packages/airflow/example_dags/plugins/listener_plugin.py for tasks to queue
[2025-01-13T17:03:24.999-0500] {logging_mixin.py:190} INFO - [2025-01-13T17:03:24.999-0500] {dagbag.py:588} INFO - Filling up the DagBag from /usr/local/lib/python3.10/site-packages/airflow/example_dags/plugins/listener_plugin.py
[2025-01-13T17:03:25.003-0500] {processor.py:927} WARNING - No viable dags retrieved from /usr/local/lib/python3.10/site-packages/airflow/example_dags/plugins/listener_plugin.py
[2025-01-13T17:03:25.161-0500] {processor.py:208} INFO - Processing /usr/local/lib/python3.10/site-packages/airflow/example_dags/plugins/listener_plugin.py took 0.170 seconds
[2025-01-13T17:05:37.929-0500] {processor.py:186} INFO - Started process (PID=65436) to work on /usr/local/lib/python3.10/site-packages/airflow/example_dags/plugins/listener_plugin.py
[2025-01-13T17:05:37.930-0500] {processor.py:914} INFO - Processing file /usr/local/lib/python3.10/site-packages/airflow/example_dags/plugins/listener_plugin.py for tasks to queue
[2025-01-13T17:05:37.931-0500] {logging_mixin.py:190} INFO - [2025-01-13T17:05:37.931-0500] {dagbag.py:588} INFO - Filling up the DagBag from /usr/local/lib/python3.10/site-packages/airflow/example_dags/plugins/listener_plugin.py
[2025-01-13T17:05:37.934-0500] {processor.py:927} WARNING - No viable dags retrieved from /usr/local/lib/python3.10/site-packages/airflow/example_dags/plugins/listener_plugin.py
[2025-01-13T17:05:38.084-0500] {processor.py:208} INFO - Processing /usr/local/lib/python3.10/site-packages/airflow/example_dags/plugins/listener_plugin.py took 0.159 seconds
[2025-01-13T17:07:47.289-0500] {processor.py:186} INFO - Started process (PID=66927) to work on /usr/local/lib/python3.10/site-packages/airflow/example_dags/plugins/listener_plugin.py
[2025-01-13T17:07:47.291-0500] {processor.py:914} INFO - Processing file /usr/local/lib/python3.10/site-packages/airflow/example_dags/plugins/listener_plugin.py for tasks to queue
[2025-01-13T17:07:47.292-0500] {logging_mixin.py:190} INFO - [2025-01-13T17:07:47.291-0500] {dagbag.py:588} INFO - Filling up the DagBag from /usr/local/lib/python3.10/site-packages/airflow/example_dags/plugins/listener_plugin.py
[2025-01-13T17:07:47.295-0500] {processor.py:927} WARNING - No viable dags retrieved from /usr/local/lib/python3.10/site-packages/airflow/example_dags/plugins/listener_plugin.py
[2025-01-13T17:07:47.438-0500] {processor.py:208} INFO - Processing /usr/local/lib/python3.10/site-packages/airflow/example_dags/plugins/listener_plugin.py took 0.153 seconds
[2025-01-13T17:10:05.493-0500] {processor.py:186} INFO - Started process (PID=68486) to work on /usr/local/lib/python3.10/site-packages/airflow/example_dags/plugins/listener_plugin.py
[2025-01-13T17:10:05.495-0500] {processor.py:914} INFO - Processing file /usr/local/lib/python3.10/site-packages/airflow/example_dags/plugins/listener_plugin.py for tasks to queue
[2025-01-13T17:10:05.496-0500] {logging_mixin.py:190} INFO - [2025-01-13T17:10:05.496-0500] {dagbag.py:588} INFO - Filling up the DagBag from /usr/local/lib/python3.10/site-packages/airflow/example_dags/plugins/listener_plugin.py
[2025-01-13T17:10:05.502-0500] {processor.py:927} WARNING - No viable dags retrieved from /usr/local/lib/python3.10/site-packages/airflow/example_dags/plugins/listener_plugin.py
[2025-01-13T17:10:05.647-0500] {processor.py:208} INFO - Processing /usr/local/lib/python3.10/site-packages/airflow/example_dags/plugins/listener_plugin.py took 0.158 seconds
[2025-01-13T17:12:14.762-0500] {processor.py:186} INFO - Started process (PID=69979) to work on /usr/local/lib/python3.10/site-packages/airflow/example_dags/plugins/listener_plugin.py
[2025-01-13T17:12:14.763-0500] {processor.py:914} INFO - Processing file /usr/local/lib/python3.10/site-packages/airflow/example_dags/plugins/listener_plugin.py for tasks to queue
[2025-01-13T17:12:14.764-0500] {logging_mixin.py:190} INFO - [2025-01-13T17:12:14.764-0500] {dagbag.py:588} INFO - Filling up the DagBag from /usr/local/lib/python3.10/site-packages/airflow/example_dags/plugins/listener_plugin.py
[2025-01-13T17:12:14.766-0500] {processor.py:927} WARNING - No viable dags retrieved from /usr/local/lib/python3.10/site-packages/airflow/example_dags/plugins/listener_plugin.py
[2025-01-13T17:12:14.899-0500] {processor.py:208} INFO - Processing /usr/local/lib/python3.10/site-packages/airflow/example_dags/plugins/listener_plugin.py took 0.141 seconds
[2025-01-13T17:16:15.762-0500] {processor.py:186} INFO - Started process (PID=72243) to work on /usr/local/lib/python3.10/site-packages/airflow/example_dags/plugins/listener_plugin.py
[2025-01-13T17:16:15.764-0500] {processor.py:914} INFO - Processing file /usr/local/lib/python3.10/site-packages/airflow/example_dags/plugins/listener_plugin.py for tasks to queue
[2025-01-13T17:16:15.765-0500] {logging_mixin.py:190} INFO - [2025-01-13T17:16:15.765-0500] {dagbag.py:588} INFO - Filling up the DagBag from /usr/local/lib/python3.10/site-packages/airflow/example_dags/plugins/listener_plugin.py
[2025-01-13T17:16:15.768-0500] {processor.py:927} WARNING - No viable dags retrieved from /usr/local/lib/python3.10/site-packages/airflow/example_dags/plugins/listener_plugin.py
[2025-01-13T17:16:15.929-0500] {processor.py:208} INFO - Processing /usr/local/lib/python3.10/site-packages/airflow/example_dags/plugins/listener_plugin.py took 0.172 seconds
[2025-01-13T17:18:44.915-0500] {processor.py:186} INFO - Started process (PID=74070) to work on /usr/local/lib/python3.10/site-packages/airflow/example_dags/plugins/listener_plugin.py
[2025-01-13T17:18:44.917-0500] {processor.py:914} INFO - Processing file /usr/local/lib/python3.10/site-packages/airflow/example_dags/plugins/listener_plugin.py for tasks to queue
[2025-01-13T17:18:44.918-0500] {logging_mixin.py:190} INFO - [2025-01-13T17:18:44.918-0500] {dagbag.py:588} INFO - Filling up the DagBag from /usr/local/lib/python3.10/site-packages/airflow/example_dags/plugins/listener_plugin.py
[2025-01-13T17:18:44.923-0500] {processor.py:927} WARNING - No viable dags retrieved from /usr/local/lib/python3.10/site-packages/airflow/example_dags/plugins/listener_plugin.py
[2025-01-13T17:18:45.088-0500] {processor.py:208} INFO - Processing /usr/local/lib/python3.10/site-packages/airflow/example_dags/plugins/listener_plugin.py took 0.178 seconds
[2025-01-13T17:21:07.592-0500] {processor.py:186} INFO - Started process (PID=75699) to work on /usr/local/lib/python3.10/site-packages/airflow/example_dags/plugins/listener_plugin.py
[2025-01-13T17:21:07.594-0500] {processor.py:914} INFO - Processing file /usr/local/lib/python3.10/site-packages/airflow/example_dags/plugins/listener_plugin.py for tasks to queue
[2025-01-13T17:21:07.595-0500] {logging_mixin.py:190} INFO - [2025-01-13T17:21:07.595-0500] {dagbag.py:588} INFO - Filling up the DagBag from /usr/local/lib/python3.10/site-packages/airflow/example_dags/plugins/listener_plugin.py
[2025-01-13T17:21:07.597-0500] {processor.py:927} WARNING - No viable dags retrieved from /usr/local/lib/python3.10/site-packages/airflow/example_dags/plugins/listener_plugin.py
[2025-01-13T17:21:07.755-0500] {processor.py:208} INFO - Processing /usr/local/lib/python3.10/site-packages/airflow/example_dags/plugins/listener_plugin.py took 0.167 seconds
[2025-01-13T17:23:23.072-0500] {processor.py:186} INFO - Started process (PID=77200) to work on /usr/local/lib/python3.10/site-packages/airflow/example_dags/plugins/listener_plugin.py
[2025-01-13T17:23:23.073-0500] {processor.py:914} INFO - Processing file /usr/local/lib/python3.10/site-packages/airflow/example_dags/plugins/listener_plugin.py for tasks to queue
[2025-01-13T17:23:23.074-0500] {logging_mixin.py:190} INFO - [2025-01-13T17:23:23.074-0500] {dagbag.py:588} INFO - Filling up the DagBag from /usr/local/lib/python3.10/site-packages/airflow/example_dags/plugins/listener_plugin.py
[2025-01-13T17:23:23.078-0500] {processor.py:927} WARNING - No viable dags retrieved from /usr/local/lib/python3.10/site-packages/airflow/example_dags/plugins/listener_plugin.py
[2025-01-13T17:23:23.222-0500] {processor.py:208} INFO - Processing /usr/local/lib/python3.10/site-packages/airflow/example_dags/plugins/listener_plugin.py took 0.154 seconds
[2025-01-13T17:25:30.354-0500] {processor.py:186} INFO - Started process (PID=78580) to work on /usr/local/lib/python3.10/site-packages/airflow/example_dags/plugins/listener_plugin.py
[2025-01-13T17:25:30.355-0500] {processor.py:914} INFO - Processing file /usr/local/lib/python3.10/site-packages/airflow/example_dags/plugins/listener_plugin.py for tasks to queue
[2025-01-13T17:25:30.356-0500] {logging_mixin.py:190} INFO - [2025-01-13T17:25:30.356-0500] {dagbag.py:588} INFO - Filling up the DagBag from /usr/local/lib/python3.10/site-packages/airflow/example_dags/plugins/listener_plugin.py
[2025-01-13T17:25:30.359-0500] {processor.py:927} WARNING - No viable dags retrieved from /usr/local/lib/python3.10/site-packages/airflow/example_dags/plugins/listener_plugin.py
[2025-01-13T17:25:30.505-0500] {processor.py:208} INFO - Processing /usr/local/lib/python3.10/site-packages/airflow/example_dags/plugins/listener_plugin.py took 0.155 seconds
[2025-01-13T17:27:36.391-0500] {processor.py:186} INFO - Started process (PID=80071) to work on /usr/local/lib/python3.10/site-packages/airflow/example_dags/plugins/listener_plugin.py
[2025-01-13T17:27:36.392-0500] {processor.py:914} INFO - Processing file /usr/local/lib/python3.10/site-packages/airflow/example_dags/plugins/listener_plugin.py for tasks to queue
[2025-01-13T17:27:36.393-0500] {logging_mixin.py:190} INFO - [2025-01-13T17:27:36.393-0500] {dagbag.py:588} INFO - Filling up the DagBag from /usr/local/lib/python3.10/site-packages/airflow/example_dags/plugins/listener_plugin.py
[2025-01-13T17:27:36.397-0500] {processor.py:927} WARNING - No viable dags retrieved from /usr/local/lib/python3.10/site-packages/airflow/example_dags/plugins/listener_plugin.py
[2025-01-13T17:27:36.536-0500] {processor.py:208} INFO - Processing /usr/local/lib/python3.10/site-packages/airflow/example_dags/plugins/listener_plugin.py took 0.149 seconds
[2025-01-13T17:29:48.001-0500] {processor.py:186} INFO - Started process (PID=81555) to work on /usr/local/lib/python3.10/site-packages/airflow/example_dags/plugins/listener_plugin.py
[2025-01-13T17:29:48.003-0500] {processor.py:914} INFO - Processing file /usr/local/lib/python3.10/site-packages/airflow/example_dags/plugins/listener_plugin.py for tasks to queue
[2025-01-13T17:29:48.004-0500] {logging_mixin.py:190} INFO - [2025-01-13T17:29:48.004-0500] {dagbag.py:588} INFO - Filling up the DagBag from /usr/local/lib/python3.10/site-packages/airflow/example_dags/plugins/listener_plugin.py
[2025-01-13T17:29:48.008-0500] {processor.py:927} WARNING - No viable dags retrieved from /usr/local/lib/python3.10/site-packages/airflow/example_dags/plugins/listener_plugin.py
[2025-01-13T17:29:48.178-0500] {processor.py:208} INFO - Processing /usr/local/lib/python3.10/site-packages/airflow/example_dags/plugins/listener_plugin.py took 0.181 seconds
[2025-01-13T17:32:07.059-0500] {processor.py:186} INFO - Started process (PID=83074) to work on /usr/local/lib/python3.10/site-packages/airflow/example_dags/plugins/listener_plugin.py
[2025-01-13T17:32:07.060-0500] {processor.py:914} INFO - Processing file /usr/local/lib/python3.10/site-packages/airflow/example_dags/plugins/listener_plugin.py for tasks to queue
[2025-01-13T17:32:07.062-0500] {logging_mixin.py:190} INFO - [2025-01-13T17:32:07.062-0500] {dagbag.py:588} INFO - Filling up the DagBag from /usr/local/lib/python3.10/site-packages/airflow/example_dags/plugins/listener_plugin.py
[2025-01-13T17:32:07.066-0500] {processor.py:927} WARNING - No viable dags retrieved from /usr/local/lib/python3.10/site-packages/airflow/example_dags/plugins/listener_plugin.py
[2025-01-13T17:32:07.211-0500] {processor.py:208} INFO - Processing /usr/local/lib/python3.10/site-packages/airflow/example_dags/plugins/listener_plugin.py took 0.156 seconds
[2025-01-13T17:34:17.858-0500] {processor.py:186} INFO - Started process (PID=84588) to work on /usr/local/lib/python3.10/site-packages/airflow/example_dags/plugins/listener_plugin.py
[2025-01-13T17:34:17.860-0500] {processor.py:914} INFO - Processing file /usr/local/lib/python3.10/site-packages/airflow/example_dags/plugins/listener_plugin.py for tasks to queue
[2025-01-13T17:34:17.861-0500] {logging_mixin.py:190} INFO - [2025-01-13T17:34:17.861-0500] {dagbag.py:588} INFO - Filling up the DagBag from /usr/local/lib/python3.10/site-packages/airflow/example_dags/plugins/listener_plugin.py
[2025-01-13T17:34:17.864-0500] {processor.py:927} WARNING - No viable dags retrieved from /usr/local/lib/python3.10/site-packages/airflow/example_dags/plugins/listener_plugin.py
[2025-01-13T17:34:18.014-0500] {processor.py:208} INFO - Processing /usr/local/lib/python3.10/site-packages/airflow/example_dags/plugins/listener_plugin.py took 0.160 seconds
[2025-01-13T17:36:38.842-0500] {processor.py:186} INFO - Started process (PID=86261) to work on /usr/local/lib/python3.10/site-packages/airflow/example_dags/plugins/listener_plugin.py
[2025-01-13T17:36:38.843-0500] {processor.py:914} INFO - Processing file /usr/local/lib/python3.10/site-packages/airflow/example_dags/plugins/listener_plugin.py for tasks to queue
[2025-01-13T17:36:38.844-0500] {logging_mixin.py:190} INFO - [2025-01-13T17:36:38.844-0500] {dagbag.py:588} INFO - Filling up the DagBag from /usr/local/lib/python3.10/site-packages/airflow/example_dags/plugins/listener_plugin.py
[2025-01-13T17:36:38.848-0500] {processor.py:927} WARNING - No viable dags retrieved from /usr/local/lib/python3.10/site-packages/airflow/example_dags/plugins/listener_plugin.py
[2025-01-13T17:36:39.002-0500] {processor.py:208} INFO - Processing /usr/local/lib/python3.10/site-packages/airflow/example_dags/plugins/listener_plugin.py took 0.164 seconds
[2025-01-13T17:38:58.936-0500] {processor.py:186} INFO - Started process (PID=87780) to work on /usr/local/lib/python3.10/site-packages/airflow/example_dags/plugins/listener_plugin.py
[2025-01-13T17:38:58.938-0500] {processor.py:914} INFO - Processing file /usr/local/lib/python3.10/site-packages/airflow/example_dags/plugins/listener_plugin.py for tasks to queue
[2025-01-13T17:38:58.939-0500] {logging_mixin.py:190} INFO - [2025-01-13T17:38:58.939-0500] {dagbag.py:588} INFO - Filling up the DagBag from /usr/local/lib/python3.10/site-packages/airflow/example_dags/plugins/listener_plugin.py
[2025-01-13T17:38:58.941-0500] {processor.py:927} WARNING - No viable dags retrieved from /usr/local/lib/python3.10/site-packages/airflow/example_dags/plugins/listener_plugin.py
[2025-01-13T17:38:59.089-0500] {processor.py:208} INFO - Processing /usr/local/lib/python3.10/site-packages/airflow/example_dags/plugins/listener_plugin.py took 0.157 seconds
[2025-01-13T17:41:12.376-0500] {processor.py:186} INFO - Started process (PID=89277) to work on /usr/local/lib/python3.10/site-packages/airflow/example_dags/plugins/listener_plugin.py
[2025-01-13T17:41:12.378-0500] {processor.py:914} INFO - Processing file /usr/local/lib/python3.10/site-packages/airflow/example_dags/plugins/listener_plugin.py for tasks to queue
[2025-01-13T17:41:12.379-0500] {logging_mixin.py:190} INFO - [2025-01-13T17:41:12.379-0500] {dagbag.py:588} INFO - Filling up the DagBag from /usr/local/lib/python3.10/site-packages/airflow/example_dags/plugins/listener_plugin.py
[2025-01-13T17:41:12.382-0500] {processor.py:927} WARNING - No viable dags retrieved from /usr/local/lib/python3.10/site-packages/airflow/example_dags/plugins/listener_plugin.py
[2025-01-13T17:41:12.533-0500] {processor.py:208} INFO - Processing /usr/local/lib/python3.10/site-packages/airflow/example_dags/plugins/listener_plugin.py took 0.161 seconds
[2025-01-13T17:43:39.219-0500] {processor.py:186} INFO - Started process (PID=91028) to work on /usr/local/lib/python3.10/site-packages/airflow/example_dags/plugins/listener_plugin.py
[2025-01-13T17:43:39.221-0500] {processor.py:914} INFO - Processing file /usr/local/lib/python3.10/site-packages/airflow/example_dags/plugins/listener_plugin.py for tasks to queue
[2025-01-13T17:43:39.222-0500] {logging_mixin.py:190} INFO - [2025-01-13T17:43:39.222-0500] {dagbag.py:588} INFO - Filling up the DagBag from /usr/local/lib/python3.10/site-packages/airflow/example_dags/plugins/listener_plugin.py
[2025-01-13T17:43:39.224-0500] {processor.py:927} WARNING - No viable dags retrieved from /usr/local/lib/python3.10/site-packages/airflow/example_dags/plugins/listener_plugin.py
[2025-01-13T17:43:39.378-0500] {processor.py:208} INFO - Processing /usr/local/lib/python3.10/site-packages/airflow/example_dags/plugins/listener_plugin.py took 0.163 seconds
[2025-01-13T17:45:47.181-0500] {processor.py:186} INFO - Started process (PID=92411) to work on /usr/local/lib/python3.10/site-packages/airflow/example_dags/plugins/listener_plugin.py
[2025-01-13T17:45:47.182-0500] {processor.py:914} INFO - Processing file /usr/local/lib/python3.10/site-packages/airflow/example_dags/plugins/listener_plugin.py for tasks to queue
[2025-01-13T17:45:47.183-0500] {logging_mixin.py:190} INFO - [2025-01-13T17:45:47.183-0500] {dagbag.py:588} INFO - Filling up the DagBag from /usr/local/lib/python3.10/site-packages/airflow/example_dags/plugins/listener_plugin.py
[2025-01-13T17:45:47.185-0500] {processor.py:927} WARNING - No viable dags retrieved from /usr/local/lib/python3.10/site-packages/airflow/example_dags/plugins/listener_plugin.py
[2025-01-13T17:45:47.334-0500] {processor.py:208} INFO - Processing /usr/local/lib/python3.10/site-packages/airflow/example_dags/plugins/listener_plugin.py took 0.157 seconds
[2025-01-13T17:47:51.798-0500] {processor.py:186} INFO - Started process (PID=93791) to work on /usr/local/lib/python3.10/site-packages/airflow/example_dags/plugins/listener_plugin.py
[2025-01-13T17:47:51.800-0500] {processor.py:914} INFO - Processing file /usr/local/lib/python3.10/site-packages/airflow/example_dags/plugins/listener_plugin.py for tasks to queue
[2025-01-13T17:47:51.801-0500] {logging_mixin.py:190} INFO - [2025-01-13T17:47:51.800-0500] {dagbag.py:588} INFO - Filling up the DagBag from /usr/local/lib/python3.10/site-packages/airflow/example_dags/plugins/listener_plugin.py
[2025-01-13T17:47:51.803-0500] {processor.py:927} WARNING - No viable dags retrieved from /usr/local/lib/python3.10/site-packages/airflow/example_dags/plugins/listener_plugin.py
[2025-01-13T17:47:51.947-0500] {processor.py:208} INFO - Processing /usr/local/lib/python3.10/site-packages/airflow/example_dags/plugins/listener_plugin.py took 0.153 seconds
[2025-01-13T17:50:04.084-0500] {processor.py:186} INFO - Started process (PID=95281) to work on /usr/local/lib/python3.10/site-packages/airflow/example_dags/plugins/listener_plugin.py
[2025-01-13T17:50:04.086-0500] {processor.py:914} INFO - Processing file /usr/local/lib/python3.10/site-packages/airflow/example_dags/plugins/listener_plugin.py for tasks to queue
[2025-01-13T17:50:04.087-0500] {logging_mixin.py:190} INFO - [2025-01-13T17:50:04.087-0500] {dagbag.py:588} INFO - Filling up the DagBag from /usr/local/lib/python3.10/site-packages/airflow/example_dags/plugins/listener_plugin.py
[2025-01-13T17:50:04.090-0500] {processor.py:927} WARNING - No viable dags retrieved from /usr/local/lib/python3.10/site-packages/airflow/example_dags/plugins/listener_plugin.py
[2025-01-13T17:50:04.254-0500] {processor.py:208} INFO - Processing /usr/local/lib/python3.10/site-packages/airflow/example_dags/plugins/listener_plugin.py took 0.174 seconds
[2025-01-13T17:52:16.115-0500] {processor.py:186} INFO - Started process (PID=96772) to work on /usr/local/lib/python3.10/site-packages/airflow/example_dags/plugins/listener_plugin.py
[2025-01-13T17:52:16.117-0500] {processor.py:914} INFO - Processing file /usr/local/lib/python3.10/site-packages/airflow/example_dags/plugins/listener_plugin.py for tasks to queue
[2025-01-13T17:52:16.118-0500] {logging_mixin.py:190} INFO - [2025-01-13T17:52:16.118-0500] {dagbag.py:588} INFO - Filling up the DagBag from /usr/local/lib/python3.10/site-packages/airflow/example_dags/plugins/listener_plugin.py
[2025-01-13T17:52:16.122-0500] {processor.py:927} WARNING - No viable dags retrieved from /usr/local/lib/python3.10/site-packages/airflow/example_dags/plugins/listener_plugin.py
[2025-01-13T17:52:16.274-0500] {processor.py:208} INFO - Processing /usr/local/lib/python3.10/site-packages/airflow/example_dags/plugins/listener_plugin.py took 0.162 seconds
[2025-01-13T17:54:27.900-0500] {processor.py:186} INFO - Started process (PID=98257) to work on /usr/local/lib/python3.10/site-packages/airflow/example_dags/plugins/listener_plugin.py
[2025-01-13T17:54:27.902-0500] {processor.py:914} INFO - Processing file /usr/local/lib/python3.10/site-packages/airflow/example_dags/plugins/listener_plugin.py for tasks to queue
[2025-01-13T17:54:27.903-0500] {logging_mixin.py:190} INFO - [2025-01-13T17:54:27.902-0500] {dagbag.py:588} INFO - Filling up the DagBag from /usr/local/lib/python3.10/site-packages/airflow/example_dags/plugins/listener_plugin.py
[2025-01-13T17:54:27.905-0500] {processor.py:927} WARNING - No viable dags retrieved from /usr/local/lib/python3.10/site-packages/airflow/example_dags/plugins/listener_plugin.py
[2025-01-13T17:54:28.061-0500] {processor.py:208} INFO - Processing /usr/local/lib/python3.10/site-packages/airflow/example_dags/plugins/listener_plugin.py took 0.165 seconds
[2025-01-13T17:56:38.760-0500] {processor.py:186} INFO - Started process (PID=99777) to work on /usr/local/lib/python3.10/site-packages/airflow/example_dags/plugins/listener_plugin.py
[2025-01-13T17:56:38.762-0500] {processor.py:914} INFO - Processing file /usr/local/lib/python3.10/site-packages/airflow/example_dags/plugins/listener_plugin.py for tasks to queue
[2025-01-13T17:56:38.763-0500] {logging_mixin.py:190} INFO - [2025-01-13T17:56:38.763-0500] {dagbag.py:588} INFO - Filling up the DagBag from /usr/local/lib/python3.10/site-packages/airflow/example_dags/plugins/listener_plugin.py
[2025-01-13T17:56:38.766-0500] {processor.py:927} WARNING - No viable dags retrieved from /usr/local/lib/python3.10/site-packages/airflow/example_dags/plugins/listener_plugin.py
[2025-01-13T17:56:38.916-0500] {processor.py:208} INFO - Processing /usr/local/lib/python3.10/site-packages/airflow/example_dags/plugins/listener_plugin.py took 0.161 seconds
[2025-01-13T17:59:01.324-0500] {processor.py:186} INFO - Started process (PID=2100) to work on /usr/local/lib/python3.10/site-packages/airflow/example_dags/plugins/listener_plugin.py
[2025-01-13T17:59:01.326-0500] {processor.py:914} INFO - Processing file /usr/local/lib/python3.10/site-packages/airflow/example_dags/plugins/listener_plugin.py for tasks to queue
[2025-01-13T17:59:01.327-0500] {logging_mixin.py:190} INFO - [2025-01-13T17:59:01.327-0500] {dagbag.py:588} INFO - Filling up the DagBag from /usr/local/lib/python3.10/site-packages/airflow/example_dags/plugins/listener_plugin.py
[2025-01-13T17:59:01.329-0500] {processor.py:927} WARNING - No viable dags retrieved from /usr/local/lib/python3.10/site-packages/airflow/example_dags/plugins/listener_plugin.py
[2025-01-13T17:59:01.497-0500] {processor.py:208} INFO - Processing /usr/local/lib/python3.10/site-packages/airflow/example_dags/plugins/listener_plugin.py took 0.178 seconds
[2025-01-13T18:01:28.855-0500] {processor.py:186} INFO - Started process (PID=3750) to work on /usr/local/lib/python3.10/site-packages/airflow/example_dags/plugins/listener_plugin.py
[2025-01-13T18:01:28.857-0500] {processor.py:914} INFO - Processing file /usr/local/lib/python3.10/site-packages/airflow/example_dags/plugins/listener_plugin.py for tasks to queue
[2025-01-13T18:01:28.859-0500] {logging_mixin.py:190} INFO - [2025-01-13T18:01:28.858-0500] {dagbag.py:588} INFO - Filling up the DagBag from /usr/local/lib/python3.10/site-packages/airflow/example_dags/plugins/listener_plugin.py
[2025-01-13T18:01:28.864-0500] {processor.py:927} WARNING - No viable dags retrieved from /usr/local/lib/python3.10/site-packages/airflow/example_dags/plugins/listener_plugin.py
[2025-01-13T18:01:29.023-0500] {processor.py:208} INFO - Processing /usr/local/lib/python3.10/site-packages/airflow/example_dags/plugins/listener_plugin.py took 0.172 seconds
[2025-01-13T18:03:42.881-0500] {processor.py:186} INFO - Started process (PID=5291) to work on /usr/local/lib/python3.10/site-packages/airflow/example_dags/plugins/listener_plugin.py
[2025-01-13T18:03:42.883-0500] {processor.py:914} INFO - Processing file /usr/local/lib/python3.10/site-packages/airflow/example_dags/plugins/listener_plugin.py for tasks to queue
[2025-01-13T18:03:42.884-0500] {logging_mixin.py:190} INFO - [2025-01-13T18:03:42.884-0500] {dagbag.py:588} INFO - Filling up the DagBag from /usr/local/lib/python3.10/site-packages/airflow/example_dags/plugins/listener_plugin.py
[2025-01-13T18:03:42.887-0500] {processor.py:927} WARNING - No viable dags retrieved from /usr/local/lib/python3.10/site-packages/airflow/example_dags/plugins/listener_plugin.py
[2025-01-13T18:03:43.041-0500] {processor.py:208} INFO - Processing /usr/local/lib/python3.10/site-packages/airflow/example_dags/plugins/listener_plugin.py took 0.164 seconds
[2025-01-13T18:05:53.622-0500] {processor.py:186} INFO - Started process (PID=6819) to work on /usr/local/lib/python3.10/site-packages/airflow/example_dags/plugins/listener_plugin.py
[2025-01-13T18:05:53.623-0500] {processor.py:914} INFO - Processing file /usr/local/lib/python3.10/site-packages/airflow/example_dags/plugins/listener_plugin.py for tasks to queue
[2025-01-13T18:05:53.625-0500] {logging_mixin.py:190} INFO - [2025-01-13T18:05:53.624-0500] {dagbag.py:588} INFO - Filling up the DagBag from /usr/local/lib/python3.10/site-packages/airflow/example_dags/plugins/listener_plugin.py
[2025-01-13T18:05:53.628-0500] {processor.py:927} WARNING - No viable dags retrieved from /usr/local/lib/python3.10/site-packages/airflow/example_dags/plugins/listener_plugin.py
[2025-01-13T18:05:53.777-0500] {processor.py:208} INFO - Processing /usr/local/lib/python3.10/site-packages/airflow/example_dags/plugins/listener_plugin.py took 0.160 seconds
[2025-01-13T18:08:14.072-0500] {processor.py:186} INFO - Started process (PID=8468) to work on /usr/local/lib/python3.10/site-packages/airflow/example_dags/plugins/listener_plugin.py
[2025-01-13T18:08:14.074-0500] {processor.py:914} INFO - Processing file /usr/local/lib/python3.10/site-packages/airflow/example_dags/plugins/listener_plugin.py for tasks to queue
[2025-01-13T18:08:14.075-0500] {logging_mixin.py:190} INFO - [2025-01-13T18:08:14.075-0500] {dagbag.py:588} INFO - Filling up the DagBag from /usr/local/lib/python3.10/site-packages/airflow/example_dags/plugins/listener_plugin.py
[2025-01-13T18:08:14.078-0500] {processor.py:927} WARNING - No viable dags retrieved from /usr/local/lib/python3.10/site-packages/airflow/example_dags/plugins/listener_plugin.py
[2025-01-13T18:08:14.227-0500] {processor.py:208} INFO - Processing /usr/local/lib/python3.10/site-packages/airflow/example_dags/plugins/listener_plugin.py took 0.158 seconds
[2025-01-13T18:10:27.040-0500] {processor.py:186} INFO - Started process (PID=10016) to work on /usr/local/lib/python3.10/site-packages/airflow/example_dags/plugins/listener_plugin.py
[2025-01-13T18:10:27.042-0500] {processor.py:914} INFO - Processing file /usr/local/lib/python3.10/site-packages/airflow/example_dags/plugins/listener_plugin.py for tasks to queue
[2025-01-13T18:10:27.043-0500] {logging_mixin.py:190} INFO - [2025-01-13T18:10:27.043-0500] {dagbag.py:588} INFO - Filling up the DagBag from /usr/local/lib/python3.10/site-packages/airflow/example_dags/plugins/listener_plugin.py
[2025-01-13T18:10:27.046-0500] {processor.py:927} WARNING - No viable dags retrieved from /usr/local/lib/python3.10/site-packages/airflow/example_dags/plugins/listener_plugin.py
[2025-01-13T18:10:27.187-0500] {processor.py:208} INFO - Processing /usr/local/lib/python3.10/site-packages/airflow/example_dags/plugins/listener_plugin.py took 0.151 seconds
[2025-01-13T18:12:56.787-0500] {processor.py:186} INFO - Started process (PID=11700) to work on /usr/local/lib/python3.10/site-packages/airflow/example_dags/plugins/listener_plugin.py
[2025-01-13T18:12:56.789-0500] {processor.py:914} INFO - Processing file /usr/local/lib/python3.10/site-packages/airflow/example_dags/plugins/listener_plugin.py for tasks to queue
[2025-01-13T18:12:56.790-0500] {logging_mixin.py:190} INFO - [2025-01-13T18:12:56.790-0500] {dagbag.py:588} INFO - Filling up the DagBag from /usr/local/lib/python3.10/site-packages/airflow/example_dags/plugins/listener_plugin.py
[2025-01-13T18:12:56.793-0500] {processor.py:927} WARNING - No viable dags retrieved from /usr/local/lib/python3.10/site-packages/airflow/example_dags/plugins/listener_plugin.py
[2025-01-13T18:12:56.981-0500] {processor.py:208} INFO - Processing /usr/local/lib/python3.10/site-packages/airflow/example_dags/plugins/listener_plugin.py took 0.199 seconds
[2025-01-13T18:15:19.574-0500] {processor.py:186} INFO - Started process (PID=13347) to work on /usr/local/lib/python3.10/site-packages/airflow/example_dags/plugins/listener_plugin.py
[2025-01-13T18:15:19.576-0500] {processor.py:914} INFO - Processing file /usr/local/lib/python3.10/site-packages/airflow/example_dags/plugins/listener_plugin.py for tasks to queue
[2025-01-13T18:15:19.577-0500] {logging_mixin.py:190} INFO - [2025-01-13T18:15:19.577-0500] {dagbag.py:588} INFO - Filling up the DagBag from /usr/local/lib/python3.10/site-packages/airflow/example_dags/plugins/listener_plugin.py
[2025-01-13T18:15:19.580-0500] {processor.py:927} WARNING - No viable dags retrieved from /usr/local/lib/python3.10/site-packages/airflow/example_dags/plugins/listener_plugin.py
[2025-01-13T18:15:19.759-0500] {processor.py:208} INFO - Processing /usr/local/lib/python3.10/site-packages/airflow/example_dags/plugins/listener_plugin.py took 0.188 seconds
[2025-01-13T18:17:43.677-0500] {processor.py:186} INFO - Started process (PID=15046) to work on /usr/local/lib/python3.10/site-packages/airflow/example_dags/plugins/listener_plugin.py
[2025-01-13T18:17:43.679-0500] {processor.py:914} INFO - Processing file /usr/local/lib/python3.10/site-packages/airflow/example_dags/plugins/listener_plugin.py for tasks to queue
[2025-01-13T18:17:43.680-0500] {logging_mixin.py:190} INFO - [2025-01-13T18:17:43.680-0500] {dagbag.py:588} INFO - Filling up the DagBag from /usr/local/lib/python3.10/site-packages/airflow/example_dags/plugins/listener_plugin.py
[2025-01-13T18:17:43.686-0500] {processor.py:927} WARNING - No viable dags retrieved from /usr/local/lib/python3.10/site-packages/airflow/example_dags/plugins/listener_plugin.py
[2025-01-13T18:17:43.842-0500] {processor.py:208} INFO - Processing /usr/local/lib/python3.10/site-packages/airflow/example_dags/plugins/listener_plugin.py took 0.169 seconds
[2025-01-13T18:20:16.470-0500] {processor.py:186} INFO - Started process (PID=16860) to work on /usr/local/lib/python3.10/site-packages/airflow/example_dags/plugins/listener_plugin.py
[2025-01-13T18:20:16.472-0500] {processor.py:914} INFO - Processing file /usr/local/lib/python3.10/site-packages/airflow/example_dags/plugins/listener_plugin.py for tasks to queue
[2025-01-13T18:20:16.473-0500] {logging_mixin.py:190} INFO - [2025-01-13T18:20:16.473-0500] {dagbag.py:588} INFO - Filling up the DagBag from /usr/local/lib/python3.10/site-packages/airflow/example_dags/plugins/listener_plugin.py
[2025-01-13T18:20:16.475-0500] {processor.py:927} WARNING - No viable dags retrieved from /usr/local/lib/python3.10/site-packages/airflow/example_dags/plugins/listener_plugin.py
[2025-01-13T18:20:16.627-0500] {processor.py:208} INFO - Processing /usr/local/lib/python3.10/site-packages/airflow/example_dags/plugins/listener_plugin.py took 0.160 seconds
[2025-01-13T18:22:28.806-0500] {processor.py:186} INFO - Started process (PID=18396) to work on /usr/local/lib/python3.10/site-packages/airflow/example_dags/plugins/listener_plugin.py
[2025-01-13T18:22:28.809-0500] {processor.py:914} INFO - Processing file /usr/local/lib/python3.10/site-packages/airflow/example_dags/plugins/listener_plugin.py for tasks to queue
[2025-01-13T18:22:28.810-0500] {logging_mixin.py:190} INFO - [2025-01-13T18:22:28.810-0500] {dagbag.py:588} INFO - Filling up the DagBag from /usr/local/lib/python3.10/site-packages/airflow/example_dags/plugins/listener_plugin.py
[2025-01-13T18:22:28.814-0500] {processor.py:927} WARNING - No viable dags retrieved from /usr/local/lib/python3.10/site-packages/airflow/example_dags/plugins/listener_plugin.py
[2025-01-13T18:22:29.004-0500] {processor.py:208} INFO - Processing /usr/local/lib/python3.10/site-packages/airflow/example_dags/plugins/listener_plugin.py took 0.203 seconds
[2025-01-13T18:24:52.525-0500] {processor.py:186} INFO - Started process (PID=20033) to work on /usr/local/lib/python3.10/site-packages/airflow/example_dags/plugins/listener_plugin.py
[2025-01-13T18:24:52.527-0500] {processor.py:914} INFO - Processing file /usr/local/lib/python3.10/site-packages/airflow/example_dags/plugins/listener_plugin.py for tasks to queue
[2025-01-13T18:24:52.528-0500] {logging_mixin.py:190} INFO - [2025-01-13T18:24:52.528-0500] {dagbag.py:588} INFO - Filling up the DagBag from /usr/local/lib/python3.10/site-packages/airflow/example_dags/plugins/listener_plugin.py
[2025-01-13T18:24:52.532-0500] {processor.py:927} WARNING - No viable dags retrieved from /usr/local/lib/python3.10/site-packages/airflow/example_dags/plugins/listener_plugin.py
[2025-01-13T18:24:52.693-0500] {processor.py:208} INFO - Processing /usr/local/lib/python3.10/site-packages/airflow/example_dags/plugins/listener_plugin.py took 0.174 seconds
[2025-01-13T18:27:03.039-0500] {processor.py:186} INFO - Started process (PID=21550) to work on /usr/local/lib/python3.10/site-packages/airflow/example_dags/plugins/listener_plugin.py
[2025-01-13T18:27:03.040-0500] {processor.py:914} INFO - Processing file /usr/local/lib/python3.10/site-packages/airflow/example_dags/plugins/listener_plugin.py for tasks to queue
[2025-01-13T18:27:03.041-0500] {logging_mixin.py:190} INFO - [2025-01-13T18:27:03.041-0500] {dagbag.py:588} INFO - Filling up the DagBag from /usr/local/lib/python3.10/site-packages/airflow/example_dags/plugins/listener_plugin.py
[2025-01-13T18:27:03.044-0500] {processor.py:927} WARNING - No viable dags retrieved from /usr/local/lib/python3.10/site-packages/airflow/example_dags/plugins/listener_plugin.py
[2025-01-13T18:27:03.184-0500] {processor.py:208} INFO - Processing /usr/local/lib/python3.10/site-packages/airflow/example_dags/plugins/listener_plugin.py took 0.149 seconds
[2025-01-13T18:29:03.072-0500] {processor.py:186} INFO - Started process (PID=22854) to work on /usr/local/lib/python3.10/site-packages/airflow/example_dags/plugins/listener_plugin.py
[2025-01-13T18:29:03.073-0500] {processor.py:914} INFO - Processing file /usr/local/lib/python3.10/site-packages/airflow/example_dags/plugins/listener_plugin.py for tasks to queue
[2025-01-13T18:29:03.074-0500] {logging_mixin.py:190} INFO - [2025-01-13T18:29:03.074-0500] {dagbag.py:588} INFO - Filling up the DagBag from /usr/local/lib/python3.10/site-packages/airflow/example_dags/plugins/listener_plugin.py
[2025-01-13T18:29:03.076-0500] {processor.py:927} WARNING - No viable dags retrieved from /usr/local/lib/python3.10/site-packages/airflow/example_dags/plugins/listener_plugin.py
[2025-01-13T18:29:03.229-0500] {processor.py:208} INFO - Processing /usr/local/lib/python3.10/site-packages/airflow/example_dags/plugins/listener_plugin.py took 0.161 seconds
[2025-01-13T18:31:38.857-0500] {processor.py:186} INFO - Started process (PID=24748) to work on /usr/local/lib/python3.10/site-packages/airflow/example_dags/plugins/listener_plugin.py
[2025-01-13T18:31:38.858-0500] {processor.py:914} INFO - Processing file /usr/local/lib/python3.10/site-packages/airflow/example_dags/plugins/listener_plugin.py for tasks to queue
[2025-01-13T18:31:38.860-0500] {logging_mixin.py:190} INFO - [2025-01-13T18:31:38.859-0500] {dagbag.py:588} INFO - Filling up the DagBag from /usr/local/lib/python3.10/site-packages/airflow/example_dags/plugins/listener_plugin.py
[2025-01-13T18:31:38.862-0500] {processor.py:927} WARNING - No viable dags retrieved from /usr/local/lib/python3.10/site-packages/airflow/example_dags/plugins/listener_plugin.py
[2025-01-13T18:31:39.018-0500] {processor.py:208} INFO - Processing /usr/local/lib/python3.10/site-packages/airflow/example_dags/plugins/listener_plugin.py took 0.166 seconds
[2025-01-13T18:38:05.098-0500] {processor.py:186} INFO - Started process (PID=29131) to work on /usr/local/lib/python3.10/site-packages/airflow/example_dags/plugins/listener_plugin.py
[2025-01-13T18:38:05.100-0500] {processor.py:914} INFO - Processing file /usr/local/lib/python3.10/site-packages/airflow/example_dags/plugins/listener_plugin.py for tasks to queue
[2025-01-13T18:38:05.101-0500] {logging_mixin.py:190} INFO - [2025-01-13T18:38:05.101-0500] {dagbag.py:588} INFO - Filling up the DagBag from /usr/local/lib/python3.10/site-packages/airflow/example_dags/plugins/listener_plugin.py
[2025-01-13T18:38:05.104-0500] {processor.py:927} WARNING - No viable dags retrieved from /usr/local/lib/python3.10/site-packages/airflow/example_dags/plugins/listener_plugin.py
[2025-01-13T18:38:05.259-0500] {processor.py:208} INFO - Processing /usr/local/lib/python3.10/site-packages/airflow/example_dags/plugins/listener_plugin.py took 0.165 seconds
[2025-01-13T18:40:58.591-0500] {processor.py:186} INFO - Started process (PID=31110) to work on /usr/local/lib/python3.10/site-packages/airflow/example_dags/plugins/listener_plugin.py
[2025-01-13T18:40:58.593-0500] {processor.py:914} INFO - Processing file /usr/local/lib/python3.10/site-packages/airflow/example_dags/plugins/listener_plugin.py for tasks to queue
[2025-01-13T18:40:58.594-0500] {logging_mixin.py:190} INFO - [2025-01-13T18:40:58.594-0500] {dagbag.py:588} INFO - Filling up the DagBag from /usr/local/lib/python3.10/site-packages/airflow/example_dags/plugins/listener_plugin.py
[2025-01-13T18:40:58.596-0500] {processor.py:927} WARNING - No viable dags retrieved from /usr/local/lib/python3.10/site-packages/airflow/example_dags/plugins/listener_plugin.py
[2025-01-13T18:40:58.760-0500] {processor.py:208} INFO - Processing /usr/local/lib/python3.10/site-packages/airflow/example_dags/plugins/listener_plugin.py took 0.173 seconds
[2025-01-13T18:43:20.069-0500] {processor.py:186} INFO - Started process (PID=32755) to work on /usr/local/lib/python3.10/site-packages/airflow/example_dags/plugins/listener_plugin.py
[2025-01-13T18:43:20.070-0500] {processor.py:914} INFO - Processing file /usr/local/lib/python3.10/site-packages/airflow/example_dags/plugins/listener_plugin.py for tasks to queue
[2025-01-13T18:43:20.072-0500] {logging_mixin.py:190} INFO - [2025-01-13T18:43:20.071-0500] {dagbag.py:588} INFO - Filling up the DagBag from /usr/local/lib/python3.10/site-packages/airflow/example_dags/plugins/listener_plugin.py
[2025-01-13T18:43:20.076-0500] {processor.py:927} WARNING - No viable dags retrieved from /usr/local/lib/python3.10/site-packages/airflow/example_dags/plugins/listener_plugin.py
[2025-01-13T18:43:20.236-0500] {processor.py:208} INFO - Processing /usr/local/lib/python3.10/site-packages/airflow/example_dags/plugins/listener_plugin.py took 0.171 seconds
[2025-01-13T18:45:38.690-0500] {processor.py:186} INFO - Started process (PID=34285) to work on /usr/local/lib/python3.10/site-packages/airflow/example_dags/plugins/listener_plugin.py
[2025-01-13T18:45:38.691-0500] {processor.py:914} INFO - Processing file /usr/local/lib/python3.10/site-packages/airflow/example_dags/plugins/listener_plugin.py for tasks to queue
[2025-01-13T18:45:38.692-0500] {logging_mixin.py:190} INFO - [2025-01-13T18:45:38.692-0500] {dagbag.py:588} INFO - Filling up the DagBag from /usr/local/lib/python3.10/site-packages/airflow/example_dags/plugins/listener_plugin.py
[2025-01-13T18:45:38.697-0500] {processor.py:927} WARNING - No viable dags retrieved from /usr/local/lib/python3.10/site-packages/airflow/example_dags/plugins/listener_plugin.py
[2025-01-13T18:45:38.857-0500] {processor.py:208} INFO - Processing /usr/local/lib/python3.10/site-packages/airflow/example_dags/plugins/listener_plugin.py took 0.173 seconds
[2025-01-13T18:48:00.842-0500] {processor.py:186} INFO - Started process (PID=35950) to work on /usr/local/lib/python3.10/site-packages/airflow/example_dags/plugins/listener_plugin.py
[2025-01-13T18:48:00.844-0500] {processor.py:914} INFO - Processing file /usr/local/lib/python3.10/site-packages/airflow/example_dags/plugins/listener_plugin.py for tasks to queue
[2025-01-13T18:48:00.845-0500] {logging_mixin.py:190} INFO - [2025-01-13T18:48:00.845-0500] {dagbag.py:588} INFO - Filling up the DagBag from /usr/local/lib/python3.10/site-packages/airflow/example_dags/plugins/listener_plugin.py
[2025-01-13T18:48:00.847-0500] {processor.py:927} WARNING - No viable dags retrieved from /usr/local/lib/python3.10/site-packages/airflow/example_dags/plugins/listener_plugin.py
[2025-01-13T18:48:00.996-0500] {processor.py:208} INFO - Processing /usr/local/lib/python3.10/site-packages/airflow/example_dags/plugins/listener_plugin.py took 0.159 seconds
[2025-01-13T18:50:39.586-0500] {processor.py:186} INFO - Started process (PID=37797) to work on /usr/local/lib/python3.10/site-packages/airflow/example_dags/plugins/listener_plugin.py
[2025-01-13T18:50:39.588-0500] {processor.py:914} INFO - Processing file /usr/local/lib/python3.10/site-packages/airflow/example_dags/plugins/listener_plugin.py for tasks to queue
[2025-01-13T18:50:39.590-0500] {logging_mixin.py:190} INFO - [2025-01-13T18:50:39.589-0500] {dagbag.py:588} INFO - Filling up the DagBag from /usr/local/lib/python3.10/site-packages/airflow/example_dags/plugins/listener_plugin.py
[2025-01-13T18:50:39.593-0500] {processor.py:927} WARNING - No viable dags retrieved from /usr/local/lib/python3.10/site-packages/airflow/example_dags/plugins/listener_plugin.py
[2025-01-13T18:50:39.787-0500] {processor.py:208} INFO - Processing /usr/local/lib/python3.10/site-packages/airflow/example_dags/plugins/listener_plugin.py took 0.206 seconds
[2025-01-13T18:53:02.320-0500] {processor.py:186} INFO - Started process (PID=39445) to work on /usr/local/lib/python3.10/site-packages/airflow/example_dags/plugins/listener_plugin.py
[2025-01-13T18:53:02.321-0500] {processor.py:914} INFO - Processing file /usr/local/lib/python3.10/site-packages/airflow/example_dags/plugins/listener_plugin.py for tasks to queue
[2025-01-13T18:53:02.323-0500] {logging_mixin.py:190} INFO - [2025-01-13T18:53:02.323-0500] {dagbag.py:588} INFO - Filling up the DagBag from /usr/local/lib/python3.10/site-packages/airflow/example_dags/plugins/listener_plugin.py
[2025-01-13T18:53:02.326-0500] {processor.py:927} WARNING - No viable dags retrieved from /usr/local/lib/python3.10/site-packages/airflow/example_dags/plugins/listener_plugin.py
[2025-01-13T18:53:02.491-0500] {processor.py:208} INFO - Processing /usr/local/lib/python3.10/site-packages/airflow/example_dags/plugins/listener_plugin.py took 0.175 seconds
[2025-01-13T18:55:20.651-0500] {processor.py:186} INFO - Started process (PID=41102) to work on /usr/local/lib/python3.10/site-packages/airflow/example_dags/plugins/listener_plugin.py
[2025-01-13T18:55:20.653-0500] {processor.py:914} INFO - Processing file /usr/local/lib/python3.10/site-packages/airflow/example_dags/plugins/listener_plugin.py for tasks to queue
[2025-01-13T18:55:20.654-0500] {logging_mixin.py:190} INFO - [2025-01-13T18:55:20.654-0500] {dagbag.py:588} INFO - Filling up the DagBag from /usr/local/lib/python3.10/site-packages/airflow/example_dags/plugins/listener_plugin.py
[2025-01-13T18:55:20.659-0500] {processor.py:927} WARNING - No viable dags retrieved from /usr/local/lib/python3.10/site-packages/airflow/example_dags/plugins/listener_plugin.py
[2025-01-13T18:55:20.809-0500] {processor.py:208} INFO - Processing /usr/local/lib/python3.10/site-packages/airflow/example_dags/plugins/listener_plugin.py took 0.162 seconds
[2025-01-13T18:57:39.839-0500] {processor.py:186} INFO - Started process (PID=42698) to work on /usr/local/lib/python3.10/site-packages/airflow/example_dags/plugins/listener_plugin.py
[2025-01-13T18:57:39.841-0500] {processor.py:914} INFO - Processing file /usr/local/lib/python3.10/site-packages/airflow/example_dags/plugins/listener_plugin.py for tasks to queue
[2025-01-13T18:57:39.842-0500] {logging_mixin.py:190} INFO - [2025-01-13T18:57:39.842-0500] {dagbag.py:588} INFO - Filling up the DagBag from /usr/local/lib/python3.10/site-packages/airflow/example_dags/plugins/listener_plugin.py
[2025-01-13T18:57:39.847-0500] {processor.py:927} WARNING - No viable dags retrieved from /usr/local/lib/python3.10/site-packages/airflow/example_dags/plugins/listener_plugin.py
[2025-01-13T18:57:39.992-0500] {processor.py:208} INFO - Processing /usr/local/lib/python3.10/site-packages/airflow/example_dags/plugins/listener_plugin.py took 0.156 seconds
[2025-01-13T18:59:55.766-0500] {processor.py:186} INFO - Started process (PID=44241) to work on /usr/local/lib/python3.10/site-packages/airflow/example_dags/plugins/listener_plugin.py
[2025-01-13T18:59:55.768-0500] {processor.py:914} INFO - Processing file /usr/local/lib/python3.10/site-packages/airflow/example_dags/plugins/listener_plugin.py for tasks to queue
[2025-01-13T18:59:55.769-0500] {logging_mixin.py:190} INFO - [2025-01-13T18:59:55.769-0500] {dagbag.py:588} INFO - Filling up the DagBag from /usr/local/lib/python3.10/site-packages/airflow/example_dags/plugins/listener_plugin.py
[2025-01-13T18:59:55.771-0500] {processor.py:927} WARNING - No viable dags retrieved from /usr/local/lib/python3.10/site-packages/airflow/example_dags/plugins/listener_plugin.py
[2025-01-13T18:59:55.927-0500] {processor.py:208} INFO - Processing /usr/local/lib/python3.10/site-packages/airflow/example_dags/plugins/listener_plugin.py took 0.166 seconds
