[2025-01-13T16:51:11.040-0500] {processor.py:186} INFO - Started process (PID=55579) to work on /usr/local/lib/python3.10/site-packages/airflow/example_dags/plugins/workday.py
[2025-01-13T16:51:11.041-0500] {processor.py:914} INFO - Processing file /usr/local/lib/python3.10/site-packages/airflow/example_dags/plugins/workday.py for tasks to queue
[2025-01-13T16:51:11.042-0500] {logging_mixin.py:190} INFO - [2025-01-13T16:51:11.042-0500] {dagbag.py:588} INFO - Filling up the DagBag from /usr/local/lib/python3.10/site-packages/airflow/example_dags/plugins/workday.py
[2025-01-13T16:51:11.445-0500] {processor.py:927} WARNING - No viable dags retrieved from /usr/local/lib/python3.10/site-packages/airflow/example_dags/plugins/workday.py
[2025-01-13T16:51:11.539-0500] {processor.py:208} INFO - Processing /usr/local/lib/python3.10/site-packages/airflow/example_dags/plugins/workday.py took 0.504 seconds
[2025-01-13T16:54:15.243-0500] {processor.py:186} INFO - Started process (PID=57674) to work on /usr/local/lib/python3.10/site-packages/airflow/example_dags/plugins/workday.py
[2025-01-13T16:54:15.244-0500] {processor.py:914} INFO - Processing file /usr/local/lib/python3.10/site-packages/airflow/example_dags/plugins/workday.py for tasks to queue
[2025-01-13T16:54:15.245-0500] {logging_mixin.py:190} INFO - [2025-01-13T16:54:15.245-0500] {dagbag.py:588} INFO - Filling up the DagBag from /usr/local/lib/python3.10/site-packages/airflow/example_dags/plugins/workday.py
[2025-01-13T16:54:15.725-0500] {processor.py:927} WARNING - No viable dags retrieved from /usr/local/lib/python3.10/site-packages/airflow/example_dags/plugins/workday.py
[2025-01-13T16:54:15.818-0500] {processor.py:208} INFO - Processing /usr/local/lib/python3.10/site-packages/airflow/example_dags/plugins/workday.py took 0.580 seconds
[2025-01-13T16:56:28.343-0500] {processor.py:186} INFO - Started process (PID=59177) to work on /usr/local/lib/python3.10/site-packages/airflow/example_dags/plugins/workday.py
[2025-01-13T16:56:28.345-0500] {processor.py:914} INFO - Processing file /usr/local/lib/python3.10/site-packages/airflow/example_dags/plugins/workday.py for tasks to queue
[2025-01-13T16:56:28.347-0500] {logging_mixin.py:190} INFO - [2025-01-13T16:56:28.346-0500] {dagbag.py:588} INFO - Filling up the DagBag from /usr/local/lib/python3.10/site-packages/airflow/example_dags/plugins/workday.py
[2025-01-13T16:56:28.741-0500] {processor.py:927} WARNING - No viable dags retrieved from /usr/local/lib/python3.10/site-packages/airflow/example_dags/plugins/workday.py
[2025-01-13T16:56:28.822-0500] {processor.py:208} INFO - Processing /usr/local/lib/python3.10/site-packages/airflow/example_dags/plugins/workday.py took 0.484 seconds
[2025-01-13T16:59:02.863-0500] {processor.py:186} INFO - Started process (PID=61001) to work on /usr/local/lib/python3.10/site-packages/airflow/example_dags/plugins/workday.py
[2025-01-13T16:59:02.865-0500] {processor.py:914} INFO - Processing file /usr/local/lib/python3.10/site-packages/airflow/example_dags/plugins/workday.py for tasks to queue
[2025-01-13T16:59:02.866-0500] {logging_mixin.py:190} INFO - [2025-01-13T16:59:02.866-0500] {dagbag.py:588} INFO - Filling up the DagBag from /usr/local/lib/python3.10/site-packages/airflow/example_dags/plugins/workday.py
[2025-01-13T16:59:03.422-0500] {processor.py:927} WARNING - No viable dags retrieved from /usr/local/lib/python3.10/site-packages/airflow/example_dags/plugins/workday.py
[2025-01-13T16:59:03.523-0500] {processor.py:208} INFO - Processing /usr/local/lib/python3.10/site-packages/airflow/example_dags/plugins/workday.py took 0.663 seconds
[2025-01-13T17:01:12.613-0500] {processor.py:186} INFO - Started process (PID=62396) to work on /usr/local/lib/python3.10/site-packages/airflow/example_dags/plugins/workday.py
[2025-01-13T17:01:12.615-0500] {processor.py:914} INFO - Processing file /usr/local/lib/python3.10/site-packages/airflow/example_dags/plugins/workday.py for tasks to queue
[2025-01-13T17:01:12.616-0500] {logging_mixin.py:190} INFO - [2025-01-13T17:01:12.616-0500] {dagbag.py:588} INFO - Filling up the DagBag from /usr/local/lib/python3.10/site-packages/airflow/example_dags/plugins/workday.py
[2025-01-13T17:01:13.156-0500] {processor.py:927} WARNING - No viable dags retrieved from /usr/local/lib/python3.10/site-packages/airflow/example_dags/plugins/workday.py
[2025-01-13T17:01:13.245-0500] {processor.py:208} INFO - Processing /usr/local/lib/python3.10/site-packages/airflow/example_dags/plugins/workday.py took 0.636 seconds
[2025-01-13T17:03:21.567-0500] {processor.py:186} INFO - Started process (PID=63911) to work on /usr/local/lib/python3.10/site-packages/airflow/example_dags/plugins/workday.py
[2025-01-13T17:03:21.570-0500] {processor.py:914} INFO - Processing file /usr/local/lib/python3.10/site-packages/airflow/example_dags/plugins/workday.py for tasks to queue
[2025-01-13T17:03:21.571-0500] {logging_mixin.py:190} INFO - [2025-01-13T17:03:21.571-0500] {dagbag.py:588} INFO - Filling up the DagBag from /usr/local/lib/python3.10/site-packages/airflow/example_dags/plugins/workday.py
[2025-01-13T17:03:22.083-0500] {processor.py:927} WARNING - No viable dags retrieved from /usr/local/lib/python3.10/site-packages/airflow/example_dags/plugins/workday.py
[2025-01-13T17:03:22.188-0500] {processor.py:208} INFO - Processing /usr/local/lib/python3.10/site-packages/airflow/example_dags/plugins/workday.py took 0.624 seconds
[2025-01-13T17:05:34.548-0500] {processor.py:186} INFO - Started process (PID=65434) to work on /usr/local/lib/python3.10/site-packages/airflow/example_dags/plugins/workday.py
[2025-01-13T17:05:34.549-0500] {processor.py:914} INFO - Processing file /usr/local/lib/python3.10/site-packages/airflow/example_dags/plugins/workday.py for tasks to queue
[2025-01-13T17:05:34.550-0500] {logging_mixin.py:190} INFO - [2025-01-13T17:05:34.550-0500] {dagbag.py:588} INFO - Filling up the DagBag from /usr/local/lib/python3.10/site-packages/airflow/example_dags/plugins/workday.py
[2025-01-13T17:05:35.028-0500] {processor.py:927} WARNING - No viable dags retrieved from /usr/local/lib/python3.10/site-packages/airflow/example_dags/plugins/workday.py
[2025-01-13T17:05:35.110-0500] {processor.py:208} INFO - Processing /usr/local/lib/python3.10/site-packages/airflow/example_dags/plugins/workday.py took 0.566 seconds
[2025-01-13T17:07:44.129-0500] {processor.py:186} INFO - Started process (PID=66924) to work on /usr/local/lib/python3.10/site-packages/airflow/example_dags/plugins/workday.py
[2025-01-13T17:07:44.131-0500] {processor.py:914} INFO - Processing file /usr/local/lib/python3.10/site-packages/airflow/example_dags/plugins/workday.py for tasks to queue
[2025-01-13T17:07:44.132-0500] {logging_mixin.py:190} INFO - [2025-01-13T17:07:44.132-0500] {dagbag.py:588} INFO - Filling up the DagBag from /usr/local/lib/python3.10/site-packages/airflow/example_dags/plugins/workday.py
[2025-01-13T17:07:44.646-0500] {processor.py:927} WARNING - No viable dags retrieved from /usr/local/lib/python3.10/site-packages/airflow/example_dags/plugins/workday.py
[2025-01-13T17:07:44.731-0500] {processor.py:208} INFO - Processing /usr/local/lib/python3.10/site-packages/airflow/example_dags/plugins/workday.py took 0.605 seconds
[2025-01-13T17:10:02.272-0500] {processor.py:186} INFO - Started process (PID=68482) to work on /usr/local/lib/python3.10/site-packages/airflow/example_dags/plugins/workday.py
[2025-01-13T17:10:02.274-0500] {processor.py:914} INFO - Processing file /usr/local/lib/python3.10/site-packages/airflow/example_dags/plugins/workday.py for tasks to queue
[2025-01-13T17:10:02.275-0500] {logging_mixin.py:190} INFO - [2025-01-13T17:10:02.275-0500] {dagbag.py:588} INFO - Filling up the DagBag from /usr/local/lib/python3.10/site-packages/airflow/example_dags/plugins/workday.py
[2025-01-13T17:10:02.871-0500] {processor.py:927} WARNING - No viable dags retrieved from /usr/local/lib/python3.10/site-packages/airflow/example_dags/plugins/workday.py
[2025-01-13T17:10:02.969-0500] {processor.py:208} INFO - Processing /usr/local/lib/python3.10/site-packages/airflow/example_dags/plugins/workday.py took 0.701 seconds
[2025-01-13T17:12:11.942-0500] {processor.py:186} INFO - Started process (PID=69977) to work on /usr/local/lib/python3.10/site-packages/airflow/example_dags/plugins/workday.py
[2025-01-13T17:12:11.943-0500] {processor.py:914} INFO - Processing file /usr/local/lib/python3.10/site-packages/airflow/example_dags/plugins/workday.py for tasks to queue
[2025-01-13T17:12:11.944-0500] {logging_mixin.py:190} INFO - [2025-01-13T17:12:11.944-0500] {dagbag.py:588} INFO - Filling up the DagBag from /usr/local/lib/python3.10/site-packages/airflow/example_dags/plugins/workday.py
[2025-01-13T17:12:12.261-0500] {processor.py:927} WARNING - No viable dags retrieved from /usr/local/lib/python3.10/site-packages/airflow/example_dags/plugins/workday.py
[2025-01-13T17:12:12.339-0500] {processor.py:208} INFO - Processing /usr/local/lib/python3.10/site-packages/airflow/example_dags/plugins/workday.py took 0.401 seconds
[2025-01-13T17:16:12.400-0500] {processor.py:186} INFO - Started process (PID=72241) to work on /usr/local/lib/python3.10/site-packages/airflow/example_dags/plugins/workday.py
[2025-01-13T17:16:12.401-0500] {processor.py:914} INFO - Processing file /usr/local/lib/python3.10/site-packages/airflow/example_dags/plugins/workday.py for tasks to queue
[2025-01-13T17:16:12.403-0500] {logging_mixin.py:190} INFO - [2025-01-13T17:16:12.402-0500] {dagbag.py:588} INFO - Filling up the DagBag from /usr/local/lib/python3.10/site-packages/airflow/example_dags/plugins/workday.py
[2025-01-13T17:16:12.937-0500] {processor.py:927} WARNING - No viable dags retrieved from /usr/local/lib/python3.10/site-packages/airflow/example_dags/plugins/workday.py
[2025-01-13T17:16:13.034-0500] {processor.py:208} INFO - Processing /usr/local/lib/python3.10/site-packages/airflow/example_dags/plugins/workday.py took 0.639 seconds
[2025-01-13T17:18:41.196-0500] {processor.py:186} INFO - Started process (PID=73963) to work on /usr/local/lib/python3.10/site-packages/airflow/example_dags/plugins/workday.py
[2025-01-13T17:18:41.198-0500] {processor.py:914} INFO - Processing file /usr/local/lib/python3.10/site-packages/airflow/example_dags/plugins/workday.py for tasks to queue
[2025-01-13T17:18:41.199-0500] {logging_mixin.py:190} INFO - [2025-01-13T17:18:41.199-0500] {dagbag.py:588} INFO - Filling up the DagBag from /usr/local/lib/python3.10/site-packages/airflow/example_dags/plugins/workday.py
[2025-01-13T17:18:41.774-0500] {processor.py:927} WARNING - No viable dags retrieved from /usr/local/lib/python3.10/site-packages/airflow/example_dags/plugins/workday.py
[2025-01-13T17:18:41.876-0500] {processor.py:208} INFO - Processing /usr/local/lib/python3.10/site-packages/airflow/example_dags/plugins/workday.py took 0.685 seconds
[2025-01-13T17:21:05.184-0500] {processor.py:186} INFO - Started process (PID=75596) to work on /usr/local/lib/python3.10/site-packages/airflow/example_dags/plugins/workday.py
[2025-01-13T17:21:05.186-0500] {processor.py:914} INFO - Processing file /usr/local/lib/python3.10/site-packages/airflow/example_dags/plugins/workday.py for tasks to queue
[2025-01-13T17:21:05.187-0500] {logging_mixin.py:190} INFO - [2025-01-13T17:21:05.187-0500] {dagbag.py:588} INFO - Filling up the DagBag from /usr/local/lib/python3.10/site-packages/airflow/example_dags/plugins/workday.py
[2025-01-13T17:21:05.544-0500] {processor.py:927} WARNING - No viable dags retrieved from /usr/local/lib/python3.10/site-packages/airflow/example_dags/plugins/workday.py
[2025-01-13T17:21:05.647-0500] {processor.py:208} INFO - Processing /usr/local/lib/python3.10/site-packages/airflow/example_dags/plugins/workday.py took 0.468 seconds
[2025-01-13T17:23:19.950-0500] {processor.py:186} INFO - Started process (PID=77197) to work on /usr/local/lib/python3.10/site-packages/airflow/example_dags/plugins/workday.py
[2025-01-13T17:23:19.953-0500] {processor.py:914} INFO - Processing file /usr/local/lib/python3.10/site-packages/airflow/example_dags/plugins/workday.py for tasks to queue
[2025-01-13T17:23:19.954-0500] {logging_mixin.py:190} INFO - [2025-01-13T17:23:19.954-0500] {dagbag.py:588} INFO - Filling up the DagBag from /usr/local/lib/python3.10/site-packages/airflow/example_dags/plugins/workday.py
[2025-01-13T17:23:20.498-0500] {processor.py:927} WARNING - No viable dags retrieved from /usr/local/lib/python3.10/site-packages/airflow/example_dags/plugins/workday.py
[2025-01-13T17:23:20.580-0500] {processor.py:208} INFO - Processing /usr/local/lib/python3.10/site-packages/airflow/example_dags/plugins/workday.py took 0.634 seconds
[2025-01-13T17:25:27.394-0500] {processor.py:186} INFO - Started process (PID=78578) to work on /usr/local/lib/python3.10/site-packages/airflow/example_dags/plugins/workday.py
[2025-01-13T17:25:27.395-0500] {processor.py:914} INFO - Processing file /usr/local/lib/python3.10/site-packages/airflow/example_dags/plugins/workday.py for tasks to queue
[2025-01-13T17:25:27.396-0500] {logging_mixin.py:190} INFO - [2025-01-13T17:25:27.395-0500] {dagbag.py:588} INFO - Filling up the DagBag from /usr/local/lib/python3.10/site-packages/airflow/example_dags/plugins/workday.py
[2025-01-13T17:25:27.738-0500] {processor.py:927} WARNING - No viable dags retrieved from /usr/local/lib/python3.10/site-packages/airflow/example_dags/plugins/workday.py
[2025-01-13T17:25:27.816-0500] {processor.py:208} INFO - Processing /usr/local/lib/python3.10/site-packages/airflow/example_dags/plugins/workday.py took 0.427 seconds
[2025-01-13T17:27:33.268-0500] {processor.py:186} INFO - Started process (PID=79963) to work on /usr/local/lib/python3.10/site-packages/airflow/example_dags/plugins/workday.py
[2025-01-13T17:27:33.270-0500] {processor.py:914} INFO - Processing file /usr/local/lib/python3.10/site-packages/airflow/example_dags/plugins/workday.py for tasks to queue
[2025-01-13T17:27:33.271-0500] {logging_mixin.py:190} INFO - [2025-01-13T17:27:33.271-0500] {dagbag.py:588} INFO - Filling up the DagBag from /usr/local/lib/python3.10/site-packages/airflow/example_dags/plugins/workday.py
[2025-01-13T17:27:33.845-0500] {processor.py:927} WARNING - No viable dags retrieved from /usr/local/lib/python3.10/site-packages/airflow/example_dags/plugins/workday.py
[2025-01-13T17:27:33.933-0500] {processor.py:208} INFO - Processing /usr/local/lib/python3.10/site-packages/airflow/example_dags/plugins/workday.py took 0.668 seconds
[2025-01-13T17:29:44.253-0500] {processor.py:186} INFO - Started process (PID=81448) to work on /usr/local/lib/python3.10/site-packages/airflow/example_dags/plugins/workday.py
[2025-01-13T17:29:44.254-0500] {processor.py:914} INFO - Processing file /usr/local/lib/python3.10/site-packages/airflow/example_dags/plugins/workday.py for tasks to queue
[2025-01-13T17:29:44.256-0500] {logging_mixin.py:190} INFO - [2025-01-13T17:29:44.255-0500] {dagbag.py:588} INFO - Filling up the DagBag from /usr/local/lib/python3.10/site-packages/airflow/example_dags/plugins/workday.py
[2025-01-13T17:29:44.780-0500] {processor.py:927} WARNING - No viable dags retrieved from /usr/local/lib/python3.10/site-packages/airflow/example_dags/plugins/workday.py
[2025-01-13T17:29:44.878-0500] {processor.py:208} INFO - Processing /usr/local/lib/python3.10/site-packages/airflow/example_dags/plugins/workday.py took 0.630 seconds
[2025-01-13T17:32:03.825-0500] {processor.py:186} INFO - Started process (PID=83068) to work on /usr/local/lib/python3.10/site-packages/airflow/example_dags/plugins/workday.py
[2025-01-13T17:32:03.827-0500] {processor.py:914} INFO - Processing file /usr/local/lib/python3.10/site-packages/airflow/example_dags/plugins/workday.py for tasks to queue
[2025-01-13T17:32:03.828-0500] {logging_mixin.py:190} INFO - [2025-01-13T17:32:03.828-0500] {dagbag.py:588} INFO - Filling up the DagBag from /usr/local/lib/python3.10/site-packages/airflow/example_dags/plugins/workday.py
[2025-01-13T17:32:04.444-0500] {processor.py:927} WARNING - No viable dags retrieved from /usr/local/lib/python3.10/site-packages/airflow/example_dags/plugins/workday.py
[2025-01-13T17:32:04.534-0500] {processor.py:208} INFO - Processing /usr/local/lib/python3.10/site-packages/airflow/example_dags/plugins/workday.py took 0.713 seconds
[2025-01-13T17:34:14.902-0500] {processor.py:186} INFO - Started process (PID=84578) to work on /usr/local/lib/python3.10/site-packages/airflow/example_dags/plugins/workday.py
[2025-01-13T17:34:14.905-0500] {processor.py:914} INFO - Processing file /usr/local/lib/python3.10/site-packages/airflow/example_dags/plugins/workday.py for tasks to queue
[2025-01-13T17:34:14.906-0500] {logging_mixin.py:190} INFO - [2025-01-13T17:34:14.906-0500] {dagbag.py:588} INFO - Filling up the DagBag from /usr/local/lib/python3.10/site-packages/airflow/example_dags/plugins/workday.py
[2025-01-13T17:34:15.429-0500] {processor.py:927} WARNING - No viable dags retrieved from /usr/local/lib/python3.10/site-packages/airflow/example_dags/plugins/workday.py
[2025-01-13T17:34:15.530-0500] {processor.py:208} INFO - Processing /usr/local/lib/python3.10/site-packages/airflow/example_dags/plugins/workday.py took 0.632 seconds
[2025-01-13T17:36:35.529-0500] {processor.py:186} INFO - Started process (PID=86151) to work on /usr/local/lib/python3.10/site-packages/airflow/example_dags/plugins/workday.py
[2025-01-13T17:36:35.531-0500] {processor.py:914} INFO - Processing file /usr/local/lib/python3.10/site-packages/airflow/example_dags/plugins/workday.py for tasks to queue
[2025-01-13T17:36:35.533-0500] {logging_mixin.py:190} INFO - [2025-01-13T17:36:35.532-0500] {dagbag.py:588} INFO - Filling up the DagBag from /usr/local/lib/python3.10/site-packages/airflow/example_dags/plugins/workday.py
[2025-01-13T17:36:36.121-0500] {processor.py:927} WARNING - No viable dags retrieved from /usr/local/lib/python3.10/site-packages/airflow/example_dags/plugins/workday.py
[2025-01-13T17:36:36.215-0500] {processor.py:208} INFO - Processing /usr/local/lib/python3.10/site-packages/airflow/example_dags/plugins/workday.py took 0.690 seconds
[2025-01-13T17:38:55.856-0500] {processor.py:186} INFO - Started process (PID=87777) to work on /usr/local/lib/python3.10/site-packages/airflow/example_dags/plugins/workday.py
[2025-01-13T17:38:55.859-0500] {processor.py:914} INFO - Processing file /usr/local/lib/python3.10/site-packages/airflow/example_dags/plugins/workday.py for tasks to queue
[2025-01-13T17:38:55.860-0500] {logging_mixin.py:190} INFO - [2025-01-13T17:38:55.860-0500] {dagbag.py:588} INFO - Filling up the DagBag from /usr/local/lib/python3.10/site-packages/airflow/example_dags/plugins/workday.py
[2025-01-13T17:38:56.344-0500] {processor.py:927} WARNING - No viable dags retrieved from /usr/local/lib/python3.10/site-packages/airflow/example_dags/plugins/workday.py
[2025-01-13T17:38:56.424-0500] {processor.py:208} INFO - Processing /usr/local/lib/python3.10/site-packages/airflow/example_dags/plugins/workday.py took 0.571 seconds
[2025-01-13T17:41:08.823-0500] {processor.py:186} INFO - Started process (PID=89275) to work on /usr/local/lib/python3.10/site-packages/airflow/example_dags/plugins/workday.py
[2025-01-13T17:41:08.825-0500] {processor.py:914} INFO - Processing file /usr/local/lib/python3.10/site-packages/airflow/example_dags/plugins/workday.py for tasks to queue
[2025-01-13T17:41:08.827-0500] {logging_mixin.py:190} INFO - [2025-01-13T17:41:08.827-0500] {dagbag.py:588} INFO - Filling up the DagBag from /usr/local/lib/python3.10/site-packages/airflow/example_dags/plugins/workday.py
[2025-01-13T17:41:09.408-0500] {processor.py:927} WARNING - No viable dags retrieved from /usr/local/lib/python3.10/site-packages/airflow/example_dags/plugins/workday.py
[2025-01-13T17:41:09.513-0500] {processor.py:208} INFO - Processing /usr/local/lib/python3.10/site-packages/airflow/example_dags/plugins/workday.py took 0.695 seconds
[2025-01-13T17:43:36.214-0500] {processor.py:186} INFO - Started process (PID=90920) to work on /usr/local/lib/python3.10/site-packages/airflow/example_dags/plugins/workday.py
[2025-01-13T17:43:36.216-0500] {processor.py:914} INFO - Processing file /usr/local/lib/python3.10/site-packages/airflow/example_dags/plugins/workday.py for tasks to queue
[2025-01-13T17:43:36.217-0500] {logging_mixin.py:190} INFO - [2025-01-13T17:43:36.217-0500] {dagbag.py:588} INFO - Filling up the DagBag from /usr/local/lib/python3.10/site-packages/airflow/example_dags/plugins/workday.py
[2025-01-13T17:43:36.564-0500] {processor.py:927} WARNING - No viable dags retrieved from /usr/local/lib/python3.10/site-packages/airflow/example_dags/plugins/workday.py
[2025-01-13T17:43:36.641-0500] {processor.py:208} INFO - Processing /usr/local/lib/python3.10/site-packages/airflow/example_dags/plugins/workday.py took 0.431 seconds
[2025-01-13T17:45:44.199-0500] {processor.py:186} INFO - Started process (PID=92409) to work on /usr/local/lib/python3.10/site-packages/airflow/example_dags/plugins/workday.py
[2025-01-13T17:45:44.200-0500] {processor.py:914} INFO - Processing file /usr/local/lib/python3.10/site-packages/airflow/example_dags/plugins/workday.py for tasks to queue
[2025-01-13T17:45:44.201-0500] {logging_mixin.py:190} INFO - [2025-01-13T17:45:44.201-0500] {dagbag.py:588} INFO - Filling up the DagBag from /usr/local/lib/python3.10/site-packages/airflow/example_dags/plugins/workday.py
[2025-01-13T17:45:44.558-0500] {processor.py:927} WARNING - No viable dags retrieved from /usr/local/lib/python3.10/site-packages/airflow/example_dags/plugins/workday.py
[2025-01-13T17:45:44.636-0500] {processor.py:208} INFO - Processing /usr/local/lib/python3.10/site-packages/airflow/example_dags/plugins/workday.py took 0.442 seconds
[2025-01-13T17:47:48.748-0500] {processor.py:186} INFO - Started process (PID=93788) to work on /usr/local/lib/python3.10/site-packages/airflow/example_dags/plugins/workday.py
[2025-01-13T17:47:48.750-0500] {processor.py:914} INFO - Processing file /usr/local/lib/python3.10/site-packages/airflow/example_dags/plugins/workday.py for tasks to queue
[2025-01-13T17:47:48.751-0500] {logging_mixin.py:190} INFO - [2025-01-13T17:47:48.751-0500] {dagbag.py:588} INFO - Filling up the DagBag from /usr/local/lib/python3.10/site-packages/airflow/example_dags/plugins/workday.py
[2025-01-13T17:47:49.100-0500] {processor.py:927} WARNING - No viable dags retrieved from /usr/local/lib/python3.10/site-packages/airflow/example_dags/plugins/workday.py
[2025-01-13T17:47:49.180-0500] {processor.py:208} INFO - Processing /usr/local/lib/python3.10/site-packages/airflow/example_dags/plugins/workday.py took 0.436 seconds
[2025-01-13T17:50:00.945-0500] {processor.py:186} INFO - Started process (PID=95277) to work on /usr/local/lib/python3.10/site-packages/airflow/example_dags/plugins/workday.py
[2025-01-13T17:50:00.946-0500] {processor.py:914} INFO - Processing file /usr/local/lib/python3.10/site-packages/airflow/example_dags/plugins/workday.py for tasks to queue
[2025-01-13T17:50:00.947-0500] {logging_mixin.py:190} INFO - [2025-01-13T17:50:00.947-0500] {dagbag.py:588} INFO - Filling up the DagBag from /usr/local/lib/python3.10/site-packages/airflow/example_dags/plugins/workday.py
[2025-01-13T17:50:01.339-0500] {processor.py:927} WARNING - No viable dags retrieved from /usr/local/lib/python3.10/site-packages/airflow/example_dags/plugins/workday.py
[2025-01-13T17:50:01.427-0500] {processor.py:208} INFO - Processing /usr/local/lib/python3.10/site-packages/airflow/example_dags/plugins/workday.py took 0.487 seconds
[2025-01-13T17:52:12.846-0500] {processor.py:186} INFO - Started process (PID=96770) to work on /usr/local/lib/python3.10/site-packages/airflow/example_dags/plugins/workday.py
[2025-01-13T17:52:12.847-0500] {processor.py:914} INFO - Processing file /usr/local/lib/python3.10/site-packages/airflow/example_dags/plugins/workday.py for tasks to queue
[2025-01-13T17:52:12.848-0500] {logging_mixin.py:190} INFO - [2025-01-13T17:52:12.848-0500] {dagbag.py:588} INFO - Filling up the DagBag from /usr/local/lib/python3.10/site-packages/airflow/example_dags/plugins/workday.py
[2025-01-13T17:52:13.326-0500] {processor.py:927} WARNING - No viable dags retrieved from /usr/local/lib/python3.10/site-packages/airflow/example_dags/plugins/workday.py
[2025-01-13T17:52:13.405-0500] {processor.py:208} INFO - Processing /usr/local/lib/python3.10/site-packages/airflow/example_dags/plugins/workday.py took 0.563 seconds
[2025-01-13T17:54:24.918-0500] {processor.py:186} INFO - Started process (PID=98255) to work on /usr/local/lib/python3.10/site-packages/airflow/example_dags/plugins/workday.py
[2025-01-13T17:54:24.920-0500] {processor.py:914} INFO - Processing file /usr/local/lib/python3.10/site-packages/airflow/example_dags/plugins/workday.py for tasks to queue
[2025-01-13T17:54:24.921-0500] {logging_mixin.py:190} INFO - [2025-01-13T17:54:24.921-0500] {dagbag.py:588} INFO - Filling up the DagBag from /usr/local/lib/python3.10/site-packages/airflow/example_dags/plugins/workday.py
[2025-01-13T17:54:25.287-0500] {processor.py:927} WARNING - No viable dags retrieved from /usr/local/lib/python3.10/site-packages/airflow/example_dags/plugins/workday.py
[2025-01-13T17:54:25.371-0500] {processor.py:208} INFO - Processing /usr/local/lib/python3.10/site-packages/airflow/example_dags/plugins/workday.py took 0.457 seconds
[2025-01-13T17:56:35.485-0500] {processor.py:186} INFO - Started process (PID=99668) to work on /usr/local/lib/python3.10/site-packages/airflow/example_dags/plugins/workday.py
[2025-01-13T17:56:35.488-0500] {processor.py:914} INFO - Processing file /usr/local/lib/python3.10/site-packages/airflow/example_dags/plugins/workday.py for tasks to queue
[2025-01-13T17:56:35.489-0500] {logging_mixin.py:190} INFO - [2025-01-13T17:56:35.489-0500] {dagbag.py:588} INFO - Filling up the DagBag from /usr/local/lib/python3.10/site-packages/airflow/example_dags/plugins/workday.py
[2025-01-13T17:56:36.053-0500] {processor.py:927} WARNING - No viable dags retrieved from /usr/local/lib/python3.10/site-packages/airflow/example_dags/plugins/workday.py
[2025-01-13T17:56:36.150-0500] {processor.py:208} INFO - Processing /usr/local/lib/python3.10/site-packages/airflow/example_dags/plugins/workday.py took 0.669 seconds
[2025-01-13T17:58:59.082-0500] {processor.py:186} INFO - Started process (PID=1990) to work on /usr/local/lib/python3.10/site-packages/airflow/example_dags/plugins/workday.py
[2025-01-13T17:58:59.084-0500] {processor.py:914} INFO - Processing file /usr/local/lib/python3.10/site-packages/airflow/example_dags/plugins/workday.py for tasks to queue
[2025-01-13T17:58:59.086-0500] {logging_mixin.py:190} INFO - [2025-01-13T17:58:59.085-0500] {dagbag.py:588} INFO - Filling up the DagBag from /usr/local/lib/python3.10/site-packages/airflow/example_dags/plugins/workday.py
[2025-01-13T17:58:59.460-0500] {processor.py:927} WARNING - No viable dags retrieved from /usr/local/lib/python3.10/site-packages/airflow/example_dags/plugins/workday.py
[2025-01-13T17:58:59.547-0500] {processor.py:208} INFO - Processing /usr/local/lib/python3.10/site-packages/airflow/example_dags/plugins/workday.py took 0.469 seconds
[2025-01-13T18:01:25.445-0500] {processor.py:186} INFO - Started process (PID=3748) to work on /usr/local/lib/python3.10/site-packages/airflow/example_dags/plugins/workday.py
[2025-01-13T18:01:25.447-0500] {processor.py:914} INFO - Processing file /usr/local/lib/python3.10/site-packages/airflow/example_dags/plugins/workday.py for tasks to queue
[2025-01-13T18:01:25.448-0500] {logging_mixin.py:190} INFO - [2025-01-13T18:01:25.448-0500] {dagbag.py:588} INFO - Filling up the DagBag from /usr/local/lib/python3.10/site-packages/airflow/example_dags/plugins/workday.py
[2025-01-13T18:01:25.984-0500] {processor.py:927} WARNING - No viable dags retrieved from /usr/local/lib/python3.10/site-packages/airflow/example_dags/plugins/workday.py
[2025-01-13T18:01:26.084-0500] {processor.py:208} INFO - Processing /usr/local/lib/python3.10/site-packages/airflow/example_dags/plugins/workday.py took 0.643 seconds
[2025-01-13T18:03:39.822-0500] {processor.py:186} INFO - Started process (PID=5289) to work on /usr/local/lib/python3.10/site-packages/airflow/example_dags/plugins/workday.py
[2025-01-13T18:03:39.823-0500] {processor.py:914} INFO - Processing file /usr/local/lib/python3.10/site-packages/airflow/example_dags/plugins/workday.py for tasks to queue
[2025-01-13T18:03:39.824-0500] {logging_mixin.py:190} INFO - [2025-01-13T18:03:39.824-0500] {dagbag.py:588} INFO - Filling up the DagBag from /usr/local/lib/python3.10/site-packages/airflow/example_dags/plugins/workday.py
[2025-01-13T18:03:40.184-0500] {processor.py:927} WARNING - No viable dags retrieved from /usr/local/lib/python3.10/site-packages/airflow/example_dags/plugins/workday.py
[2025-01-13T18:03:40.267-0500] {processor.py:208} INFO - Processing /usr/local/lib/python3.10/site-packages/airflow/example_dags/plugins/workday.py took 0.449 seconds
[2025-01-13T18:05:50.387-0500] {processor.py:186} INFO - Started process (PID=6817) to work on /usr/local/lib/python3.10/site-packages/airflow/example_dags/plugins/workday.py
[2025-01-13T18:05:50.389-0500] {processor.py:914} INFO - Processing file /usr/local/lib/python3.10/site-packages/airflow/example_dags/plugins/workday.py for tasks to queue
[2025-01-13T18:05:50.390-0500] {logging_mixin.py:190} INFO - [2025-01-13T18:05:50.390-0500] {dagbag.py:588} INFO - Filling up the DagBag from /usr/local/lib/python3.10/site-packages/airflow/example_dags/plugins/workday.py
[2025-01-13T18:05:50.899-0500] {processor.py:927} WARNING - No viable dags retrieved from /usr/local/lib/python3.10/site-packages/airflow/example_dags/plugins/workday.py
[2025-01-13T18:05:50.995-0500] {processor.py:208} INFO - Processing /usr/local/lib/python3.10/site-packages/airflow/example_dags/plugins/workday.py took 0.611 seconds
[2025-01-13T18:08:11.200-0500] {processor.py:186} INFO - Started process (PID=8359) to work on /usr/local/lib/python3.10/site-packages/airflow/example_dags/plugins/workday.py
[2025-01-13T18:08:11.202-0500] {processor.py:914} INFO - Processing file /usr/local/lib/python3.10/site-packages/airflow/example_dags/plugins/workday.py for tasks to queue
[2025-01-13T18:08:11.203-0500] {logging_mixin.py:190} INFO - [2025-01-13T18:08:11.203-0500] {dagbag.py:588} INFO - Filling up the DagBag from /usr/local/lib/python3.10/site-packages/airflow/example_dags/plugins/workday.py
[2025-01-13T18:08:11.557-0500] {processor.py:927} WARNING - No viable dags retrieved from /usr/local/lib/python3.10/site-packages/airflow/example_dags/plugins/workday.py
[2025-01-13T18:08:11.639-0500] {processor.py:208} INFO - Processing /usr/local/lib/python3.10/site-packages/airflow/example_dags/plugins/workday.py took 0.442 seconds
[2025-01-13T18:10:24.344-0500] {processor.py:186} INFO - Started process (PID=9906) to work on /usr/local/lib/python3.10/site-packages/airflow/example_dags/plugins/workday.py
[2025-01-13T18:10:24.346-0500] {processor.py:914} INFO - Processing file /usr/local/lib/python3.10/site-packages/airflow/example_dags/plugins/workday.py for tasks to queue
[2025-01-13T18:10:24.347-0500] {logging_mixin.py:190} INFO - [2025-01-13T18:10:24.346-0500] {dagbag.py:588} INFO - Filling up the DagBag from /usr/local/lib/python3.10/site-packages/airflow/example_dags/plugins/workday.py
[2025-01-13T18:10:24.706-0500] {processor.py:927} WARNING - No viable dags retrieved from /usr/local/lib/python3.10/site-packages/airflow/example_dags/plugins/workday.py
[2025-01-13T18:10:24.785-0500] {processor.py:208} INFO - Processing /usr/local/lib/python3.10/site-packages/airflow/example_dags/plugins/workday.py took 0.445 seconds
[2025-01-13T18:12:51.248-0500] {processor.py:186} INFO - Started process (PID=11691) to work on /usr/local/lib/python3.10/site-packages/airflow/example_dags/plugins/workday.py
[2025-01-13T18:12:51.250-0500] {processor.py:914} INFO - Processing file /usr/local/lib/python3.10/site-packages/airflow/example_dags/plugins/workday.py for tasks to queue
[2025-01-13T18:12:51.251-0500] {logging_mixin.py:190} INFO - [2025-01-13T18:12:51.251-0500] {dagbag.py:588} INFO - Filling up the DagBag from /usr/local/lib/python3.10/site-packages/airflow/example_dags/plugins/workday.py
[2025-01-13T18:12:51.640-0500] {processor.py:927} WARNING - No viable dags retrieved from /usr/local/lib/python3.10/site-packages/airflow/example_dags/plugins/workday.py
[2025-01-13T18:12:51.753-0500] {processor.py:208} INFO - Processing /usr/local/lib/python3.10/site-packages/airflow/example_dags/plugins/workday.py took 0.510 seconds
[2025-01-13T18:15:16.233-0500] {processor.py:186} INFO - Started process (PID=13344) to work on /usr/local/lib/python3.10/site-packages/airflow/example_dags/plugins/workday.py
[2025-01-13T18:15:16.236-0500] {processor.py:914} INFO - Processing file /usr/local/lib/python3.10/site-packages/airflow/example_dags/plugins/workday.py for tasks to queue
[2025-01-13T18:15:16.237-0500] {logging_mixin.py:190} INFO - [2025-01-13T18:15:16.237-0500] {dagbag.py:588} INFO - Filling up the DagBag from /usr/local/lib/python3.10/site-packages/airflow/example_dags/plugins/workday.py
[2025-01-13T18:15:16.637-0500] {processor.py:927} WARNING - No viable dags retrieved from /usr/local/lib/python3.10/site-packages/airflow/example_dags/plugins/workday.py
[2025-01-13T18:15:16.725-0500] {processor.py:208} INFO - Processing /usr/local/lib/python3.10/site-packages/airflow/example_dags/plugins/workday.py took 0.497 seconds
[2025-01-13T18:17:40.042-0500] {processor.py:186} INFO - Started process (PID=15041) to work on /usr/local/lib/python3.10/site-packages/airflow/example_dags/plugins/workday.py
[2025-01-13T18:17:40.044-0500] {processor.py:914} INFO - Processing file /usr/local/lib/python3.10/site-packages/airflow/example_dags/plugins/workday.py for tasks to queue
[2025-01-13T18:17:40.045-0500] {logging_mixin.py:190} INFO - [2025-01-13T18:17:40.045-0500] {dagbag.py:588} INFO - Filling up the DagBag from /usr/local/lib/python3.10/site-packages/airflow/example_dags/plugins/workday.py
[2025-01-13T18:17:40.595-0500] {processor.py:927} WARNING - No viable dags retrieved from /usr/local/lib/python3.10/site-packages/airflow/example_dags/plugins/workday.py
[2025-01-13T18:17:40.718-0500] {processor.py:208} INFO - Processing /usr/local/lib/python3.10/site-packages/airflow/example_dags/plugins/workday.py took 0.680 seconds
[2025-01-13T18:20:05.768-0500] {processor.py:186} INFO - Started process (PID=16737) to work on /usr/local/lib/python3.10/site-packages/airflow/example_dags/plugins/workday.py
[2025-01-13T18:20:05.770-0500] {processor.py:914} INFO - Processing file /usr/local/lib/python3.10/site-packages/airflow/example_dags/plugins/workday.py for tasks to queue
[2025-01-13T18:20:05.771-0500] {logging_mixin.py:190} INFO - [2025-01-13T18:20:05.771-0500] {dagbag.py:588} INFO - Filling up the DagBag from /usr/local/lib/python3.10/site-packages/airflow/example_dags/plugins/workday.py
[2025-01-13T18:20:06.294-0500] {processor.py:927} WARNING - No viable dags retrieved from /usr/local/lib/python3.10/site-packages/airflow/example_dags/plugins/workday.py
[2025-01-13T18:20:06.425-0500] {processor.py:208} INFO - Processing /usr/local/lib/python3.10/site-packages/airflow/example_dags/plugins/workday.py took 0.661 seconds
[2025-01-13T18:22:24.872-0500] {processor.py:186} INFO - Started process (PID=18289) to work on /usr/local/lib/python3.10/site-packages/airflow/example_dags/plugins/workday.py
[2025-01-13T18:22:24.874-0500] {processor.py:914} INFO - Processing file /usr/local/lib/python3.10/site-packages/airflow/example_dags/plugins/workday.py for tasks to queue
[2025-01-13T18:22:24.876-0500] {logging_mixin.py:190} INFO - [2025-01-13T18:22:24.875-0500] {dagbag.py:588} INFO - Filling up the DagBag from /usr/local/lib/python3.10/site-packages/airflow/example_dags/plugins/workday.py
[2025-01-13T18:22:25.438-0500] {processor.py:927} WARNING - No viable dags retrieved from /usr/local/lib/python3.10/site-packages/airflow/example_dags/plugins/workday.py
[2025-01-13T18:22:25.556-0500] {processor.py:208} INFO - Processing /usr/local/lib/python3.10/site-packages/airflow/example_dags/plugins/workday.py took 0.688 seconds
[2025-01-13T18:24:49.608-0500] {processor.py:186} INFO - Started process (PID=20015) to work on /usr/local/lib/python3.10/site-packages/airflow/example_dags/plugins/workday.py
[2025-01-13T18:24:49.610-0500] {processor.py:914} INFO - Processing file /usr/local/lib/python3.10/site-packages/airflow/example_dags/plugins/workday.py for tasks to queue
[2025-01-13T18:24:49.612-0500] {logging_mixin.py:190} INFO - [2025-01-13T18:24:49.611-0500] {dagbag.py:588} INFO - Filling up the DagBag from /usr/local/lib/python3.10/site-packages/airflow/example_dags/plugins/workday.py
[2025-01-13T18:24:50.183-0500] {processor.py:927} WARNING - No viable dags retrieved from /usr/local/lib/python3.10/site-packages/airflow/example_dags/plugins/workday.py
[2025-01-13T18:24:50.281-0500] {processor.py:208} INFO - Processing /usr/local/lib/python3.10/site-packages/airflow/example_dags/plugins/workday.py took 0.678 seconds
[2025-01-13T18:27:00.084-0500] {processor.py:186} INFO - Started process (PID=21439) to work on /usr/local/lib/python3.10/site-packages/airflow/example_dags/plugins/workday.py
[2025-01-13T18:27:00.085-0500] {processor.py:914} INFO - Processing file /usr/local/lib/python3.10/site-packages/airflow/example_dags/plugins/workday.py for tasks to queue
[2025-01-13T18:27:00.086-0500] {logging_mixin.py:190} INFO - [2025-01-13T18:27:00.086-0500] {dagbag.py:588} INFO - Filling up the DagBag from /usr/local/lib/python3.10/site-packages/airflow/example_dags/plugins/workday.py
[2025-01-13T18:27:00.450-0500] {processor.py:927} WARNING - No viable dags retrieved from /usr/local/lib/python3.10/site-packages/airflow/example_dags/plugins/workday.py
[2025-01-13T18:27:00.536-0500] {processor.py:208} INFO - Processing /usr/local/lib/python3.10/site-packages/airflow/example_dags/plugins/workday.py took 0.456 seconds
[2025-01-13T18:29:00.140-0500] {processor.py:186} INFO - Started process (PID=22848) to work on /usr/local/lib/python3.10/site-packages/airflow/example_dags/plugins/workday.py
[2025-01-13T18:29:00.141-0500] {processor.py:914} INFO - Processing file /usr/local/lib/python3.10/site-packages/airflow/example_dags/plugins/workday.py for tasks to queue
[2025-01-13T18:29:00.142-0500] {logging_mixin.py:190} INFO - [2025-01-13T18:29:00.142-0500] {dagbag.py:588} INFO - Filling up the DagBag from /usr/local/lib/python3.10/site-packages/airflow/example_dags/plugins/workday.py
[2025-01-13T18:29:00.487-0500] {processor.py:927} WARNING - No viable dags retrieved from /usr/local/lib/python3.10/site-packages/airflow/example_dags/plugins/workday.py
[2025-01-13T18:29:00.564-0500] {processor.py:208} INFO - Processing /usr/local/lib/python3.10/site-packages/airflow/example_dags/plugins/workday.py took 0.428 seconds
[2025-01-13T18:31:35.720-0500] {processor.py:186} INFO - Started process (PID=24744) to work on /usr/local/lib/python3.10/site-packages/airflow/example_dags/plugins/workday.py
[2025-01-13T18:31:35.723-0500] {processor.py:914} INFO - Processing file /usr/local/lib/python3.10/site-packages/airflow/example_dags/plugins/workday.py for tasks to queue
[2025-01-13T18:31:35.724-0500] {logging_mixin.py:190} INFO - [2025-01-13T18:31:35.723-0500] {dagbag.py:588} INFO - Filling up the DagBag from /usr/local/lib/python3.10/site-packages/airflow/example_dags/plugins/workday.py
[2025-01-13T18:31:36.100-0500] {processor.py:927} WARNING - No viable dags retrieved from /usr/local/lib/python3.10/site-packages/airflow/example_dags/plugins/workday.py
[2025-01-13T18:31:36.185-0500] {processor.py:208} INFO - Processing /usr/local/lib/python3.10/site-packages/airflow/example_dags/plugins/workday.py took 0.469 seconds
[2025-01-13T18:38:01.863-0500] {processor.py:186} INFO - Started process (PID=29123) to work on /usr/local/lib/python3.10/site-packages/airflow/example_dags/plugins/workday.py
[2025-01-13T18:38:01.867-0500] {processor.py:914} INFO - Processing file /usr/local/lib/python3.10/site-packages/airflow/example_dags/plugins/workday.py for tasks to queue
[2025-01-13T18:38:01.868-0500] {logging_mixin.py:190} INFO - [2025-01-13T18:38:01.868-0500] {dagbag.py:588} INFO - Filling up the DagBag from /usr/local/lib/python3.10/site-packages/airflow/example_dags/plugins/workday.py
[2025-01-13T18:38:02.270-0500] {processor.py:927} WARNING - No viable dags retrieved from /usr/local/lib/python3.10/site-packages/airflow/example_dags/plugins/workday.py
[2025-01-13T18:38:02.362-0500] {processor.py:208} INFO - Processing /usr/local/lib/python3.10/site-packages/airflow/example_dags/plugins/workday.py took 0.503 seconds
[2025-01-13T18:40:55.176-0500] {processor.py:186} INFO - Started process (PID=31007) to work on /usr/local/lib/python3.10/site-packages/airflow/example_dags/plugins/workday.py
[2025-01-13T18:40:55.178-0500] {processor.py:914} INFO - Processing file /usr/local/lib/python3.10/site-packages/airflow/example_dags/plugins/workday.py for tasks to queue
[2025-01-13T18:40:55.180-0500] {logging_mixin.py:190} INFO - [2025-01-13T18:40:55.179-0500] {dagbag.py:588} INFO - Filling up the DagBag from /usr/local/lib/python3.10/site-packages/airflow/example_dags/plugins/workday.py
[2025-01-13T18:40:55.569-0500] {processor.py:927} WARNING - No viable dags retrieved from /usr/local/lib/python3.10/site-packages/airflow/example_dags/plugins/workday.py
[2025-01-13T18:40:55.673-0500] {processor.py:208} INFO - Processing /usr/local/lib/python3.10/site-packages/airflow/example_dags/plugins/workday.py took 0.502 seconds
[2025-01-13T18:43:16.885-0500] {processor.py:186} INFO - Started process (PID=32648) to work on /usr/local/lib/python3.10/site-packages/airflow/example_dags/plugins/workday.py
[2025-01-13T18:43:16.888-0500] {processor.py:914} INFO - Processing file /usr/local/lib/python3.10/site-packages/airflow/example_dags/plugins/workday.py for tasks to queue
[2025-01-13T18:43:16.889-0500] {logging_mixin.py:190} INFO - [2025-01-13T18:43:16.888-0500] {dagbag.py:588} INFO - Filling up the DagBag from /usr/local/lib/python3.10/site-packages/airflow/example_dags/plugins/workday.py
[2025-01-13T18:43:17.439-0500] {processor.py:927} WARNING - No viable dags retrieved from /usr/local/lib/python3.10/site-packages/airflow/example_dags/plugins/workday.py
[2025-01-13T18:43:17.536-0500] {processor.py:208} INFO - Processing /usr/local/lib/python3.10/site-packages/airflow/example_dags/plugins/workday.py took 0.655 seconds
[2025-01-13T18:45:35.150-0500] {processor.py:186} INFO - Started process (PID=34282) to work on /usr/local/lib/python3.10/site-packages/airflow/example_dags/plugins/workday.py
[2025-01-13T18:45:35.152-0500] {processor.py:914} INFO - Processing file /usr/local/lib/python3.10/site-packages/airflow/example_dags/plugins/workday.py for tasks to queue
[2025-01-13T18:45:35.153-0500] {logging_mixin.py:190} INFO - [2025-01-13T18:45:35.153-0500] {dagbag.py:588} INFO - Filling up the DagBag from /usr/local/lib/python3.10/site-packages/airflow/example_dags/plugins/workday.py
[2025-01-13T18:45:35.693-0500] {processor.py:927} WARNING - No viable dags retrieved from /usr/local/lib/python3.10/site-packages/airflow/example_dags/plugins/workday.py
[2025-01-13T18:45:35.815-0500] {processor.py:208} INFO - Processing /usr/local/lib/python3.10/site-packages/airflow/example_dags/plugins/workday.py took 0.670 seconds
[2025-01-13T18:47:57.577-0500] {processor.py:186} INFO - Started process (PID=35945) to work on /usr/local/lib/python3.10/site-packages/airflow/example_dags/plugins/workday.py
[2025-01-13T18:47:57.579-0500] {processor.py:914} INFO - Processing file /usr/local/lib/python3.10/site-packages/airflow/example_dags/plugins/workday.py for tasks to queue
[2025-01-13T18:47:57.580-0500] {logging_mixin.py:190} INFO - [2025-01-13T18:47:57.580-0500] {dagbag.py:588} INFO - Filling up the DagBag from /usr/local/lib/python3.10/site-packages/airflow/example_dags/plugins/workday.py
[2025-01-13T18:47:58.131-0500] {processor.py:927} WARNING - No viable dags retrieved from /usr/local/lib/python3.10/site-packages/airflow/example_dags/plugins/workday.py
[2025-01-13T18:47:58.221-0500] {processor.py:208} INFO - Processing /usr/local/lib/python3.10/site-packages/airflow/example_dags/plugins/workday.py took 0.648 seconds
[2025-01-13T18:50:36.110-0500] {processor.py:186} INFO - Started process (PID=37793) to work on /usr/local/lib/python3.10/site-packages/airflow/example_dags/plugins/workday.py
[2025-01-13T18:50:36.112-0500] {processor.py:914} INFO - Processing file /usr/local/lib/python3.10/site-packages/airflow/example_dags/plugins/workday.py for tasks to queue
[2025-01-13T18:50:36.114-0500] {logging_mixin.py:190} INFO - [2025-01-13T18:50:36.113-0500] {dagbag.py:588} INFO - Filling up the DagBag from /usr/local/lib/python3.10/site-packages/airflow/example_dags/plugins/workday.py
[2025-01-13T18:50:36.680-0500] {processor.py:927} WARNING - No viable dags retrieved from /usr/local/lib/python3.10/site-packages/airflow/example_dags/plugins/workday.py
[2025-01-13T18:50:36.785-0500] {processor.py:208} INFO - Processing /usr/local/lib/python3.10/site-packages/airflow/example_dags/plugins/workday.py took 0.679 seconds
[2025-01-13T18:52:58.909-0500] {processor.py:186} INFO - Started process (PID=39440) to work on /usr/local/lib/python3.10/site-packages/airflow/example_dags/plugins/workday.py
[2025-01-13T18:52:58.911-0500] {processor.py:914} INFO - Processing file /usr/local/lib/python3.10/site-packages/airflow/example_dags/plugins/workday.py for tasks to queue
[2025-01-13T18:52:58.912-0500] {logging_mixin.py:190} INFO - [2025-01-13T18:52:58.912-0500] {dagbag.py:588} INFO - Filling up the DagBag from /usr/local/lib/python3.10/site-packages/airflow/example_dags/plugins/workday.py
[2025-01-13T18:52:59.436-0500] {processor.py:927} WARNING - No viable dags retrieved from /usr/local/lib/python3.10/site-packages/airflow/example_dags/plugins/workday.py
[2025-01-13T18:52:59.538-0500] {processor.py:208} INFO - Processing /usr/local/lib/python3.10/site-packages/airflow/example_dags/plugins/workday.py took 0.632 seconds
[2025-01-13T18:55:17.256-0500] {processor.py:186} INFO - Started process (PID=40995) to work on /usr/local/lib/python3.10/site-packages/airflow/example_dags/plugins/workday.py
[2025-01-13T18:55:17.258-0500] {processor.py:914} INFO - Processing file /usr/local/lib/python3.10/site-packages/airflow/example_dags/plugins/workday.py for tasks to queue
[2025-01-13T18:55:17.259-0500] {logging_mixin.py:190} INFO - [2025-01-13T18:55:17.258-0500] {dagbag.py:588} INFO - Filling up the DagBag from /usr/local/lib/python3.10/site-packages/airflow/example_dags/plugins/workday.py
[2025-01-13T18:55:17.810-0500] {processor.py:927} WARNING - No viable dags retrieved from /usr/local/lib/python3.10/site-packages/airflow/example_dags/plugins/workday.py
[2025-01-13T18:55:17.906-0500] {processor.py:208} INFO - Processing /usr/local/lib/python3.10/site-packages/airflow/example_dags/plugins/workday.py took 0.654 seconds
[2025-01-13T18:57:36.534-0500] {processor.py:186} INFO - Started process (PID=42694) to work on /usr/local/lib/python3.10/site-packages/airflow/example_dags/plugins/workday.py
[2025-01-13T18:57:36.537-0500] {processor.py:914} INFO - Processing file /usr/local/lib/python3.10/site-packages/airflow/example_dags/plugins/workday.py for tasks to queue
[2025-01-13T18:57:36.538-0500] {logging_mixin.py:190} INFO - [2025-01-13T18:57:36.538-0500] {dagbag.py:588} INFO - Filling up the DagBag from /usr/local/lib/python3.10/site-packages/airflow/example_dags/plugins/workday.py
[2025-01-13T18:57:37.070-0500] {processor.py:927} WARNING - No viable dags retrieved from /usr/local/lib/python3.10/site-packages/airflow/example_dags/plugins/workday.py
[2025-01-13T18:57:37.165-0500] {processor.py:208} INFO - Processing /usr/local/lib/python3.10/site-packages/airflow/example_dags/plugins/workday.py took 0.635 seconds
[2025-01-13T18:59:52.746-0500] {processor.py:186} INFO - Started process (PID=44239) to work on /usr/local/lib/python3.10/site-packages/airflow/example_dags/plugins/workday.py
[2025-01-13T18:59:52.748-0500] {processor.py:914} INFO - Processing file /usr/local/lib/python3.10/site-packages/airflow/example_dags/plugins/workday.py for tasks to queue
[2025-01-13T18:59:52.749-0500] {logging_mixin.py:190} INFO - [2025-01-13T18:59:52.749-0500] {dagbag.py:588} INFO - Filling up the DagBag from /usr/local/lib/python3.10/site-packages/airflow/example_dags/plugins/workday.py
[2025-01-13T18:59:53.114-0500] {processor.py:927} WARNING - No viable dags retrieved from /usr/local/lib/python3.10/site-packages/airflow/example_dags/plugins/workday.py
[2025-01-13T18:59:53.192-0500] {processor.py:208} INFO - Processing /usr/local/lib/python3.10/site-packages/airflow/example_dags/plugins/workday.py took 0.450 seconds
