[2025-01-13T18:20:14.596-0500] {local_task_job_runner.py:123} INFO - ::group::Pre task execution logs
[2025-01-13T18:20:14.604-0500] {taskinstance.py:2613} INFO - Dependencies all met for dep_context=non-requeueable deps ti=<TaskInstance: my_dag.training_model_C manual__2025-01-13T23:14:54.573237+00:00 [queued]>
[2025-01-13T18:20:14.610-0500] {taskinstance.py:2613} INFO - Dependencies all met for dep_context=requeueable deps ti=<TaskInstance: my_dag.training_model_C manual__2025-01-13T23:14:54.573237+00:00 [queued]>
[2025-01-13T18:20:14.610-0500] {taskinstance.py:2866} INFO - Starting attempt 2 of 3
[2025-01-13T18:20:14.620-0500] {taskinstance.py:2889} INFO - Executing <Task(PythonOperator): training_model_C> on 2025-01-13 23:14:54.573237+00:00
[2025-01-13T18:20:14.626-0500] {standard_task_runner.py:72} INFO - Started process 16859 to run task
[2025-01-13T18:20:14.633-0500] {standard_task_runner.py:104} INFO - Running: ['airflow', 'tasks', 'run', 'my_dag', 'training_model_C', 'manual__2025-01-13T23:14:54.573237+00:00', '--job-id', '35', '--raw', '--subdir', 'DAGS_FOLDER/tutorial_taskflow_api.py', '--cfg-path', '/var/folders/ll/2bfcn_d54ks002mx2dw82c2m0000gn/T/tmpepg_r_ut']
[2025-01-13T18:20:14.636-0500] {standard_task_runner.py:105} INFO - Job 35: Subtask training_model_C
[2025-01-13T18:20:14.678-0500] {task_command.py:467} INFO - Running <TaskInstance: my_dag.training_model_C manual__2025-01-13T23:14:54.573237+00:00 [running]> on host macbook-pro-2.local
[2025-01-13T18:20:14.740-0500] {taskinstance.py:3132} INFO - Exporting env vars: AIRFLOW_CTX_DAG_OWNER='airflow' AIRFLOW_CTX_DAG_ID='my_dag' AIRFLOW_CTX_TASK_ID='training_model_C' AIRFLOW_CTX_EXECUTION_DATE='2025-01-13T23:14:54.573237+00:00' AIRFLOW_CTX_TRY_NUMBER='2' AIRFLOW_CTX_DAG_RUN_ID='manual__2025-01-13T23:14:54.573237+00:00'
[2025-01-13T18:20:14.742-0500] {logging_mixin.py:190} INFO - Task instance is in running state
[2025-01-13T18:20:14.743-0500] {logging_mixin.py:190} INFO -  Previous state of the Task instance: queued
[2025-01-13T18:20:14.743-0500] {logging_mixin.py:190} INFO - Current task name:training_model_C state:running start_date:2025-01-13 23:20:14.605199+00:00
[2025-01-13T18:20:14.744-0500] {logging_mixin.py:190} INFO - Dag name:my_dag and current dag run status:running
[2025-01-13T18:20:14.745-0500] {taskinstance.py:731} INFO - ::endgroup::
[2025-01-13T18:20:14.746-0500] {python.py:240} INFO - Done. Returned value was: 1
[2025-01-13T18:20:14.758-0500] {taskinstance.py:340} INFO - ::group::Post task execution logs
[2025-01-13T18:20:14.759-0500] {taskinstance.py:352} INFO - Marking task as SUCCESS. dag_id=my_dag, task_id=training_model_C, run_id=manual__2025-01-13T23:14:54.573237+00:00, execution_date=20250113T231454, start_date=20250113T232014, end_date=20250113T232014
[2025-01-13T18:20:14.766-0500] {logging_mixin.py:190} INFO - Task instance in success state
[2025-01-13T18:20:14.767-0500] {logging_mixin.py:190} INFO -  Previous state of the Task instance: running
[2025-01-13T18:20:14.767-0500] {logging_mixin.py:190} INFO - Dag name:my_dag queued_at:2025-01-13 23:14:54.586033+00:00
[2025-01-13T18:20:14.768-0500] {logging_mixin.py:190} INFO - Task hostname:macbook-pro-2.local operator:PythonOperator
[2025-01-13T18:20:14.809-0500] {local_task_job_runner.py:266} INFO - Task exited with return code 0
[2025-01-13T18:20:14.834-0500] {taskinstance.py:3895} INFO - 1 downstream tasks scheduled from follow-on schedule check
[2025-01-13T18:20:14.836-0500] {local_task_job_runner.py:245} INFO - ::endgroup::
