[2025-01-13T16:52:49.166-0500] {processor.py:186} INFO - Started process (PID=56634) to work on /usr/local/lib/python3.10/site-packages/airflow/example_dags/example_params_trigger_ui.py
[2025-01-13T16:52:49.167-0500] {processor.py:914} INFO - Processing file /usr/local/lib/python3.10/site-packages/airflow/example_dags/example_params_trigger_ui.py for tasks to queue
[2025-01-13T16:52:49.168-0500] {logging_mixin.py:190} INFO - [2025-01-13T16:52:49.168-0500] {dagbag.py:588} INFO - Filling up the DagBag from /usr/local/lib/python3.10/site-packages/airflow/example_dags/example_params_trigger_ui.py
[2025-01-13T16:52:49.204-0500] {processor.py:925} INFO - DAG(s) 'example_params_trigger_ui' retrieved from /usr/local/lib/python3.10/site-packages/airflow/example_dags/example_params_trigger_ui.py
[2025-01-13T16:52:49.447-0500] {logging_mixin.py:190} INFO - [2025-01-13T16:52:49.447-0500] {override.py:1912} INFO - Created Permission View: can delete on DAG:example_params_trigger_ui
[2025-01-13T16:52:49.454-0500] {logging_mixin.py:190} INFO - [2025-01-13T16:52:49.454-0500] {override.py:1912} INFO - Created Permission View: can edit on DAG:example_params_trigger_ui
[2025-01-13T16:52:49.459-0500] {logging_mixin.py:190} INFO - [2025-01-13T16:52:49.459-0500] {override.py:1912} INFO - Created Permission View: can read on DAG:example_params_trigger_ui
[2025-01-13T16:52:49.466-0500] {logging_mixin.py:190} INFO - [2025-01-13T16:52:49.465-0500] {override.py:1912} INFO - Created Permission View: can delete on DAG Run:example_params_trigger_ui
[2025-01-13T16:52:49.471-0500] {logging_mixin.py:190} INFO - [2025-01-13T16:52:49.471-0500] {override.py:1912} INFO - Created Permission View: menu access on DAG Run:example_params_trigger_ui
[2025-01-13T16:52:49.476-0500] {logging_mixin.py:190} INFO - [2025-01-13T16:52:49.475-0500] {override.py:1912} INFO - Created Permission View: can create on DAG Run:example_params_trigger_ui
[2025-01-13T16:52:49.481-0500] {logging_mixin.py:190} INFO - [2025-01-13T16:52:49.481-0500] {override.py:1912} INFO - Created Permission View: can read on DAG Run:example_params_trigger_ui
[2025-01-13T16:52:49.481-0500] {logging_mixin.py:190} INFO - [2025-01-13T16:52:49.481-0500] {dag.py:3239} INFO - Sync 1 DAGs
[2025-01-13T16:52:49.490-0500] {logging_mixin.py:190} INFO - [2025-01-13T16:52:49.490-0500] {dag.py:3262} INFO - Creating ORM DAG for example_params_trigger_ui
[2025-01-13T16:52:49.491-0500] {logging_mixin.py:190} INFO - [2025-01-13T16:52:49.491-0500] {dag.py:4180} INFO - Setting next_dagrun for example_params_trigger_ui to None, run_after=None
[2025-01-13T16:52:49.506-0500] {processor.py:208} INFO - Processing /usr/local/lib/python3.10/site-packages/airflow/example_dags/example_params_trigger_ui.py took 0.344 seconds
[2025-01-13T16:55:43.451-0500] {processor.py:186} INFO - Started process (PID=58600) to work on /usr/local/lib/python3.10/site-packages/airflow/example_dags/example_params_trigger_ui.py
[2025-01-13T16:55:43.453-0500] {processor.py:914} INFO - Processing file /usr/local/lib/python3.10/site-packages/airflow/example_dags/example_params_trigger_ui.py for tasks to queue
[2025-01-13T16:55:43.454-0500] {logging_mixin.py:190} INFO - [2025-01-13T16:55:43.454-0500] {dagbag.py:588} INFO - Filling up the DagBag from /usr/local/lib/python3.10/site-packages/airflow/example_dags/example_params_trigger_ui.py
[2025-01-13T16:55:43.494-0500] {processor.py:925} INFO - DAG(s) 'example_params_trigger_ui' retrieved from /usr/local/lib/python3.10/site-packages/airflow/example_dags/example_params_trigger_ui.py
[2025-01-13T16:55:43.675-0500] {logging_mixin.py:190} INFO - [2025-01-13T16:55:43.674-0500] {dag.py:3239} INFO - Sync 1 DAGs
[2025-01-13T16:55:43.686-0500] {logging_mixin.py:190} INFO - [2025-01-13T16:55:43.686-0500] {dag.py:4180} INFO - Setting next_dagrun for example_params_trigger_ui to None, run_after=None
[2025-01-13T16:55:43.704-0500] {processor.py:208} INFO - Processing /usr/local/lib/python3.10/site-packages/airflow/example_dags/example_params_trigger_ui.py took 0.259 seconds
[2025-01-13T16:58:15.252-0500] {processor.py:186} INFO - Started process (PID=60377) to work on /usr/local/lib/python3.10/site-packages/airflow/example_dags/example_params_trigger_ui.py
[2025-01-13T16:58:15.253-0500] {processor.py:914} INFO - Processing file /usr/local/lib/python3.10/site-packages/airflow/example_dags/example_params_trigger_ui.py for tasks to queue
[2025-01-13T16:58:15.254-0500] {logging_mixin.py:190} INFO - [2025-01-13T16:58:15.254-0500] {dagbag.py:588} INFO - Filling up the DagBag from /usr/local/lib/python3.10/site-packages/airflow/example_dags/example_params_trigger_ui.py
[2025-01-13T16:58:15.293-0500] {processor.py:925} INFO - DAG(s) 'example_params_trigger_ui' retrieved from /usr/local/lib/python3.10/site-packages/airflow/example_dags/example_params_trigger_ui.py
[2025-01-13T16:58:15.482-0500] {logging_mixin.py:190} INFO - [2025-01-13T16:58:15.482-0500] {dag.py:3239} INFO - Sync 1 DAGs
[2025-01-13T16:58:15.493-0500] {logging_mixin.py:190} INFO - [2025-01-13T16:58:15.492-0500] {dag.py:4180} INFO - Setting next_dagrun for example_params_trigger_ui to None, run_after=None
[2025-01-13T16:58:15.509-0500] {processor.py:208} INFO - Processing /usr/local/lib/python3.10/site-packages/airflow/example_dags/example_params_trigger_ui.py took 0.263 seconds
[2025-01-13T17:00:30.873-0500] {processor.py:186} INFO - Started process (PID=61930) to work on /usr/local/lib/python3.10/site-packages/airflow/example_dags/example_params_trigger_ui.py
[2025-01-13T17:00:30.874-0500] {processor.py:914} INFO - Processing file /usr/local/lib/python3.10/site-packages/airflow/example_dags/example_params_trigger_ui.py for tasks to queue
[2025-01-13T17:00:30.875-0500] {logging_mixin.py:190} INFO - [2025-01-13T17:00:30.875-0500] {dagbag.py:588} INFO - Filling up the DagBag from /usr/local/lib/python3.10/site-packages/airflow/example_dags/example_params_trigger_ui.py
[2025-01-13T17:00:30.915-0500] {processor.py:925} INFO - DAG(s) 'example_params_trigger_ui' retrieved from /usr/local/lib/python3.10/site-packages/airflow/example_dags/example_params_trigger_ui.py
[2025-01-13T17:00:31.107-0500] {logging_mixin.py:190} INFO - [2025-01-13T17:00:31.106-0500] {dag.py:3239} INFO - Sync 1 DAGs
[2025-01-13T17:00:31.118-0500] {logging_mixin.py:190} INFO - [2025-01-13T17:00:31.118-0500] {dag.py:4180} INFO - Setting next_dagrun for example_params_trigger_ui to None, run_after=None
[2025-01-13T17:00:31.135-0500] {processor.py:208} INFO - Processing /usr/local/lib/python3.10/site-packages/airflow/example_dags/example_params_trigger_ui.py took 0.267 seconds
[2025-01-13T17:02:39.764-0500] {processor.py:186} INFO - Started process (PID=63444) to work on /usr/local/lib/python3.10/site-packages/airflow/example_dags/example_params_trigger_ui.py
[2025-01-13T17:02:39.766-0500] {processor.py:914} INFO - Processing file /usr/local/lib/python3.10/site-packages/airflow/example_dags/example_params_trigger_ui.py for tasks to queue
[2025-01-13T17:02:39.767-0500] {logging_mixin.py:190} INFO - [2025-01-13T17:02:39.767-0500] {dagbag.py:588} INFO - Filling up the DagBag from /usr/local/lib/python3.10/site-packages/airflow/example_dags/example_params_trigger_ui.py
[2025-01-13T17:02:39.804-0500] {processor.py:925} INFO - DAG(s) 'example_params_trigger_ui' retrieved from /usr/local/lib/python3.10/site-packages/airflow/example_dags/example_params_trigger_ui.py
[2025-01-13T17:02:39.982-0500] {logging_mixin.py:190} INFO - [2025-01-13T17:02:39.982-0500] {dag.py:3239} INFO - Sync 1 DAGs
[2025-01-13T17:02:39.991-0500] {logging_mixin.py:190} INFO - [2025-01-13T17:02:39.991-0500] {dag.py:4180} INFO - Setting next_dagrun for example_params_trigger_ui to None, run_after=None
[2025-01-13T17:02:40.004-0500] {processor.py:208} INFO - Processing /usr/local/lib/python3.10/site-packages/airflow/example_dags/example_params_trigger_ui.py took 0.244 seconds
[2025-01-13T17:04:49.819-0500] {processor.py:186} INFO - Started process (PID=64959) to work on /usr/local/lib/python3.10/site-packages/airflow/example_dags/example_params_trigger_ui.py
[2025-01-13T17:04:49.821-0500] {processor.py:914} INFO - Processing file /usr/local/lib/python3.10/site-packages/airflow/example_dags/example_params_trigger_ui.py for tasks to queue
[2025-01-13T17:04:49.822-0500] {logging_mixin.py:190} INFO - [2025-01-13T17:04:49.822-0500] {dagbag.py:588} INFO - Filling up the DagBag from /usr/local/lib/python3.10/site-packages/airflow/example_dags/example_params_trigger_ui.py
[2025-01-13T17:04:49.861-0500] {processor.py:925} INFO - DAG(s) 'example_params_trigger_ui' retrieved from /usr/local/lib/python3.10/site-packages/airflow/example_dags/example_params_trigger_ui.py
[2025-01-13T17:04:50.054-0500] {logging_mixin.py:190} INFO - [2025-01-13T17:04:50.053-0500] {dag.py:3239} INFO - Sync 1 DAGs
[2025-01-13T17:04:50.066-0500] {logging_mixin.py:190} INFO - [2025-01-13T17:04:50.066-0500] {dag.py:4180} INFO - Setting next_dagrun for example_params_trigger_ui to None, run_after=None
[2025-01-13T17:04:50.084-0500] {processor.py:208} INFO - Processing /usr/local/lib/python3.10/site-packages/airflow/example_dags/example_params_trigger_ui.py took 0.268 seconds
[2025-01-13T17:07:00.452-0500] {processor.py:186} INFO - Started process (PID=66355) to work on /usr/local/lib/python3.10/site-packages/airflow/example_dags/example_params_trigger_ui.py
[2025-01-13T17:07:00.454-0500] {processor.py:914} INFO - Processing file /usr/local/lib/python3.10/site-packages/airflow/example_dags/example_params_trigger_ui.py for tasks to queue
[2025-01-13T17:07:00.455-0500] {logging_mixin.py:190} INFO - [2025-01-13T17:07:00.455-0500] {dagbag.py:588} INFO - Filling up the DagBag from /usr/local/lib/python3.10/site-packages/airflow/example_dags/example_params_trigger_ui.py
[2025-01-13T17:07:00.492-0500] {processor.py:925} INFO - DAG(s) 'example_params_trigger_ui' retrieved from /usr/local/lib/python3.10/site-packages/airflow/example_dags/example_params_trigger_ui.py
[2025-01-13T17:07:00.683-0500] {logging_mixin.py:190} INFO - [2025-01-13T17:07:00.682-0500] {dag.py:3239} INFO - Sync 1 DAGs
[2025-01-13T17:07:00.693-0500] {logging_mixin.py:190} INFO - [2025-01-13T17:07:00.693-0500] {dag.py:4180} INFO - Setting next_dagrun for example_params_trigger_ui to None, run_after=None
[2025-01-13T17:07:00.708-0500] {processor.py:208} INFO - Processing /usr/local/lib/python3.10/site-packages/airflow/example_dags/example_params_trigger_ui.py took 0.259 seconds
[2025-01-13T17:09:17.500-0500] {processor.py:186} INFO - Started process (PID=67890) to work on /usr/local/lib/python3.10/site-packages/airflow/example_dags/example_params_trigger_ui.py
[2025-01-13T17:09:17.502-0500] {processor.py:914} INFO - Processing file /usr/local/lib/python3.10/site-packages/airflow/example_dags/example_params_trigger_ui.py for tasks to queue
[2025-01-13T17:09:17.503-0500] {logging_mixin.py:190} INFO - [2025-01-13T17:09:17.503-0500] {dagbag.py:588} INFO - Filling up the DagBag from /usr/local/lib/python3.10/site-packages/airflow/example_dags/example_params_trigger_ui.py
[2025-01-13T17:09:17.539-0500] {processor.py:925} INFO - DAG(s) 'example_params_trigger_ui' retrieved from /usr/local/lib/python3.10/site-packages/airflow/example_dags/example_params_trigger_ui.py
[2025-01-13T17:09:17.723-0500] {logging_mixin.py:190} INFO - [2025-01-13T17:09:17.723-0500] {dag.py:3239} INFO - Sync 1 DAGs
[2025-01-13T17:09:17.734-0500] {logging_mixin.py:190} INFO - [2025-01-13T17:09:17.733-0500] {dag.py:4180} INFO - Setting next_dagrun for example_params_trigger_ui to None, run_after=None
[2025-01-13T17:09:17.749-0500] {processor.py:208} INFO - Processing /usr/local/lib/python3.10/site-packages/airflow/example_dags/example_params_trigger_ui.py took 0.253 seconds
[2025-01-13T17:11:26.900-0500] {processor.py:186} INFO - Started process (PID=69403) to work on /usr/local/lib/python3.10/site-packages/airflow/example_dags/example_params_trigger_ui.py
[2025-01-13T17:11:26.902-0500] {processor.py:914} INFO - Processing file /usr/local/lib/python3.10/site-packages/airflow/example_dags/example_params_trigger_ui.py for tasks to queue
[2025-01-13T17:11:26.903-0500] {logging_mixin.py:190} INFO - [2025-01-13T17:11:26.903-0500] {dagbag.py:588} INFO - Filling up the DagBag from /usr/local/lib/python3.10/site-packages/airflow/example_dags/example_params_trigger_ui.py
[2025-01-13T17:11:26.937-0500] {processor.py:925} INFO - DAG(s) 'example_params_trigger_ui' retrieved from /usr/local/lib/python3.10/site-packages/airflow/example_dags/example_params_trigger_ui.py
[2025-01-13T17:11:27.107-0500] {logging_mixin.py:190} INFO - [2025-01-13T17:11:27.107-0500] {dag.py:3239} INFO - Sync 1 DAGs
[2025-01-13T17:11:27.116-0500] {logging_mixin.py:190} INFO - [2025-01-13T17:11:27.116-0500] {dag.py:4180} INFO - Setting next_dagrun for example_params_trigger_ui to None, run_after=None
[2025-01-13T17:11:27.129-0500] {processor.py:208} INFO - Processing /usr/local/lib/python3.10/site-packages/airflow/example_dags/example_params_trigger_ui.py took 0.233 seconds
[2025-01-13T17:15:02.121-0500] {processor.py:186} INFO - Started process (PID=71645) to work on /usr/local/lib/python3.10/site-packages/airflow/example_dags/example_params_trigger_ui.py
[2025-01-13T17:15:02.125-0500] {processor.py:914} INFO - Processing file /usr/local/lib/python3.10/site-packages/airflow/example_dags/example_params_trigger_ui.py for tasks to queue
[2025-01-13T17:15:02.128-0500] {logging_mixin.py:190} INFO - [2025-01-13T17:15:02.127-0500] {dagbag.py:588} INFO - Filling up the DagBag from /usr/local/lib/python3.10/site-packages/airflow/example_dags/example_params_trigger_ui.py
[2025-01-13T17:15:02.247-0500] {processor.py:925} INFO - DAG(s) 'example_params_trigger_ui' retrieved from /usr/local/lib/python3.10/site-packages/airflow/example_dags/example_params_trigger_ui.py
[2025-01-13T17:15:02.792-0500] {logging_mixin.py:190} INFO - [2025-01-13T17:15:02.791-0500] {dag.py:3239} INFO - Sync 1 DAGs
[2025-01-13T17:15:02.827-0500] {logging_mixin.py:190} INFO - [2025-01-13T17:15:02.827-0500] {dag.py:4180} INFO - Setting next_dagrun for example_params_trigger_ui to None, run_after=None
[2025-01-13T17:15:02.876-0500] {processor.py:208} INFO - Processing /usr/local/lib/python3.10/site-packages/airflow/example_dags/example_params_trigger_ui.py took 0.769 seconds
[2025-01-13T17:17:44.264-0500] {processor.py:186} INFO - Started process (PID=73295) to work on /usr/local/lib/python3.10/site-packages/airflow/example_dags/example_params_trigger_ui.py
[2025-01-13T17:17:44.265-0500] {processor.py:914} INFO - Processing file /usr/local/lib/python3.10/site-packages/airflow/example_dags/example_params_trigger_ui.py for tasks to queue
[2025-01-13T17:17:44.267-0500] {logging_mixin.py:190} INFO - [2025-01-13T17:17:44.266-0500] {dagbag.py:588} INFO - Filling up the DagBag from /usr/local/lib/python3.10/site-packages/airflow/example_dags/example_params_trigger_ui.py
[2025-01-13T17:17:44.306-0500] {processor.py:925} INFO - DAG(s) 'example_params_trigger_ui' retrieved from /usr/local/lib/python3.10/site-packages/airflow/example_dags/example_params_trigger_ui.py
[2025-01-13T17:17:44.499-0500] {logging_mixin.py:190} INFO - [2025-01-13T17:17:44.499-0500] {dag.py:3239} INFO - Sync 1 DAGs
[2025-01-13T17:17:44.510-0500] {logging_mixin.py:190} INFO - [2025-01-13T17:17:44.510-0500] {dag.py:4180} INFO - Setting next_dagrun for example_params_trigger_ui to None, run_after=None
[2025-01-13T17:17:44.526-0500] {processor.py:208} INFO - Processing /usr/local/lib/python3.10/site-packages/airflow/example_dags/example_params_trigger_ui.py took 0.267 seconds
[2025-01-13T17:20:14.347-0500] {processor.py:186} INFO - Started process (PID=75122) to work on /usr/local/lib/python3.10/site-packages/airflow/example_dags/example_params_trigger_ui.py
[2025-01-13T17:20:14.349-0500] {processor.py:914} INFO - Processing file /usr/local/lib/python3.10/site-packages/airflow/example_dags/example_params_trigger_ui.py for tasks to queue
[2025-01-13T17:20:14.350-0500] {logging_mixin.py:190} INFO - [2025-01-13T17:20:14.350-0500] {dagbag.py:588} INFO - Filling up the DagBag from /usr/local/lib/python3.10/site-packages/airflow/example_dags/example_params_trigger_ui.py
[2025-01-13T17:20:14.388-0500] {processor.py:925} INFO - DAG(s) 'example_params_trigger_ui' retrieved from /usr/local/lib/python3.10/site-packages/airflow/example_dags/example_params_trigger_ui.py
[2025-01-13T17:20:14.575-0500] {logging_mixin.py:190} INFO - [2025-01-13T17:20:14.575-0500] {dag.py:3239} INFO - Sync 1 DAGs
[2025-01-13T17:20:14.585-0500] {logging_mixin.py:190} INFO - [2025-01-13T17:20:14.584-0500] {dag.py:4180} INFO - Setting next_dagrun for example_params_trigger_ui to None, run_after=None
[2025-01-13T17:20:14.600-0500] {processor.py:208} INFO - Processing /usr/local/lib/python3.10/site-packages/airflow/example_dags/example_params_trigger_ui.py took 0.256 seconds
[2025-01-13T17:22:32.758-0500] {processor.py:186} INFO - Started process (PID=76630) to work on /usr/local/lib/python3.10/site-packages/airflow/example_dags/example_params_trigger_ui.py
[2025-01-13T17:22:32.760-0500] {processor.py:914} INFO - Processing file /usr/local/lib/python3.10/site-packages/airflow/example_dags/example_params_trigger_ui.py for tasks to queue
[2025-01-13T17:22:32.761-0500] {logging_mixin.py:190} INFO - [2025-01-13T17:22:32.761-0500] {dagbag.py:588} INFO - Filling up the DagBag from /usr/local/lib/python3.10/site-packages/airflow/example_dags/example_params_trigger_ui.py
[2025-01-13T17:22:32.806-0500] {processor.py:925} INFO - DAG(s) 'example_params_trigger_ui' retrieved from /usr/local/lib/python3.10/site-packages/airflow/example_dags/example_params_trigger_ui.py
[2025-01-13T17:22:33.023-0500] {logging_mixin.py:190} INFO - [2025-01-13T17:22:33.022-0500] {dag.py:3239} INFO - Sync 1 DAGs
[2025-01-13T17:22:33.035-0500] {logging_mixin.py:190} INFO - [2025-01-13T17:22:33.035-0500] {dag.py:4180} INFO - Setting next_dagrun for example_params_trigger_ui to None, run_after=None
[2025-01-13T17:22:33.055-0500] {processor.py:208} INFO - Processing /usr/local/lib/python3.10/site-packages/airflow/example_dags/example_params_trigger_ui.py took 0.302 seconds
[2025-01-13T17:24:41.559-0500] {processor.py:186} INFO - Started process (PID=78112) to work on /usr/local/lib/python3.10/site-packages/airflow/example_dags/example_params_trigger_ui.py
[2025-01-13T17:24:41.561-0500] {processor.py:914} INFO - Processing file /usr/local/lib/python3.10/site-packages/airflow/example_dags/example_params_trigger_ui.py for tasks to queue
[2025-01-13T17:24:41.562-0500] {logging_mixin.py:190} INFO - [2025-01-13T17:24:41.562-0500] {dagbag.py:588} INFO - Filling up the DagBag from /usr/local/lib/python3.10/site-packages/airflow/example_dags/example_params_trigger_ui.py
[2025-01-13T17:24:41.597-0500] {processor.py:925} INFO - DAG(s) 'example_params_trigger_ui' retrieved from /usr/local/lib/python3.10/site-packages/airflow/example_dags/example_params_trigger_ui.py
[2025-01-13T17:24:41.773-0500] {logging_mixin.py:190} INFO - [2025-01-13T17:24:41.773-0500] {dag.py:3239} INFO - Sync 1 DAGs
[2025-01-13T17:24:41.792-0500] {logging_mixin.py:190} INFO - [2025-01-13T17:24:41.792-0500] {dag.py:4180} INFO - Setting next_dagrun for example_params_trigger_ui to None, run_after=None
[2025-01-13T17:24:41.807-0500] {processor.py:208} INFO - Processing /usr/local/lib/python3.10/site-packages/airflow/example_dags/example_params_trigger_ui.py took 0.252 seconds
[2025-01-13T17:26:50.274-0500] {processor.py:186} INFO - Started process (PID=79504) to work on /usr/local/lib/python3.10/site-packages/airflow/example_dags/example_params_trigger_ui.py
[2025-01-13T17:26:50.276-0500] {processor.py:914} INFO - Processing file /usr/local/lib/python3.10/site-packages/airflow/example_dags/example_params_trigger_ui.py for tasks to queue
[2025-01-13T17:26:50.277-0500] {logging_mixin.py:190} INFO - [2025-01-13T17:26:50.277-0500] {dagbag.py:588} INFO - Filling up the DagBag from /usr/local/lib/python3.10/site-packages/airflow/example_dags/example_params_trigger_ui.py
[2025-01-13T17:26:50.313-0500] {processor.py:925} INFO - DAG(s) 'example_params_trigger_ui' retrieved from /usr/local/lib/python3.10/site-packages/airflow/example_dags/example_params_trigger_ui.py
[2025-01-13T17:26:50.487-0500] {logging_mixin.py:190} INFO - [2025-01-13T17:26:50.486-0500] {dag.py:3239} INFO - Sync 1 DAGs
[2025-01-13T17:26:50.496-0500] {logging_mixin.py:190} INFO - [2025-01-13T17:26:50.495-0500] {dag.py:4180} INFO - Setting next_dagrun for example_params_trigger_ui to None, run_after=None
[2025-01-13T17:26:50.510-0500] {processor.py:208} INFO - Processing /usr/local/lib/python3.10/site-packages/airflow/example_dags/example_params_trigger_ui.py took 0.240 seconds
[2025-01-13T17:28:58.136-0500] {processor.py:186} INFO - Started process (PID=80986) to work on /usr/local/lib/python3.10/site-packages/airflow/example_dags/example_params_trigger_ui.py
[2025-01-13T17:28:58.138-0500] {processor.py:914} INFO - Processing file /usr/local/lib/python3.10/site-packages/airflow/example_dags/example_params_trigger_ui.py for tasks to queue
[2025-01-13T17:28:58.139-0500] {logging_mixin.py:190} INFO - [2025-01-13T17:28:58.139-0500] {dagbag.py:588} INFO - Filling up the DagBag from /usr/local/lib/python3.10/site-packages/airflow/example_dags/example_params_trigger_ui.py
[2025-01-13T17:28:58.174-0500] {processor.py:925} INFO - DAG(s) 'example_params_trigger_ui' retrieved from /usr/local/lib/python3.10/site-packages/airflow/example_dags/example_params_trigger_ui.py
[2025-01-13T17:28:58.345-0500] {logging_mixin.py:190} INFO - [2025-01-13T17:28:58.345-0500] {dag.py:3239} INFO - Sync 1 DAGs
[2025-01-13T17:28:58.355-0500] {logging_mixin.py:190} INFO - [2025-01-13T17:28:58.354-0500] {dag.py:4180} INFO - Setting next_dagrun for example_params_trigger_ui to None, run_after=None
[2025-01-13T17:28:58.370-0500] {processor.py:208} INFO - Processing /usr/local/lib/python3.10/site-packages/airflow/example_dags/example_params_trigger_ui.py took 0.238 seconds
[2025-01-13T17:31:17.370-0500] {processor.py:186} INFO - Started process (PID=82497) to work on /usr/local/lib/python3.10/site-packages/airflow/example_dags/example_params_trigger_ui.py
[2025-01-13T17:31:17.372-0500] {processor.py:914} INFO - Processing file /usr/local/lib/python3.10/site-packages/airflow/example_dags/example_params_trigger_ui.py for tasks to queue
[2025-01-13T17:31:17.373-0500] {logging_mixin.py:190} INFO - [2025-01-13T17:31:17.373-0500] {dagbag.py:588} INFO - Filling up the DagBag from /usr/local/lib/python3.10/site-packages/airflow/example_dags/example_params_trigger_ui.py
[2025-01-13T17:31:17.410-0500] {processor.py:925} INFO - DAG(s) 'example_params_trigger_ui' retrieved from /usr/local/lib/python3.10/site-packages/airflow/example_dags/example_params_trigger_ui.py
[2025-01-13T17:31:17.591-0500] {logging_mixin.py:190} INFO - [2025-01-13T17:31:17.590-0500] {dag.py:3239} INFO - Sync 1 DAGs
[2025-01-13T17:31:17.600-0500] {logging_mixin.py:190} INFO - [2025-01-13T17:31:17.600-0500] {dag.py:4180} INFO - Setting next_dagrun for example_params_trigger_ui to None, run_after=None
[2025-01-13T17:31:17.615-0500] {processor.py:208} INFO - Processing /usr/local/lib/python3.10/site-packages/airflow/example_dags/example_params_trigger_ui.py took 0.248 seconds
[2025-01-13T17:33:26.223-0500] {processor.py:186} INFO - Started process (PID=83990) to work on /usr/local/lib/python3.10/site-packages/airflow/example_dags/example_params_trigger_ui.py
[2025-01-13T17:33:26.225-0500] {processor.py:914} INFO - Processing file /usr/local/lib/python3.10/site-packages/airflow/example_dags/example_params_trigger_ui.py for tasks to queue
[2025-01-13T17:33:26.226-0500] {logging_mixin.py:190} INFO - [2025-01-13T17:33:26.226-0500] {dagbag.py:588} INFO - Filling up the DagBag from /usr/local/lib/python3.10/site-packages/airflow/example_dags/example_params_trigger_ui.py
[2025-01-13T17:33:26.269-0500] {processor.py:925} INFO - DAG(s) 'example_params_trigger_ui' retrieved from /usr/local/lib/python3.10/site-packages/airflow/example_dags/example_params_trigger_ui.py
[2025-01-13T17:33:26.469-0500] {logging_mixin.py:190} INFO - [2025-01-13T17:33:26.468-0500] {dag.py:3239} INFO - Sync 1 DAGs
[2025-01-13T17:33:26.481-0500] {logging_mixin.py:190} INFO - [2025-01-13T17:33:26.480-0500] {dag.py:4180} INFO - Setting next_dagrun for example_params_trigger_ui to None, run_after=None
[2025-01-13T17:33:26.497-0500] {processor.py:208} INFO - Processing /usr/local/lib/python3.10/site-packages/airflow/example_dags/example_params_trigger_ui.py took 0.280 seconds
[2025-01-13T17:35:46.118-0500] {processor.py:186} INFO - Started process (PID=85573) to work on /usr/local/lib/python3.10/site-packages/airflow/example_dags/example_params_trigger_ui.py
[2025-01-13T17:35:46.120-0500] {processor.py:914} INFO - Processing file /usr/local/lib/python3.10/site-packages/airflow/example_dags/example_params_trigger_ui.py for tasks to queue
[2025-01-13T17:35:46.121-0500] {logging_mixin.py:190} INFO - [2025-01-13T17:35:46.121-0500] {dagbag.py:588} INFO - Filling up the DagBag from /usr/local/lib/python3.10/site-packages/airflow/example_dags/example_params_trigger_ui.py
[2025-01-13T17:35:46.164-0500] {processor.py:925} INFO - DAG(s) 'example_params_trigger_ui' retrieved from /usr/local/lib/python3.10/site-packages/airflow/example_dags/example_params_trigger_ui.py
[2025-01-13T17:35:46.360-0500] {logging_mixin.py:190} INFO - [2025-01-13T17:35:46.360-0500] {dag.py:3239} INFO - Sync 1 DAGs
[2025-01-13T17:35:46.371-0500] {logging_mixin.py:190} INFO - [2025-01-13T17:35:46.371-0500] {dag.py:4180} INFO - Setting next_dagrun for example_params_trigger_ui to None, run_after=None
[2025-01-13T17:35:46.388-0500] {processor.py:208} INFO - Processing /usr/local/lib/python3.10/site-packages/airflow/example_dags/example_params_trigger_ui.py took 0.275 seconds
[2025-01-13T17:38:09.675-0500] {processor.py:186} INFO - Started process (PID=87202) to work on /usr/local/lib/python3.10/site-packages/airflow/example_dags/example_params_trigger_ui.py
[2025-01-13T17:38:09.676-0500] {processor.py:914} INFO - Processing file /usr/local/lib/python3.10/site-packages/airflow/example_dags/example_params_trigger_ui.py for tasks to queue
[2025-01-13T17:38:09.677-0500] {logging_mixin.py:190} INFO - [2025-01-13T17:38:09.677-0500] {dagbag.py:588} INFO - Filling up the DagBag from /usr/local/lib/python3.10/site-packages/airflow/example_dags/example_params_trigger_ui.py
[2025-01-13T17:38:09.717-0500] {processor.py:925} INFO - DAG(s) 'example_params_trigger_ui' retrieved from /usr/local/lib/python3.10/site-packages/airflow/example_dags/example_params_trigger_ui.py
[2025-01-13T17:38:09.926-0500] {logging_mixin.py:190} INFO - [2025-01-13T17:38:09.926-0500] {dag.py:3239} INFO - Sync 1 DAGs
[2025-01-13T17:38:09.936-0500] {logging_mixin.py:190} INFO - [2025-01-13T17:38:09.936-0500] {dag.py:4180} INFO - Setting next_dagrun for example_params_trigger_ui to None, run_after=None
[2025-01-13T17:38:09.951-0500] {processor.py:208} INFO - Processing /usr/local/lib/python3.10/site-packages/airflow/example_dags/example_params_trigger_ui.py took 0.281 seconds
[2025-01-13T17:40:20.965-0500] {processor.py:186} INFO - Started process (PID=88700) to work on /usr/local/lib/python3.10/site-packages/airflow/example_dags/example_params_trigger_ui.py
[2025-01-13T17:40:20.967-0500] {processor.py:914} INFO - Processing file /usr/local/lib/python3.10/site-packages/airflow/example_dags/example_params_trigger_ui.py for tasks to queue
[2025-01-13T17:40:20.968-0500] {logging_mixin.py:190} INFO - [2025-01-13T17:40:20.968-0500] {dagbag.py:588} INFO - Filling up the DagBag from /usr/local/lib/python3.10/site-packages/airflow/example_dags/example_params_trigger_ui.py
[2025-01-13T17:40:21.014-0500] {processor.py:925} INFO - DAG(s) 'example_params_trigger_ui' retrieved from /usr/local/lib/python3.10/site-packages/airflow/example_dags/example_params_trigger_ui.py
[2025-01-13T17:40:21.220-0500] {logging_mixin.py:190} INFO - [2025-01-13T17:40:21.220-0500] {dag.py:3239} INFO - Sync 1 DAGs
[2025-01-13T17:40:21.231-0500] {logging_mixin.py:190} INFO - [2025-01-13T17:40:21.231-0500] {dag.py:4180} INFO - Setting next_dagrun for example_params_trigger_ui to None, run_after=None
[2025-01-13T17:40:21.248-0500] {processor.py:208} INFO - Processing /usr/local/lib/python3.10/site-packages/airflow/example_dags/example_params_trigger_ui.py took 0.288 seconds
[2025-01-13T17:42:38.021-0500] {processor.py:186} INFO - Started process (PID=90322) to work on /usr/local/lib/python3.10/site-packages/airflow/example_dags/example_params_trigger_ui.py
[2025-01-13T17:42:38.023-0500] {processor.py:914} INFO - Processing file /usr/local/lib/python3.10/site-packages/airflow/example_dags/example_params_trigger_ui.py for tasks to queue
[2025-01-13T17:42:38.024-0500] {logging_mixin.py:190} INFO - [2025-01-13T17:42:38.024-0500] {dagbag.py:588} INFO - Filling up the DagBag from /usr/local/lib/python3.10/site-packages/airflow/example_dags/example_params_trigger_ui.py
[2025-01-13T17:42:38.065-0500] {processor.py:925} INFO - DAG(s) 'example_params_trigger_ui' retrieved from /usr/local/lib/python3.10/site-packages/airflow/example_dags/example_params_trigger_ui.py
[2025-01-13T17:42:38.251-0500] {logging_mixin.py:190} INFO - [2025-01-13T17:42:38.251-0500] {dag.py:3239} INFO - Sync 1 DAGs
[2025-01-13T17:42:38.262-0500] {logging_mixin.py:190} INFO - [2025-01-13T17:42:38.262-0500] {dag.py:4180} INFO - Setting next_dagrun for example_params_trigger_ui to None, run_after=None
[2025-01-13T17:42:38.278-0500] {processor.py:208} INFO - Processing /usr/local/lib/python3.10/site-packages/airflow/example_dags/example_params_trigger_ui.py took 0.260 seconds
[2025-01-13T17:45:03.233-0500] {processor.py:186} INFO - Started process (PID=91946) to work on /usr/local/lib/python3.10/site-packages/airflow/example_dags/example_params_trigger_ui.py
[2025-01-13T17:45:03.234-0500] {processor.py:914} INFO - Processing file /usr/local/lib/python3.10/site-packages/airflow/example_dags/example_params_trigger_ui.py for tasks to queue
[2025-01-13T17:45:03.235-0500] {logging_mixin.py:190} INFO - [2025-01-13T17:45:03.235-0500] {dagbag.py:588} INFO - Filling up the DagBag from /usr/local/lib/python3.10/site-packages/airflow/example_dags/example_params_trigger_ui.py
[2025-01-13T17:45:03.271-0500] {processor.py:925} INFO - DAG(s) 'example_params_trigger_ui' retrieved from /usr/local/lib/python3.10/site-packages/airflow/example_dags/example_params_trigger_ui.py
[2025-01-13T17:45:03.447-0500] {logging_mixin.py:190} INFO - [2025-01-13T17:45:03.447-0500] {dag.py:3239} INFO - Sync 1 DAGs
[2025-01-13T17:45:03.457-0500] {logging_mixin.py:190} INFO - [2025-01-13T17:45:03.456-0500] {dag.py:4180} INFO - Setting next_dagrun for example_params_trigger_ui to None, run_after=None
[2025-01-13T17:45:03.471-0500] {processor.py:208} INFO - Processing /usr/local/lib/python3.10/site-packages/airflow/example_dags/example_params_trigger_ui.py took 0.242 seconds
[2025-01-13T17:47:06.489-0500] {processor.py:186} INFO - Started process (PID=93331) to work on /usr/local/lib/python3.10/site-packages/airflow/example_dags/example_params_trigger_ui.py
[2025-01-13T17:47:06.491-0500] {processor.py:914} INFO - Processing file /usr/local/lib/python3.10/site-packages/airflow/example_dags/example_params_trigger_ui.py for tasks to queue
[2025-01-13T17:47:06.492-0500] {logging_mixin.py:190} INFO - [2025-01-13T17:47:06.492-0500] {dagbag.py:588} INFO - Filling up the DagBag from /usr/local/lib/python3.10/site-packages/airflow/example_dags/example_params_trigger_ui.py
[2025-01-13T17:47:06.527-0500] {processor.py:925} INFO - DAG(s) 'example_params_trigger_ui' retrieved from /usr/local/lib/python3.10/site-packages/airflow/example_dags/example_params_trigger_ui.py
[2025-01-13T17:47:06.704-0500] {logging_mixin.py:190} INFO - [2025-01-13T17:47:06.704-0500] {dag.py:3239} INFO - Sync 1 DAGs
[2025-01-13T17:47:06.714-0500] {logging_mixin.py:190} INFO - [2025-01-13T17:47:06.714-0500] {dag.py:4180} INFO - Setting next_dagrun for example_params_trigger_ui to None, run_after=None
[2025-01-13T17:47:06.729-0500] {processor.py:208} INFO - Processing /usr/local/lib/python3.10/site-packages/airflow/example_dags/example_params_trigger_ui.py took 0.244 seconds
[2025-01-13T17:49:16.245-0500] {processor.py:186} INFO - Started process (PID=94819) to work on /usr/local/lib/python3.10/site-packages/airflow/example_dags/example_params_trigger_ui.py
[2025-01-13T17:49:16.247-0500] {processor.py:914} INFO - Processing file /usr/local/lib/python3.10/site-packages/airflow/example_dags/example_params_trigger_ui.py for tasks to queue
[2025-01-13T17:49:16.248-0500] {logging_mixin.py:190} INFO - [2025-01-13T17:49:16.247-0500] {dagbag.py:588} INFO - Filling up the DagBag from /usr/local/lib/python3.10/site-packages/airflow/example_dags/example_params_trigger_ui.py
[2025-01-13T17:49:16.285-0500] {processor.py:925} INFO - DAG(s) 'example_params_trigger_ui' retrieved from /usr/local/lib/python3.10/site-packages/airflow/example_dags/example_params_trigger_ui.py
[2025-01-13T17:49:16.462-0500] {logging_mixin.py:190} INFO - [2025-01-13T17:49:16.462-0500] {dag.py:3239} INFO - Sync 1 DAGs
[2025-01-13T17:49:16.471-0500] {logging_mixin.py:190} INFO - [2025-01-13T17:49:16.471-0500] {dag.py:4180} INFO - Setting next_dagrun for example_params_trigger_ui to None, run_after=None
[2025-01-13T17:49:16.486-0500] {processor.py:208} INFO - Processing /usr/local/lib/python3.10/site-packages/airflow/example_dags/example_params_trigger_ui.py took 0.244 seconds
[2025-01-13T17:51:28.069-0500] {processor.py:186} INFO - Started process (PID=96198) to work on /usr/local/lib/python3.10/site-packages/airflow/example_dags/example_params_trigger_ui.py
[2025-01-13T17:51:28.071-0500] {processor.py:914} INFO - Processing file /usr/local/lib/python3.10/site-packages/airflow/example_dags/example_params_trigger_ui.py for tasks to queue
[2025-01-13T17:51:28.072-0500] {logging_mixin.py:190} INFO - [2025-01-13T17:51:28.072-0500] {dagbag.py:588} INFO - Filling up the DagBag from /usr/local/lib/python3.10/site-packages/airflow/example_dags/example_params_trigger_ui.py
[2025-01-13T17:51:28.112-0500] {processor.py:925} INFO - DAG(s) 'example_params_trigger_ui' retrieved from /usr/local/lib/python3.10/site-packages/airflow/example_dags/example_params_trigger_ui.py
[2025-01-13T17:51:28.304-0500] {logging_mixin.py:190} INFO - [2025-01-13T17:51:28.304-0500] {dag.py:3239} INFO - Sync 1 DAGs
[2025-01-13T17:51:28.315-0500] {logging_mixin.py:190} INFO - [2025-01-13T17:51:28.315-0500] {dag.py:4180} INFO - Setting next_dagrun for example_params_trigger_ui to None, run_after=None
[2025-01-13T17:51:28.330-0500] {processor.py:208} INFO - Processing /usr/local/lib/python3.10/site-packages/airflow/example_dags/example_params_trigger_ui.py took 0.265 seconds
[2025-01-13T17:53:40.572-0500] {processor.py:186} INFO - Started process (PID=97687) to work on /usr/local/lib/python3.10/site-packages/airflow/example_dags/example_params_trigger_ui.py
[2025-01-13T17:53:40.574-0500] {processor.py:914} INFO - Processing file /usr/local/lib/python3.10/site-packages/airflow/example_dags/example_params_trigger_ui.py for tasks to queue
[2025-01-13T17:53:40.576-0500] {logging_mixin.py:190} INFO - [2025-01-13T17:53:40.575-0500] {dagbag.py:588} INFO - Filling up the DagBag from /usr/local/lib/python3.10/site-packages/airflow/example_dags/example_params_trigger_ui.py
[2025-01-13T17:53:40.613-0500] {processor.py:925} INFO - DAG(s) 'example_params_trigger_ui' retrieved from /usr/local/lib/python3.10/site-packages/airflow/example_dags/example_params_trigger_ui.py
[2025-01-13T17:53:40.801-0500] {logging_mixin.py:190} INFO - [2025-01-13T17:53:40.800-0500] {dag.py:3239} INFO - Sync 1 DAGs
[2025-01-13T17:53:40.812-0500] {logging_mixin.py:190} INFO - [2025-01-13T17:53:40.811-0500] {dag.py:4180} INFO - Setting next_dagrun for example_params_trigger_ui to None, run_after=None
[2025-01-13T17:53:40.829-0500] {processor.py:208} INFO - Processing /usr/local/lib/python3.10/site-packages/airflow/example_dags/example_params_trigger_ui.py took 0.261 seconds
[2025-01-13T17:55:51.100-0500] {processor.py:186} INFO - Started process (PID=99201) to work on /usr/local/lib/python3.10/site-packages/airflow/example_dags/example_params_trigger_ui.py
[2025-01-13T17:55:51.102-0500] {processor.py:914} INFO - Processing file /usr/local/lib/python3.10/site-packages/airflow/example_dags/example_params_trigger_ui.py for tasks to queue
[2025-01-13T17:55:51.103-0500] {logging_mixin.py:190} INFO - [2025-01-13T17:55:51.103-0500] {dagbag.py:588} INFO - Filling up the DagBag from /usr/local/lib/python3.10/site-packages/airflow/example_dags/example_params_trigger_ui.py
[2025-01-13T17:55:51.139-0500] {processor.py:925} INFO - DAG(s) 'example_params_trigger_ui' retrieved from /usr/local/lib/python3.10/site-packages/airflow/example_dags/example_params_trigger_ui.py
[2025-01-13T17:55:51.321-0500] {logging_mixin.py:190} INFO - [2025-01-13T17:55:51.320-0500] {dag.py:3239} INFO - Sync 1 DAGs
[2025-01-13T17:55:51.330-0500] {logging_mixin.py:190} INFO - [2025-01-13T17:55:51.330-0500] {dag.py:4180} INFO - Setting next_dagrun for example_params_trigger_ui to None, run_after=None
[2025-01-13T17:55:51.346-0500] {processor.py:208} INFO - Processing /usr/local/lib/python3.10/site-packages/airflow/example_dags/example_params_trigger_ui.py took 0.250 seconds
[2025-01-13T17:58:02.472-0500] {processor.py:186} INFO - Started process (PID=1344) to work on /usr/local/lib/python3.10/site-packages/airflow/example_dags/example_params_trigger_ui.py
[2025-01-13T17:58:02.474-0500] {processor.py:914} INFO - Processing file /usr/local/lib/python3.10/site-packages/airflow/example_dags/example_params_trigger_ui.py for tasks to queue
[2025-01-13T17:58:02.475-0500] {logging_mixin.py:190} INFO - [2025-01-13T17:58:02.475-0500] {dagbag.py:588} INFO - Filling up the DagBag from /usr/local/lib/python3.10/site-packages/airflow/example_dags/example_params_trigger_ui.py
[2025-01-13T17:58:02.512-0500] {processor.py:925} INFO - DAG(s) 'example_params_trigger_ui' retrieved from /usr/local/lib/python3.10/site-packages/airflow/example_dags/example_params_trigger_ui.py
[2025-01-13T17:58:02.695-0500] {logging_mixin.py:190} INFO - [2025-01-13T17:58:02.695-0500] {dag.py:3239} INFO - Sync 1 DAGs
[2025-01-13T17:58:02.706-0500] {logging_mixin.py:190} INFO - [2025-01-13T17:58:02.706-0500] {dag.py:4180} INFO - Setting next_dagrun for example_params_trigger_ui to None, run_after=None
[2025-01-13T17:58:02.723-0500] {processor.py:208} INFO - Processing /usr/local/lib/python3.10/site-packages/airflow/example_dags/example_params_trigger_ui.py took 0.254 seconds
[2025-01-13T18:00:24.034-0500] {processor.py:186} INFO - Started process (PID=3047) to work on /usr/local/lib/python3.10/site-packages/airflow/example_dags/example_params_trigger_ui.py
[2025-01-13T18:00:24.036-0500] {processor.py:914} INFO - Processing file /usr/local/lib/python3.10/site-packages/airflow/example_dags/example_params_trigger_ui.py for tasks to queue
[2025-01-13T18:00:24.037-0500] {logging_mixin.py:190} INFO - [2025-01-13T18:00:24.037-0500] {dagbag.py:588} INFO - Filling up the DagBag from /usr/local/lib/python3.10/site-packages/airflow/example_dags/example_params_trigger_ui.py
[2025-01-13T18:00:24.073-0500] {processor.py:925} INFO - DAG(s) 'example_params_trigger_ui' retrieved from /usr/local/lib/python3.10/site-packages/airflow/example_dags/example_params_trigger_ui.py
[2025-01-13T18:00:24.252-0500] {logging_mixin.py:190} INFO - [2025-01-13T18:00:24.251-0500] {dag.py:3239} INFO - Sync 1 DAGs
[2025-01-13T18:00:24.261-0500] {logging_mixin.py:190} INFO - [2025-01-13T18:00:24.261-0500] {dag.py:4180} INFO - Setting next_dagrun for example_params_trigger_ui to None, run_after=None
[2025-01-13T18:00:24.276-0500] {processor.py:208} INFO - Processing /usr/local/lib/python3.10/site-packages/airflow/example_dags/example_params_trigger_ui.py took 0.246 seconds
[2025-01-13T18:02:55.002-0500] {processor.py:186} INFO - Started process (PID=4713) to work on /usr/local/lib/python3.10/site-packages/airflow/example_dags/example_params_trigger_ui.py
[2025-01-13T18:02:55.004-0500] {processor.py:914} INFO - Processing file /usr/local/lib/python3.10/site-packages/airflow/example_dags/example_params_trigger_ui.py for tasks to queue
[2025-01-13T18:02:55.005-0500] {logging_mixin.py:190} INFO - [2025-01-13T18:02:55.005-0500] {dagbag.py:588} INFO - Filling up the DagBag from /usr/local/lib/python3.10/site-packages/airflow/example_dags/example_params_trigger_ui.py
[2025-01-13T18:02:55.043-0500] {processor.py:925} INFO - DAG(s) 'example_params_trigger_ui' retrieved from /usr/local/lib/python3.10/site-packages/airflow/example_dags/example_params_trigger_ui.py
[2025-01-13T18:02:55.236-0500] {logging_mixin.py:190} INFO - [2025-01-13T18:02:55.235-0500] {dag.py:3239} INFO - Sync 1 DAGs
[2025-01-13T18:02:55.248-0500] {logging_mixin.py:190} INFO - [2025-01-13T18:02:55.247-0500] {dag.py:4180} INFO - Setting next_dagrun for example_params_trigger_ui to None, run_after=None
[2025-01-13T18:02:55.263-0500] {processor.py:208} INFO - Processing /usr/local/lib/python3.10/site-packages/airflow/example_dags/example_params_trigger_ui.py took 0.264 seconds
[2025-01-13T18:05:10.444-0500] {processor.py:186} INFO - Started process (PID=6362) to work on /usr/local/lib/python3.10/site-packages/airflow/example_dags/example_params_trigger_ui.py
[2025-01-13T18:05:10.446-0500] {processor.py:914} INFO - Processing file /usr/local/lib/python3.10/site-packages/airflow/example_dags/example_params_trigger_ui.py for tasks to queue
[2025-01-13T18:05:10.447-0500] {logging_mixin.py:190} INFO - [2025-01-13T18:05:10.447-0500] {dagbag.py:588} INFO - Filling up the DagBag from /usr/local/lib/python3.10/site-packages/airflow/example_dags/example_params_trigger_ui.py
[2025-01-13T18:05:10.484-0500] {processor.py:925} INFO - DAG(s) 'example_params_trigger_ui' retrieved from /usr/local/lib/python3.10/site-packages/airflow/example_dags/example_params_trigger_ui.py
[2025-01-13T18:05:10.660-0500] {logging_mixin.py:190} INFO - [2025-01-13T18:05:10.660-0500] {dag.py:3239} INFO - Sync 1 DAGs
[2025-01-13T18:05:10.672-0500] {logging_mixin.py:190} INFO - [2025-01-13T18:05:10.671-0500] {dag.py:4180} INFO - Setting next_dagrun for example_params_trigger_ui to None, run_after=None
[2025-01-13T18:05:10.692-0500] {processor.py:208} INFO - Processing /usr/local/lib/python3.10/site-packages/airflow/example_dags/example_params_trigger_ui.py took 0.252 seconds
[2025-01-13T18:07:28.085-0500] {processor.py:186} INFO - Started process (PID=7883) to work on /usr/local/lib/python3.10/site-packages/airflow/example_dags/example_params_trigger_ui.py
[2025-01-13T18:07:28.087-0500] {processor.py:914} INFO - Processing file /usr/local/lib/python3.10/site-packages/airflow/example_dags/example_params_trigger_ui.py for tasks to queue
[2025-01-13T18:07:28.088-0500] {logging_mixin.py:190} INFO - [2025-01-13T18:07:28.088-0500] {dagbag.py:588} INFO - Filling up the DagBag from /usr/local/lib/python3.10/site-packages/airflow/example_dags/example_params_trigger_ui.py
[2025-01-13T18:07:28.134-0500] {processor.py:925} INFO - DAG(s) 'example_params_trigger_ui' retrieved from /usr/local/lib/python3.10/site-packages/airflow/example_dags/example_params_trigger_ui.py
[2025-01-13T18:07:28.328-0500] {logging_mixin.py:190} INFO - [2025-01-13T18:07:28.328-0500] {dag.py:3239} INFO - Sync 1 DAGs
[2025-01-13T18:07:28.339-0500] {logging_mixin.py:190} INFO - [2025-01-13T18:07:28.339-0500] {dag.py:4180} INFO - Setting next_dagrun for example_params_trigger_ui to None, run_after=None
[2025-01-13T18:07:28.355-0500] {processor.py:208} INFO - Processing /usr/local/lib/python3.10/site-packages/airflow/example_dags/example_params_trigger_ui.py took 0.276 seconds
[2025-01-13T18:09:39.410-0500] {processor.py:186} INFO - Started process (PID=9404) to work on /usr/local/lib/python3.10/site-packages/airflow/example_dags/example_params_trigger_ui.py
[2025-01-13T18:09:39.412-0500] {processor.py:914} INFO - Processing file /usr/local/lib/python3.10/site-packages/airflow/example_dags/example_params_trigger_ui.py for tasks to queue
[2025-01-13T18:09:39.413-0500] {logging_mixin.py:190} INFO - [2025-01-13T18:09:39.413-0500] {dagbag.py:588} INFO - Filling up the DagBag from /usr/local/lib/python3.10/site-packages/airflow/example_dags/example_params_trigger_ui.py
[2025-01-13T18:09:39.453-0500] {processor.py:925} INFO - DAG(s) 'example_params_trigger_ui' retrieved from /usr/local/lib/python3.10/site-packages/airflow/example_dags/example_params_trigger_ui.py
[2025-01-13T18:09:39.655-0500] {logging_mixin.py:190} INFO - [2025-01-13T18:09:39.655-0500] {dag.py:3239} INFO - Sync 1 DAGs
[2025-01-13T18:09:39.666-0500] {logging_mixin.py:190} INFO - [2025-01-13T18:09:39.666-0500] {dag.py:4180} INFO - Setting next_dagrun for example_params_trigger_ui to None, run_after=None
[2025-01-13T18:09:39.683-0500] {processor.py:208} INFO - Processing /usr/local/lib/python3.10/site-packages/airflow/example_dags/example_params_trigger_ui.py took 0.278 seconds
[2025-01-13T18:11:53.947-0500] {processor.py:186} INFO - Started process (PID=10970) to work on /usr/local/lib/python3.10/site-packages/airflow/example_dags/example_params_trigger_ui.py
[2025-01-13T18:11:53.948-0500] {processor.py:914} INFO - Processing file /usr/local/lib/python3.10/site-packages/airflow/example_dags/example_params_trigger_ui.py for tasks to queue
[2025-01-13T18:11:53.949-0500] {logging_mixin.py:190} INFO - [2025-01-13T18:11:53.949-0500] {dagbag.py:588} INFO - Filling up the DagBag from /usr/local/lib/python3.10/site-packages/airflow/example_dags/example_params_trigger_ui.py
[2025-01-13T18:11:53.987-0500] {processor.py:925} INFO - DAG(s) 'example_params_trigger_ui' retrieved from /usr/local/lib/python3.10/site-packages/airflow/example_dags/example_params_trigger_ui.py
[2025-01-13T18:11:54.170-0500] {logging_mixin.py:190} INFO - [2025-01-13T18:11:54.170-0500] {dag.py:3239} INFO - Sync 1 DAGs
[2025-01-13T18:11:54.179-0500] {logging_mixin.py:190} INFO - [2025-01-13T18:11:54.179-0500] {dag.py:4180} INFO - Setting next_dagrun for example_params_trigger_ui to None, run_after=None
[2025-01-13T18:11:54.196-0500] {processor.py:208} INFO - Processing /usr/local/lib/python3.10/site-packages/airflow/example_dags/example_params_trigger_ui.py took 0.254 seconds
[2025-01-13T18:14:22.052-0500] {processor.py:186} INFO - Started process (PID=12639) to work on /usr/local/lib/python3.10/site-packages/airflow/example_dags/example_params_trigger_ui.py
[2025-01-13T18:14:22.054-0500] {processor.py:914} INFO - Processing file /usr/local/lib/python3.10/site-packages/airflow/example_dags/example_params_trigger_ui.py for tasks to queue
[2025-01-13T18:14:22.055-0500] {logging_mixin.py:190} INFO - [2025-01-13T18:14:22.055-0500] {dagbag.py:588} INFO - Filling up the DagBag from /usr/local/lib/python3.10/site-packages/airflow/example_dags/example_params_trigger_ui.py
[2025-01-13T18:14:22.097-0500] {processor.py:925} INFO - DAG(s) 'example_params_trigger_ui' retrieved from /usr/local/lib/python3.10/site-packages/airflow/example_dags/example_params_trigger_ui.py
[2025-01-13T18:14:22.295-0500] {logging_mixin.py:190} INFO - [2025-01-13T18:14:22.295-0500] {dag.py:3239} INFO - Sync 1 DAGs
[2025-01-13T18:14:22.307-0500] {logging_mixin.py:190} INFO - [2025-01-13T18:14:22.307-0500] {dag.py:4180} INFO - Setting next_dagrun for example_params_trigger_ui to None, run_after=None
[2025-01-13T18:14:22.323-0500] {processor.py:208} INFO - Processing /usr/local/lib/python3.10/site-packages/airflow/example_dags/example_params_trigger_ui.py took 0.276 seconds
[2025-01-13T18:16:46.002-0500] {processor.py:186} INFO - Started process (PID=14323) to work on /usr/local/lib/python3.10/site-packages/airflow/example_dags/example_params_trigger_ui.py
[2025-01-13T18:16:46.003-0500] {processor.py:914} INFO - Processing file /usr/local/lib/python3.10/site-packages/airflow/example_dags/example_params_trigger_ui.py for tasks to queue
[2025-01-13T18:16:46.005-0500] {logging_mixin.py:190} INFO - [2025-01-13T18:16:46.004-0500] {dagbag.py:588} INFO - Filling up the DagBag from /usr/local/lib/python3.10/site-packages/airflow/example_dags/example_params_trigger_ui.py
[2025-01-13T18:16:46.043-0500] {processor.py:925} INFO - DAG(s) 'example_params_trigger_ui' retrieved from /usr/local/lib/python3.10/site-packages/airflow/example_dags/example_params_trigger_ui.py
[2025-01-13T18:16:46.228-0500] {logging_mixin.py:190} INFO - [2025-01-13T18:16:46.227-0500] {dag.py:3239} INFO - Sync 1 DAGs
[2025-01-13T18:16:46.238-0500] {logging_mixin.py:190} INFO - [2025-01-13T18:16:46.238-0500] {dag.py:4180} INFO - Setting next_dagrun for example_params_trigger_ui to None, run_after=None
[2025-01-13T18:16:46.253-0500] {processor.py:208} INFO - Processing /usr/local/lib/python3.10/site-packages/airflow/example_dags/example_params_trigger_ui.py took 0.255 seconds
[2025-01-13T18:19:21.555-0500] {processor.py:186} INFO - Started process (PID=16265) to work on /usr/local/lib/python3.10/site-packages/airflow/example_dags/example_params_trigger_ui.py
[2025-01-13T18:19:21.557-0500] {processor.py:914} INFO - Processing file /usr/local/lib/python3.10/site-packages/airflow/example_dags/example_params_trigger_ui.py for tasks to queue
[2025-01-13T18:19:21.558-0500] {logging_mixin.py:190} INFO - [2025-01-13T18:19:21.558-0500] {dagbag.py:588} INFO - Filling up the DagBag from /usr/local/lib/python3.10/site-packages/airflow/example_dags/example_params_trigger_ui.py
[2025-01-13T18:19:21.606-0500] {processor.py:925} INFO - DAG(s) 'example_params_trigger_ui' retrieved from /usr/local/lib/python3.10/site-packages/airflow/example_dags/example_params_trigger_ui.py
[2025-01-13T18:19:21.831-0500] {logging_mixin.py:190} INFO - [2025-01-13T18:19:21.830-0500] {dag.py:3239} INFO - Sync 1 DAGs
[2025-01-13T18:19:21.844-0500] {logging_mixin.py:190} INFO - [2025-01-13T18:19:21.844-0500] {dag.py:4180} INFO - Setting next_dagrun for example_params_trigger_ui to None, run_after=None
[2025-01-13T18:19:21.862-0500] {processor.py:208} INFO - Processing /usr/local/lib/python3.10/site-packages/airflow/example_dags/example_params_trigger_ui.py took 0.313 seconds
[2025-01-13T18:21:38.636-0500] {processor.py:186} INFO - Started process (PID=17806) to work on /usr/local/lib/python3.10/site-packages/airflow/example_dags/example_params_trigger_ui.py
[2025-01-13T18:21:38.637-0500] {processor.py:914} INFO - Processing file /usr/local/lib/python3.10/site-packages/airflow/example_dags/example_params_trigger_ui.py for tasks to queue
[2025-01-13T18:21:38.638-0500] {logging_mixin.py:190} INFO - [2025-01-13T18:21:38.638-0500] {dagbag.py:588} INFO - Filling up the DagBag from /usr/local/lib/python3.10/site-packages/airflow/example_dags/example_params_trigger_ui.py
[2025-01-13T18:21:38.668-0500] {processor.py:925} INFO - DAG(s) 'example_params_trigger_ui' retrieved from /usr/local/lib/python3.10/site-packages/airflow/example_dags/example_params_trigger_ui.py
[2025-01-13T18:21:38.820-0500] {logging_mixin.py:190} INFO - [2025-01-13T18:21:38.820-0500] {dag.py:3239} INFO - Sync 1 DAGs
[2025-01-13T18:21:38.830-0500] {logging_mixin.py:190} INFO - [2025-01-13T18:21:38.829-0500] {dag.py:4180} INFO - Setting next_dagrun for example_params_trigger_ui to None, run_after=None
[2025-01-13T18:21:38.852-0500] {processor.py:208} INFO - Processing /usr/local/lib/python3.10/site-packages/airflow/example_dags/example_params_trigger_ui.py took 0.219 seconds
[2025-01-13T18:24:00.616-0500] {processor.py:186} INFO - Started process (PID=19438) to work on /usr/local/lib/python3.10/site-packages/airflow/example_dags/example_params_trigger_ui.py
[2025-01-13T18:24:00.618-0500] {processor.py:914} INFO - Processing file /usr/local/lib/python3.10/site-packages/airflow/example_dags/example_params_trigger_ui.py for tasks to queue
[2025-01-13T18:24:00.619-0500] {logging_mixin.py:190} INFO - [2025-01-13T18:24:00.619-0500] {dagbag.py:588} INFO - Filling up the DagBag from /usr/local/lib/python3.10/site-packages/airflow/example_dags/example_params_trigger_ui.py
[2025-01-13T18:24:00.666-0500] {processor.py:925} INFO - DAG(s) 'example_params_trigger_ui' retrieved from /usr/local/lib/python3.10/site-packages/airflow/example_dags/example_params_trigger_ui.py
[2025-01-13T18:24:00.870-0500] {logging_mixin.py:190} INFO - [2025-01-13T18:24:00.870-0500] {dag.py:3239} INFO - Sync 1 DAGs
[2025-01-13T18:24:00.882-0500] {logging_mixin.py:190} INFO - [2025-01-13T18:24:00.881-0500] {dag.py:4180} INFO - Setting next_dagrun for example_params_trigger_ui to None, run_after=None
[2025-01-13T18:24:00.900-0500] {processor.py:208} INFO - Processing /usr/local/lib/python3.10/site-packages/airflow/example_dags/example_params_trigger_ui.py took 0.288 seconds
[2025-01-13T18:26:16.775-0500] {processor.py:186} INFO - Started process (PID=20967) to work on /usr/local/lib/python3.10/site-packages/airflow/example_dags/example_params_trigger_ui.py
[2025-01-13T18:26:16.777-0500] {processor.py:914} INFO - Processing file /usr/local/lib/python3.10/site-packages/airflow/example_dags/example_params_trigger_ui.py for tasks to queue
[2025-01-13T18:26:16.778-0500] {logging_mixin.py:190} INFO - [2025-01-13T18:26:16.778-0500] {dagbag.py:588} INFO - Filling up the DagBag from /usr/local/lib/python3.10/site-packages/airflow/example_dags/example_params_trigger_ui.py
[2025-01-13T18:26:16.814-0500] {processor.py:925} INFO - DAG(s) 'example_params_trigger_ui' retrieved from /usr/local/lib/python3.10/site-packages/airflow/example_dags/example_params_trigger_ui.py
[2025-01-13T18:26:16.985-0500] {logging_mixin.py:190} INFO - [2025-01-13T18:26:16.985-0500] {dag.py:3239} INFO - Sync 1 DAGs
[2025-01-13T18:26:16.995-0500] {logging_mixin.py:190} INFO - [2025-01-13T18:26:16.994-0500] {dag.py:4180} INFO - Setting next_dagrun for example_params_trigger_ui to None, run_after=None
[2025-01-13T18:26:17.010-0500] {processor.py:208} INFO - Processing /usr/local/lib/python3.10/site-packages/airflow/example_dags/example_params_trigger_ui.py took 0.238 seconds
[2025-01-13T18:28:21.840-0500] {processor.py:186} INFO - Started process (PID=22377) to work on /usr/local/lib/python3.10/site-packages/airflow/example_dags/example_params_trigger_ui.py
[2025-01-13T18:28:21.841-0500] {processor.py:914} INFO - Processing file /usr/local/lib/python3.10/site-packages/airflow/example_dags/example_params_trigger_ui.py for tasks to queue
[2025-01-13T18:28:21.842-0500] {logging_mixin.py:190} INFO - [2025-01-13T18:28:21.842-0500] {dagbag.py:588} INFO - Filling up the DagBag from /usr/local/lib/python3.10/site-packages/airflow/example_dags/example_params_trigger_ui.py
[2025-01-13T18:28:21.878-0500] {processor.py:925} INFO - DAG(s) 'example_params_trigger_ui' retrieved from /usr/local/lib/python3.10/site-packages/airflow/example_dags/example_params_trigger_ui.py
[2025-01-13T18:28:22.061-0500] {logging_mixin.py:190} INFO - [2025-01-13T18:28:22.061-0500] {dag.py:3239} INFO - Sync 1 DAGs
[2025-01-13T18:28:22.073-0500] {logging_mixin.py:190} INFO - [2025-01-13T18:28:22.072-0500] {dag.py:4180} INFO - Setting next_dagrun for example_params_trigger_ui to None, run_after=None
[2025-01-13T18:28:22.089-0500] {processor.py:208} INFO - Processing /usr/local/lib/python3.10/site-packages/airflow/example_dags/example_params_trigger_ui.py took 0.254 seconds
[2025-01-13T18:30:53.793-0500] {processor.py:186} INFO - Started process (PID=24271) to work on /usr/local/lib/python3.10/site-packages/airflow/example_dags/example_params_trigger_ui.py
[2025-01-13T18:30:53.795-0500] {processor.py:914} INFO - Processing file /usr/local/lib/python3.10/site-packages/airflow/example_dags/example_params_trigger_ui.py for tasks to queue
[2025-01-13T18:30:53.796-0500] {logging_mixin.py:190} INFO - [2025-01-13T18:30:53.796-0500] {dagbag.py:588} INFO - Filling up the DagBag from /usr/local/lib/python3.10/site-packages/airflow/example_dags/example_params_trigger_ui.py
[2025-01-13T18:30:53.834-0500] {processor.py:925} INFO - DAG(s) 'example_params_trigger_ui' retrieved from /usr/local/lib/python3.10/site-packages/airflow/example_dags/example_params_trigger_ui.py
[2025-01-13T18:30:54.020-0500] {logging_mixin.py:190} INFO - [2025-01-13T18:30:54.020-0500] {dag.py:3239} INFO - Sync 1 DAGs
[2025-01-13T18:30:54.031-0500] {logging_mixin.py:190} INFO - [2025-01-13T18:30:54.031-0500] {dag.py:4180} INFO - Setting next_dagrun for example_params_trigger_ui to None, run_after=None
[2025-01-13T18:30:54.047-0500] {processor.py:208} INFO - Processing /usr/local/lib/python3.10/site-packages/airflow/example_dags/example_params_trigger_ui.py took 0.258 seconds
[2025-01-13T18:39:35.732-0500] {processor.py:186} INFO - Started process (PID=30183) to work on /usr/local/lib/python3.10/site-packages/airflow/example_dags/example_params_trigger_ui.py
[2025-01-13T18:39:35.734-0500] {processor.py:914} INFO - Processing file /usr/local/lib/python3.10/site-packages/airflow/example_dags/example_params_trigger_ui.py for tasks to queue
[2025-01-13T18:39:35.735-0500] {logging_mixin.py:190} INFO - [2025-01-13T18:39:35.735-0500] {dagbag.py:588} INFO - Filling up the DagBag from /usr/local/lib/python3.10/site-packages/airflow/example_dags/example_params_trigger_ui.py
[2025-01-13T18:39:35.779-0500] {processor.py:925} INFO - DAG(s) 'example_params_trigger_ui' retrieved from /usr/local/lib/python3.10/site-packages/airflow/example_dags/example_params_trigger_ui.py
[2025-01-13T18:39:36.082-0500] {logging_mixin.py:190} INFO - [2025-01-13T18:39:36.082-0500] {dag.py:3239} INFO - Sync 1 DAGs
[2025-01-13T18:39:36.098-0500] {logging_mixin.py:190} INFO - [2025-01-13T18:39:36.098-0500] {dag.py:4180} INFO - Setting next_dagrun for example_params_trigger_ui to None, run_after=None
[2025-01-13T18:39:36.118-0500] {processor.py:208} INFO - Processing /usr/local/lib/python3.10/site-packages/airflow/example_dags/example_params_trigger_ui.py took 0.390 seconds
[2025-01-13T18:42:28.238-0500] {processor.py:186} INFO - Started process (PID=32167) to work on /usr/local/lib/python3.10/site-packages/airflow/example_dags/example_params_trigger_ui.py
[2025-01-13T18:42:28.240-0500] {processor.py:914} INFO - Processing file /usr/local/lib/python3.10/site-packages/airflow/example_dags/example_params_trigger_ui.py for tasks to queue
[2025-01-13T18:42:28.241-0500] {logging_mixin.py:190} INFO - [2025-01-13T18:42:28.241-0500] {dagbag.py:588} INFO - Filling up the DagBag from /usr/local/lib/python3.10/site-packages/airflow/example_dags/example_params_trigger_ui.py
[2025-01-13T18:42:28.284-0500] {processor.py:925} INFO - DAG(s) 'example_params_trigger_ui' retrieved from /usr/local/lib/python3.10/site-packages/airflow/example_dags/example_params_trigger_ui.py
[2025-01-13T18:42:28.496-0500] {logging_mixin.py:190} INFO - [2025-01-13T18:42:28.495-0500] {dag.py:3239} INFO - Sync 1 DAGs
[2025-01-13T18:42:28.509-0500] {logging_mixin.py:190} INFO - [2025-01-13T18:42:28.509-0500] {dag.py:4180} INFO - Setting next_dagrun for example_params_trigger_ui to None, run_after=None
[2025-01-13T18:42:28.528-0500] {processor.py:208} INFO - Processing /usr/local/lib/python3.10/site-packages/airflow/example_dags/example_params_trigger_ui.py took 0.295 seconds
[2025-01-13T18:44:47.790-0500] {processor.py:186} INFO - Started process (PID=33704) to work on /usr/local/lib/python3.10/site-packages/airflow/example_dags/example_params_trigger_ui.py
[2025-01-13T18:44:47.792-0500] {processor.py:914} INFO - Processing file /usr/local/lib/python3.10/site-packages/airflow/example_dags/example_params_trigger_ui.py for tasks to queue
[2025-01-13T18:44:47.793-0500] {logging_mixin.py:190} INFO - [2025-01-13T18:44:47.793-0500] {dagbag.py:588} INFO - Filling up the DagBag from /usr/local/lib/python3.10/site-packages/airflow/example_dags/example_params_trigger_ui.py
[2025-01-13T18:44:47.841-0500] {processor.py:925} INFO - DAG(s) 'example_params_trigger_ui' retrieved from /usr/local/lib/python3.10/site-packages/airflow/example_dags/example_params_trigger_ui.py
[2025-01-13T18:44:48.043-0500] {logging_mixin.py:190} INFO - [2025-01-13T18:44:48.043-0500] {dag.py:3239} INFO - Sync 1 DAGs
[2025-01-13T18:44:48.054-0500] {logging_mixin.py:190} INFO - [2025-01-13T18:44:48.053-0500] {dag.py:4180} INFO - Setting next_dagrun for example_params_trigger_ui to None, run_after=None
[2025-01-13T18:44:48.069-0500] {processor.py:208} INFO - Processing /usr/local/lib/python3.10/site-packages/airflow/example_dags/example_params_trigger_ui.py took 0.284 seconds
[2025-01-13T18:47:07.486-0500] {processor.py:186} INFO - Started process (PID=35361) to work on /usr/local/lib/python3.10/site-packages/airflow/example_dags/example_params_trigger_ui.py
[2025-01-13T18:47:07.488-0500] {processor.py:914} INFO - Processing file /usr/local/lib/python3.10/site-packages/airflow/example_dags/example_params_trigger_ui.py for tasks to queue
[2025-01-13T18:47:07.489-0500] {logging_mixin.py:190} INFO - [2025-01-13T18:47:07.489-0500] {dagbag.py:588} INFO - Filling up the DagBag from /usr/local/lib/python3.10/site-packages/airflow/example_dags/example_params_trigger_ui.py
[2025-01-13T18:47:07.527-0500] {processor.py:925} INFO - DAG(s) 'example_params_trigger_ui' retrieved from /usr/local/lib/python3.10/site-packages/airflow/example_dags/example_params_trigger_ui.py
[2025-01-13T18:47:07.719-0500] {logging_mixin.py:190} INFO - [2025-01-13T18:47:07.719-0500] {dag.py:3239} INFO - Sync 1 DAGs
[2025-01-13T18:47:07.730-0500] {logging_mixin.py:190} INFO - [2025-01-13T18:47:07.730-0500] {dag.py:4180} INFO - Setting next_dagrun for example_params_trigger_ui to None, run_after=None
[2025-01-13T18:47:07.745-0500] {processor.py:208} INFO - Processing /usr/local/lib/python3.10/site-packages/airflow/example_dags/example_params_trigger_ui.py took 0.263 seconds
[2025-01-13T18:49:43.373-0500] {processor.py:186} INFO - Started process (PID=37207) to work on /usr/local/lib/python3.10/site-packages/airflow/example_dags/example_params_trigger_ui.py
[2025-01-13T18:49:43.375-0500] {processor.py:914} INFO - Processing file /usr/local/lib/python3.10/site-packages/airflow/example_dags/example_params_trigger_ui.py for tasks to queue
[2025-01-13T18:49:43.379-0500] {logging_mixin.py:190} INFO - [2025-01-13T18:49:43.378-0500] {dagbag.py:588} INFO - Filling up the DagBag from /usr/local/lib/python3.10/site-packages/airflow/example_dags/example_params_trigger_ui.py
[2025-01-13T18:49:43.422-0500] {processor.py:925} INFO - DAG(s) 'example_params_trigger_ui' retrieved from /usr/local/lib/python3.10/site-packages/airflow/example_dags/example_params_trigger_ui.py
[2025-01-13T18:49:43.642-0500] {logging_mixin.py:190} INFO - [2025-01-13T18:49:43.637-0500] {dag.py:3239} INFO - Sync 1 DAGs
[2025-01-13T18:49:43.669-0500] {logging_mixin.py:190} INFO - [2025-01-13T18:49:43.668-0500] {dag.py:4180} INFO - Setting next_dagrun for example_params_trigger_ui to None, run_after=None
[2025-01-13T18:49:43.688-0500] {processor.py:208} INFO - Processing /usr/local/lib/python3.10/site-packages/airflow/example_dags/example_params_trigger_ui.py took 0.319 seconds
[2025-01-13T18:52:08.840-0500] {processor.py:186} INFO - Started process (PID=38850) to work on /usr/local/lib/python3.10/site-packages/airflow/example_dags/example_params_trigger_ui.py
[2025-01-13T18:52:08.843-0500] {processor.py:914} INFO - Processing file /usr/local/lib/python3.10/site-packages/airflow/example_dags/example_params_trigger_ui.py for tasks to queue
[2025-01-13T18:52:08.844-0500] {logging_mixin.py:190} INFO - [2025-01-13T18:52:08.844-0500] {dagbag.py:588} INFO - Filling up the DagBag from /usr/local/lib/python3.10/site-packages/airflow/example_dags/example_params_trigger_ui.py
[2025-01-13T18:52:08.887-0500] {processor.py:925} INFO - DAG(s) 'example_params_trigger_ui' retrieved from /usr/local/lib/python3.10/site-packages/airflow/example_dags/example_params_trigger_ui.py
[2025-01-13T18:52:09.070-0500] {logging_mixin.py:190} INFO - [2025-01-13T18:52:09.070-0500] {dag.py:3239} INFO - Sync 1 DAGs
[2025-01-13T18:52:09.081-0500] {logging_mixin.py:190} INFO - [2025-01-13T18:52:09.080-0500] {dag.py:4180} INFO - Setting next_dagrun for example_params_trigger_ui to None, run_after=None
[2025-01-13T18:52:09.096-0500] {processor.py:208} INFO - Processing /usr/local/lib/python3.10/site-packages/airflow/example_dags/example_params_trigger_ui.py took 0.261 seconds
[2025-01-13T18:54:27.902-0500] {processor.py:186} INFO - Started process (PID=40398) to work on /usr/local/lib/python3.10/site-packages/airflow/example_dags/example_params_trigger_ui.py
[2025-01-13T18:54:27.904-0500] {processor.py:914} INFO - Processing file /usr/local/lib/python3.10/site-packages/airflow/example_dags/example_params_trigger_ui.py for tasks to queue
[2025-01-13T18:54:27.906-0500] {logging_mixin.py:190} INFO - [2025-01-13T18:54:27.905-0500] {dagbag.py:588} INFO - Filling up the DagBag from /usr/local/lib/python3.10/site-packages/airflow/example_dags/example_params_trigger_ui.py
[2025-01-13T18:54:27.960-0500] {processor.py:925} INFO - DAG(s) 'example_params_trigger_ui' retrieved from /usr/local/lib/python3.10/site-packages/airflow/example_dags/example_params_trigger_ui.py
[2025-01-13T18:54:28.174-0500] {logging_mixin.py:190} INFO - [2025-01-13T18:54:28.173-0500] {dag.py:3239} INFO - Sync 1 DAGs
[2025-01-13T18:54:28.186-0500] {logging_mixin.py:190} INFO - [2025-01-13T18:54:28.186-0500] {dag.py:4180} INFO - Setting next_dagrun for example_params_trigger_ui to None, run_after=None
[2025-01-13T18:54:28.203-0500] {processor.py:208} INFO - Processing /usr/local/lib/python3.10/site-packages/airflow/example_dags/example_params_trigger_ui.py took 0.305 seconds
[2025-01-13T18:56:46.473-0500] {processor.py:186} INFO - Started process (PID=42050) to work on /usr/local/lib/python3.10/site-packages/airflow/example_dags/example_params_trigger_ui.py
[2025-01-13T18:56:46.475-0500] {processor.py:914} INFO - Processing file /usr/local/lib/python3.10/site-packages/airflow/example_dags/example_params_trigger_ui.py for tasks to queue
[2025-01-13T18:56:46.477-0500] {logging_mixin.py:190} INFO - [2025-01-13T18:56:46.476-0500] {dagbag.py:588} INFO - Filling up the DagBag from /usr/local/lib/python3.10/site-packages/airflow/example_dags/example_params_trigger_ui.py
[2025-01-13T18:56:46.515-0500] {processor.py:925} INFO - DAG(s) 'example_params_trigger_ui' retrieved from /usr/local/lib/python3.10/site-packages/airflow/example_dags/example_params_trigger_ui.py
[2025-01-13T18:56:46.697-0500] {logging_mixin.py:190} INFO - [2025-01-13T18:56:46.696-0500] {dag.py:3239} INFO - Sync 1 DAGs
[2025-01-13T18:56:46.707-0500] {logging_mixin.py:190} INFO - [2025-01-13T18:56:46.707-0500] {dag.py:4180} INFO - Setting next_dagrun for example_params_trigger_ui to None, run_after=None
[2025-01-13T18:56:46.723-0500] {processor.py:208} INFO - Processing /usr/local/lib/python3.10/site-packages/airflow/example_dags/example_params_trigger_ui.py took 0.253 seconds
[2025-01-13T18:59:04.638-0500] {processor.py:186} INFO - Started process (PID=43655) to work on /usr/local/lib/python3.10/site-packages/airflow/example_dags/example_params_trigger_ui.py
[2025-01-13T18:59:04.640-0500] {processor.py:914} INFO - Processing file /usr/local/lib/python3.10/site-packages/airflow/example_dags/example_params_trigger_ui.py for tasks to queue
[2025-01-13T18:59:04.641-0500] {logging_mixin.py:190} INFO - [2025-01-13T18:59:04.641-0500] {dagbag.py:588} INFO - Filling up the DagBag from /usr/local/lib/python3.10/site-packages/airflow/example_dags/example_params_trigger_ui.py
[2025-01-13T18:59:04.679-0500] {processor.py:925} INFO - DAG(s) 'example_params_trigger_ui' retrieved from /usr/local/lib/python3.10/site-packages/airflow/example_dags/example_params_trigger_ui.py
[2025-01-13T18:59:04.868-0500] {logging_mixin.py:190} INFO - [2025-01-13T18:59:04.867-0500] {dag.py:3239} INFO - Sync 1 DAGs
[2025-01-13T18:59:04.878-0500] {logging_mixin.py:190} INFO - [2025-01-13T18:59:04.878-0500] {dag.py:4180} INFO - Setting next_dagrun for example_params_trigger_ui to None, run_after=None
[2025-01-13T18:59:04.893-0500] {processor.py:208} INFO - Processing /usr/local/lib/python3.10/site-packages/airflow/example_dags/example_params_trigger_ui.py took 0.258 seconds
