[2025-01-13T16:52:04.779-0500] {processor.py:186} INFO - Started process (PID=56173) to work on /usr/local/lib/python3.10/site-packages/airflow/example_dags/example_task_group.py
[2025-01-13T16:52:04.780-0500] {processor.py:914} INFO - Processing file /usr/local/lib/python3.10/site-packages/airflow/example_dags/example_task_group.py for tasks to queue
[2025-01-13T16:52:04.781-0500] {logging_mixin.py:190} INFO - [2025-01-13T16:52:04.781-0500] {dagbag.py:588} INFO - Filling up the DagBag from /usr/local/lib/python3.10/site-packages/airflow/example_dags/example_task_group.py
[2025-01-13T16:52:04.791-0500] {processor.py:925} INFO - DAG(s) 'example_task_group' retrieved from /usr/local/lib/python3.10/site-packages/airflow/example_dags/example_task_group.py
[2025-01-13T16:52:05.031-0500] {logging_mixin.py:190} INFO - [2025-01-13T16:52:05.030-0500] {override.py:1912} INFO - Created Permission View: can read on DAG:example_task_group
[2025-01-13T16:52:05.038-0500] {logging_mixin.py:190} INFO - [2025-01-13T16:52:05.038-0500] {override.py:1912} INFO - Created Permission View: can edit on DAG:example_task_group
[2025-01-13T16:52:05.043-0500] {logging_mixin.py:190} INFO - [2025-01-13T16:52:05.043-0500] {override.py:1912} INFO - Created Permission View: can delete on DAG:example_task_group
[2025-01-13T16:52:05.051-0500] {logging_mixin.py:190} INFO - [2025-01-13T16:52:05.050-0500] {override.py:1912} INFO - Created Permission View: menu access on DAG Run:example_task_group
[2025-01-13T16:52:05.059-0500] {logging_mixin.py:190} INFO - [2025-01-13T16:52:05.059-0500] {override.py:1912} INFO - Created Permission View: can read on DAG Run:example_task_group
[2025-01-13T16:52:05.065-0500] {logging_mixin.py:190} INFO - [2025-01-13T16:52:05.064-0500] {override.py:1912} INFO - Created Permission View: can delete on DAG Run:example_task_group
[2025-01-13T16:52:05.070-0500] {logging_mixin.py:190} INFO - [2025-01-13T16:52:05.069-0500] {override.py:1912} INFO - Created Permission View: can create on DAG Run:example_task_group
[2025-01-13T16:52:05.070-0500] {logging_mixin.py:190} INFO - [2025-01-13T16:52:05.070-0500] {dag.py:3239} INFO - Sync 1 DAGs
[2025-01-13T16:52:05.082-0500] {logging_mixin.py:190} INFO - [2025-01-13T16:52:05.081-0500] {dag.py:3262} INFO - Creating ORM DAG for example_task_group
[2025-01-13T16:52:05.082-0500] {logging_mixin.py:190} INFO - [2025-01-13T16:52:05.082-0500] {dag.py:4180} INFO - Setting next_dagrun for example_task_group to None, run_after=None
[2025-01-13T16:52:05.096-0500] {processor.py:208} INFO - Processing /usr/local/lib/python3.10/site-packages/airflow/example_dags/example_task_group.py took 0.322 seconds
[2025-01-13T16:55:03.592-0500] {processor.py:186} INFO - Started process (PID=58137) to work on /usr/local/lib/python3.10/site-packages/airflow/example_dags/example_task_group.py
[2025-01-13T16:55:03.594-0500] {processor.py:914} INFO - Processing file /usr/local/lib/python3.10/site-packages/airflow/example_dags/example_task_group.py for tasks to queue
[2025-01-13T16:55:03.595-0500] {logging_mixin.py:190} INFO - [2025-01-13T16:55:03.595-0500] {dagbag.py:588} INFO - Filling up the DagBag from /usr/local/lib/python3.10/site-packages/airflow/example_dags/example_task_group.py
[2025-01-13T16:55:03.606-0500] {processor.py:925} INFO - DAG(s) 'example_task_group' retrieved from /usr/local/lib/python3.10/site-packages/airflow/example_dags/example_task_group.py
[2025-01-13T16:55:03.766-0500] {logging_mixin.py:190} INFO - [2025-01-13T16:55:03.765-0500] {dag.py:3239} INFO - Sync 1 DAGs
[2025-01-13T16:55:03.776-0500] {logging_mixin.py:190} INFO - [2025-01-13T16:55:03.776-0500] {dag.py:4180} INFO - Setting next_dagrun for example_task_group to None, run_after=None
[2025-01-13T16:55:03.792-0500] {processor.py:208} INFO - Processing /usr/local/lib/python3.10/site-packages/airflow/example_dags/example_task_group.py took 0.204 seconds
[2025-01-13T16:57:12.832-0500] {processor.py:186} INFO - Started process (PID=59657) to work on /usr/local/lib/python3.10/site-packages/airflow/example_dags/example_task_group.py
[2025-01-13T16:57:12.833-0500] {processor.py:914} INFO - Processing file /usr/local/lib/python3.10/site-packages/airflow/example_dags/example_task_group.py for tasks to queue
[2025-01-13T16:57:12.835-0500] {logging_mixin.py:190} INFO - [2025-01-13T16:57:12.834-0500] {dagbag.py:588} INFO - Filling up the DagBag from /usr/local/lib/python3.10/site-packages/airflow/example_dags/example_task_group.py
[2025-01-13T16:57:12.845-0500] {processor.py:925} INFO - DAG(s) 'example_task_group' retrieved from /usr/local/lib/python3.10/site-packages/airflow/example_dags/example_task_group.py
[2025-01-13T16:57:13.005-0500] {logging_mixin.py:190} INFO - [2025-01-13T16:57:13.005-0500] {dag.py:3239} INFO - Sync 1 DAGs
[2025-01-13T16:57:13.015-0500] {logging_mixin.py:190} INFO - [2025-01-13T16:57:13.015-0500] {dag.py:4180} INFO - Setting next_dagrun for example_task_group to None, run_after=None
[2025-01-13T16:57:13.030-0500] {processor.py:208} INFO - Processing /usr/local/lib/python3.10/site-packages/airflow/example_dags/example_task_group.py took 0.203 seconds
[2025-01-13T16:59:51.118-0500] {processor.py:186} INFO - Started process (PID=61469) to work on /usr/local/lib/python3.10/site-packages/airflow/example_dags/example_task_group.py
[2025-01-13T16:59:51.120-0500] {processor.py:914} INFO - Processing file /usr/local/lib/python3.10/site-packages/airflow/example_dags/example_task_group.py for tasks to queue
[2025-01-13T16:59:51.121-0500] {logging_mixin.py:190} INFO - [2025-01-13T16:59:51.121-0500] {dagbag.py:588} INFO - Filling up the DagBag from /usr/local/lib/python3.10/site-packages/airflow/example_dags/example_task_group.py
[2025-01-13T16:59:51.134-0500] {processor.py:925} INFO - DAG(s) 'example_task_group' retrieved from /usr/local/lib/python3.10/site-packages/airflow/example_dags/example_task_group.py
[2025-01-13T16:59:51.322-0500] {logging_mixin.py:190} INFO - [2025-01-13T16:59:51.321-0500] {dag.py:3239} INFO - Sync 1 DAGs
[2025-01-13T16:59:51.333-0500] {logging_mixin.py:190} INFO - [2025-01-13T16:59:51.333-0500] {dag.py:4180} INFO - Setting next_dagrun for example_task_group to None, run_after=None
[2025-01-13T16:59:51.353-0500] {processor.py:208} INFO - Processing /usr/local/lib/python3.10/site-packages/airflow/example_dags/example_task_group.py took 0.240 seconds
[2025-01-13T17:02:00.697-0500] {processor.py:186} INFO - Started process (PID=62986) to work on /usr/local/lib/python3.10/site-packages/airflow/example_dags/example_task_group.py
[2025-01-13T17:02:00.699-0500] {processor.py:914} INFO - Processing file /usr/local/lib/python3.10/site-packages/airflow/example_dags/example_task_group.py for tasks to queue
[2025-01-13T17:02:00.700-0500] {logging_mixin.py:190} INFO - [2025-01-13T17:02:00.700-0500] {dagbag.py:588} INFO - Filling up the DagBag from /usr/local/lib/python3.10/site-packages/airflow/example_dags/example_task_group.py
[2025-01-13T17:02:00.710-0500] {processor.py:925} INFO - DAG(s) 'example_task_group' retrieved from /usr/local/lib/python3.10/site-packages/airflow/example_dags/example_task_group.py
[2025-01-13T17:02:00.875-0500] {logging_mixin.py:190} INFO - [2025-01-13T17:02:00.874-0500] {dag.py:3239} INFO - Sync 1 DAGs
[2025-01-13T17:02:00.886-0500] {logging_mixin.py:190} INFO - [2025-01-13T17:02:00.886-0500] {dag.py:4180} INFO - Setting next_dagrun for example_task_group to None, run_after=None
[2025-01-13T17:02:00.904-0500] {processor.py:208} INFO - Processing /usr/local/lib/python3.10/site-packages/airflow/example_dags/example_task_group.py took 0.211 seconds
[2025-01-13T17:04:10.098-0500] {processor.py:186} INFO - Started process (PID=64494) to work on /usr/local/lib/python3.10/site-packages/airflow/example_dags/example_task_group.py
[2025-01-13T17:04:10.100-0500] {processor.py:914} INFO - Processing file /usr/local/lib/python3.10/site-packages/airflow/example_dags/example_task_group.py for tasks to queue
[2025-01-13T17:04:10.101-0500] {logging_mixin.py:190} INFO - [2025-01-13T17:04:10.101-0500] {dagbag.py:588} INFO - Filling up the DagBag from /usr/local/lib/python3.10/site-packages/airflow/example_dags/example_task_group.py
[2025-01-13T17:04:10.112-0500] {processor.py:925} INFO - DAG(s) 'example_task_group' retrieved from /usr/local/lib/python3.10/site-packages/airflow/example_dags/example_task_group.py
[2025-01-13T17:04:10.274-0500] {logging_mixin.py:190} INFO - [2025-01-13T17:04:10.273-0500] {dag.py:3239} INFO - Sync 1 DAGs
[2025-01-13T17:04:10.284-0500] {logging_mixin.py:190} INFO - [2025-01-13T17:04:10.284-0500] {dag.py:4180} INFO - Setting next_dagrun for example_task_group to None, run_after=None
[2025-01-13T17:04:10.300-0500] {processor.py:208} INFO - Processing /usr/local/lib/python3.10/site-packages/airflow/example_dags/example_task_group.py took 0.205 seconds
[2025-01-13T17:06:21.743-0500] {processor.py:186} INFO - Started process (PID=65978) to work on /usr/local/lib/python3.10/site-packages/airflow/example_dags/example_task_group.py
[2025-01-13T17:06:21.745-0500] {processor.py:914} INFO - Processing file /usr/local/lib/python3.10/site-packages/airflow/example_dags/example_task_group.py for tasks to queue
[2025-01-13T17:06:21.746-0500] {logging_mixin.py:190} INFO - [2025-01-13T17:06:21.745-0500] {dagbag.py:588} INFO - Filling up the DagBag from /usr/local/lib/python3.10/site-packages/airflow/example_dags/example_task_group.py
[2025-01-13T17:06:21.756-0500] {processor.py:925} INFO - DAG(s) 'example_task_group' retrieved from /usr/local/lib/python3.10/site-packages/airflow/example_dags/example_task_group.py
[2025-01-13T17:06:21.909-0500] {logging_mixin.py:190} INFO - [2025-01-13T17:06:21.909-0500] {dag.py:3239} INFO - Sync 1 DAGs
[2025-01-13T17:06:21.918-0500] {logging_mixin.py:190} INFO - [2025-01-13T17:06:21.918-0500] {dag.py:4180} INFO - Setting next_dagrun for example_task_group to None, run_after=None
[2025-01-13T17:06:21.933-0500] {processor.py:208} INFO - Processing /usr/local/lib/python3.10/site-packages/airflow/example_dags/example_task_group.py took 0.194 seconds
[2025-01-13T17:08:31.405-0500] {processor.py:186} INFO - Started process (PID=67393) to work on /usr/local/lib/python3.10/site-packages/airflow/example_dags/example_task_group.py
[2025-01-13T17:08:31.406-0500] {processor.py:914} INFO - Processing file /usr/local/lib/python3.10/site-packages/airflow/example_dags/example_task_group.py for tasks to queue
[2025-01-13T17:08:31.407-0500] {logging_mixin.py:190} INFO - [2025-01-13T17:08:31.407-0500] {dagbag.py:588} INFO - Filling up the DagBag from /usr/local/lib/python3.10/site-packages/airflow/example_dags/example_task_group.py
[2025-01-13T17:08:31.417-0500] {processor.py:925} INFO - DAG(s) 'example_task_group' retrieved from /usr/local/lib/python3.10/site-packages/airflow/example_dags/example_task_group.py
[2025-01-13T17:08:31.581-0500] {logging_mixin.py:190} INFO - [2025-01-13T17:08:31.581-0500] {dag.py:3239} INFO - Sync 1 DAGs
[2025-01-13T17:08:31.591-0500] {logging_mixin.py:190} INFO - [2025-01-13T17:08:31.591-0500] {dag.py:4180} INFO - Setting next_dagrun for example_task_group to None, run_after=None
[2025-01-13T17:08:31.604-0500] {processor.py:208} INFO - Processing /usr/local/lib/python3.10/site-packages/airflow/example_dags/example_task_group.py took 0.203 seconds
[2025-01-13T17:10:48.952-0500] {processor.py:186} INFO - Started process (PID=68947) to work on /usr/local/lib/python3.10/site-packages/airflow/example_dags/example_task_group.py
[2025-01-13T17:10:48.954-0500] {processor.py:914} INFO - Processing file /usr/local/lib/python3.10/site-packages/airflow/example_dags/example_task_group.py for tasks to queue
[2025-01-13T17:10:48.955-0500] {logging_mixin.py:190} INFO - [2025-01-13T17:10:48.955-0500] {dagbag.py:588} INFO - Filling up the DagBag from /usr/local/lib/python3.10/site-packages/airflow/example_dags/example_task_group.py
[2025-01-13T17:10:48.967-0500] {processor.py:925} INFO - DAG(s) 'example_task_group' retrieved from /usr/local/lib/python3.10/site-packages/airflow/example_dags/example_task_group.py
[2025-01-13T17:10:49.141-0500] {logging_mixin.py:190} INFO - [2025-01-13T17:10:49.141-0500] {dag.py:3239} INFO - Sync 1 DAGs
[2025-01-13T17:10:49.152-0500] {logging_mixin.py:190} INFO - [2025-01-13T17:10:49.151-0500] {dag.py:4180} INFO - Setting next_dagrun for example_task_group to None, run_after=None
[2025-01-13T17:10:49.167-0500] {processor.py:208} INFO - Processing /usr/local/lib/python3.10/site-packages/airflow/example_dags/example_task_group.py took 0.219 seconds
[2025-01-13T17:13:10.750-0500] {processor.py:186} INFO - Started process (PID=70445) to work on /usr/local/lib/python3.10/site-packages/airflow/example_dags/example_task_group.py
[2025-01-13T17:13:10.751-0500] {processor.py:914} INFO - Processing file /usr/local/lib/python3.10/site-packages/airflow/example_dags/example_task_group.py for tasks to queue
[2025-01-13T17:13:10.752-0500] {logging_mixin.py:190} INFO - [2025-01-13T17:13:10.752-0500] {dagbag.py:588} INFO - Filling up the DagBag from /usr/local/lib/python3.10/site-packages/airflow/example_dags/example_task_group.py
[2025-01-13T17:13:10.762-0500] {processor.py:925} INFO - DAG(s) 'example_task_group' retrieved from /usr/local/lib/python3.10/site-packages/airflow/example_dags/example_task_group.py
[2025-01-13T17:13:10.910-0500] {logging_mixin.py:190} INFO - [2025-01-13T17:13:10.909-0500] {dag.py:3239} INFO - Sync 1 DAGs
[2025-01-13T17:13:10.919-0500] {logging_mixin.py:190} INFO - [2025-01-13T17:13:10.919-0500] {dag.py:4180} INFO - Setting next_dagrun for example_task_group to None, run_after=None
[2025-01-13T17:13:10.933-0500] {processor.py:208} INFO - Processing /usr/local/lib/python3.10/site-packages/airflow/example_dags/example_task_group.py took 0.188 seconds
[2025-01-13T17:17:04.558-0500] {processor.py:186} INFO - Started process (PID=72835) to work on /usr/local/lib/python3.10/site-packages/airflow/example_dags/example_task_group.py
[2025-01-13T17:17:04.559-0500] {processor.py:914} INFO - Processing file /usr/local/lib/python3.10/site-packages/airflow/example_dags/example_task_group.py for tasks to queue
[2025-01-13T17:17:04.561-0500] {logging_mixin.py:190} INFO - [2025-01-13T17:17:04.560-0500] {dagbag.py:588} INFO - Filling up the DagBag from /usr/local/lib/python3.10/site-packages/airflow/example_dags/example_task_group.py
[2025-01-13T17:17:04.572-0500] {processor.py:925} INFO - DAG(s) 'example_task_group' retrieved from /usr/local/lib/python3.10/site-packages/airflow/example_dags/example_task_group.py
[2025-01-13T17:17:04.737-0500] {logging_mixin.py:190} INFO - [2025-01-13T17:17:04.736-0500] {dag.py:3239} INFO - Sync 1 DAGs
[2025-01-13T17:17:04.747-0500] {logging_mixin.py:190} INFO - [2025-01-13T17:17:04.747-0500] {dag.py:4180} INFO - Setting next_dagrun for example_task_group to None, run_after=None
[2025-01-13T17:17:04.763-0500] {processor.py:208} INFO - Processing /usr/local/lib/python3.10/site-packages/airflow/example_dags/example_task_group.py took 0.210 seconds
[2025-01-13T17:19:32.898-0500] {processor.py:186} INFO - Started process (PID=74627) to work on /usr/local/lib/python3.10/site-packages/airflow/example_dags/example_task_group.py
[2025-01-13T17:19:32.900-0500] {processor.py:914} INFO - Processing file /usr/local/lib/python3.10/site-packages/airflow/example_dags/example_task_group.py for tasks to queue
[2025-01-13T17:19:32.901-0500] {logging_mixin.py:190} INFO - [2025-01-13T17:19:32.901-0500] {dagbag.py:588} INFO - Filling up the DagBag from /usr/local/lib/python3.10/site-packages/airflow/example_dags/example_task_group.py
[2025-01-13T17:19:32.912-0500] {processor.py:925} INFO - DAG(s) 'example_task_group' retrieved from /usr/local/lib/python3.10/site-packages/airflow/example_dags/example_task_group.py
[2025-01-13T17:19:33.083-0500] {logging_mixin.py:190} INFO - [2025-01-13T17:19:33.083-0500] {dag.py:3239} INFO - Sync 1 DAGs
[2025-01-13T17:19:33.094-0500] {logging_mixin.py:190} INFO - [2025-01-13T17:19:33.094-0500] {dag.py:4180} INFO - Setting next_dagrun for example_task_group to None, run_after=None
[2025-01-13T17:19:33.112-0500] {processor.py:208} INFO - Processing /usr/local/lib/python3.10/site-packages/airflow/example_dags/example_task_group.py took 0.218 seconds
[2025-01-13T17:21:52.157-0500] {processor.py:186} INFO - Started process (PID=76163) to work on /usr/local/lib/python3.10/site-packages/airflow/example_dags/example_task_group.py
[2025-01-13T17:21:52.159-0500] {processor.py:914} INFO - Processing file /usr/local/lib/python3.10/site-packages/airflow/example_dags/example_task_group.py for tasks to queue
[2025-01-13T17:21:52.160-0500] {logging_mixin.py:190} INFO - [2025-01-13T17:21:52.160-0500] {dagbag.py:588} INFO - Filling up the DagBag from /usr/local/lib/python3.10/site-packages/airflow/example_dags/example_task_group.py
[2025-01-13T17:21:52.170-0500] {processor.py:925} INFO - DAG(s) 'example_task_group' retrieved from /usr/local/lib/python3.10/site-packages/airflow/example_dags/example_task_group.py
[2025-01-13T17:21:52.349-0500] {logging_mixin.py:190} INFO - [2025-01-13T17:21:52.349-0500] {dag.py:3239} INFO - Sync 1 DAGs
[2025-01-13T17:21:52.361-0500] {logging_mixin.py:190} INFO - [2025-01-13T17:21:52.361-0500] {dag.py:4180} INFO - Setting next_dagrun for example_task_group to None, run_after=None
[2025-01-13T17:21:52.379-0500] {processor.py:208} INFO - Processing /usr/local/lib/python3.10/site-packages/airflow/example_dags/example_task_group.py took 0.226 seconds
[2025-01-13T17:24:06.134-0500] {processor.py:186} INFO - Started process (PID=77660) to work on /usr/local/lib/python3.10/site-packages/airflow/example_dags/example_task_group.py
[2025-01-13T17:24:06.136-0500] {processor.py:914} INFO - Processing file /usr/local/lib/python3.10/site-packages/airflow/example_dags/example_task_group.py for tasks to queue
[2025-01-13T17:24:06.137-0500] {logging_mixin.py:190} INFO - [2025-01-13T17:24:06.137-0500] {dagbag.py:588} INFO - Filling up the DagBag from /usr/local/lib/python3.10/site-packages/airflow/example_dags/example_task_group.py
[2025-01-13T17:24:06.147-0500] {processor.py:925} INFO - DAG(s) 'example_task_group' retrieved from /usr/local/lib/python3.10/site-packages/airflow/example_dags/example_task_group.py
[2025-01-13T17:24:06.304-0500] {logging_mixin.py:190} INFO - [2025-01-13T17:24:06.304-0500] {dag.py:3239} INFO - Sync 1 DAGs
[2025-01-13T17:24:06.314-0500] {logging_mixin.py:190} INFO - [2025-01-13T17:24:06.314-0500] {dag.py:4180} INFO - Setting next_dagrun for example_task_group to None, run_after=None
[2025-01-13T17:24:06.329-0500] {processor.py:208} INFO - Processing /usr/local/lib/python3.10/site-packages/airflow/example_dags/example_task_group.py took 0.199 seconds
[2025-01-13T17:26:13.862-0500] {processor.py:186} INFO - Started process (PID=79147) to work on /usr/local/lib/python3.10/site-packages/airflow/example_dags/example_task_group.py
[2025-01-13T17:26:13.863-0500] {processor.py:914} INFO - Processing file /usr/local/lib/python3.10/site-packages/airflow/example_dags/example_task_group.py for tasks to queue
[2025-01-13T17:26:13.864-0500] {logging_mixin.py:190} INFO - [2025-01-13T17:26:13.864-0500] {dagbag.py:588} INFO - Filling up the DagBag from /usr/local/lib/python3.10/site-packages/airflow/example_dags/example_task_group.py
[2025-01-13T17:26:13.873-0500] {processor.py:925} INFO - DAG(s) 'example_task_group' retrieved from /usr/local/lib/python3.10/site-packages/airflow/example_dags/example_task_group.py
[2025-01-13T17:26:14.030-0500] {logging_mixin.py:190} INFO - [2025-01-13T17:26:14.029-0500] {dag.py:3239} INFO - Sync 1 DAGs
[2025-01-13T17:26:14.039-0500] {logging_mixin.py:190} INFO - [2025-01-13T17:26:14.039-0500] {dag.py:4180} INFO - Setting next_dagrun for example_task_group to None, run_after=None
[2025-01-13T17:26:14.055-0500] {processor.py:208} INFO - Processing /usr/local/lib/python3.10/site-packages/airflow/example_dags/example_task_group.py took 0.197 seconds
[2025-01-13T17:28:19.750-0500] {processor.py:186} INFO - Started process (PID=80533) to work on /usr/local/lib/python3.10/site-packages/airflow/example_dags/example_task_group.py
[2025-01-13T17:28:19.751-0500] {processor.py:914} INFO - Processing file /usr/local/lib/python3.10/site-packages/airflow/example_dags/example_task_group.py for tasks to queue
[2025-01-13T17:28:19.752-0500] {logging_mixin.py:190} INFO - [2025-01-13T17:28:19.752-0500] {dagbag.py:588} INFO - Filling up the DagBag from /usr/local/lib/python3.10/site-packages/airflow/example_dags/example_task_group.py
[2025-01-13T17:28:19.763-0500] {processor.py:925} INFO - DAG(s) 'example_task_group' retrieved from /usr/local/lib/python3.10/site-packages/airflow/example_dags/example_task_group.py
[2025-01-13T17:28:19.920-0500] {logging_mixin.py:190} INFO - [2025-01-13T17:28:19.920-0500] {dag.py:3239} INFO - Sync 1 DAGs
[2025-01-13T17:28:19.930-0500] {logging_mixin.py:190} INFO - [2025-01-13T17:28:19.929-0500] {dag.py:4180} INFO - Setting next_dagrun for example_task_group to None, run_after=None
[2025-01-13T17:28:19.946-0500] {processor.py:208} INFO - Processing /usr/local/lib/python3.10/site-packages/airflow/example_dags/example_task_group.py took 0.200 seconds
[2025-01-13T17:30:38.337-0500] {processor.py:186} INFO - Started process (PID=82036) to work on /usr/local/lib/python3.10/site-packages/airflow/example_dags/example_task_group.py
[2025-01-13T17:30:38.339-0500] {processor.py:914} INFO - Processing file /usr/local/lib/python3.10/site-packages/airflow/example_dags/example_task_group.py for tasks to queue
[2025-01-13T17:30:38.340-0500] {logging_mixin.py:190} INFO - [2025-01-13T17:30:38.340-0500] {dagbag.py:588} INFO - Filling up the DagBag from /usr/local/lib/python3.10/site-packages/airflow/example_dags/example_task_group.py
[2025-01-13T17:30:38.352-0500] {processor.py:925} INFO - DAG(s) 'example_task_group' retrieved from /usr/local/lib/python3.10/site-packages/airflow/example_dags/example_task_group.py
[2025-01-13T17:30:38.518-0500] {logging_mixin.py:190} INFO - [2025-01-13T17:30:38.518-0500] {dag.py:3239} INFO - Sync 1 DAGs
[2025-01-13T17:30:38.529-0500] {logging_mixin.py:190} INFO - [2025-01-13T17:30:38.528-0500] {dag.py:4180} INFO - Setting next_dagrun for example_task_group to None, run_after=None
[2025-01-13T17:30:38.545-0500] {processor.py:208} INFO - Processing /usr/local/lib/python3.10/site-packages/airflow/example_dags/example_task_group.py took 0.212 seconds
[2025-01-13T17:32:47.404-0500] {processor.py:186} INFO - Started process (PID=83532) to work on /usr/local/lib/python3.10/site-packages/airflow/example_dags/example_task_group.py
[2025-01-13T17:32:47.406-0500] {processor.py:914} INFO - Processing file /usr/local/lib/python3.10/site-packages/airflow/example_dags/example_task_group.py for tasks to queue
[2025-01-13T17:32:47.407-0500] {logging_mixin.py:190} INFO - [2025-01-13T17:32:47.407-0500] {dagbag.py:588} INFO - Filling up the DagBag from /usr/local/lib/python3.10/site-packages/airflow/example_dags/example_task_group.py
[2025-01-13T17:32:47.418-0500] {processor.py:925} INFO - DAG(s) 'example_task_group' retrieved from /usr/local/lib/python3.10/site-packages/airflow/example_dags/example_task_group.py
[2025-01-13T17:32:47.574-0500] {logging_mixin.py:190} INFO - [2025-01-13T17:32:47.574-0500] {dag.py:3239} INFO - Sync 1 DAGs
[2025-01-13T17:32:47.584-0500] {logging_mixin.py:190} INFO - [2025-01-13T17:32:47.584-0500] {dag.py:4180} INFO - Setting next_dagrun for example_task_group to None, run_after=None
[2025-01-13T17:32:47.599-0500] {processor.py:208} INFO - Processing /usr/local/lib/python3.10/site-packages/airflow/example_dags/example_task_group.py took 0.199 seconds
[2025-01-13T17:35:04.485-0500] {processor.py:186} INFO - Started process (PID=85104) to work on /usr/local/lib/python3.10/site-packages/airflow/example_dags/example_task_group.py
[2025-01-13T17:35:04.487-0500] {processor.py:914} INFO - Processing file /usr/local/lib/python3.10/site-packages/airflow/example_dags/example_task_group.py for tasks to queue
[2025-01-13T17:35:04.488-0500] {logging_mixin.py:190} INFO - [2025-01-13T17:35:04.488-0500] {dagbag.py:588} INFO - Filling up the DagBag from /usr/local/lib/python3.10/site-packages/airflow/example_dags/example_task_group.py
[2025-01-13T17:35:04.500-0500] {processor.py:925} INFO - DAG(s) 'example_task_group' retrieved from /usr/local/lib/python3.10/site-packages/airflow/example_dags/example_task_group.py
[2025-01-13T17:35:04.670-0500] {logging_mixin.py:190} INFO - [2025-01-13T17:35:04.670-0500] {dag.py:3239} INFO - Sync 1 DAGs
[2025-01-13T17:35:04.681-0500] {logging_mixin.py:190} INFO - [2025-01-13T17:35:04.681-0500] {dag.py:4180} INFO - Setting next_dagrun for example_task_group to None, run_after=None
[2025-01-13T17:35:04.699-0500] {processor.py:208} INFO - Processing /usr/local/lib/python3.10/site-packages/airflow/example_dags/example_task_group.py took 0.217 seconds
[2025-01-13T17:37:27.695-0500] {processor.py:186} INFO - Started process (PID=86733) to work on /usr/local/lib/python3.10/site-packages/airflow/example_dags/example_task_group.py
[2025-01-13T17:37:27.697-0500] {processor.py:914} INFO - Processing file /usr/local/lib/python3.10/site-packages/airflow/example_dags/example_task_group.py for tasks to queue
[2025-01-13T17:37:27.698-0500] {logging_mixin.py:190} INFO - [2025-01-13T17:37:27.698-0500] {dagbag.py:588} INFO - Filling up the DagBag from /usr/local/lib/python3.10/site-packages/airflow/example_dags/example_task_group.py
[2025-01-13T17:37:27.710-0500] {processor.py:925} INFO - DAG(s) 'example_task_group' retrieved from /usr/local/lib/python3.10/site-packages/airflow/example_dags/example_task_group.py
[2025-01-13T17:37:27.889-0500] {logging_mixin.py:190} INFO - [2025-01-13T17:37:27.889-0500] {dag.py:3239} INFO - Sync 1 DAGs
[2025-01-13T17:37:27.900-0500] {logging_mixin.py:190} INFO - [2025-01-13T17:37:27.900-0500] {dag.py:4180} INFO - Setting next_dagrun for example_task_group to None, run_after=None
[2025-01-13T17:37:27.917-0500] {processor.py:208} INFO - Processing /usr/local/lib/python3.10/site-packages/airflow/example_dags/example_task_group.py took 0.227 seconds
[2025-01-13T17:39:41.942-0500] {processor.py:186} INFO - Started process (PID=88285) to work on /usr/local/lib/python3.10/site-packages/airflow/example_dags/example_task_group.py
[2025-01-13T17:39:41.943-0500] {processor.py:914} INFO - Processing file /usr/local/lib/python3.10/site-packages/airflow/example_dags/example_task_group.py for tasks to queue
[2025-01-13T17:39:41.945-0500] {logging_mixin.py:190} INFO - [2025-01-13T17:39:41.944-0500] {dagbag.py:588} INFO - Filling up the DagBag from /usr/local/lib/python3.10/site-packages/airflow/example_dags/example_task_group.py
[2025-01-13T17:39:41.955-0500] {processor.py:925} INFO - DAG(s) 'example_task_group' retrieved from /usr/local/lib/python3.10/site-packages/airflow/example_dags/example_task_group.py
[2025-01-13T17:39:42.112-0500] {logging_mixin.py:190} INFO - [2025-01-13T17:39:42.112-0500] {dag.py:3239} INFO - Sync 1 DAGs
[2025-01-13T17:39:42.122-0500] {logging_mixin.py:190} INFO - [2025-01-13T17:39:42.122-0500] {dag.py:4180} INFO - Setting next_dagrun for example_task_group to None, run_after=None
[2025-01-13T17:39:42.137-0500] {processor.py:208} INFO - Processing /usr/local/lib/python3.10/site-packages/airflow/example_dags/example_task_group.py took 0.199 seconds
[2025-01-13T17:41:57.339-0500] {processor.py:186} INFO - Started process (PID=89861) to work on /usr/local/lib/python3.10/site-packages/airflow/example_dags/example_task_group.py
[2025-01-13T17:41:57.341-0500] {processor.py:914} INFO - Processing file /usr/local/lib/python3.10/site-packages/airflow/example_dags/example_task_group.py for tasks to queue
[2025-01-13T17:41:57.342-0500] {logging_mixin.py:190} INFO - [2025-01-13T17:41:57.342-0500] {dagbag.py:588} INFO - Filling up the DagBag from /usr/local/lib/python3.10/site-packages/airflow/example_dags/example_task_group.py
[2025-01-13T17:41:57.354-0500] {processor.py:925} INFO - DAG(s) 'example_task_group' retrieved from /usr/local/lib/python3.10/site-packages/airflow/example_dags/example_task_group.py
[2025-01-13T17:41:57.515-0500] {logging_mixin.py:190} INFO - [2025-01-13T17:41:57.514-0500] {dag.py:3239} INFO - Sync 1 DAGs
[2025-01-13T17:41:57.526-0500] {logging_mixin.py:190} INFO - [2025-01-13T17:41:57.526-0500] {dag.py:4180} INFO - Setting next_dagrun for example_task_group to None, run_after=None
[2025-01-13T17:41:57.544-0500] {processor.py:208} INFO - Processing /usr/local/lib/python3.10/site-packages/airflow/example_dags/example_task_group.py took 0.209 seconds
[2025-01-13T17:44:24.624-0500] {processor.py:186} INFO - Started process (PID=91490) to work on /usr/local/lib/python3.10/site-packages/airflow/example_dags/example_task_group.py
[2025-01-13T17:44:24.627-0500] {processor.py:914} INFO - Processing file /usr/local/lib/python3.10/site-packages/airflow/example_dags/example_task_group.py for tasks to queue
[2025-01-13T17:44:24.628-0500] {logging_mixin.py:190} INFO - [2025-01-13T17:44:24.628-0500] {dagbag.py:588} INFO - Filling up the DagBag from /usr/local/lib/python3.10/site-packages/airflow/example_dags/example_task_group.py
[2025-01-13T17:44:24.638-0500] {processor.py:925} INFO - DAG(s) 'example_task_group' retrieved from /usr/local/lib/python3.10/site-packages/airflow/example_dags/example_task_group.py
[2025-01-13T17:44:24.793-0500] {logging_mixin.py:190} INFO - [2025-01-13T17:44:24.793-0500] {dag.py:3239} INFO - Sync 1 DAGs
[2025-01-13T17:44:24.802-0500] {logging_mixin.py:190} INFO - [2025-01-13T17:44:24.802-0500] {dag.py:4180} INFO - Setting next_dagrun for example_task_group to None, run_after=None
[2025-01-13T17:44:24.818-0500] {processor.py:208} INFO - Processing /usr/local/lib/python3.10/site-packages/airflow/example_dags/example_task_group.py took 0.197 seconds
[2025-01-13T17:46:28.030-0500] {processor.py:186} INFO - Started process (PID=92873) to work on /usr/local/lib/python3.10/site-packages/airflow/example_dags/example_task_group.py
[2025-01-13T17:46:28.032-0500] {processor.py:914} INFO - Processing file /usr/local/lib/python3.10/site-packages/airflow/example_dags/example_task_group.py for tasks to queue
[2025-01-13T17:46:28.033-0500] {logging_mixin.py:190} INFO - [2025-01-13T17:46:28.033-0500] {dagbag.py:588} INFO - Filling up the DagBag from /usr/local/lib/python3.10/site-packages/airflow/example_dags/example_task_group.py
[2025-01-13T17:46:28.043-0500] {processor.py:925} INFO - DAG(s) 'example_task_group' retrieved from /usr/local/lib/python3.10/site-packages/airflow/example_dags/example_task_group.py
[2025-01-13T17:46:28.205-0500] {logging_mixin.py:190} INFO - [2025-01-13T17:46:28.205-0500] {dag.py:3239} INFO - Sync 1 DAGs
[2025-01-13T17:46:28.216-0500] {logging_mixin.py:190} INFO - [2025-01-13T17:46:28.215-0500] {dag.py:4180} INFO - Setting next_dagrun for example_task_group to None, run_after=None
[2025-01-13T17:46:28.232-0500] {processor.py:208} INFO - Processing /usr/local/lib/python3.10/site-packages/airflow/example_dags/example_task_group.py took 0.206 seconds
[2025-01-13T17:48:36.855-0500] {processor.py:186} INFO - Started process (PID=94363) to work on /usr/local/lib/python3.10/site-packages/airflow/example_dags/example_task_group.py
[2025-01-13T17:48:36.856-0500] {processor.py:914} INFO - Processing file /usr/local/lib/python3.10/site-packages/airflow/example_dags/example_task_group.py for tasks to queue
[2025-01-13T17:48:36.857-0500] {logging_mixin.py:190} INFO - [2025-01-13T17:48:36.857-0500] {dagbag.py:588} INFO - Filling up the DagBag from /usr/local/lib/python3.10/site-packages/airflow/example_dags/example_task_group.py
[2025-01-13T17:48:36.868-0500] {processor.py:925} INFO - DAG(s) 'example_task_group' retrieved from /usr/local/lib/python3.10/site-packages/airflow/example_dags/example_task_group.py
[2025-01-13T17:48:37.028-0500] {logging_mixin.py:190} INFO - [2025-01-13T17:48:37.028-0500] {dag.py:3239} INFO - Sync 1 DAGs
[2025-01-13T17:48:37.039-0500] {logging_mixin.py:190} INFO - [2025-01-13T17:48:37.038-0500] {dag.py:4180} INFO - Setting next_dagrun for example_task_group to None, run_after=None
[2025-01-13T17:48:37.054-0500] {processor.py:208} INFO - Processing /usr/local/lib/python3.10/site-packages/airflow/example_dags/example_task_group.py took 0.203 seconds
[2025-01-13T17:50:48.305-0500] {processor.py:186} INFO - Started process (PID=95741) to work on /usr/local/lib/python3.10/site-packages/airflow/example_dags/example_task_group.py
[2025-01-13T17:50:48.307-0500] {processor.py:914} INFO - Processing file /usr/local/lib/python3.10/site-packages/airflow/example_dags/example_task_group.py for tasks to queue
[2025-01-13T17:50:48.308-0500] {logging_mixin.py:190} INFO - [2025-01-13T17:50:48.308-0500] {dagbag.py:588} INFO - Filling up the DagBag from /usr/local/lib/python3.10/site-packages/airflow/example_dags/example_task_group.py
[2025-01-13T17:50:48.319-0500] {processor.py:925} INFO - DAG(s) 'example_task_group' retrieved from /usr/local/lib/python3.10/site-packages/airflow/example_dags/example_task_group.py
[2025-01-13T17:50:48.480-0500] {logging_mixin.py:190} INFO - [2025-01-13T17:50:48.479-0500] {dag.py:3239} INFO - Sync 1 DAGs
[2025-01-13T17:50:48.489-0500] {logging_mixin.py:190} INFO - [2025-01-13T17:50:48.489-0500] {dag.py:4180} INFO - Setting next_dagrun for example_task_group to None, run_after=None
[2025-01-13T17:50:48.504-0500] {processor.py:208} INFO - Processing /usr/local/lib/python3.10/site-packages/airflow/example_dags/example_task_group.py took 0.203 seconds
[2025-01-13T17:53:00.781-0500] {processor.py:186} INFO - Started process (PID=97231) to work on /usr/local/lib/python3.10/site-packages/airflow/example_dags/example_task_group.py
[2025-01-13T17:53:00.783-0500] {processor.py:914} INFO - Processing file /usr/local/lib/python3.10/site-packages/airflow/example_dags/example_task_group.py for tasks to queue
[2025-01-13T17:53:00.784-0500] {logging_mixin.py:190} INFO - [2025-01-13T17:53:00.784-0500] {dagbag.py:588} INFO - Filling up the DagBag from /usr/local/lib/python3.10/site-packages/airflow/example_dags/example_task_group.py
[2025-01-13T17:53:00.795-0500] {processor.py:925} INFO - DAG(s) 'example_task_group' retrieved from /usr/local/lib/python3.10/site-packages/airflow/example_dags/example_task_group.py
[2025-01-13T17:53:00.950-0500] {logging_mixin.py:190} INFO - [2025-01-13T17:53:00.950-0500] {dag.py:3239} INFO - Sync 1 DAGs
[2025-01-13T17:53:00.960-0500] {logging_mixin.py:190} INFO - [2025-01-13T17:53:00.959-0500] {dag.py:4180} INFO - Setting next_dagrun for example_task_group to None, run_after=None
[2025-01-13T17:53:00.975-0500] {processor.py:208} INFO - Processing /usr/local/lib/python3.10/site-packages/airflow/example_dags/example_task_group.py took 0.198 seconds
[2025-01-13T17:55:12.043-0500] {processor.py:186} INFO - Started process (PID=98750) to work on /usr/local/lib/python3.10/site-packages/airflow/example_dags/example_task_group.py
[2025-01-13T17:55:12.045-0500] {processor.py:914} INFO - Processing file /usr/local/lib/python3.10/site-packages/airflow/example_dags/example_task_group.py for tasks to queue
[2025-01-13T17:55:12.046-0500] {logging_mixin.py:190} INFO - [2025-01-13T17:55:12.046-0500] {dagbag.py:588} INFO - Filling up the DagBag from /usr/local/lib/python3.10/site-packages/airflow/example_dags/example_task_group.py
[2025-01-13T17:55:12.057-0500] {processor.py:925} INFO - DAG(s) 'example_task_group' retrieved from /usr/local/lib/python3.10/site-packages/airflow/example_dags/example_task_group.py
[2025-01-13T17:55:12.212-0500] {logging_mixin.py:190} INFO - [2025-01-13T17:55:12.212-0500] {dag.py:3239} INFO - Sync 1 DAGs
[2025-01-13T17:55:12.221-0500] {logging_mixin.py:190} INFO - [2025-01-13T17:55:12.221-0500] {dag.py:4180} INFO - Setting next_dagrun for example_task_group to None, run_after=None
[2025-01-13T17:55:12.236-0500] {processor.py:208} INFO - Processing /usr/local/lib/python3.10/site-packages/airflow/example_dags/example_task_group.py took 0.197 seconds
[2025-01-13T17:57:24.329-0500] {processor.py:186} INFO - Started process (PID=737) to work on /usr/local/lib/python3.10/site-packages/airflow/example_dags/example_task_group.py
[2025-01-13T17:57:24.331-0500] {processor.py:914} INFO - Processing file /usr/local/lib/python3.10/site-packages/airflow/example_dags/example_task_group.py for tasks to queue
[2025-01-13T17:57:24.332-0500] {logging_mixin.py:190} INFO - [2025-01-13T17:57:24.332-0500] {dagbag.py:588} INFO - Filling up the DagBag from /usr/local/lib/python3.10/site-packages/airflow/example_dags/example_task_group.py
[2025-01-13T17:57:24.344-0500] {processor.py:925} INFO - DAG(s) 'example_task_group' retrieved from /usr/local/lib/python3.10/site-packages/airflow/example_dags/example_task_group.py
[2025-01-13T17:57:24.522-0500] {logging_mixin.py:190} INFO - [2025-01-13T17:57:24.522-0500] {dag.py:3239} INFO - Sync 1 DAGs
[2025-01-13T17:57:24.534-0500] {logging_mixin.py:190} INFO - [2025-01-13T17:57:24.534-0500] {dag.py:4180} INFO - Setting next_dagrun for example_task_group to None, run_after=None
[2025-01-13T17:57:24.553-0500] {processor.py:208} INFO - Processing /usr/local/lib/python3.10/site-packages/airflow/example_dags/example_task_group.py took 0.229 seconds
[2025-01-13T17:59:44.776-0500] {processor.py:186} INFO - Started process (PID=2568) to work on /usr/local/lib/python3.10/site-packages/airflow/example_dags/example_task_group.py
[2025-01-13T17:59:44.778-0500] {processor.py:914} INFO - Processing file /usr/local/lib/python3.10/site-packages/airflow/example_dags/example_task_group.py for tasks to queue
[2025-01-13T17:59:44.779-0500] {logging_mixin.py:190} INFO - [2025-01-13T17:59:44.779-0500] {dagbag.py:588} INFO - Filling up the DagBag from /usr/local/lib/python3.10/site-packages/airflow/example_dags/example_task_group.py
[2025-01-13T17:59:44.789-0500] {processor.py:925} INFO - DAG(s) 'example_task_group' retrieved from /usr/local/lib/python3.10/site-packages/airflow/example_dags/example_task_group.py
[2025-01-13T17:59:44.940-0500] {logging_mixin.py:190} INFO - [2025-01-13T17:59:44.940-0500] {dag.py:3239} INFO - Sync 1 DAGs
[2025-01-13T17:59:44.950-0500] {logging_mixin.py:190} INFO - [2025-01-13T17:59:44.950-0500] {dag.py:4180} INFO - Setting next_dagrun for example_task_group to None, run_after=None
[2025-01-13T17:59:44.966-0500] {processor.py:208} INFO - Processing /usr/local/lib/python3.10/site-packages/airflow/example_dags/example_task_group.py took 0.194 seconds
[2025-01-13T18:02:14.089-0500] {processor.py:186} INFO - Started process (PID=4227) to work on /usr/local/lib/python3.10/site-packages/airflow/example_dags/example_task_group.py
[2025-01-13T18:02:14.091-0500] {processor.py:914} INFO - Processing file /usr/local/lib/python3.10/site-packages/airflow/example_dags/example_task_group.py for tasks to queue
[2025-01-13T18:02:14.092-0500] {logging_mixin.py:190} INFO - [2025-01-13T18:02:14.092-0500] {dagbag.py:588} INFO - Filling up the DagBag from /usr/local/lib/python3.10/site-packages/airflow/example_dags/example_task_group.py
[2025-01-13T18:02:14.103-0500] {processor.py:925} INFO - DAG(s) 'example_task_group' retrieved from /usr/local/lib/python3.10/site-packages/airflow/example_dags/example_task_group.py
[2025-01-13T18:02:14.261-0500] {logging_mixin.py:190} INFO - [2025-01-13T18:02:14.260-0500] {dag.py:3239} INFO - Sync 1 DAGs
[2025-01-13T18:02:14.271-0500] {logging_mixin.py:190} INFO - [2025-01-13T18:02:14.270-0500] {dag.py:4180} INFO - Setting next_dagrun for example_task_group to None, run_after=None
[2025-01-13T18:02:14.285-0500] {processor.py:208} INFO - Processing /usr/local/lib/python3.10/site-packages/airflow/example_dags/example_task_group.py took 0.200 seconds
[2025-01-13T18:04:28.413-0500] {processor.py:186} INFO - Started process (PID=5885) to work on /usr/local/lib/python3.10/site-packages/airflow/example_dags/example_task_group.py
[2025-01-13T18:04:28.415-0500] {processor.py:914} INFO - Processing file /usr/local/lib/python3.10/site-packages/airflow/example_dags/example_task_group.py for tasks to queue
[2025-01-13T18:04:28.416-0500] {logging_mixin.py:190} INFO - [2025-01-13T18:04:28.416-0500] {dagbag.py:588} INFO - Filling up the DagBag from /usr/local/lib/python3.10/site-packages/airflow/example_dags/example_task_group.py
[2025-01-13T18:04:28.427-0500] {processor.py:925} INFO - DAG(s) 'example_task_group' retrieved from /usr/local/lib/python3.10/site-packages/airflow/example_dags/example_task_group.py
[2025-01-13T18:04:28.590-0500] {logging_mixin.py:190} INFO - [2025-01-13T18:04:28.590-0500] {dag.py:3239} INFO - Sync 1 DAGs
[2025-01-13T18:04:28.601-0500] {logging_mixin.py:190} INFO - [2025-01-13T18:04:28.601-0500] {dag.py:4180} INFO - Setting next_dagrun for example_task_group to None, run_after=None
[2025-01-13T18:04:28.617-0500] {processor.py:208} INFO - Processing /usr/local/lib/python3.10/site-packages/airflow/example_dags/example_task_group.py took 0.208 seconds
[2025-01-13T18:06:46.321-0500] {processor.py:186} INFO - Started process (PID=7411) to work on /usr/local/lib/python3.10/site-packages/airflow/example_dags/example_task_group.py
[2025-01-13T18:06:46.323-0500] {processor.py:914} INFO - Processing file /usr/local/lib/python3.10/site-packages/airflow/example_dags/example_task_group.py for tasks to queue
[2025-01-13T18:06:46.324-0500] {logging_mixin.py:190} INFO - [2025-01-13T18:06:46.324-0500] {dagbag.py:588} INFO - Filling up the DagBag from /usr/local/lib/python3.10/site-packages/airflow/example_dags/example_task_group.py
[2025-01-13T18:06:46.336-0500] {processor.py:925} INFO - DAG(s) 'example_task_group' retrieved from /usr/local/lib/python3.10/site-packages/airflow/example_dags/example_task_group.py
[2025-01-13T18:06:46.501-0500] {logging_mixin.py:190} INFO - [2025-01-13T18:06:46.501-0500] {dag.py:3239} INFO - Sync 1 DAGs
[2025-01-13T18:06:46.513-0500] {logging_mixin.py:190} INFO - [2025-01-13T18:06:46.512-0500] {dag.py:4180} INFO - Setting next_dagrun for example_task_group to None, run_after=None
[2025-01-13T18:06:46.530-0500] {processor.py:208} INFO - Processing /usr/local/lib/python3.10/site-packages/airflow/example_dags/example_task_group.py took 0.213 seconds
[2025-01-13T18:08:58.721-0500] {processor.py:186} INFO - Started process (PID=8936) to work on /usr/local/lib/python3.10/site-packages/airflow/example_dags/example_task_group.py
[2025-01-13T18:08:58.723-0500] {processor.py:914} INFO - Processing file /usr/local/lib/python3.10/site-packages/airflow/example_dags/example_task_group.py for tasks to queue
[2025-01-13T18:08:58.724-0500] {logging_mixin.py:190} INFO - [2025-01-13T18:08:58.724-0500] {dagbag.py:588} INFO - Filling up the DagBag from /usr/local/lib/python3.10/site-packages/airflow/example_dags/example_task_group.py
[2025-01-13T18:08:58.736-0500] {processor.py:925} INFO - DAG(s) 'example_task_group' retrieved from /usr/local/lib/python3.10/site-packages/airflow/example_dags/example_task_group.py
[2025-01-13T18:08:58.897-0500] {logging_mixin.py:190} INFO - [2025-01-13T18:08:58.897-0500] {dag.py:3239} INFO - Sync 1 DAGs
[2025-01-13T18:08:58.908-0500] {logging_mixin.py:190} INFO - [2025-01-13T18:08:58.907-0500] {dag.py:4180} INFO - Setting next_dagrun for example_task_group to None, run_after=None
[2025-01-13T18:08:58.926-0500] {processor.py:208} INFO - Processing /usr/local/lib/python3.10/site-packages/airflow/example_dags/example_task_group.py took 0.209 seconds
[2025-01-13T18:11:13.216-0500] {processor.py:186} INFO - Started process (PID=10484) to work on /usr/local/lib/python3.10/site-packages/airflow/example_dags/example_task_group.py
[2025-01-13T18:11:13.218-0500] {processor.py:914} INFO - Processing file /usr/local/lib/python3.10/site-packages/airflow/example_dags/example_task_group.py for tasks to queue
[2025-01-13T18:11:13.220-0500] {logging_mixin.py:190} INFO - [2025-01-13T18:11:13.219-0500] {dagbag.py:588} INFO - Filling up the DagBag from /usr/local/lib/python3.10/site-packages/airflow/example_dags/example_task_group.py
[2025-01-13T18:11:13.231-0500] {processor.py:925} INFO - DAG(s) 'example_task_group' retrieved from /usr/local/lib/python3.10/site-packages/airflow/example_dags/example_task_group.py
[2025-01-13T18:11:13.401-0500] {logging_mixin.py:190} INFO - [2025-01-13T18:11:13.401-0500] {dag.py:3239} INFO - Sync 1 DAGs
[2025-01-13T18:11:13.413-0500] {logging_mixin.py:190} INFO - [2025-01-13T18:11:13.413-0500] {dag.py:4180} INFO - Setting next_dagrun for example_task_group to None, run_after=None
[2025-01-13T18:11:13.434-0500] {processor.py:208} INFO - Processing /usr/local/lib/python3.10/site-packages/airflow/example_dags/example_task_group.py took 0.222 seconds
[2025-01-13T18:13:41.621-0500] {processor.py:186} INFO - Started process (PID=12234) to work on /usr/local/lib/python3.10/site-packages/airflow/example_dags/example_task_group.py
[2025-01-13T18:13:41.623-0500] {processor.py:914} INFO - Processing file /usr/local/lib/python3.10/site-packages/airflow/example_dags/example_task_group.py for tasks to queue
[2025-01-13T18:13:41.625-0500] {logging_mixin.py:190} INFO - [2025-01-13T18:13:41.625-0500] {dagbag.py:588} INFO - Filling up the DagBag from /usr/local/lib/python3.10/site-packages/airflow/example_dags/example_task_group.py
[2025-01-13T18:13:41.635-0500] {processor.py:925} INFO - DAG(s) 'example_task_group' retrieved from /usr/local/lib/python3.10/site-packages/airflow/example_dags/example_task_group.py
[2025-01-13T18:13:41.789-0500] {logging_mixin.py:190} INFO - [2025-01-13T18:13:41.789-0500] {dag.py:3239} INFO - Sync 1 DAGs
[2025-01-13T18:13:41.799-0500] {logging_mixin.py:190} INFO - [2025-01-13T18:13:41.799-0500] {dag.py:4180} INFO - Setting next_dagrun for example_task_group to None, run_after=None
[2025-01-13T18:13:41.814-0500] {processor.py:208} INFO - Processing /usr/local/lib/python3.10/site-packages/airflow/example_dags/example_task_group.py took 0.197 seconds
[2025-01-13T18:16:05.877-0500] {processor.py:186} INFO - Started process (PID=13934) to work on /usr/local/lib/python3.10/site-packages/airflow/example_dags/example_task_group.py
[2025-01-13T18:16:05.895-0500] {processor.py:914} INFO - Processing file /usr/local/lib/python3.10/site-packages/airflow/example_dags/example_task_group.py for tasks to queue
[2025-01-13T18:16:05.896-0500] {logging_mixin.py:190} INFO - [2025-01-13T18:16:05.896-0500] {dagbag.py:588} INFO - Filling up the DagBag from /usr/local/lib/python3.10/site-packages/airflow/example_dags/example_task_group.py
[2025-01-13T18:16:05.908-0500] {processor.py:925} INFO - DAG(s) 'example_task_group' retrieved from /usr/local/lib/python3.10/site-packages/airflow/example_dags/example_task_group.py
[2025-01-13T18:16:06.068-0500] {logging_mixin.py:190} INFO - [2025-01-13T18:16:06.068-0500] {dag.py:3239} INFO - Sync 1 DAGs
[2025-01-13T18:16:06.079-0500] {logging_mixin.py:190} INFO - [2025-01-13T18:16:06.078-0500] {dag.py:4180} INFO - Setting next_dagrun for example_task_group to None, run_after=None
[2025-01-13T18:16:06.095-0500] {processor.py:208} INFO - Processing /usr/local/lib/python3.10/site-packages/airflow/example_dags/example_task_group.py took 0.222 seconds
[2025-01-13T18:18:41.821-0500] {processor.py:186} INFO - Started process (PID=15772) to work on /usr/local/lib/python3.10/site-packages/airflow/example_dags/example_task_group.py
[2025-01-13T18:18:41.823-0500] {processor.py:914} INFO - Processing file /usr/local/lib/python3.10/site-packages/airflow/example_dags/example_task_group.py for tasks to queue
[2025-01-13T18:18:41.824-0500] {logging_mixin.py:190} INFO - [2025-01-13T18:18:41.824-0500] {dagbag.py:588} INFO - Filling up the DagBag from /usr/local/lib/python3.10/site-packages/airflow/example_dags/example_task_group.py
[2025-01-13T18:18:41.835-0500] {processor.py:925} INFO - DAG(s) 'example_task_group' retrieved from /usr/local/lib/python3.10/site-packages/airflow/example_dags/example_task_group.py
[2025-01-13T18:18:41.995-0500] {logging_mixin.py:190} INFO - [2025-01-13T18:18:41.995-0500] {dag.py:3239} INFO - Sync 1 DAGs
[2025-01-13T18:18:42.006-0500] {logging_mixin.py:190} INFO - [2025-01-13T18:18:42.006-0500] {dag.py:4180} INFO - Setting next_dagrun for example_task_group to None, run_after=None
[2025-01-13T18:18:42.023-0500] {processor.py:208} INFO - Processing /usr/local/lib/python3.10/site-packages/airflow/example_dags/example_task_group.py took 0.205 seconds
[2025-01-13T18:21:00.243-0500] {processor.py:186} INFO - Started process (PID=17342) to work on /usr/local/lib/python3.10/site-packages/airflow/example_dags/example_task_group.py
[2025-01-13T18:21:00.244-0500] {processor.py:914} INFO - Processing file /usr/local/lib/python3.10/site-packages/airflow/example_dags/example_task_group.py for tasks to queue
[2025-01-13T18:21:00.246-0500] {logging_mixin.py:190} INFO - [2025-01-13T18:21:00.245-0500] {dagbag.py:588} INFO - Filling up the DagBag from /usr/local/lib/python3.10/site-packages/airflow/example_dags/example_task_group.py
[2025-01-13T18:21:00.256-0500] {processor.py:925} INFO - DAG(s) 'example_task_group' retrieved from /usr/local/lib/python3.10/site-packages/airflow/example_dags/example_task_group.py
[2025-01-13T18:21:00.412-0500] {logging_mixin.py:190} INFO - [2025-01-13T18:21:00.411-0500] {dag.py:3239} INFO - Sync 1 DAGs
[2025-01-13T18:21:00.421-0500] {logging_mixin.py:190} INFO - [2025-01-13T18:21:00.421-0500] {dag.py:4180} INFO - Setting next_dagrun for example_task_group to None, run_after=None
[2025-01-13T18:21:00.436-0500] {processor.py:208} INFO - Processing /usr/local/lib/python3.10/site-packages/airflow/example_dags/example_task_group.py took 0.198 seconds
[2025-01-13T18:23:16.743-0500] {processor.py:186} INFO - Started process (PID=18977) to work on /usr/local/lib/python3.10/site-packages/airflow/example_dags/example_task_group.py
[2025-01-13T18:23:16.745-0500] {processor.py:914} INFO - Processing file /usr/local/lib/python3.10/site-packages/airflow/example_dags/example_task_group.py for tasks to queue
[2025-01-13T18:23:16.746-0500] {logging_mixin.py:190} INFO - [2025-01-13T18:23:16.746-0500] {dagbag.py:588} INFO - Filling up the DagBag from /usr/local/lib/python3.10/site-packages/airflow/example_dags/example_task_group.py
[2025-01-13T18:23:16.758-0500] {processor.py:925} INFO - DAG(s) 'example_task_group' retrieved from /usr/local/lib/python3.10/site-packages/airflow/example_dags/example_task_group.py
[2025-01-13T18:23:16.932-0500] {logging_mixin.py:190} INFO - [2025-01-13T18:23:16.932-0500] {dag.py:3239} INFO - Sync 1 DAGs
[2025-01-13T18:23:16.943-0500] {logging_mixin.py:190} INFO - [2025-01-13T18:23:16.943-0500] {dag.py:4180} INFO - Setting next_dagrun for example_task_group to None, run_after=None
[2025-01-13T18:23:16.960-0500] {processor.py:208} INFO - Processing /usr/local/lib/python3.10/site-packages/airflow/example_dags/example_task_group.py took 0.223 seconds
[2025-01-13T18:25:38.172-0500] {processor.py:186} INFO - Started process (PID=20502) to work on /usr/local/lib/python3.10/site-packages/airflow/example_dags/example_task_group.py
[2025-01-13T18:25:38.175-0500] {processor.py:914} INFO - Processing file /usr/local/lib/python3.10/site-packages/airflow/example_dags/example_task_group.py for tasks to queue
[2025-01-13T18:25:38.176-0500] {logging_mixin.py:190} INFO - [2025-01-13T18:25:38.176-0500] {dagbag.py:588} INFO - Filling up the DagBag from /usr/local/lib/python3.10/site-packages/airflow/example_dags/example_task_group.py
[2025-01-13T18:25:38.187-0500] {processor.py:925} INFO - DAG(s) 'example_task_group' retrieved from /usr/local/lib/python3.10/site-packages/airflow/example_dags/example_task_group.py
[2025-01-13T18:25:38.354-0500] {logging_mixin.py:190} INFO - [2025-01-13T18:25:38.354-0500] {dag.py:3239} INFO - Sync 1 DAGs
[2025-01-13T18:25:38.365-0500] {logging_mixin.py:190} INFO - [2025-01-13T18:25:38.365-0500] {dag.py:4180} INFO - Setting next_dagrun for example_task_group to None, run_after=None
[2025-01-13T18:25:38.381-0500] {processor.py:208} INFO - Processing /usr/local/lib/python3.10/site-packages/airflow/example_dags/example_task_group.py took 0.213 seconds
[2025-01-13T18:27:43.399-0500] {processor.py:186} INFO - Started process (PID=22019) to work on /usr/local/lib/python3.10/site-packages/airflow/example_dags/example_task_group.py
[2025-01-13T18:27:43.400-0500] {processor.py:914} INFO - Processing file /usr/local/lib/python3.10/site-packages/airflow/example_dags/example_task_group.py for tasks to queue
[2025-01-13T18:27:43.401-0500] {logging_mixin.py:190} INFO - [2025-01-13T18:27:43.401-0500] {dagbag.py:588} INFO - Filling up the DagBag from /usr/local/lib/python3.10/site-packages/airflow/example_dags/example_task_group.py
[2025-01-13T18:27:43.410-0500] {processor.py:925} INFO - DAG(s) 'example_task_group' retrieved from /usr/local/lib/python3.10/site-packages/airflow/example_dags/example_task_group.py
[2025-01-13T18:27:43.563-0500] {logging_mixin.py:190} INFO - [2025-01-13T18:27:43.563-0500] {dag.py:3239} INFO - Sync 1 DAGs
[2025-01-13T18:27:43.573-0500] {logging_mixin.py:190} INFO - [2025-01-13T18:27:43.573-0500] {dag.py:4180} INFO - Setting next_dagrun for example_task_group to None, run_after=None
[2025-01-13T18:27:43.588-0500] {processor.py:208} INFO - Processing /usr/local/lib/python3.10/site-packages/airflow/example_dags/example_task_group.py took 0.193 seconds
[2025-01-13T18:30:11.471-0500] {processor.py:186} INFO - Started process (PID=23809) to work on /usr/local/lib/python3.10/site-packages/airflow/example_dags/example_task_group.py
[2025-01-13T18:30:11.474-0500] {processor.py:914} INFO - Processing file /usr/local/lib/python3.10/site-packages/airflow/example_dags/example_task_group.py for tasks to queue
[2025-01-13T18:30:11.477-0500] {logging_mixin.py:190} INFO - [2025-01-13T18:30:11.476-0500] {dagbag.py:588} INFO - Filling up the DagBag from /usr/local/lib/python3.10/site-packages/airflow/example_dags/example_task_group.py
[2025-01-13T18:30:11.499-0500] {processor.py:925} INFO - DAG(s) 'example_task_group' retrieved from /usr/local/lib/python3.10/site-packages/airflow/example_dags/example_task_group.py
[2025-01-13T18:30:11.832-0500] {logging_mixin.py:190} INFO - [2025-01-13T18:30:11.831-0500] {dag.py:3239} INFO - Sync 1 DAGs
[2025-01-13T18:30:11.847-0500] {logging_mixin.py:190} INFO - [2025-01-13T18:30:11.847-0500] {dag.py:4180} INFO - Setting next_dagrun for example_task_group to None, run_after=None
[2025-01-13T18:30:11.869-0500] {processor.py:208} INFO - Processing /usr/local/lib/python3.10/site-packages/airflow/example_dags/example_task_group.py took 0.406 seconds
[2025-01-13T18:32:24.940-0500] {processor.py:186} INFO - Started process (PID=25332) to work on /usr/local/lib/python3.10/site-packages/airflow/example_dags/example_task_group.py
[2025-01-13T18:32:24.941-0500] {processor.py:914} INFO - Processing file /usr/local/lib/python3.10/site-packages/airflow/example_dags/example_task_group.py for tasks to queue
[2025-01-13T18:32:24.942-0500] {logging_mixin.py:190} INFO - [2025-01-13T18:32:24.942-0500] {dagbag.py:588} INFO - Filling up the DagBag from /usr/local/lib/python3.10/site-packages/airflow/example_dags/example_task_group.py
[2025-01-13T18:32:24.954-0500] {processor.py:925} INFO - DAG(s) 'example_task_group' retrieved from /usr/local/lib/python3.10/site-packages/airflow/example_dags/example_task_group.py
[2025-01-13T18:32:25.159-0500] {logging_mixin.py:190} INFO - [2025-01-13T18:32:25.159-0500] {dag.py:3239} INFO - Sync 1 DAGs
[2025-01-13T18:32:25.171-0500] {logging_mixin.py:190} INFO - [2025-01-13T18:32:25.171-0500] {dag.py:4180} INFO - Setting next_dagrun for example_task_group to None, run_after=None
[2025-01-13T18:32:25.189-0500] {processor.py:208} INFO - Processing /usr/local/lib/python3.10/site-packages/airflow/example_dags/example_task_group.py took 0.253 seconds
[2025-01-13T18:38:52.046-0500] {processor.py:186} INFO - Started process (PID=29718) to work on /usr/local/lib/python3.10/site-packages/airflow/example_dags/example_task_group.py
[2025-01-13T18:38:52.048-0500] {processor.py:914} INFO - Processing file /usr/local/lib/python3.10/site-packages/airflow/example_dags/example_task_group.py for tasks to queue
[2025-01-13T18:38:52.049-0500] {logging_mixin.py:190} INFO - [2025-01-13T18:38:52.049-0500] {dagbag.py:588} INFO - Filling up the DagBag from /usr/local/lib/python3.10/site-packages/airflow/example_dags/example_task_group.py
[2025-01-13T18:38:52.061-0500] {processor.py:925} INFO - DAG(s) 'example_task_group' retrieved from /usr/local/lib/python3.10/site-packages/airflow/example_dags/example_task_group.py
[2025-01-13T18:38:52.235-0500] {logging_mixin.py:190} INFO - [2025-01-13T18:38:52.235-0500] {dag.py:3239} INFO - Sync 1 DAGs
[2025-01-13T18:38:52.246-0500] {logging_mixin.py:190} INFO - [2025-01-13T18:38:52.246-0500] {dag.py:4180} INFO - Setting next_dagrun for example_task_group to None, run_after=None
[2025-01-13T18:38:52.265-0500] {processor.py:208} INFO - Processing /usr/local/lib/python3.10/site-packages/airflow/example_dags/example_task_group.py took 0.224 seconds
[2025-01-13T18:41:46.761-0500] {processor.py:186} INFO - Started process (PID=31702) to work on /usr/local/lib/python3.10/site-packages/airflow/example_dags/example_task_group.py
[2025-01-13T18:41:46.764-0500] {processor.py:914} INFO - Processing file /usr/local/lib/python3.10/site-packages/airflow/example_dags/example_task_group.py for tasks to queue
[2025-01-13T18:41:46.765-0500] {logging_mixin.py:190} INFO - [2025-01-13T18:41:46.765-0500] {dagbag.py:588} INFO - Filling up the DagBag from /usr/local/lib/python3.10/site-packages/airflow/example_dags/example_task_group.py
[2025-01-13T18:41:46.777-0500] {processor.py:925} INFO - DAG(s) 'example_task_group' retrieved from /usr/local/lib/python3.10/site-packages/airflow/example_dags/example_task_group.py
[2025-01-13T18:41:46.948-0500] {logging_mixin.py:190} INFO - [2025-01-13T18:41:46.948-0500] {dag.py:3239} INFO - Sync 1 DAGs
[2025-01-13T18:41:46.959-0500] {logging_mixin.py:190} INFO - [2025-01-13T18:41:46.958-0500] {dag.py:4180} INFO - Setting next_dagrun for example_task_group to None, run_after=None
[2025-01-13T18:41:46.975-0500] {processor.py:208} INFO - Processing /usr/local/lib/python3.10/site-packages/airflow/example_dags/example_task_group.py took 0.219 seconds
[2025-01-13T18:44:04.030-0500] {processor.py:186} INFO - Started process (PID=33229) to work on /usr/local/lib/python3.10/site-packages/airflow/example_dags/example_task_group.py
[2025-01-13T18:44:04.032-0500] {processor.py:914} INFO - Processing file /usr/local/lib/python3.10/site-packages/airflow/example_dags/example_task_group.py for tasks to queue
[2025-01-13T18:44:04.034-0500] {logging_mixin.py:190} INFO - [2025-01-13T18:44:04.034-0500] {dagbag.py:588} INFO - Filling up the DagBag from /usr/local/lib/python3.10/site-packages/airflow/example_dags/example_task_group.py
[2025-01-13T18:44:04.048-0500] {processor.py:925} INFO - DAG(s) 'example_task_group' retrieved from /usr/local/lib/python3.10/site-packages/airflow/example_dags/example_task_group.py
[2025-01-13T18:44:04.243-0500] {logging_mixin.py:190} INFO - [2025-01-13T18:44:04.243-0500] {dag.py:3239} INFO - Sync 1 DAGs
[2025-01-13T18:44:04.255-0500] {logging_mixin.py:190} INFO - [2025-01-13T18:44:04.255-0500] {dag.py:4180} INFO - Setting next_dagrun for example_task_group to None, run_after=None
[2025-01-13T18:44:04.275-0500] {processor.py:208} INFO - Processing /usr/local/lib/python3.10/site-packages/airflow/example_dags/example_task_group.py took 0.250 seconds
[2025-01-13T18:46:26.488-0500] {processor.py:186} INFO - Started process (PID=34872) to work on /usr/local/lib/python3.10/site-packages/airflow/example_dags/example_task_group.py
[2025-01-13T18:46:26.490-0500] {processor.py:914} INFO - Processing file /usr/local/lib/python3.10/site-packages/airflow/example_dags/example_task_group.py for tasks to queue
[2025-01-13T18:46:26.492-0500] {logging_mixin.py:190} INFO - [2025-01-13T18:46:26.491-0500] {dagbag.py:588} INFO - Filling up the DagBag from /usr/local/lib/python3.10/site-packages/airflow/example_dags/example_task_group.py
[2025-01-13T18:46:26.504-0500] {processor.py:925} INFO - DAG(s) 'example_task_group' retrieved from /usr/local/lib/python3.10/site-packages/airflow/example_dags/example_task_group.py
[2025-01-13T18:46:26.677-0500] {logging_mixin.py:190} INFO - [2025-01-13T18:46:26.676-0500] {dag.py:3239} INFO - Sync 1 DAGs
[2025-01-13T18:46:26.688-0500] {logging_mixin.py:190} INFO - [2025-01-13T18:46:26.687-0500] {dag.py:4180} INFO - Setting next_dagrun for example_task_group to None, run_after=None
[2025-01-13T18:46:26.704-0500] {processor.py:208} INFO - Processing /usr/local/lib/python3.10/site-packages/airflow/example_dags/example_task_group.py took 0.221 seconds
[2025-01-13T18:48:48.067-0500] {processor.py:186} INFO - Started process (PID=36532) to work on /usr/local/lib/python3.10/site-packages/airflow/example_dags/example_task_group.py
[2025-01-13T18:48:48.070-0500] {processor.py:914} INFO - Processing file /usr/local/lib/python3.10/site-packages/airflow/example_dags/example_task_group.py for tasks to queue
[2025-01-13T18:48:48.071-0500] {logging_mixin.py:190} INFO - [2025-01-13T18:48:48.071-0500] {dagbag.py:588} INFO - Filling up the DagBag from /usr/local/lib/python3.10/site-packages/airflow/example_dags/example_task_group.py
[2025-01-13T18:48:48.084-0500] {processor.py:925} INFO - DAG(s) 'example_task_group' retrieved from /usr/local/lib/python3.10/site-packages/airflow/example_dags/example_task_group.py
[2025-01-13T18:48:48.270-0500] {logging_mixin.py:190} INFO - [2025-01-13T18:48:48.270-0500] {dag.py:3239} INFO - Sync 1 DAGs
[2025-01-13T18:48:48.282-0500] {logging_mixin.py:190} INFO - [2025-01-13T18:48:48.281-0500] {dag.py:4180} INFO - Setting next_dagrun for example_task_group to None, run_after=None
[2025-01-13T18:48:48.299-0500] {processor.py:208} INFO - Processing /usr/local/lib/python3.10/site-packages/airflow/example_dags/example_task_group.py took 0.236 seconds
[2025-01-13T18:51:26.656-0500] {processor.py:186} INFO - Started process (PID=38374) to work on /usr/local/lib/python3.10/site-packages/airflow/example_dags/example_task_group.py
[2025-01-13T18:51:26.658-0500] {processor.py:914} INFO - Processing file /usr/local/lib/python3.10/site-packages/airflow/example_dags/example_task_group.py for tasks to queue
[2025-01-13T18:51:26.660-0500] {logging_mixin.py:190} INFO - [2025-01-13T18:51:26.659-0500] {dagbag.py:588} INFO - Filling up the DagBag from /usr/local/lib/python3.10/site-packages/airflow/example_dags/example_task_group.py
[2025-01-13T18:51:26.672-0500] {processor.py:925} INFO - DAG(s) 'example_task_group' retrieved from /usr/local/lib/python3.10/site-packages/airflow/example_dags/example_task_group.py
[2025-01-13T18:51:26.848-0500] {logging_mixin.py:190} INFO - [2025-01-13T18:51:26.848-0500] {dag.py:3239} INFO - Sync 1 DAGs
[2025-01-13T18:51:26.859-0500] {logging_mixin.py:190} INFO - [2025-01-13T18:51:26.859-0500] {dag.py:4180} INFO - Setting next_dagrun for example_task_group to None, run_after=None
[2025-01-13T18:51:26.876-0500] {processor.py:208} INFO - Processing /usr/local/lib/python3.10/site-packages/airflow/example_dags/example_task_group.py took 0.224 seconds
[2025-01-13T18:53:48.284-0500] {processor.py:186} INFO - Started process (PID=40030) to work on /usr/local/lib/python3.10/site-packages/airflow/example_dags/example_task_group.py
[2025-01-13T18:53:48.286-0500] {processor.py:914} INFO - Processing file /usr/local/lib/python3.10/site-packages/airflow/example_dags/example_task_group.py for tasks to queue
[2025-01-13T18:53:48.288-0500] {logging_mixin.py:190} INFO - [2025-01-13T18:53:48.287-0500] {dagbag.py:588} INFO - Filling up the DagBag from /usr/local/lib/python3.10/site-packages/airflow/example_dags/example_task_group.py
[2025-01-13T18:53:48.298-0500] {processor.py:925} INFO - DAG(s) 'example_task_group' retrieved from /usr/local/lib/python3.10/site-packages/airflow/example_dags/example_task_group.py
[2025-01-13T18:53:48.458-0500] {logging_mixin.py:190} INFO - [2025-01-13T18:53:48.457-0500] {dag.py:3239} INFO - Sync 1 DAGs
[2025-01-13T18:53:48.468-0500] {logging_mixin.py:190} INFO - [2025-01-13T18:53:48.468-0500] {dag.py:4180} INFO - Setting next_dagrun for example_task_group to None, run_after=None
[2025-01-13T18:53:48.484-0500] {processor.py:208} INFO - Processing /usr/local/lib/python3.10/site-packages/airflow/example_dags/example_task_group.py took 0.203 seconds
[2025-01-13T18:56:06.818-0500] {processor.py:186} INFO - Started process (PID=41579) to work on /usr/local/lib/python3.10/site-packages/airflow/example_dags/example_task_group.py
[2025-01-13T18:56:06.821-0500] {processor.py:914} INFO - Processing file /usr/local/lib/python3.10/site-packages/airflow/example_dags/example_task_group.py for tasks to queue
[2025-01-13T18:56:06.822-0500] {logging_mixin.py:190} INFO - [2025-01-13T18:56:06.822-0500] {dagbag.py:588} INFO - Filling up the DagBag from /usr/local/lib/python3.10/site-packages/airflow/example_dags/example_task_group.py
[2025-01-13T18:56:06.836-0500] {processor.py:925} INFO - DAG(s) 'example_task_group' retrieved from /usr/local/lib/python3.10/site-packages/airflow/example_dags/example_task_group.py
[2025-01-13T18:56:07.029-0500] {logging_mixin.py:190} INFO - [2025-01-13T18:56:07.029-0500] {dag.py:3239} INFO - Sync 1 DAGs
[2025-01-13T18:56:07.044-0500] {logging_mixin.py:190} INFO - [2025-01-13T18:56:07.043-0500] {dag.py:4180} INFO - Setting next_dagrun for example_task_group to None, run_after=None
[2025-01-13T18:56:07.065-0500] {processor.py:208} INFO - Processing /usr/local/lib/python3.10/site-packages/airflow/example_dags/example_task_group.py took 0.252 seconds
[2025-01-13T18:58:24.152-0500] {processor.py:186} INFO - Started process (PID=43174) to work on /usr/local/lib/python3.10/site-packages/airflow/example_dags/example_task_group.py
[2025-01-13T18:58:24.155-0500] {processor.py:914} INFO - Processing file /usr/local/lib/python3.10/site-packages/airflow/example_dags/example_task_group.py for tasks to queue
[2025-01-13T18:58:24.156-0500] {logging_mixin.py:190} INFO - [2025-01-13T18:58:24.156-0500] {dagbag.py:588} INFO - Filling up the DagBag from /usr/local/lib/python3.10/site-packages/airflow/example_dags/example_task_group.py
[2025-01-13T18:58:24.167-0500] {processor.py:925} INFO - DAG(s) 'example_task_group' retrieved from /usr/local/lib/python3.10/site-packages/airflow/example_dags/example_task_group.py
[2025-01-13T18:58:24.338-0500] {logging_mixin.py:190} INFO - [2025-01-13T18:58:24.338-0500] {dag.py:3239} INFO - Sync 1 DAGs
[2025-01-13T18:58:24.350-0500] {logging_mixin.py:190} INFO - [2025-01-13T18:58:24.350-0500] {dag.py:4180} INFO - Setting next_dagrun for example_task_group to None, run_after=None
[2025-01-13T18:58:24.369-0500] {processor.py:208} INFO - Processing /usr/local/lib/python3.10/site-packages/airflow/example_dags/example_task_group.py took 0.221 seconds
