[2025-01-13T16:54:00.937-0500] {processor.py:186} INFO - Started process (PID=57449) to work on /usr/local/lib/python3.10/site-packages/airflow/example_dags/example_branch_datetime_operator.py
[2025-01-13T16:54:00.938-0500] {processor.py:914} INFO - Processing file /usr/local/lib/python3.10/site-packages/airflow/example_dags/example_branch_datetime_operator.py for tasks to queue
[2025-01-13T16:54:00.939-0500] {logging_mixin.py:190} INFO - [2025-01-13T16:54:00.939-0500] {dagbag.py:588} INFO - Filling up the DagBag from /usr/local/lib/python3.10/site-packages/airflow/example_dags/example_branch_datetime_operator.py
[2025-01-13T16:54:00.954-0500] {processor.py:925} INFO - DAG(s) 'example_branch_datetime_operator_2', 'example_branch_datetime_operator', 'example_branch_datetime_operator_3' retrieved from /usr/local/lib/python3.10/site-packages/airflow/example_dags/example_branch_datetime_operator.py
[2025-01-13T16:54:01.199-0500] {logging_mixin.py:190} INFO - [2025-01-13T16:54:01.199-0500] {override.py:1912} INFO - Created Permission View: can edit on DAG:example_branch_datetime_operator_2
[2025-01-13T16:54:01.207-0500] {logging_mixin.py:190} INFO - [2025-01-13T16:54:01.207-0500] {override.py:1912} INFO - Created Permission View: can read on DAG:example_branch_datetime_operator_2
[2025-01-13T16:54:01.212-0500] {logging_mixin.py:190} INFO - [2025-01-13T16:54:01.212-0500] {override.py:1912} INFO - Created Permission View: can delete on DAG:example_branch_datetime_operator_2
[2025-01-13T16:54:01.219-0500] {logging_mixin.py:190} INFO - [2025-01-13T16:54:01.219-0500] {override.py:1912} INFO - Created Permission View: menu access on DAG Run:example_branch_datetime_operator_2
[2025-01-13T16:54:01.225-0500] {logging_mixin.py:190} INFO - [2025-01-13T16:54:01.224-0500] {override.py:1912} INFO - Created Permission View: can read on DAG Run:example_branch_datetime_operator_2
[2025-01-13T16:54:01.230-0500] {logging_mixin.py:190} INFO - [2025-01-13T16:54:01.230-0500] {override.py:1912} INFO - Created Permission View: can delete on DAG Run:example_branch_datetime_operator_2
[2025-01-13T16:54:01.235-0500] {logging_mixin.py:190} INFO - [2025-01-13T16:54:01.235-0500] {override.py:1912} INFO - Created Permission View: can create on DAG Run:example_branch_datetime_operator_2
[2025-01-13T16:54:01.247-0500] {logging_mixin.py:190} INFO - [2025-01-13T16:54:01.247-0500] {override.py:1912} INFO - Created Permission View: can edit on DAG:example_branch_datetime_operator
[2025-01-13T16:54:01.253-0500] {logging_mixin.py:190} INFO - [2025-01-13T16:54:01.252-0500] {override.py:1912} INFO - Created Permission View: can read on DAG:example_branch_datetime_operator
[2025-01-13T16:54:01.258-0500] {logging_mixin.py:190} INFO - [2025-01-13T16:54:01.258-0500] {override.py:1912} INFO - Created Permission View: can delete on DAG:example_branch_datetime_operator
[2025-01-13T16:54:01.265-0500] {logging_mixin.py:190} INFO - [2025-01-13T16:54:01.265-0500] {override.py:1912} INFO - Created Permission View: menu access on DAG Run:example_branch_datetime_operator
[2025-01-13T16:54:01.271-0500] {logging_mixin.py:190} INFO - [2025-01-13T16:54:01.271-0500] {override.py:1912} INFO - Created Permission View: can read on DAG Run:example_branch_datetime_operator
[2025-01-13T16:54:01.277-0500] {logging_mixin.py:190} INFO - [2025-01-13T16:54:01.277-0500] {override.py:1912} INFO - Created Permission View: can delete on DAG Run:example_branch_datetime_operator
[2025-01-13T16:54:01.283-0500] {logging_mixin.py:190} INFO - [2025-01-13T16:54:01.283-0500] {override.py:1912} INFO - Created Permission View: can create on DAG Run:example_branch_datetime_operator
[2025-01-13T16:54:01.294-0500] {logging_mixin.py:190} INFO - [2025-01-13T16:54:01.294-0500] {override.py:1912} INFO - Created Permission View: can edit on DAG:example_branch_datetime_operator_3
[2025-01-13T16:54:01.300-0500] {logging_mixin.py:190} INFO - [2025-01-13T16:54:01.300-0500] {override.py:1912} INFO - Created Permission View: can read on DAG:example_branch_datetime_operator_3
[2025-01-13T16:54:01.306-0500] {logging_mixin.py:190} INFO - [2025-01-13T16:54:01.305-0500] {override.py:1912} INFO - Created Permission View: can delete on DAG:example_branch_datetime_operator_3
[2025-01-13T16:54:01.313-0500] {logging_mixin.py:190} INFO - [2025-01-13T16:54:01.313-0500] {override.py:1912} INFO - Created Permission View: menu access on DAG Run:example_branch_datetime_operator_3
[2025-01-13T16:54:01.318-0500] {logging_mixin.py:190} INFO - [2025-01-13T16:54:01.318-0500] {override.py:1912} INFO - Created Permission View: can read on DAG Run:example_branch_datetime_operator_3
[2025-01-13T16:54:01.324-0500] {logging_mixin.py:190} INFO - [2025-01-13T16:54:01.323-0500] {override.py:1912} INFO - Created Permission View: can delete on DAG Run:example_branch_datetime_operator_3
[2025-01-13T16:54:01.329-0500] {logging_mixin.py:190} INFO - [2025-01-13T16:54:01.329-0500] {override.py:1912} INFO - Created Permission View: can create on DAG Run:example_branch_datetime_operator_3
[2025-01-13T16:54:01.330-0500] {logging_mixin.py:190} INFO - [2025-01-13T16:54:01.329-0500] {dag.py:3239} INFO - Sync 3 DAGs
[2025-01-13T16:54:01.342-0500] {logging_mixin.py:190} INFO - [2025-01-13T16:54:01.341-0500] {dag.py:3262} INFO - Creating ORM DAG for example_branch_datetime_operator
[2025-01-13T16:54:01.342-0500] {logging_mixin.py:190} INFO - [2025-01-13T16:54:01.342-0500] {dag.py:3262} INFO - Creating ORM DAG for example_branch_datetime_operator_3
[2025-01-13T16:54:01.343-0500] {logging_mixin.py:190} INFO - [2025-01-13T16:54:01.343-0500] {dag.py:3262} INFO - Creating ORM DAG for example_branch_datetime_operator_2
[2025-01-13T16:54:01.351-0500] {logging_mixin.py:190} INFO - [2025-01-13T16:54:01.351-0500] {dag.py:4180} INFO - Setting next_dagrun for example_branch_datetime_operator to 2025-01-12 00:00:00+00:00, run_after=2025-01-13 00:00:00+00:00
[2025-01-13T16:54:01.353-0500] {logging_mixin.py:190} INFO - [2025-01-13T16:54:01.353-0500] {dag.py:4180} INFO - Setting next_dagrun for example_branch_datetime_operator_2 to 2025-01-12 00:00:00+00:00, run_after=2025-01-13 00:00:00+00:00
[2025-01-13T16:54:01.355-0500] {logging_mixin.py:190} INFO - [2025-01-13T16:54:01.355-0500] {dag.py:4180} INFO - Setting next_dagrun for example_branch_datetime_operator_3 to 2025-01-12 00:00:00+00:00, run_after=2025-01-13 00:00:00+00:00
[2025-01-13T16:54:01.370-0500] {processor.py:208} INFO - Processing /usr/local/lib/python3.10/site-packages/airflow/example_dags/example_branch_datetime_operator.py took 0.437 seconds
[2025-01-13T16:58:48.328-0500] {processor.py:186} INFO - Started process (PID=60773) to work on /usr/local/lib/python3.10/site-packages/airflow/example_dags/example_branch_datetime_operator.py
[2025-01-13T16:58:48.330-0500] {processor.py:914} INFO - Processing file /usr/local/lib/python3.10/site-packages/airflow/example_dags/example_branch_datetime_operator.py for tasks to queue
[2025-01-13T16:58:48.331-0500] {logging_mixin.py:190} INFO - [2025-01-13T16:58:48.331-0500] {dagbag.py:588} INFO - Filling up the DagBag from /usr/local/lib/python3.10/site-packages/airflow/example_dags/example_branch_datetime_operator.py
[2025-01-13T16:58:48.346-0500] {processor.py:925} INFO - DAG(s) 'example_branch_datetime_operator', 'example_branch_datetime_operator_2', 'example_branch_datetime_operator_3' retrieved from /usr/local/lib/python3.10/site-packages/airflow/example_dags/example_branch_datetime_operator.py
[2025-01-13T16:58:48.508-0500] {logging_mixin.py:190} INFO - [2025-01-13T16:58:48.507-0500] {dag.py:3239} INFO - Sync 3 DAGs
[2025-01-13T16:58:48.525-0500] {logging_mixin.py:190} INFO - [2025-01-13T16:58:48.524-0500] {dag.py:4180} INFO - Setting next_dagrun for example_branch_datetime_operator to 2025-01-12 00:00:00+00:00, run_after=2025-01-13 00:00:00+00:00
[2025-01-13T16:58:48.529-0500] {logging_mixin.py:190} INFO - [2025-01-13T16:58:48.528-0500] {dag.py:4180} INFO - Setting next_dagrun for example_branch_datetime_operator_2 to 2025-01-12 00:00:00+00:00, run_after=2025-01-13 00:00:00+00:00
[2025-01-13T16:58:48.531-0500] {logging_mixin.py:190} INFO - [2025-01-13T16:58:48.531-0500] {dag.py:4180} INFO - Setting next_dagrun for example_branch_datetime_operator_3 to 2025-01-12 00:00:00+00:00, run_after=2025-01-13 00:00:00+00:00
[2025-01-13T16:58:48.544-0500] {processor.py:208} INFO - Processing /usr/local/lib/python3.10/site-packages/airflow/example_dags/example_branch_datetime_operator.py took 0.220 seconds
[2025-01-13T17:03:08.275-0500] {processor.py:186} INFO - Started process (PID=63793) to work on /usr/local/lib/python3.10/site-packages/airflow/example_dags/example_branch_datetime_operator.py
[2025-01-13T17:03:08.277-0500] {processor.py:914} INFO - Processing file /usr/local/lib/python3.10/site-packages/airflow/example_dags/example_branch_datetime_operator.py for tasks to queue
[2025-01-13T17:03:08.278-0500] {logging_mixin.py:190} INFO - [2025-01-13T17:03:08.277-0500] {dagbag.py:588} INFO - Filling up the DagBag from /usr/local/lib/python3.10/site-packages/airflow/example_dags/example_branch_datetime_operator.py
[2025-01-13T17:03:08.292-0500] {processor.py:925} INFO - DAG(s) 'example_branch_datetime_operator_2', 'example_branch_datetime_operator_3', 'example_branch_datetime_operator' retrieved from /usr/local/lib/python3.10/site-packages/airflow/example_dags/example_branch_datetime_operator.py
[2025-01-13T17:03:08.456-0500] {logging_mixin.py:190} INFO - [2025-01-13T17:03:08.456-0500] {dag.py:3239} INFO - Sync 3 DAGs
[2025-01-13T17:03:08.475-0500] {logging_mixin.py:190} INFO - [2025-01-13T17:03:08.475-0500] {dag.py:4180} INFO - Setting next_dagrun for example_branch_datetime_operator to 2025-01-12 00:00:00+00:00, run_after=2025-01-13 00:00:00+00:00
[2025-01-13T17:03:08.480-0500] {logging_mixin.py:190} INFO - [2025-01-13T17:03:08.479-0500] {dag.py:4180} INFO - Setting next_dagrun for example_branch_datetime_operator_2 to 2025-01-12 00:00:00+00:00, run_after=2025-01-13 00:00:00+00:00
[2025-01-13T17:03:08.482-0500] {logging_mixin.py:190} INFO - [2025-01-13T17:03:08.482-0500] {dag.py:4180} INFO - Setting next_dagrun for example_branch_datetime_operator_3 to 2025-01-12 00:00:00+00:00, run_after=2025-01-13 00:00:00+00:00
[2025-01-13T17:03:08.499-0500] {processor.py:208} INFO - Processing /usr/local/lib/python3.10/site-packages/airflow/example_dags/example_branch_datetime_operator.py took 0.228 seconds
[2025-01-13T17:07:30.646-0500] {processor.py:186} INFO - Started process (PID=66701) to work on /usr/local/lib/python3.10/site-packages/airflow/example_dags/example_branch_datetime_operator.py
[2025-01-13T17:07:30.648-0500] {processor.py:914} INFO - Processing file /usr/local/lib/python3.10/site-packages/airflow/example_dags/example_branch_datetime_operator.py for tasks to queue
[2025-01-13T17:07:30.649-0500] {logging_mixin.py:190} INFO - [2025-01-13T17:07:30.649-0500] {dagbag.py:588} INFO - Filling up the DagBag from /usr/local/lib/python3.10/site-packages/airflow/example_dags/example_branch_datetime_operator.py
[2025-01-13T17:07:30.664-0500] {processor.py:925} INFO - DAG(s) 'example_branch_datetime_operator_2', 'example_branch_datetime_operator_3', 'example_branch_datetime_operator' retrieved from /usr/local/lib/python3.10/site-packages/airflow/example_dags/example_branch_datetime_operator.py
[2025-01-13T17:07:30.820-0500] {logging_mixin.py:190} INFO - [2025-01-13T17:07:30.819-0500] {dag.py:3239} INFO - Sync 3 DAGs
[2025-01-13T17:07:30.840-0500] {logging_mixin.py:190} INFO - [2025-01-13T17:07:30.840-0500] {dag.py:4180} INFO - Setting next_dagrun for example_branch_datetime_operator to 2025-01-12 00:00:00+00:00, run_after=2025-01-13 00:00:00+00:00
[2025-01-13T17:07:30.849-0500] {logging_mixin.py:190} INFO - [2025-01-13T17:07:30.849-0500] {dag.py:4180} INFO - Setting next_dagrun for example_branch_datetime_operator_2 to 2025-01-12 00:00:00+00:00, run_after=2025-01-13 00:00:00+00:00
[2025-01-13T17:07:30.868-0500] {logging_mixin.py:190} INFO - [2025-01-13T17:07:30.868-0500] {dag.py:4180} INFO - Setting next_dagrun for example_branch_datetime_operator_3 to 2025-01-12 00:00:00+00:00, run_after=2025-01-13 00:00:00+00:00
[2025-01-13T17:07:30.900-0500] {processor.py:208} INFO - Processing /usr/local/lib/python3.10/site-packages/airflow/example_dags/example_branch_datetime_operator.py took 0.258 seconds
[2025-01-13T17:11:58.874-0500] {processor.py:186} INFO - Started process (PID=69751) to work on /usr/local/lib/python3.10/site-packages/airflow/example_dags/example_branch_datetime_operator.py
[2025-01-13T17:11:58.876-0500] {processor.py:914} INFO - Processing file /usr/local/lib/python3.10/site-packages/airflow/example_dags/example_branch_datetime_operator.py for tasks to queue
[2025-01-13T17:11:58.877-0500] {logging_mixin.py:190} INFO - [2025-01-13T17:11:58.877-0500] {dagbag.py:588} INFO - Filling up the DagBag from /usr/local/lib/python3.10/site-packages/airflow/example_dags/example_branch_datetime_operator.py
[2025-01-13T17:11:58.890-0500] {processor.py:925} INFO - DAG(s) 'example_branch_datetime_operator_2', 'example_branch_datetime_operator_3', 'example_branch_datetime_operator' retrieved from /usr/local/lib/python3.10/site-packages/airflow/example_dags/example_branch_datetime_operator.py
[2025-01-13T17:11:59.037-0500] {logging_mixin.py:190} INFO - [2025-01-13T17:11:59.037-0500] {dag.py:3239} INFO - Sync 3 DAGs
[2025-01-13T17:11:59.053-0500] {logging_mixin.py:190} INFO - [2025-01-13T17:11:59.053-0500] {dag.py:4180} INFO - Setting next_dagrun for example_branch_datetime_operator to 2025-01-12 00:00:00+00:00, run_after=2025-01-13 00:00:00+00:00
[2025-01-13T17:11:59.057-0500] {logging_mixin.py:190} INFO - [2025-01-13T17:11:59.057-0500] {dag.py:4180} INFO - Setting next_dagrun for example_branch_datetime_operator_2 to 2025-01-12 00:00:00+00:00, run_after=2025-01-13 00:00:00+00:00
[2025-01-13T17:11:59.059-0500] {logging_mixin.py:190} INFO - [2025-01-13T17:11:59.059-0500] {dag.py:4180} INFO - Setting next_dagrun for example_branch_datetime_operator_3 to 2025-01-12 00:00:00+00:00, run_after=2025-01-13 00:00:00+00:00
[2025-01-13T17:11:59.074-0500] {processor.py:208} INFO - Processing /usr/local/lib/python3.10/site-packages/airflow/example_dags/example_branch_datetime_operator.py took 0.203 seconds
[2025-01-13T17:18:25.940-0500] {processor.py:186} INFO - Started process (PID=73835) to work on /usr/local/lib/python3.10/site-packages/airflow/example_dags/example_branch_datetime_operator.py
[2025-01-13T17:18:25.941-0500] {processor.py:914} INFO - Processing file /usr/local/lib/python3.10/site-packages/airflow/example_dags/example_branch_datetime_operator.py for tasks to queue
[2025-01-13T17:18:25.943-0500] {logging_mixin.py:190} INFO - [2025-01-13T17:18:25.942-0500] {dagbag.py:588} INFO - Filling up the DagBag from /usr/local/lib/python3.10/site-packages/airflow/example_dags/example_branch_datetime_operator.py
[2025-01-13T17:18:25.959-0500] {processor.py:925} INFO - DAG(s) 'example_branch_datetime_operator_3', 'example_branch_datetime_operator', 'example_branch_datetime_operator_2' retrieved from /usr/local/lib/python3.10/site-packages/airflow/example_dags/example_branch_datetime_operator.py
[2025-01-13T17:18:26.176-0500] {logging_mixin.py:190} INFO - [2025-01-13T17:18:26.176-0500] {dag.py:3239} INFO - Sync 3 DAGs
[2025-01-13T17:18:26.199-0500] {logging_mixin.py:190} INFO - [2025-01-13T17:18:26.199-0500] {dag.py:4180} INFO - Setting next_dagrun for example_branch_datetime_operator to 2025-01-12 00:00:00+00:00, run_after=2025-01-13 00:00:00+00:00
[2025-01-13T17:18:26.204-0500] {logging_mixin.py:190} INFO - [2025-01-13T17:18:26.204-0500] {dag.py:4180} INFO - Setting next_dagrun for example_branch_datetime_operator_2 to 2025-01-12 00:00:00+00:00, run_after=2025-01-13 00:00:00+00:00
[2025-01-13T17:18:26.207-0500] {logging_mixin.py:190} INFO - [2025-01-13T17:18:26.207-0500] {dag.py:4180} INFO - Setting next_dagrun for example_branch_datetime_operator_3 to 2025-01-12 00:00:00+00:00, run_after=2025-01-13 00:00:00+00:00
[2025-01-13T17:18:26.226-0500] {processor.py:208} INFO - Processing /usr/local/lib/python3.10/site-packages/airflow/example_dags/example_branch_datetime_operator.py took 0.291 seconds
[2025-01-13T17:23:07.059-0500] {processor.py:186} INFO - Started process (PID=76976) to work on /usr/local/lib/python3.10/site-packages/airflow/example_dags/example_branch_datetime_operator.py
[2025-01-13T17:23:07.061-0500] {processor.py:914} INFO - Processing file /usr/local/lib/python3.10/site-packages/airflow/example_dags/example_branch_datetime_operator.py for tasks to queue
[2025-01-13T17:23:07.062-0500] {logging_mixin.py:190} INFO - [2025-01-13T17:23:07.062-0500] {dagbag.py:588} INFO - Filling up the DagBag from /usr/local/lib/python3.10/site-packages/airflow/example_dags/example_branch_datetime_operator.py
[2025-01-13T17:23:07.079-0500] {processor.py:925} INFO - DAG(s) 'example_branch_datetime_operator_3', 'example_branch_datetime_operator', 'example_branch_datetime_operator_2' retrieved from /usr/local/lib/python3.10/site-packages/airflow/example_dags/example_branch_datetime_operator.py
[2025-01-13T17:23:07.272-0500] {logging_mixin.py:190} INFO - [2025-01-13T17:23:07.272-0500] {dag.py:3239} INFO - Sync 3 DAGs
[2025-01-13T17:23:07.293-0500] {logging_mixin.py:190} INFO - [2025-01-13T17:23:07.293-0500] {dag.py:4180} INFO - Setting next_dagrun for example_branch_datetime_operator to 2025-01-12 00:00:00+00:00, run_after=2025-01-13 00:00:00+00:00
[2025-01-13T17:23:07.297-0500] {logging_mixin.py:190} INFO - [2025-01-13T17:23:07.297-0500] {dag.py:4180} INFO - Setting next_dagrun for example_branch_datetime_operator_2 to 2025-01-12 00:00:00+00:00, run_after=2025-01-13 00:00:00+00:00
[2025-01-13T17:23:07.300-0500] {logging_mixin.py:190} INFO - [2025-01-13T17:23:07.300-0500] {dag.py:4180} INFO - Setting next_dagrun for example_branch_datetime_operator_3 to 2025-01-12 00:00:00+00:00, run_after=2025-01-13 00:00:00+00:00
[2025-01-13T17:23:07.317-0500] {processor.py:208} INFO - Processing /usr/local/lib/python3.10/site-packages/airflow/example_dags/example_branch_datetime_operator.py took 0.262 seconds
[2025-01-13T17:27:19.876-0500] {processor.py:186} INFO - Started process (PID=79847) to work on /usr/local/lib/python3.10/site-packages/airflow/example_dags/example_branch_datetime_operator.py
[2025-01-13T17:27:19.878-0500] {processor.py:914} INFO - Processing file /usr/local/lib/python3.10/site-packages/airflow/example_dags/example_branch_datetime_operator.py for tasks to queue
[2025-01-13T17:27:19.879-0500] {logging_mixin.py:190} INFO - [2025-01-13T17:27:19.879-0500] {dagbag.py:588} INFO - Filling up the DagBag from /usr/local/lib/python3.10/site-packages/airflow/example_dags/example_branch_datetime_operator.py
[2025-01-13T17:27:19.893-0500] {processor.py:925} INFO - DAG(s) 'example_branch_datetime_operator_2', 'example_branch_datetime_operator_3', 'example_branch_datetime_operator' retrieved from /usr/local/lib/python3.10/site-packages/airflow/example_dags/example_branch_datetime_operator.py
[2025-01-13T17:27:20.053-0500] {logging_mixin.py:190} INFO - [2025-01-13T17:27:20.052-0500] {dag.py:3239} INFO - Sync 3 DAGs
[2025-01-13T17:27:20.070-0500] {logging_mixin.py:190} INFO - [2025-01-13T17:27:20.069-0500] {dag.py:4180} INFO - Setting next_dagrun for example_branch_datetime_operator to 2025-01-12 00:00:00+00:00, run_after=2025-01-13 00:00:00+00:00
[2025-01-13T17:27:20.074-0500] {logging_mixin.py:190} INFO - [2025-01-13T17:27:20.073-0500] {dag.py:4180} INFO - Setting next_dagrun for example_branch_datetime_operator_2 to 2025-01-12 00:00:00+00:00, run_after=2025-01-13 00:00:00+00:00
[2025-01-13T17:27:20.076-0500] {logging_mixin.py:190} INFO - [2025-01-13T17:27:20.076-0500] {dag.py:4180} INFO - Setting next_dagrun for example_branch_datetime_operator_3 to 2025-01-12 00:00:00+00:00, run_after=2025-01-13 00:00:00+00:00
[2025-01-13T17:27:20.090-0500] {processor.py:208} INFO - Processing /usr/local/lib/python3.10/site-packages/airflow/example_dags/example_branch_datetime_operator.py took 0.218 seconds
[2025-01-13T17:31:50.477-0500] {processor.py:186} INFO - Started process (PID=82950) to work on /usr/local/lib/python3.10/site-packages/airflow/example_dags/example_branch_datetime_operator.py
[2025-01-13T17:31:50.479-0500] {processor.py:914} INFO - Processing file /usr/local/lib/python3.10/site-packages/airflow/example_dags/example_branch_datetime_operator.py for tasks to queue
[2025-01-13T17:31:50.480-0500] {logging_mixin.py:190} INFO - [2025-01-13T17:31:50.480-0500] {dagbag.py:588} INFO - Filling up the DagBag from /usr/local/lib/python3.10/site-packages/airflow/example_dags/example_branch_datetime_operator.py
[2025-01-13T17:31:50.494-0500] {processor.py:925} INFO - DAG(s) 'example_branch_datetime_operator_2', 'example_branch_datetime_operator_3', 'example_branch_datetime_operator' retrieved from /usr/local/lib/python3.10/site-packages/airflow/example_dags/example_branch_datetime_operator.py
[2025-01-13T17:31:50.653-0500] {logging_mixin.py:190} INFO - [2025-01-13T17:31:50.653-0500] {dag.py:3239} INFO - Sync 3 DAGs
[2025-01-13T17:31:50.670-0500] {logging_mixin.py:190} INFO - [2025-01-13T17:31:50.670-0500] {dag.py:4180} INFO - Setting next_dagrun for example_branch_datetime_operator to 2025-01-12 00:00:00+00:00, run_after=2025-01-13 00:00:00+00:00
[2025-01-13T17:31:50.674-0500] {logging_mixin.py:190} INFO - [2025-01-13T17:31:50.674-0500] {dag.py:4180} INFO - Setting next_dagrun for example_branch_datetime_operator_2 to 2025-01-12 00:00:00+00:00, run_after=2025-01-13 00:00:00+00:00
[2025-01-13T17:31:50.676-0500] {logging_mixin.py:190} INFO - [2025-01-13T17:31:50.676-0500] {dag.py:4180} INFO - Setting next_dagrun for example_branch_datetime_operator_3 to 2025-01-12 00:00:00+00:00, run_after=2025-01-13 00:00:00+00:00
[2025-01-13T17:31:50.690-0500] {processor.py:208} INFO - Processing /usr/local/lib/python3.10/site-packages/airflow/example_dags/example_branch_datetime_operator.py took 0.217 seconds
[2025-01-13T17:36:21.122-0500] {processor.py:186} INFO - Started process (PID=86030) to work on /usr/local/lib/python3.10/site-packages/airflow/example_dags/example_branch_datetime_operator.py
[2025-01-13T17:36:21.124-0500] {processor.py:914} INFO - Processing file /usr/local/lib/python3.10/site-packages/airflow/example_dags/example_branch_datetime_operator.py for tasks to queue
[2025-01-13T17:36:21.125-0500] {logging_mixin.py:190} INFO - [2025-01-13T17:36:21.125-0500] {dagbag.py:588} INFO - Filling up the DagBag from /usr/local/lib/python3.10/site-packages/airflow/example_dags/example_branch_datetime_operator.py
[2025-01-13T17:36:21.142-0500] {processor.py:925} INFO - DAG(s) 'example_branch_datetime_operator', 'example_branch_datetime_operator_2', 'example_branch_datetime_operator_3' retrieved from /usr/local/lib/python3.10/site-packages/airflow/example_dags/example_branch_datetime_operator.py
[2025-01-13T17:36:21.336-0500] {logging_mixin.py:190} INFO - [2025-01-13T17:36:21.335-0500] {dag.py:3239} INFO - Sync 3 DAGs
[2025-01-13T17:36:21.360-0500] {logging_mixin.py:190} INFO - [2025-01-13T17:36:21.360-0500] {dag.py:4180} INFO - Setting next_dagrun for example_branch_datetime_operator to 2025-01-12 00:00:00+00:00, run_after=2025-01-13 00:00:00+00:00
[2025-01-13T17:36:21.365-0500] {logging_mixin.py:190} INFO - [2025-01-13T17:36:21.365-0500] {dag.py:4180} INFO - Setting next_dagrun for example_branch_datetime_operator_2 to 2025-01-12 00:00:00+00:00, run_after=2025-01-13 00:00:00+00:00
[2025-01-13T17:36:21.368-0500] {logging_mixin.py:190} INFO - [2025-01-13T17:36:21.368-0500] {dag.py:4180} INFO - Setting next_dagrun for example_branch_datetime_operator_3 to 2025-01-12 00:00:00+00:00, run_after=2025-01-13 00:00:00+00:00
[2025-01-13T17:36:21.387-0500] {processor.py:208} INFO - Processing /usr/local/lib/python3.10/site-packages/airflow/example_dags/example_branch_datetime_operator.py took 0.271 seconds
[2025-01-13T17:40:54.075-0500] {processor.py:186} INFO - Started process (PID=89046) to work on /usr/local/lib/python3.10/site-packages/airflow/example_dags/example_branch_datetime_operator.py
[2025-01-13T17:40:54.078-0500] {processor.py:914} INFO - Processing file /usr/local/lib/python3.10/site-packages/airflow/example_dags/example_branch_datetime_operator.py for tasks to queue
[2025-01-13T17:40:54.079-0500] {logging_mixin.py:190} INFO - [2025-01-13T17:40:54.079-0500] {dagbag.py:588} INFO - Filling up the DagBag from /usr/local/lib/python3.10/site-packages/airflow/example_dags/example_branch_datetime_operator.py
[2025-01-13T17:40:54.096-0500] {processor.py:925} INFO - DAG(s) 'example_branch_datetime_operator_3', 'example_branch_datetime_operator_2', 'example_branch_datetime_operator' retrieved from /usr/local/lib/python3.10/site-packages/airflow/example_dags/example_branch_datetime_operator.py
[2025-01-13T17:40:54.297-0500] {logging_mixin.py:190} INFO - [2025-01-13T17:40:54.297-0500] {dag.py:3239} INFO - Sync 3 DAGs
[2025-01-13T17:40:54.320-0500] {logging_mixin.py:190} INFO - [2025-01-13T17:40:54.319-0500] {dag.py:4180} INFO - Setting next_dagrun for example_branch_datetime_operator to 2025-01-12 00:00:00+00:00, run_after=2025-01-13 00:00:00+00:00
[2025-01-13T17:40:54.324-0500] {logging_mixin.py:190} INFO - [2025-01-13T17:40:54.324-0500] {dag.py:4180} INFO - Setting next_dagrun for example_branch_datetime_operator_2 to 2025-01-12 00:00:00+00:00, run_after=2025-01-13 00:00:00+00:00
[2025-01-13T17:40:54.327-0500] {logging_mixin.py:190} INFO - [2025-01-13T17:40:54.327-0500] {dag.py:4180} INFO - Setting next_dagrun for example_branch_datetime_operator_3 to 2025-01-12 00:00:00+00:00, run_after=2025-01-13 00:00:00+00:00
[2025-01-13T17:40:54.343-0500] {processor.py:208} INFO - Processing /usr/local/lib/python3.10/site-packages/airflow/example_dags/example_branch_datetime_operator.py took 0.272 seconds
[2025-01-13T17:45:31.083-0500] {processor.py:186} INFO - Started process (PID=92293) to work on /usr/local/lib/python3.10/site-packages/airflow/example_dags/example_branch_datetime_operator.py
[2025-01-13T17:45:31.085-0500] {processor.py:914} INFO - Processing file /usr/local/lib/python3.10/site-packages/airflow/example_dags/example_branch_datetime_operator.py for tasks to queue
[2025-01-13T17:45:31.086-0500] {logging_mixin.py:190} INFO - [2025-01-13T17:45:31.086-0500] {dagbag.py:588} INFO - Filling up the DagBag from /usr/local/lib/python3.10/site-packages/airflow/example_dags/example_branch_datetime_operator.py
[2025-01-13T17:45:31.100-0500] {processor.py:925} INFO - DAG(s) 'example_branch_datetime_operator', 'example_branch_datetime_operator_3', 'example_branch_datetime_operator_2' retrieved from /usr/local/lib/python3.10/site-packages/airflow/example_dags/example_branch_datetime_operator.py
[2025-01-13T17:45:31.262-0500] {logging_mixin.py:190} INFO - [2025-01-13T17:45:31.262-0500] {dag.py:3239} INFO - Sync 3 DAGs
[2025-01-13T17:45:31.280-0500] {logging_mixin.py:190} INFO - [2025-01-13T17:45:31.280-0500] {dag.py:4180} INFO - Setting next_dagrun for example_branch_datetime_operator to 2025-01-12 00:00:00+00:00, run_after=2025-01-13 00:00:00+00:00
[2025-01-13T17:45:31.284-0500] {logging_mixin.py:190} INFO - [2025-01-13T17:45:31.284-0500] {dag.py:4180} INFO - Setting next_dagrun for example_branch_datetime_operator_2 to 2025-01-12 00:00:00+00:00, run_after=2025-01-13 00:00:00+00:00
[2025-01-13T17:45:31.286-0500] {logging_mixin.py:190} INFO - [2025-01-13T17:45:31.286-0500] {dag.py:4180} INFO - Setting next_dagrun for example_branch_datetime_operator_3 to 2025-01-12 00:00:00+00:00, run_after=2025-01-13 00:00:00+00:00
[2025-01-13T17:45:31.300-0500] {processor.py:208} INFO - Processing /usr/local/lib/python3.10/site-packages/airflow/example_dags/example_branch_datetime_operator.py took 0.221 seconds
[2025-01-13T17:49:47.164-0500] {processor.py:186} INFO - Started process (PID=95160) to work on /usr/local/lib/python3.10/site-packages/airflow/example_dags/example_branch_datetime_operator.py
[2025-01-13T17:49:47.166-0500] {processor.py:914} INFO - Processing file /usr/local/lib/python3.10/site-packages/airflow/example_dags/example_branch_datetime_operator.py for tasks to queue
[2025-01-13T17:49:47.167-0500] {logging_mixin.py:190} INFO - [2025-01-13T17:49:47.167-0500] {dagbag.py:588} INFO - Filling up the DagBag from /usr/local/lib/python3.10/site-packages/airflow/example_dags/example_branch_datetime_operator.py
[2025-01-13T17:49:47.182-0500] {processor.py:925} INFO - DAG(s) 'example_branch_datetime_operator_2', 'example_branch_datetime_operator', 'example_branch_datetime_operator_3' retrieved from /usr/local/lib/python3.10/site-packages/airflow/example_dags/example_branch_datetime_operator.py
[2025-01-13T17:49:47.343-0500] {logging_mixin.py:190} INFO - [2025-01-13T17:49:47.343-0500] {dag.py:3239} INFO - Sync 3 DAGs
[2025-01-13T17:49:47.361-0500] {logging_mixin.py:190} INFO - [2025-01-13T17:49:47.361-0500] {dag.py:4180} INFO - Setting next_dagrun for example_branch_datetime_operator to 2025-01-12 00:00:00+00:00, run_after=2025-01-13 00:00:00+00:00
[2025-01-13T17:49:47.365-0500] {logging_mixin.py:190} INFO - [2025-01-13T17:49:47.365-0500] {dag.py:4180} INFO - Setting next_dagrun for example_branch_datetime_operator_2 to 2025-01-12 00:00:00+00:00, run_after=2025-01-13 00:00:00+00:00
[2025-01-13T17:49:47.368-0500] {logging_mixin.py:190} INFO - [2025-01-13T17:49:47.367-0500] {dag.py:4180} INFO - Setting next_dagrun for example_branch_datetime_operator_3 to 2025-01-12 00:00:00+00:00, run_after=2025-01-13 00:00:00+00:00
[2025-01-13T17:49:47.382-0500] {processor.py:208} INFO - Processing /usr/local/lib/python3.10/site-packages/airflow/example_dags/example_branch_datetime_operator.py took 0.222 seconds
[2025-01-13T17:54:11.028-0500] {processor.py:186} INFO - Started process (PID=98034) to work on /usr/local/lib/python3.10/site-packages/airflow/example_dags/example_branch_datetime_operator.py
[2025-01-13T17:54:11.030-0500] {processor.py:914} INFO - Processing file /usr/local/lib/python3.10/site-packages/airflow/example_dags/example_branch_datetime_operator.py for tasks to queue
[2025-01-13T17:54:11.031-0500] {logging_mixin.py:190} INFO - [2025-01-13T17:54:11.031-0500] {dagbag.py:588} INFO - Filling up the DagBag from /usr/local/lib/python3.10/site-packages/airflow/example_dags/example_branch_datetime_operator.py
[2025-01-13T17:54:11.045-0500] {processor.py:925} INFO - DAG(s) 'example_branch_datetime_operator', 'example_branch_datetime_operator_3', 'example_branch_datetime_operator_2' retrieved from /usr/local/lib/python3.10/site-packages/airflow/example_dags/example_branch_datetime_operator.py
[2025-01-13T17:54:11.211-0500] {logging_mixin.py:190} INFO - [2025-01-13T17:54:11.210-0500] {dag.py:3239} INFO - Sync 3 DAGs
[2025-01-13T17:54:11.228-0500] {logging_mixin.py:190} INFO - [2025-01-13T17:54:11.228-0500] {dag.py:4180} INFO - Setting next_dagrun for example_branch_datetime_operator to 2025-01-12 00:00:00+00:00, run_after=2025-01-13 00:00:00+00:00
[2025-01-13T17:54:11.232-0500] {logging_mixin.py:190} INFO - [2025-01-13T17:54:11.232-0500] {dag.py:4180} INFO - Setting next_dagrun for example_branch_datetime_operator_2 to 2025-01-12 00:00:00+00:00, run_after=2025-01-13 00:00:00+00:00
[2025-01-13T17:54:11.235-0500] {logging_mixin.py:190} INFO - [2025-01-13T17:54:11.234-0500] {dag.py:4180} INFO - Setting next_dagrun for example_branch_datetime_operator_3 to 2025-01-12 00:00:00+00:00, run_after=2025-01-13 00:00:00+00:00
[2025-01-13T17:54:11.250-0500] {processor.py:208} INFO - Processing /usr/local/lib/python3.10/site-packages/airflow/example_dags/example_branch_datetime_operator.py took 0.225 seconds
[2025-01-13T17:58:41.449-0500] {processor.py:186} INFO - Started process (PID=1853) to work on /usr/local/lib/python3.10/site-packages/airflow/example_dags/example_branch_datetime_operator.py
[2025-01-13T17:58:41.451-0500] {processor.py:914} INFO - Processing file /usr/local/lib/python3.10/site-packages/airflow/example_dags/example_branch_datetime_operator.py for tasks to queue
[2025-01-13T17:58:41.452-0500] {logging_mixin.py:190} INFO - [2025-01-13T17:58:41.452-0500] {dagbag.py:588} INFO - Filling up the DagBag from /usr/local/lib/python3.10/site-packages/airflow/example_dags/example_branch_datetime_operator.py
[2025-01-13T17:58:41.466-0500] {processor.py:925} INFO - DAG(s) 'example_branch_datetime_operator_2', 'example_branch_datetime_operator', 'example_branch_datetime_operator_3' retrieved from /usr/local/lib/python3.10/site-packages/airflow/example_dags/example_branch_datetime_operator.py
[2025-01-13T17:58:41.628-0500] {logging_mixin.py:190} INFO - [2025-01-13T17:58:41.628-0500] {dag.py:3239} INFO - Sync 3 DAGs
[2025-01-13T17:58:41.645-0500] {logging_mixin.py:190} INFO - [2025-01-13T17:58:41.645-0500] {dag.py:4180} INFO - Setting next_dagrun for example_branch_datetime_operator to 2025-01-12 00:00:00+00:00, run_after=2025-01-13 00:00:00+00:00
[2025-01-13T17:58:41.650-0500] {logging_mixin.py:190} INFO - [2025-01-13T17:58:41.650-0500] {dag.py:4180} INFO - Setting next_dagrun for example_branch_datetime_operator_2 to 2025-01-12 00:00:00+00:00, run_after=2025-01-13 00:00:00+00:00
[2025-01-13T17:58:41.652-0500] {logging_mixin.py:190} INFO - [2025-01-13T17:58:41.652-0500] {dag.py:4180} INFO - Setting next_dagrun for example_branch_datetime_operator_3 to 2025-01-12 00:00:00+00:00, run_after=2025-01-13 00:00:00+00:00
[2025-01-13T17:58:41.666-0500] {processor.py:208} INFO - Processing /usr/local/lib/python3.10/site-packages/airflow/example_dags/example_branch_datetime_operator.py took 0.221 seconds
[2025-01-13T18:03:27.193-0500] {processor.py:186} INFO - Started process (PID=5173) to work on /usr/local/lib/python3.10/site-packages/airflow/example_dags/example_branch_datetime_operator.py
[2025-01-13T18:03:27.195-0500] {processor.py:914} INFO - Processing file /usr/local/lib/python3.10/site-packages/airflow/example_dags/example_branch_datetime_operator.py for tasks to queue
[2025-01-13T18:03:27.196-0500] {logging_mixin.py:190} INFO - [2025-01-13T18:03:27.196-0500] {dagbag.py:588} INFO - Filling up the DagBag from /usr/local/lib/python3.10/site-packages/airflow/example_dags/example_branch_datetime_operator.py
[2025-01-13T18:03:27.211-0500] {processor.py:925} INFO - DAG(s) 'example_branch_datetime_operator', 'example_branch_datetime_operator_2', 'example_branch_datetime_operator_3' retrieved from /usr/local/lib/python3.10/site-packages/airflow/example_dags/example_branch_datetime_operator.py
[2025-01-13T18:03:27.371-0500] {logging_mixin.py:190} INFO - [2025-01-13T18:03:27.371-0500] {dag.py:3239} INFO - Sync 3 DAGs
[2025-01-13T18:03:27.388-0500] {logging_mixin.py:190} INFO - [2025-01-13T18:03:27.388-0500] {dag.py:4180} INFO - Setting next_dagrun for example_branch_datetime_operator to 2025-01-12 00:00:00+00:00, run_after=2025-01-13 00:00:00+00:00
[2025-01-13T18:03:27.392-0500] {logging_mixin.py:190} INFO - [2025-01-13T18:03:27.392-0500] {dag.py:4180} INFO - Setting next_dagrun for example_branch_datetime_operator_2 to 2025-01-12 00:00:00+00:00, run_after=2025-01-13 00:00:00+00:00
[2025-01-13T18:03:27.394-0500] {logging_mixin.py:190} INFO - [2025-01-13T18:03:27.394-0500] {dag.py:4180} INFO - Setting next_dagrun for example_branch_datetime_operator_3 to 2025-01-12 00:00:00+00:00, run_after=2025-01-13 00:00:00+00:00
[2025-01-13T18:03:27.408-0500] {processor.py:208} INFO - Processing /usr/local/lib/python3.10/site-packages/airflow/example_dags/example_branch_datetime_operator.py took 0.219 seconds
[2025-01-13T18:07:56.250-0500] {processor.py:186} INFO - Started process (PID=8235) to work on /usr/local/lib/python3.10/site-packages/airflow/example_dags/example_branch_datetime_operator.py
[2025-01-13T18:07:56.252-0500] {processor.py:914} INFO - Processing file /usr/local/lib/python3.10/site-packages/airflow/example_dags/example_branch_datetime_operator.py for tasks to queue
[2025-01-13T18:07:56.253-0500] {logging_mixin.py:190} INFO - [2025-01-13T18:07:56.253-0500] {dagbag.py:588} INFO - Filling up the DagBag from /usr/local/lib/python3.10/site-packages/airflow/example_dags/example_branch_datetime_operator.py
[2025-01-13T18:07:56.268-0500] {processor.py:925} INFO - DAG(s) 'example_branch_datetime_operator_2', 'example_branch_datetime_operator_3', 'example_branch_datetime_operator' retrieved from /usr/local/lib/python3.10/site-packages/airflow/example_dags/example_branch_datetime_operator.py
[2025-01-13T18:07:56.430-0500] {logging_mixin.py:190} INFO - [2025-01-13T18:07:56.429-0500] {dag.py:3239} INFO - Sync 3 DAGs
[2025-01-13T18:07:56.447-0500] {logging_mixin.py:190} INFO - [2025-01-13T18:07:56.447-0500] {dag.py:4180} INFO - Setting next_dagrun for example_branch_datetime_operator to 2025-01-12 00:00:00+00:00, run_after=2025-01-13 00:00:00+00:00
[2025-01-13T18:07:56.451-0500] {logging_mixin.py:190} INFO - [2025-01-13T18:07:56.451-0500] {dag.py:4180} INFO - Setting next_dagrun for example_branch_datetime_operator_2 to 2025-01-12 00:00:00+00:00, run_after=2025-01-13 00:00:00+00:00
[2025-01-13T18:07:56.453-0500] {logging_mixin.py:190} INFO - [2025-01-13T18:07:56.453-0500] {dag.py:4180} INFO - Setting next_dagrun for example_branch_datetime_operator_3 to 2025-01-12 00:00:00+00:00, run_after=2025-01-13 00:00:00+00:00
[2025-01-13T18:07:56.467-0500] {processor.py:208} INFO - Processing /usr/local/lib/python3.10/site-packages/airflow/example_dags/example_branch_datetime_operator.py took 0.222 seconds
[2025-01-13T18:12:25.930-0500] {processor.py:186} INFO - Started process (PID=11333) to work on /usr/local/lib/python3.10/site-packages/airflow/example_dags/example_branch_datetime_operator.py
[2025-01-13T18:12:25.931-0500] {processor.py:914} INFO - Processing file /usr/local/lib/python3.10/site-packages/airflow/example_dags/example_branch_datetime_operator.py for tasks to queue
[2025-01-13T18:12:25.932-0500] {logging_mixin.py:190} INFO - [2025-01-13T18:12:25.932-0500] {dagbag.py:588} INFO - Filling up the DagBag from /usr/local/lib/python3.10/site-packages/airflow/example_dags/example_branch_datetime_operator.py
[2025-01-13T18:12:25.947-0500] {processor.py:925} INFO - DAG(s) 'example_branch_datetime_operator_2', 'example_branch_datetime_operator', 'example_branch_datetime_operator_3' retrieved from /usr/local/lib/python3.10/site-packages/airflow/example_dags/example_branch_datetime_operator.py
[2025-01-13T18:12:26.107-0500] {logging_mixin.py:190} INFO - [2025-01-13T18:12:26.107-0500] {dag.py:3239} INFO - Sync 3 DAGs
[2025-01-13T18:12:26.125-0500] {logging_mixin.py:190} INFO - [2025-01-13T18:12:26.125-0500] {dag.py:4180} INFO - Setting next_dagrun for example_branch_datetime_operator to 2025-01-12 00:00:00+00:00, run_after=2025-01-13 00:00:00+00:00
[2025-01-13T18:12:26.129-0500] {logging_mixin.py:190} INFO - [2025-01-13T18:12:26.129-0500] {dag.py:4180} INFO - Setting next_dagrun for example_branch_datetime_operator_2 to 2025-01-12 00:00:00+00:00, run_after=2025-01-13 00:00:00+00:00
[2025-01-13T18:12:26.132-0500] {logging_mixin.py:190} INFO - [2025-01-13T18:12:26.131-0500] {dag.py:4180} INFO - Setting next_dagrun for example_branch_datetime_operator_3 to 2025-01-12 00:00:00+00:00, run_after=2025-01-13 00:00:00+00:00
[2025-01-13T18:12:26.146-0500] {processor.py:208} INFO - Processing /usr/local/lib/python3.10/site-packages/airflow/example_dags/example_branch_datetime_operator.py took 0.220 seconds
[2025-01-13T18:17:24.910-0500] {processor.py:186} INFO - Started process (PID=14802) to work on /usr/local/lib/python3.10/site-packages/airflow/example_dags/example_branch_datetime_operator.py
[2025-01-13T18:17:24.912-0500] {processor.py:914} INFO - Processing file /usr/local/lib/python3.10/site-packages/airflow/example_dags/example_branch_datetime_operator.py for tasks to queue
[2025-01-13T18:17:24.913-0500] {logging_mixin.py:190} INFO - [2025-01-13T18:17:24.913-0500] {dagbag.py:588} INFO - Filling up the DagBag from /usr/local/lib/python3.10/site-packages/airflow/example_dags/example_branch_datetime_operator.py
[2025-01-13T18:17:24.927-0500] {processor.py:925} INFO - DAG(s) 'example_branch_datetime_operator_2', 'example_branch_datetime_operator_3', 'example_branch_datetime_operator' retrieved from /usr/local/lib/python3.10/site-packages/airflow/example_dags/example_branch_datetime_operator.py
[2025-01-13T18:17:25.081-0500] {logging_mixin.py:190} INFO - [2025-01-13T18:17:25.080-0500] {dag.py:3239} INFO - Sync 3 DAGs
[2025-01-13T18:17:25.098-0500] {logging_mixin.py:190} INFO - [2025-01-13T18:17:25.097-0500] {dag.py:4180} INFO - Setting next_dagrun for example_branch_datetime_operator to 2025-01-12 00:00:00+00:00, run_after=2025-01-13 00:00:00+00:00
[2025-01-13T18:17:25.101-0500] {logging_mixin.py:190} INFO - [2025-01-13T18:17:25.101-0500] {dag.py:4180} INFO - Setting next_dagrun for example_branch_datetime_operator_2 to 2025-01-12 00:00:00+00:00, run_after=2025-01-13 00:00:00+00:00
[2025-01-13T18:17:25.104-0500] {logging_mixin.py:190} INFO - [2025-01-13T18:17:25.103-0500] {dag.py:4180} INFO - Setting next_dagrun for example_branch_datetime_operator_3 to 2025-01-12 00:00:00+00:00, run_after=2025-01-13 00:00:00+00:00
[2025-01-13T18:17:25.119-0500] {processor.py:208} INFO - Processing /usr/local/lib/python3.10/site-packages/airflow/example_dags/example_branch_datetime_operator.py took 0.213 seconds
[2025-01-13T18:22:10.907-0500] {processor.py:186} INFO - Started process (PID=18170) to work on /usr/local/lib/python3.10/site-packages/airflow/example_dags/example_branch_datetime_operator.py
[2025-01-13T18:22:10.909-0500] {processor.py:914} INFO - Processing file /usr/local/lib/python3.10/site-packages/airflow/example_dags/example_branch_datetime_operator.py for tasks to queue
[2025-01-13T18:22:10.910-0500] {logging_mixin.py:190} INFO - [2025-01-13T18:22:10.910-0500] {dagbag.py:588} INFO - Filling up the DagBag from /usr/local/lib/python3.10/site-packages/airflow/example_dags/example_branch_datetime_operator.py
[2025-01-13T18:22:10.926-0500] {processor.py:925} INFO - DAG(s) 'example_branch_datetime_operator_2', 'example_branch_datetime_operator_3', 'example_branch_datetime_operator' retrieved from /usr/local/lib/python3.10/site-packages/airflow/example_dags/example_branch_datetime_operator.py
[2025-01-13T18:22:11.093-0500] {logging_mixin.py:190} INFO - [2025-01-13T18:22:11.092-0500] {dag.py:3239} INFO - Sync 3 DAGs
[2025-01-13T18:22:11.111-0500] {logging_mixin.py:190} INFO - [2025-01-13T18:22:11.111-0500] {dag.py:4180} INFO - Setting next_dagrun for example_branch_datetime_operator to 2025-01-12 00:00:00+00:00, run_after=2025-01-13 00:00:00+00:00
[2025-01-13T18:22:11.115-0500] {logging_mixin.py:190} INFO - [2025-01-13T18:22:11.115-0500] {dag.py:4180} INFO - Setting next_dagrun for example_branch_datetime_operator_2 to 2025-01-12 00:00:00+00:00, run_after=2025-01-13 00:00:00+00:00
[2025-01-13T18:22:11.118-0500] {logging_mixin.py:190} INFO - [2025-01-13T18:22:11.118-0500] {dag.py:4180} INFO - Setting next_dagrun for example_branch_datetime_operator_3 to 2025-01-12 00:00:00+00:00, run_after=2025-01-13 00:00:00+00:00
[2025-01-13T18:22:11.131-0500] {processor.py:208} INFO - Processing /usr/local/lib/python3.10/site-packages/airflow/example_dags/example_branch_datetime_operator.py took 0.229 seconds
[2025-01-13T18:26:48.859-0500] {processor.py:186} INFO - Started process (PID=21319) to work on /usr/local/lib/python3.10/site-packages/airflow/example_dags/example_branch_datetime_operator.py
[2025-01-13T18:26:48.861-0500] {processor.py:914} INFO - Processing file /usr/local/lib/python3.10/site-packages/airflow/example_dags/example_branch_datetime_operator.py for tasks to queue
[2025-01-13T18:26:48.862-0500] {logging_mixin.py:190} INFO - [2025-01-13T18:26:48.862-0500] {dagbag.py:588} INFO - Filling up the DagBag from /usr/local/lib/python3.10/site-packages/airflow/example_dags/example_branch_datetime_operator.py
[2025-01-13T18:26:48.875-0500] {processor.py:925} INFO - DAG(s) 'example_branch_datetime_operator_2', 'example_branch_datetime_operator', 'example_branch_datetime_operator_3' retrieved from /usr/local/lib/python3.10/site-packages/airflow/example_dags/example_branch_datetime_operator.py
[2025-01-13T18:26:49.031-0500] {logging_mixin.py:190} INFO - [2025-01-13T18:26:49.031-0500] {dag.py:3239} INFO - Sync 3 DAGs
[2025-01-13T18:26:49.048-0500] {logging_mixin.py:190} INFO - [2025-01-13T18:26:49.048-0500] {dag.py:4180} INFO - Setting next_dagrun for example_branch_datetime_operator to 2025-01-12 00:00:00+00:00, run_after=2025-01-13 00:00:00+00:00
[2025-01-13T18:26:49.052-0500] {logging_mixin.py:190} INFO - [2025-01-13T18:26:49.052-0500] {dag.py:4180} INFO - Setting next_dagrun for example_branch_datetime_operator_2 to 2025-01-12 00:00:00+00:00, run_after=2025-01-13 00:00:00+00:00
[2025-01-13T18:26:49.054-0500] {logging_mixin.py:190} INFO - [2025-01-13T18:26:49.054-0500] {dag.py:4180} INFO - Setting next_dagrun for example_branch_datetime_operator_3 to 2025-01-12 00:00:00+00:00, run_after=2025-01-13 00:00:00+00:00
[2025-01-13T18:26:49.068-0500] {processor.py:208} INFO - Processing /usr/local/lib/python3.10/site-packages/airflow/example_dags/example_branch_datetime_operator.py took 0.213 seconds
[2025-01-13T18:31:21.444-0500] {processor.py:186} INFO - Started process (PID=24619) to work on /usr/local/lib/python3.10/site-packages/airflow/example_dags/example_branch_datetime_operator.py
[2025-01-13T18:31:21.446-0500] {processor.py:914} INFO - Processing file /usr/local/lib/python3.10/site-packages/airflow/example_dags/example_branch_datetime_operator.py for tasks to queue
[2025-01-13T18:31:21.447-0500] {logging_mixin.py:190} INFO - [2025-01-13T18:31:21.447-0500] {dagbag.py:588} INFO - Filling up the DagBag from /usr/local/lib/python3.10/site-packages/airflow/example_dags/example_branch_datetime_operator.py
[2025-01-13T18:31:21.463-0500] {processor.py:925} INFO - DAG(s) 'example_branch_datetime_operator', 'example_branch_datetime_operator_2', 'example_branch_datetime_operator_3' retrieved from /usr/local/lib/python3.10/site-packages/airflow/example_dags/example_branch_datetime_operator.py
[2025-01-13T18:31:21.634-0500] {logging_mixin.py:190} INFO - [2025-01-13T18:31:21.633-0500] {dag.py:3239} INFO - Sync 3 DAGs
[2025-01-13T18:31:21.655-0500] {logging_mixin.py:190} INFO - [2025-01-13T18:31:21.654-0500] {dag.py:4180} INFO - Setting next_dagrun for example_branch_datetime_operator to 2025-01-12 00:00:00+00:00, run_after=2025-01-13 00:00:00+00:00
[2025-01-13T18:31:21.660-0500] {logging_mixin.py:190} INFO - [2025-01-13T18:31:21.660-0500] {dag.py:4180} INFO - Setting next_dagrun for example_branch_datetime_operator_2 to 2025-01-12 00:00:00+00:00, run_after=2025-01-13 00:00:00+00:00
[2025-01-13T18:31:21.663-0500] {logging_mixin.py:190} INFO - [2025-01-13T18:31:21.662-0500] {dag.py:4180} INFO - Setting next_dagrun for example_branch_datetime_operator_3 to 2025-01-12 00:00:00+00:00, run_after=2025-01-13 00:00:00+00:00
[2025-01-13T18:31:21.684-0500] {processor.py:208} INFO - Processing /usr/local/lib/python3.10/site-packages/airflow/example_dags/example_branch_datetime_operator.py took 0.244 seconds
[2025-01-13T18:40:40.835-0500] {processor.py:186} INFO - Started process (PID=30882) to work on /usr/local/lib/python3.10/site-packages/airflow/example_dags/example_branch_datetime_operator.py
[2025-01-13T18:40:40.837-0500] {processor.py:914} INFO - Processing file /usr/local/lib/python3.10/site-packages/airflow/example_dags/example_branch_datetime_operator.py for tasks to queue
[2025-01-13T18:40:40.838-0500] {logging_mixin.py:190} INFO - [2025-01-13T18:40:40.838-0500] {dagbag.py:588} INFO - Filling up the DagBag from /usr/local/lib/python3.10/site-packages/airflow/example_dags/example_branch_datetime_operator.py
[2025-01-13T18:40:40.855-0500] {processor.py:925} INFO - DAG(s) 'example_branch_datetime_operator_2', 'example_branch_datetime_operator_3', 'example_branch_datetime_operator' retrieved from /usr/local/lib/python3.10/site-packages/airflow/example_dags/example_branch_datetime_operator.py
[2025-01-13T18:40:41.028-0500] {logging_mixin.py:190} INFO - [2025-01-13T18:40:41.027-0500] {dag.py:3239} INFO - Sync 3 DAGs
[2025-01-13T18:40:41.048-0500] {logging_mixin.py:190} INFO - [2025-01-13T18:40:41.047-0500] {dag.py:4180} INFO - Setting next_dagrun for example_branch_datetime_operator to 2025-01-12 00:00:00+00:00, run_after=2025-01-13 00:00:00+00:00
[2025-01-13T18:40:41.052-0500] {logging_mixin.py:190} INFO - [2025-01-13T18:40:41.052-0500] {dag.py:4180} INFO - Setting next_dagrun for example_branch_datetime_operator_2 to 2025-01-12 00:00:00+00:00, run_after=2025-01-13 00:00:00+00:00
[2025-01-13T18:40:41.074-0500] {logging_mixin.py:190} INFO - [2025-01-13T18:40:41.074-0500] {dag.py:4180} INFO - Setting next_dagrun for example_branch_datetime_operator_3 to 2025-01-12 00:00:00+00:00, run_after=2025-01-13 00:00:00+00:00
[2025-01-13T18:40:41.090-0500] {processor.py:208} INFO - Processing /usr/local/lib/python3.10/site-packages/airflow/example_dags/example_branch_datetime_operator.py took 0.260 seconds
[2025-01-13T18:45:19.862-0500] {processor.py:186} INFO - Started process (PID=34056) to work on /usr/local/lib/python3.10/site-packages/airflow/example_dags/example_branch_datetime_operator.py
[2025-01-13T18:45:19.865-0500] {processor.py:914} INFO - Processing file /usr/local/lib/python3.10/site-packages/airflow/example_dags/example_branch_datetime_operator.py for tasks to queue
[2025-01-13T18:45:19.866-0500] {logging_mixin.py:190} INFO - [2025-01-13T18:45:19.866-0500] {dagbag.py:588} INFO - Filling up the DagBag from /usr/local/lib/python3.10/site-packages/airflow/example_dags/example_branch_datetime_operator.py
[2025-01-13T18:45:19.881-0500] {processor.py:925} INFO - DAG(s) 'example_branch_datetime_operator_2', 'example_branch_datetime_operator', 'example_branch_datetime_operator_3' retrieved from /usr/local/lib/python3.10/site-packages/airflow/example_dags/example_branch_datetime_operator.py
[2025-01-13T18:45:20.049-0500] {logging_mixin.py:190} INFO - [2025-01-13T18:45:20.048-0500] {dag.py:3239} INFO - Sync 3 DAGs
[2025-01-13T18:45:20.067-0500] {logging_mixin.py:190} INFO - [2025-01-13T18:45:20.067-0500] {dag.py:4180} INFO - Setting next_dagrun for example_branch_datetime_operator to 2025-01-12 00:00:00+00:00, run_after=2025-01-13 00:00:00+00:00
[2025-01-13T18:45:20.072-0500] {logging_mixin.py:190} INFO - [2025-01-13T18:45:20.072-0500] {dag.py:4180} INFO - Setting next_dagrun for example_branch_datetime_operator_2 to 2025-01-12 00:00:00+00:00, run_after=2025-01-13 00:00:00+00:00
[2025-01-13T18:45:20.075-0500] {logging_mixin.py:190} INFO - [2025-01-13T18:45:20.074-0500] {dag.py:4180} INFO - Setting next_dagrun for example_branch_datetime_operator_3 to 2025-01-12 00:00:00+00:00, run_after=2025-01-13 00:00:00+00:00
[2025-01-13T18:45:20.090-0500] {processor.py:208} INFO - Processing /usr/local/lib/python3.10/site-packages/airflow/example_dags/example_branch_datetime_operator.py took 0.233 seconds
[2025-01-13T18:50:21.039-0500] {processor.py:186} INFO - Started process (PID=37568) to work on /usr/local/lib/python3.10/site-packages/airflow/example_dags/example_branch_datetime_operator.py
[2025-01-13T18:50:21.041-0500] {processor.py:914} INFO - Processing file /usr/local/lib/python3.10/site-packages/airflow/example_dags/example_branch_datetime_operator.py for tasks to queue
[2025-01-13T18:50:21.042-0500] {logging_mixin.py:190} INFO - [2025-01-13T18:50:21.041-0500] {dagbag.py:588} INFO - Filling up the DagBag from /usr/local/lib/python3.10/site-packages/airflow/example_dags/example_branch_datetime_operator.py
[2025-01-13T18:50:21.057-0500] {processor.py:925} INFO - DAG(s) 'example_branch_datetime_operator_3', 'example_branch_datetime_operator_2', 'example_branch_datetime_operator' retrieved from /usr/local/lib/python3.10/site-packages/airflow/example_dags/example_branch_datetime_operator.py
[2025-01-13T18:50:21.244-0500] {logging_mixin.py:190} INFO - [2025-01-13T18:50:21.244-0500] {dag.py:3239} INFO - Sync 3 DAGs
[2025-01-13T18:50:21.269-0500] {logging_mixin.py:190} INFO - [2025-01-13T18:50:21.269-0500] {dag.py:4180} INFO - Setting next_dagrun for example_branch_datetime_operator to 2025-01-12 00:00:00+00:00, run_after=2025-01-13 00:00:00+00:00
[2025-01-13T18:50:21.278-0500] {logging_mixin.py:190} INFO - [2025-01-13T18:50:21.278-0500] {dag.py:4180} INFO - Setting next_dagrun for example_branch_datetime_operator_2 to 2025-01-12 00:00:00+00:00, run_after=2025-01-13 00:00:00+00:00
[2025-01-13T18:50:21.281-0500] {logging_mixin.py:190} INFO - [2025-01-13T18:50:21.281-0500] {dag.py:4180} INFO - Setting next_dagrun for example_branch_datetime_operator_3 to 2025-01-12 00:00:00+00:00, run_after=2025-01-13 00:00:00+00:00
[2025-01-13T18:50:21.299-0500] {processor.py:208} INFO - Processing /usr/local/lib/python3.10/site-packages/airflow/example_dags/example_branch_datetime_operator.py took 0.265 seconds
[2025-01-13T18:55:03.375-0500] {processor.py:186} INFO - Started process (PID=40864) to work on /usr/local/lib/python3.10/site-packages/airflow/example_dags/example_branch_datetime_operator.py
[2025-01-13T18:55:03.378-0500] {processor.py:914} INFO - Processing file /usr/local/lib/python3.10/site-packages/airflow/example_dags/example_branch_datetime_operator.py for tasks to queue
[2025-01-13T18:55:03.379-0500] {logging_mixin.py:190} INFO - [2025-01-13T18:55:03.379-0500] {dagbag.py:588} INFO - Filling up the DagBag from /usr/local/lib/python3.10/site-packages/airflow/example_dags/example_branch_datetime_operator.py
[2025-01-13T18:55:03.397-0500] {processor.py:925} INFO - DAG(s) 'example_branch_datetime_operator_3', 'example_branch_datetime_operator', 'example_branch_datetime_operator_2' retrieved from /usr/local/lib/python3.10/site-packages/airflow/example_dags/example_branch_datetime_operator.py
[2025-01-13T18:55:03.574-0500] {logging_mixin.py:190} INFO - [2025-01-13T18:55:03.574-0500] {dag.py:3239} INFO - Sync 3 DAGs
[2025-01-13T18:55:03.595-0500] {logging_mixin.py:190} INFO - [2025-01-13T18:55:03.594-0500] {dag.py:4180} INFO - Setting next_dagrun for example_branch_datetime_operator to 2025-01-12 00:00:00+00:00, run_after=2025-01-13 00:00:00+00:00
[2025-01-13T18:55:03.599-0500] {logging_mixin.py:190} INFO - [2025-01-13T18:55:03.599-0500] {dag.py:4180} INFO - Setting next_dagrun for example_branch_datetime_operator_2 to 2025-01-12 00:00:00+00:00, run_after=2025-01-13 00:00:00+00:00
[2025-01-13T18:55:03.602-0500] {logging_mixin.py:190} INFO - [2025-01-13T18:55:03.602-0500] {dag.py:4180} INFO - Setting next_dagrun for example_branch_datetime_operator_3 to 2025-01-12 00:00:00+00:00, run_after=2025-01-13 00:00:00+00:00
[2025-01-13T18:55:03.618-0500] {processor.py:208} INFO - Processing /usr/local/lib/python3.10/site-packages/airflow/example_dags/example_branch_datetime_operator.py took 0.247 seconds
[2025-01-13T18:59:38.734-0500] {processor.py:186} INFO - Started process (PID=44116) to work on /usr/local/lib/python3.10/site-packages/airflow/example_dags/example_branch_datetime_operator.py
[2025-01-13T18:59:38.737-0500] {processor.py:914} INFO - Processing file /usr/local/lib/python3.10/site-packages/airflow/example_dags/example_branch_datetime_operator.py for tasks to queue
[2025-01-13T18:59:38.738-0500] {logging_mixin.py:190} INFO - [2025-01-13T18:59:38.738-0500] {dagbag.py:588} INFO - Filling up the DagBag from /usr/local/lib/python3.10/site-packages/airflow/example_dags/example_branch_datetime_operator.py
[2025-01-13T18:59:38.753-0500] {processor.py:925} INFO - DAG(s) 'example_branch_datetime_operator_3', 'example_branch_datetime_operator_2', 'example_branch_datetime_operator' retrieved from /usr/local/lib/python3.10/site-packages/airflow/example_dags/example_branch_datetime_operator.py
[2025-01-13T18:59:38.930-0500] {logging_mixin.py:190} INFO - [2025-01-13T18:59:38.929-0500] {dag.py:3239} INFO - Sync 3 DAGs
[2025-01-13T18:59:38.948-0500] {logging_mixin.py:190} INFO - [2025-01-13T18:59:38.948-0500] {dag.py:4180} INFO - Setting next_dagrun for example_branch_datetime_operator to 2025-01-12 00:00:00+00:00, run_after=2025-01-13 00:00:00+00:00
[2025-01-13T18:59:38.952-0500] {logging_mixin.py:190} INFO - [2025-01-13T18:59:38.952-0500] {dag.py:4180} INFO - Setting next_dagrun for example_branch_datetime_operator_2 to 2025-01-12 00:00:00+00:00, run_after=2025-01-13 00:00:00+00:00
[2025-01-13T18:59:38.955-0500] {logging_mixin.py:190} INFO - [2025-01-13T18:59:38.955-0500] {dag.py:4180} INFO - Setting next_dagrun for example_branch_datetime_operator_3 to 2025-01-12 00:00:00+00:00, run_after=2025-01-13 00:00:00+00:00
[2025-01-13T18:59:38.970-0500] {processor.py:208} INFO - Processing /usr/local/lib/python3.10/site-packages/airflow/example_dags/example_branch_datetime_operator.py took 0.240 seconds
