[2025-01-13T16:54:06.635-0500] {processor.py:186} INFO - Started process (PID=57561) to work on /usr/local/lib/python3.10/site-packages/airflow/example_dags/example_bash_decorator.py
[2025-01-13T16:54:06.636-0500] {processor.py:914} INFO - Processing file /usr/local/lib/python3.10/site-packages/airflow/example_dags/example_bash_decorator.py for tasks to queue
[2025-01-13T16:54:06.637-0500] {logging_mixin.py:190} INFO - [2025-01-13T16:54:06.637-0500] {dagbag.py:588} INFO - Filling up the DagBag from /usr/local/lib/python3.10/site-packages/airflow/example_dags/example_bash_decorator.py
[2025-01-13T16:54:06.682-0500] {processor.py:925} INFO - DAG(s) 'example_bash_decorator' retrieved from /usr/local/lib/python3.10/site-packages/airflow/example_dags/example_bash_decorator.py
[2025-01-13T16:54:06.938-0500] {logging_mixin.py:190} INFO - [2025-01-13T16:54:06.938-0500] {override.py:1912} INFO - Created Permission View: can edit on DAG:example_bash_decorator
[2025-01-13T16:54:06.946-0500] {logging_mixin.py:190} INFO - [2025-01-13T16:54:06.946-0500] {override.py:1912} INFO - Created Permission View: can delete on DAG:example_bash_decorator
[2025-01-13T16:54:06.952-0500] {logging_mixin.py:190} INFO - [2025-01-13T16:54:06.952-0500] {override.py:1912} INFO - Created Permission View: can read on DAG:example_bash_decorator
[2025-01-13T16:54:06.959-0500] {logging_mixin.py:190} INFO - [2025-01-13T16:54:06.959-0500] {override.py:1912} INFO - Created Permission View: can create on DAG Run:example_bash_decorator
[2025-01-13T16:54:06.964-0500] {logging_mixin.py:190} INFO - [2025-01-13T16:54:06.964-0500] {override.py:1912} INFO - Created Permission View: menu access on DAG Run:example_bash_decorator
[2025-01-13T16:54:06.970-0500] {logging_mixin.py:190} INFO - [2025-01-13T16:54:06.970-0500] {override.py:1912} INFO - Created Permission View: can delete on DAG Run:example_bash_decorator
[2025-01-13T16:54:06.975-0500] {logging_mixin.py:190} INFO - [2025-01-13T16:54:06.975-0500] {override.py:1912} INFO - Created Permission View: can read on DAG Run:example_bash_decorator
[2025-01-13T16:54:06.976-0500] {logging_mixin.py:190} INFO - [2025-01-13T16:54:06.976-0500] {dag.py:3239} INFO - Sync 1 DAGs
[2025-01-13T16:54:06.987-0500] {logging_mixin.py:190} INFO - [2025-01-13T16:54:06.987-0500] {dag.py:3262} INFO - Creating ORM DAG for example_bash_decorator
[2025-01-13T16:54:06.987-0500] {logging_mixin.py:190} INFO - [2025-01-13T16:54:06.987-0500] {dag.py:4180} INFO - Setting next_dagrun for example_bash_decorator to None, run_after=None
[2025-01-13T16:54:07.003-0500] {processor.py:208} INFO - Processing /usr/local/lib/python3.10/site-packages/airflow/example_dags/example_bash_decorator.py took 0.373 seconds
[2025-01-13T16:58:54.340-0500] {processor.py:186} INFO - Started process (PID=60885) to work on /usr/local/lib/python3.10/site-packages/airflow/example_dags/example_bash_decorator.py
[2025-01-13T16:58:54.342-0500] {processor.py:914} INFO - Processing file /usr/local/lib/python3.10/site-packages/airflow/example_dags/example_bash_decorator.py for tasks to queue
[2025-01-13T16:58:54.344-0500] {logging_mixin.py:190} INFO - [2025-01-13T16:58:54.343-0500] {dagbag.py:588} INFO - Filling up the DagBag from /usr/local/lib/python3.10/site-packages/airflow/example_dags/example_bash_decorator.py
[2025-01-13T16:58:54.398-0500] {processor.py:925} INFO - DAG(s) 'example_bash_decorator' retrieved from /usr/local/lib/python3.10/site-packages/airflow/example_dags/example_bash_decorator.py
[2025-01-13T16:58:54.662-0500] {logging_mixin.py:190} INFO - [2025-01-13T16:58:54.662-0500] {dag.py:3239} INFO - Sync 1 DAGs
[2025-01-13T16:58:54.670-0500] {logging_mixin.py:190} INFO - [2025-01-13T16:58:54.670-0500] {dag.py:4180} INFO - Setting next_dagrun for example_bash_decorator to None, run_after=None
[2025-01-13T16:58:54.685-0500] {processor.py:208} INFO - Processing /usr/local/lib/python3.10/site-packages/airflow/example_dags/example_bash_decorator.py took 0.348 seconds
[2025-01-13T17:03:13.554-0500] {processor.py:186} INFO - Started process (PID=63798) to work on /usr/local/lib/python3.10/site-packages/airflow/example_dags/example_bash_decorator.py
[2025-01-13T17:03:13.556-0500] {processor.py:914} INFO - Processing file /usr/local/lib/python3.10/site-packages/airflow/example_dags/example_bash_decorator.py for tasks to queue
[2025-01-13T17:03:13.557-0500] {logging_mixin.py:190} INFO - [2025-01-13T17:03:13.557-0500] {dagbag.py:588} INFO - Filling up the DagBag from /usr/local/lib/python3.10/site-packages/airflow/example_dags/example_bash_decorator.py
[2025-01-13T17:03:13.599-0500] {processor.py:925} INFO - DAG(s) 'example_bash_decorator' retrieved from /usr/local/lib/python3.10/site-packages/airflow/example_dags/example_bash_decorator.py
[2025-01-13T17:03:13.839-0500] {logging_mixin.py:190} INFO - [2025-01-13T17:03:13.839-0500] {dag.py:3239} INFO - Sync 1 DAGs
[2025-01-13T17:03:13.847-0500] {logging_mixin.py:190} INFO - [2025-01-13T17:03:13.847-0500] {dag.py:4180} INFO - Setting next_dagrun for example_bash_decorator to None, run_after=None
[2025-01-13T17:03:13.863-0500] {processor.py:208} INFO - Processing /usr/local/lib/python3.10/site-packages/airflow/example_dags/example_bash_decorator.py took 0.313 seconds
[2025-01-13T17:07:36.029-0500] {processor.py:186} INFO - Started process (PID=66813) to work on /usr/local/lib/python3.10/site-packages/airflow/example_dags/example_bash_decorator.py
[2025-01-13T17:07:36.030-0500] {processor.py:914} INFO - Processing file /usr/local/lib/python3.10/site-packages/airflow/example_dags/example_bash_decorator.py for tasks to queue
[2025-01-13T17:07:36.032-0500] {logging_mixin.py:190} INFO - [2025-01-13T17:07:36.031-0500] {dagbag.py:588} INFO - Filling up the DagBag from /usr/local/lib/python3.10/site-packages/airflow/example_dags/example_bash_decorator.py
[2025-01-13T17:07:36.072-0500] {processor.py:925} INFO - DAG(s) 'example_bash_decorator' retrieved from /usr/local/lib/python3.10/site-packages/airflow/example_dags/example_bash_decorator.py
[2025-01-13T17:07:36.298-0500] {logging_mixin.py:190} INFO - [2025-01-13T17:07:36.297-0500] {dag.py:3239} INFO - Sync 1 DAGs
[2025-01-13T17:07:36.306-0500] {logging_mixin.py:190} INFO - [2025-01-13T17:07:36.305-0500] {dag.py:4180} INFO - Setting next_dagrun for example_bash_decorator to None, run_after=None
[2025-01-13T17:07:36.322-0500] {processor.py:208} INFO - Processing /usr/local/lib/python3.10/site-packages/airflow/example_dags/example_bash_decorator.py took 0.297 seconds
[2025-01-13T17:12:04.083-0500] {processor.py:186} INFO - Started process (PID=69864) to work on /usr/local/lib/python3.10/site-packages/airflow/example_dags/example_bash_decorator.py
[2025-01-13T17:12:04.084-0500] {processor.py:914} INFO - Processing file /usr/local/lib/python3.10/site-packages/airflow/example_dags/example_bash_decorator.py for tasks to queue
[2025-01-13T17:12:04.085-0500] {logging_mixin.py:190} INFO - [2025-01-13T17:12:04.085-0500] {dagbag.py:588} INFO - Filling up the DagBag from /usr/local/lib/python3.10/site-packages/airflow/example_dags/example_bash_decorator.py
[2025-01-13T17:12:04.122-0500] {processor.py:925} INFO - DAG(s) 'example_bash_decorator' retrieved from /usr/local/lib/python3.10/site-packages/airflow/example_dags/example_bash_decorator.py
[2025-01-13T17:12:04.332-0500] {logging_mixin.py:190} INFO - [2025-01-13T17:12:04.332-0500] {dag.py:3239} INFO - Sync 1 DAGs
[2025-01-13T17:12:04.339-0500] {logging_mixin.py:190} INFO - [2025-01-13T17:12:04.339-0500] {dag.py:4180} INFO - Setting next_dagrun for example_bash_decorator to None, run_after=None
[2025-01-13T17:12:04.358-0500] {processor.py:208} INFO - Processing /usr/local/lib/python3.10/site-packages/airflow/example_dags/example_bash_decorator.py took 0.279 seconds
[2025-01-13T17:18:32.233-0500] {processor.py:186} INFO - Started process (PID=73955) to work on /usr/local/lib/python3.10/site-packages/airflow/example_dags/example_bash_decorator.py
[2025-01-13T17:18:32.234-0500] {processor.py:914} INFO - Processing file /usr/local/lib/python3.10/site-packages/airflow/example_dags/example_bash_decorator.py for tasks to queue
[2025-01-13T17:18:32.236-0500] {logging_mixin.py:190} INFO - [2025-01-13T17:18:32.236-0500] {dagbag.py:588} INFO - Filling up the DagBag from /usr/local/lib/python3.10/site-packages/airflow/example_dags/example_bash_decorator.py
[2025-01-13T17:18:32.297-0500] {processor.py:925} INFO - DAG(s) 'example_bash_decorator' retrieved from /usr/local/lib/python3.10/site-packages/airflow/example_dags/example_bash_decorator.py
[2025-01-13T17:18:32.558-0500] {logging_mixin.py:190} INFO - [2025-01-13T17:18:32.558-0500] {dag.py:3239} INFO - Sync 1 DAGs
[2025-01-13T17:18:32.568-0500] {logging_mixin.py:190} INFO - [2025-01-13T17:18:32.567-0500] {dag.py:4180} INFO - Setting next_dagrun for example_bash_decorator to None, run_after=None
[2025-01-13T17:18:32.584-0500] {processor.py:208} INFO - Processing /usr/local/lib/python3.10/site-packages/airflow/example_dags/example_bash_decorator.py took 0.356 seconds
[2025-01-13T17:23:12.235-0500] {processor.py:186} INFO - Started process (PID=77085) to work on /usr/local/lib/python3.10/site-packages/airflow/example_dags/example_bash_decorator.py
[2025-01-13T17:23:12.237-0500] {processor.py:914} INFO - Processing file /usr/local/lib/python3.10/site-packages/airflow/example_dags/example_bash_decorator.py for tasks to queue
[2025-01-13T17:23:12.238-0500] {logging_mixin.py:190} INFO - [2025-01-13T17:23:12.238-0500] {dagbag.py:588} INFO - Filling up the DagBag from /usr/local/lib/python3.10/site-packages/airflow/example_dags/example_bash_decorator.py
[2025-01-13T17:23:12.281-0500] {processor.py:925} INFO - DAG(s) 'example_bash_decorator' retrieved from /usr/local/lib/python3.10/site-packages/airflow/example_dags/example_bash_decorator.py
[2025-01-13T17:23:12.524-0500] {logging_mixin.py:190} INFO - [2025-01-13T17:23:12.524-0500] {dag.py:3239} INFO - Sync 1 DAGs
[2025-01-13T17:23:12.533-0500] {logging_mixin.py:190} INFO - [2025-01-13T17:23:12.533-0500] {dag.py:4180} INFO - Setting next_dagrun for example_bash_decorator to None, run_after=None
[2025-01-13T17:23:12.550-0500] {processor.py:208} INFO - Processing /usr/local/lib/python3.10/site-packages/airflow/example_dags/example_bash_decorator.py took 0.320 seconds
[2025-01-13T17:27:25.191-0500] {processor.py:186} INFO - Started process (PID=79957) to work on /usr/local/lib/python3.10/site-packages/airflow/example_dags/example_bash_decorator.py
[2025-01-13T17:27:25.192-0500] {processor.py:914} INFO - Processing file /usr/local/lib/python3.10/site-packages/airflow/example_dags/example_bash_decorator.py for tasks to queue
[2025-01-13T17:27:25.194-0500] {logging_mixin.py:190} INFO - [2025-01-13T17:27:25.193-0500] {dagbag.py:588} INFO - Filling up the DagBag from /usr/local/lib/python3.10/site-packages/airflow/example_dags/example_bash_decorator.py
[2025-01-13T17:27:25.233-0500] {processor.py:925} INFO - DAG(s) 'example_bash_decorator' retrieved from /usr/local/lib/python3.10/site-packages/airflow/example_dags/example_bash_decorator.py
[2025-01-13T17:27:25.468-0500] {logging_mixin.py:190} INFO - [2025-01-13T17:27:25.468-0500] {dag.py:3239} INFO - Sync 1 DAGs
[2025-01-13T17:27:25.477-0500] {logging_mixin.py:190} INFO - [2025-01-13T17:27:25.476-0500] {dag.py:4180} INFO - Setting next_dagrun for example_bash_decorator to None, run_after=None
[2025-01-13T17:27:25.491-0500] {processor.py:208} INFO - Processing /usr/local/lib/python3.10/site-packages/airflow/example_dags/example_bash_decorator.py took 0.304 seconds
[2025-01-13T17:31:55.804-0500] {processor.py:186} INFO - Started process (PID=82955) to work on /usr/local/lib/python3.10/site-packages/airflow/example_dags/example_bash_decorator.py
[2025-01-13T17:31:55.806-0500] {processor.py:914} INFO - Processing file /usr/local/lib/python3.10/site-packages/airflow/example_dags/example_bash_decorator.py for tasks to queue
[2025-01-13T17:31:55.807-0500] {logging_mixin.py:190} INFO - [2025-01-13T17:31:55.806-0500] {dagbag.py:588} INFO - Filling up the DagBag from /usr/local/lib/python3.10/site-packages/airflow/example_dags/example_bash_decorator.py
[2025-01-13T17:31:55.847-0500] {processor.py:925} INFO - DAG(s) 'example_bash_decorator' retrieved from /usr/local/lib/python3.10/site-packages/airflow/example_dags/example_bash_decorator.py
[2025-01-13T17:31:56.090-0500] {logging_mixin.py:190} INFO - [2025-01-13T17:31:56.090-0500] {dag.py:3239} INFO - Sync 1 DAGs
[2025-01-13T17:31:56.099-0500] {logging_mixin.py:190} INFO - [2025-01-13T17:31:56.099-0500] {dag.py:4180} INFO - Setting next_dagrun for example_bash_decorator to None, run_after=None
[2025-01-13T17:31:56.116-0500] {processor.py:208} INFO - Processing /usr/local/lib/python3.10/site-packages/airflow/example_dags/example_bash_decorator.py took 0.316 seconds
[2025-01-13T17:36:27.185-0500] {processor.py:186} INFO - Started process (PID=86037) to work on /usr/local/lib/python3.10/site-packages/airflow/example_dags/example_bash_decorator.py
[2025-01-13T17:36:27.187-0500] {processor.py:914} INFO - Processing file /usr/local/lib/python3.10/site-packages/airflow/example_dags/example_bash_decorator.py for tasks to queue
[2025-01-13T17:36:27.188-0500] {logging_mixin.py:190} INFO - [2025-01-13T17:36:27.188-0500] {dagbag.py:588} INFO - Filling up the DagBag from /usr/local/lib/python3.10/site-packages/airflow/example_dags/example_bash_decorator.py
[2025-01-13T17:36:27.238-0500] {processor.py:925} INFO - DAG(s) 'example_bash_decorator' retrieved from /usr/local/lib/python3.10/site-packages/airflow/example_dags/example_bash_decorator.py
[2025-01-13T17:36:27.504-0500] {logging_mixin.py:190} INFO - [2025-01-13T17:36:27.504-0500] {dag.py:3239} INFO - Sync 1 DAGs
[2025-01-13T17:36:27.512-0500] {logging_mixin.py:190} INFO - [2025-01-13T17:36:27.512-0500] {dag.py:4180} INFO - Setting next_dagrun for example_bash_decorator to None, run_after=None
[2025-01-13T17:36:27.525-0500] {processor.py:208} INFO - Processing /usr/local/lib/python3.10/site-packages/airflow/example_dags/example_bash_decorator.py took 0.344 seconds
[2025-01-13T17:41:00.001-0500] {processor.py:186} INFO - Started process (PID=89155) to work on /usr/local/lib/python3.10/site-packages/airflow/example_dags/example_bash_decorator.py
[2025-01-13T17:41:00.003-0500] {processor.py:914} INFO - Processing file /usr/local/lib/python3.10/site-packages/airflow/example_dags/example_bash_decorator.py for tasks to queue
[2025-01-13T17:41:00.004-0500] {logging_mixin.py:190} INFO - [2025-01-13T17:41:00.004-0500] {dagbag.py:588} INFO - Filling up the DagBag from /usr/local/lib/python3.10/site-packages/airflow/example_dags/example_bash_decorator.py
[2025-01-13T17:41:00.065-0500] {processor.py:925} INFO - DAG(s) 'example_bash_decorator' retrieved from /usr/local/lib/python3.10/site-packages/airflow/example_dags/example_bash_decorator.py
[2025-01-13T17:41:00.354-0500] {logging_mixin.py:190} INFO - [2025-01-13T17:41:00.354-0500] {dag.py:3239} INFO - Sync 1 DAGs
[2025-01-13T17:41:00.362-0500] {logging_mixin.py:190} INFO - [2025-01-13T17:41:00.362-0500] {dag.py:4180} INFO - Setting next_dagrun for example_bash_decorator to None, run_after=None
[2025-01-13T17:41:00.377-0500] {processor.py:208} INFO - Processing /usr/local/lib/python3.10/site-packages/airflow/example_dags/example_bash_decorator.py took 0.379 seconds
[2025-01-13T17:45:36.375-0500] {processor.py:186} INFO - Started process (PID=92297) to work on /usr/local/lib/python3.10/site-packages/airflow/example_dags/example_bash_decorator.py
[2025-01-13T17:45:36.377-0500] {processor.py:914} INFO - Processing file /usr/local/lib/python3.10/site-packages/airflow/example_dags/example_bash_decorator.py for tasks to queue
[2025-01-13T17:45:36.378-0500] {logging_mixin.py:190} INFO - [2025-01-13T17:45:36.378-0500] {dagbag.py:588} INFO - Filling up the DagBag from /usr/local/lib/python3.10/site-packages/airflow/example_dags/example_bash_decorator.py
[2025-01-13T17:45:36.417-0500] {processor.py:925} INFO - DAG(s) 'example_bash_decorator' retrieved from /usr/local/lib/python3.10/site-packages/airflow/example_dags/example_bash_decorator.py
[2025-01-13T17:45:36.651-0500] {logging_mixin.py:190} INFO - [2025-01-13T17:45:36.651-0500] {dag.py:3239} INFO - Sync 1 DAGs
[2025-01-13T17:45:36.659-0500] {logging_mixin.py:190} INFO - [2025-01-13T17:45:36.659-0500] {dag.py:4180} INFO - Setting next_dagrun for example_bash_decorator to None, run_after=None
[2025-01-13T17:45:36.675-0500] {processor.py:208} INFO - Processing /usr/local/lib/python3.10/site-packages/airflow/example_dags/example_bash_decorator.py took 0.304 seconds
[2025-01-13T17:49:52.770-0500] {processor.py:186} INFO - Started process (PID=95165) to work on /usr/local/lib/python3.10/site-packages/airflow/example_dags/example_bash_decorator.py
[2025-01-13T17:49:52.772-0500] {processor.py:914} INFO - Processing file /usr/local/lib/python3.10/site-packages/airflow/example_dags/example_bash_decorator.py for tasks to queue
[2025-01-13T17:49:52.773-0500] {logging_mixin.py:190} INFO - [2025-01-13T17:49:52.773-0500] {dagbag.py:588} INFO - Filling up the DagBag from /usr/local/lib/python3.10/site-packages/airflow/example_dags/example_bash_decorator.py
[2025-01-13T17:49:52.817-0500] {processor.py:925} INFO - DAG(s) 'example_bash_decorator' retrieved from /usr/local/lib/python3.10/site-packages/airflow/example_dags/example_bash_decorator.py
[2025-01-13T17:49:53.067-0500] {logging_mixin.py:190} INFO - [2025-01-13T17:49:53.066-0500] {dag.py:3239} INFO - Sync 1 DAGs
[2025-01-13T17:49:53.076-0500] {logging_mixin.py:190} INFO - [2025-01-13T17:49:53.076-0500] {dag.py:4180} INFO - Setting next_dagrun for example_bash_decorator to None, run_after=None
[2025-01-13T17:49:53.092-0500] {processor.py:208} INFO - Processing /usr/local/lib/python3.10/site-packages/airflow/example_dags/example_bash_decorator.py took 0.327 seconds
[2025-01-13T17:54:16.616-0500] {processor.py:186} INFO - Started process (PID=98143) to work on /usr/local/lib/python3.10/site-packages/airflow/example_dags/example_bash_decorator.py
[2025-01-13T17:54:16.618-0500] {processor.py:914} INFO - Processing file /usr/local/lib/python3.10/site-packages/airflow/example_dags/example_bash_decorator.py for tasks to queue
[2025-01-13T17:54:16.619-0500] {logging_mixin.py:190} INFO - [2025-01-13T17:54:16.619-0500] {dagbag.py:588} INFO - Filling up the DagBag from /usr/local/lib/python3.10/site-packages/airflow/example_dags/example_bash_decorator.py
[2025-01-13T17:54:16.659-0500] {processor.py:925} INFO - DAG(s) 'example_bash_decorator' retrieved from /usr/local/lib/python3.10/site-packages/airflow/example_dags/example_bash_decorator.py
[2025-01-13T17:54:16.901-0500] {logging_mixin.py:190} INFO - [2025-01-13T17:54:16.901-0500] {dag.py:3239} INFO - Sync 1 DAGs
[2025-01-13T17:54:16.910-0500] {logging_mixin.py:190} INFO - [2025-01-13T17:54:16.910-0500] {dag.py:4180} INFO - Setting next_dagrun for example_bash_decorator to None, run_after=None
[2025-01-13T17:54:16.927-0500] {processor.py:208} INFO - Processing /usr/local/lib/python3.10/site-packages/airflow/example_dags/example_bash_decorator.py took 0.315 seconds
[2025-01-13T17:58:51.361-0500] {processor.py:186} INFO - Started process (PID=1978) to work on /usr/local/lib/python3.10/site-packages/airflow/example_dags/example_bash_decorator.py
[2025-01-13T17:58:51.363-0500] {processor.py:914} INFO - Processing file /usr/local/lib/python3.10/site-packages/airflow/example_dags/example_bash_decorator.py for tasks to queue
[2025-01-13T17:58:51.364-0500] {logging_mixin.py:190} INFO - [2025-01-13T17:58:51.364-0500] {dagbag.py:588} INFO - Filling up the DagBag from /usr/local/lib/python3.10/site-packages/airflow/example_dags/example_bash_decorator.py
[2025-01-13T17:58:51.410-0500] {processor.py:925} INFO - DAG(s) 'example_bash_decorator' retrieved from /usr/local/lib/python3.10/site-packages/airflow/example_dags/example_bash_decorator.py
[2025-01-13T17:58:51.690-0500] {logging_mixin.py:190} INFO - [2025-01-13T17:58:51.690-0500] {dag.py:3239} INFO - Sync 1 DAGs
[2025-01-13T17:58:51.700-0500] {logging_mixin.py:190} INFO - [2025-01-13T17:58:51.700-0500] {dag.py:4180} INFO - Setting next_dagrun for example_bash_decorator to None, run_after=None
[2025-01-13T17:58:51.716-0500] {processor.py:208} INFO - Processing /usr/local/lib/python3.10/site-packages/airflow/example_dags/example_bash_decorator.py took 0.359 seconds
[2025-01-13T18:03:32.093-0500] {processor.py:186} INFO - Started process (PID=5177) to work on /usr/local/lib/python3.10/site-packages/airflow/example_dags/example_bash_decorator.py
[2025-01-13T18:03:32.095-0500] {processor.py:914} INFO - Processing file /usr/local/lib/python3.10/site-packages/airflow/example_dags/example_bash_decorator.py for tasks to queue
[2025-01-13T18:03:32.096-0500] {logging_mixin.py:190} INFO - [2025-01-13T18:03:32.096-0500] {dagbag.py:588} INFO - Filling up the DagBag from /usr/local/lib/python3.10/site-packages/airflow/example_dags/example_bash_decorator.py
[2025-01-13T18:03:32.136-0500] {processor.py:925} INFO - DAG(s) 'example_bash_decorator' retrieved from /usr/local/lib/python3.10/site-packages/airflow/example_dags/example_bash_decorator.py
[2025-01-13T18:03:32.372-0500] {logging_mixin.py:190} INFO - [2025-01-13T18:03:32.372-0500] {dag.py:3239} INFO - Sync 1 DAGs
[2025-01-13T18:03:32.380-0500] {logging_mixin.py:190} INFO - [2025-01-13T18:03:32.380-0500] {dag.py:4180} INFO - Setting next_dagrun for example_bash_decorator to None, run_after=None
[2025-01-13T18:03:32.394-0500] {processor.py:208} INFO - Processing /usr/local/lib/python3.10/site-packages/airflow/example_dags/example_bash_decorator.py took 0.304 seconds
[2025-01-13T18:08:02.107-0500] {processor.py:186} INFO - Started process (PID=8241) to work on /usr/local/lib/python3.10/site-packages/airflow/example_dags/example_bash_decorator.py
[2025-01-13T18:08:02.109-0500] {processor.py:914} INFO - Processing file /usr/local/lib/python3.10/site-packages/airflow/example_dags/example_bash_decorator.py for tasks to queue
[2025-01-13T18:08:02.110-0500] {logging_mixin.py:190} INFO - [2025-01-13T18:08:02.110-0500] {dagbag.py:588} INFO - Filling up the DagBag from /usr/local/lib/python3.10/site-packages/airflow/example_dags/example_bash_decorator.py
[2025-01-13T18:08:02.158-0500] {processor.py:925} INFO - DAG(s) 'example_bash_decorator' retrieved from /usr/local/lib/python3.10/site-packages/airflow/example_dags/example_bash_decorator.py
[2025-01-13T18:08:02.425-0500] {logging_mixin.py:190} INFO - [2025-01-13T18:08:02.425-0500] {dag.py:3239} INFO - Sync 1 DAGs
[2025-01-13T18:08:02.433-0500] {logging_mixin.py:190} INFO - [2025-01-13T18:08:02.432-0500] {dag.py:4180} INFO - Setting next_dagrun for example_bash_decorator to None, run_after=None
[2025-01-13T18:08:02.446-0500] {processor.py:208} INFO - Processing /usr/local/lib/python3.10/site-packages/airflow/example_dags/example_bash_decorator.py took 0.344 seconds
[2025-01-13T18:12:32.161-0500] {processor.py:186} INFO - Started process (PID=11448) to work on /usr/local/lib/python3.10/site-packages/airflow/example_dags/example_bash_decorator.py
[2025-01-13T18:12:32.163-0500] {processor.py:914} INFO - Processing file /usr/local/lib/python3.10/site-packages/airflow/example_dags/example_bash_decorator.py for tasks to queue
[2025-01-13T18:12:32.164-0500] {logging_mixin.py:190} INFO - [2025-01-13T18:12:32.163-0500] {dagbag.py:588} INFO - Filling up the DagBag from /usr/local/lib/python3.10/site-packages/airflow/example_dags/example_bash_decorator.py
[2025-01-13T18:12:32.225-0500] {processor.py:925} INFO - DAG(s) 'example_bash_decorator' retrieved from /usr/local/lib/python3.10/site-packages/airflow/example_dags/example_bash_decorator.py
[2025-01-13T18:12:32.492-0500] {logging_mixin.py:190} INFO - [2025-01-13T18:12:32.491-0500] {dag.py:3239} INFO - Sync 1 DAGs
[2025-01-13T18:12:32.499-0500] {logging_mixin.py:190} INFO - [2025-01-13T18:12:32.499-0500] {dag.py:4180} INFO - Setting next_dagrun for example_bash_decorator to None, run_after=None
[2025-01-13T18:12:32.513-0500] {processor.py:208} INFO - Processing /usr/local/lib/python3.10/site-packages/airflow/example_dags/example_bash_decorator.py took 0.357 seconds
[2025-01-13T18:17:30.897-0500] {processor.py:186} INFO - Started process (PID=14924) to work on /usr/local/lib/python3.10/site-packages/airflow/example_dags/example_bash_decorator.py
[2025-01-13T18:17:30.899-0500] {processor.py:914} INFO - Processing file /usr/local/lib/python3.10/site-packages/airflow/example_dags/example_bash_decorator.py for tasks to queue
[2025-01-13T18:17:30.900-0500] {logging_mixin.py:190} INFO - [2025-01-13T18:17:30.900-0500] {dagbag.py:588} INFO - Filling up the DagBag from /usr/local/lib/python3.10/site-packages/airflow/example_dags/example_bash_decorator.py
[2025-01-13T18:17:30.964-0500] {processor.py:925} INFO - DAG(s) 'example_bash_decorator' retrieved from /usr/local/lib/python3.10/site-packages/airflow/example_dags/example_bash_decorator.py
[2025-01-13T18:17:31.238-0500] {logging_mixin.py:190} INFO - [2025-01-13T18:17:31.238-0500] {dag.py:3239} INFO - Sync 1 DAGs
[2025-01-13T18:17:31.247-0500] {logging_mixin.py:190} INFO - [2025-01-13T18:17:31.246-0500] {dag.py:4180} INFO - Setting next_dagrun for example_bash_decorator to None, run_after=None
[2025-01-13T18:17:31.261-0500] {processor.py:208} INFO - Processing /usr/local/lib/python3.10/site-packages/airflow/example_dags/example_bash_decorator.py took 0.367 seconds
[2025-01-13T18:22:16.330-0500] {processor.py:186} INFO - Started process (PID=18280) to work on /usr/local/lib/python3.10/site-packages/airflow/example_dags/example_bash_decorator.py
[2025-01-13T18:22:16.332-0500] {processor.py:914} INFO - Processing file /usr/local/lib/python3.10/site-packages/airflow/example_dags/example_bash_decorator.py for tasks to queue
[2025-01-13T18:22:16.334-0500] {logging_mixin.py:190} INFO - [2025-01-13T18:22:16.333-0500] {dagbag.py:588} INFO - Filling up the DagBag from /usr/local/lib/python3.10/site-packages/airflow/example_dags/example_bash_decorator.py
[2025-01-13T18:22:16.381-0500] {processor.py:925} INFO - DAG(s) 'example_bash_decorator' retrieved from /usr/local/lib/python3.10/site-packages/airflow/example_dags/example_bash_decorator.py
[2025-01-13T18:22:16.657-0500] {logging_mixin.py:190} INFO - [2025-01-13T18:22:16.657-0500] {dag.py:3239} INFO - Sync 1 DAGs
[2025-01-13T18:22:16.668-0500] {logging_mixin.py:190} INFO - [2025-01-13T18:22:16.668-0500] {dag.py:4180} INFO - Setting next_dagrun for example_bash_decorator to None, run_after=None
[2025-01-13T18:22:16.686-0500] {processor.py:208} INFO - Processing /usr/local/lib/python3.10/site-packages/airflow/example_dags/example_bash_decorator.py took 0.360 seconds
[2025-01-13T18:26:53.373-0500] {processor.py:186} INFO - Started process (PID=21431) to work on /usr/local/lib/python3.10/site-packages/airflow/example_dags/example_bash_decorator.py
[2025-01-13T18:26:53.375-0500] {processor.py:914} INFO - Processing file /usr/local/lib/python3.10/site-packages/airflow/example_dags/example_bash_decorator.py for tasks to queue
[2025-01-13T18:26:53.376-0500] {logging_mixin.py:190} INFO - [2025-01-13T18:26:53.376-0500] {dagbag.py:588} INFO - Filling up the DagBag from /usr/local/lib/python3.10/site-packages/airflow/example_dags/example_bash_decorator.py
[2025-01-13T18:26:53.415-0500] {processor.py:925} INFO - DAG(s) 'example_bash_decorator' retrieved from /usr/local/lib/python3.10/site-packages/airflow/example_dags/example_bash_decorator.py
[2025-01-13T18:26:53.643-0500] {logging_mixin.py:190} INFO - [2025-01-13T18:26:53.643-0500] {dag.py:3239} INFO - Sync 1 DAGs
[2025-01-13T18:26:53.651-0500] {logging_mixin.py:190} INFO - [2025-01-13T18:26:53.651-0500] {dag.py:4180} INFO - Setting next_dagrun for example_bash_decorator to None, run_after=None
[2025-01-13T18:26:53.665-0500] {processor.py:208} INFO - Processing /usr/local/lib/python3.10/site-packages/airflow/example_dags/example_bash_decorator.py took 0.295 seconds
[2025-01-13T18:31:27.360-0500] {processor.py:186} INFO - Started process (PID=24624) to work on /usr/local/lib/python3.10/site-packages/airflow/example_dags/example_bash_decorator.py
[2025-01-13T18:31:27.362-0500] {processor.py:914} INFO - Processing file /usr/local/lib/python3.10/site-packages/airflow/example_dags/example_bash_decorator.py for tasks to queue
[2025-01-13T18:31:27.363-0500] {logging_mixin.py:190} INFO - [2025-01-13T18:31:27.363-0500] {dagbag.py:588} INFO - Filling up the DagBag from /usr/local/lib/python3.10/site-packages/airflow/example_dags/example_bash_decorator.py
[2025-01-13T18:31:27.401-0500] {processor.py:925} INFO - DAG(s) 'example_bash_decorator' retrieved from /usr/local/lib/python3.10/site-packages/airflow/example_dags/example_bash_decorator.py
[2025-01-13T18:31:27.630-0500] {logging_mixin.py:190} INFO - [2025-01-13T18:31:27.630-0500] {dag.py:3239} INFO - Sync 1 DAGs
[2025-01-13T18:31:27.638-0500] {logging_mixin.py:190} INFO - [2025-01-13T18:31:27.638-0500] {dag.py:4180} INFO - Setting next_dagrun for example_bash_decorator to None, run_after=None
[2025-01-13T18:31:27.652-0500] {processor.py:208} INFO - Processing /usr/local/lib/python3.10/site-packages/airflow/example_dags/example_bash_decorator.py took 0.296 seconds
[2025-01-13T18:40:46.748-0500] {processor.py:186} INFO - Started process (PID=30994) to work on /usr/local/lib/python3.10/site-packages/airflow/example_dags/example_bash_decorator.py
[2025-01-13T18:40:46.750-0500] {processor.py:914} INFO - Processing file /usr/local/lib/python3.10/site-packages/airflow/example_dags/example_bash_decorator.py for tasks to queue
[2025-01-13T18:40:46.751-0500] {logging_mixin.py:190} INFO - [2025-01-13T18:40:46.751-0500] {dagbag.py:588} INFO - Filling up the DagBag from /usr/local/lib/python3.10/site-packages/airflow/example_dags/example_bash_decorator.py
[2025-01-13T18:40:46.799-0500] {processor.py:925} INFO - DAG(s) 'example_bash_decorator' retrieved from /usr/local/lib/python3.10/site-packages/airflow/example_dags/example_bash_decorator.py
[2025-01-13T18:40:47.064-0500] {logging_mixin.py:190} INFO - [2025-01-13T18:40:47.064-0500] {dag.py:3239} INFO - Sync 1 DAGs
[2025-01-13T18:40:47.074-0500] {logging_mixin.py:190} INFO - [2025-01-13T18:40:47.074-0500] {dag.py:4180} INFO - Setting next_dagrun for example_bash_decorator to None, run_after=None
[2025-01-13T18:40:47.093-0500] {processor.py:208} INFO - Processing /usr/local/lib/python3.10/site-packages/airflow/example_dags/example_bash_decorator.py took 0.349 seconds
[2025-01-13T18:45:26.085-0500] {processor.py:186} INFO - Started process (PID=34168) to work on /usr/local/lib/python3.10/site-packages/airflow/example_dags/example_bash_decorator.py
[2025-01-13T18:45:26.087-0500] {processor.py:914} INFO - Processing file /usr/local/lib/python3.10/site-packages/airflow/example_dags/example_bash_decorator.py for tasks to queue
[2025-01-13T18:45:26.089-0500] {logging_mixin.py:190} INFO - [2025-01-13T18:45:26.088-0500] {dagbag.py:588} INFO - Filling up the DagBag from /usr/local/lib/python3.10/site-packages/airflow/example_dags/example_bash_decorator.py
[2025-01-13T18:45:26.135-0500] {processor.py:925} INFO - DAG(s) 'example_bash_decorator' retrieved from /usr/local/lib/python3.10/site-packages/airflow/example_dags/example_bash_decorator.py
[2025-01-13T18:45:26.405-0500] {logging_mixin.py:190} INFO - [2025-01-13T18:45:26.404-0500] {dag.py:3239} INFO - Sync 1 DAGs
[2025-01-13T18:45:26.415-0500] {logging_mixin.py:190} INFO - [2025-01-13T18:45:26.414-0500] {dag.py:4180} INFO - Setting next_dagrun for example_bash_decorator to None, run_after=None
[2025-01-13T18:45:26.431-0500] {processor.py:208} INFO - Processing /usr/local/lib/python3.10/site-packages/airflow/example_dags/example_bash_decorator.py took 0.352 seconds
[2025-01-13T18:50:27.258-0500] {processor.py:186} INFO - Started process (PID=37679) to work on /usr/local/lib/python3.10/site-packages/airflow/example_dags/example_bash_decorator.py
[2025-01-13T18:50:27.260-0500] {processor.py:914} INFO - Processing file /usr/local/lib/python3.10/site-packages/airflow/example_dags/example_bash_decorator.py for tasks to queue
[2025-01-13T18:50:27.262-0500] {logging_mixin.py:190} INFO - [2025-01-13T18:50:27.261-0500] {dagbag.py:588} INFO - Filling up the DagBag from /usr/local/lib/python3.10/site-packages/airflow/example_dags/example_bash_decorator.py
[2025-01-13T18:50:27.308-0500] {processor.py:925} INFO - DAG(s) 'example_bash_decorator' retrieved from /usr/local/lib/python3.10/site-packages/airflow/example_dags/example_bash_decorator.py
[2025-01-13T18:50:27.562-0500] {logging_mixin.py:190} INFO - [2025-01-13T18:50:27.562-0500] {dag.py:3239} INFO - Sync 1 DAGs
[2025-01-13T18:50:27.573-0500] {logging_mixin.py:190} INFO - [2025-01-13T18:50:27.573-0500] {dag.py:4180} INFO - Setting next_dagrun for example_bash_decorator to None, run_after=None
[2025-01-13T18:50:27.594-0500] {processor.py:208} INFO - Processing /usr/local/lib/python3.10/site-packages/airflow/example_dags/example_bash_decorator.py took 0.341 seconds
[2025-01-13T18:55:09.348-0500] {processor.py:186} INFO - Started process (PID=40872) to work on /usr/local/lib/python3.10/site-packages/airflow/example_dags/example_bash_decorator.py
[2025-01-13T18:55:09.350-0500] {processor.py:914} INFO - Processing file /usr/local/lib/python3.10/site-packages/airflow/example_dags/example_bash_decorator.py for tasks to queue
[2025-01-13T18:55:09.351-0500] {logging_mixin.py:190} INFO - [2025-01-13T18:55:09.351-0500] {dagbag.py:588} INFO - Filling up the DagBag from /usr/local/lib/python3.10/site-packages/airflow/example_dags/example_bash_decorator.py
[2025-01-13T18:55:09.411-0500] {processor.py:925} INFO - DAG(s) 'example_bash_decorator' retrieved from /usr/local/lib/python3.10/site-packages/airflow/example_dags/example_bash_decorator.py
[2025-01-13T18:55:09.717-0500] {logging_mixin.py:190} INFO - [2025-01-13T18:55:09.716-0500] {dag.py:3239} INFO - Sync 1 DAGs
[2025-01-13T18:55:09.727-0500] {logging_mixin.py:190} INFO - [2025-01-13T18:55:09.727-0500] {dag.py:4180} INFO - Setting next_dagrun for example_bash_decorator to None, run_after=None
[2025-01-13T18:55:09.745-0500] {processor.py:208} INFO - Processing /usr/local/lib/python3.10/site-packages/airflow/example_dags/example_bash_decorator.py took 0.401 seconds
[2025-01-13T18:59:44.367-0500] {processor.py:186} INFO - Started process (PID=44125) to work on /usr/local/lib/python3.10/site-packages/airflow/example_dags/example_bash_decorator.py
[2025-01-13T18:59:44.369-0500] {processor.py:914} INFO - Processing file /usr/local/lib/python3.10/site-packages/airflow/example_dags/example_bash_decorator.py for tasks to queue
[2025-01-13T18:59:44.371-0500] {logging_mixin.py:190} INFO - [2025-01-13T18:59:44.370-0500] {dagbag.py:588} INFO - Filling up the DagBag from /usr/local/lib/python3.10/site-packages/airflow/example_dags/example_bash_decorator.py
[2025-01-13T18:59:44.413-0500] {processor.py:925} INFO - DAG(s) 'example_bash_decorator' retrieved from /usr/local/lib/python3.10/site-packages/airflow/example_dags/example_bash_decorator.py
[2025-01-13T18:59:44.655-0500] {logging_mixin.py:190} INFO - [2025-01-13T18:59:44.655-0500] {dag.py:3239} INFO - Sync 1 DAGs
[2025-01-13T18:59:44.665-0500] {logging_mixin.py:190} INFO - [2025-01-13T18:59:44.665-0500] {dag.py:4180} INFO - Setting next_dagrun for example_bash_decorator to None, run_after=None
[2025-01-13T18:59:44.682-0500] {processor.py:208} INFO - Processing /usr/local/lib/python3.10/site-packages/airflow/example_dags/example_bash_decorator.py took 0.319 seconds
