[2025-01-13T16:53:32.233-0500] {processor.py:186} INFO - Started process (PID=57105) to work on /usr/local/lib/python3.10/site-packages/airflow/example_dags/example_dataset_alias_with_no_taskflow.py
[2025-01-13T16:53:32.235-0500] {processor.py:914} INFO - Processing file /usr/local/lib/python3.10/site-packages/airflow/example_dags/example_dataset_alias_with_no_taskflow.py for tasks to queue
[2025-01-13T16:53:32.236-0500] {logging_mixin.py:190} INFO - [2025-01-13T16:53:32.236-0500] {dagbag.py:588} INFO - Filling up the DagBag from /usr/local/lib/python3.10/site-packages/airflow/example_dags/example_dataset_alias_with_no_taskflow.py
[2025-01-13T16:53:32.444-0500] {processor.py:925} INFO - DAG(s) 'dataset_s3_bucket_producer_with_no_taskflow', 'dataset_alias_example_alias_consumer_with_no_taskflow', 'dataset_alias_example_alias_producer_with_no_taskflow', 'dataset_s3_bucket_consumer_with_no_taskflow' retrieved from /usr/local/lib/python3.10/site-packages/airflow/example_dags/example_dataset_alias_with_no_taskflow.py
[2025-01-13T16:53:32.541-0500] {logging_mixin.py:190} INFO - [2025-01-13T16:53:32.541-0500] {override.py:1912} INFO - Created Permission View: can delete on DAG:dataset_s3_bucket_producer_with_no_taskflow
[2025-01-13T16:53:32.549-0500] {logging_mixin.py:190} INFO - [2025-01-13T16:53:32.549-0500] {override.py:1912} INFO - Created Permission View: can edit on DAG:dataset_s3_bucket_producer_with_no_taskflow
[2025-01-13T16:53:32.555-0500] {logging_mixin.py:190} INFO - [2025-01-13T16:53:32.555-0500] {override.py:1912} INFO - Created Permission View: can read on DAG:dataset_s3_bucket_producer_with_no_taskflow
[2025-01-13T16:53:32.563-0500] {logging_mixin.py:190} INFO - [2025-01-13T16:53:32.563-0500] {override.py:1912} INFO - Created Permission View: can create on DAG Run:dataset_s3_bucket_producer_with_no_taskflow
[2025-01-13T16:53:32.569-0500] {logging_mixin.py:190} INFO - [2025-01-13T16:53:32.568-0500] {override.py:1912} INFO - Created Permission View: can delete on DAG Run:dataset_s3_bucket_producer_with_no_taskflow
[2025-01-13T16:53:32.575-0500] {logging_mixin.py:190} INFO - [2025-01-13T16:53:32.574-0500] {override.py:1912} INFO - Created Permission View: can read on DAG Run:dataset_s3_bucket_producer_with_no_taskflow
[2025-01-13T16:53:32.580-0500] {logging_mixin.py:190} INFO - [2025-01-13T16:53:32.580-0500] {override.py:1912} INFO - Created Permission View: menu access on DAG Run:dataset_s3_bucket_producer_with_no_taskflow
[2025-01-13T16:53:32.591-0500] {logging_mixin.py:190} INFO - [2025-01-13T16:53:32.590-0500] {override.py:1912} INFO - Created Permission View: can delete on DAG:dataset_alias_example_alias_consumer_with_no_taskflow
[2025-01-13T16:53:32.596-0500] {logging_mixin.py:190} INFO - [2025-01-13T16:53:32.596-0500] {override.py:1912} INFO - Created Permission View: can edit on DAG:dataset_alias_example_alias_consumer_with_no_taskflow
[2025-01-13T16:53:32.601-0500] {logging_mixin.py:190} INFO - [2025-01-13T16:53:32.601-0500] {override.py:1912} INFO - Created Permission View: can read on DAG:dataset_alias_example_alias_consumer_with_no_taskflow
[2025-01-13T16:53:32.608-0500] {logging_mixin.py:190} INFO - [2025-01-13T16:53:32.608-0500] {override.py:1912} INFO - Created Permission View: can create on DAG Run:dataset_alias_example_alias_consumer_with_no_taskflow
[2025-01-13T16:53:32.614-0500] {logging_mixin.py:190} INFO - [2025-01-13T16:53:32.613-0500] {override.py:1912} INFO - Created Permission View: can delete on DAG Run:dataset_alias_example_alias_consumer_with_no_taskflow
[2025-01-13T16:53:32.619-0500] {logging_mixin.py:190} INFO - [2025-01-13T16:53:32.619-0500] {override.py:1912} INFO - Created Permission View: can read on DAG Run:dataset_alias_example_alias_consumer_with_no_taskflow
[2025-01-13T16:53:32.624-0500] {logging_mixin.py:190} INFO - [2025-01-13T16:53:32.624-0500] {override.py:1912} INFO - Created Permission View: menu access on DAG Run:dataset_alias_example_alias_consumer_with_no_taskflow
[2025-01-13T16:53:32.636-0500] {logging_mixin.py:190} INFO - [2025-01-13T16:53:32.635-0500] {override.py:1912} INFO - Created Permission View: can delete on DAG:dataset_alias_example_alias_producer_with_no_taskflow
[2025-01-13T16:53:32.641-0500] {logging_mixin.py:190} INFO - [2025-01-13T16:53:32.640-0500] {override.py:1912} INFO - Created Permission View: can edit on DAG:dataset_alias_example_alias_producer_with_no_taskflow
[2025-01-13T16:53:32.645-0500] {logging_mixin.py:190} INFO - [2025-01-13T16:53:32.645-0500] {override.py:1912} INFO - Created Permission View: can read on DAG:dataset_alias_example_alias_producer_with_no_taskflow
[2025-01-13T16:53:32.651-0500] {logging_mixin.py:190} INFO - [2025-01-13T16:53:32.651-0500] {override.py:1912} INFO - Created Permission View: can create on DAG Run:dataset_alias_example_alias_producer_with_no_taskflow
[2025-01-13T16:53:32.655-0500] {logging_mixin.py:190} INFO - [2025-01-13T16:53:32.655-0500] {override.py:1912} INFO - Created Permission View: can delete on DAG Run:dataset_alias_example_alias_producer_with_no_taskflow
[2025-01-13T16:53:32.660-0500] {logging_mixin.py:190} INFO - [2025-01-13T16:53:32.660-0500] {override.py:1912} INFO - Created Permission View: can read on DAG Run:dataset_alias_example_alias_producer_with_no_taskflow
[2025-01-13T16:53:32.664-0500] {logging_mixin.py:190} INFO - [2025-01-13T16:53:32.664-0500] {override.py:1912} INFO - Created Permission View: menu access on DAG Run:dataset_alias_example_alias_producer_with_no_taskflow
[2025-01-13T16:53:32.673-0500] {logging_mixin.py:190} INFO - [2025-01-13T16:53:32.673-0500] {override.py:1912} INFO - Created Permission View: can delete on DAG:dataset_s3_bucket_consumer_with_no_taskflow
[2025-01-13T16:53:32.677-0500] {logging_mixin.py:190} INFO - [2025-01-13T16:53:32.677-0500] {override.py:1912} INFO - Created Permission View: can edit on DAG:dataset_s3_bucket_consumer_with_no_taskflow
[2025-01-13T16:53:32.682-0500] {logging_mixin.py:190} INFO - [2025-01-13T16:53:32.682-0500] {override.py:1912} INFO - Created Permission View: can read on DAG:dataset_s3_bucket_consumer_with_no_taskflow
[2025-01-13T16:53:32.688-0500] {logging_mixin.py:190} INFO - [2025-01-13T16:53:32.688-0500] {override.py:1912} INFO - Created Permission View: can create on DAG Run:dataset_s3_bucket_consumer_with_no_taskflow
[2025-01-13T16:53:32.693-0500] {logging_mixin.py:190} INFO - [2025-01-13T16:53:32.693-0500] {override.py:1912} INFO - Created Permission View: can delete on DAG Run:dataset_s3_bucket_consumer_with_no_taskflow
[2025-01-13T16:53:32.698-0500] {logging_mixin.py:190} INFO - [2025-01-13T16:53:32.697-0500] {override.py:1912} INFO - Created Permission View: can read on DAG Run:dataset_s3_bucket_consumer_with_no_taskflow
[2025-01-13T16:53:32.703-0500] {logging_mixin.py:190} INFO - [2025-01-13T16:53:32.703-0500] {override.py:1912} INFO - Created Permission View: menu access on DAG Run:dataset_s3_bucket_consumer_with_no_taskflow
[2025-01-13T16:53:32.703-0500] {logging_mixin.py:190} INFO - [2025-01-13T16:53:32.703-0500] {dag.py:3239} INFO - Sync 4 DAGs
[2025-01-13T16:53:32.714-0500] {logging_mixin.py:190} INFO - [2025-01-13T16:53:32.713-0500] {dag.py:3262} INFO - Creating ORM DAG for dataset_alias_example_alias_consumer_with_no_taskflow
[2025-01-13T16:53:32.714-0500] {logging_mixin.py:190} INFO - [2025-01-13T16:53:32.714-0500] {dag.py:3262} INFO - Creating ORM DAG for dataset_alias_example_alias_producer_with_no_taskflow
[2025-01-13T16:53:32.715-0500] {logging_mixin.py:190} INFO - [2025-01-13T16:53:32.714-0500] {dag.py:3262} INFO - Creating ORM DAG for dataset_s3_bucket_consumer_with_no_taskflow
[2025-01-13T16:53:32.715-0500] {logging_mixin.py:190} INFO - [2025-01-13T16:53:32.715-0500] {dag.py:3262} INFO - Creating ORM DAG for dataset_s3_bucket_producer_with_no_taskflow
[2025-01-13T16:53:32.722-0500] {logging_mixin.py:190} INFO - [2025-01-13T16:53:32.722-0500] {dag.py:4180} INFO - Setting next_dagrun for dataset_alias_example_alias_consumer_with_no_taskflow to None, run_after=None
[2025-01-13T16:53:32.723-0500] {logging_mixin.py:190} INFO - [2025-01-13T16:53:32.723-0500] {dag.py:4180} INFO - Setting next_dagrun for dataset_alias_example_alias_producer_with_no_taskflow to None, run_after=None
[2025-01-13T16:53:32.724-0500] {logging_mixin.py:190} INFO - [2025-01-13T16:53:32.724-0500] {dag.py:4180} INFO - Setting next_dagrun for dataset_s3_bucket_consumer_with_no_taskflow to None, run_after=None
[2025-01-13T16:53:32.724-0500] {logging_mixin.py:190} INFO - [2025-01-13T16:53:32.724-0500] {dag.py:4180} INFO - Setting next_dagrun for dataset_s3_bucket_producer_with_no_taskflow to None, run_after=None
[2025-01-13T16:53:33.150-0500] {processor.py:208} INFO - Processing /usr/local/lib/python3.10/site-packages/airflow/example_dags/example_dataset_alias_with_no_taskflow.py took 0.921 seconds
[2025-01-13T16:56:16.913-0500] {processor.py:186} INFO - Started process (PID=58955) to work on /usr/local/lib/python3.10/site-packages/airflow/example_dags/example_dataset_alias_with_no_taskflow.py
[2025-01-13T16:56:16.917-0500] {processor.py:914} INFO - Processing file /usr/local/lib/python3.10/site-packages/airflow/example_dags/example_dataset_alias_with_no_taskflow.py for tasks to queue
[2025-01-13T16:56:16.918-0500] {logging_mixin.py:190} INFO - [2025-01-13T16:56:16.918-0500] {dagbag.py:588} INFO - Filling up the DagBag from /usr/local/lib/python3.10/site-packages/airflow/example_dags/example_dataset_alias_with_no_taskflow.py
[2025-01-13T16:56:17.130-0500] {processor.py:925} INFO - DAG(s) 'dataset_s3_bucket_producer_with_no_taskflow', 'dataset_alias_example_alias_consumer_with_no_taskflow', 'dataset_s3_bucket_consumer_with_no_taskflow', 'dataset_alias_example_alias_producer_with_no_taskflow' retrieved from /usr/local/lib/python3.10/site-packages/airflow/example_dags/example_dataset_alias_with_no_taskflow.py
[2025-01-13T16:56:17.155-0500] {logging_mixin.py:190} INFO - [2025-01-13T16:56:17.154-0500] {dag.py:3239} INFO - Sync 4 DAGs
[2025-01-13T16:56:17.175-0500] {logging_mixin.py:190} INFO - [2025-01-13T16:56:17.175-0500] {dag.py:4180} INFO - Setting next_dagrun for dataset_alias_example_alias_consumer_with_no_taskflow to None, run_after=None
[2025-01-13T16:56:17.177-0500] {logging_mixin.py:190} INFO - [2025-01-13T16:56:17.177-0500] {dag.py:4180} INFO - Setting next_dagrun for dataset_alias_example_alias_producer_with_no_taskflow to None, run_after=None
[2025-01-13T16:56:17.178-0500] {logging_mixin.py:190} INFO - [2025-01-13T16:56:17.178-0500] {dag.py:4180} INFO - Setting next_dagrun for dataset_s3_bucket_consumer_with_no_taskflow to None, run_after=None
[2025-01-13T16:56:17.179-0500] {logging_mixin.py:190} INFO - [2025-01-13T16:56:17.179-0500] {dag.py:4180} INFO - Setting next_dagrun for dataset_s3_bucket_producer_with_no_taskflow to None, run_after=None
[2025-01-13T16:56:17.200-0500] {processor.py:208} INFO - Processing /usr/local/lib/python3.10/site-packages/airflow/example_dags/example_dataset_alias_with_no_taskflow.py took 0.292 seconds
[2025-01-13T17:01:00.323-0500] {processor.py:186} INFO - Started process (PID=62278) to work on /usr/local/lib/python3.10/site-packages/airflow/example_dags/example_dataset_alias_with_no_taskflow.py
[2025-01-13T17:01:00.325-0500] {processor.py:914} INFO - Processing file /usr/local/lib/python3.10/site-packages/airflow/example_dags/example_dataset_alias_with_no_taskflow.py for tasks to queue
[2025-01-13T17:01:00.326-0500] {logging_mixin.py:190} INFO - [2025-01-13T17:01:00.325-0500] {dagbag.py:588} INFO - Filling up the DagBag from /usr/local/lib/python3.10/site-packages/airflow/example_dags/example_dataset_alias_with_no_taskflow.py
[2025-01-13T17:01:00.534-0500] {processor.py:925} INFO - DAG(s) 'dataset_s3_bucket_consumer_with_no_taskflow', 'dataset_s3_bucket_producer_with_no_taskflow', 'dataset_alias_example_alias_consumer_with_no_taskflow', 'dataset_alias_example_alias_producer_with_no_taskflow' retrieved from /usr/local/lib/python3.10/site-packages/airflow/example_dags/example_dataset_alias_with_no_taskflow.py
[2025-01-13T17:01:00.557-0500] {logging_mixin.py:190} INFO - [2025-01-13T17:01:00.557-0500] {dag.py:3239} INFO - Sync 4 DAGs
[2025-01-13T17:01:00.575-0500] {logging_mixin.py:190} INFO - [2025-01-13T17:01:00.574-0500] {dag.py:4180} INFO - Setting next_dagrun for dataset_alias_example_alias_consumer_with_no_taskflow to None, run_after=None
[2025-01-13T17:01:00.577-0500] {logging_mixin.py:190} INFO - [2025-01-13T17:01:00.576-0500] {dag.py:4180} INFO - Setting next_dagrun for dataset_alias_example_alias_producer_with_no_taskflow to None, run_after=None
[2025-01-13T17:01:00.578-0500] {logging_mixin.py:190} INFO - [2025-01-13T17:01:00.577-0500] {dag.py:4180} INFO - Setting next_dagrun for dataset_s3_bucket_consumer_with_no_taskflow to None, run_after=None
[2025-01-13T17:01:00.578-0500] {logging_mixin.py:190} INFO - [2025-01-13T17:01:00.578-0500] {dag.py:4180} INFO - Setting next_dagrun for dataset_s3_bucket_producer_with_no_taskflow to None, run_after=None
[2025-01-13T17:01:00.596-0500] {processor.py:208} INFO - Processing /usr/local/lib/python3.10/site-packages/airflow/example_dags/example_dataset_alias_with_no_taskflow.py took 0.277 seconds
[2025-01-13T17:05:23.150-0500] {processor.py:186} INFO - Started process (PID=65311) to work on /usr/local/lib/python3.10/site-packages/airflow/example_dags/example_dataset_alias_with_no_taskflow.py
[2025-01-13T17:05:23.151-0500] {processor.py:914} INFO - Processing file /usr/local/lib/python3.10/site-packages/airflow/example_dags/example_dataset_alias_with_no_taskflow.py for tasks to queue
[2025-01-13T17:05:23.153-0500] {logging_mixin.py:190} INFO - [2025-01-13T17:05:23.152-0500] {dagbag.py:588} INFO - Filling up the DagBag from /usr/local/lib/python3.10/site-packages/airflow/example_dags/example_dataset_alias_with_no_taskflow.py
[2025-01-13T17:05:23.351-0500] {processor.py:925} INFO - DAG(s) 'dataset_s3_bucket_consumer_with_no_taskflow', 'dataset_alias_example_alias_producer_with_no_taskflow', 'dataset_alias_example_alias_consumer_with_no_taskflow', 'dataset_s3_bucket_producer_with_no_taskflow' retrieved from /usr/local/lib/python3.10/site-packages/airflow/example_dags/example_dataset_alias_with_no_taskflow.py
[2025-01-13T17:05:23.372-0500] {logging_mixin.py:190} INFO - [2025-01-13T17:05:23.371-0500] {dag.py:3239} INFO - Sync 4 DAGs
[2025-01-13T17:05:23.388-0500] {logging_mixin.py:190} INFO - [2025-01-13T17:05:23.388-0500] {dag.py:4180} INFO - Setting next_dagrun for dataset_alias_example_alias_consumer_with_no_taskflow to None, run_after=None
[2025-01-13T17:05:23.390-0500] {logging_mixin.py:190} INFO - [2025-01-13T17:05:23.390-0500] {dag.py:4180} INFO - Setting next_dagrun for dataset_alias_example_alias_producer_with_no_taskflow to None, run_after=None
[2025-01-13T17:05:23.391-0500] {logging_mixin.py:190} INFO - [2025-01-13T17:05:23.391-0500] {dag.py:4180} INFO - Setting next_dagrun for dataset_s3_bucket_consumer_with_no_taskflow to None, run_after=None
[2025-01-13T17:05:23.392-0500] {logging_mixin.py:190} INFO - [2025-01-13T17:05:23.392-0500] {dag.py:4180} INFO - Setting next_dagrun for dataset_s3_bucket_producer_with_no_taskflow to None, run_after=None
[2025-01-13T17:05:23.411-0500] {processor.py:208} INFO - Processing /usr/local/lib/python3.10/site-packages/airflow/example_dags/example_dataset_alias_with_no_taskflow.py took 0.265 seconds
[2025-01-13T17:09:53.245-0500] {processor.py:186} INFO - Started process (PID=68368) to work on /usr/local/lib/python3.10/site-packages/airflow/example_dags/example_dataset_alias_with_no_taskflow.py
[2025-01-13T17:09:53.247-0500] {processor.py:914} INFO - Processing file /usr/local/lib/python3.10/site-packages/airflow/example_dags/example_dataset_alias_with_no_taskflow.py for tasks to queue
[2025-01-13T17:09:53.248-0500] {logging_mixin.py:190} INFO - [2025-01-13T17:09:53.248-0500] {dagbag.py:588} INFO - Filling up the DagBag from /usr/local/lib/python3.10/site-packages/airflow/example_dags/example_dataset_alias_with_no_taskflow.py
[2025-01-13T17:09:53.456-0500] {processor.py:925} INFO - DAG(s) 'dataset_s3_bucket_consumer_with_no_taskflow', 'dataset_alias_example_alias_producer_with_no_taskflow', 'dataset_alias_example_alias_consumer_with_no_taskflow', 'dataset_s3_bucket_producer_with_no_taskflow' retrieved from /usr/local/lib/python3.10/site-packages/airflow/example_dags/example_dataset_alias_with_no_taskflow.py
[2025-01-13T17:09:53.477-0500] {logging_mixin.py:190} INFO - [2025-01-13T17:09:53.476-0500] {dag.py:3239} INFO - Sync 4 DAGs
[2025-01-13T17:09:53.494-0500] {logging_mixin.py:190} INFO - [2025-01-13T17:09:53.493-0500] {dag.py:4180} INFO - Setting next_dagrun for dataset_alias_example_alias_consumer_with_no_taskflow to None, run_after=None
[2025-01-13T17:09:53.495-0500] {logging_mixin.py:190} INFO - [2025-01-13T17:09:53.495-0500] {dag.py:4180} INFO - Setting next_dagrun for dataset_alias_example_alias_producer_with_no_taskflow to None, run_after=None
[2025-01-13T17:09:53.496-0500] {logging_mixin.py:190} INFO - [2025-01-13T17:09:53.496-0500] {dag.py:4180} INFO - Setting next_dagrun for dataset_s3_bucket_consumer_with_no_taskflow to None, run_after=None
[2025-01-13T17:09:53.497-0500] {logging_mixin.py:190} INFO - [2025-01-13T17:09:53.497-0500] {dag.py:4180} INFO - Setting next_dagrun for dataset_s3_bucket_producer_with_no_taskflow to None, run_after=None
[2025-01-13T17:09:53.514-0500] {processor.py:208} INFO - Processing /usr/local/lib/python3.10/site-packages/airflow/example_dags/example_dataset_alias_with_no_taskflow.py took 0.273 seconds
[2025-01-13T17:16:00.226-0500] {processor.py:186} INFO - Started process (PID=72116) to work on /usr/local/lib/python3.10/site-packages/airflow/example_dags/example_dataset_alias_with_no_taskflow.py
[2025-01-13T17:16:00.229-0500] {processor.py:914} INFO - Processing file /usr/local/lib/python3.10/site-packages/airflow/example_dags/example_dataset_alias_with_no_taskflow.py for tasks to queue
[2025-01-13T17:16:00.230-0500] {logging_mixin.py:190} INFO - [2025-01-13T17:16:00.230-0500] {dagbag.py:588} INFO - Filling up the DagBag from /usr/local/lib/python3.10/site-packages/airflow/example_dags/example_dataset_alias_with_no_taskflow.py
[2025-01-13T17:16:00.447-0500] {processor.py:925} INFO - DAG(s) 'dataset_alias_example_alias_producer_with_no_taskflow', 'dataset_s3_bucket_producer_with_no_taskflow', 'dataset_s3_bucket_consumer_with_no_taskflow', 'dataset_alias_example_alias_consumer_with_no_taskflow' retrieved from /usr/local/lib/python3.10/site-packages/airflow/example_dags/example_dataset_alias_with_no_taskflow.py
[2025-01-13T17:16:00.468-0500] {logging_mixin.py:190} INFO - [2025-01-13T17:16:00.468-0500] {dag.py:3239} INFO - Sync 4 DAGs
[2025-01-13T17:16:00.489-0500] {logging_mixin.py:190} INFO - [2025-01-13T17:16:00.488-0500] {dag.py:4180} INFO - Setting next_dagrun for dataset_alias_example_alias_consumer_with_no_taskflow to None, run_after=None
[2025-01-13T17:16:00.491-0500] {logging_mixin.py:190} INFO - [2025-01-13T17:16:00.491-0500] {dag.py:4180} INFO - Setting next_dagrun for dataset_alias_example_alias_producer_with_no_taskflow to None, run_after=None
[2025-01-13T17:16:00.492-0500] {logging_mixin.py:190} INFO - [2025-01-13T17:16:00.492-0500] {dag.py:4180} INFO - Setting next_dagrun for dataset_s3_bucket_consumer_with_no_taskflow to None, run_after=None
[2025-01-13T17:16:00.493-0500] {logging_mixin.py:190} INFO - [2025-01-13T17:16:00.493-0500] {dag.py:4180} INFO - Setting next_dagrun for dataset_s3_bucket_producer_with_no_taskflow to None, run_after=None
[2025-01-13T17:16:00.517-0500] {processor.py:208} INFO - Processing /usr/local/lib/python3.10/site-packages/airflow/example_dags/example_dataset_alias_with_no_taskflow.py took 0.296 seconds
[2025-01-13T17:20:50.725-0500] {processor.py:186} INFO - Started process (PID=75467) to work on /usr/local/lib/python3.10/site-packages/airflow/example_dags/example_dataset_alias_with_no_taskflow.py
[2025-01-13T17:20:50.727-0500] {processor.py:914} INFO - Processing file /usr/local/lib/python3.10/site-packages/airflow/example_dags/example_dataset_alias_with_no_taskflow.py for tasks to queue
[2025-01-13T17:20:50.728-0500] {logging_mixin.py:190} INFO - [2025-01-13T17:20:50.728-0500] {dagbag.py:588} INFO - Filling up the DagBag from /usr/local/lib/python3.10/site-packages/airflow/example_dags/example_dataset_alias_with_no_taskflow.py
[2025-01-13T17:20:50.928-0500] {processor.py:925} INFO - DAG(s) 'dataset_alias_example_alias_consumer_with_no_taskflow', 'dataset_s3_bucket_producer_with_no_taskflow', 'dataset_alias_example_alias_producer_with_no_taskflow', 'dataset_s3_bucket_consumer_with_no_taskflow' retrieved from /usr/local/lib/python3.10/site-packages/airflow/example_dags/example_dataset_alias_with_no_taskflow.py
[2025-01-13T17:20:50.950-0500] {logging_mixin.py:190} INFO - [2025-01-13T17:20:50.950-0500] {dag.py:3239} INFO - Sync 4 DAGs
[2025-01-13T17:20:50.967-0500] {logging_mixin.py:190} INFO - [2025-01-13T17:20:50.967-0500] {dag.py:4180} INFO - Setting next_dagrun for dataset_alias_example_alias_consumer_with_no_taskflow to None, run_after=None
[2025-01-13T17:20:50.969-0500] {logging_mixin.py:190} INFO - [2025-01-13T17:20:50.969-0500] {dag.py:4180} INFO - Setting next_dagrun for dataset_alias_example_alias_producer_with_no_taskflow to None, run_after=None
[2025-01-13T17:20:50.970-0500] {logging_mixin.py:190} INFO - [2025-01-13T17:20:50.970-0500] {dag.py:4180} INFO - Setting next_dagrun for dataset_s3_bucket_consumer_with_no_taskflow to None, run_after=None
[2025-01-13T17:20:50.971-0500] {logging_mixin.py:190} INFO - [2025-01-13T17:20:50.971-0500] {dag.py:4180} INFO - Setting next_dagrun for dataset_s3_bucket_producer_with_no_taskflow to None, run_after=None
[2025-01-13T17:20:50.988-0500] {processor.py:208} INFO - Processing /usr/local/lib/python3.10/site-packages/airflow/example_dags/example_dataset_alias_with_no_taskflow.py took 0.266 seconds
[2025-01-13T17:25:13.870-0500] {processor.py:186} INFO - Started process (PID=78462) to work on /usr/local/lib/python3.10/site-packages/airflow/example_dags/example_dataset_alias_with_no_taskflow.py
[2025-01-13T17:25:13.872-0500] {processor.py:914} INFO - Processing file /usr/local/lib/python3.10/site-packages/airflow/example_dags/example_dataset_alias_with_no_taskflow.py for tasks to queue
[2025-01-13T17:25:13.873-0500] {logging_mixin.py:190} INFO - [2025-01-13T17:25:13.873-0500] {dagbag.py:588} INFO - Filling up the DagBag from /usr/local/lib/python3.10/site-packages/airflow/example_dags/example_dataset_alias_with_no_taskflow.py
[2025-01-13T17:25:14.071-0500] {processor.py:925} INFO - DAG(s) 'dataset_alias_example_alias_producer_with_no_taskflow', 'dataset_s3_bucket_producer_with_no_taskflow', 'dataset_s3_bucket_consumer_with_no_taskflow', 'dataset_alias_example_alias_consumer_with_no_taskflow' retrieved from /usr/local/lib/python3.10/site-packages/airflow/example_dags/example_dataset_alias_with_no_taskflow.py
[2025-01-13T17:25:14.091-0500] {logging_mixin.py:190} INFO - [2025-01-13T17:25:14.091-0500] {dag.py:3239} INFO - Sync 4 DAGs
[2025-01-13T17:25:14.108-0500] {logging_mixin.py:190} INFO - [2025-01-13T17:25:14.108-0500] {dag.py:4180} INFO - Setting next_dagrun for dataset_alias_example_alias_consumer_with_no_taskflow to None, run_after=None
[2025-01-13T17:25:14.110-0500] {logging_mixin.py:190} INFO - [2025-01-13T17:25:14.110-0500] {dag.py:4180} INFO - Setting next_dagrun for dataset_alias_example_alias_producer_with_no_taskflow to None, run_after=None
[2025-01-13T17:25:14.111-0500] {logging_mixin.py:190} INFO - [2025-01-13T17:25:14.111-0500] {dag.py:4180} INFO - Setting next_dagrun for dataset_s3_bucket_consumer_with_no_taskflow to None, run_after=None
[2025-01-13T17:25:14.112-0500] {logging_mixin.py:190} INFO - [2025-01-13T17:25:14.111-0500] {dag.py:4180} INFO - Setting next_dagrun for dataset_s3_bucket_producer_with_no_taskflow to None, run_after=None
[2025-01-13T17:25:14.129-0500] {processor.py:208} INFO - Processing /usr/local/lib/python3.10/site-packages/airflow/example_dags/example_dataset_alias_with_no_taskflow.py took 0.263 seconds
[2025-01-13T17:29:29.458-0500] {processor.py:186} INFO - Started process (PID=81331) to work on /usr/local/lib/python3.10/site-packages/airflow/example_dags/example_dataset_alias_with_no_taskflow.py
[2025-01-13T17:29:29.460-0500] {processor.py:914} INFO - Processing file /usr/local/lib/python3.10/site-packages/airflow/example_dags/example_dataset_alias_with_no_taskflow.py for tasks to queue
[2025-01-13T17:29:29.461-0500] {logging_mixin.py:190} INFO - [2025-01-13T17:29:29.461-0500] {dagbag.py:588} INFO - Filling up the DagBag from /usr/local/lib/python3.10/site-packages/airflow/example_dags/example_dataset_alias_with_no_taskflow.py
[2025-01-13T17:29:29.680-0500] {processor.py:925} INFO - DAG(s) 'dataset_alias_example_alias_producer_with_no_taskflow', 'dataset_alias_example_alias_consumer_with_no_taskflow', 'dataset_s3_bucket_producer_with_no_taskflow', 'dataset_s3_bucket_consumer_with_no_taskflow' retrieved from /usr/local/lib/python3.10/site-packages/airflow/example_dags/example_dataset_alias_with_no_taskflow.py
[2025-01-13T17:29:29.707-0500] {logging_mixin.py:190} INFO - [2025-01-13T17:29:29.706-0500] {dag.py:3239} INFO - Sync 4 DAGs
[2025-01-13T17:29:29.742-0500] {logging_mixin.py:190} INFO - [2025-01-13T17:29:29.742-0500] {dag.py:4180} INFO - Setting next_dagrun for dataset_alias_example_alias_consumer_with_no_taskflow to None, run_after=None
[2025-01-13T17:29:29.746-0500] {logging_mixin.py:190} INFO - [2025-01-13T17:29:29.746-0500] {dag.py:4180} INFO - Setting next_dagrun for dataset_alias_example_alias_producer_with_no_taskflow to None, run_after=None
[2025-01-13T17:29:29.748-0500] {logging_mixin.py:190} INFO - [2025-01-13T17:29:29.748-0500] {dag.py:4180} INFO - Setting next_dagrun for dataset_s3_bucket_consumer_with_no_taskflow to None, run_after=None
[2025-01-13T17:29:29.768-0500] {logging_mixin.py:190} INFO - [2025-01-13T17:29:29.768-0500] {dag.py:4180} INFO - Setting next_dagrun for dataset_s3_bucket_producer_with_no_taskflow to None, run_after=None
[2025-01-13T17:29:29.788-0500] {processor.py:208} INFO - Processing /usr/local/lib/python3.10/site-packages/airflow/example_dags/example_dataset_alias_with_no_taskflow.py took 0.334 seconds
[2025-01-13T17:33:59.500-0500] {processor.py:186} INFO - Started process (PID=84349) to work on /usr/local/lib/python3.10/site-packages/airflow/example_dags/example_dataset_alias_with_no_taskflow.py
[2025-01-13T17:33:59.502-0500] {processor.py:914} INFO - Processing file /usr/local/lib/python3.10/site-packages/airflow/example_dags/example_dataset_alias_with_no_taskflow.py for tasks to queue
[2025-01-13T17:33:59.504-0500] {logging_mixin.py:190} INFO - [2025-01-13T17:33:59.504-0500] {dagbag.py:588} INFO - Filling up the DagBag from /usr/local/lib/python3.10/site-packages/airflow/example_dags/example_dataset_alias_with_no_taskflow.py
[2025-01-13T17:33:59.741-0500] {processor.py:925} INFO - DAG(s) 'dataset_alias_example_alias_producer_with_no_taskflow', 'dataset_alias_example_alias_consumer_with_no_taskflow', 'dataset_s3_bucket_producer_with_no_taskflow', 'dataset_s3_bucket_consumer_with_no_taskflow' retrieved from /usr/local/lib/python3.10/site-packages/airflow/example_dags/example_dataset_alias_with_no_taskflow.py
[2025-01-13T17:33:59.766-0500] {logging_mixin.py:190} INFO - [2025-01-13T17:33:59.765-0500] {dag.py:3239} INFO - Sync 4 DAGs
[2025-01-13T17:33:59.785-0500] {logging_mixin.py:190} INFO - [2025-01-13T17:33:59.785-0500] {dag.py:4180} INFO - Setting next_dagrun for dataset_alias_example_alias_consumer_with_no_taskflow to None, run_after=None
[2025-01-13T17:33:59.787-0500] {logging_mixin.py:190} INFO - [2025-01-13T17:33:59.787-0500] {dag.py:4180} INFO - Setting next_dagrun for dataset_alias_example_alias_producer_with_no_taskflow to None, run_after=None
[2025-01-13T17:33:59.788-0500] {logging_mixin.py:190} INFO - [2025-01-13T17:33:59.788-0500] {dag.py:4180} INFO - Setting next_dagrun for dataset_s3_bucket_consumer_with_no_taskflow to None, run_after=None
[2025-01-13T17:33:59.789-0500] {logging_mixin.py:190} INFO - [2025-01-13T17:33:59.789-0500] {dag.py:4180} INFO - Setting next_dagrun for dataset_s3_bucket_producer_with_no_taskflow to None, run_after=None
[2025-01-13T17:33:59.812-0500] {processor.py:208} INFO - Processing /usr/local/lib/python3.10/site-packages/airflow/example_dags/example_dataset_alias_with_no_taskflow.py took 0.316 seconds
[2025-01-13T17:38:42.541-0500] {processor.py:186} INFO - Started process (PID=87661) to work on /usr/local/lib/python3.10/site-packages/airflow/example_dags/example_dataset_alias_with_no_taskflow.py
[2025-01-13T17:38:42.543-0500] {processor.py:914} INFO - Processing file /usr/local/lib/python3.10/site-packages/airflow/example_dags/example_dataset_alias_with_no_taskflow.py for tasks to queue
[2025-01-13T17:38:42.545-0500] {logging_mixin.py:190} INFO - [2025-01-13T17:38:42.544-0500] {dagbag.py:588} INFO - Filling up the DagBag from /usr/local/lib/python3.10/site-packages/airflow/example_dags/example_dataset_alias_with_no_taskflow.py
[2025-01-13T17:38:42.745-0500] {processor.py:925} INFO - DAG(s) 'dataset_s3_bucket_producer_with_no_taskflow', 'dataset_alias_example_alias_producer_with_no_taskflow', 'dataset_s3_bucket_consumer_with_no_taskflow', 'dataset_alias_example_alias_consumer_with_no_taskflow' retrieved from /usr/local/lib/python3.10/site-packages/airflow/example_dags/example_dataset_alias_with_no_taskflow.py
[2025-01-13T17:38:42.768-0500] {logging_mixin.py:190} INFO - [2025-01-13T17:38:42.767-0500] {dag.py:3239} INFO - Sync 4 DAGs
[2025-01-13T17:38:42.785-0500] {logging_mixin.py:190} INFO - [2025-01-13T17:38:42.785-0500] {dag.py:4180} INFO - Setting next_dagrun for dataset_alias_example_alias_consumer_with_no_taskflow to None, run_after=None
[2025-01-13T17:38:42.787-0500] {logging_mixin.py:190} INFO - [2025-01-13T17:38:42.787-0500] {dag.py:4180} INFO - Setting next_dagrun for dataset_alias_example_alias_producer_with_no_taskflow to None, run_after=None
[2025-01-13T17:38:42.788-0500] {logging_mixin.py:190} INFO - [2025-01-13T17:38:42.788-0500] {dag.py:4180} INFO - Setting next_dagrun for dataset_s3_bucket_consumer_with_no_taskflow to None, run_after=None
[2025-01-13T17:38:42.789-0500] {logging_mixin.py:190} INFO - [2025-01-13T17:38:42.789-0500] {dag.py:4180} INFO - Setting next_dagrun for dataset_s3_bucket_producer_with_no_taskflow to None, run_after=None
[2025-01-13T17:38:42.808-0500] {processor.py:208} INFO - Processing /usr/local/lib/python3.10/site-packages/airflow/example_dags/example_dataset_alias_with_no_taskflow.py took 0.271 seconds
[2025-01-13T17:43:22.484-0500] {processor.py:186} INFO - Started process (PID=90804) to work on /usr/local/lib/python3.10/site-packages/airflow/example_dags/example_dataset_alias_with_no_taskflow.py
[2025-01-13T17:43:22.486-0500] {processor.py:914} INFO - Processing file /usr/local/lib/python3.10/site-packages/airflow/example_dags/example_dataset_alias_with_no_taskflow.py for tasks to queue
[2025-01-13T17:43:22.487-0500] {logging_mixin.py:190} INFO - [2025-01-13T17:43:22.486-0500] {dagbag.py:588} INFO - Filling up the DagBag from /usr/local/lib/python3.10/site-packages/airflow/example_dags/example_dataset_alias_with_no_taskflow.py
[2025-01-13T17:43:22.682-0500] {processor.py:925} INFO - DAG(s) 'dataset_s3_bucket_consumer_with_no_taskflow', 'dataset_s3_bucket_producer_with_no_taskflow', 'dataset_alias_example_alias_consumer_with_no_taskflow', 'dataset_alias_example_alias_producer_with_no_taskflow' retrieved from /usr/local/lib/python3.10/site-packages/airflow/example_dags/example_dataset_alias_with_no_taskflow.py
[2025-01-13T17:43:22.703-0500] {logging_mixin.py:190} INFO - [2025-01-13T17:43:22.703-0500] {dag.py:3239} INFO - Sync 4 DAGs
[2025-01-13T17:43:22.720-0500] {logging_mixin.py:190} INFO - [2025-01-13T17:43:22.720-0500] {dag.py:4180} INFO - Setting next_dagrun for dataset_alias_example_alias_consumer_with_no_taskflow to None, run_after=None
[2025-01-13T17:43:22.722-0500] {logging_mixin.py:190} INFO - [2025-01-13T17:43:22.721-0500] {dag.py:4180} INFO - Setting next_dagrun for dataset_alias_example_alias_producer_with_no_taskflow to None, run_after=None
[2025-01-13T17:43:22.722-0500] {logging_mixin.py:190} INFO - [2025-01-13T17:43:22.722-0500] {dag.py:4180} INFO - Setting next_dagrun for dataset_s3_bucket_consumer_with_no_taskflow to None, run_after=None
[2025-01-13T17:43:22.723-0500] {logging_mixin.py:190} INFO - [2025-01-13T17:43:22.723-0500] {dag.py:4180} INFO - Setting next_dagrun for dataset_s3_bucket_producer_with_no_taskflow to None, run_after=None
[2025-01-13T17:43:22.740-0500] {processor.py:208} INFO - Processing /usr/local/lib/python3.10/site-packages/airflow/example_dags/example_dataset_alias_with_no_taskflow.py took 0.260 seconds
[2025-01-13T17:47:34.710-0500] {processor.py:186} INFO - Started process (PID=93671) to work on /usr/local/lib/python3.10/site-packages/airflow/example_dags/example_dataset_alias_with_no_taskflow.py
[2025-01-13T17:47:34.712-0500] {processor.py:914} INFO - Processing file /usr/local/lib/python3.10/site-packages/airflow/example_dags/example_dataset_alias_with_no_taskflow.py for tasks to queue
[2025-01-13T17:47:34.713-0500] {logging_mixin.py:190} INFO - [2025-01-13T17:47:34.713-0500] {dagbag.py:588} INFO - Filling up the DagBag from /usr/local/lib/python3.10/site-packages/airflow/example_dags/example_dataset_alias_with_no_taskflow.py
[2025-01-13T17:47:34.917-0500] {processor.py:925} INFO - DAG(s) 'dataset_alias_example_alias_producer_with_no_taskflow', 'dataset_s3_bucket_producer_with_no_taskflow', 'dataset_alias_example_alias_consumer_with_no_taskflow', 'dataset_s3_bucket_consumer_with_no_taskflow' retrieved from /usr/local/lib/python3.10/site-packages/airflow/example_dags/example_dataset_alias_with_no_taskflow.py
[2025-01-13T17:47:34.938-0500] {logging_mixin.py:190} INFO - [2025-01-13T17:47:34.937-0500] {dag.py:3239} INFO - Sync 4 DAGs
[2025-01-13T17:47:34.955-0500] {logging_mixin.py:190} INFO - [2025-01-13T17:47:34.954-0500] {dag.py:4180} INFO - Setting next_dagrun for dataset_alias_example_alias_consumer_with_no_taskflow to None, run_after=None
[2025-01-13T17:47:34.956-0500] {logging_mixin.py:190} INFO - [2025-01-13T17:47:34.956-0500] {dag.py:4180} INFO - Setting next_dagrun for dataset_alias_example_alias_producer_with_no_taskflow to None, run_after=None
[2025-01-13T17:47:34.957-0500] {logging_mixin.py:190} INFO - [2025-01-13T17:47:34.957-0500] {dag.py:4180} INFO - Setting next_dagrun for dataset_s3_bucket_consumer_with_no_taskflow to None, run_after=None
[2025-01-13T17:47:34.958-0500] {logging_mixin.py:190} INFO - [2025-01-13T17:47:34.958-0500] {dag.py:4180} INFO - Setting next_dagrun for dataset_s3_bucket_producer_with_no_taskflow to None, run_after=None
[2025-01-13T17:47:34.976-0500] {processor.py:208} INFO - Processing /usr/local/lib/python3.10/site-packages/airflow/example_dags/example_dataset_alias_with_no_taskflow.py took 0.271 seconds
[2025-01-13T17:51:59.680-0500] {processor.py:186} INFO - Started process (PID=96544) to work on /usr/local/lib/python3.10/site-packages/airflow/example_dags/example_dataset_alias_with_no_taskflow.py
[2025-01-13T17:51:59.682-0500] {processor.py:914} INFO - Processing file /usr/local/lib/python3.10/site-packages/airflow/example_dags/example_dataset_alias_with_no_taskflow.py for tasks to queue
[2025-01-13T17:51:59.683-0500] {logging_mixin.py:190} INFO - [2025-01-13T17:51:59.683-0500] {dagbag.py:588} INFO - Filling up the DagBag from /usr/local/lib/python3.10/site-packages/airflow/example_dags/example_dataset_alias_with_no_taskflow.py
[2025-01-13T17:51:59.884-0500] {processor.py:925} INFO - DAG(s) 'dataset_alias_example_alias_producer_with_no_taskflow', 'dataset_s3_bucket_producer_with_no_taskflow', 'dataset_alias_example_alias_consumer_with_no_taskflow', 'dataset_s3_bucket_consumer_with_no_taskflow' retrieved from /usr/local/lib/python3.10/site-packages/airflow/example_dags/example_dataset_alias_with_no_taskflow.py
[2025-01-13T17:51:59.904-0500] {logging_mixin.py:190} INFO - [2025-01-13T17:51:59.904-0500] {dag.py:3239} INFO - Sync 4 DAGs
[2025-01-13T17:51:59.920-0500] {logging_mixin.py:190} INFO - [2025-01-13T17:51:59.920-0500] {dag.py:4180} INFO - Setting next_dagrun for dataset_alias_example_alias_consumer_with_no_taskflow to None, run_after=None
[2025-01-13T17:51:59.922-0500] {logging_mixin.py:190} INFO - [2025-01-13T17:51:59.922-0500] {dag.py:4180} INFO - Setting next_dagrun for dataset_alias_example_alias_producer_with_no_taskflow to None, run_after=None
[2025-01-13T17:51:59.923-0500] {logging_mixin.py:190} INFO - [2025-01-13T17:51:59.923-0500] {dag.py:4180} INFO - Setting next_dagrun for dataset_s3_bucket_consumer_with_no_taskflow to None, run_after=None
[2025-01-13T17:51:59.924-0500] {logging_mixin.py:190} INFO - [2025-01-13T17:51:59.924-0500] {dag.py:4180} INFO - Setting next_dagrun for dataset_s3_bucket_producer_with_no_taskflow to None, run_after=None
[2025-01-13T17:51:59.942-0500] {processor.py:208} INFO - Processing /usr/local/lib/python3.10/site-packages/airflow/example_dags/example_dataset_alias_with_no_taskflow.py took 0.266 seconds
[2025-01-13T17:56:20.811-0500] {processor.py:186} INFO - Started process (PID=99547) to work on /usr/local/lib/python3.10/site-packages/airflow/example_dags/example_dataset_alias_with_no_taskflow.py
[2025-01-13T17:56:20.813-0500] {processor.py:914} INFO - Processing file /usr/local/lib/python3.10/site-packages/airflow/example_dags/example_dataset_alias_with_no_taskflow.py for tasks to queue
[2025-01-13T17:56:20.814-0500] {logging_mixin.py:190} INFO - [2025-01-13T17:56:20.814-0500] {dagbag.py:588} INFO - Filling up the DagBag from /usr/local/lib/python3.10/site-packages/airflow/example_dags/example_dataset_alias_with_no_taskflow.py
[2025-01-13T17:56:21.016-0500] {processor.py:925} INFO - DAG(s) 'dataset_alias_example_alias_consumer_with_no_taskflow', 'dataset_alias_example_alias_producer_with_no_taskflow', 'dataset_s3_bucket_producer_with_no_taskflow', 'dataset_s3_bucket_consumer_with_no_taskflow' retrieved from /usr/local/lib/python3.10/site-packages/airflow/example_dags/example_dataset_alias_with_no_taskflow.py
[2025-01-13T17:56:21.037-0500] {logging_mixin.py:190} INFO - [2025-01-13T17:56:21.037-0500] {dag.py:3239} INFO - Sync 4 DAGs
[2025-01-13T17:56:21.055-0500] {logging_mixin.py:190} INFO - [2025-01-13T17:56:21.054-0500] {dag.py:4180} INFO - Setting next_dagrun for dataset_alias_example_alias_consumer_with_no_taskflow to None, run_after=None
[2025-01-13T17:56:21.057-0500] {logging_mixin.py:190} INFO - [2025-01-13T17:56:21.056-0500] {dag.py:4180} INFO - Setting next_dagrun for dataset_alias_example_alias_producer_with_no_taskflow to None, run_after=None
[2025-01-13T17:56:21.057-0500] {logging_mixin.py:190} INFO - [2025-01-13T17:56:21.057-0500] {dag.py:4180} INFO - Setting next_dagrun for dataset_s3_bucket_consumer_with_no_taskflow to None, run_after=None
[2025-01-13T17:56:21.058-0500] {logging_mixin.py:190} INFO - [2025-01-13T17:56:21.058-0500] {dag.py:4180} INFO - Setting next_dagrun for dataset_s3_bucket_producer_with_no_taskflow to None, run_after=None
[2025-01-13T17:56:21.076-0500] {processor.py:208} INFO - Processing /usr/local/lib/python3.10/site-packages/airflow/example_dags/example_dataset_alias_with_no_taskflow.py took 0.269 seconds
[2025-01-13T18:01:00.475-0500] {processor.py:186} INFO - Started process (PID=3392) to work on /usr/local/lib/python3.10/site-packages/airflow/example_dags/example_dataset_alias_with_no_taskflow.py
[2025-01-13T18:01:00.477-0500] {processor.py:914} INFO - Processing file /usr/local/lib/python3.10/site-packages/airflow/example_dags/example_dataset_alias_with_no_taskflow.py for tasks to queue
[2025-01-13T18:01:00.478-0500] {logging_mixin.py:190} INFO - [2025-01-13T18:01:00.478-0500] {dagbag.py:588} INFO - Filling up the DagBag from /usr/local/lib/python3.10/site-packages/airflow/example_dags/example_dataset_alias_with_no_taskflow.py
[2025-01-13T18:01:00.708-0500] {processor.py:925} INFO - DAG(s) 'dataset_alias_example_alias_consumer_with_no_taskflow', 'dataset_s3_bucket_consumer_with_no_taskflow', 'dataset_s3_bucket_producer_with_no_taskflow', 'dataset_alias_example_alias_producer_with_no_taskflow' retrieved from /usr/local/lib/python3.10/site-packages/airflow/example_dags/example_dataset_alias_with_no_taskflow.py
[2025-01-13T18:01:00.733-0500] {logging_mixin.py:190} INFO - [2025-01-13T18:01:00.733-0500] {dag.py:3239} INFO - Sync 4 DAGs
[2025-01-13T18:01:00.754-0500] {logging_mixin.py:190} INFO - [2025-01-13T18:01:00.754-0500] {dag.py:4180} INFO - Setting next_dagrun for dataset_alias_example_alias_consumer_with_no_taskflow to None, run_after=None
[2025-01-13T18:01:00.756-0500] {logging_mixin.py:190} INFO - [2025-01-13T18:01:00.756-0500] {dag.py:4180} INFO - Setting next_dagrun for dataset_alias_example_alias_producer_with_no_taskflow to None, run_after=None
[2025-01-13T18:01:00.757-0500] {logging_mixin.py:190} INFO - [2025-01-13T18:01:00.757-0500] {dag.py:4180} INFO - Setting next_dagrun for dataset_s3_bucket_consumer_with_no_taskflow to None, run_after=None
[2025-01-13T18:01:00.758-0500] {logging_mixin.py:190} INFO - [2025-01-13T18:01:00.758-0500] {dag.py:4180} INFO - Setting next_dagrun for dataset_s3_bucket_producer_with_no_taskflow to None, run_after=None
[2025-01-13T18:01:00.780-0500] {processor.py:208} INFO - Processing /usr/local/lib/python3.10/site-packages/airflow/example_dags/example_dataset_alias_with_no_taskflow.py took 0.309 seconds
[2025-01-13T18:05:30.014-0500] {processor.py:186} INFO - Started process (PID=6588) to work on /usr/local/lib/python3.10/site-packages/airflow/example_dags/example_dataset_alias_with_no_taskflow.py
[2025-01-13T18:05:30.015-0500] {processor.py:914} INFO - Processing file /usr/local/lib/python3.10/site-packages/airflow/example_dags/example_dataset_alias_with_no_taskflow.py for tasks to queue
[2025-01-13T18:05:30.017-0500] {logging_mixin.py:190} INFO - [2025-01-13T18:05:30.016-0500] {dagbag.py:588} INFO - Filling up the DagBag from /usr/local/lib/python3.10/site-packages/airflow/example_dags/example_dataset_alias_with_no_taskflow.py
[2025-01-13T18:05:30.218-0500] {processor.py:925} INFO - DAG(s) 'dataset_alias_example_alias_producer_with_no_taskflow', 'dataset_alias_example_alias_consumer_with_no_taskflow', 'dataset_s3_bucket_consumer_with_no_taskflow', 'dataset_s3_bucket_producer_with_no_taskflow' retrieved from /usr/local/lib/python3.10/site-packages/airflow/example_dags/example_dataset_alias_with_no_taskflow.py
[2025-01-13T18:05:30.239-0500] {logging_mixin.py:190} INFO - [2025-01-13T18:05:30.238-0500] {dag.py:3239} INFO - Sync 4 DAGs
[2025-01-13T18:05:30.255-0500] {logging_mixin.py:190} INFO - [2025-01-13T18:05:30.255-0500] {dag.py:4180} INFO - Setting next_dagrun for dataset_alias_example_alias_consumer_with_no_taskflow to None, run_after=None
[2025-01-13T18:05:30.257-0500] {logging_mixin.py:190} INFO - [2025-01-13T18:05:30.257-0500] {dag.py:4180} INFO - Setting next_dagrun for dataset_alias_example_alias_producer_with_no_taskflow to None, run_after=None
[2025-01-13T18:05:30.258-0500] {logging_mixin.py:190} INFO - [2025-01-13T18:05:30.258-0500] {dag.py:4180} INFO - Setting next_dagrun for dataset_s3_bucket_consumer_with_no_taskflow to None, run_after=None
[2025-01-13T18:05:30.259-0500] {logging_mixin.py:190} INFO - [2025-01-13T18:05:30.259-0500] {dag.py:4180} INFO - Setting next_dagrun for dataset_s3_bucket_producer_with_no_taskflow to None, run_after=None
[2025-01-13T18:05:30.277-0500] {processor.py:208} INFO - Processing /usr/local/lib/python3.10/site-packages/airflow/example_dags/example_dataset_alias_with_no_taskflow.py took 0.268 seconds
[2025-01-13T18:10:02.350-0500] {processor.py:186} INFO - Started process (PID=9653) to work on /usr/local/lib/python3.10/site-packages/airflow/example_dags/example_dataset_alias_with_no_taskflow.py
[2025-01-13T18:10:02.352-0500] {processor.py:914} INFO - Processing file /usr/local/lib/python3.10/site-packages/airflow/example_dags/example_dataset_alias_with_no_taskflow.py for tasks to queue
[2025-01-13T18:10:02.353-0500] {logging_mixin.py:190} INFO - [2025-01-13T18:10:02.353-0500] {dagbag.py:588} INFO - Filling up the DagBag from /usr/local/lib/python3.10/site-packages/airflow/example_dags/example_dataset_alias_with_no_taskflow.py
[2025-01-13T18:10:02.567-0500] {processor.py:925} INFO - DAG(s) 'dataset_s3_bucket_producer_with_no_taskflow', 'dataset_alias_example_alias_consumer_with_no_taskflow', 'dataset_s3_bucket_consumer_with_no_taskflow', 'dataset_alias_example_alias_producer_with_no_taskflow' retrieved from /usr/local/lib/python3.10/site-packages/airflow/example_dags/example_dataset_alias_with_no_taskflow.py
[2025-01-13T18:10:02.589-0500] {logging_mixin.py:190} INFO - [2025-01-13T18:10:02.589-0500] {dag.py:3239} INFO - Sync 4 DAGs
[2025-01-13T18:10:02.607-0500] {logging_mixin.py:190} INFO - [2025-01-13T18:10:02.607-0500] {dag.py:4180} INFO - Setting next_dagrun for dataset_alias_example_alias_consumer_with_no_taskflow to None, run_after=None
[2025-01-13T18:10:02.609-0500] {logging_mixin.py:190} INFO - [2025-01-13T18:10:02.609-0500] {dag.py:4180} INFO - Setting next_dagrun for dataset_alias_example_alias_producer_with_no_taskflow to None, run_after=None
[2025-01-13T18:10:02.610-0500] {logging_mixin.py:190} INFO - [2025-01-13T18:10:02.610-0500] {dag.py:4180} INFO - Setting next_dagrun for dataset_s3_bucket_consumer_with_no_taskflow to None, run_after=None
[2025-01-13T18:10:02.611-0500] {logging_mixin.py:190} INFO - [2025-01-13T18:10:02.611-0500] {dag.py:4180} INFO - Setting next_dagrun for dataset_s3_bucket_producer_with_no_taskflow to None, run_after=None
[2025-01-13T18:10:02.629-0500] {processor.py:208} INFO - Processing /usr/local/lib/python3.10/site-packages/airflow/example_dags/example_dataset_alias_with_no_taskflow.py took 0.283 seconds
[2025-01-13T18:14:44.149-0500] {processor.py:186} INFO - Started process (PID=12985) to work on /usr/local/lib/python3.10/site-packages/airflow/example_dags/example_dataset_alias_with_no_taskflow.py
[2025-01-13T18:14:44.151-0500] {processor.py:914} INFO - Processing file /usr/local/lib/python3.10/site-packages/airflow/example_dags/example_dataset_alias_with_no_taskflow.py for tasks to queue
[2025-01-13T18:14:44.152-0500] {logging_mixin.py:190} INFO - [2025-01-13T18:14:44.152-0500] {dagbag.py:588} INFO - Filling up the DagBag from /usr/local/lib/python3.10/site-packages/airflow/example_dags/example_dataset_alias_with_no_taskflow.py
[2025-01-13T18:14:44.371-0500] {processor.py:925} INFO - DAG(s) 'dataset_s3_bucket_consumer_with_no_taskflow', 'dataset_alias_example_alias_producer_with_no_taskflow', 'dataset_alias_example_alias_consumer_with_no_taskflow', 'dataset_s3_bucket_producer_with_no_taskflow' retrieved from /usr/local/lib/python3.10/site-packages/airflow/example_dags/example_dataset_alias_with_no_taskflow.py
[2025-01-13T18:14:44.395-0500] {logging_mixin.py:190} INFO - [2025-01-13T18:14:44.395-0500] {dag.py:3239} INFO - Sync 4 DAGs
[2025-01-13T18:14:44.414-0500] {logging_mixin.py:190} INFO - [2025-01-13T18:14:44.414-0500] {dag.py:4180} INFO - Setting next_dagrun for dataset_alias_example_alias_consumer_with_no_taskflow to None, run_after=None
[2025-01-13T18:14:44.417-0500] {logging_mixin.py:190} INFO - [2025-01-13T18:14:44.416-0500] {dag.py:4180} INFO - Setting next_dagrun for dataset_alias_example_alias_producer_with_no_taskflow to None, run_after=None
[2025-01-13T18:14:44.418-0500] {logging_mixin.py:190} INFO - [2025-01-13T18:14:44.418-0500] {dag.py:4180} INFO - Setting next_dagrun for dataset_s3_bucket_consumer_with_no_taskflow to None, run_after=None
[2025-01-13T18:14:44.419-0500] {logging_mixin.py:190} INFO - [2025-01-13T18:14:44.419-0500] {dag.py:4180} INFO - Setting next_dagrun for dataset_s3_bucket_producer_with_no_taskflow to None, run_after=None
[2025-01-13T18:14:44.439-0500] {processor.py:208} INFO - Processing /usr/local/lib/python3.10/site-packages/airflow/example_dags/example_dataset_alias_with_no_taskflow.py took 0.295 seconds
[2025-01-13T18:19:45.186-0500] {processor.py:186} INFO - Started process (PID=16503) to work on /usr/local/lib/python3.10/site-packages/airflow/example_dags/example_dataset_alias_with_no_taskflow.py
[2025-01-13T18:19:45.188-0500] {processor.py:914} INFO - Processing file /usr/local/lib/python3.10/site-packages/airflow/example_dags/example_dataset_alias_with_no_taskflow.py for tasks to queue
[2025-01-13T18:19:45.189-0500] {logging_mixin.py:190} INFO - [2025-01-13T18:19:45.189-0500] {dagbag.py:588} INFO - Filling up the DagBag from /usr/local/lib/python3.10/site-packages/airflow/example_dags/example_dataset_alias_with_no_taskflow.py
[2025-01-13T18:19:45.392-0500] {processor.py:925} INFO - DAG(s) 'dataset_alias_example_alias_producer_with_no_taskflow', 'dataset_s3_bucket_producer_with_no_taskflow', 'dataset_alias_example_alias_consumer_with_no_taskflow', 'dataset_s3_bucket_consumer_with_no_taskflow' retrieved from /usr/local/lib/python3.10/site-packages/airflow/example_dags/example_dataset_alias_with_no_taskflow.py
[2025-01-13T18:19:45.415-0500] {logging_mixin.py:190} INFO - [2025-01-13T18:19:45.414-0500] {dag.py:3239} INFO - Sync 4 DAGs
[2025-01-13T18:19:45.433-0500] {logging_mixin.py:190} INFO - [2025-01-13T18:19:45.433-0500] {dag.py:4180} INFO - Setting next_dagrun for dataset_alias_example_alias_consumer_with_no_taskflow to None, run_after=None
[2025-01-13T18:19:45.436-0500] {logging_mixin.py:190} INFO - [2025-01-13T18:19:45.436-0500] {dag.py:4180} INFO - Setting next_dagrun for dataset_alias_example_alias_producer_with_no_taskflow to None, run_after=None
[2025-01-13T18:19:45.437-0500] {logging_mixin.py:190} INFO - [2025-01-13T18:19:45.437-0500] {dag.py:4180} INFO - Setting next_dagrun for dataset_s3_bucket_consumer_with_no_taskflow to None, run_after=None
[2025-01-13T18:19:45.438-0500] {logging_mixin.py:190} INFO - [2025-01-13T18:19:45.438-0500] {dag.py:4180} INFO - Setting next_dagrun for dataset_s3_bucket_producer_with_no_taskflow to None, run_after=None
[2025-01-13T18:19:45.457-0500] {processor.py:208} INFO - Processing /usr/local/lib/python3.10/site-packages/airflow/example_dags/example_dataset_alias_with_no_taskflow.py took 0.276 seconds
[2025-01-13T18:24:26.234-0500] {processor.py:186} INFO - Started process (PID=19677) to work on /usr/local/lib/python3.10/site-packages/airflow/example_dags/example_dataset_alias_with_no_taskflow.py
[2025-01-13T18:24:26.236-0500] {processor.py:914} INFO - Processing file /usr/local/lib/python3.10/site-packages/airflow/example_dags/example_dataset_alias_with_no_taskflow.py for tasks to queue
[2025-01-13T18:24:26.237-0500] {logging_mixin.py:190} INFO - [2025-01-13T18:24:26.237-0500] {dagbag.py:588} INFO - Filling up the DagBag from /usr/local/lib/python3.10/site-packages/airflow/example_dags/example_dataset_alias_with_no_taskflow.py
[2025-01-13T18:24:26.456-0500] {processor.py:925} INFO - DAG(s) 'dataset_alias_example_alias_consumer_with_no_taskflow', 'dataset_s3_bucket_consumer_with_no_taskflow', 'dataset_s3_bucket_producer_with_no_taskflow', 'dataset_alias_example_alias_producer_with_no_taskflow' retrieved from /usr/local/lib/python3.10/site-packages/airflow/example_dags/example_dataset_alias_with_no_taskflow.py
[2025-01-13T18:24:26.480-0500] {logging_mixin.py:190} INFO - [2025-01-13T18:24:26.480-0500] {dag.py:3239} INFO - Sync 4 DAGs
[2025-01-13T18:24:26.499-0500] {logging_mixin.py:190} INFO - [2025-01-13T18:24:26.499-0500] {dag.py:4180} INFO - Setting next_dagrun for dataset_alias_example_alias_consumer_with_no_taskflow to None, run_after=None
[2025-01-13T18:24:26.501-0500] {logging_mixin.py:190} INFO - [2025-01-13T18:24:26.501-0500] {dag.py:4180} INFO - Setting next_dagrun for dataset_alias_example_alias_producer_with_no_taskflow to None, run_after=None
[2025-01-13T18:24:26.502-0500] {logging_mixin.py:190} INFO - [2025-01-13T18:24:26.502-0500] {dag.py:4180} INFO - Setting next_dagrun for dataset_s3_bucket_consumer_with_no_taskflow to None, run_after=None
[2025-01-13T18:24:26.503-0500] {logging_mixin.py:190} INFO - [2025-01-13T18:24:26.503-0500] {dag.py:4180} INFO - Setting next_dagrun for dataset_s3_bucket_producer_with_no_taskflow to None, run_after=None
[2025-01-13T18:24:26.523-0500] {processor.py:208} INFO - Processing /usr/local/lib/python3.10/site-packages/airflow/example_dags/example_dataset_alias_with_no_taskflow.py took 0.294 seconds
[2025-01-13T18:28:38.956-0500] {processor.py:186} INFO - Started process (PID=22606) to work on /usr/local/lib/python3.10/site-packages/airflow/example_dags/example_dataset_alias_with_no_taskflow.py
[2025-01-13T18:28:38.957-0500] {processor.py:914} INFO - Processing file /usr/local/lib/python3.10/site-packages/airflow/example_dags/example_dataset_alias_with_no_taskflow.py for tasks to queue
[2025-01-13T18:28:38.959-0500] {logging_mixin.py:190} INFO - [2025-01-13T18:28:38.958-0500] {dagbag.py:588} INFO - Filling up the DagBag from /usr/local/lib/python3.10/site-packages/airflow/example_dags/example_dataset_alias_with_no_taskflow.py
[2025-01-13T18:28:39.155-0500] {processor.py:925} INFO - DAG(s) 'dataset_s3_bucket_consumer_with_no_taskflow', 'dataset_s3_bucket_producer_with_no_taskflow', 'dataset_alias_example_alias_producer_with_no_taskflow', 'dataset_alias_example_alias_consumer_with_no_taskflow' retrieved from /usr/local/lib/python3.10/site-packages/airflow/example_dags/example_dataset_alias_with_no_taskflow.py
[2025-01-13T18:28:39.175-0500] {logging_mixin.py:190} INFO - [2025-01-13T18:28:39.175-0500] {dag.py:3239} INFO - Sync 4 DAGs
[2025-01-13T18:28:39.193-0500] {logging_mixin.py:190} INFO - [2025-01-13T18:28:39.193-0500] {dag.py:4180} INFO - Setting next_dagrun for dataset_alias_example_alias_consumer_with_no_taskflow to None, run_after=None
[2025-01-13T18:28:39.195-0500] {logging_mixin.py:190} INFO - [2025-01-13T18:28:39.195-0500] {dag.py:4180} INFO - Setting next_dagrun for dataset_alias_example_alias_producer_with_no_taskflow to None, run_after=None
[2025-01-13T18:28:39.196-0500] {logging_mixin.py:190} INFO - [2025-01-13T18:28:39.195-0500] {dag.py:4180} INFO - Setting next_dagrun for dataset_s3_bucket_consumer_with_no_taskflow to None, run_after=None
[2025-01-13T18:28:39.196-0500] {logging_mixin.py:190} INFO - [2025-01-13T18:28:39.196-0500] {dag.py:4180} INFO - Setting next_dagrun for dataset_s3_bucket_producer_with_no_taskflow to None, run_after=None
[2025-01-13T18:28:39.216-0500] {processor.py:208} INFO - Processing /usr/local/lib/python3.10/site-packages/airflow/example_dags/example_dataset_alias_with_no_taskflow.py took 0.264 seconds
[2025-01-13T18:40:13.727-0500] {processor.py:186} INFO - Started process (PID=30541) to work on /usr/local/lib/python3.10/site-packages/airflow/example_dags/example_dataset_alias_with_no_taskflow.py
[2025-01-13T18:40:13.729-0500] {processor.py:914} INFO - Processing file /usr/local/lib/python3.10/site-packages/airflow/example_dags/example_dataset_alias_with_no_taskflow.py for tasks to queue
[2025-01-13T18:40:13.730-0500] {logging_mixin.py:190} INFO - [2025-01-13T18:40:13.730-0500] {dagbag.py:588} INFO - Filling up the DagBag from /usr/local/lib/python3.10/site-packages/airflow/example_dags/example_dataset_alias_with_no_taskflow.py
[2025-01-13T18:40:13.935-0500] {processor.py:925} INFO - DAG(s) 'dataset_s3_bucket_producer_with_no_taskflow', 'dataset_s3_bucket_consumer_with_no_taskflow', 'dataset_alias_example_alias_consumer_with_no_taskflow', 'dataset_alias_example_alias_producer_with_no_taskflow' retrieved from /usr/local/lib/python3.10/site-packages/airflow/example_dags/example_dataset_alias_with_no_taskflow.py
[2025-01-13T18:40:13.957-0500] {logging_mixin.py:190} INFO - [2025-01-13T18:40:13.956-0500] {dag.py:3239} INFO - Sync 4 DAGs
[2025-01-13T18:40:13.975-0500] {logging_mixin.py:190} INFO - [2025-01-13T18:40:13.974-0500] {dag.py:4180} INFO - Setting next_dagrun for dataset_alias_example_alias_consumer_with_no_taskflow to None, run_after=None
[2025-01-13T18:40:13.977-0500] {logging_mixin.py:190} INFO - [2025-01-13T18:40:13.977-0500] {dag.py:4180} INFO - Setting next_dagrun for dataset_alias_example_alias_producer_with_no_taskflow to None, run_after=None
[2025-01-13T18:40:13.978-0500] {logging_mixin.py:190} INFO - [2025-01-13T18:40:13.977-0500] {dag.py:4180} INFO - Setting next_dagrun for dataset_s3_bucket_consumer_with_no_taskflow to None, run_after=None
[2025-01-13T18:40:13.978-0500] {logging_mixin.py:190} INFO - [2025-01-13T18:40:13.978-0500] {dag.py:4180} INFO - Setting next_dagrun for dataset_s3_bucket_producer_with_no_taskflow to None, run_after=None
[2025-01-13T18:40:13.997-0500] {processor.py:208} INFO - Processing /usr/local/lib/python3.10/site-packages/airflow/example_dags/example_dataset_alias_with_no_taskflow.py took 0.274 seconds
[2025-01-13T18:43:06.159-0500] {processor.py:186} INFO - Started process (PID=32529) to work on /usr/local/lib/python3.10/site-packages/airflow/example_dags/example_dataset_alias_with_no_taskflow.py
[2025-01-13T18:43:06.160-0500] {processor.py:914} INFO - Processing file /usr/local/lib/python3.10/site-packages/airflow/example_dags/example_dataset_alias_with_no_taskflow.py for tasks to queue
[2025-01-13T18:43:06.161-0500] {logging_mixin.py:190} INFO - [2025-01-13T18:43:06.161-0500] {dagbag.py:588} INFO - Filling up the DagBag from /usr/local/lib/python3.10/site-packages/airflow/example_dags/example_dataset_alias_with_no_taskflow.py
[2025-01-13T18:43:06.361-0500] {processor.py:925} INFO - DAG(s) 'dataset_s3_bucket_producer_with_no_taskflow', 'dataset_s3_bucket_consumer_with_no_taskflow', 'dataset_alias_example_alias_producer_with_no_taskflow', 'dataset_alias_example_alias_consumer_with_no_taskflow' retrieved from /usr/local/lib/python3.10/site-packages/airflow/example_dags/example_dataset_alias_with_no_taskflow.py
[2025-01-13T18:43:06.381-0500] {logging_mixin.py:190} INFO - [2025-01-13T18:43:06.381-0500] {dag.py:3239} INFO - Sync 4 DAGs
[2025-01-13T18:43:06.398-0500] {logging_mixin.py:190} INFO - [2025-01-13T18:43:06.397-0500] {dag.py:4180} INFO - Setting next_dagrun for dataset_alias_example_alias_consumer_with_no_taskflow to None, run_after=None
[2025-01-13T18:43:06.399-0500] {logging_mixin.py:190} INFO - [2025-01-13T18:43:06.399-0500] {dag.py:4180} INFO - Setting next_dagrun for dataset_alias_example_alias_producer_with_no_taskflow to None, run_after=None
[2025-01-13T18:43:06.400-0500] {logging_mixin.py:190} INFO - [2025-01-13T18:43:06.400-0500] {dag.py:4180} INFO - Setting next_dagrun for dataset_s3_bucket_consumer_with_no_taskflow to None, run_after=None
[2025-01-13T18:43:06.401-0500] {logging_mixin.py:190} INFO - [2025-01-13T18:43:06.401-0500] {dag.py:4180} INFO - Setting next_dagrun for dataset_s3_bucket_producer_with_no_taskflow to None, run_after=None
[2025-01-13T18:43:06.419-0500] {processor.py:208} INFO - Processing /usr/local/lib/python3.10/site-packages/airflow/example_dags/example_dataset_alias_with_no_taskflow.py took 0.265 seconds
[2025-01-13T18:47:46.386-0500] {processor.py:186} INFO - Started process (PID=35827) to work on /usr/local/lib/python3.10/site-packages/airflow/example_dags/example_dataset_alias_with_no_taskflow.py
[2025-01-13T18:47:46.387-0500] {processor.py:914} INFO - Processing file /usr/local/lib/python3.10/site-packages/airflow/example_dags/example_dataset_alias_with_no_taskflow.py for tasks to queue
[2025-01-13T18:47:46.388-0500] {logging_mixin.py:190} INFO - [2025-01-13T18:47:46.388-0500] {dagbag.py:588} INFO - Filling up the DagBag from /usr/local/lib/python3.10/site-packages/airflow/example_dags/example_dataset_alias_with_no_taskflow.py
[2025-01-13T18:47:46.609-0500] {processor.py:925} INFO - DAG(s) 'dataset_alias_example_alias_consumer_with_no_taskflow', 'dataset_s3_bucket_consumer_with_no_taskflow', 'dataset_s3_bucket_producer_with_no_taskflow', 'dataset_alias_example_alias_producer_with_no_taskflow' retrieved from /usr/local/lib/python3.10/site-packages/airflow/example_dags/example_dataset_alias_with_no_taskflow.py
[2025-01-13T18:47:46.638-0500] {logging_mixin.py:190} INFO - [2025-01-13T18:47:46.638-0500] {dag.py:3239} INFO - Sync 4 DAGs
[2025-01-13T18:47:46.660-0500] {logging_mixin.py:190} INFO - [2025-01-13T18:47:46.659-0500] {dag.py:4180} INFO - Setting next_dagrun for dataset_alias_example_alias_consumer_with_no_taskflow to None, run_after=None
[2025-01-13T18:47:46.662-0500] {logging_mixin.py:190} INFO - [2025-01-13T18:47:46.662-0500] {dag.py:4180} INFO - Setting next_dagrun for dataset_alias_example_alias_producer_with_no_taskflow to None, run_after=None
[2025-01-13T18:47:46.663-0500] {logging_mixin.py:190} INFO - [2025-01-13T18:47:46.663-0500] {dag.py:4180} INFO - Setting next_dagrun for dataset_s3_bucket_consumer_with_no_taskflow to None, run_after=None
[2025-01-13T18:47:46.664-0500] {logging_mixin.py:190} INFO - [2025-01-13T18:47:46.664-0500] {dag.py:4180} INFO - Setting next_dagrun for dataset_s3_bucket_producer_with_no_taskflow to None, run_after=None
[2025-01-13T18:47:46.686-0500] {processor.py:208} INFO - Processing /usr/local/lib/python3.10/site-packages/airflow/example_dags/example_dataset_alias_with_no_taskflow.py took 0.304 seconds
[2025-01-13T18:52:46.993-0500] {processor.py:186} INFO - Started process (PID=39315) to work on /usr/local/lib/python3.10/site-packages/airflow/example_dags/example_dataset_alias_with_no_taskflow.py
[2025-01-13T18:52:46.995-0500] {processor.py:914} INFO - Processing file /usr/local/lib/python3.10/site-packages/airflow/example_dags/example_dataset_alias_with_no_taskflow.py for tasks to queue
[2025-01-13T18:52:46.996-0500] {logging_mixin.py:190} INFO - [2025-01-13T18:52:46.996-0500] {dagbag.py:588} INFO - Filling up the DagBag from /usr/local/lib/python3.10/site-packages/airflow/example_dags/example_dataset_alias_with_no_taskflow.py
[2025-01-13T18:52:47.200-0500] {processor.py:925} INFO - DAG(s) 'dataset_s3_bucket_consumer_with_no_taskflow', 'dataset_alias_example_alias_producer_with_no_taskflow', 'dataset_s3_bucket_producer_with_no_taskflow', 'dataset_alias_example_alias_consumer_with_no_taskflow' retrieved from /usr/local/lib/python3.10/site-packages/airflow/example_dags/example_dataset_alias_with_no_taskflow.py
[2025-01-13T18:52:47.221-0500] {logging_mixin.py:190} INFO - [2025-01-13T18:52:47.220-0500] {dag.py:3239} INFO - Sync 4 DAGs
[2025-01-13T18:52:47.238-0500] {logging_mixin.py:190} INFO - [2025-01-13T18:52:47.237-0500] {dag.py:4180} INFO - Setting next_dagrun for dataset_alias_example_alias_consumer_with_no_taskflow to None, run_after=None
[2025-01-13T18:52:47.240-0500] {logging_mixin.py:190} INFO - [2025-01-13T18:52:47.239-0500] {dag.py:4180} INFO - Setting next_dagrun for dataset_alias_example_alias_producer_with_no_taskflow to None, run_after=None
[2025-01-13T18:52:47.240-0500] {logging_mixin.py:190} INFO - [2025-01-13T18:52:47.240-0500] {dag.py:4180} INFO - Setting next_dagrun for dataset_s3_bucket_consumer_with_no_taskflow to None, run_after=None
[2025-01-13T18:52:47.241-0500] {logging_mixin.py:190} INFO - [2025-01-13T18:52:47.241-0500] {dag.py:4180} INFO - Setting next_dagrun for dataset_s3_bucket_producer_with_no_taskflow to None, run_after=None
[2025-01-13T18:52:47.260-0500] {processor.py:208} INFO - Processing /usr/local/lib/python3.10/site-packages/airflow/example_dags/example_dataset_alias_with_no_taskflow.py took 0.271 seconds
[2025-01-13T18:57:25.506-0500] {processor.py:186} INFO - Started process (PID=42568) to work on /usr/local/lib/python3.10/site-packages/airflow/example_dags/example_dataset_alias_with_no_taskflow.py
[2025-01-13T18:57:25.508-0500] {processor.py:914} INFO - Processing file /usr/local/lib/python3.10/site-packages/airflow/example_dags/example_dataset_alias_with_no_taskflow.py for tasks to queue
[2025-01-13T18:57:25.509-0500] {logging_mixin.py:190} INFO - [2025-01-13T18:57:25.509-0500] {dagbag.py:588} INFO - Filling up the DagBag from /usr/local/lib/python3.10/site-packages/airflow/example_dags/example_dataset_alias_with_no_taskflow.py
[2025-01-13T18:57:25.720-0500] {processor.py:925} INFO - DAG(s) 'dataset_s3_bucket_consumer_with_no_taskflow', 'dataset_alias_example_alias_consumer_with_no_taskflow', 'dataset_s3_bucket_producer_with_no_taskflow', 'dataset_alias_example_alias_producer_with_no_taskflow' retrieved from /usr/local/lib/python3.10/site-packages/airflow/example_dags/example_dataset_alias_with_no_taskflow.py
[2025-01-13T18:57:25.743-0500] {logging_mixin.py:190} INFO - [2025-01-13T18:57:25.743-0500] {dag.py:3239} INFO - Sync 4 DAGs
[2025-01-13T18:57:25.762-0500] {logging_mixin.py:190} INFO - [2025-01-13T18:57:25.761-0500] {dag.py:4180} INFO - Setting next_dagrun for dataset_alias_example_alias_consumer_with_no_taskflow to None, run_after=None
[2025-01-13T18:57:25.764-0500] {logging_mixin.py:190} INFO - [2025-01-13T18:57:25.764-0500] {dag.py:4180} INFO - Setting next_dagrun for dataset_alias_example_alias_producer_with_no_taskflow to None, run_after=None
[2025-01-13T18:57:25.765-0500] {logging_mixin.py:190} INFO - [2025-01-13T18:57:25.764-0500] {dag.py:4180} INFO - Setting next_dagrun for dataset_s3_bucket_consumer_with_no_taskflow to None, run_after=None
[2025-01-13T18:57:25.765-0500] {logging_mixin.py:190} INFO - [2025-01-13T18:57:25.765-0500] {dag.py:4180} INFO - Setting next_dagrun for dataset_s3_bucket_producer_with_no_taskflow to None, run_after=None
[2025-01-13T18:57:25.784-0500] {processor.py:208} INFO - Processing /usr/local/lib/python3.10/site-packages/airflow/example_dags/example_dataset_alias_with_no_taskflow.py took 0.282 seconds
