[2025-01-13T16:53:24.839-0500] {processor.py:186} INFO - Started process (PID=57094) to work on /usr/local/lib/python3.10/site-packages/airflow/example_dags/example_display_name.py
[2025-01-13T16:53:24.841-0500] {processor.py:914} INFO - Processing file /usr/local/lib/python3.10/site-packages/airflow/example_dags/example_display_name.py for tasks to queue
[2025-01-13T16:53:24.842-0500] {logging_mixin.py:190} INFO - [2025-01-13T16:53:24.841-0500] {dagbag.py:588} INFO - Filling up the DagBag from /usr/local/lib/python3.10/site-packages/airflow/example_dags/example_display_name.py
[2025-01-13T16:53:24.878-0500] {processor.py:925} INFO - DAG(s) 'example_display_name' retrieved from /usr/local/lib/python3.10/site-packages/airflow/example_dags/example_display_name.py
[2025-01-13T16:53:25.140-0500] {logging_mixin.py:190} INFO - [2025-01-13T16:53:25.139-0500] {override.py:1912} INFO - Created Permission View: can edit on DAG:example_display_name
[2025-01-13T16:53:25.150-0500] {logging_mixin.py:190} INFO - [2025-01-13T16:53:25.150-0500] {override.py:1912} INFO - Created Permission View: can delete on DAG:example_display_name
[2025-01-13T16:53:25.157-0500] {logging_mixin.py:190} INFO - [2025-01-13T16:53:25.157-0500] {override.py:1912} INFO - Created Permission View: can read on DAG:example_display_name
[2025-01-13T16:53:25.166-0500] {logging_mixin.py:190} INFO - [2025-01-13T16:53:25.166-0500] {override.py:1912} INFO - Created Permission View: can create on DAG Run:example_display_name
[2025-01-13T16:53:25.173-0500] {logging_mixin.py:190} INFO - [2025-01-13T16:53:25.173-0500] {override.py:1912} INFO - Created Permission View: can delete on DAG Run:example_display_name
[2025-01-13T16:53:25.180-0500] {logging_mixin.py:190} INFO - [2025-01-13T16:53:25.179-0500] {override.py:1912} INFO - Created Permission View: menu access on DAG Run:example_display_name
[2025-01-13T16:53:25.187-0500] {logging_mixin.py:190} INFO - [2025-01-13T16:53:25.186-0500] {override.py:1912} INFO - Created Permission View: can read on DAG Run:example_display_name
[2025-01-13T16:53:25.187-0500] {logging_mixin.py:190} INFO - [2025-01-13T16:53:25.187-0500] {dag.py:3239} INFO - Sync 1 DAGs
[2025-01-13T16:53:25.200-0500] {logging_mixin.py:190} INFO - [2025-01-13T16:53:25.199-0500] {dag.py:3262} INFO - Creating ORM DAG for example_display_name
[2025-01-13T16:53:25.200-0500] {logging_mixin.py:190} INFO - [2025-01-13T16:53:25.200-0500] {dag.py:4180} INFO - Setting next_dagrun for example_display_name to None, run_after=None
[2025-01-13T16:53:25.218-0500] {processor.py:208} INFO - Processing /usr/local/lib/python3.10/site-packages/airflow/example_dags/example_display_name.py took 0.383 seconds
[2025-01-13T16:56:11.060-0500] {processor.py:186} INFO - Started process (PID=58948) to work on /usr/local/lib/python3.10/site-packages/airflow/example_dags/example_display_name.py
[2025-01-13T16:56:11.062-0500] {processor.py:914} INFO - Processing file /usr/local/lib/python3.10/site-packages/airflow/example_dags/example_display_name.py for tasks to queue
[2025-01-13T16:56:11.063-0500] {logging_mixin.py:190} INFO - [2025-01-13T16:56:11.063-0500] {dagbag.py:588} INFO - Filling up the DagBag from /usr/local/lib/python3.10/site-packages/airflow/example_dags/example_display_name.py
[2025-01-13T16:56:11.098-0500] {processor.py:925} INFO - DAG(s) 'example_display_name' retrieved from /usr/local/lib/python3.10/site-packages/airflow/example_dags/example_display_name.py
[2025-01-13T16:56:11.262-0500] {logging_mixin.py:190} INFO - [2025-01-13T16:56:11.262-0500] {dag.py:3239} INFO - Sync 1 DAGs
[2025-01-13T16:56:11.273-0500] {logging_mixin.py:190} INFO - [2025-01-13T16:56:11.273-0500] {dag.py:4180} INFO - Setting next_dagrun for example_display_name to None, run_after=None
[2025-01-13T16:56:11.288-0500] {processor.py:208} INFO - Processing /usr/local/lib/python3.10/site-packages/airflow/example_dags/example_display_name.py took 0.231 seconds
[2025-01-13T17:00:54.868-0500] {processor.py:186} INFO - Started process (PID=62274) to work on /usr/local/lib/python3.10/site-packages/airflow/example_dags/example_display_name.py
[2025-01-13T17:00:54.870-0500] {processor.py:914} INFO - Processing file /usr/local/lib/python3.10/site-packages/airflow/example_dags/example_display_name.py for tasks to queue
[2025-01-13T17:00:54.871-0500] {logging_mixin.py:190} INFO - [2025-01-13T17:00:54.871-0500] {dagbag.py:588} INFO - Filling up the DagBag from /usr/local/lib/python3.10/site-packages/airflow/example_dags/example_display_name.py
[2025-01-13T17:00:54.908-0500] {processor.py:925} INFO - DAG(s) 'example_display_name' retrieved from /usr/local/lib/python3.10/site-packages/airflow/example_dags/example_display_name.py
[2025-01-13T17:00:55.062-0500] {logging_mixin.py:190} INFO - [2025-01-13T17:00:55.062-0500] {dag.py:3239} INFO - Sync 1 DAGs
[2025-01-13T17:00:55.072-0500] {logging_mixin.py:190} INFO - [2025-01-13T17:00:55.072-0500] {dag.py:4180} INFO - Setting next_dagrun for example_display_name to None, run_after=None
[2025-01-13T17:00:55.087-0500] {processor.py:208} INFO - Processing /usr/local/lib/python3.10/site-packages/airflow/example_dags/example_display_name.py took 0.223 seconds
[2025-01-13T17:05:17.716-0500] {processor.py:186} INFO - Started process (PID=65198) to work on /usr/local/lib/python3.10/site-packages/airflow/example_dags/example_display_name.py
[2025-01-13T17:05:17.718-0500] {processor.py:914} INFO - Processing file /usr/local/lib/python3.10/site-packages/airflow/example_dags/example_display_name.py for tasks to queue
[2025-01-13T17:05:17.719-0500] {logging_mixin.py:190} INFO - [2025-01-13T17:05:17.719-0500] {dagbag.py:588} INFO - Filling up the DagBag from /usr/local/lib/python3.10/site-packages/airflow/example_dags/example_display_name.py
[2025-01-13T17:05:17.753-0500] {processor.py:925} INFO - DAG(s) 'example_display_name' retrieved from /usr/local/lib/python3.10/site-packages/airflow/example_dags/example_display_name.py
[2025-01-13T17:05:17.911-0500] {logging_mixin.py:190} INFO - [2025-01-13T17:05:17.910-0500] {dag.py:3239} INFO - Sync 1 DAGs
[2025-01-13T17:05:17.923-0500] {logging_mixin.py:190} INFO - [2025-01-13T17:05:17.923-0500] {dag.py:4180} INFO - Setting next_dagrun for example_display_name to None, run_after=None
[2025-01-13T17:05:17.940-0500] {processor.py:208} INFO - Processing /usr/local/lib/python3.10/site-packages/airflow/example_dags/example_display_name.py took 0.228 seconds
[2025-01-13T17:09:47.709-0500] {processor.py:186} INFO - Started process (PID=68257) to work on /usr/local/lib/python3.10/site-packages/airflow/example_dags/example_display_name.py
[2025-01-13T17:09:47.711-0500] {processor.py:914} INFO - Processing file /usr/local/lib/python3.10/site-packages/airflow/example_dags/example_display_name.py for tasks to queue
[2025-01-13T17:09:47.712-0500] {logging_mixin.py:190} INFO - [2025-01-13T17:09:47.712-0500] {dagbag.py:588} INFO - Filling up the DagBag from /usr/local/lib/python3.10/site-packages/airflow/example_dags/example_display_name.py
[2025-01-13T17:09:47.748-0500] {processor.py:925} INFO - DAG(s) 'example_display_name' retrieved from /usr/local/lib/python3.10/site-packages/airflow/example_dags/example_display_name.py
[2025-01-13T17:09:47.905-0500] {logging_mixin.py:190} INFO - [2025-01-13T17:09:47.905-0500] {dag.py:3239} INFO - Sync 1 DAGs
[2025-01-13T17:09:47.915-0500] {logging_mixin.py:190} INFO - [2025-01-13T17:09:47.915-0500] {dag.py:4180} INFO - Setting next_dagrun for example_display_name to None, run_after=None
[2025-01-13T17:09:47.931-0500] {processor.py:208} INFO - Processing /usr/local/lib/python3.10/site-packages/airflow/example_dags/example_display_name.py took 0.226 seconds
[2025-01-13T17:15:53.975-0500] {processor.py:186} INFO - Started process (PID=72004) to work on /usr/local/lib/python3.10/site-packages/airflow/example_dags/example_display_name.py
[2025-01-13T17:15:53.976-0500] {processor.py:914} INFO - Processing file /usr/local/lib/python3.10/site-packages/airflow/example_dags/example_display_name.py for tasks to queue
[2025-01-13T17:15:53.978-0500] {logging_mixin.py:190} INFO - [2025-01-13T17:15:53.977-0500] {dagbag.py:588} INFO - Filling up the DagBag from /usr/local/lib/python3.10/site-packages/airflow/example_dags/example_display_name.py
[2025-01-13T17:15:54.013-0500] {processor.py:925} INFO - DAG(s) 'example_display_name' retrieved from /usr/local/lib/python3.10/site-packages/airflow/example_dags/example_display_name.py
[2025-01-13T17:15:54.172-0500] {logging_mixin.py:190} INFO - [2025-01-13T17:15:54.172-0500] {dag.py:3239} INFO - Sync 1 DAGs
[2025-01-13T17:15:54.183-0500] {logging_mixin.py:190} INFO - [2025-01-13T17:15:54.183-0500] {dag.py:4180} INFO - Setting next_dagrun for example_display_name to None, run_after=None
[2025-01-13T17:15:54.200-0500] {processor.py:208} INFO - Processing /usr/local/lib/python3.10/site-packages/airflow/example_dags/example_display_name.py took 0.229 seconds
[2025-01-13T17:20:45.686-0500] {processor.py:186} INFO - Started process (PID=75463) to work on /usr/local/lib/python3.10/site-packages/airflow/example_dags/example_display_name.py
[2025-01-13T17:20:45.688-0500] {processor.py:914} INFO - Processing file /usr/local/lib/python3.10/site-packages/airflow/example_dags/example_display_name.py for tasks to queue
[2025-01-13T17:20:45.689-0500] {logging_mixin.py:190} INFO - [2025-01-13T17:20:45.689-0500] {dagbag.py:588} INFO - Filling up the DagBag from /usr/local/lib/python3.10/site-packages/airflow/example_dags/example_display_name.py
[2025-01-13T17:20:45.724-0500] {processor.py:925} INFO - DAG(s) 'example_display_name' retrieved from /usr/local/lib/python3.10/site-packages/airflow/example_dags/example_display_name.py
[2025-01-13T17:20:45.881-0500] {logging_mixin.py:190} INFO - [2025-01-13T17:20:45.881-0500] {dag.py:3239} INFO - Sync 1 DAGs
[2025-01-13T17:20:45.892-0500] {logging_mixin.py:190} INFO - [2025-01-13T17:20:45.892-0500] {dag.py:4180} INFO - Setting next_dagrun for example_display_name to None, run_after=None
[2025-01-13T17:20:45.907-0500] {processor.py:208} INFO - Processing /usr/local/lib/python3.10/site-packages/airflow/example_dags/example_display_name.py took 0.226 seconds
[2025-01-13T17:25:08.527-0500] {processor.py:186} INFO - Started process (PID=78352) to work on /usr/local/lib/python3.10/site-packages/airflow/example_dags/example_display_name.py
[2025-01-13T17:25:08.529-0500] {processor.py:914} INFO - Processing file /usr/local/lib/python3.10/site-packages/airflow/example_dags/example_display_name.py for tasks to queue
[2025-01-13T17:25:08.530-0500] {logging_mixin.py:190} INFO - [2025-01-13T17:25:08.530-0500] {dagbag.py:588} INFO - Filling up the DagBag from /usr/local/lib/python3.10/site-packages/airflow/example_dags/example_display_name.py
[2025-01-13T17:25:08.563-0500] {processor.py:925} INFO - DAG(s) 'example_display_name' retrieved from /usr/local/lib/python3.10/site-packages/airflow/example_dags/example_display_name.py
[2025-01-13T17:25:08.714-0500] {logging_mixin.py:190} INFO - [2025-01-13T17:25:08.714-0500] {dag.py:3239} INFO - Sync 1 DAGs
[2025-01-13T17:25:08.725-0500] {logging_mixin.py:190} INFO - [2025-01-13T17:25:08.725-0500] {dag.py:4180} INFO - Setting next_dagrun for example_display_name to None, run_after=None
[2025-01-13T17:25:08.741-0500] {processor.py:208} INFO - Processing /usr/local/lib/python3.10/site-packages/airflow/example_dags/example_display_name.py took 0.217 seconds
[2025-01-13T17:29:23.280-0500] {processor.py:186} INFO - Started process (PID=81221) to work on /usr/local/lib/python3.10/site-packages/airflow/example_dags/example_display_name.py
[2025-01-13T17:29:23.282-0500] {processor.py:914} INFO - Processing file /usr/local/lib/python3.10/site-packages/airflow/example_dags/example_display_name.py for tasks to queue
[2025-01-13T17:29:23.284-0500] {logging_mixin.py:190} INFO - [2025-01-13T17:29:23.283-0500] {dagbag.py:588} INFO - Filling up the DagBag from /usr/local/lib/python3.10/site-packages/airflow/example_dags/example_display_name.py
[2025-01-13T17:29:23.323-0500] {processor.py:925} INFO - DAG(s) 'example_display_name' retrieved from /usr/local/lib/python3.10/site-packages/airflow/example_dags/example_display_name.py
[2025-01-13T17:29:23.498-0500] {logging_mixin.py:190} INFO - [2025-01-13T17:29:23.498-0500] {dag.py:3239} INFO - Sync 1 DAGs
[2025-01-13T17:29:23.511-0500] {logging_mixin.py:190} INFO - [2025-01-13T17:29:23.511-0500] {dag.py:4180} INFO - Setting next_dagrun for example_display_name to None, run_after=None
[2025-01-13T17:29:23.529-0500] {processor.py:208} INFO - Processing /usr/local/lib/python3.10/site-packages/airflow/example_dags/example_display_name.py took 0.255 seconds
[2025-01-13T17:33:53.656-0500] {processor.py:186} INFO - Started process (PID=84342) to work on /usr/local/lib/python3.10/site-packages/airflow/example_dags/example_display_name.py
[2025-01-13T17:33:53.659-0500] {processor.py:914} INFO - Processing file /usr/local/lib/python3.10/site-packages/airflow/example_dags/example_display_name.py for tasks to queue
[2025-01-13T17:33:53.660-0500] {logging_mixin.py:190} INFO - [2025-01-13T17:33:53.660-0500] {dagbag.py:588} INFO - Filling up the DagBag from /usr/local/lib/python3.10/site-packages/airflow/example_dags/example_display_name.py
[2025-01-13T17:33:53.698-0500] {processor.py:925} INFO - DAG(s) 'example_display_name' retrieved from /usr/local/lib/python3.10/site-packages/airflow/example_dags/example_display_name.py
[2025-01-13T17:33:53.870-0500] {logging_mixin.py:190} INFO - [2025-01-13T17:33:53.870-0500] {dag.py:3239} INFO - Sync 1 DAGs
[2025-01-13T17:33:53.901-0500] {logging_mixin.py:190} INFO - [2025-01-13T17:33:53.901-0500] {dag.py:4180} INFO - Setting next_dagrun for example_display_name to None, run_after=None
[2025-01-13T17:33:53.920-0500] {processor.py:208} INFO - Processing /usr/local/lib/python3.10/site-packages/airflow/example_dags/example_display_name.py took 0.268 seconds
[2025-01-13T17:38:37.589-0500] {processor.py:186} INFO - Started process (PID=87551) to work on /usr/local/lib/python3.10/site-packages/airflow/example_dags/example_display_name.py
[2025-01-13T17:38:37.591-0500] {processor.py:914} INFO - Processing file /usr/local/lib/python3.10/site-packages/airflow/example_dags/example_display_name.py for tasks to queue
[2025-01-13T17:38:37.592-0500] {logging_mixin.py:190} INFO - [2025-01-13T17:38:37.592-0500] {dagbag.py:588} INFO - Filling up the DagBag from /usr/local/lib/python3.10/site-packages/airflow/example_dags/example_display_name.py
[2025-01-13T17:38:37.625-0500] {processor.py:925} INFO - DAG(s) 'example_display_name' retrieved from /usr/local/lib/python3.10/site-packages/airflow/example_dags/example_display_name.py
[2025-01-13T17:38:37.778-0500] {logging_mixin.py:190} INFO - [2025-01-13T17:38:37.778-0500] {dag.py:3239} INFO - Sync 1 DAGs
[2025-01-13T17:38:37.789-0500] {logging_mixin.py:190} INFO - [2025-01-13T17:38:37.789-0500] {dag.py:4180} INFO - Setting next_dagrun for example_display_name to None, run_after=None
[2025-01-13T17:38:37.805-0500] {processor.py:208} INFO - Processing /usr/local/lib/python3.10/site-packages/airflow/example_dags/example_display_name.py took 0.221 seconds
[2025-01-13T17:43:17.140-0500] {processor.py:186} INFO - Started process (PID=90694) to work on /usr/local/lib/python3.10/site-packages/airflow/example_dags/example_display_name.py
[2025-01-13T17:43:17.142-0500] {processor.py:914} INFO - Processing file /usr/local/lib/python3.10/site-packages/airflow/example_dags/example_display_name.py for tasks to queue
[2025-01-13T17:43:17.143-0500] {logging_mixin.py:190} INFO - [2025-01-13T17:43:17.143-0500] {dagbag.py:588} INFO - Filling up the DagBag from /usr/local/lib/python3.10/site-packages/airflow/example_dags/example_display_name.py
[2025-01-13T17:43:17.176-0500] {processor.py:925} INFO - DAG(s) 'example_display_name' retrieved from /usr/local/lib/python3.10/site-packages/airflow/example_dags/example_display_name.py
[2025-01-13T17:43:17.328-0500] {logging_mixin.py:190} INFO - [2025-01-13T17:43:17.328-0500] {dag.py:3239} INFO - Sync 1 DAGs
[2025-01-13T17:43:17.338-0500] {logging_mixin.py:190} INFO - [2025-01-13T17:43:17.338-0500] {dag.py:4180} INFO - Setting next_dagrun for example_display_name to None, run_after=None
[2025-01-13T17:43:17.354-0500] {processor.py:208} INFO - Processing /usr/local/lib/python3.10/site-packages/airflow/example_dags/example_display_name.py took 0.217 seconds
[2025-01-13T17:47:29.489-0500] {processor.py:186} INFO - Started process (PID=93562) to work on /usr/local/lib/python3.10/site-packages/airflow/example_dags/example_display_name.py
[2025-01-13T17:47:29.491-0500] {processor.py:914} INFO - Processing file /usr/local/lib/python3.10/site-packages/airflow/example_dags/example_display_name.py for tasks to queue
[2025-01-13T17:47:29.493-0500] {logging_mixin.py:190} INFO - [2025-01-13T17:47:29.492-0500] {dagbag.py:588} INFO - Filling up the DagBag from /usr/local/lib/python3.10/site-packages/airflow/example_dags/example_display_name.py
[2025-01-13T17:47:29.527-0500] {processor.py:925} INFO - DAG(s) 'example_display_name' retrieved from /usr/local/lib/python3.10/site-packages/airflow/example_dags/example_display_name.py
[2025-01-13T17:47:29.678-0500] {logging_mixin.py:190} INFO - [2025-01-13T17:47:29.677-0500] {dag.py:3239} INFO - Sync 1 DAGs
[2025-01-13T17:47:29.689-0500] {logging_mixin.py:190} INFO - [2025-01-13T17:47:29.689-0500] {dag.py:4180} INFO - Setting next_dagrun for example_display_name to None, run_after=None
[2025-01-13T17:47:29.704-0500] {processor.py:208} INFO - Processing /usr/local/lib/python3.10/site-packages/airflow/example_dags/example_display_name.py took 0.219 seconds
[2025-01-13T17:51:53.828-0500] {processor.py:186} INFO - Started process (PID=96538) to work on /usr/local/lib/python3.10/site-packages/airflow/example_dags/example_display_name.py
[2025-01-13T17:51:53.830-0500] {processor.py:914} INFO - Processing file /usr/local/lib/python3.10/site-packages/airflow/example_dags/example_display_name.py for tasks to queue
[2025-01-13T17:51:53.831-0500] {logging_mixin.py:190} INFO - [2025-01-13T17:51:53.831-0500] {dagbag.py:588} INFO - Filling up the DagBag from /usr/local/lib/python3.10/site-packages/airflow/example_dags/example_display_name.py
[2025-01-13T17:51:53.866-0500] {processor.py:925} INFO - DAG(s) 'example_display_name' retrieved from /usr/local/lib/python3.10/site-packages/airflow/example_dags/example_display_name.py
[2025-01-13T17:51:54.023-0500] {logging_mixin.py:190} INFO - [2025-01-13T17:51:54.023-0500] {dag.py:3239} INFO - Sync 1 DAGs
[2025-01-13T17:51:54.036-0500] {logging_mixin.py:190} INFO - [2025-01-13T17:51:54.035-0500] {dag.py:4180} INFO - Setting next_dagrun for example_display_name to None, run_after=None
[2025-01-13T17:51:54.054-0500] {processor.py:208} INFO - Processing /usr/local/lib/python3.10/site-packages/airflow/example_dags/example_display_name.py took 0.230 seconds
[2025-01-13T17:56:15.101-0500] {processor.py:186} INFO - Started process (PID=99438) to work on /usr/local/lib/python3.10/site-packages/airflow/example_dags/example_display_name.py
[2025-01-13T17:56:15.103-0500] {processor.py:914} INFO - Processing file /usr/local/lib/python3.10/site-packages/airflow/example_dags/example_display_name.py for tasks to queue
[2025-01-13T17:56:15.104-0500] {logging_mixin.py:190} INFO - [2025-01-13T17:56:15.104-0500] {dagbag.py:588} INFO - Filling up the DagBag from /usr/local/lib/python3.10/site-packages/airflow/example_dags/example_display_name.py
[2025-01-13T17:56:15.142-0500] {processor.py:925} INFO - DAG(s) 'example_display_name' retrieved from /usr/local/lib/python3.10/site-packages/airflow/example_dags/example_display_name.py
[2025-01-13T17:56:15.297-0500] {logging_mixin.py:190} INFO - [2025-01-13T17:56:15.297-0500] {dag.py:3239} INFO - Sync 1 DAGs
[2025-01-13T17:56:15.308-0500] {logging_mixin.py:190} INFO - [2025-01-13T17:56:15.308-0500] {dag.py:4180} INFO - Setting next_dagrun for example_display_name to None, run_after=None
[2025-01-13T17:56:15.324-0500] {processor.py:208} INFO - Processing /usr/local/lib/python3.10/site-packages/airflow/example_dags/example_display_name.py took 0.228 seconds
[2025-01-13T18:00:55.119-0500] {processor.py:186} INFO - Started process (PID=3388) to work on /usr/local/lib/python3.10/site-packages/airflow/example_dags/example_display_name.py
[2025-01-13T18:00:55.121-0500] {processor.py:914} INFO - Processing file /usr/local/lib/python3.10/site-packages/airflow/example_dags/example_display_name.py for tasks to queue
[2025-01-13T18:00:55.123-0500] {logging_mixin.py:190} INFO - [2025-01-13T18:00:55.122-0500] {dagbag.py:588} INFO - Filling up the DagBag from /usr/local/lib/python3.10/site-packages/airflow/example_dags/example_display_name.py
[2025-01-13T18:00:55.156-0500] {processor.py:925} INFO - DAG(s) 'example_display_name' retrieved from /usr/local/lib/python3.10/site-packages/airflow/example_dags/example_display_name.py
[2025-01-13T18:00:55.309-0500] {logging_mixin.py:190} INFO - [2025-01-13T18:00:55.309-0500] {dag.py:3239} INFO - Sync 1 DAGs
[2025-01-13T18:00:55.320-0500] {logging_mixin.py:190} INFO - [2025-01-13T18:00:55.320-0500] {dag.py:4180} INFO - Setting next_dagrun for example_display_name to None, run_after=None
[2025-01-13T18:00:55.336-0500] {processor.py:208} INFO - Processing /usr/local/lib/python3.10/site-packages/airflow/example_dags/example_display_name.py took 0.221 seconds
[2025-01-13T18:05:23.996-0500] {processor.py:186} INFO - Started process (PID=6478) to work on /usr/local/lib/python3.10/site-packages/airflow/example_dags/example_display_name.py
[2025-01-13T18:05:23.998-0500] {processor.py:914} INFO - Processing file /usr/local/lib/python3.10/site-packages/airflow/example_dags/example_display_name.py for tasks to queue
[2025-01-13T18:05:23.999-0500] {logging_mixin.py:190} INFO - [2025-01-13T18:05:23.999-0500] {dagbag.py:588} INFO - Filling up the DagBag from /usr/local/lib/python3.10/site-packages/airflow/example_dags/example_display_name.py
[2025-01-13T18:05:24.039-0500] {processor.py:925} INFO - DAG(s) 'example_display_name' retrieved from /usr/local/lib/python3.10/site-packages/airflow/example_dags/example_display_name.py
[2025-01-13T18:05:24.218-0500] {logging_mixin.py:190} INFO - [2025-01-13T18:05:24.218-0500] {dag.py:3239} INFO - Sync 1 DAGs
[2025-01-13T18:05:24.230-0500] {logging_mixin.py:190} INFO - [2025-01-13T18:05:24.229-0500] {dag.py:4180} INFO - Setting next_dagrun for example_display_name to None, run_after=None
[2025-01-13T18:05:24.249-0500] {processor.py:208} INFO - Processing /usr/local/lib/python3.10/site-packages/airflow/example_dags/example_display_name.py took 0.258 seconds
[2025-01-13T18:09:56.499-0500] {processor.py:186} INFO - Started process (PID=9643) to work on /usr/local/lib/python3.10/site-packages/airflow/example_dags/example_display_name.py
[2025-01-13T18:09:56.501-0500] {processor.py:914} INFO - Processing file /usr/local/lib/python3.10/site-packages/airflow/example_dags/example_display_name.py for tasks to queue
[2025-01-13T18:09:56.502-0500] {logging_mixin.py:190} INFO - [2025-01-13T18:09:56.502-0500] {dagbag.py:588} INFO - Filling up the DagBag from /usr/local/lib/python3.10/site-packages/airflow/example_dags/example_display_name.py
[2025-01-13T18:09:56.543-0500] {processor.py:925} INFO - DAG(s) 'example_display_name' retrieved from /usr/local/lib/python3.10/site-packages/airflow/example_dags/example_display_name.py
[2025-01-13T18:09:56.723-0500] {logging_mixin.py:190} INFO - [2025-01-13T18:09:56.723-0500] {dag.py:3239} INFO - Sync 1 DAGs
[2025-01-13T18:09:56.736-0500] {logging_mixin.py:190} INFO - [2025-01-13T18:09:56.736-0500] {dag.py:4180} INFO - Setting next_dagrun for example_display_name to None, run_after=None
[2025-01-13T18:09:56.756-0500] {processor.py:208} INFO - Processing /usr/local/lib/python3.10/site-packages/airflow/example_dags/example_display_name.py took 0.261 seconds
[2025-01-13T18:14:38.998-0500] {processor.py:186} INFO - Started process (PID=12873) to work on /usr/local/lib/python3.10/site-packages/airflow/example_dags/example_display_name.py
[2025-01-13T18:14:39.000-0500] {processor.py:914} INFO - Processing file /usr/local/lib/python3.10/site-packages/airflow/example_dags/example_display_name.py for tasks to queue
[2025-01-13T18:14:39.002-0500] {logging_mixin.py:190} INFO - [2025-01-13T18:14:39.001-0500] {dagbag.py:588} INFO - Filling up the DagBag from /usr/local/lib/python3.10/site-packages/airflow/example_dags/example_display_name.py
[2025-01-13T18:14:39.039-0500] {processor.py:925} INFO - DAG(s) 'example_display_name' retrieved from /usr/local/lib/python3.10/site-packages/airflow/example_dags/example_display_name.py
[2025-01-13T18:14:39.203-0500] {logging_mixin.py:190} INFO - [2025-01-13T18:14:39.203-0500] {dag.py:3239} INFO - Sync 1 DAGs
[2025-01-13T18:14:39.214-0500] {logging_mixin.py:190} INFO - [2025-01-13T18:14:39.214-0500] {dag.py:4180} INFO - Setting next_dagrun for example_display_name to None, run_after=None
[2025-01-13T18:14:39.232-0500] {processor.py:208} INFO - Processing /usr/local/lib/python3.10/site-packages/airflow/example_dags/example_display_name.py took 0.238 seconds
[2025-01-13T18:19:39.110-0500] {processor.py:186} INFO - Started process (PID=16386) to work on /usr/local/lib/python3.10/site-packages/airflow/example_dags/example_display_name.py
[2025-01-13T18:19:39.112-0500] {processor.py:914} INFO - Processing file /usr/local/lib/python3.10/site-packages/airflow/example_dags/example_display_name.py for tasks to queue
[2025-01-13T18:19:39.113-0500] {logging_mixin.py:190} INFO - [2025-01-13T18:19:39.113-0500] {dagbag.py:588} INFO - Filling up the DagBag from /usr/local/lib/python3.10/site-packages/airflow/example_dags/example_display_name.py
[2025-01-13T18:19:39.148-0500] {processor.py:925} INFO - DAG(s) 'example_display_name' retrieved from /usr/local/lib/python3.10/site-packages/airflow/example_dags/example_display_name.py
[2025-01-13T18:19:39.309-0500] {logging_mixin.py:190} INFO - [2025-01-13T18:19:39.308-0500] {dag.py:3239} INFO - Sync 1 DAGs
[2025-01-13T18:19:39.320-0500] {logging_mixin.py:190} INFO - [2025-01-13T18:19:39.320-0500] {dag.py:4180} INFO - Setting next_dagrun for example_display_name to None, run_after=None
[2025-01-13T18:19:39.336-0500] {processor.py:208} INFO - Processing /usr/local/lib/python3.10/site-packages/airflow/example_dags/example_display_name.py took 0.230 seconds
[2025-01-13T18:24:20.340-0500] {processor.py:186} INFO - Started process (PID=19671) to work on /usr/local/lib/python3.10/site-packages/airflow/example_dags/example_display_name.py
[2025-01-13T18:24:20.342-0500] {processor.py:914} INFO - Processing file /usr/local/lib/python3.10/site-packages/airflow/example_dags/example_display_name.py for tasks to queue
[2025-01-13T18:24:20.343-0500] {logging_mixin.py:190} INFO - [2025-01-13T18:24:20.343-0500] {dagbag.py:588} INFO - Filling up the DagBag from /usr/local/lib/python3.10/site-packages/airflow/example_dags/example_display_name.py
[2025-01-13T18:24:20.378-0500] {processor.py:925} INFO - DAG(s) 'example_display_name' retrieved from /usr/local/lib/python3.10/site-packages/airflow/example_dags/example_display_name.py
[2025-01-13T18:24:20.539-0500] {logging_mixin.py:190} INFO - [2025-01-13T18:24:20.539-0500] {dag.py:3239} INFO - Sync 1 DAGs
[2025-01-13T18:24:20.550-0500] {logging_mixin.py:190} INFO - [2025-01-13T18:24:20.550-0500] {dag.py:4180} INFO - Setting next_dagrun for example_display_name to None, run_after=None
[2025-01-13T18:24:20.566-0500] {processor.py:208} INFO - Processing /usr/local/lib/python3.10/site-packages/airflow/example_dags/example_display_name.py took 0.230 seconds
[2025-01-13T18:28:33.955-0500] {processor.py:186} INFO - Started process (PID=22602) to work on /usr/local/lib/python3.10/site-packages/airflow/example_dags/example_display_name.py
[2025-01-13T18:28:33.957-0500] {processor.py:914} INFO - Processing file /usr/local/lib/python3.10/site-packages/airflow/example_dags/example_display_name.py for tasks to queue
[2025-01-13T18:28:33.958-0500] {logging_mixin.py:190} INFO - [2025-01-13T18:28:33.957-0500] {dagbag.py:588} INFO - Filling up the DagBag from /usr/local/lib/python3.10/site-packages/airflow/example_dags/example_display_name.py
[2025-01-13T18:28:33.990-0500] {processor.py:925} INFO - DAG(s) 'example_display_name' retrieved from /usr/local/lib/python3.10/site-packages/airflow/example_dags/example_display_name.py
[2025-01-13T18:28:34.142-0500] {logging_mixin.py:190} INFO - [2025-01-13T18:28:34.142-0500] {dag.py:3239} INFO - Sync 1 DAGs
[2025-01-13T18:28:34.153-0500] {logging_mixin.py:190} INFO - [2025-01-13T18:28:34.153-0500] {dag.py:4180} INFO - Setting next_dagrun for example_display_name to None, run_after=None
[2025-01-13T18:28:34.168-0500] {processor.py:208} INFO - Processing /usr/local/lib/python3.10/site-packages/airflow/example_dags/example_display_name.py took 0.217 seconds
[2025-01-13T18:40:07.578-0500] {processor.py:186} INFO - Started process (PID=30533) to work on /usr/local/lib/python3.10/site-packages/airflow/example_dags/example_display_name.py
[2025-01-13T18:40:07.580-0500] {processor.py:914} INFO - Processing file /usr/local/lib/python3.10/site-packages/airflow/example_dags/example_display_name.py for tasks to queue
[2025-01-13T18:40:07.581-0500] {logging_mixin.py:190} INFO - [2025-01-13T18:40:07.581-0500] {dagbag.py:588} INFO - Filling up the DagBag from /usr/local/lib/python3.10/site-packages/airflow/example_dags/example_display_name.py
[2025-01-13T18:40:07.620-0500] {processor.py:925} INFO - DAG(s) 'example_display_name' retrieved from /usr/local/lib/python3.10/site-packages/airflow/example_dags/example_display_name.py
[2025-01-13T18:40:07.784-0500] {logging_mixin.py:190} INFO - [2025-01-13T18:40:07.784-0500] {dag.py:3239} INFO - Sync 1 DAGs
[2025-01-13T18:40:07.795-0500] {logging_mixin.py:190} INFO - [2025-01-13T18:40:07.795-0500] {dag.py:4180} INFO - Setting next_dagrun for example_display_name to None, run_after=None
[2025-01-13T18:40:07.811-0500] {processor.py:208} INFO - Processing /usr/local/lib/python3.10/site-packages/airflow/example_dags/example_display_name.py took 0.237 seconds
[2025-01-13T18:43:00.293-0500] {processor.py:186} INFO - Started process (PID=32518) to work on /usr/local/lib/python3.10/site-packages/airflow/example_dags/example_display_name.py
[2025-01-13T18:43:00.295-0500] {processor.py:914} INFO - Processing file /usr/local/lib/python3.10/site-packages/airflow/example_dags/example_display_name.py for tasks to queue
[2025-01-13T18:43:00.296-0500] {logging_mixin.py:190} INFO - [2025-01-13T18:43:00.296-0500] {dagbag.py:588} INFO - Filling up the DagBag from /usr/local/lib/python3.10/site-packages/airflow/example_dags/example_display_name.py
[2025-01-13T18:43:00.335-0500] {processor.py:925} INFO - DAG(s) 'example_display_name' retrieved from /usr/local/lib/python3.10/site-packages/airflow/example_dags/example_display_name.py
[2025-01-13T18:43:00.501-0500] {logging_mixin.py:190} INFO - [2025-01-13T18:43:00.500-0500] {dag.py:3239} INFO - Sync 1 DAGs
[2025-01-13T18:43:00.512-0500] {logging_mixin.py:190} INFO - [2025-01-13T18:43:00.512-0500] {dag.py:4180} INFO - Setting next_dagrun for example_display_name to None, run_after=None
[2025-01-13T18:43:00.530-0500] {processor.py:208} INFO - Processing /usr/local/lib/python3.10/site-packages/airflow/example_dags/example_display_name.py took 0.242 seconds
[2025-01-13T18:47:40.539-0500] {processor.py:186} INFO - Started process (PID=35713) to work on /usr/local/lib/python3.10/site-packages/airflow/example_dags/example_display_name.py
[2025-01-13T18:47:40.540-0500] {processor.py:914} INFO - Processing file /usr/local/lib/python3.10/site-packages/airflow/example_dags/example_display_name.py for tasks to queue
[2025-01-13T18:47:40.542-0500] {logging_mixin.py:190} INFO - [2025-01-13T18:47:40.542-0500] {dagbag.py:588} INFO - Filling up the DagBag from /usr/local/lib/python3.10/site-packages/airflow/example_dags/example_display_name.py
[2025-01-13T18:47:40.580-0500] {processor.py:925} INFO - DAG(s) 'example_display_name' retrieved from /usr/local/lib/python3.10/site-packages/airflow/example_dags/example_display_name.py
[2025-01-13T18:47:40.741-0500] {logging_mixin.py:190} INFO - [2025-01-13T18:47:40.740-0500] {dag.py:3239} INFO - Sync 1 DAGs
[2025-01-13T18:47:40.752-0500] {logging_mixin.py:190} INFO - [2025-01-13T18:47:40.751-0500] {dag.py:4180} INFO - Setting next_dagrun for example_display_name to None, run_after=None
[2025-01-13T18:47:40.768-0500] {processor.py:208} INFO - Processing /usr/local/lib/python3.10/site-packages/airflow/example_dags/example_display_name.py took 0.233 seconds
[2025-01-13T18:52:41.203-0500] {processor.py:186} INFO - Started process (PID=39205) to work on /usr/local/lib/python3.10/site-packages/airflow/example_dags/example_display_name.py
[2025-01-13T18:52:41.205-0500] {processor.py:914} INFO - Processing file /usr/local/lib/python3.10/site-packages/airflow/example_dags/example_display_name.py for tasks to queue
[2025-01-13T18:52:41.207-0500] {logging_mixin.py:190} INFO - [2025-01-13T18:52:41.206-0500] {dagbag.py:588} INFO - Filling up the DagBag from /usr/local/lib/python3.10/site-packages/airflow/example_dags/example_display_name.py
[2025-01-13T18:52:41.241-0500] {processor.py:925} INFO - DAG(s) 'example_display_name' retrieved from /usr/local/lib/python3.10/site-packages/airflow/example_dags/example_display_name.py
[2025-01-13T18:52:41.404-0500] {logging_mixin.py:190} INFO - [2025-01-13T18:52:41.404-0500] {dag.py:3239} INFO - Sync 1 DAGs
[2025-01-13T18:52:41.415-0500] {logging_mixin.py:190} INFO - [2025-01-13T18:52:41.415-0500] {dag.py:4180} INFO - Setting next_dagrun for example_display_name to None, run_after=None
[2025-01-13T18:52:41.432-0500] {processor.py:208} INFO - Processing /usr/local/lib/python3.10/site-packages/airflow/example_dags/example_display_name.py took 0.232 seconds
[2025-01-13T18:57:18.779-0500] {processor.py:186} INFO - Started process (PID=42442) to work on /usr/local/lib/python3.10/site-packages/airflow/example_dags/example_display_name.py
[2025-01-13T18:57:18.780-0500] {processor.py:914} INFO - Processing file /usr/local/lib/python3.10/site-packages/airflow/example_dags/example_display_name.py for tasks to queue
[2025-01-13T18:57:18.782-0500] {logging_mixin.py:190} INFO - [2025-01-13T18:57:18.781-0500] {dagbag.py:588} INFO - Filling up the DagBag from /usr/local/lib/python3.10/site-packages/airflow/example_dags/example_display_name.py
[2025-01-13T18:57:18.818-0500] {processor.py:925} INFO - DAG(s) 'example_display_name' retrieved from /usr/local/lib/python3.10/site-packages/airflow/example_dags/example_display_name.py
[2025-01-13T18:57:18.970-0500] {logging_mixin.py:190} INFO - [2025-01-13T18:57:18.970-0500] {dag.py:3239} INFO - Sync 1 DAGs
[2025-01-13T18:57:18.981-0500] {logging_mixin.py:190} INFO - [2025-01-13T18:57:18.981-0500] {dag.py:4180} INFO - Setting next_dagrun for example_display_name to None, run_after=None
[2025-01-13T18:57:18.996-0500] {processor.py:208} INFO - Processing /usr/local/lib/python3.10/site-packages/airflow/example_dags/example_display_name.py took 0.222 seconds
