[2025-01-13T16:53:07.912-0500] {processor.py:186} INFO - Started process (PID=56862) to work on /usr/local/lib/python3.10/site-packages/airflow/example_dags/example_kubernetes_executor.py
[2025-01-13T16:53:07.914-0500] {processor.py:914} INFO - Processing file /usr/local/lib/python3.10/site-packages/airflow/example_dags/example_kubernetes_executor.py for tasks to queue
[2025-01-13T16:53:07.915-0500] {logging_mixin.py:190} INFO - [2025-01-13T16:53:07.915-0500] {dagbag.py:588} INFO - Filling up the DagBag from /usr/local/lib/python3.10/site-packages/airflow/example_dags/example_kubernetes_executor.py
[2025-01-13T16:53:07.965-0500] {logging_mixin.py:190} INFO - [2025-01-13T16:53:07.965-0500] {example_kubernetes_executor.py:39} WARNING - The example_kubernetes_executor example DAG requires the kubernetes provider. Please install it with: pip install apache-airflow[cncf.kubernetes]
[2025-01-13T16:53:07.966-0500] {processor.py:927} WARNING - No viable dags retrieved from /usr/local/lib/python3.10/site-packages/airflow/example_dags/example_kubernetes_executor.py
[2025-01-13T16:53:08.149-0500] {processor.py:208} INFO - Processing /usr/local/lib/python3.10/site-packages/airflow/example_dags/example_kubernetes_executor.py took 0.243 seconds
[2025-01-13T16:55:57.486-0500] {processor.py:186} INFO - Started process (PID=58827) to work on /usr/local/lib/python3.10/site-packages/airflow/example_dags/example_kubernetes_executor.py
[2025-01-13T16:55:57.488-0500] {processor.py:914} INFO - Processing file /usr/local/lib/python3.10/site-packages/airflow/example_dags/example_kubernetes_executor.py for tasks to queue
[2025-01-13T16:55:57.490-0500] {logging_mixin.py:190} INFO - [2025-01-13T16:55:57.489-0500] {dagbag.py:588} INFO - Filling up the DagBag from /usr/local/lib/python3.10/site-packages/airflow/example_dags/example_kubernetes_executor.py
[2025-01-13T16:55:57.528-0500] {logging_mixin.py:190} INFO - [2025-01-13T16:55:57.527-0500] {example_kubernetes_executor.py:39} WARNING - The example_kubernetes_executor example DAG requires the kubernetes provider. Please install it with: pip install apache-airflow[cncf.kubernetes]
[2025-01-13T16:55:57.528-0500] {processor.py:927} WARNING - No viable dags retrieved from /usr/local/lib/python3.10/site-packages/airflow/example_dags/example_kubernetes_executor.py
[2025-01-13T16:55:57.683-0500] {processor.py:208} INFO - Processing /usr/local/lib/python3.10/site-packages/airflow/example_dags/example_kubernetes_executor.py took 0.202 seconds
[2025-01-13T17:00:42.338-0500] {processor.py:186} INFO - Started process (PID=62050) to work on /usr/local/lib/python3.10/site-packages/airflow/example_dags/example_kubernetes_executor.py
[2025-01-13T17:00:42.340-0500] {processor.py:914} INFO - Processing file /usr/local/lib/python3.10/site-packages/airflow/example_dags/example_kubernetes_executor.py for tasks to queue
[2025-01-13T17:00:42.341-0500] {logging_mixin.py:190} INFO - [2025-01-13T17:00:42.341-0500] {dagbag.py:588} INFO - Filling up the DagBag from /usr/local/lib/python3.10/site-packages/airflow/example_dags/example_kubernetes_executor.py
[2025-01-13T17:00:42.375-0500] {logging_mixin.py:190} INFO - [2025-01-13T17:00:42.375-0500] {example_kubernetes_executor.py:39} WARNING - The example_kubernetes_executor example DAG requires the kubernetes provider. Please install it with: pip install apache-airflow[cncf.kubernetes]
[2025-01-13T17:00:42.376-0500] {processor.py:927} WARNING - No viable dags retrieved from /usr/local/lib/python3.10/site-packages/airflow/example_dags/example_kubernetes_executor.py
[2025-01-13T17:00:42.522-0500] {processor.py:208} INFO - Processing /usr/local/lib/python3.10/site-packages/airflow/example_dags/example_kubernetes_executor.py took 0.187 seconds
[2025-01-13T17:05:03.882-0500] {processor.py:186} INFO - Started process (PID=65077) to work on /usr/local/lib/python3.10/site-packages/airflow/example_dags/example_kubernetes_executor.py
[2025-01-13T17:05:03.884-0500] {processor.py:914} INFO - Processing file /usr/local/lib/python3.10/site-packages/airflow/example_dags/example_kubernetes_executor.py for tasks to queue
[2025-01-13T17:05:03.885-0500] {logging_mixin.py:190} INFO - [2025-01-13T17:05:03.885-0500] {dagbag.py:588} INFO - Filling up the DagBag from /usr/local/lib/python3.10/site-packages/airflow/example_dags/example_kubernetes_executor.py
[2025-01-13T17:05:03.917-0500] {logging_mixin.py:190} INFO - [2025-01-13T17:05:03.917-0500] {example_kubernetes_executor.py:39} WARNING - The example_kubernetes_executor example DAG requires the kubernetes provider. Please install it with: pip install apache-airflow[cncf.kubernetes]
[2025-01-13T17:05:03.918-0500] {processor.py:927} WARNING - No viable dags retrieved from /usr/local/lib/python3.10/site-packages/airflow/example_dags/example_kubernetes_executor.py
[2025-01-13T17:05:04.066-0500] {processor.py:208} INFO - Processing /usr/local/lib/python3.10/site-packages/airflow/example_dags/example_kubernetes_executor.py took 0.188 seconds
[2025-01-13T17:09:31.503-0500] {processor.py:186} INFO - Started process (PID=68113) to work on /usr/local/lib/python3.10/site-packages/airflow/example_dags/example_kubernetes_executor.py
[2025-01-13T17:09:31.505-0500] {processor.py:914} INFO - Processing file /usr/local/lib/python3.10/site-packages/airflow/example_dags/example_kubernetes_executor.py for tasks to queue
[2025-01-13T17:09:31.506-0500] {logging_mixin.py:190} INFO - [2025-01-13T17:09:31.506-0500] {dagbag.py:588} INFO - Filling up the DagBag from /usr/local/lib/python3.10/site-packages/airflow/example_dags/example_kubernetes_executor.py
[2025-01-13T17:09:31.542-0500] {logging_mixin.py:190} INFO - [2025-01-13T17:09:31.542-0500] {example_kubernetes_executor.py:39} WARNING - The example_kubernetes_executor example DAG requires the kubernetes provider. Please install it with: pip install apache-airflow[cncf.kubernetes]
[2025-01-13T17:09:31.542-0500] {processor.py:927} WARNING - No viable dags retrieved from /usr/local/lib/python3.10/site-packages/airflow/example_dags/example_kubernetes_executor.py
[2025-01-13T17:09:31.692-0500] {processor.py:208} INFO - Processing /usr/local/lib/python3.10/site-packages/airflow/example_dags/example_kubernetes_executor.py took 0.193 seconds
[2025-01-13T17:15:38.865-0500] {processor.py:186} INFO - Started process (PID=71884) to work on /usr/local/lib/python3.10/site-packages/airflow/example_dags/example_kubernetes_executor.py
[2025-01-13T17:15:38.867-0500] {processor.py:914} INFO - Processing file /usr/local/lib/python3.10/site-packages/airflow/example_dags/example_kubernetes_executor.py for tasks to queue
[2025-01-13T17:15:38.868-0500] {logging_mixin.py:190} INFO - [2025-01-13T17:15:38.868-0500] {dagbag.py:588} INFO - Filling up the DagBag from /usr/local/lib/python3.10/site-packages/airflow/example_dags/example_kubernetes_executor.py
[2025-01-13T17:15:38.898-0500] {logging_mixin.py:190} INFO - [2025-01-13T17:15:38.898-0500] {example_kubernetes_executor.py:39} WARNING - The example_kubernetes_executor example DAG requires the kubernetes provider. Please install it with: pip install apache-airflow[cncf.kubernetes]
[2025-01-13T17:15:38.899-0500] {processor.py:927} WARNING - No viable dags retrieved from /usr/local/lib/python3.10/site-packages/airflow/example_dags/example_kubernetes_executor.py
[2025-01-13T17:15:39.041-0500] {processor.py:208} INFO - Processing /usr/local/lib/python3.10/site-packages/airflow/example_dags/example_kubernetes_executor.py took 0.180 seconds
[2025-01-13T17:20:31.140-0500] {processor.py:186} INFO - Started process (PID=75240) to work on /usr/local/lib/python3.10/site-packages/airflow/example_dags/example_kubernetes_executor.py
[2025-01-13T17:20:31.142-0500] {processor.py:914} INFO - Processing file /usr/local/lib/python3.10/site-packages/airflow/example_dags/example_kubernetes_executor.py for tasks to queue
[2025-01-13T17:20:31.143-0500] {logging_mixin.py:190} INFO - [2025-01-13T17:20:31.143-0500] {dagbag.py:588} INFO - Filling up the DagBag from /usr/local/lib/python3.10/site-packages/airflow/example_dags/example_kubernetes_executor.py
[2025-01-13T17:20:31.174-0500] {logging_mixin.py:190} INFO - [2025-01-13T17:20:31.174-0500] {example_kubernetes_executor.py:39} WARNING - The example_kubernetes_executor example DAG requires the kubernetes provider. Please install it with: pip install apache-airflow[cncf.kubernetes]
[2025-01-13T17:20:31.174-0500] {processor.py:927} WARNING - No viable dags retrieved from /usr/local/lib/python3.10/site-packages/airflow/example_dags/example_kubernetes_executor.py
[2025-01-13T17:20:31.323-0500] {processor.py:208} INFO - Processing /usr/local/lib/python3.10/site-packages/airflow/example_dags/example_kubernetes_executor.py took 0.187 seconds
[2025-01-13T17:24:54.919-0500] {processor.py:186} INFO - Started process (PID=78229) to work on /usr/local/lib/python3.10/site-packages/airflow/example_dags/example_kubernetes_executor.py
[2025-01-13T17:24:54.921-0500] {processor.py:914} INFO - Processing file /usr/local/lib/python3.10/site-packages/airflow/example_dags/example_kubernetes_executor.py for tasks to queue
[2025-01-13T17:24:54.922-0500] {logging_mixin.py:190} INFO - [2025-01-13T17:24:54.922-0500] {dagbag.py:588} INFO - Filling up the DagBag from /usr/local/lib/python3.10/site-packages/airflow/example_dags/example_kubernetes_executor.py
[2025-01-13T17:24:54.952-0500] {logging_mixin.py:190} INFO - [2025-01-13T17:24:54.952-0500] {example_kubernetes_executor.py:39} WARNING - The example_kubernetes_executor example DAG requires the kubernetes provider. Please install it with: pip install apache-airflow[cncf.kubernetes]
[2025-01-13T17:24:54.952-0500] {processor.py:927} WARNING - No viable dags retrieved from /usr/local/lib/python3.10/site-packages/airflow/example_dags/example_kubernetes_executor.py
[2025-01-13T17:24:55.096-0500] {processor.py:208} INFO - Processing /usr/local/lib/python3.10/site-packages/airflow/example_dags/example_kubernetes_executor.py took 0.181 seconds
[2025-01-13T17:29:08.863-0500] {processor.py:186} INFO - Started process (PID=81105) to work on /usr/local/lib/python3.10/site-packages/airflow/example_dags/example_kubernetes_executor.py
[2025-01-13T17:29:08.865-0500] {processor.py:914} INFO - Processing file /usr/local/lib/python3.10/site-packages/airflow/example_dags/example_kubernetes_executor.py for tasks to queue
[2025-01-13T17:29:08.866-0500] {logging_mixin.py:190} INFO - [2025-01-13T17:29:08.866-0500] {dagbag.py:588} INFO - Filling up the DagBag from /usr/local/lib/python3.10/site-packages/airflow/example_dags/example_kubernetes_executor.py
[2025-01-13T17:29:08.897-0500] {logging_mixin.py:190} INFO - [2025-01-13T17:29:08.897-0500] {example_kubernetes_executor.py:39} WARNING - The example_kubernetes_executor example DAG requires the kubernetes provider. Please install it with: pip install apache-airflow[cncf.kubernetes]
[2025-01-13T17:29:08.898-0500] {processor.py:927} WARNING - No viable dags retrieved from /usr/local/lib/python3.10/site-packages/airflow/example_dags/example_kubernetes_executor.py
[2025-01-13T17:29:09.043-0500] {processor.py:208} INFO - Processing /usr/local/lib/python3.10/site-packages/airflow/example_dags/example_kubernetes_executor.py took 0.184 seconds
[2025-01-13T17:33:38.931-0500] {processor.py:186} INFO - Started process (PID=84110) to work on /usr/local/lib/python3.10/site-packages/airflow/example_dags/example_kubernetes_executor.py
[2025-01-13T17:33:38.934-0500] {processor.py:914} INFO - Processing file /usr/local/lib/python3.10/site-packages/airflow/example_dags/example_kubernetes_executor.py for tasks to queue
[2025-01-13T17:33:38.935-0500] {logging_mixin.py:190} INFO - [2025-01-13T17:33:38.935-0500] {dagbag.py:588} INFO - Filling up the DagBag from /usr/local/lib/python3.10/site-packages/airflow/example_dags/example_kubernetes_executor.py
[2025-01-13T17:33:38.975-0500] {logging_mixin.py:190} INFO - [2025-01-13T17:33:38.974-0500] {example_kubernetes_executor.py:39} WARNING - The example_kubernetes_executor example DAG requires the kubernetes provider. Please install it with: pip install apache-airflow[cncf.kubernetes]
[2025-01-13T17:33:38.975-0500] {processor.py:927} WARNING - No viable dags retrieved from /usr/local/lib/python3.10/site-packages/airflow/example_dags/example_kubernetes_executor.py
[2025-01-13T17:33:39.161-0500] {processor.py:208} INFO - Processing /usr/local/lib/python3.10/site-packages/airflow/example_dags/example_kubernetes_executor.py took 0.234 seconds
[2025-01-13T17:38:24.519-0500] {processor.py:186} INFO - Started process (PID=87432) to work on /usr/local/lib/python3.10/site-packages/airflow/example_dags/example_kubernetes_executor.py
[2025-01-13T17:38:24.522-0500] {processor.py:914} INFO - Processing file /usr/local/lib/python3.10/site-packages/airflow/example_dags/example_kubernetes_executor.py for tasks to queue
[2025-01-13T17:38:24.523-0500] {logging_mixin.py:190} INFO - [2025-01-13T17:38:24.523-0500] {dagbag.py:588} INFO - Filling up the DagBag from /usr/local/lib/python3.10/site-packages/airflow/example_dags/example_kubernetes_executor.py
[2025-01-13T17:38:24.560-0500] {logging_mixin.py:190} INFO - [2025-01-13T17:38:24.560-0500] {example_kubernetes_executor.py:39} WARNING - The example_kubernetes_executor example DAG requires the kubernetes provider. Please install it with: pip install apache-airflow[cncf.kubernetes]
[2025-01-13T17:38:24.561-0500] {processor.py:927} WARNING - No viable dags retrieved from /usr/local/lib/python3.10/site-packages/airflow/example_dags/example_kubernetes_executor.py
[2025-01-13T17:38:24.725-0500] {processor.py:208} INFO - Processing /usr/local/lib/python3.10/site-packages/airflow/example_dags/example_kubernetes_executor.py took 0.210 seconds
[2025-01-13T17:43:03.598-0500] {processor.py:186} INFO - Started process (PID=90574) to work on /usr/local/lib/python3.10/site-packages/airflow/example_dags/example_kubernetes_executor.py
[2025-01-13T17:43:03.600-0500] {processor.py:914} INFO - Processing file /usr/local/lib/python3.10/site-packages/airflow/example_dags/example_kubernetes_executor.py for tasks to queue
[2025-01-13T17:43:03.601-0500] {logging_mixin.py:190} INFO - [2025-01-13T17:43:03.601-0500] {dagbag.py:588} INFO - Filling up the DagBag from /usr/local/lib/python3.10/site-packages/airflow/example_dags/example_kubernetes_executor.py
[2025-01-13T17:43:03.632-0500] {logging_mixin.py:190} INFO - [2025-01-13T17:43:03.632-0500] {example_kubernetes_executor.py:39} WARNING - The example_kubernetes_executor example DAG requires the kubernetes provider. Please install it with: pip install apache-airflow[cncf.kubernetes]
[2025-01-13T17:43:03.633-0500] {processor.py:927} WARNING - No viable dags retrieved from /usr/local/lib/python3.10/site-packages/airflow/example_dags/example_kubernetes_executor.py
[2025-01-13T17:43:03.780-0500] {processor.py:208} INFO - Processing /usr/local/lib/python3.10/site-packages/airflow/example_dags/example_kubernetes_executor.py took 0.186 seconds
[2025-01-13T17:47:15.105-0500] {processor.py:186} INFO - Started process (PID=93445) to work on /usr/local/lib/python3.10/site-packages/airflow/example_dags/example_kubernetes_executor.py
[2025-01-13T17:47:15.107-0500] {processor.py:914} INFO - Processing file /usr/local/lib/python3.10/site-packages/airflow/example_dags/example_kubernetes_executor.py for tasks to queue
[2025-01-13T17:47:15.108-0500] {logging_mixin.py:190} INFO - [2025-01-13T17:47:15.108-0500] {dagbag.py:588} INFO - Filling up the DagBag from /usr/local/lib/python3.10/site-packages/airflow/example_dags/example_kubernetes_executor.py
[2025-01-13T17:47:15.142-0500] {logging_mixin.py:190} INFO - [2025-01-13T17:47:15.142-0500] {example_kubernetes_executor.py:39} WARNING - The example_kubernetes_executor example DAG requires the kubernetes provider. Please install it with: pip install apache-airflow[cncf.kubernetes]
[2025-01-13T17:47:15.143-0500] {processor.py:927} WARNING - No viable dags retrieved from /usr/local/lib/python3.10/site-packages/airflow/example_dags/example_kubernetes_executor.py
[2025-01-13T17:47:15.296-0500] {processor.py:208} INFO - Processing /usr/local/lib/python3.10/site-packages/airflow/example_dags/example_kubernetes_executor.py took 0.196 seconds
[2025-01-13T17:51:39.749-0500] {processor.py:186} INFO - Started process (PID=96356) to work on /usr/local/lib/python3.10/site-packages/airflow/example_dags/example_kubernetes_executor.py
[2025-01-13T17:51:39.751-0500] {processor.py:914} INFO - Processing file /usr/local/lib/python3.10/site-packages/airflow/example_dags/example_kubernetes_executor.py for tasks to queue
[2025-01-13T17:51:39.752-0500] {logging_mixin.py:190} INFO - [2025-01-13T17:51:39.752-0500] {dagbag.py:588} INFO - Filling up the DagBag from /usr/local/lib/python3.10/site-packages/airflow/example_dags/example_kubernetes_executor.py
[2025-01-13T17:51:39.787-0500] {logging_mixin.py:190} INFO - [2025-01-13T17:51:39.787-0500] {example_kubernetes_executor.py:39} WARNING - The example_kubernetes_executor example DAG requires the kubernetes provider. Please install it with: pip install apache-airflow[cncf.kubernetes]
[2025-01-13T17:51:39.806-0500] {processor.py:927} WARNING - No viable dags retrieved from /usr/local/lib/python3.10/site-packages/airflow/example_dags/example_kubernetes_executor.py
[2025-01-13T17:51:39.961-0500] {processor.py:208} INFO - Processing /usr/local/lib/python3.10/site-packages/airflow/example_dags/example_kubernetes_executor.py took 0.216 seconds
[2025-01-13T17:56:02.056-0500] {processor.py:186} INFO - Started process (PID=99318) to work on /usr/local/lib/python3.10/site-packages/airflow/example_dags/example_kubernetes_executor.py
[2025-01-13T17:56:02.058-0500] {processor.py:914} INFO - Processing file /usr/local/lib/python3.10/site-packages/airflow/example_dags/example_kubernetes_executor.py for tasks to queue
[2025-01-13T17:56:02.059-0500] {logging_mixin.py:190} INFO - [2025-01-13T17:56:02.059-0500] {dagbag.py:588} INFO - Filling up the DagBag from /usr/local/lib/python3.10/site-packages/airflow/example_dags/example_kubernetes_executor.py
[2025-01-13T17:56:02.091-0500] {logging_mixin.py:190} INFO - [2025-01-13T17:56:02.091-0500] {example_kubernetes_executor.py:39} WARNING - The example_kubernetes_executor example DAG requires the kubernetes provider. Please install it with: pip install apache-airflow[cncf.kubernetes]
[2025-01-13T17:56:02.091-0500] {processor.py:927} WARNING - No viable dags retrieved from /usr/local/lib/python3.10/site-packages/airflow/example_dags/example_kubernetes_executor.py
[2025-01-13T17:56:02.234-0500] {processor.py:208} INFO - Processing /usr/local/lib/python3.10/site-packages/airflow/example_dags/example_kubernetes_executor.py took 0.182 seconds
[2025-01-13T18:00:40.858-0500] {processor.py:186} INFO - Started process (PID=3166) to work on /usr/local/lib/python3.10/site-packages/airflow/example_dags/example_kubernetes_executor.py
[2025-01-13T18:00:40.860-0500] {processor.py:914} INFO - Processing file /usr/local/lib/python3.10/site-packages/airflow/example_dags/example_kubernetes_executor.py for tasks to queue
[2025-01-13T18:00:40.861-0500] {logging_mixin.py:190} INFO - [2025-01-13T18:00:40.861-0500] {dagbag.py:588} INFO - Filling up the DagBag from /usr/local/lib/python3.10/site-packages/airflow/example_dags/example_kubernetes_executor.py
[2025-01-13T18:00:40.898-0500] {logging_mixin.py:190} INFO - [2025-01-13T18:00:40.897-0500] {example_kubernetes_executor.py:39} WARNING - The example_kubernetes_executor example DAG requires the kubernetes provider. Please install it with: pip install apache-airflow[cncf.kubernetes]
[2025-01-13T18:00:40.898-0500] {processor.py:927} WARNING - No viable dags retrieved from /usr/local/lib/python3.10/site-packages/airflow/example_dags/example_kubernetes_executor.py
[2025-01-13T18:00:41.056-0500] {processor.py:208} INFO - Processing /usr/local/lib/python3.10/site-packages/airflow/example_dags/example_kubernetes_executor.py took 0.201 seconds
[2025-01-13T18:03:12.367-0500] {processor.py:186} INFO - Started process (PID=4945) to work on /usr/local/lib/python3.10/site-packages/airflow/example_dags/example_kubernetes_executor.py
[2025-01-13T18:03:12.369-0500] {processor.py:914} INFO - Processing file /usr/local/lib/python3.10/site-packages/airflow/example_dags/example_kubernetes_executor.py for tasks to queue
[2025-01-13T18:03:12.370-0500] {logging_mixin.py:190} INFO - [2025-01-13T18:03:12.370-0500] {dagbag.py:588} INFO - Filling up the DagBag from /usr/local/lib/python3.10/site-packages/airflow/example_dags/example_kubernetes_executor.py
[2025-01-13T18:03:12.407-0500] {logging_mixin.py:190} INFO - [2025-01-13T18:03:12.406-0500] {example_kubernetes_executor.py:39} WARNING - The example_kubernetes_executor example DAG requires the kubernetes provider. Please install it with: pip install apache-airflow[cncf.kubernetes]
[2025-01-13T18:03:12.407-0500] {processor.py:927} WARNING - No viable dags retrieved from /usr/local/lib/python3.10/site-packages/airflow/example_dags/example_kubernetes_executor.py
[2025-01-13T18:03:12.559-0500] {processor.py:208} INFO - Processing /usr/local/lib/python3.10/site-packages/airflow/example_dags/example_kubernetes_executor.py took 0.197 seconds
[2025-01-13T18:07:39.359-0500] {processor.py:186} INFO - Started process (PID=8005) to work on /usr/local/lib/python3.10/site-packages/airflow/example_dags/example_kubernetes_executor.py
[2025-01-13T18:07:39.361-0500] {processor.py:914} INFO - Processing file /usr/local/lib/python3.10/site-packages/airflow/example_dags/example_kubernetes_executor.py for tasks to queue
[2025-01-13T18:07:39.362-0500] {logging_mixin.py:190} INFO - [2025-01-13T18:07:39.362-0500] {dagbag.py:588} INFO - Filling up the DagBag from /usr/local/lib/python3.10/site-packages/airflow/example_dags/example_kubernetes_executor.py
[2025-01-13T18:07:39.396-0500] {logging_mixin.py:190} INFO - [2025-01-13T18:07:39.396-0500] {example_kubernetes_executor.py:39} WARNING - The example_kubernetes_executor example DAG requires the kubernetes provider. Please install it with: pip install apache-airflow[cncf.kubernetes]
[2025-01-13T18:07:39.397-0500] {processor.py:927} WARNING - No viable dags retrieved from /usr/local/lib/python3.10/site-packages/airflow/example_dags/example_kubernetes_executor.py
[2025-01-13T18:07:39.545-0500] {processor.py:208} INFO - Processing /usr/local/lib/python3.10/site-packages/airflow/example_dags/example_kubernetes_executor.py took 0.191 seconds
[2025-01-13T18:12:08.239-0500] {processor.py:186} INFO - Started process (PID=11099) to work on /usr/local/lib/python3.10/site-packages/airflow/example_dags/example_kubernetes_executor.py
[2025-01-13T18:12:08.241-0500] {processor.py:914} INFO - Processing file /usr/local/lib/python3.10/site-packages/airflow/example_dags/example_kubernetes_executor.py for tasks to queue
[2025-01-13T18:12:08.242-0500] {logging_mixin.py:190} INFO - [2025-01-13T18:12:08.242-0500] {dagbag.py:588} INFO - Filling up the DagBag from /usr/local/lib/python3.10/site-packages/airflow/example_dags/example_kubernetes_executor.py
[2025-01-13T18:12:08.280-0500] {logging_mixin.py:190} INFO - [2025-01-13T18:12:08.280-0500] {example_kubernetes_executor.py:39} WARNING - The example_kubernetes_executor example DAG requires the kubernetes provider. Please install it with: pip install apache-airflow[cncf.kubernetes]
[2025-01-13T18:12:08.280-0500] {processor.py:927} WARNING - No viable dags retrieved from /usr/local/lib/python3.10/site-packages/airflow/example_dags/example_kubernetes_executor.py
[2025-01-13T18:12:08.426-0500] {processor.py:208} INFO - Processing /usr/local/lib/python3.10/site-packages/airflow/example_dags/example_kubernetes_executor.py took 0.191 seconds
[2025-01-13T18:17:02.642-0500] {processor.py:186} INFO - Started process (PID=14554) to work on /usr/local/lib/python3.10/site-packages/airflow/example_dags/example_kubernetes_executor.py
[2025-01-13T18:17:02.644-0500] {processor.py:914} INFO - Processing file /usr/local/lib/python3.10/site-packages/airflow/example_dags/example_kubernetes_executor.py for tasks to queue
[2025-01-13T18:17:02.645-0500] {logging_mixin.py:190} INFO - [2025-01-13T18:17:02.645-0500] {dagbag.py:588} INFO - Filling up the DagBag from /usr/local/lib/python3.10/site-packages/airflow/example_dags/example_kubernetes_executor.py
[2025-01-13T18:17:02.679-0500] {logging_mixin.py:190} INFO - [2025-01-13T18:17:02.679-0500] {example_kubernetes_executor.py:39} WARNING - The example_kubernetes_executor example DAG requires the kubernetes provider. Please install it with: pip install apache-airflow[cncf.kubernetes]
[2025-01-13T18:17:02.680-0500] {processor.py:927} WARNING - No viable dags retrieved from /usr/local/lib/python3.10/site-packages/airflow/example_dags/example_kubernetes_executor.py
[2025-01-13T18:17:02.846-0500] {processor.py:208} INFO - Processing /usr/local/lib/python3.10/site-packages/airflow/example_dags/example_kubernetes_executor.py took 0.208 seconds
[2025-01-13T18:21:46.618-0500] {processor.py:186} INFO - Started process (PID=17920) to work on /usr/local/lib/python3.10/site-packages/airflow/example_dags/example_kubernetes_executor.py
[2025-01-13T18:21:46.620-0500] {processor.py:914} INFO - Processing file /usr/local/lib/python3.10/site-packages/airflow/example_dags/example_kubernetes_executor.py for tasks to queue
[2025-01-13T18:21:46.621-0500] {logging_mixin.py:190} INFO - [2025-01-13T18:21:46.621-0500] {dagbag.py:588} INFO - Filling up the DagBag from /usr/local/lib/python3.10/site-packages/airflow/example_dags/example_kubernetes_executor.py
[2025-01-13T18:21:46.651-0500] {logging_mixin.py:190} INFO - [2025-01-13T18:21:46.651-0500] {example_kubernetes_executor.py:39} WARNING - The example_kubernetes_executor example DAG requires the kubernetes provider. Please install it with: pip install apache-airflow[cncf.kubernetes]
[2025-01-13T18:21:46.651-0500] {processor.py:927} WARNING - No viable dags retrieved from /usr/local/lib/python3.10/site-packages/airflow/example_dags/example_kubernetes_executor.py
[2025-01-13T18:21:46.793-0500] {processor.py:208} INFO - Processing /usr/local/lib/python3.10/site-packages/airflow/example_dags/example_kubernetes_executor.py took 0.178 seconds
[2025-01-13T18:24:18.036-0500] {processor.py:186} INFO - Started process (PID=19664) to work on /usr/local/lib/python3.10/site-packages/airflow/example_dags/example_kubernetes_executor.py
[2025-01-13T18:24:18.038-0500] {processor.py:914} INFO - Processing file /usr/local/lib/python3.10/site-packages/airflow/example_dags/example_kubernetes_executor.py for tasks to queue
[2025-01-13T18:24:18.040-0500] {logging_mixin.py:190} INFO - [2025-01-13T18:24:18.039-0500] {dagbag.py:588} INFO - Filling up the DagBag from /usr/local/lib/python3.10/site-packages/airflow/example_dags/example_kubernetes_executor.py
[2025-01-13T18:24:18.074-0500] {logging_mixin.py:190} INFO - [2025-01-13T18:24:18.074-0500] {example_kubernetes_executor.py:39} WARNING - The example_kubernetes_executor example DAG requires the kubernetes provider. Please install it with: pip install apache-airflow[cncf.kubernetes]
[2025-01-13T18:24:18.074-0500] {processor.py:927} WARNING - No viable dags retrieved from /usr/local/lib/python3.10/site-packages/airflow/example_dags/example_kubernetes_executor.py
[2025-01-13T18:24:18.232-0500] {processor.py:208} INFO - Processing /usr/local/lib/python3.10/site-packages/airflow/example_dags/example_kubernetes_executor.py took 0.200 seconds
[2025-01-13T18:28:32.053-0500] {processor.py:186} INFO - Started process (PID=22493) to work on /usr/local/lib/python3.10/site-packages/airflow/example_dags/example_kubernetes_executor.py
[2025-01-13T18:28:32.055-0500] {processor.py:914} INFO - Processing file /usr/local/lib/python3.10/site-packages/airflow/example_dags/example_kubernetes_executor.py for tasks to queue
[2025-01-13T18:28:32.056-0500] {logging_mixin.py:190} INFO - [2025-01-13T18:28:32.056-0500] {dagbag.py:588} INFO - Filling up the DagBag from /usr/local/lib/python3.10/site-packages/airflow/example_dags/example_kubernetes_executor.py
[2025-01-13T18:28:32.087-0500] {logging_mixin.py:190} INFO - [2025-01-13T18:28:32.087-0500] {example_kubernetes_executor.py:39} WARNING - The example_kubernetes_executor example DAG requires the kubernetes provider. Please install it with: pip install apache-airflow[cncf.kubernetes]
[2025-01-13T18:28:32.088-0500] {processor.py:927} WARNING - No viable dags retrieved from /usr/local/lib/python3.10/site-packages/airflow/example_dags/example_kubernetes_executor.py
[2025-01-13T18:28:32.234-0500] {processor.py:208} INFO - Processing /usr/local/lib/python3.10/site-packages/airflow/example_dags/example_kubernetes_executor.py took 0.184 seconds
[2025-01-13T18:39:52.675-0500] {processor.py:186} INFO - Started process (PID=30306) to work on /usr/local/lib/python3.10/site-packages/airflow/example_dags/example_kubernetes_executor.py
[2025-01-13T18:39:52.677-0500] {processor.py:914} INFO - Processing file /usr/local/lib/python3.10/site-packages/airflow/example_dags/example_kubernetes_executor.py for tasks to queue
[2025-01-13T18:39:52.678-0500] {logging_mixin.py:190} INFO - [2025-01-13T18:39:52.678-0500] {dagbag.py:588} INFO - Filling up the DagBag from /usr/local/lib/python3.10/site-packages/airflow/example_dags/example_kubernetes_executor.py
[2025-01-13T18:39:52.712-0500] {logging_mixin.py:190} INFO - [2025-01-13T18:39:52.712-0500] {example_kubernetes_executor.py:39} WARNING - The example_kubernetes_executor example DAG requires the kubernetes provider. Please install it with: pip install apache-airflow[cncf.kubernetes]
[2025-01-13T18:39:52.713-0500] {processor.py:927} WARNING - No viable dags retrieved from /usr/local/lib/python3.10/site-packages/airflow/example_dags/example_kubernetes_executor.py
[2025-01-13T18:39:52.865-0500] {processor.py:208} INFO - Processing /usr/local/lib/python3.10/site-packages/airflow/example_dags/example_kubernetes_executor.py took 0.195 seconds
[2025-01-13T18:42:46.187-0500] {processor.py:186} INFO - Started process (PID=32292) to work on /usr/local/lib/python3.10/site-packages/airflow/example_dags/example_kubernetes_executor.py
[2025-01-13T18:42:46.189-0500] {processor.py:914} INFO - Processing file /usr/local/lib/python3.10/site-packages/airflow/example_dags/example_kubernetes_executor.py for tasks to queue
[2025-01-13T18:42:46.191-0500] {logging_mixin.py:190} INFO - [2025-01-13T18:42:46.190-0500] {dagbag.py:588} INFO - Filling up the DagBag from /usr/local/lib/python3.10/site-packages/airflow/example_dags/example_kubernetes_executor.py
[2025-01-13T18:42:46.226-0500] {logging_mixin.py:190} INFO - [2025-01-13T18:42:46.225-0500] {example_kubernetes_executor.py:39} WARNING - The example_kubernetes_executor example DAG requires the kubernetes provider. Please install it with: pip install apache-airflow[cncf.kubernetes]
[2025-01-13T18:42:46.226-0500] {processor.py:927} WARNING - No viable dags retrieved from /usr/local/lib/python3.10/site-packages/airflow/example_dags/example_kubernetes_executor.py
[2025-01-13T18:42:46.393-0500] {processor.py:208} INFO - Processing /usr/local/lib/python3.10/site-packages/airflow/example_dags/example_kubernetes_executor.py took 0.210 seconds
[2025-01-13T18:47:25.568-0500] {processor.py:186} INFO - Started process (PID=35591) to work on /usr/local/lib/python3.10/site-packages/airflow/example_dags/example_kubernetes_executor.py
[2025-01-13T18:47:25.570-0500] {processor.py:914} INFO - Processing file /usr/local/lib/python3.10/site-packages/airflow/example_dags/example_kubernetes_executor.py for tasks to queue
[2025-01-13T18:47:25.571-0500] {logging_mixin.py:190} INFO - [2025-01-13T18:47:25.571-0500] {dagbag.py:588} INFO - Filling up the DagBag from /usr/local/lib/python3.10/site-packages/airflow/example_dags/example_kubernetes_executor.py
[2025-01-13T18:47:25.606-0500] {logging_mixin.py:190} INFO - [2025-01-13T18:47:25.606-0500] {example_kubernetes_executor.py:39} WARNING - The example_kubernetes_executor example DAG requires the kubernetes provider. Please install it with: pip install apache-airflow[cncf.kubernetes]
[2025-01-13T18:47:25.607-0500] {processor.py:927} WARNING - No viable dags retrieved from /usr/local/lib/python3.10/site-packages/airflow/example_dags/example_kubernetes_executor.py
[2025-01-13T18:47:25.755-0500] {processor.py:208} INFO - Processing /usr/local/lib/python3.10/site-packages/airflow/example_dags/example_kubernetes_executor.py took 0.191 seconds
[2025-01-13T18:52:26.342-0500] {processor.py:186} INFO - Started process (PID=39083) to work on /usr/local/lib/python3.10/site-packages/airflow/example_dags/example_kubernetes_executor.py
[2025-01-13T18:52:26.344-0500] {processor.py:914} INFO - Processing file /usr/local/lib/python3.10/site-packages/airflow/example_dags/example_kubernetes_executor.py for tasks to queue
[2025-01-13T18:52:26.345-0500] {logging_mixin.py:190} INFO - [2025-01-13T18:52:26.345-0500] {dagbag.py:588} INFO - Filling up the DagBag from /usr/local/lib/python3.10/site-packages/airflow/example_dags/example_kubernetes_executor.py
[2025-01-13T18:52:26.379-0500] {logging_mixin.py:190} INFO - [2025-01-13T18:52:26.378-0500] {example_kubernetes_executor.py:39} WARNING - The example_kubernetes_executor example DAG requires the kubernetes provider. Please install it with: pip install apache-airflow[cncf.kubernetes]
[2025-01-13T18:52:26.379-0500] {processor.py:927} WARNING - No viable dags retrieved from /usr/local/lib/python3.10/site-packages/airflow/example_dags/example_kubernetes_executor.py
[2025-01-13T18:52:26.531-0500] {processor.py:208} INFO - Processing /usr/local/lib/python3.10/site-packages/airflow/example_dags/example_kubernetes_executor.py took 0.193 seconds
[2025-01-13T18:57:03.720-0500] {processor.py:186} INFO - Started process (PID=42302) to work on /usr/local/lib/python3.10/site-packages/airflow/example_dags/example_kubernetes_executor.py
[2025-01-13T18:57:03.722-0500] {processor.py:914} INFO - Processing file /usr/local/lib/python3.10/site-packages/airflow/example_dags/example_kubernetes_executor.py for tasks to queue
[2025-01-13T18:57:03.723-0500] {logging_mixin.py:190} INFO - [2025-01-13T18:57:03.723-0500] {dagbag.py:588} INFO - Filling up the DagBag from /usr/local/lib/python3.10/site-packages/airflow/example_dags/example_kubernetes_executor.py
[2025-01-13T18:57:03.759-0500] {logging_mixin.py:190} INFO - [2025-01-13T18:57:03.759-0500] {example_kubernetes_executor.py:39} WARNING - The example_kubernetes_executor example DAG requires the kubernetes provider. Please install it with: pip install apache-airflow[cncf.kubernetes]
[2025-01-13T18:57:03.759-0500] {processor.py:927} WARNING - No viable dags retrieved from /usr/local/lib/python3.10/site-packages/airflow/example_dags/example_kubernetes_executor.py
[2025-01-13T18:57:03.916-0500] {processor.py:208} INFO - Processing /usr/local/lib/python3.10/site-packages/airflow/example_dags/example_kubernetes_executor.py took 0.201 seconds
