[2025-01-13T16:51:58.901-0500] {processor.py:186} INFO - Started process (PID=56059) to work on /usr/local/lib/python3.10/site-packages/airflow/example_dags/example_time_delta_sensor_async.py
[2025-01-13T16:51:58.902-0500] {processor.py:914} INFO - Processing file /usr/local/lib/python3.10/site-packages/airflow/example_dags/example_time_delta_sensor_async.py for tasks to queue
[2025-01-13T16:51:58.903-0500] {logging_mixin.py:190} INFO - [2025-01-13T16:51:58.903-0500] {dagbag.py:588} INFO - Filling up the DagBag from /usr/local/lib/python3.10/site-packages/airflow/example_dags/example_time_delta_sensor_async.py
[2025-01-13T16:51:58.912-0500] {processor.py:925} INFO - DAG(s) 'example_time_delta_sensor_async' retrieved from /usr/local/lib/python3.10/site-packages/airflow/example_dags/example_time_delta_sensor_async.py
[2025-01-13T16:51:59.515-0500] {logging_mixin.py:190} INFO - [2025-01-13T16:51:59.515-0500] {override.py:1912} INFO - Created Permission View: can delete on DAG:example_time_delta_sensor_async
[2025-01-13T16:51:59.524-0500] {logging_mixin.py:190} INFO - [2025-01-13T16:51:59.524-0500] {override.py:1912} INFO - Created Permission View: can edit on DAG:example_time_delta_sensor_async
[2025-01-13T16:51:59.530-0500] {logging_mixin.py:190} INFO - [2025-01-13T16:51:59.529-0500] {override.py:1912} INFO - Created Permission View: can read on DAG:example_time_delta_sensor_async
[2025-01-13T16:51:59.537-0500] {logging_mixin.py:190} INFO - [2025-01-13T16:51:59.537-0500] {override.py:1912} INFO - Created Permission View: menu access on DAG Run:example_time_delta_sensor_async
[2025-01-13T16:51:59.542-0500] {logging_mixin.py:190} INFO - [2025-01-13T16:51:59.542-0500] {override.py:1912} INFO - Created Permission View: can delete on DAG Run:example_time_delta_sensor_async
[2025-01-13T16:51:59.548-0500] {logging_mixin.py:190} INFO - [2025-01-13T16:51:59.548-0500] {override.py:1912} INFO - Created Permission View: can read on DAG Run:example_time_delta_sensor_async
[2025-01-13T16:51:59.554-0500] {logging_mixin.py:190} INFO - [2025-01-13T16:51:59.553-0500] {override.py:1912} INFO - Created Permission View: can create on DAG Run:example_time_delta_sensor_async
[2025-01-13T16:51:59.554-0500] {logging_mixin.py:190} INFO - [2025-01-13T16:51:59.554-0500] {dag.py:3239} INFO - Sync 1 DAGs
[2025-01-13T16:51:59.565-0500] {logging_mixin.py:190} INFO - [2025-01-13T16:51:59.565-0500] {dag.py:3262} INFO - Creating ORM DAG for example_time_delta_sensor_async
[2025-01-13T16:51:59.566-0500] {logging_mixin.py:190} INFO - [2025-01-13T16:51:59.565-0500] {dag.py:4180} INFO - Setting next_dagrun for example_time_delta_sensor_async to None, run_after=None
[2025-01-13T16:51:59.580-0500] {processor.py:208} INFO - Processing /usr/local/lib/python3.10/site-packages/airflow/example_dags/example_time_delta_sensor_async.py took 0.683 seconds
[2025-01-13T16:54:58.046-0500] {processor.py:186} INFO - Started process (PID=58130) to work on /usr/local/lib/python3.10/site-packages/airflow/example_dags/example_time_delta_sensor_async.py
[2025-01-13T16:54:58.048-0500] {processor.py:914} INFO - Processing file /usr/local/lib/python3.10/site-packages/airflow/example_dags/example_time_delta_sensor_async.py for tasks to queue
[2025-01-13T16:54:58.049-0500] {logging_mixin.py:190} INFO - [2025-01-13T16:54:58.049-0500] {dagbag.py:588} INFO - Filling up the DagBag from /usr/local/lib/python3.10/site-packages/airflow/example_dags/example_time_delta_sensor_async.py
[2025-01-13T16:54:58.060-0500] {processor.py:925} INFO - DAG(s) 'example_time_delta_sensor_async' retrieved from /usr/local/lib/python3.10/site-packages/airflow/example_dags/example_time_delta_sensor_async.py
[2025-01-13T16:54:58.651-0500] {logging_mixin.py:190} INFO - [2025-01-13T16:54:58.651-0500] {dag.py:3239} INFO - Sync 1 DAGs
[2025-01-13T16:54:58.665-0500] {logging_mixin.py:190} INFO - [2025-01-13T16:54:58.664-0500] {dag.py:4180} INFO - Setting next_dagrun for example_time_delta_sensor_async to None, run_after=None
[2025-01-13T16:54:58.682-0500] {processor.py:208} INFO - Processing /usr/local/lib/python3.10/site-packages/airflow/example_dags/example_time_delta_sensor_async.py took 0.640 seconds
[2025-01-13T16:57:07.121-0500] {processor.py:186} INFO - Started process (PID=59535) to work on /usr/local/lib/python3.10/site-packages/airflow/example_dags/example_time_delta_sensor_async.py
[2025-01-13T16:57:07.122-0500] {processor.py:914} INFO - Processing file /usr/local/lib/python3.10/site-packages/airflow/example_dags/example_time_delta_sensor_async.py for tasks to queue
[2025-01-13T16:57:07.124-0500] {logging_mixin.py:190} INFO - [2025-01-13T16:57:07.123-0500] {dagbag.py:588} INFO - Filling up the DagBag from /usr/local/lib/python3.10/site-packages/airflow/example_dags/example_time_delta_sensor_async.py
[2025-01-13T16:57:07.135-0500] {processor.py:925} INFO - DAG(s) 'example_time_delta_sensor_async' retrieved from /usr/local/lib/python3.10/site-packages/airflow/example_dags/example_time_delta_sensor_async.py
[2025-01-13T16:57:07.724-0500] {logging_mixin.py:190} INFO - [2025-01-13T16:57:07.724-0500] {dag.py:3239} INFO - Sync 1 DAGs
[2025-01-13T16:57:07.734-0500] {logging_mixin.py:190} INFO - [2025-01-13T16:57:07.734-0500] {dag.py:4180} INFO - Setting next_dagrun for example_time_delta_sensor_async to None, run_after=None
[2025-01-13T16:57:07.749-0500] {processor.py:208} INFO - Processing /usr/local/lib/python3.10/site-packages/airflow/example_dags/example_time_delta_sensor_async.py took 0.632 seconds
[2025-01-13T16:59:45.192-0500] {processor.py:186} INFO - Started process (PID=61465) to work on /usr/local/lib/python3.10/site-packages/airflow/example_dags/example_time_delta_sensor_async.py
[2025-01-13T16:59:45.194-0500] {processor.py:914} INFO - Processing file /usr/local/lib/python3.10/site-packages/airflow/example_dags/example_time_delta_sensor_async.py for tasks to queue
[2025-01-13T16:59:45.195-0500] {logging_mixin.py:190} INFO - [2025-01-13T16:59:45.195-0500] {dagbag.py:588} INFO - Filling up the DagBag from /usr/local/lib/python3.10/site-packages/airflow/example_dags/example_time_delta_sensor_async.py
[2025-01-13T16:59:45.206-0500] {processor.py:925} INFO - DAG(s) 'example_time_delta_sensor_async' retrieved from /usr/local/lib/python3.10/site-packages/airflow/example_dags/example_time_delta_sensor_async.py
[2025-01-13T16:59:45.640-0500] {logging_mixin.py:190} INFO - [2025-01-13T16:59:45.640-0500] {dag.py:3239} INFO - Sync 1 DAGs
[2025-01-13T16:59:45.650-0500] {logging_mixin.py:190} INFO - [2025-01-13T16:59:45.650-0500] {dag.py:4180} INFO - Setting next_dagrun for example_time_delta_sensor_async to None, run_after=None
[2025-01-13T16:59:45.665-0500] {processor.py:208} INFO - Processing /usr/local/lib/python3.10/site-packages/airflow/example_dags/example_time_delta_sensor_async.py took 0.476 seconds
[2025-01-13T17:01:54.870-0500] {processor.py:186} INFO - Started process (PID=62874) to work on /usr/local/lib/python3.10/site-packages/airflow/example_dags/example_time_delta_sensor_async.py
[2025-01-13T17:01:54.871-0500] {processor.py:914} INFO - Processing file /usr/local/lib/python3.10/site-packages/airflow/example_dags/example_time_delta_sensor_async.py for tasks to queue
[2025-01-13T17:01:54.872-0500] {logging_mixin.py:190} INFO - [2025-01-13T17:01:54.872-0500] {dagbag.py:588} INFO - Filling up the DagBag from /usr/local/lib/python3.10/site-packages/airflow/example_dags/example_time_delta_sensor_async.py
[2025-01-13T17:01:54.883-0500] {processor.py:925} INFO - DAG(s) 'example_time_delta_sensor_async' retrieved from /usr/local/lib/python3.10/site-packages/airflow/example_dags/example_time_delta_sensor_async.py
[2025-01-13T17:01:55.339-0500] {logging_mixin.py:190} INFO - [2025-01-13T17:01:55.339-0500] {dag.py:3239} INFO - Sync 1 DAGs
[2025-01-13T17:01:55.350-0500] {logging_mixin.py:190} INFO - [2025-01-13T17:01:55.350-0500] {dag.py:4180} INFO - Setting next_dagrun for example_time_delta_sensor_async to None, run_after=None
[2025-01-13T17:01:55.366-0500] {processor.py:208} INFO - Processing /usr/local/lib/python3.10/site-packages/airflow/example_dags/example_time_delta_sensor_async.py took 0.500 seconds
[2025-01-13T17:04:04.093-0500] {processor.py:186} INFO - Started process (PID=64384) to work on /usr/local/lib/python3.10/site-packages/airflow/example_dags/example_time_delta_sensor_async.py
[2025-01-13T17:04:04.095-0500] {processor.py:914} INFO - Processing file /usr/local/lib/python3.10/site-packages/airflow/example_dags/example_time_delta_sensor_async.py for tasks to queue
[2025-01-13T17:04:04.097-0500] {logging_mixin.py:190} INFO - [2025-01-13T17:04:04.096-0500] {dagbag.py:588} INFO - Filling up the DagBag from /usr/local/lib/python3.10/site-packages/airflow/example_dags/example_time_delta_sensor_async.py
[2025-01-13T17:04:04.108-0500] {processor.py:925} INFO - DAG(s) 'example_time_delta_sensor_async' retrieved from /usr/local/lib/python3.10/site-packages/airflow/example_dags/example_time_delta_sensor_async.py
[2025-01-13T17:04:04.633-0500] {logging_mixin.py:190} INFO - [2025-01-13T17:04:04.632-0500] {dag.py:3239} INFO - Sync 1 DAGs
[2025-01-13T17:04:04.645-0500] {logging_mixin.py:190} INFO - [2025-01-13T17:04:04.644-0500] {dag.py:4180} INFO - Setting next_dagrun for example_time_delta_sensor_async to None, run_after=None
[2025-01-13T17:04:04.661-0500] {processor.py:208} INFO - Processing /usr/local/lib/python3.10/site-packages/airflow/example_dags/example_time_delta_sensor_async.py took 0.573 seconds
[2025-01-13T17:06:16.535-0500] {processor.py:186} INFO - Started process (PID=65893) to work on /usr/local/lib/python3.10/site-packages/airflow/example_dags/example_time_delta_sensor_async.py
[2025-01-13T17:06:16.537-0500] {processor.py:914} INFO - Processing file /usr/local/lib/python3.10/site-packages/airflow/example_dags/example_time_delta_sensor_async.py for tasks to queue
[2025-01-13T17:06:16.538-0500] {logging_mixin.py:190} INFO - [2025-01-13T17:06:16.538-0500] {dagbag.py:588} INFO - Filling up the DagBag from /usr/local/lib/python3.10/site-packages/airflow/example_dags/example_time_delta_sensor_async.py
[2025-01-13T17:06:16.548-0500] {processor.py:925} INFO - DAG(s) 'example_time_delta_sensor_async' retrieved from /usr/local/lib/python3.10/site-packages/airflow/example_dags/example_time_delta_sensor_async.py
[2025-01-13T17:06:17.074-0500] {logging_mixin.py:190} INFO - [2025-01-13T17:06:17.073-0500] {dag.py:3239} INFO - Sync 1 DAGs
[2025-01-13T17:06:17.085-0500] {logging_mixin.py:190} INFO - [2025-01-13T17:06:17.085-0500] {dag.py:4180} INFO - Setting next_dagrun for example_time_delta_sensor_async to None, run_after=None
[2025-01-13T17:06:17.100-0500] {processor.py:208} INFO - Processing /usr/local/lib/python3.10/site-packages/airflow/example_dags/example_time_delta_sensor_async.py took 0.569 seconds
[2025-01-13T17:08:25.988-0500] {processor.py:186} INFO - Started process (PID=67388) to work on /usr/local/lib/python3.10/site-packages/airflow/example_dags/example_time_delta_sensor_async.py
[2025-01-13T17:08:25.989-0500] {processor.py:914} INFO - Processing file /usr/local/lib/python3.10/site-packages/airflow/example_dags/example_time_delta_sensor_async.py for tasks to queue
[2025-01-13T17:08:25.990-0500] {logging_mixin.py:190} INFO - [2025-01-13T17:08:25.990-0500] {dagbag.py:588} INFO - Filling up the DagBag from /usr/local/lib/python3.10/site-packages/airflow/example_dags/example_time_delta_sensor_async.py
[2025-01-13T17:08:25.999-0500] {processor.py:925} INFO - DAG(s) 'example_time_delta_sensor_async' retrieved from /usr/local/lib/python3.10/site-packages/airflow/example_dags/example_time_delta_sensor_async.py
[2025-01-13T17:08:26.407-0500] {logging_mixin.py:190} INFO - [2025-01-13T17:08:26.407-0500] {dag.py:3239} INFO - Sync 1 DAGs
[2025-01-13T17:08:26.416-0500] {logging_mixin.py:190} INFO - [2025-01-13T17:08:26.416-0500] {dag.py:4180} INFO - Setting next_dagrun for example_time_delta_sensor_async to None, run_after=None
[2025-01-13T17:08:26.429-0500] {processor.py:208} INFO - Processing /usr/local/lib/python3.10/site-packages/airflow/example_dags/example_time_delta_sensor_async.py took 0.444 seconds
[2025-01-13T17:10:43.237-0500] {processor.py:186} INFO - Started process (PID=68940) to work on /usr/local/lib/python3.10/site-packages/airflow/example_dags/example_time_delta_sensor_async.py
[2025-01-13T17:10:43.239-0500] {processor.py:914} INFO - Processing file /usr/local/lib/python3.10/site-packages/airflow/example_dags/example_time_delta_sensor_async.py for tasks to queue
[2025-01-13T17:10:43.240-0500] {logging_mixin.py:190} INFO - [2025-01-13T17:10:43.240-0500] {dagbag.py:588} INFO - Filling up the DagBag from /usr/local/lib/python3.10/site-packages/airflow/example_dags/example_time_delta_sensor_async.py
[2025-01-13T17:10:43.251-0500] {processor.py:925} INFO - DAG(s) 'example_time_delta_sensor_async' retrieved from /usr/local/lib/python3.10/site-packages/airflow/example_dags/example_time_delta_sensor_async.py
[2025-01-13T17:10:43.689-0500] {logging_mixin.py:190} INFO - [2025-01-13T17:10:43.688-0500] {dag.py:3239} INFO - Sync 1 DAGs
[2025-01-13T17:10:43.698-0500] {logging_mixin.py:190} INFO - [2025-01-13T17:10:43.698-0500] {dag.py:4180} INFO - Setting next_dagrun for example_time_delta_sensor_async to None, run_after=None
[2025-01-13T17:10:43.713-0500] {processor.py:208} INFO - Processing /usr/local/lib/python3.10/site-packages/airflow/example_dags/example_time_delta_sensor_async.py took 0.480 seconds
[2025-01-13T17:13:04.679-0500] {processor.py:186} INFO - Started process (PID=70438) to work on /usr/local/lib/python3.10/site-packages/airflow/example_dags/example_time_delta_sensor_async.py
[2025-01-13T17:13:04.680-0500] {processor.py:914} INFO - Processing file /usr/local/lib/python3.10/site-packages/airflow/example_dags/example_time_delta_sensor_async.py for tasks to queue
[2025-01-13T17:13:04.681-0500] {logging_mixin.py:190} INFO - [2025-01-13T17:13:04.681-0500] {dagbag.py:588} INFO - Filling up the DagBag from /usr/local/lib/python3.10/site-packages/airflow/example_dags/example_time_delta_sensor_async.py
[2025-01-13T17:13:04.690-0500] {processor.py:925} INFO - DAG(s) 'example_time_delta_sensor_async' retrieved from /usr/local/lib/python3.10/site-packages/airflow/example_dags/example_time_delta_sensor_async.py
[2025-01-13T17:13:05.390-0500] {logging_mixin.py:190} INFO - [2025-01-13T17:13:05.390-0500] {dag.py:3239} INFO - Sync 1 DAGs
[2025-01-13T17:13:05.400-0500] {logging_mixin.py:190} INFO - [2025-01-13T17:13:05.400-0500] {dag.py:4180} INFO - Setting next_dagrun for example_time_delta_sensor_async to None, run_after=None
[2025-01-13T17:13:05.415-0500] {processor.py:208} INFO - Processing /usr/local/lib/python3.10/site-packages/airflow/example_dags/example_time_delta_sensor_async.py took 0.740 seconds
[2025-01-13T17:16:57.887-0500] {processor.py:186} INFO - Started process (PID=72724) to work on /usr/local/lib/python3.10/site-packages/airflow/example_dags/example_time_delta_sensor_async.py
[2025-01-13T17:16:57.888-0500] {processor.py:914} INFO - Processing file /usr/local/lib/python3.10/site-packages/airflow/example_dags/example_time_delta_sensor_async.py for tasks to queue
[2025-01-13T17:16:57.889-0500] {logging_mixin.py:190} INFO - [2025-01-13T17:16:57.889-0500] {dagbag.py:588} INFO - Filling up the DagBag from /usr/local/lib/python3.10/site-packages/airflow/example_dags/example_time_delta_sensor_async.py
[2025-01-13T17:16:57.900-0500] {processor.py:925} INFO - DAG(s) 'example_time_delta_sensor_async' retrieved from /usr/local/lib/python3.10/site-packages/airflow/example_dags/example_time_delta_sensor_async.py
[2025-01-13T17:16:58.539-0500] {logging_mixin.py:190} INFO - [2025-01-13T17:16:58.539-0500] {dag.py:3239} INFO - Sync 1 DAGs
[2025-01-13T17:16:58.550-0500] {logging_mixin.py:190} INFO - [2025-01-13T17:16:58.549-0500] {dag.py:4180} INFO - Setting next_dagrun for example_time_delta_sensor_async to None, run_after=None
[2025-01-13T17:16:58.564-0500] {processor.py:208} INFO - Processing /usr/local/lib/python3.10/site-packages/airflow/example_dags/example_time_delta_sensor_async.py took 0.682 seconds
[2025-01-13T17:19:27.075-0500] {processor.py:186} INFO - Started process (PID=74543) to work on /usr/local/lib/python3.10/site-packages/airflow/example_dags/example_time_delta_sensor_async.py
[2025-01-13T17:19:27.077-0500] {processor.py:914} INFO - Processing file /usr/local/lib/python3.10/site-packages/airflow/example_dags/example_time_delta_sensor_async.py for tasks to queue
[2025-01-13T17:19:27.079-0500] {logging_mixin.py:190} INFO - [2025-01-13T17:19:27.078-0500] {dagbag.py:588} INFO - Filling up the DagBag from /usr/local/lib/python3.10/site-packages/airflow/example_dags/example_time_delta_sensor_async.py
[2025-01-13T17:19:27.091-0500] {processor.py:925} INFO - DAG(s) 'example_time_delta_sensor_async' retrieved from /usr/local/lib/python3.10/site-packages/airflow/example_dags/example_time_delta_sensor_async.py
[2025-01-13T17:19:27.569-0500] {logging_mixin.py:190} INFO - [2025-01-13T17:19:27.569-0500] {dag.py:3239} INFO - Sync 1 DAGs
[2025-01-13T17:19:27.580-0500] {logging_mixin.py:190} INFO - [2025-01-13T17:19:27.580-0500] {dag.py:4180} INFO - Setting next_dagrun for example_time_delta_sensor_async to None, run_after=None
[2025-01-13T17:19:27.596-0500] {processor.py:208} INFO - Processing /usr/local/lib/python3.10/site-packages/airflow/example_dags/example_time_delta_sensor_async.py took 0.525 seconds
[2025-01-13T17:21:46.890-0500] {processor.py:186} INFO - Started process (PID=76158) to work on /usr/local/lib/python3.10/site-packages/airflow/example_dags/example_time_delta_sensor_async.py
[2025-01-13T17:21:46.892-0500] {processor.py:914} INFO - Processing file /usr/local/lib/python3.10/site-packages/airflow/example_dags/example_time_delta_sensor_async.py for tasks to queue
[2025-01-13T17:21:46.893-0500] {logging_mixin.py:190} INFO - [2025-01-13T17:21:46.893-0500] {dagbag.py:588} INFO - Filling up the DagBag from /usr/local/lib/python3.10/site-packages/airflow/example_dags/example_time_delta_sensor_async.py
[2025-01-13T17:21:46.903-0500] {processor.py:925} INFO - DAG(s) 'example_time_delta_sensor_async' retrieved from /usr/local/lib/python3.10/site-packages/airflow/example_dags/example_time_delta_sensor_async.py
[2025-01-13T17:21:47.363-0500] {logging_mixin.py:190} INFO - [2025-01-13T17:21:47.362-0500] {dag.py:3239} INFO - Sync 1 DAGs
[2025-01-13T17:21:47.375-0500] {logging_mixin.py:190} INFO - [2025-01-13T17:21:47.375-0500] {dag.py:4180} INFO - Setting next_dagrun for example_time_delta_sensor_async to None, run_after=None
[2025-01-13T17:21:47.392-0500] {processor.py:208} INFO - Processing /usr/local/lib/python3.10/site-packages/airflow/example_dags/example_time_delta_sensor_async.py took 0.506 seconds
[2025-01-13T17:24:00.514-0500] {processor.py:186} INFO - Started process (PID=77651) to work on /usr/local/lib/python3.10/site-packages/airflow/example_dags/example_time_delta_sensor_async.py
[2025-01-13T17:24:00.515-0500] {processor.py:914} INFO - Processing file /usr/local/lib/python3.10/site-packages/airflow/example_dags/example_time_delta_sensor_async.py for tasks to queue
[2025-01-13T17:24:00.516-0500] {logging_mixin.py:190} INFO - [2025-01-13T17:24:00.516-0500] {dagbag.py:588} INFO - Filling up the DagBag from /usr/local/lib/python3.10/site-packages/airflow/example_dags/example_time_delta_sensor_async.py
[2025-01-13T17:24:00.527-0500] {processor.py:925} INFO - DAG(s) 'example_time_delta_sensor_async' retrieved from /usr/local/lib/python3.10/site-packages/airflow/example_dags/example_time_delta_sensor_async.py
[2025-01-13T17:24:00.959-0500] {logging_mixin.py:190} INFO - [2025-01-13T17:24:00.959-0500] {dag.py:3239} INFO - Sync 1 DAGs
[2025-01-13T17:24:00.969-0500] {logging_mixin.py:190} INFO - [2025-01-13T17:24:00.969-0500] {dag.py:4180} INFO - Setting next_dagrun for example_time_delta_sensor_async to None, run_after=None
[2025-01-13T17:24:00.981-0500] {processor.py:208} INFO - Processing /usr/local/lib/python3.10/site-packages/airflow/example_dags/example_time_delta_sensor_async.py took 0.472 seconds
[2025-01-13T17:26:07.841-0500] {processor.py:186} INFO - Started process (PID=79037) to work on /usr/local/lib/python3.10/site-packages/airflow/example_dags/example_time_delta_sensor_async.py
[2025-01-13T17:26:07.843-0500] {processor.py:914} INFO - Processing file /usr/local/lib/python3.10/site-packages/airflow/example_dags/example_time_delta_sensor_async.py for tasks to queue
[2025-01-13T17:26:07.844-0500] {logging_mixin.py:190} INFO - [2025-01-13T17:26:07.843-0500] {dagbag.py:588} INFO - Filling up the DagBag from /usr/local/lib/python3.10/site-packages/airflow/example_dags/example_time_delta_sensor_async.py
[2025-01-13T17:26:07.852-0500] {processor.py:925} INFO - DAG(s) 'example_time_delta_sensor_async' retrieved from /usr/local/lib/python3.10/site-packages/airflow/example_dags/example_time_delta_sensor_async.py
[2025-01-13T17:26:08.288-0500] {logging_mixin.py:190} INFO - [2025-01-13T17:26:08.288-0500] {dag.py:3239} INFO - Sync 1 DAGs
[2025-01-13T17:26:08.298-0500] {logging_mixin.py:190} INFO - [2025-01-13T17:26:08.298-0500] {dag.py:4180} INFO - Setting next_dagrun for example_time_delta_sensor_async to None, run_after=None
[2025-01-13T17:26:08.313-0500] {processor.py:208} INFO - Processing /usr/local/lib/python3.10/site-packages/airflow/example_dags/example_time_delta_sensor_async.py took 0.476 seconds
[2025-01-13T17:28:14.120-0500] {processor.py:186} INFO - Started process (PID=80424) to work on /usr/local/lib/python3.10/site-packages/airflow/example_dags/example_time_delta_sensor_async.py
[2025-01-13T17:28:14.122-0500] {processor.py:914} INFO - Processing file /usr/local/lib/python3.10/site-packages/airflow/example_dags/example_time_delta_sensor_async.py for tasks to queue
[2025-01-13T17:28:14.123-0500] {logging_mixin.py:190} INFO - [2025-01-13T17:28:14.123-0500] {dagbag.py:588} INFO - Filling up the DagBag from /usr/local/lib/python3.10/site-packages/airflow/example_dags/example_time_delta_sensor_async.py
[2025-01-13T17:28:14.133-0500] {processor.py:925} INFO - DAG(s) 'example_time_delta_sensor_async' retrieved from /usr/local/lib/python3.10/site-packages/airflow/example_dags/example_time_delta_sensor_async.py
[2025-01-13T17:28:14.578-0500] {logging_mixin.py:190} INFO - [2025-01-13T17:28:14.578-0500] {dag.py:3239} INFO - Sync 1 DAGs
[2025-01-13T17:28:14.587-0500] {logging_mixin.py:190} INFO - [2025-01-13T17:28:14.587-0500] {dag.py:4180} INFO - Setting next_dagrun for example_time_delta_sensor_async to None, run_after=None
[2025-01-13T17:28:14.601-0500] {processor.py:208} INFO - Processing /usr/local/lib/python3.10/site-packages/airflow/example_dags/example_time_delta_sensor_async.py took 0.484 seconds
[2025-01-13T17:30:31.227-0500] {processor.py:186} INFO - Started process (PID=82016) to work on /usr/local/lib/python3.10/site-packages/airflow/example_dags/example_time_delta_sensor_async.py
[2025-01-13T17:30:31.228-0500] {processor.py:914} INFO - Processing file /usr/local/lib/python3.10/site-packages/airflow/example_dags/example_time_delta_sensor_async.py for tasks to queue
[2025-01-13T17:30:31.230-0500] {logging_mixin.py:190} INFO - [2025-01-13T17:30:31.229-0500] {dagbag.py:588} INFO - Filling up the DagBag from /usr/local/lib/python3.10/site-packages/airflow/example_dags/example_time_delta_sensor_async.py
[2025-01-13T17:30:31.241-0500] {processor.py:925} INFO - DAG(s) 'example_time_delta_sensor_async' retrieved from /usr/local/lib/python3.10/site-packages/airflow/example_dags/example_time_delta_sensor_async.py
[2025-01-13T17:30:31.935-0500] {logging_mixin.py:190} INFO - [2025-01-13T17:30:31.935-0500] {dag.py:3239} INFO - Sync 1 DAGs
[2025-01-13T17:30:31.947-0500] {logging_mixin.py:190} INFO - [2025-01-13T17:30:31.947-0500] {dag.py:4180} INFO - Setting next_dagrun for example_time_delta_sensor_async to None, run_after=None
[2025-01-13T17:30:31.965-0500] {processor.py:208} INFO - Processing /usr/local/lib/python3.10/site-packages/airflow/example_dags/example_time_delta_sensor_async.py took 0.744 seconds
[2025-01-13T17:32:41.650-0500] {processor.py:186} INFO - Started process (PID=83527) to work on /usr/local/lib/python3.10/site-packages/airflow/example_dags/example_time_delta_sensor_async.py
[2025-01-13T17:32:41.651-0500] {processor.py:914} INFO - Processing file /usr/local/lib/python3.10/site-packages/airflow/example_dags/example_time_delta_sensor_async.py for tasks to queue
[2025-01-13T17:32:41.653-0500] {logging_mixin.py:190} INFO - [2025-01-13T17:32:41.652-0500] {dagbag.py:588} INFO - Filling up the DagBag from /usr/local/lib/python3.10/site-packages/airflow/example_dags/example_time_delta_sensor_async.py
[2025-01-13T17:32:41.664-0500] {processor.py:925} INFO - DAG(s) 'example_time_delta_sensor_async' retrieved from /usr/local/lib/python3.10/site-packages/airflow/example_dags/example_time_delta_sensor_async.py
[2025-01-13T17:32:42.116-0500] {logging_mixin.py:190} INFO - [2025-01-13T17:32:42.116-0500] {dag.py:3239} INFO - Sync 1 DAGs
[2025-01-13T17:32:42.126-0500] {logging_mixin.py:190} INFO - [2025-01-13T17:32:42.126-0500] {dag.py:4180} INFO - Setting next_dagrun for example_time_delta_sensor_async to None, run_after=None
[2025-01-13T17:32:42.144-0500] {processor.py:208} INFO - Processing /usr/local/lib/python3.10/site-packages/airflow/example_dags/example_time_delta_sensor_async.py took 0.498 seconds
[2025-01-13T17:34:58.333-0500] {processor.py:186} INFO - Started process (PID=85094) to work on /usr/local/lib/python3.10/site-packages/airflow/example_dags/example_time_delta_sensor_async.py
[2025-01-13T17:34:58.334-0500] {processor.py:914} INFO - Processing file /usr/local/lib/python3.10/site-packages/airflow/example_dags/example_time_delta_sensor_async.py for tasks to queue
[2025-01-13T17:34:58.336-0500] {logging_mixin.py:190} INFO - [2025-01-13T17:34:58.335-0500] {dagbag.py:588} INFO - Filling up the DagBag from /usr/local/lib/python3.10/site-packages/airflow/example_dags/example_time_delta_sensor_async.py
[2025-01-13T17:34:58.346-0500] {processor.py:925} INFO - DAG(s) 'example_time_delta_sensor_async' retrieved from /usr/local/lib/python3.10/site-packages/airflow/example_dags/example_time_delta_sensor_async.py
[2025-01-13T17:34:58.897-0500] {logging_mixin.py:190} INFO - [2025-01-13T17:34:58.897-0500] {dag.py:3239} INFO - Sync 1 DAGs
[2025-01-13T17:34:58.909-0500] {logging_mixin.py:190} INFO - [2025-01-13T17:34:58.909-0500] {dag.py:4180} INFO - Setting next_dagrun for example_time_delta_sensor_async to None, run_after=None
[2025-01-13T17:34:58.927-0500] {processor.py:208} INFO - Processing /usr/local/lib/python3.10/site-packages/airflow/example_dags/example_time_delta_sensor_async.py took 0.598 seconds
[2025-01-13T17:37:22.019-0500] {processor.py:186} INFO - Started process (PID=86728) to work on /usr/local/lib/python3.10/site-packages/airflow/example_dags/example_time_delta_sensor_async.py
[2025-01-13T17:37:22.021-0500] {processor.py:914} INFO - Processing file /usr/local/lib/python3.10/site-packages/airflow/example_dags/example_time_delta_sensor_async.py for tasks to queue
[2025-01-13T17:37:22.022-0500] {logging_mixin.py:190} INFO - [2025-01-13T17:37:22.022-0500] {dagbag.py:588} INFO - Filling up the DagBag from /usr/local/lib/python3.10/site-packages/airflow/example_dags/example_time_delta_sensor_async.py
[2025-01-13T17:37:22.034-0500] {processor.py:925} INFO - DAG(s) 'example_time_delta_sensor_async' retrieved from /usr/local/lib/python3.10/site-packages/airflow/example_dags/example_time_delta_sensor_async.py
[2025-01-13T17:37:22.560-0500] {logging_mixin.py:190} INFO - [2025-01-13T17:37:22.560-0500] {dag.py:3239} INFO - Sync 1 DAGs
[2025-01-13T17:37:22.572-0500] {logging_mixin.py:190} INFO - [2025-01-13T17:37:22.572-0500] {dag.py:4180} INFO - Setting next_dagrun for example_time_delta_sensor_async to None, run_after=None
[2025-01-13T17:37:22.588-0500] {processor.py:208} INFO - Processing /usr/local/lib/python3.10/site-packages/airflow/example_dags/example_time_delta_sensor_async.py took 0.575 seconds
[2025-01-13T17:39:36.327-0500] {processor.py:186} INFO - Started process (PID=88237) to work on /usr/local/lib/python3.10/site-packages/airflow/example_dags/example_time_delta_sensor_async.py
[2025-01-13T17:39:36.329-0500] {processor.py:914} INFO - Processing file /usr/local/lib/python3.10/site-packages/airflow/example_dags/example_time_delta_sensor_async.py for tasks to queue
[2025-01-13T17:39:36.330-0500] {logging_mixin.py:190} INFO - [2025-01-13T17:39:36.329-0500] {dagbag.py:588} INFO - Filling up the DagBag from /usr/local/lib/python3.10/site-packages/airflow/example_dags/example_time_delta_sensor_async.py
[2025-01-13T17:39:36.340-0500] {processor.py:925} INFO - DAG(s) 'example_time_delta_sensor_async' retrieved from /usr/local/lib/python3.10/site-packages/airflow/example_dags/example_time_delta_sensor_async.py
[2025-01-13T17:39:36.762-0500] {logging_mixin.py:190} INFO - [2025-01-13T17:39:36.761-0500] {dag.py:3239} INFO - Sync 1 DAGs
[2025-01-13T17:39:36.771-0500] {logging_mixin.py:190} INFO - [2025-01-13T17:39:36.771-0500] {dag.py:4180} INFO - Setting next_dagrun for example_time_delta_sensor_async to None, run_after=None
[2025-01-13T17:39:36.786-0500] {processor.py:208} INFO - Processing /usr/local/lib/python3.10/site-packages/airflow/example_dags/example_time_delta_sensor_async.py took 0.463 seconds
[2025-01-13T17:41:50.983-0500] {processor.py:186} INFO - Started process (PID=89752) to work on /usr/local/lib/python3.10/site-packages/airflow/example_dags/example_time_delta_sensor_async.py
[2025-01-13T17:41:50.985-0500] {processor.py:914} INFO - Processing file /usr/local/lib/python3.10/site-packages/airflow/example_dags/example_time_delta_sensor_async.py for tasks to queue
[2025-01-13T17:41:50.986-0500] {logging_mixin.py:190} INFO - [2025-01-13T17:41:50.985-0500] {dagbag.py:588} INFO - Filling up the DagBag from /usr/local/lib/python3.10/site-packages/airflow/example_dags/example_time_delta_sensor_async.py
[2025-01-13T17:41:50.996-0500] {processor.py:925} INFO - DAG(s) 'example_time_delta_sensor_async' retrieved from /usr/local/lib/python3.10/site-packages/airflow/example_dags/example_time_delta_sensor_async.py
[2025-01-13T17:41:51.633-0500] {logging_mixin.py:190} INFO - [2025-01-13T17:41:51.632-0500] {dag.py:3239} INFO - Sync 1 DAGs
[2025-01-13T17:41:51.645-0500] {logging_mixin.py:190} INFO - [2025-01-13T17:41:51.645-0500] {dag.py:4180} INFO - Setting next_dagrun for example_time_delta_sensor_async to None, run_after=None
[2025-01-13T17:41:51.663-0500] {processor.py:208} INFO - Processing /usr/local/lib/python3.10/site-packages/airflow/example_dags/example_time_delta_sensor_async.py took 0.684 seconds
[2025-01-13T17:44:18.661-0500] {processor.py:186} INFO - Started process (PID=91381) to work on /usr/local/lib/python3.10/site-packages/airflow/example_dags/example_time_delta_sensor_async.py
[2025-01-13T17:44:18.663-0500] {processor.py:914} INFO - Processing file /usr/local/lib/python3.10/site-packages/airflow/example_dags/example_time_delta_sensor_async.py for tasks to queue
[2025-01-13T17:44:18.665-0500] {logging_mixin.py:190} INFO - [2025-01-13T17:44:18.664-0500] {dagbag.py:588} INFO - Filling up the DagBag from /usr/local/lib/python3.10/site-packages/airflow/example_dags/example_time_delta_sensor_async.py
[2025-01-13T17:44:18.673-0500] {processor.py:925} INFO - DAG(s) 'example_time_delta_sensor_async' retrieved from /usr/local/lib/python3.10/site-packages/airflow/example_dags/example_time_delta_sensor_async.py
[2025-01-13T17:44:19.152-0500] {logging_mixin.py:190} INFO - [2025-01-13T17:44:19.152-0500] {dag.py:3239} INFO - Sync 1 DAGs
[2025-01-13T17:44:19.163-0500] {logging_mixin.py:190} INFO - [2025-01-13T17:44:19.162-0500] {dag.py:4180} INFO - Setting next_dagrun for example_time_delta_sensor_async to None, run_after=None
[2025-01-13T17:44:19.178-0500] {processor.py:208} INFO - Processing /usr/local/lib/python3.10/site-packages/airflow/example_dags/example_time_delta_sensor_async.py took 0.520 seconds
[2025-01-13T17:46:22.383-0500] {processor.py:186} INFO - Started process (PID=92869) to work on /usr/local/lib/python3.10/site-packages/airflow/example_dags/example_time_delta_sensor_async.py
[2025-01-13T17:46:22.384-0500] {processor.py:914} INFO - Processing file /usr/local/lib/python3.10/site-packages/airflow/example_dags/example_time_delta_sensor_async.py for tasks to queue
[2025-01-13T17:46:22.385-0500] {logging_mixin.py:190} INFO - [2025-01-13T17:46:22.384-0500] {dagbag.py:588} INFO - Filling up the DagBag from /usr/local/lib/python3.10/site-packages/airflow/example_dags/example_time_delta_sensor_async.py
[2025-01-13T17:46:22.393-0500] {processor.py:925} INFO - DAG(s) 'example_time_delta_sensor_async' retrieved from /usr/local/lib/python3.10/site-packages/airflow/example_dags/example_time_delta_sensor_async.py
[2025-01-13T17:46:22.834-0500] {logging_mixin.py:190} INFO - [2025-01-13T17:46:22.834-0500] {dag.py:3239} INFO - Sync 1 DAGs
[2025-01-13T17:46:22.844-0500] {logging_mixin.py:190} INFO - [2025-01-13T17:46:22.844-0500] {dag.py:4180} INFO - Setting next_dagrun for example_time_delta_sensor_async to None, run_after=None
[2025-01-13T17:46:22.859-0500] {processor.py:208} INFO - Processing /usr/local/lib/python3.10/site-packages/airflow/example_dags/example_time_delta_sensor_async.py took 0.480 seconds
[2025-01-13T17:48:31.069-0500] {processor.py:186} INFO - Started process (PID=94248) to work on /usr/local/lib/python3.10/site-packages/airflow/example_dags/example_time_delta_sensor_async.py
[2025-01-13T17:48:31.070-0500] {processor.py:914} INFO - Processing file /usr/local/lib/python3.10/site-packages/airflow/example_dags/example_time_delta_sensor_async.py for tasks to queue
[2025-01-13T17:48:31.071-0500] {logging_mixin.py:190} INFO - [2025-01-13T17:48:31.071-0500] {dagbag.py:588} INFO - Filling up the DagBag from /usr/local/lib/python3.10/site-packages/airflow/example_dags/example_time_delta_sensor_async.py
[2025-01-13T17:48:31.080-0500] {processor.py:925} INFO - DAG(s) 'example_time_delta_sensor_async' retrieved from /usr/local/lib/python3.10/site-packages/airflow/example_dags/example_time_delta_sensor_async.py
[2025-01-13T17:48:31.547-0500] {logging_mixin.py:190} INFO - [2025-01-13T17:48:31.547-0500] {dag.py:3239} INFO - Sync 1 DAGs
[2025-01-13T17:48:31.557-0500] {logging_mixin.py:190} INFO - [2025-01-13T17:48:31.557-0500] {dag.py:4180} INFO - Setting next_dagrun for example_time_delta_sensor_async to None, run_after=None
[2025-01-13T17:48:31.572-0500] {processor.py:208} INFO - Processing /usr/local/lib/python3.10/site-packages/airflow/example_dags/example_time_delta_sensor_async.py took 0.507 seconds
[2025-01-13T17:50:42.278-0500] {processor.py:186} INFO - Started process (PID=95736) to work on /usr/local/lib/python3.10/site-packages/airflow/example_dags/example_time_delta_sensor_async.py
[2025-01-13T17:50:42.279-0500] {processor.py:914} INFO - Processing file /usr/local/lib/python3.10/site-packages/airflow/example_dags/example_time_delta_sensor_async.py for tasks to queue
[2025-01-13T17:50:42.281-0500] {logging_mixin.py:190} INFO - [2025-01-13T17:50:42.280-0500] {dagbag.py:588} INFO - Filling up the DagBag from /usr/local/lib/python3.10/site-packages/airflow/example_dags/example_time_delta_sensor_async.py
[2025-01-13T17:50:42.289-0500] {processor.py:925} INFO - DAG(s) 'example_time_delta_sensor_async' retrieved from /usr/local/lib/python3.10/site-packages/airflow/example_dags/example_time_delta_sensor_async.py
[2025-01-13T17:50:42.756-0500] {logging_mixin.py:190} INFO - [2025-01-13T17:50:42.755-0500] {dag.py:3239} INFO - Sync 1 DAGs
[2025-01-13T17:50:42.767-0500] {logging_mixin.py:190} INFO - [2025-01-13T17:50:42.766-0500] {dag.py:4180} INFO - Setting next_dagrun for example_time_delta_sensor_async to None, run_after=None
[2025-01-13T17:50:42.782-0500] {processor.py:208} INFO - Processing /usr/local/lib/python3.10/site-packages/airflow/example_dags/example_time_delta_sensor_async.py took 0.508 seconds
[2025-01-13T17:52:55.055-0500] {processor.py:186} INFO - Started process (PID=97225) to work on /usr/local/lib/python3.10/site-packages/airflow/example_dags/example_time_delta_sensor_async.py
[2025-01-13T17:52:55.057-0500] {processor.py:914} INFO - Processing file /usr/local/lib/python3.10/site-packages/airflow/example_dags/example_time_delta_sensor_async.py for tasks to queue
[2025-01-13T17:52:55.059-0500] {logging_mixin.py:190} INFO - [2025-01-13T17:52:55.059-0500] {dagbag.py:588} INFO - Filling up the DagBag from /usr/local/lib/python3.10/site-packages/airflow/example_dags/example_time_delta_sensor_async.py
[2025-01-13T17:52:55.070-0500] {processor.py:925} INFO - DAG(s) 'example_time_delta_sensor_async' retrieved from /usr/local/lib/python3.10/site-packages/airflow/example_dags/example_time_delta_sensor_async.py
[2025-01-13T17:52:55.561-0500] {logging_mixin.py:190} INFO - [2025-01-13T17:52:55.560-0500] {dag.py:3239} INFO - Sync 1 DAGs
[2025-01-13T17:52:55.571-0500] {logging_mixin.py:190} INFO - [2025-01-13T17:52:55.571-0500] {dag.py:4180} INFO - Setting next_dagrun for example_time_delta_sensor_async to None, run_after=None
[2025-01-13T17:52:55.586-0500] {processor.py:208} INFO - Processing /usr/local/lib/python3.10/site-packages/airflow/example_dags/example_time_delta_sensor_async.py took 0.536 seconds
[2025-01-13T17:55:06.240-0500] {processor.py:186} INFO - Started process (PID=98743) to work on /usr/local/lib/python3.10/site-packages/airflow/example_dags/example_time_delta_sensor_async.py
[2025-01-13T17:55:06.242-0500] {processor.py:914} INFO - Processing file /usr/local/lib/python3.10/site-packages/airflow/example_dags/example_time_delta_sensor_async.py for tasks to queue
[2025-01-13T17:55:06.243-0500] {logging_mixin.py:190} INFO - [2025-01-13T17:55:06.242-0500] {dagbag.py:588} INFO - Filling up the DagBag from /usr/local/lib/python3.10/site-packages/airflow/example_dags/example_time_delta_sensor_async.py
[2025-01-13T17:55:06.253-0500] {processor.py:925} INFO - DAG(s) 'example_time_delta_sensor_async' retrieved from /usr/local/lib/python3.10/site-packages/airflow/example_dags/example_time_delta_sensor_async.py
[2025-01-13T17:55:06.815-0500] {logging_mixin.py:190} INFO - [2025-01-13T17:55:06.814-0500] {dag.py:3239} INFO - Sync 1 DAGs
[2025-01-13T17:55:06.826-0500] {logging_mixin.py:190} INFO - [2025-01-13T17:55:06.826-0500] {dag.py:4180} INFO - Setting next_dagrun for example_time_delta_sensor_async to None, run_after=None
[2025-01-13T17:55:06.841-0500] {processor.py:208} INFO - Processing /usr/local/lib/python3.10/site-packages/airflow/example_dags/example_time_delta_sensor_async.py took 0.605 seconds
[2025-01-13T17:57:18.172-0500] {processor.py:186} INFO - Started process (PID=728) to work on /usr/local/lib/python3.10/site-packages/airflow/example_dags/example_time_delta_sensor_async.py
[2025-01-13T17:57:18.174-0500] {processor.py:914} INFO - Processing file /usr/local/lib/python3.10/site-packages/airflow/example_dags/example_time_delta_sensor_async.py for tasks to queue
[2025-01-13T17:57:18.175-0500] {logging_mixin.py:190} INFO - [2025-01-13T17:57:18.175-0500] {dagbag.py:588} INFO - Filling up the DagBag from /usr/local/lib/python3.10/site-packages/airflow/example_dags/example_time_delta_sensor_async.py
[2025-01-13T17:57:18.184-0500] {processor.py:925} INFO - DAG(s) 'example_time_delta_sensor_async' retrieved from /usr/local/lib/python3.10/site-packages/airflow/example_dags/example_time_delta_sensor_async.py
[2025-01-13T17:57:18.827-0500] {logging_mixin.py:190} INFO - [2025-01-13T17:57:18.826-0500] {dag.py:3239} INFO - Sync 1 DAGs
[2025-01-13T17:57:18.837-0500] {logging_mixin.py:190} INFO - [2025-01-13T17:57:18.837-0500] {dag.py:4180} INFO - Setting next_dagrun for example_time_delta_sensor_async to None, run_after=None
[2025-01-13T17:57:18.852-0500] {processor.py:208} INFO - Processing /usr/local/lib/python3.10/site-packages/airflow/example_dags/example_time_delta_sensor_async.py took 0.684 seconds
[2025-01-13T17:59:38.880-0500] {processor.py:186} INFO - Started process (PID=2458) to work on /usr/local/lib/python3.10/site-packages/airflow/example_dags/example_time_delta_sensor_async.py
[2025-01-13T17:59:38.882-0500] {processor.py:914} INFO - Processing file /usr/local/lib/python3.10/site-packages/airflow/example_dags/example_time_delta_sensor_async.py for tasks to queue
[2025-01-13T17:59:38.883-0500] {logging_mixin.py:190} INFO - [2025-01-13T17:59:38.883-0500] {dagbag.py:588} INFO - Filling up the DagBag from /usr/local/lib/python3.10/site-packages/airflow/example_dags/example_time_delta_sensor_async.py
[2025-01-13T17:59:38.893-0500] {processor.py:925} INFO - DAG(s) 'example_time_delta_sensor_async' retrieved from /usr/local/lib/python3.10/site-packages/airflow/example_dags/example_time_delta_sensor_async.py
[2025-01-13T17:59:39.358-0500] {logging_mixin.py:190} INFO - [2025-01-13T17:59:39.358-0500] {dag.py:3239} INFO - Sync 1 DAGs
[2025-01-13T17:59:39.369-0500] {logging_mixin.py:190} INFO - [2025-01-13T17:59:39.368-0500] {dag.py:4180} INFO - Setting next_dagrun for example_time_delta_sensor_async to None, run_after=None
[2025-01-13T17:59:39.384-0500] {processor.py:208} INFO - Processing /usr/local/lib/python3.10/site-packages/airflow/example_dags/example_time_delta_sensor_async.py took 0.507 seconds
[2025-01-13T18:02:08.204-0500] {processor.py:186} INFO - Started process (PID=4222) to work on /usr/local/lib/python3.10/site-packages/airflow/example_dags/example_time_delta_sensor_async.py
[2025-01-13T18:02:08.206-0500] {processor.py:914} INFO - Processing file /usr/local/lib/python3.10/site-packages/airflow/example_dags/example_time_delta_sensor_async.py for tasks to queue
[2025-01-13T18:02:08.207-0500] {logging_mixin.py:190} INFO - [2025-01-13T18:02:08.207-0500] {dagbag.py:588} INFO - Filling up the DagBag from /usr/local/lib/python3.10/site-packages/airflow/example_dags/example_time_delta_sensor_async.py
[2025-01-13T18:02:08.218-0500] {processor.py:925} INFO - DAG(s) 'example_time_delta_sensor_async' retrieved from /usr/local/lib/python3.10/site-packages/airflow/example_dags/example_time_delta_sensor_async.py
[2025-01-13T18:02:08.662-0500] {logging_mixin.py:190} INFO - [2025-01-13T18:02:08.661-0500] {dag.py:3239} INFO - Sync 1 DAGs
[2025-01-13T18:02:08.672-0500] {logging_mixin.py:190} INFO - [2025-01-13T18:02:08.672-0500] {dag.py:4180} INFO - Setting next_dagrun for example_time_delta_sensor_async to None, run_after=None
[2025-01-13T18:02:08.690-0500] {processor.py:208} INFO - Processing /usr/local/lib/python3.10/site-packages/airflow/example_dags/example_time_delta_sensor_async.py took 0.490 seconds
[2025-01-13T18:04:22.514-0500] {processor.py:186} INFO - Started process (PID=5769) to work on /usr/local/lib/python3.10/site-packages/airflow/example_dags/example_time_delta_sensor_async.py
[2025-01-13T18:04:22.516-0500] {processor.py:914} INFO - Processing file /usr/local/lib/python3.10/site-packages/airflow/example_dags/example_time_delta_sensor_async.py for tasks to queue
[2025-01-13T18:04:22.517-0500] {logging_mixin.py:190} INFO - [2025-01-13T18:04:22.517-0500] {dagbag.py:588} INFO - Filling up the DagBag from /usr/local/lib/python3.10/site-packages/airflow/example_dags/example_time_delta_sensor_async.py
[2025-01-13T18:04:22.528-0500] {processor.py:925} INFO - DAG(s) 'example_time_delta_sensor_async' retrieved from /usr/local/lib/python3.10/site-packages/airflow/example_dags/example_time_delta_sensor_async.py
[2025-01-13T18:04:23.001-0500] {logging_mixin.py:190} INFO - [2025-01-13T18:04:23.001-0500] {dag.py:3239} INFO - Sync 1 DAGs
[2025-01-13T18:04:23.012-0500] {logging_mixin.py:190} INFO - [2025-01-13T18:04:23.012-0500] {dag.py:4180} INFO - Setting next_dagrun for example_time_delta_sensor_async to None, run_after=None
[2025-01-13T18:04:23.027-0500] {processor.py:208} INFO - Processing /usr/local/lib/python3.10/site-packages/airflow/example_dags/example_time_delta_sensor_async.py took 0.516 seconds
[2025-01-13T18:06:40.241-0500] {processor.py:186} INFO - Started process (PID=7299) to work on /usr/local/lib/python3.10/site-packages/airflow/example_dags/example_time_delta_sensor_async.py
[2025-01-13T18:06:40.243-0500] {processor.py:914} INFO - Processing file /usr/local/lib/python3.10/site-packages/airflow/example_dags/example_time_delta_sensor_async.py for tasks to queue
[2025-01-13T18:06:40.244-0500] {logging_mixin.py:190} INFO - [2025-01-13T18:06:40.244-0500] {dagbag.py:588} INFO - Filling up the DagBag from /usr/local/lib/python3.10/site-packages/airflow/example_dags/example_time_delta_sensor_async.py
[2025-01-13T18:06:40.255-0500] {processor.py:925} INFO - DAG(s) 'example_time_delta_sensor_async' retrieved from /usr/local/lib/python3.10/site-packages/airflow/example_dags/example_time_delta_sensor_async.py
[2025-01-13T18:06:40.753-0500] {logging_mixin.py:190} INFO - [2025-01-13T18:06:40.752-0500] {dag.py:3239} INFO - Sync 1 DAGs
[2025-01-13T18:06:40.765-0500] {logging_mixin.py:190} INFO - [2025-01-13T18:06:40.765-0500] {dag.py:4180} INFO - Setting next_dagrun for example_time_delta_sensor_async to None, run_after=None
[2025-01-13T18:06:40.785-0500] {processor.py:208} INFO - Processing /usr/local/lib/python3.10/site-packages/airflow/example_dags/example_time_delta_sensor_async.py took 0.548 seconds
[2025-01-13T18:08:52.583-0500] {processor.py:186} INFO - Started process (PID=8826) to work on /usr/local/lib/python3.10/site-packages/airflow/example_dags/example_time_delta_sensor_async.py
[2025-01-13T18:08:52.584-0500] {processor.py:914} INFO - Processing file /usr/local/lib/python3.10/site-packages/airflow/example_dags/example_time_delta_sensor_async.py for tasks to queue
[2025-01-13T18:08:52.586-0500] {logging_mixin.py:190} INFO - [2025-01-13T18:08:52.585-0500] {dagbag.py:588} INFO - Filling up the DagBag from /usr/local/lib/python3.10/site-packages/airflow/example_dags/example_time_delta_sensor_async.py
[2025-01-13T18:08:52.595-0500] {processor.py:925} INFO - DAG(s) 'example_time_delta_sensor_async' retrieved from /usr/local/lib/python3.10/site-packages/airflow/example_dags/example_time_delta_sensor_async.py
[2025-01-13T18:08:53.059-0500] {logging_mixin.py:190} INFO - [2025-01-13T18:08:53.059-0500] {dag.py:3239} INFO - Sync 1 DAGs
[2025-01-13T18:08:53.071-0500] {logging_mixin.py:190} INFO - [2025-01-13T18:08:53.071-0500] {dag.py:4180} INFO - Setting next_dagrun for example_time_delta_sensor_async to None, run_after=None
[2025-01-13T18:08:53.087-0500] {processor.py:208} INFO - Processing /usr/local/lib/python3.10/site-packages/airflow/example_dags/example_time_delta_sensor_async.py took 0.509 seconds
[2025-01-13T18:11:06.968-0500] {processor.py:186} INFO - Started process (PID=10370) to work on /usr/local/lib/python3.10/site-packages/airflow/example_dags/example_time_delta_sensor_async.py
[2025-01-13T18:11:06.969-0500] {processor.py:914} INFO - Processing file /usr/local/lib/python3.10/site-packages/airflow/example_dags/example_time_delta_sensor_async.py for tasks to queue
[2025-01-13T18:11:06.971-0500] {logging_mixin.py:190} INFO - [2025-01-13T18:11:06.970-0500] {dagbag.py:588} INFO - Filling up the DagBag from /usr/local/lib/python3.10/site-packages/airflow/example_dags/example_time_delta_sensor_async.py
[2025-01-13T18:11:06.981-0500] {processor.py:925} INFO - DAG(s) 'example_time_delta_sensor_async' retrieved from /usr/local/lib/python3.10/site-packages/airflow/example_dags/example_time_delta_sensor_async.py
[2025-01-13T18:11:07.669-0500] {logging_mixin.py:190} INFO - [2025-01-13T18:11:07.669-0500] {dag.py:3239} INFO - Sync 1 DAGs
[2025-01-13T18:11:07.680-0500] {logging_mixin.py:190} INFO - [2025-01-13T18:11:07.680-0500] {dag.py:4180} INFO - Setting next_dagrun for example_time_delta_sensor_async to None, run_after=None
[2025-01-13T18:11:07.695-0500] {processor.py:208} INFO - Processing /usr/local/lib/python3.10/site-packages/airflow/example_dags/example_time_delta_sensor_async.py took 0.730 seconds
[2025-01-13T18:13:35.233-0500] {processor.py:186} INFO - Started process (PID=12167) to work on /usr/local/lib/python3.10/site-packages/airflow/example_dags/example_time_delta_sensor_async.py
[2025-01-13T18:13:35.235-0500] {processor.py:914} INFO - Processing file /usr/local/lib/python3.10/site-packages/airflow/example_dags/example_time_delta_sensor_async.py for tasks to queue
[2025-01-13T18:13:35.236-0500] {logging_mixin.py:190} INFO - [2025-01-13T18:13:35.236-0500] {dagbag.py:588} INFO - Filling up the DagBag from /usr/local/lib/python3.10/site-packages/airflow/example_dags/example_time_delta_sensor_async.py
[2025-01-13T18:13:35.244-0500] {processor.py:925} INFO - DAG(s) 'example_time_delta_sensor_async' retrieved from /usr/local/lib/python3.10/site-packages/airflow/example_dags/example_time_delta_sensor_async.py
[2025-01-13T18:13:35.776-0500] {logging_mixin.py:190} INFO - [2025-01-13T18:13:35.775-0500] {dag.py:3239} INFO - Sync 1 DAGs
[2025-01-13T18:13:35.786-0500] {logging_mixin.py:190} INFO - [2025-01-13T18:13:35.786-0500] {dag.py:4180} INFO - Setting next_dagrun for example_time_delta_sensor_async to None, run_after=None
[2025-01-13T18:13:35.801-0500] {processor.py:208} INFO - Processing /usr/local/lib/python3.10/site-packages/airflow/example_dags/example_time_delta_sensor_async.py took 0.572 seconds
[2025-01-13T18:15:59.818-0500] {processor.py:186} INFO - Started process (PID=13821) to work on /usr/local/lib/python3.10/site-packages/airflow/example_dags/example_time_delta_sensor_async.py
[2025-01-13T18:15:59.820-0500] {processor.py:914} INFO - Processing file /usr/local/lib/python3.10/site-packages/airflow/example_dags/example_time_delta_sensor_async.py for tasks to queue
[2025-01-13T18:15:59.821-0500] {logging_mixin.py:190} INFO - [2025-01-13T18:15:59.821-0500] {dagbag.py:588} INFO - Filling up the DagBag from /usr/local/lib/python3.10/site-packages/airflow/example_dags/example_time_delta_sensor_async.py
[2025-01-13T18:15:59.832-0500] {processor.py:925} INFO - DAG(s) 'example_time_delta_sensor_async' retrieved from /usr/local/lib/python3.10/site-packages/airflow/example_dags/example_time_delta_sensor_async.py
[2025-01-13T18:16:00.334-0500] {logging_mixin.py:190} INFO - [2025-01-13T18:16:00.334-0500] {dag.py:3239} INFO - Sync 1 DAGs
[2025-01-13T18:16:00.345-0500] {logging_mixin.py:190} INFO - [2025-01-13T18:16:00.345-0500] {dag.py:4180} INFO - Setting next_dagrun for example_time_delta_sensor_async to None, run_after=None
[2025-01-13T18:16:00.361-0500] {processor.py:208} INFO - Processing /usr/local/lib/python3.10/site-packages/airflow/example_dags/example_time_delta_sensor_async.py took 0.547 seconds
[2025-01-13T18:18:35.833-0500] {processor.py:186} INFO - Started process (PID=15657) to work on /usr/local/lib/python3.10/site-packages/airflow/example_dags/example_time_delta_sensor_async.py
[2025-01-13T18:18:35.835-0500] {processor.py:914} INFO - Processing file /usr/local/lib/python3.10/site-packages/airflow/example_dags/example_time_delta_sensor_async.py for tasks to queue
[2025-01-13T18:18:35.836-0500] {logging_mixin.py:190} INFO - [2025-01-13T18:18:35.836-0500] {dagbag.py:588} INFO - Filling up the DagBag from /usr/local/lib/python3.10/site-packages/airflow/example_dags/example_time_delta_sensor_async.py
[2025-01-13T18:18:35.847-0500] {processor.py:925} INFO - DAG(s) 'example_time_delta_sensor_async' retrieved from /usr/local/lib/python3.10/site-packages/airflow/example_dags/example_time_delta_sensor_async.py
[2025-01-13T18:18:36.446-0500] {logging_mixin.py:190} INFO - [2025-01-13T18:18:36.445-0500] {dag.py:3239} INFO - Sync 1 DAGs
[2025-01-13T18:18:36.456-0500] {logging_mixin.py:190} INFO - [2025-01-13T18:18:36.456-0500] {dag.py:4180} INFO - Setting next_dagrun for example_time_delta_sensor_async to None, run_after=None
[2025-01-13T18:18:36.472-0500] {processor.py:208} INFO - Processing /usr/local/lib/python3.10/site-packages/airflow/example_dags/example_time_delta_sensor_async.py took 0.643 seconds
[2025-01-13T18:20:54.595-0500] {processor.py:186} INFO - Started process (PID=17335) to work on /usr/local/lib/python3.10/site-packages/airflow/example_dags/example_time_delta_sensor_async.py
[2025-01-13T18:20:54.597-0500] {processor.py:914} INFO - Processing file /usr/local/lib/python3.10/site-packages/airflow/example_dags/example_time_delta_sensor_async.py for tasks to queue
[2025-01-13T18:20:54.598-0500] {logging_mixin.py:190} INFO - [2025-01-13T18:20:54.598-0500] {dagbag.py:588} INFO - Filling up the DagBag from /usr/local/lib/python3.10/site-packages/airflow/example_dags/example_time_delta_sensor_async.py
[2025-01-13T18:20:54.607-0500] {processor.py:925} INFO - DAG(s) 'example_time_delta_sensor_async' retrieved from /usr/local/lib/python3.10/site-packages/airflow/example_dags/example_time_delta_sensor_async.py
[2025-01-13T18:20:55.040-0500] {logging_mixin.py:190} INFO - [2025-01-13T18:20:55.040-0500] {dag.py:3239} INFO - Sync 1 DAGs
[2025-01-13T18:20:55.049-0500] {logging_mixin.py:190} INFO - [2025-01-13T18:20:55.049-0500] {dag.py:4180} INFO - Setting next_dagrun for example_time_delta_sensor_async to None, run_after=None
[2025-01-13T18:20:55.063-0500] {processor.py:208} INFO - Processing /usr/local/lib/python3.10/site-packages/airflow/example_dags/example_time_delta_sensor_async.py took 0.472 seconds
[2025-01-13T18:23:10.788-0500] {processor.py:186} INFO - Started process (PID=18868) to work on /usr/local/lib/python3.10/site-packages/airflow/example_dags/example_time_delta_sensor_async.py
[2025-01-13T18:23:10.790-0500] {processor.py:914} INFO - Processing file /usr/local/lib/python3.10/site-packages/airflow/example_dags/example_time_delta_sensor_async.py for tasks to queue
[2025-01-13T18:23:10.792-0500] {logging_mixin.py:190} INFO - [2025-01-13T18:23:10.791-0500] {dagbag.py:588} INFO - Filling up the DagBag from /usr/local/lib/python3.10/site-packages/airflow/example_dags/example_time_delta_sensor_async.py
[2025-01-13T18:23:10.804-0500] {processor.py:925} INFO - DAG(s) 'example_time_delta_sensor_async' retrieved from /usr/local/lib/python3.10/site-packages/airflow/example_dags/example_time_delta_sensor_async.py
[2025-01-13T18:23:11.447-0500] {logging_mixin.py:190} INFO - [2025-01-13T18:23:11.447-0500] {dag.py:3239} INFO - Sync 1 DAGs
[2025-01-13T18:23:11.459-0500] {logging_mixin.py:190} INFO - [2025-01-13T18:23:11.459-0500] {dag.py:4180} INFO - Setting next_dagrun for example_time_delta_sensor_async to None, run_after=None
[2025-01-13T18:23:11.476-0500] {processor.py:208} INFO - Processing /usr/local/lib/python3.10/site-packages/airflow/example_dags/example_time_delta_sensor_async.py took 0.692 seconds
[2025-01-13T18:25:32.078-0500] {processor.py:186} INFO - Started process (PID=20498) to work on /usr/local/lib/python3.10/site-packages/airflow/example_dags/example_time_delta_sensor_async.py
[2025-01-13T18:25:32.080-0500] {processor.py:914} INFO - Processing file /usr/local/lib/python3.10/site-packages/airflow/example_dags/example_time_delta_sensor_async.py for tasks to queue
[2025-01-13T18:25:32.082-0500] {logging_mixin.py:190} INFO - [2025-01-13T18:25:32.082-0500] {dagbag.py:588} INFO - Filling up the DagBag from /usr/local/lib/python3.10/site-packages/airflow/example_dags/example_time_delta_sensor_async.py
[2025-01-13T18:25:32.092-0500] {processor.py:925} INFO - DAG(s) 'example_time_delta_sensor_async' retrieved from /usr/local/lib/python3.10/site-packages/airflow/example_dags/example_time_delta_sensor_async.py
[2025-01-13T18:25:32.584-0500] {logging_mixin.py:190} INFO - [2025-01-13T18:25:32.584-0500] {dag.py:3239} INFO - Sync 1 DAGs
[2025-01-13T18:25:32.596-0500] {logging_mixin.py:190} INFO - [2025-01-13T18:25:32.595-0500] {dag.py:4180} INFO - Setting next_dagrun for example_time_delta_sensor_async to None, run_after=None
[2025-01-13T18:25:32.612-0500] {processor.py:208} INFO - Processing /usr/local/lib/python3.10/site-packages/airflow/example_dags/example_time_delta_sensor_async.py took 0.538 seconds
[2025-01-13T18:27:37.748-0500] {processor.py:186} INFO - Started process (PID=21907) to work on /usr/local/lib/python3.10/site-packages/airflow/example_dags/example_time_delta_sensor_async.py
[2025-01-13T18:27:37.749-0500] {processor.py:914} INFO - Processing file /usr/local/lib/python3.10/site-packages/airflow/example_dags/example_time_delta_sensor_async.py for tasks to queue
[2025-01-13T18:27:37.750-0500] {logging_mixin.py:190} INFO - [2025-01-13T18:27:37.750-0500] {dagbag.py:588} INFO - Filling up the DagBag from /usr/local/lib/python3.10/site-packages/airflow/example_dags/example_time_delta_sensor_async.py
[2025-01-13T18:27:37.759-0500] {processor.py:925} INFO - DAG(s) 'example_time_delta_sensor_async' retrieved from /usr/local/lib/python3.10/site-packages/airflow/example_dags/example_time_delta_sensor_async.py
[2025-01-13T18:27:38.202-0500] {logging_mixin.py:190} INFO - [2025-01-13T18:27:38.202-0500] {dag.py:3239} INFO - Sync 1 DAGs
[2025-01-13T18:27:38.212-0500] {logging_mixin.py:190} INFO - [2025-01-13T18:27:38.211-0500] {dag.py:4180} INFO - Setting next_dagrun for example_time_delta_sensor_async to None, run_after=None
[2025-01-13T18:27:38.226-0500] {processor.py:208} INFO - Processing /usr/local/lib/python3.10/site-packages/airflow/example_dags/example_time_delta_sensor_async.py took 0.483 seconds
[2025-01-13T18:30:04.070-0500] {processor.py:186} INFO - Started process (PID=23690) to work on /usr/local/lib/python3.10/site-packages/airflow/example_dags/example_time_delta_sensor_async.py
[2025-01-13T18:30:04.072-0500] {processor.py:914} INFO - Processing file /usr/local/lib/python3.10/site-packages/airflow/example_dags/example_time_delta_sensor_async.py for tasks to queue
[2025-01-13T18:30:04.075-0500] {logging_mixin.py:190} INFO - [2025-01-13T18:30:04.074-0500] {dagbag.py:588} INFO - Filling up the DagBag from /usr/local/lib/python3.10/site-packages/airflow/example_dags/example_time_delta_sensor_async.py
[2025-01-13T18:30:04.090-0500] {processor.py:925} INFO - DAG(s) 'example_time_delta_sensor_async' retrieved from /usr/local/lib/python3.10/site-packages/airflow/example_dags/example_time_delta_sensor_async.py
[2025-01-13T18:30:04.905-0500] {logging_mixin.py:190} INFO - [2025-01-13T18:30:04.905-0500] {dag.py:3239} INFO - Sync 1 DAGs
[2025-01-13T18:30:04.920-0500] {logging_mixin.py:190} INFO - [2025-01-13T18:30:04.919-0500] {dag.py:4180} INFO - Setting next_dagrun for example_time_delta_sensor_async to None, run_after=None
[2025-01-13T18:30:04.942-0500] {processor.py:208} INFO - Processing /usr/local/lib/python3.10/site-packages/airflow/example_dags/example_time_delta_sensor_async.py took 0.877 seconds
[2025-01-13T18:32:18.946-0500] {processor.py:186} INFO - Started process (PID=25216) to work on /usr/local/lib/python3.10/site-packages/airflow/example_dags/example_time_delta_sensor_async.py
[2025-01-13T18:32:18.948-0500] {processor.py:914} INFO - Processing file /usr/local/lib/python3.10/site-packages/airflow/example_dags/example_time_delta_sensor_async.py for tasks to queue
[2025-01-13T18:32:18.949-0500] {logging_mixin.py:190} INFO - [2025-01-13T18:32:18.949-0500] {dagbag.py:588} INFO - Filling up the DagBag from /usr/local/lib/python3.10/site-packages/airflow/example_dags/example_time_delta_sensor_async.py
[2025-01-13T18:32:18.959-0500] {processor.py:925} INFO - DAG(s) 'example_time_delta_sensor_async' retrieved from /usr/local/lib/python3.10/site-packages/airflow/example_dags/example_time_delta_sensor_async.py
[2025-01-13T18:32:19.477-0500] {logging_mixin.py:190} INFO - [2025-01-13T18:32:19.477-0500] {dag.py:3239} INFO - Sync 1 DAGs
[2025-01-13T18:32:19.490-0500] {logging_mixin.py:190} INFO - [2025-01-13T18:32:19.490-0500] {dag.py:4180} INFO - Setting next_dagrun for example_time_delta_sensor_async to None, run_after=None
[2025-01-13T18:32:19.509-0500] {processor.py:208} INFO - Processing /usr/local/lib/python3.10/site-packages/airflow/example_dags/example_time_delta_sensor_async.py took 0.566 seconds
[2025-01-13T18:38:45.682-0500] {processor.py:186} INFO - Started process (PID=29602) to work on /usr/local/lib/python3.10/site-packages/airflow/example_dags/example_time_delta_sensor_async.py
[2025-01-13T18:38:45.684-0500] {processor.py:914} INFO - Processing file /usr/local/lib/python3.10/site-packages/airflow/example_dags/example_time_delta_sensor_async.py for tasks to queue
[2025-01-13T18:38:45.685-0500] {logging_mixin.py:190} INFO - [2025-01-13T18:38:45.685-0500] {dagbag.py:588} INFO - Filling up the DagBag from /usr/local/lib/python3.10/site-packages/airflow/example_dags/example_time_delta_sensor_async.py
[2025-01-13T18:38:45.694-0500] {processor.py:925} INFO - DAG(s) 'example_time_delta_sensor_async' retrieved from /usr/local/lib/python3.10/site-packages/airflow/example_dags/example_time_delta_sensor_async.py
[2025-01-13T18:38:46.175-0500] {logging_mixin.py:190} INFO - [2025-01-13T18:38:46.175-0500] {dag.py:3239} INFO - Sync 1 DAGs
[2025-01-13T18:38:46.188-0500] {logging_mixin.py:190} INFO - [2025-01-13T18:38:46.188-0500] {dag.py:4180} INFO - Setting next_dagrun for example_time_delta_sensor_async to None, run_after=None
[2025-01-13T18:38:46.207-0500] {processor.py:208} INFO - Processing /usr/local/lib/python3.10/site-packages/airflow/example_dags/example_time_delta_sensor_async.py took 0.529 seconds
[2025-01-13T18:41:40.845-0500] {processor.py:186} INFO - Started process (PID=31591) to work on /usr/local/lib/python3.10/site-packages/airflow/example_dags/example_time_delta_sensor_async.py
[2025-01-13T18:41:40.847-0500] {processor.py:914} INFO - Processing file /usr/local/lib/python3.10/site-packages/airflow/example_dags/example_time_delta_sensor_async.py for tasks to queue
[2025-01-13T18:41:40.848-0500] {logging_mixin.py:190} INFO - [2025-01-13T18:41:40.848-0500] {dagbag.py:588} INFO - Filling up the DagBag from /usr/local/lib/python3.10/site-packages/airflow/example_dags/example_time_delta_sensor_async.py
[2025-01-13T18:41:40.860-0500] {processor.py:925} INFO - DAG(s) 'example_time_delta_sensor_async' retrieved from /usr/local/lib/python3.10/site-packages/airflow/example_dags/example_time_delta_sensor_async.py
[2025-01-13T18:41:41.411-0500] {logging_mixin.py:190} INFO - [2025-01-13T18:41:41.411-0500] {dag.py:3239} INFO - Sync 1 DAGs
[2025-01-13T18:41:41.423-0500] {logging_mixin.py:190} INFO - [2025-01-13T18:41:41.423-0500] {dag.py:4180} INFO - Setting next_dagrun for example_time_delta_sensor_async to None, run_after=None
[2025-01-13T18:41:41.440-0500] {processor.py:208} INFO - Processing /usr/local/lib/python3.10/site-packages/airflow/example_dags/example_time_delta_sensor_async.py took 0.600 seconds
[2025-01-13T18:43:58.416-0500] {processor.py:186} INFO - Started process (PID=33115) to work on /usr/local/lib/python3.10/site-packages/airflow/example_dags/example_time_delta_sensor_async.py
[2025-01-13T18:43:58.418-0500] {processor.py:914} INFO - Processing file /usr/local/lib/python3.10/site-packages/airflow/example_dags/example_time_delta_sensor_async.py for tasks to queue
[2025-01-13T18:43:58.419-0500] {logging_mixin.py:190} INFO - [2025-01-13T18:43:58.419-0500] {dagbag.py:588} INFO - Filling up the DagBag from /usr/local/lib/python3.10/site-packages/airflow/example_dags/example_time_delta_sensor_async.py
[2025-01-13T18:43:58.430-0500] {processor.py:925} INFO - DAG(s) 'example_time_delta_sensor_async' retrieved from /usr/local/lib/python3.10/site-packages/airflow/example_dags/example_time_delta_sensor_async.py
[2025-01-13T18:43:58.877-0500] {logging_mixin.py:190} INFO - [2025-01-13T18:43:58.876-0500] {dag.py:3239} INFO - Sync 1 DAGs
[2025-01-13T18:43:58.888-0500] {logging_mixin.py:190} INFO - [2025-01-13T18:43:58.888-0500] {dag.py:4180} INFO - Setting next_dagrun for example_time_delta_sensor_async to None, run_after=None
[2025-01-13T18:43:58.904-0500] {processor.py:208} INFO - Processing /usr/local/lib/python3.10/site-packages/airflow/example_dags/example_time_delta_sensor_async.py took 0.491 seconds
[2025-01-13T18:46:20.756-0500] {processor.py:186} INFO - Started process (PID=34760) to work on /usr/local/lib/python3.10/site-packages/airflow/example_dags/example_time_delta_sensor_async.py
[2025-01-13T18:46:20.758-0500] {processor.py:914} INFO - Processing file /usr/local/lib/python3.10/site-packages/airflow/example_dags/example_time_delta_sensor_async.py for tasks to queue
[2025-01-13T18:46:20.759-0500] {logging_mixin.py:190} INFO - [2025-01-13T18:46:20.759-0500] {dagbag.py:588} INFO - Filling up the DagBag from /usr/local/lib/python3.10/site-packages/airflow/example_dags/example_time_delta_sensor_async.py
[2025-01-13T18:46:20.770-0500] {processor.py:925} INFO - DAG(s) 'example_time_delta_sensor_async' retrieved from /usr/local/lib/python3.10/site-packages/airflow/example_dags/example_time_delta_sensor_async.py
[2025-01-13T18:46:21.341-0500] {logging_mixin.py:190} INFO - [2025-01-13T18:46:21.340-0500] {dag.py:3239} INFO - Sync 1 DAGs
[2025-01-13T18:46:21.353-0500] {logging_mixin.py:190} INFO - [2025-01-13T18:46:21.353-0500] {dag.py:4180} INFO - Setting next_dagrun for example_time_delta_sensor_async to None, run_after=None
[2025-01-13T18:46:21.371-0500] {processor.py:208} INFO - Processing /usr/local/lib/python3.10/site-packages/airflow/example_dags/example_time_delta_sensor_async.py took 0.620 seconds
[2025-01-13T18:48:42.010-0500] {processor.py:186} INFO - Started process (PID=36423) to work on /usr/local/lib/python3.10/site-packages/airflow/example_dags/example_time_delta_sensor_async.py
[2025-01-13T18:48:42.011-0500] {processor.py:914} INFO - Processing file /usr/local/lib/python3.10/site-packages/airflow/example_dags/example_time_delta_sensor_async.py for tasks to queue
[2025-01-13T18:48:42.013-0500] {logging_mixin.py:190} INFO - [2025-01-13T18:48:42.012-0500] {dagbag.py:588} INFO - Filling up the DagBag from /usr/local/lib/python3.10/site-packages/airflow/example_dags/example_time_delta_sensor_async.py
[2025-01-13T18:48:42.025-0500] {processor.py:925} INFO - DAG(s) 'example_time_delta_sensor_async' retrieved from /usr/local/lib/python3.10/site-packages/airflow/example_dags/example_time_delta_sensor_async.py
[2025-01-13T18:48:42.689-0500] {logging_mixin.py:190} INFO - [2025-01-13T18:48:42.688-0500] {dag.py:3239} INFO - Sync 1 DAGs
[2025-01-13T18:48:42.705-0500] {logging_mixin.py:190} INFO - [2025-01-13T18:48:42.704-0500] {dag.py:4180} INFO - Setting next_dagrun for example_time_delta_sensor_async to None, run_after=None
[2025-01-13T18:48:42.727-0500] {processor.py:208} INFO - Processing /usr/local/lib/python3.10/site-packages/airflow/example_dags/example_time_delta_sensor_async.py took 0.723 seconds
[2025-01-13T18:51:20.088-0500] {processor.py:186} INFO - Started process (PID=38263) to work on /usr/local/lib/python3.10/site-packages/airflow/example_dags/example_time_delta_sensor_async.py
[2025-01-13T18:51:20.090-0500] {processor.py:914} INFO - Processing file /usr/local/lib/python3.10/site-packages/airflow/example_dags/example_time_delta_sensor_async.py for tasks to queue
[2025-01-13T18:51:20.092-0500] {logging_mixin.py:190} INFO - [2025-01-13T18:51:20.091-0500] {dagbag.py:588} INFO - Filling up the DagBag from /usr/local/lib/python3.10/site-packages/airflow/example_dags/example_time_delta_sensor_async.py
[2025-01-13T18:51:20.104-0500] {processor.py:925} INFO - DAG(s) 'example_time_delta_sensor_async' retrieved from /usr/local/lib/python3.10/site-packages/airflow/example_dags/example_time_delta_sensor_async.py
[2025-01-13T18:51:20.684-0500] {logging_mixin.py:190} INFO - [2025-01-13T18:51:20.683-0500] {dag.py:3239} INFO - Sync 1 DAGs
[2025-01-13T18:51:20.698-0500] {logging_mixin.py:190} INFO - [2025-01-13T18:51:20.698-0500] {dag.py:4180} INFO - Setting next_dagrun for example_time_delta_sensor_async to None, run_after=None
[2025-01-13T18:51:20.738-0500] {processor.py:208} INFO - Processing /usr/local/lib/python3.10/site-packages/airflow/example_dags/example_time_delta_sensor_async.py took 0.654 seconds
[2025-01-13T18:53:41.980-0500] {processor.py:186} INFO - Started process (PID=39920) to work on /usr/local/lib/python3.10/site-packages/airflow/example_dags/example_time_delta_sensor_async.py
[2025-01-13T18:53:41.983-0500] {processor.py:914} INFO - Processing file /usr/local/lib/python3.10/site-packages/airflow/example_dags/example_time_delta_sensor_async.py for tasks to queue
[2025-01-13T18:53:41.985-0500] {logging_mixin.py:190} INFO - [2025-01-13T18:53:41.984-0500] {dagbag.py:588} INFO - Filling up the DagBag from /usr/local/lib/python3.10/site-packages/airflow/example_dags/example_time_delta_sensor_async.py
[2025-01-13T18:53:41.998-0500] {processor.py:925} INFO - DAG(s) 'example_time_delta_sensor_async' retrieved from /usr/local/lib/python3.10/site-packages/airflow/example_dags/example_time_delta_sensor_async.py
[2025-01-13T18:53:42.638-0500] {logging_mixin.py:190} INFO - [2025-01-13T18:53:42.637-0500] {dag.py:3239} INFO - Sync 1 DAGs
[2025-01-13T18:53:42.649-0500] {logging_mixin.py:190} INFO - [2025-01-13T18:53:42.649-0500] {dag.py:4180} INFO - Setting next_dagrun for example_time_delta_sensor_async to None, run_after=None
[2025-01-13T18:53:42.665-0500] {processor.py:208} INFO - Processing /usr/local/lib/python3.10/site-packages/airflow/example_dags/example_time_delta_sensor_async.py took 0.691 seconds
[2025-01-13T18:56:01.250-0500] {processor.py:186} INFO - Started process (PID=41465) to work on /usr/local/lib/python3.10/site-packages/airflow/example_dags/example_time_delta_sensor_async.py
[2025-01-13T18:56:01.252-0500] {processor.py:914} INFO - Processing file /usr/local/lib/python3.10/site-packages/airflow/example_dags/example_time_delta_sensor_async.py for tasks to queue
[2025-01-13T18:56:01.253-0500] {logging_mixin.py:190} INFO - [2025-01-13T18:56:01.253-0500] {dagbag.py:588} INFO - Filling up the DagBag from /usr/local/lib/python3.10/site-packages/airflow/example_dags/example_time_delta_sensor_async.py
[2025-01-13T18:56:01.264-0500] {processor.py:925} INFO - DAG(s) 'example_time_delta_sensor_async' retrieved from /usr/local/lib/python3.10/site-packages/airflow/example_dags/example_time_delta_sensor_async.py
[2025-01-13T18:56:01.734-0500] {logging_mixin.py:190} INFO - [2025-01-13T18:56:01.733-0500] {dag.py:3239} INFO - Sync 1 DAGs
[2025-01-13T18:56:01.744-0500] {logging_mixin.py:190} INFO - [2025-01-13T18:56:01.744-0500] {dag.py:4180} INFO - Setting next_dagrun for example_time_delta_sensor_async to None, run_after=None
[2025-01-13T18:56:01.759-0500] {processor.py:208} INFO - Processing /usr/local/lib/python3.10/site-packages/airflow/example_dags/example_time_delta_sensor_async.py took 0.513 seconds
[2025-01-13T18:58:18.413-0500] {processor.py:186} INFO - Started process (PID=43167) to work on /usr/local/lib/python3.10/site-packages/airflow/example_dags/example_time_delta_sensor_async.py
[2025-01-13T18:58:18.415-0500] {processor.py:914} INFO - Processing file /usr/local/lib/python3.10/site-packages/airflow/example_dags/example_time_delta_sensor_async.py for tasks to queue
[2025-01-13T18:58:18.416-0500] {logging_mixin.py:190} INFO - [2025-01-13T18:58:18.416-0500] {dagbag.py:588} INFO - Filling up the DagBag from /usr/local/lib/python3.10/site-packages/airflow/example_dags/example_time_delta_sensor_async.py
[2025-01-13T18:58:18.426-0500] {processor.py:925} INFO - DAG(s) 'example_time_delta_sensor_async' retrieved from /usr/local/lib/python3.10/site-packages/airflow/example_dags/example_time_delta_sensor_async.py
[2025-01-13T18:58:18.887-0500] {logging_mixin.py:190} INFO - [2025-01-13T18:58:18.887-0500] {dag.py:3239} INFO - Sync 1 DAGs
[2025-01-13T18:58:18.897-0500] {logging_mixin.py:190} INFO - [2025-01-13T18:58:18.897-0500] {dag.py:4180} INFO - Setting next_dagrun for example_time_delta_sensor_async to None, run_after=None
[2025-01-13T18:58:18.913-0500] {processor.py:208} INFO - Processing /usr/local/lib/python3.10/site-packages/airflow/example_dags/example_time_delta_sensor_async.py took 0.503 seconds
