[2025-01-13T16:53:49.133-0500] {processor.py:186} INFO - Started process (PID=57335) to work on /usr/local/lib/python3.10/site-packages/airflow/example_dags/example_branch_operator_decorator.py
[2025-01-13T16:53:49.134-0500] {processor.py:914} INFO - Processing file /usr/local/lib/python3.10/site-packages/airflow/example_dags/example_branch_operator_decorator.py for tasks to queue
[2025-01-13T16:53:49.135-0500] {logging_mixin.py:190} INFO - [2025-01-13T16:53:49.135-0500] {dagbag.py:588} INFO - Filling up the DagBag from /usr/local/lib/python3.10/site-packages/airflow/example_dags/example_branch_operator_decorator.py
[2025-01-13T16:53:49.186-0500] {processor.py:925} INFO - DAG(s) 'example_branch_python_operator_decorator' retrieved from /usr/local/lib/python3.10/site-packages/airflow/example_dags/example_branch_operator_decorator.py
[2025-01-13T16:53:49.439-0500] {logging_mixin.py:190} INFO - [2025-01-13T16:53:49.438-0500] {override.py:1912} INFO - Created Permission View: can delete on DAG:example_branch_python_operator_decorator
[2025-01-13T16:53:49.446-0500] {logging_mixin.py:190} INFO - [2025-01-13T16:53:49.446-0500] {override.py:1912} INFO - Created Permission View: can read on DAG:example_branch_python_operator_decorator
[2025-01-13T16:53:49.452-0500] {logging_mixin.py:190} INFO - [2025-01-13T16:53:49.451-0500] {override.py:1912} INFO - Created Permission View: can edit on DAG:example_branch_python_operator_decorator
[2025-01-13T16:53:49.459-0500] {logging_mixin.py:190} INFO - [2025-01-13T16:53:49.458-0500] {override.py:1912} INFO - Created Permission View: can delete on DAG Run:example_branch_python_operator_decorator
[2025-01-13T16:53:49.464-0500] {logging_mixin.py:190} INFO - [2025-01-13T16:53:49.464-0500] {override.py:1912} INFO - Created Permission View: can read on DAG Run:example_branch_python_operator_decorator
[2025-01-13T16:53:49.469-0500] {logging_mixin.py:190} INFO - [2025-01-13T16:53:49.469-0500] {override.py:1912} INFO - Created Permission View: can create on DAG Run:example_branch_python_operator_decorator
[2025-01-13T16:53:49.475-0500] {logging_mixin.py:190} INFO - [2025-01-13T16:53:49.475-0500] {override.py:1912} INFO - Created Permission View: menu access on DAG Run:example_branch_python_operator_decorator
[2025-01-13T16:53:49.476-0500] {logging_mixin.py:190} INFO - [2025-01-13T16:53:49.475-0500] {dag.py:3239} INFO - Sync 1 DAGs
[2025-01-13T16:53:49.487-0500] {logging_mixin.py:190} INFO - [2025-01-13T16:53:49.487-0500] {dag.py:3262} INFO - Creating ORM DAG for example_branch_python_operator_decorator
[2025-01-13T16:53:49.496-0500] {logging_mixin.py:190} INFO - [2025-01-13T16:53:49.496-0500] {dag.py:4180} INFO - Setting next_dagrun for example_branch_python_operator_decorator to 2025-01-12 00:00:00+00:00, run_after=2025-01-13 00:00:00+00:00
[2025-01-13T16:53:49.511-0500] {processor.py:208} INFO - Processing /usr/local/lib/python3.10/site-packages/airflow/example_dags/example_branch_operator_decorator.py took 0.382 seconds
[2025-01-13T16:58:38.480-0500] {processor.py:186} INFO - Started process (PID=60657) to work on /usr/local/lib/python3.10/site-packages/airflow/example_dags/example_branch_operator_decorator.py
[2025-01-13T16:58:38.481-0500] {processor.py:914} INFO - Processing file /usr/local/lib/python3.10/site-packages/airflow/example_dags/example_branch_operator_decorator.py for tasks to queue
[2025-01-13T16:58:38.482-0500] {logging_mixin.py:190} INFO - [2025-01-13T16:58:38.482-0500] {dagbag.py:588} INFO - Filling up the DagBag from /usr/local/lib/python3.10/site-packages/airflow/example_dags/example_branch_operator_decorator.py
[2025-01-13T16:58:38.530-0500] {processor.py:925} INFO - DAG(s) 'example_branch_python_operator_decorator' retrieved from /usr/local/lib/python3.10/site-packages/airflow/example_dags/example_branch_operator_decorator.py
[2025-01-13T16:58:38.807-0500] {logging_mixin.py:190} INFO - [2025-01-13T16:58:38.807-0500] {dag.py:3239} INFO - Sync 1 DAGs
[2025-01-13T16:58:38.821-0500] {logging_mixin.py:190} INFO - [2025-01-13T16:58:38.821-0500] {dag.py:4180} INFO - Setting next_dagrun for example_branch_python_operator_decorator to 2025-01-12 00:00:00+00:00, run_after=2025-01-13 00:00:00+00:00
[2025-01-13T16:58:38.834-0500] {processor.py:208} INFO - Processing /usr/local/lib/python3.10/site-packages/airflow/example_dags/example_branch_operator_decorator.py took 0.358 seconds
[2025-01-13T17:02:56.672-0500] {processor.py:186} INFO - Started process (PID=63569) to work on /usr/local/lib/python3.10/site-packages/airflow/example_dags/example_branch_operator_decorator.py
[2025-01-13T17:02:56.674-0500] {processor.py:914} INFO - Processing file /usr/local/lib/python3.10/site-packages/airflow/example_dags/example_branch_operator_decorator.py for tasks to queue
[2025-01-13T17:02:56.675-0500] {logging_mixin.py:190} INFO - [2025-01-13T17:02:56.675-0500] {dagbag.py:588} INFO - Filling up the DagBag from /usr/local/lib/python3.10/site-packages/airflow/example_dags/example_branch_operator_decorator.py
[2025-01-13T17:02:56.720-0500] {processor.py:925} INFO - DAG(s) 'example_branch_python_operator_decorator' retrieved from /usr/local/lib/python3.10/site-packages/airflow/example_dags/example_branch_operator_decorator.py
[2025-01-13T17:02:56.969-0500] {logging_mixin.py:190} INFO - [2025-01-13T17:02:56.969-0500] {dag.py:3239} INFO - Sync 1 DAGs
[2025-01-13T17:02:56.983-0500] {logging_mixin.py:190} INFO - [2025-01-13T17:02:56.983-0500] {dag.py:4180} INFO - Setting next_dagrun for example_branch_python_operator_decorator to 2025-01-12 00:00:00+00:00, run_after=2025-01-13 00:00:00+00:00
[2025-01-13T17:02:56.999-0500] {processor.py:208} INFO - Processing /usr/local/lib/python3.10/site-packages/airflow/example_dags/example_branch_operator_decorator.py took 0.331 seconds
[2025-01-13T17:07:19.756-0500] {processor.py:186} INFO - Started process (PID=66586) to work on /usr/local/lib/python3.10/site-packages/airflow/example_dags/example_branch_operator_decorator.py
[2025-01-13T17:07:19.759-0500] {processor.py:914} INFO - Processing file /usr/local/lib/python3.10/site-packages/airflow/example_dags/example_branch_operator_decorator.py for tasks to queue
[2025-01-13T17:07:19.760-0500] {logging_mixin.py:190} INFO - [2025-01-13T17:07:19.760-0500] {dagbag.py:588} INFO - Filling up the DagBag from /usr/local/lib/python3.10/site-packages/airflow/example_dags/example_branch_operator_decorator.py
[2025-01-13T17:07:19.809-0500] {processor.py:925} INFO - DAG(s) 'example_branch_python_operator_decorator' retrieved from /usr/local/lib/python3.10/site-packages/airflow/example_dags/example_branch_operator_decorator.py
[2025-01-13T17:07:20.042-0500] {logging_mixin.py:190} INFO - [2025-01-13T17:07:20.042-0500] {dag.py:3239} INFO - Sync 1 DAGs
[2025-01-13T17:07:20.056-0500] {logging_mixin.py:190} INFO - [2025-01-13T17:07:20.056-0500] {dag.py:4180} INFO - Setting next_dagrun for example_branch_python_operator_decorator to 2025-01-12 00:00:00+00:00, run_after=2025-01-13 00:00:00+00:00
[2025-01-13T17:07:20.070-0500] {processor.py:208} INFO - Processing /usr/local/lib/python3.10/site-packages/airflow/example_dags/example_branch_operator_decorator.py took 0.317 seconds
[2025-01-13T17:11:48.215-0500] {processor.py:186} INFO - Started process (PID=69637) to work on /usr/local/lib/python3.10/site-packages/airflow/example_dags/example_branch_operator_decorator.py
[2025-01-13T17:11:48.217-0500] {processor.py:914} INFO - Processing file /usr/local/lib/python3.10/site-packages/airflow/example_dags/example_branch_operator_decorator.py for tasks to queue
[2025-01-13T17:11:48.217-0500] {logging_mixin.py:190} INFO - [2025-01-13T17:11:48.217-0500] {dagbag.py:588} INFO - Filling up the DagBag from /usr/local/lib/python3.10/site-packages/airflow/example_dags/example_branch_operator_decorator.py
[2025-01-13T17:11:48.258-0500] {processor.py:925} INFO - DAG(s) 'example_branch_python_operator_decorator' retrieved from /usr/local/lib/python3.10/site-packages/airflow/example_dags/example_branch_operator_decorator.py
[2025-01-13T17:11:48.469-0500] {logging_mixin.py:190} INFO - [2025-01-13T17:11:48.469-0500] {dag.py:3239} INFO - Sync 1 DAGs
[2025-01-13T17:11:48.483-0500] {logging_mixin.py:190} INFO - [2025-01-13T17:11:48.483-0500] {dag.py:4180} INFO - Setting next_dagrun for example_branch_python_operator_decorator to 2025-01-12 00:00:00+00:00, run_after=2025-01-13 00:00:00+00:00
[2025-01-13T17:11:48.497-0500] {processor.py:208} INFO - Processing /usr/local/lib/python3.10/site-packages/airflow/example_dags/example_branch_operator_decorator.py took 0.286 seconds
[2025-01-13T17:18:11.655-0500] {processor.py:186} INFO - Started process (PID=73697) to work on /usr/local/lib/python3.10/site-packages/airflow/example_dags/example_branch_operator_decorator.py
[2025-01-13T17:18:11.659-0500] {processor.py:914} INFO - Processing file /usr/local/lib/python3.10/site-packages/airflow/example_dags/example_branch_operator_decorator.py for tasks to queue
[2025-01-13T17:18:11.670-0500] {logging_mixin.py:190} INFO - [2025-01-13T17:18:11.669-0500] {dagbag.py:588} INFO - Filling up the DagBag from /usr/local/lib/python3.10/site-packages/airflow/example_dags/example_branch_operator_decorator.py
[2025-01-13T17:18:11.749-0500] {processor.py:925} INFO - DAG(s) 'example_branch_python_operator_decorator' retrieved from /usr/local/lib/python3.10/site-packages/airflow/example_dags/example_branch_operator_decorator.py
[2025-01-13T17:18:12.095-0500] {logging_mixin.py:190} INFO - [2025-01-13T17:18:12.095-0500] {dag.py:3239} INFO - Sync 1 DAGs
[2025-01-13T17:18:12.119-0500] {logging_mixin.py:190} INFO - [2025-01-13T17:18:12.119-0500] {dag.py:4180} INFO - Setting next_dagrun for example_branch_python_operator_decorator to 2025-01-12 00:00:00+00:00, run_after=2025-01-13 00:00:00+00:00
[2025-01-13T17:18:12.142-0500] {processor.py:208} INFO - Processing /usr/local/lib/python3.10/site-packages/airflow/example_dags/example_branch_operator_decorator.py took 0.492 seconds
[2025-01-13T17:22:54.655-0500] {processor.py:186} INFO - Started process (PID=76858) to work on /usr/local/lib/python3.10/site-packages/airflow/example_dags/example_branch_operator_decorator.py
[2025-01-13T17:22:54.658-0500] {processor.py:914} INFO - Processing file /usr/local/lib/python3.10/site-packages/airflow/example_dags/example_branch_operator_decorator.py for tasks to queue
[2025-01-13T17:22:54.659-0500] {logging_mixin.py:190} INFO - [2025-01-13T17:22:54.659-0500] {dagbag.py:588} INFO - Filling up the DagBag from /usr/local/lib/python3.10/site-packages/airflow/example_dags/example_branch_operator_decorator.py
[2025-01-13T17:22:54.713-0500] {processor.py:925} INFO - DAG(s) 'example_branch_python_operator_decorator' retrieved from /usr/local/lib/python3.10/site-packages/airflow/example_dags/example_branch_operator_decorator.py
[2025-01-13T17:22:55.013-0500] {logging_mixin.py:190} INFO - [2025-01-13T17:22:55.013-0500] {dag.py:3239} INFO - Sync 1 DAGs
[2025-01-13T17:22:55.029-0500] {logging_mixin.py:190} INFO - [2025-01-13T17:22:55.028-0500] {dag.py:4180} INFO - Setting next_dagrun for example_branch_python_operator_decorator to 2025-01-12 00:00:00+00:00, run_after=2025-01-13 00:00:00+00:00
[2025-01-13T17:22:55.043-0500] {processor.py:208} INFO - Processing /usr/local/lib/python3.10/site-packages/airflow/example_dags/example_branch_operator_decorator.py took 0.392 seconds
[2025-01-13T17:27:09.014-0500] {processor.py:186} INFO - Started process (PID=79733) to work on /usr/local/lib/python3.10/site-packages/airflow/example_dags/example_branch_operator_decorator.py
[2025-01-13T17:27:09.016-0500] {processor.py:914} INFO - Processing file /usr/local/lib/python3.10/site-packages/airflow/example_dags/example_branch_operator_decorator.py for tasks to queue
[2025-01-13T17:27:09.017-0500] {logging_mixin.py:190} INFO - [2025-01-13T17:27:09.016-0500] {dagbag.py:588} INFO - Filling up the DagBag from /usr/local/lib/python3.10/site-packages/airflow/example_dags/example_branch_operator_decorator.py
[2025-01-13T17:27:09.062-0500] {processor.py:925} INFO - DAG(s) 'example_branch_python_operator_decorator' retrieved from /usr/local/lib/python3.10/site-packages/airflow/example_dags/example_branch_operator_decorator.py
[2025-01-13T17:27:09.297-0500] {logging_mixin.py:190} INFO - [2025-01-13T17:27:09.297-0500] {dag.py:3239} INFO - Sync 1 DAGs
[2025-01-13T17:27:09.311-0500] {logging_mixin.py:190} INFO - [2025-01-13T17:27:09.311-0500] {dag.py:4180} INFO - Setting next_dagrun for example_branch_python_operator_decorator to 2025-01-12 00:00:00+00:00, run_after=2025-01-13 00:00:00+00:00
[2025-01-13T17:27:09.328-0500] {processor.py:208} INFO - Processing /usr/local/lib/python3.10/site-packages/airflow/example_dags/example_branch_operator_decorator.py took 0.318 seconds
[2025-01-13T17:31:39.460-0500] {processor.py:186} INFO - Started process (PID=82729) to work on /usr/local/lib/python3.10/site-packages/airflow/example_dags/example_branch_operator_decorator.py
[2025-01-13T17:31:39.461-0500] {processor.py:914} INFO - Processing file /usr/local/lib/python3.10/site-packages/airflow/example_dags/example_branch_operator_decorator.py for tasks to queue
[2025-01-13T17:31:39.463-0500] {logging_mixin.py:190} INFO - [2025-01-13T17:31:39.462-0500] {dagbag.py:588} INFO - Filling up the DagBag from /usr/local/lib/python3.10/site-packages/airflow/example_dags/example_branch_operator_decorator.py
[2025-01-13T17:31:39.509-0500] {processor.py:925} INFO - DAG(s) 'example_branch_python_operator_decorator' retrieved from /usr/local/lib/python3.10/site-packages/airflow/example_dags/example_branch_operator_decorator.py
[2025-01-13T17:31:39.783-0500] {logging_mixin.py:190} INFO - [2025-01-13T17:31:39.783-0500] {dag.py:3239} INFO - Sync 1 DAGs
[2025-01-13T17:31:39.797-0500] {logging_mixin.py:190} INFO - [2025-01-13T17:31:39.797-0500] {dag.py:4180} INFO - Setting next_dagrun for example_branch_python_operator_decorator to 2025-01-12 00:00:00+00:00, run_after=2025-01-13 00:00:00+00:00
[2025-01-13T17:31:39.810-0500] {processor.py:208} INFO - Processing /usr/local/lib/python3.10/site-packages/airflow/example_dags/example_branch_operator_decorator.py took 0.354 seconds
[2025-01-13T17:36:08.795-0500] {processor.py:186} INFO - Started process (PID=85916) to work on /usr/local/lib/python3.10/site-packages/airflow/example_dags/example_branch_operator_decorator.py
[2025-01-13T17:36:08.798-0500] {processor.py:914} INFO - Processing file /usr/local/lib/python3.10/site-packages/airflow/example_dags/example_branch_operator_decorator.py for tasks to queue
[2025-01-13T17:36:08.800-0500] {logging_mixin.py:190} INFO - [2025-01-13T17:36:08.799-0500] {dagbag.py:588} INFO - Filling up the DagBag from /usr/local/lib/python3.10/site-packages/airflow/example_dags/example_branch_operator_decorator.py
[2025-01-13T17:36:08.857-0500] {processor.py:925} INFO - DAG(s) 'example_branch_python_operator_decorator' retrieved from /usr/local/lib/python3.10/site-packages/airflow/example_dags/example_branch_operator_decorator.py
[2025-01-13T17:36:09.142-0500] {logging_mixin.py:190} INFO - [2025-01-13T17:36:09.142-0500] {dag.py:3239} INFO - Sync 1 DAGs
[2025-01-13T17:36:09.157-0500] {logging_mixin.py:190} INFO - [2025-01-13T17:36:09.157-0500] {dag.py:4180} INFO - Setting next_dagrun for example_branch_python_operator_decorator to 2025-01-12 00:00:00+00:00, run_after=2025-01-13 00:00:00+00:00
[2025-01-13T17:36:09.173-0500] {processor.py:208} INFO - Processing /usr/local/lib/python3.10/site-packages/airflow/example_dags/example_branch_operator_decorator.py took 0.385 seconds
[2025-01-13T17:40:42.415-0500] {processor.py:186} INFO - Started process (PID=88929) to work on /usr/local/lib/python3.10/site-packages/airflow/example_dags/example_branch_operator_decorator.py
[2025-01-13T17:40:42.417-0500] {processor.py:914} INFO - Processing file /usr/local/lib/python3.10/site-packages/airflow/example_dags/example_branch_operator_decorator.py for tasks to queue
[2025-01-13T17:40:42.418-0500] {logging_mixin.py:190} INFO - [2025-01-13T17:40:42.418-0500] {dagbag.py:588} INFO - Filling up the DagBag from /usr/local/lib/python3.10/site-packages/airflow/example_dags/example_branch_operator_decorator.py
[2025-01-13T17:40:42.480-0500] {processor.py:925} INFO - DAG(s) 'example_branch_python_operator_decorator' retrieved from /usr/local/lib/python3.10/site-packages/airflow/example_dags/example_branch_operator_decorator.py
[2025-01-13T17:40:42.805-0500] {logging_mixin.py:190} INFO - [2025-01-13T17:40:42.804-0500] {dag.py:3239} INFO - Sync 1 DAGs
[2025-01-13T17:40:42.824-0500] {logging_mixin.py:190} INFO - [2025-01-13T17:40:42.824-0500] {dag.py:4180} INFO - Setting next_dagrun for example_branch_python_operator_decorator to 2025-01-12 00:00:00+00:00, run_after=2025-01-13 00:00:00+00:00
[2025-01-13T17:40:42.844-0500] {processor.py:208} INFO - Processing /usr/local/lib/python3.10/site-packages/airflow/example_dags/example_branch_operator_decorator.py took 0.434 seconds
[2025-01-13T17:45:19.930-0500] {processor.py:186} INFO - Started process (PID=92069) to work on /usr/local/lib/python3.10/site-packages/airflow/example_dags/example_branch_operator_decorator.py
[2025-01-13T17:45:19.932-0500] {processor.py:914} INFO - Processing file /usr/local/lib/python3.10/site-packages/airflow/example_dags/example_branch_operator_decorator.py for tasks to queue
[2025-01-13T17:45:19.933-0500] {logging_mixin.py:190} INFO - [2025-01-13T17:45:19.933-0500] {dagbag.py:588} INFO - Filling up the DagBag from /usr/local/lib/python3.10/site-packages/airflow/example_dags/example_branch_operator_decorator.py
[2025-01-13T17:45:19.979-0500] {processor.py:925} INFO - DAG(s) 'example_branch_python_operator_decorator' retrieved from /usr/local/lib/python3.10/site-packages/airflow/example_dags/example_branch_operator_decorator.py
[2025-01-13T17:45:20.223-0500] {logging_mixin.py:190} INFO - [2025-01-13T17:45:20.222-0500] {dag.py:3239} INFO - Sync 1 DAGs
[2025-01-13T17:45:20.237-0500] {logging_mixin.py:190} INFO - [2025-01-13T17:45:20.237-0500] {dag.py:4180} INFO - Setting next_dagrun for example_branch_python_operator_decorator to 2025-01-12 00:00:00+00:00, run_after=2025-01-13 00:00:00+00:00
[2025-01-13T17:45:20.252-0500] {processor.py:208} INFO - Processing /usr/local/lib/python3.10/site-packages/airflow/example_dags/example_branch_operator_decorator.py took 0.325 seconds
[2025-01-13T17:49:35.977-0500] {processor.py:186} INFO - Started process (PID=94940) to work on /usr/local/lib/python3.10/site-packages/airflow/example_dags/example_branch_operator_decorator.py
[2025-01-13T17:49:35.979-0500] {processor.py:914} INFO - Processing file /usr/local/lib/python3.10/site-packages/airflow/example_dags/example_branch_operator_decorator.py for tasks to queue
[2025-01-13T17:49:35.980-0500] {logging_mixin.py:190} INFO - [2025-01-13T17:49:35.979-0500] {dagbag.py:588} INFO - Filling up the DagBag from /usr/local/lib/python3.10/site-packages/airflow/example_dags/example_branch_operator_decorator.py
[2025-01-13T17:49:36.027-0500] {processor.py:925} INFO - DAG(s) 'example_branch_python_operator_decorator' retrieved from /usr/local/lib/python3.10/site-packages/airflow/example_dags/example_branch_operator_decorator.py
[2025-01-13T17:49:36.281-0500] {logging_mixin.py:190} INFO - [2025-01-13T17:49:36.280-0500] {dag.py:3239} INFO - Sync 1 DAGs
[2025-01-13T17:49:36.298-0500] {logging_mixin.py:190} INFO - [2025-01-13T17:49:36.298-0500] {dag.py:4180} INFO - Setting next_dagrun for example_branch_python_operator_decorator to 2025-01-12 00:00:00+00:00, run_after=2025-01-13 00:00:00+00:00
[2025-01-13T17:49:36.315-0500] {processor.py:208} INFO - Processing /usr/local/lib/python3.10/site-packages/airflow/example_dags/example_branch_operator_decorator.py took 0.342 seconds
[2025-01-13T17:53:59.576-0500] {processor.py:186} INFO - Started process (PID=97913) to work on /usr/local/lib/python3.10/site-packages/airflow/example_dags/example_branch_operator_decorator.py
[2025-01-13T17:53:59.577-0500] {processor.py:914} INFO - Processing file /usr/local/lib/python3.10/site-packages/airflow/example_dags/example_branch_operator_decorator.py for tasks to queue
[2025-01-13T17:53:59.579-0500] {logging_mixin.py:190} INFO - [2025-01-13T17:53:59.578-0500] {dagbag.py:588} INFO - Filling up the DagBag from /usr/local/lib/python3.10/site-packages/airflow/example_dags/example_branch_operator_decorator.py
[2025-01-13T17:53:59.625-0500] {processor.py:925} INFO - DAG(s) 'example_branch_python_operator_decorator' retrieved from /usr/local/lib/python3.10/site-packages/airflow/example_dags/example_branch_operator_decorator.py
[2025-01-13T17:53:59.874-0500] {logging_mixin.py:190} INFO - [2025-01-13T17:53:59.874-0500] {dag.py:3239} INFO - Sync 1 DAGs
[2025-01-13T17:53:59.893-0500] {logging_mixin.py:190} INFO - [2025-01-13T17:53:59.893-0500] {dag.py:4180} INFO - Setting next_dagrun for example_branch_python_operator_decorator to 2025-01-12 00:00:00+00:00, run_after=2025-01-13 00:00:00+00:00
[2025-01-13T17:53:59.910-0500] {processor.py:208} INFO - Processing /usr/local/lib/python3.10/site-packages/airflow/example_dags/example_branch_operator_decorator.py took 0.337 seconds
[2025-01-13T17:58:22.208-0500] {processor.py:186} INFO - Started process (PID=1598) to work on /usr/local/lib/python3.10/site-packages/airflow/example_dags/example_branch_operator_decorator.py
[2025-01-13T17:58:22.210-0500] {processor.py:914} INFO - Processing file /usr/local/lib/python3.10/site-packages/airflow/example_dags/example_branch_operator_decorator.py for tasks to queue
[2025-01-13T17:58:22.211-0500] {logging_mixin.py:190} INFO - [2025-01-13T17:58:22.211-0500] {dagbag.py:588} INFO - Filling up the DagBag from /usr/local/lib/python3.10/site-packages/airflow/example_dags/example_branch_operator_decorator.py
[2025-01-13T17:58:22.259-0500] {processor.py:925} INFO - DAG(s) 'example_branch_python_operator_decorator' retrieved from /usr/local/lib/python3.10/site-packages/airflow/example_dags/example_branch_operator_decorator.py
[2025-01-13T17:58:22.509-0500] {logging_mixin.py:190} INFO - [2025-01-13T17:58:22.509-0500] {dag.py:3239} INFO - Sync 1 DAGs
[2025-01-13T17:58:22.526-0500] {logging_mixin.py:190} INFO - [2025-01-13T17:58:22.526-0500] {dag.py:4180} INFO - Setting next_dagrun for example_branch_python_operator_decorator to 2025-01-12 00:00:00+00:00, run_after=2025-01-13 00:00:00+00:00
[2025-01-13T17:58:22.542-0500] {processor.py:208} INFO - Processing /usr/local/lib/python3.10/site-packages/airflow/example_dags/example_branch_operator_decorator.py took 0.338 seconds
[2025-01-13T18:01:16.474-0500] {processor.py:186} INFO - Started process (PID=3630) to work on /usr/local/lib/python3.10/site-packages/airflow/example_dags/example_branch_operator_decorator.py
[2025-01-13T18:01:16.476-0500] {processor.py:914} INFO - Processing file /usr/local/lib/python3.10/site-packages/airflow/example_dags/example_branch_operator_decorator.py for tasks to queue
[2025-01-13T18:01:16.477-0500] {logging_mixin.py:190} INFO - [2025-01-13T18:01:16.477-0500] {dagbag.py:588} INFO - Filling up the DagBag from /usr/local/lib/python3.10/site-packages/airflow/example_dags/example_branch_operator_decorator.py
[2025-01-13T18:01:16.523-0500] {processor.py:925} INFO - DAG(s) 'example_branch_python_operator_decorator' retrieved from /usr/local/lib/python3.10/site-packages/airflow/example_dags/example_branch_operator_decorator.py
[2025-01-13T18:01:16.779-0500] {logging_mixin.py:190} INFO - [2025-01-13T18:01:16.779-0500] {dag.py:3239} INFO - Sync 1 DAGs
[2025-01-13T18:01:16.796-0500] {logging_mixin.py:190} INFO - [2025-01-13T18:01:16.796-0500] {dag.py:4180} INFO - Setting next_dagrun for example_branch_python_operator_decorator to 2025-01-12 00:00:00+00:00, run_after=2025-01-13 00:00:00+00:00
[2025-01-13T18:01:16.812-0500] {processor.py:208} INFO - Processing /usr/local/lib/python3.10/site-packages/airflow/example_dags/example_branch_operator_decorator.py took 0.342 seconds
[2025-01-13T18:05:42.464-0500] {processor.py:186} INFO - Started process (PID=6704) to work on /usr/local/lib/python3.10/site-packages/airflow/example_dags/example_branch_operator_decorator.py
[2025-01-13T18:05:42.466-0500] {processor.py:914} INFO - Processing file /usr/local/lib/python3.10/site-packages/airflow/example_dags/example_branch_operator_decorator.py for tasks to queue
[2025-01-13T18:05:42.467-0500] {logging_mixin.py:190} INFO - [2025-01-13T18:05:42.467-0500] {dagbag.py:588} INFO - Filling up the DagBag from /usr/local/lib/python3.10/site-packages/airflow/example_dags/example_branch_operator_decorator.py
[2025-01-13T18:05:42.516-0500] {processor.py:925} INFO - DAG(s) 'example_branch_python_operator_decorator' retrieved from /usr/local/lib/python3.10/site-packages/airflow/example_dags/example_branch_operator_decorator.py
[2025-01-13T18:05:42.760-0500] {logging_mixin.py:190} INFO - [2025-01-13T18:05:42.760-0500] {dag.py:3239} INFO - Sync 1 DAGs
[2025-01-13T18:05:42.774-0500] {logging_mixin.py:190} INFO - [2025-01-13T18:05:42.774-0500] {dag.py:4180} INFO - Setting next_dagrun for example_branch_python_operator_decorator to 2025-01-12 00:00:00+00:00, run_after=2025-01-13 00:00:00+00:00
[2025-01-13T18:05:42.789-0500] {processor.py:208} INFO - Processing /usr/local/lib/python3.10/site-packages/airflow/example_dags/example_branch_operator_decorator.py took 0.328 seconds
[2025-01-13T18:10:16.023-0500] {processor.py:186} INFO - Started process (PID=9794) to work on /usr/local/lib/python3.10/site-packages/airflow/example_dags/example_branch_operator_decorator.py
[2025-01-13T18:10:16.025-0500] {processor.py:914} INFO - Processing file /usr/local/lib/python3.10/site-packages/airflow/example_dags/example_branch_operator_decorator.py for tasks to queue
[2025-01-13T18:10:16.027-0500] {logging_mixin.py:190} INFO - [2025-01-13T18:10:16.026-0500] {dagbag.py:588} INFO - Filling up the DagBag from /usr/local/lib/python3.10/site-packages/airflow/example_dags/example_branch_operator_decorator.py
[2025-01-13T18:10:16.074-0500] {processor.py:925} INFO - DAG(s) 'example_branch_python_operator_decorator' retrieved from /usr/local/lib/python3.10/site-packages/airflow/example_dags/example_branch_operator_decorator.py
[2025-01-13T18:10:16.312-0500] {logging_mixin.py:190} INFO - [2025-01-13T18:10:16.312-0500] {dag.py:3239} INFO - Sync 1 DAGs
[2025-01-13T18:10:16.326-0500] {logging_mixin.py:190} INFO - [2025-01-13T18:10:16.326-0500] {dag.py:4180} INFO - Setting next_dagrun for example_branch_python_operator_decorator to 2025-01-12 00:00:00+00:00, run_after=2025-01-13 00:00:00+00:00
[2025-01-13T18:10:16.341-0500] {processor.py:208} INFO - Processing /usr/local/lib/python3.10/site-packages/airflow/example_dags/example_branch_operator_decorator.py took 0.322 seconds
[2025-01-13T18:15:07.016-0500] {processor.py:186} INFO - Started process (PID=13227) to work on /usr/local/lib/python3.10/site-packages/airflow/example_dags/example_branch_operator_decorator.py
[2025-01-13T18:15:07.018-0500] {processor.py:914} INFO - Processing file /usr/local/lib/python3.10/site-packages/airflow/example_dags/example_branch_operator_decorator.py for tasks to queue
[2025-01-13T18:15:07.019-0500] {logging_mixin.py:190} INFO - [2025-01-13T18:15:07.019-0500] {dagbag.py:588} INFO - Filling up the DagBag from /usr/local/lib/python3.10/site-packages/airflow/example_dags/example_branch_operator_decorator.py
[2025-01-13T18:15:07.072-0500] {processor.py:925} INFO - DAG(s) 'example_branch_python_operator_decorator' retrieved from /usr/local/lib/python3.10/site-packages/airflow/example_dags/example_branch_operator_decorator.py
[2025-01-13T18:15:07.354-0500] {logging_mixin.py:190} INFO - [2025-01-13T18:15:07.354-0500] {dag.py:3239} INFO - Sync 1 DAGs
[2025-01-13T18:15:07.371-0500] {logging_mixin.py:190} INFO - [2025-01-13T18:15:07.371-0500] {dag.py:4180} INFO - Setting next_dagrun for example_branch_python_operator_decorator to 2025-01-12 00:00:00+00:00, run_after=2025-01-13 00:00:00+00:00
[2025-01-13T18:15:07.388-0500] {processor.py:208} INFO - Processing /usr/local/lib/python3.10/site-packages/airflow/example_dags/example_branch_operator_decorator.py took 0.377 seconds
[2025-01-13T18:19:57.477-0500] {processor.py:186} INFO - Started process (PID=16621) to work on /usr/local/lib/python3.10/site-packages/airflow/example_dags/example_branch_operator_decorator.py
[2025-01-13T18:19:57.479-0500] {processor.py:914} INFO - Processing file /usr/local/lib/python3.10/site-packages/airflow/example_dags/example_branch_operator_decorator.py for tasks to queue
[2025-01-13T18:19:57.480-0500] {logging_mixin.py:190} INFO - [2025-01-13T18:19:57.480-0500] {dagbag.py:588} INFO - Filling up the DagBag from /usr/local/lib/python3.10/site-packages/airflow/example_dags/example_branch_operator_decorator.py
[2025-01-13T18:19:57.524-0500] {processor.py:925} INFO - DAG(s) 'example_branch_python_operator_decorator' retrieved from /usr/local/lib/python3.10/site-packages/airflow/example_dags/example_branch_operator_decorator.py
[2025-01-13T18:19:57.756-0500] {logging_mixin.py:190} INFO - [2025-01-13T18:19:57.756-0500] {dag.py:3239} INFO - Sync 1 DAGs
[2025-01-13T18:19:57.770-0500] {logging_mixin.py:190} INFO - [2025-01-13T18:19:57.770-0500] {dag.py:4180} INFO - Setting next_dagrun for example_branch_python_operator_decorator to 2025-01-12 00:00:00+00:00, run_after=2025-01-13 00:00:00+00:00
[2025-01-13T18:19:57.785-0500] {processor.py:208} INFO - Processing /usr/local/lib/python3.10/site-packages/airflow/example_dags/example_branch_operator_decorator.py took 0.312 seconds
[2025-01-13T18:24:41.173-0500] {processor.py:186} INFO - Started process (PID=19904) to work on /usr/local/lib/python3.10/site-packages/airflow/example_dags/example_branch_operator_decorator.py
[2025-01-13T18:24:41.175-0500] {processor.py:914} INFO - Processing file /usr/local/lib/python3.10/site-packages/airflow/example_dags/example_branch_operator_decorator.py for tasks to queue
[2025-01-13T18:24:41.176-0500] {logging_mixin.py:190} INFO - [2025-01-13T18:24:41.176-0500] {dagbag.py:588} INFO - Filling up the DagBag from /usr/local/lib/python3.10/site-packages/airflow/example_dags/example_branch_operator_decorator.py
[2025-01-13T18:24:41.215-0500] {processor.py:925} INFO - DAG(s) 'example_branch_python_operator_decorator' retrieved from /usr/local/lib/python3.10/site-packages/airflow/example_dags/example_branch_operator_decorator.py
[2025-01-13T18:24:41.427-0500] {logging_mixin.py:190} INFO - [2025-01-13T18:24:41.427-0500] {dag.py:3239} INFO - Sync 1 DAGs
[2025-01-13T18:24:41.442-0500] {logging_mixin.py:190} INFO - [2025-01-13T18:24:41.442-0500] {dag.py:4180} INFO - Setting next_dagrun for example_branch_python_operator_decorator to 2025-01-12 00:00:00+00:00, run_after=2025-01-13 00:00:00+00:00
[2025-01-13T18:24:41.457-0500] {processor.py:208} INFO - Processing /usr/local/lib/python3.10/site-packages/airflow/example_dags/example_branch_operator_decorator.py took 0.288 seconds
[2025-01-13T18:28:52.130-0500] {processor.py:186} INFO - Started process (PID=22736) to work on /usr/local/lib/python3.10/site-packages/airflow/example_dags/example_branch_operator_decorator.py
[2025-01-13T18:28:52.131-0500] {processor.py:914} INFO - Processing file /usr/local/lib/python3.10/site-packages/airflow/example_dags/example_branch_operator_decorator.py for tasks to queue
[2025-01-13T18:28:52.133-0500] {logging_mixin.py:190} INFO - [2025-01-13T18:28:52.132-0500] {dagbag.py:588} INFO - Filling up the DagBag from /usr/local/lib/python3.10/site-packages/airflow/example_dags/example_branch_operator_decorator.py
[2025-01-13T18:28:52.177-0500] {processor.py:925} INFO - DAG(s) 'example_branch_python_operator_decorator' retrieved from /usr/local/lib/python3.10/site-packages/airflow/example_dags/example_branch_operator_decorator.py
[2025-01-13T18:28:52.408-0500] {logging_mixin.py:190} INFO - [2025-01-13T18:28:52.408-0500] {dag.py:3239} INFO - Sync 1 DAGs
[2025-01-13T18:28:52.423-0500] {logging_mixin.py:190} INFO - [2025-01-13T18:28:52.423-0500] {dag.py:4180} INFO - Setting next_dagrun for example_branch_python_operator_decorator to 2025-01-12 00:00:00+00:00, run_after=2025-01-13 00:00:00+00:00
[2025-01-13T18:28:52.437-0500] {processor.py:208} INFO - Processing /usr/local/lib/python3.10/site-packages/airflow/example_dags/example_branch_operator_decorator.py took 0.311 seconds
[2025-01-13T18:40:28.338-0500] {processor.py:186} INFO - Started process (PID=30765) to work on /usr/local/lib/python3.10/site-packages/airflow/example_dags/example_branch_operator_decorator.py
[2025-01-13T18:40:28.341-0500] {processor.py:914} INFO - Processing file /usr/local/lib/python3.10/site-packages/airflow/example_dags/example_branch_operator_decorator.py for tasks to queue
[2025-01-13T18:40:28.342-0500] {logging_mixin.py:190} INFO - [2025-01-13T18:40:28.342-0500] {dagbag.py:588} INFO - Filling up the DagBag from /usr/local/lib/python3.10/site-packages/airflow/example_dags/example_branch_operator_decorator.py
[2025-01-13T18:40:28.397-0500] {processor.py:925} INFO - DAG(s) 'example_branch_python_operator_decorator' retrieved from /usr/local/lib/python3.10/site-packages/airflow/example_dags/example_branch_operator_decorator.py
[2025-01-13T18:40:28.672-0500] {logging_mixin.py:190} INFO - [2025-01-13T18:40:28.672-0500] {dag.py:3239} INFO - Sync 1 DAGs
[2025-01-13T18:40:28.691-0500] {logging_mixin.py:190} INFO - [2025-01-13T18:40:28.691-0500] {dag.py:4180} INFO - Setting next_dagrun for example_branch_python_operator_decorator to 2025-01-12 00:00:00+00:00, run_after=2025-01-13 00:00:00+00:00
[2025-01-13T18:40:28.708-0500] {processor.py:208} INFO - Processing /usr/local/lib/python3.10/site-packages/airflow/example_dags/example_branch_operator_decorator.py took 0.375 seconds
[2025-01-13T18:45:07.887-0500] {processor.py:186} INFO - Started process (PID=33938) to work on /usr/local/lib/python3.10/site-packages/airflow/example_dags/example_branch_operator_decorator.py
[2025-01-13T18:45:07.888-0500] {processor.py:914} INFO - Processing file /usr/local/lib/python3.10/site-packages/airflow/example_dags/example_branch_operator_decorator.py for tasks to queue
[2025-01-13T18:45:07.890-0500] {logging_mixin.py:190} INFO - [2025-01-13T18:45:07.889-0500] {dagbag.py:588} INFO - Filling up the DagBag from /usr/local/lib/python3.10/site-packages/airflow/example_dags/example_branch_operator_decorator.py
[2025-01-13T18:45:07.938-0500] {processor.py:925} INFO - DAG(s) 'example_branch_python_operator_decorator' retrieved from /usr/local/lib/python3.10/site-packages/airflow/example_dags/example_branch_operator_decorator.py
[2025-01-13T18:45:08.193-0500] {logging_mixin.py:190} INFO - [2025-01-13T18:45:08.192-0500] {dag.py:3239} INFO - Sync 1 DAGs
[2025-01-13T18:45:08.210-0500] {logging_mixin.py:190} INFO - [2025-01-13T18:45:08.210-0500] {dag.py:4180} INFO - Setting next_dagrun for example_branch_python_operator_decorator to 2025-01-12 00:00:00+00:00, run_after=2025-01-13 00:00:00+00:00
[2025-01-13T18:45:08.227-0500] {processor.py:208} INFO - Processing /usr/local/lib/python3.10/site-packages/airflow/example_dags/example_branch_operator_decorator.py took 0.345 seconds
[2025-01-13T18:50:08.664-0500] {processor.py:186} INFO - Started process (PID=37449) to work on /usr/local/lib/python3.10/site-packages/airflow/example_dags/example_branch_operator_decorator.py
[2025-01-13T18:50:08.665-0500] {processor.py:914} INFO - Processing file /usr/local/lib/python3.10/site-packages/airflow/example_dags/example_branch_operator_decorator.py for tasks to queue
[2025-01-13T18:50:08.666-0500] {logging_mixin.py:190} INFO - [2025-01-13T18:50:08.666-0500] {dagbag.py:588} INFO - Filling up the DagBag from /usr/local/lib/python3.10/site-packages/airflow/example_dags/example_branch_operator_decorator.py
[2025-01-13T18:50:08.720-0500] {processor.py:925} INFO - DAG(s) 'example_branch_python_operator_decorator' retrieved from /usr/local/lib/python3.10/site-packages/airflow/example_dags/example_branch_operator_decorator.py
[2025-01-13T18:50:09.000-0500] {logging_mixin.py:190} INFO - [2025-01-13T18:50:09.000-0500] {dag.py:3239} INFO - Sync 1 DAGs
[2025-01-13T18:50:09.019-0500] {logging_mixin.py:190} INFO - [2025-01-13T18:50:09.018-0500] {dag.py:4180} INFO - Setting next_dagrun for example_branch_python_operator_decorator to 2025-01-12 00:00:00+00:00, run_after=2025-01-13 00:00:00+00:00
[2025-01-13T18:50:09.036-0500] {processor.py:208} INFO - Processing /usr/local/lib/python3.10/site-packages/airflow/example_dags/example_branch_operator_decorator.py took 0.377 seconds
[2025-01-13T18:54:51.603-0500] {processor.py:186} INFO - Started process (PID=40741) to work on /usr/local/lib/python3.10/site-packages/airflow/example_dags/example_branch_operator_decorator.py
[2025-01-13T18:54:51.605-0500] {processor.py:914} INFO - Processing file /usr/local/lib/python3.10/site-packages/airflow/example_dags/example_branch_operator_decorator.py for tasks to queue
[2025-01-13T18:54:51.606-0500] {logging_mixin.py:190} INFO - [2025-01-13T18:54:51.606-0500] {dagbag.py:588} INFO - Filling up the DagBag from /usr/local/lib/python3.10/site-packages/airflow/example_dags/example_branch_operator_decorator.py
[2025-01-13T18:54:51.657-0500] {processor.py:925} INFO - DAG(s) 'example_branch_python_operator_decorator' retrieved from /usr/local/lib/python3.10/site-packages/airflow/example_dags/example_branch_operator_decorator.py
[2025-01-13T18:54:51.923-0500] {logging_mixin.py:190} INFO - [2025-01-13T18:54:51.922-0500] {dag.py:3239} INFO - Sync 1 DAGs
[2025-01-13T18:54:51.942-0500] {logging_mixin.py:190} INFO - [2025-01-13T18:54:51.942-0500] {dag.py:4180} INFO - Setting next_dagrun for example_branch_python_operator_decorator to 2025-01-12 00:00:00+00:00, run_after=2025-01-13 00:00:00+00:00
[2025-01-13T18:54:51.960-0500] {processor.py:208} INFO - Processing /usr/local/lib/python3.10/site-packages/airflow/example_dags/example_branch_operator_decorator.py took 0.362 seconds
[2025-01-13T18:59:27.341-0500] {processor.py:186} INFO - Started process (PID=44000) to work on /usr/local/lib/python3.10/site-packages/airflow/example_dags/example_branch_operator_decorator.py
[2025-01-13T18:59:27.342-0500] {processor.py:914} INFO - Processing file /usr/local/lib/python3.10/site-packages/airflow/example_dags/example_branch_operator_decorator.py for tasks to queue
[2025-01-13T18:59:27.343-0500] {logging_mixin.py:190} INFO - [2025-01-13T18:59:27.343-0500] {dagbag.py:588} INFO - Filling up the DagBag from /usr/local/lib/python3.10/site-packages/airflow/example_dags/example_branch_operator_decorator.py
[2025-01-13T18:59:27.390-0500] {processor.py:925} INFO - DAG(s) 'example_branch_python_operator_decorator' retrieved from /usr/local/lib/python3.10/site-packages/airflow/example_dags/example_branch_operator_decorator.py
[2025-01-13T18:59:27.641-0500] {logging_mixin.py:190} INFO - [2025-01-13T18:59:27.641-0500] {dag.py:3239} INFO - Sync 1 DAGs
[2025-01-13T18:59:27.658-0500] {logging_mixin.py:190} INFO - [2025-01-13T18:59:27.658-0500] {dag.py:4180} INFO - Setting next_dagrun for example_branch_python_operator_decorator to 2025-01-12 00:00:00+00:00, run_after=2025-01-13 00:00:00+00:00
[2025-01-13T18:59:27.675-0500] {processor.py:208} INFO - Processing /usr/local/lib/python3.10/site-packages/airflow/example_dags/example_branch_operator_decorator.py took 0.339 seconds
