[2025-01-13T16:53:52.193-0500] {processor.py:186} INFO - Started process (PID=57338) to work on /usr/local/lib/python3.10/site-packages/airflow/example_dags/example_branch_operator.py
[2025-01-13T16:53:52.194-0500] {processor.py:914} INFO - Processing file /usr/local/lib/python3.10/site-packages/airflow/example_dags/example_branch_operator.py for tasks to queue
[2025-01-13T16:53:52.196-0500] {logging_mixin.py:190} INFO - [2025-01-13T16:53:52.195-0500] {dagbag.py:588} INFO - Filling up the DagBag from /usr/local/lib/python3.10/site-packages/airflow/example_dags/example_branch_operator.py
[2025-01-13T16:53:52.232-0500] {processor.py:925} INFO - DAG(s) 'example_branch_operator' retrieved from /usr/local/lib/python3.10/site-packages/airflow/example_dags/example_branch_operator.py
[2025-01-13T16:53:52.479-0500] {logging_mixin.py:190} INFO - [2025-01-13T16:53:52.479-0500] {override.py:1912} INFO - Created Permission View: can delete on DAG:example_branch_operator
[2025-01-13T16:53:52.487-0500] {logging_mixin.py:190} INFO - [2025-01-13T16:53:52.487-0500] {override.py:1912} INFO - Created Permission View: can edit on DAG:example_branch_operator
[2025-01-13T16:53:52.492-0500] {logging_mixin.py:190} INFO - [2025-01-13T16:53:52.492-0500] {override.py:1912} INFO - Created Permission View: can read on DAG:example_branch_operator
[2025-01-13T16:53:52.500-0500] {logging_mixin.py:190} INFO - [2025-01-13T16:53:52.499-0500] {override.py:1912} INFO - Created Permission View: can create on DAG Run:example_branch_operator
[2025-01-13T16:53:52.505-0500] {logging_mixin.py:190} INFO - [2025-01-13T16:53:52.505-0500] {override.py:1912} INFO - Created Permission View: can read on DAG Run:example_branch_operator
[2025-01-13T16:53:52.510-0500] {logging_mixin.py:190} INFO - [2025-01-13T16:53:52.510-0500] {override.py:1912} INFO - Created Permission View: menu access on DAG Run:example_branch_operator
[2025-01-13T16:53:52.515-0500] {logging_mixin.py:190} INFO - [2025-01-13T16:53:52.515-0500] {override.py:1912} INFO - Created Permission View: can delete on DAG Run:example_branch_operator
[2025-01-13T16:53:52.516-0500] {logging_mixin.py:190} INFO - [2025-01-13T16:53:52.516-0500] {dag.py:3239} INFO - Sync 1 DAGs
[2025-01-13T16:53:52.527-0500] {logging_mixin.py:190} INFO - [2025-01-13T16:53:52.527-0500] {dag.py:3262} INFO - Creating ORM DAG for example_branch_operator
[2025-01-13T16:53:52.535-0500] {logging_mixin.py:190} INFO - [2025-01-13T16:53:52.534-0500] {dag.py:4180} INFO - Setting next_dagrun for example_branch_operator to 2025-01-12 00:00:00+00:00, run_after=2025-01-13 00:00:00+00:00
[2025-01-13T16:53:52.550-0500] {processor.py:208} INFO - Processing /usr/local/lib/python3.10/site-packages/airflow/example_dags/example_branch_operator.py took 0.361 seconds
[2025-01-13T16:58:41.376-0500] {processor.py:186} INFO - Started process (PID=60766) to work on /usr/local/lib/python3.10/site-packages/airflow/example_dags/example_branch_operator.py
[2025-01-13T16:58:41.378-0500] {processor.py:914} INFO - Processing file /usr/local/lib/python3.10/site-packages/airflow/example_dags/example_branch_operator.py for tasks to queue
[2025-01-13T16:58:41.379-0500] {logging_mixin.py:190} INFO - [2025-01-13T16:58:41.379-0500] {dagbag.py:588} INFO - Filling up the DagBag from /usr/local/lib/python3.10/site-packages/airflow/example_dags/example_branch_operator.py
[2025-01-13T16:58:41.412-0500] {processor.py:925} INFO - DAG(s) 'example_branch_operator' retrieved from /usr/local/lib/python3.10/site-packages/airflow/example_dags/example_branch_operator.py
[2025-01-13T16:58:41.648-0500] {logging_mixin.py:190} INFO - [2025-01-13T16:58:41.648-0500] {dag.py:3239} INFO - Sync 1 DAGs
[2025-01-13T16:58:41.662-0500] {logging_mixin.py:190} INFO - [2025-01-13T16:58:41.662-0500] {dag.py:4180} INFO - Setting next_dagrun for example_branch_operator to 2025-01-12 00:00:00+00:00, run_after=2025-01-13 00:00:00+00:00
[2025-01-13T16:58:41.680-0500] {processor.py:208} INFO - Processing /usr/local/lib/python3.10/site-packages/airflow/example_dags/example_branch_operator.py took 0.308 seconds
[2025-01-13T17:02:59.683-0500] {processor.py:186} INFO - Started process (PID=63678) to work on /usr/local/lib/python3.10/site-packages/airflow/example_dags/example_branch_operator.py
[2025-01-13T17:02:59.685-0500] {processor.py:914} INFO - Processing file /usr/local/lib/python3.10/site-packages/airflow/example_dags/example_branch_operator.py for tasks to queue
[2025-01-13T17:02:59.686-0500] {logging_mixin.py:190} INFO - [2025-01-13T17:02:59.686-0500] {dagbag.py:588} INFO - Filling up the DagBag from /usr/local/lib/python3.10/site-packages/airflow/example_dags/example_branch_operator.py
[2025-01-13T17:02:59.722-0500] {processor.py:925} INFO - DAG(s) 'example_branch_operator' retrieved from /usr/local/lib/python3.10/site-packages/airflow/example_dags/example_branch_operator.py
[2025-01-13T17:02:59.968-0500] {logging_mixin.py:190} INFO - [2025-01-13T17:02:59.967-0500] {dag.py:3239} INFO - Sync 1 DAGs
[2025-01-13T17:02:59.981-0500] {logging_mixin.py:190} INFO - [2025-01-13T17:02:59.981-0500] {dag.py:4180} INFO - Setting next_dagrun for example_branch_operator to 2025-01-12 00:00:00+00:00, run_after=2025-01-13 00:00:00+00:00
[2025-01-13T17:02:59.998-0500] {processor.py:208} INFO - Processing /usr/local/lib/python3.10/site-packages/airflow/example_dags/example_branch_operator.py took 0.318 seconds
[2025-01-13T17:07:22.541-0500] {processor.py:186} INFO - Started process (PID=66588) to work on /usr/local/lib/python3.10/site-packages/airflow/example_dags/example_branch_operator.py
[2025-01-13T17:07:22.543-0500] {processor.py:914} INFO - Processing file /usr/local/lib/python3.10/site-packages/airflow/example_dags/example_branch_operator.py for tasks to queue
[2025-01-13T17:07:22.544-0500] {logging_mixin.py:190} INFO - [2025-01-13T17:07:22.544-0500] {dagbag.py:588} INFO - Filling up the DagBag from /usr/local/lib/python3.10/site-packages/airflow/example_dags/example_branch_operator.py
[2025-01-13T17:07:22.578-0500] {processor.py:925} INFO - DAG(s) 'example_branch_operator' retrieved from /usr/local/lib/python3.10/site-packages/airflow/example_dags/example_branch_operator.py
[2025-01-13T17:07:22.822-0500] {logging_mixin.py:190} INFO - [2025-01-13T17:07:22.821-0500] {dag.py:3239} INFO - Sync 1 DAGs
[2025-01-13T17:07:22.837-0500] {logging_mixin.py:190} INFO - [2025-01-13T17:07:22.837-0500] {dag.py:4180} INFO - Setting next_dagrun for example_branch_operator to 2025-01-12 00:00:00+00:00, run_after=2025-01-13 00:00:00+00:00
[2025-01-13T17:07:22.854-0500] {processor.py:208} INFO - Processing /usr/local/lib/python3.10/site-packages/airflow/example_dags/example_branch_operator.py took 0.317 seconds
[2025-01-13T17:11:50.950-0500] {processor.py:186} INFO - Started process (PID=69639) to work on /usr/local/lib/python3.10/site-packages/airflow/example_dags/example_branch_operator.py
[2025-01-13T17:11:50.952-0500] {processor.py:914} INFO - Processing file /usr/local/lib/python3.10/site-packages/airflow/example_dags/example_branch_operator.py for tasks to queue
[2025-01-13T17:11:50.953-0500] {logging_mixin.py:190} INFO - [2025-01-13T17:11:50.953-0500] {dagbag.py:588} INFO - Filling up the DagBag from /usr/local/lib/python3.10/site-packages/airflow/example_dags/example_branch_operator.py
[2025-01-13T17:11:50.985-0500] {processor.py:925} INFO - DAG(s) 'example_branch_operator' retrieved from /usr/local/lib/python3.10/site-packages/airflow/example_dags/example_branch_operator.py
[2025-01-13T17:11:51.205-0500] {logging_mixin.py:190} INFO - [2025-01-13T17:11:51.205-0500] {dag.py:3239} INFO - Sync 1 DAGs
[2025-01-13T17:11:51.218-0500] {logging_mixin.py:190} INFO - [2025-01-13T17:11:51.218-0500] {dag.py:4180} INFO - Setting next_dagrun for example_branch_operator to 2025-01-12 00:00:00+00:00, run_after=2025-01-13 00:00:00+00:00
[2025-01-13T17:11:51.234-0500] {processor.py:208} INFO - Processing /usr/local/lib/python3.10/site-packages/airflow/example_dags/example_branch_operator.py took 0.288 seconds
[2025-01-13T17:18:15.410-0500] {processor.py:186} INFO - Started process (PID=73699) to work on /usr/local/lib/python3.10/site-packages/airflow/example_dags/example_branch_operator.py
[2025-01-13T17:18:15.413-0500] {processor.py:914} INFO - Processing file /usr/local/lib/python3.10/site-packages/airflow/example_dags/example_branch_operator.py for tasks to queue
[2025-01-13T17:18:15.415-0500] {logging_mixin.py:190} INFO - [2025-01-13T17:18:15.415-0500] {dagbag.py:588} INFO - Filling up the DagBag from /usr/local/lib/python3.10/site-packages/airflow/example_dags/example_branch_operator.py
[2025-01-13T17:18:15.458-0500] {processor.py:925} INFO - DAG(s) 'example_branch_operator' retrieved from /usr/local/lib/python3.10/site-packages/airflow/example_dags/example_branch_operator.py
[2025-01-13T17:18:15.788-0500] {logging_mixin.py:190} INFO - [2025-01-13T17:18:15.787-0500] {dag.py:3239} INFO - Sync 1 DAGs
[2025-01-13T17:18:15.809-0500] {logging_mixin.py:190} INFO - [2025-01-13T17:18:15.808-0500] {dag.py:4180} INFO - Setting next_dagrun for example_branch_operator to 2025-01-12 00:00:00+00:00, run_after=2025-01-13 00:00:00+00:00
[2025-01-13T17:18:15.833-0500] {processor.py:208} INFO - Processing /usr/local/lib/python3.10/site-packages/airflow/example_dags/example_branch_operator.py took 0.428 seconds
[2025-01-13T17:22:57.151-0500] {processor.py:186} INFO - Started process (PID=76860) to work on /usr/local/lib/python3.10/site-packages/airflow/example_dags/example_branch_operator.py
[2025-01-13T17:22:57.153-0500] {processor.py:914} INFO - Processing file /usr/local/lib/python3.10/site-packages/airflow/example_dags/example_branch_operator.py for tasks to queue
[2025-01-13T17:22:57.154-0500] {logging_mixin.py:190} INFO - [2025-01-13T17:22:57.154-0500] {dagbag.py:588} INFO - Filling up the DagBag from /usr/local/lib/python3.10/site-packages/airflow/example_dags/example_branch_operator.py
[2025-01-13T17:22:57.191-0500] {processor.py:925} INFO - DAG(s) 'example_branch_operator' retrieved from /usr/local/lib/python3.10/site-packages/airflow/example_dags/example_branch_operator.py
[2025-01-13T17:22:57.458-0500] {logging_mixin.py:190} INFO - [2025-01-13T17:22:57.458-0500] {dag.py:3239} INFO - Sync 1 DAGs
[2025-01-13T17:22:57.475-0500] {logging_mixin.py:190} INFO - [2025-01-13T17:22:57.475-0500] {dag.py:4180} INFO - Setting next_dagrun for example_branch_operator to 2025-01-12 00:00:00+00:00, run_after=2025-01-13 00:00:00+00:00
[2025-01-13T17:22:57.494-0500] {processor.py:208} INFO - Processing /usr/local/lib/python3.10/site-packages/airflow/example_dags/example_branch_operator.py took 0.348 seconds
[2025-01-13T17:27:11.814-0500] {processor.py:186} INFO - Started process (PID=79735) to work on /usr/local/lib/python3.10/site-packages/airflow/example_dags/example_branch_operator.py
[2025-01-13T17:27:11.816-0500] {processor.py:914} INFO - Processing file /usr/local/lib/python3.10/site-packages/airflow/example_dags/example_branch_operator.py for tasks to queue
[2025-01-13T17:27:11.817-0500] {logging_mixin.py:190} INFO - [2025-01-13T17:27:11.817-0500] {dagbag.py:588} INFO - Filling up the DagBag from /usr/local/lib/python3.10/site-packages/airflow/example_dags/example_branch_operator.py
[2025-01-13T17:27:11.849-0500] {processor.py:925} INFO - DAG(s) 'example_branch_operator' retrieved from /usr/local/lib/python3.10/site-packages/airflow/example_dags/example_branch_operator.py
[2025-01-13T17:27:12.096-0500] {logging_mixin.py:190} INFO - [2025-01-13T17:27:12.096-0500] {dag.py:3239} INFO - Sync 1 DAGs
[2025-01-13T17:27:12.113-0500] {logging_mixin.py:190} INFO - [2025-01-13T17:27:12.113-0500] {dag.py:4180} INFO - Setting next_dagrun for example_branch_operator to 2025-01-12 00:00:00+00:00, run_after=2025-01-13 00:00:00+00:00
[2025-01-13T17:27:12.131-0500] {processor.py:208} INFO - Processing /usr/local/lib/python3.10/site-packages/airflow/example_dags/example_branch_operator.py took 0.320 seconds
[2025-01-13T17:31:42.326-0500] {processor.py:186} INFO - Started process (PID=82836) to work on /usr/local/lib/python3.10/site-packages/airflow/example_dags/example_branch_operator.py
[2025-01-13T17:31:42.328-0500] {processor.py:914} INFO - Processing file /usr/local/lib/python3.10/site-packages/airflow/example_dags/example_branch_operator.py for tasks to queue
[2025-01-13T17:31:42.329-0500] {logging_mixin.py:190} INFO - [2025-01-13T17:31:42.329-0500] {dagbag.py:588} INFO - Filling up the DagBag from /usr/local/lib/python3.10/site-packages/airflow/example_dags/example_branch_operator.py
[2025-01-13T17:31:42.362-0500] {processor.py:925} INFO - DAG(s) 'example_branch_operator' retrieved from /usr/local/lib/python3.10/site-packages/airflow/example_dags/example_branch_operator.py
[2025-01-13T17:31:42.603-0500] {logging_mixin.py:190} INFO - [2025-01-13T17:31:42.603-0500] {dag.py:3239} INFO - Sync 1 DAGs
[2025-01-13T17:31:42.618-0500] {logging_mixin.py:190} INFO - [2025-01-13T17:31:42.618-0500] {dag.py:4180} INFO - Setting next_dagrun for example_branch_operator to 2025-01-12 00:00:00+00:00, run_after=2025-01-13 00:00:00+00:00
[2025-01-13T17:31:42.632-0500] {processor.py:208} INFO - Processing /usr/local/lib/python3.10/site-packages/airflow/example_dags/example_branch_operator.py took 0.310 seconds
[2025-01-13T17:36:12.451-0500] {processor.py:186} INFO - Started process (PID=85918) to work on /usr/local/lib/python3.10/site-packages/airflow/example_dags/example_branch_operator.py
[2025-01-13T17:36:12.453-0500] {processor.py:914} INFO - Processing file /usr/local/lib/python3.10/site-packages/airflow/example_dags/example_branch_operator.py for tasks to queue
[2025-01-13T17:36:12.454-0500] {logging_mixin.py:190} INFO - [2025-01-13T17:36:12.454-0500] {dagbag.py:588} INFO - Filling up the DagBag from /usr/local/lib/python3.10/site-packages/airflow/example_dags/example_branch_operator.py
[2025-01-13T17:36:12.532-0500] {processor.py:925} INFO - DAG(s) 'example_branch_operator' retrieved from /usr/local/lib/python3.10/site-packages/airflow/example_dags/example_branch_operator.py
[2025-01-13T17:36:12.794-0500] {logging_mixin.py:190} INFO - [2025-01-13T17:36:12.794-0500] {dag.py:3239} INFO - Sync 1 DAGs
[2025-01-13T17:36:12.810-0500] {logging_mixin.py:190} INFO - [2025-01-13T17:36:12.810-0500] {dag.py:4180} INFO - Setting next_dagrun for example_branch_operator to 2025-01-12 00:00:00+00:00, run_after=2025-01-13 00:00:00+00:00
[2025-01-13T17:36:12.828-0500] {processor.py:208} INFO - Processing /usr/local/lib/python3.10/site-packages/airflow/example_dags/example_branch_operator.py took 0.383 seconds
[2025-01-13T17:40:45.502-0500] {processor.py:186} INFO - Started process (PID=89036) to work on /usr/local/lib/python3.10/site-packages/airflow/example_dags/example_branch_operator.py
[2025-01-13T17:40:45.504-0500] {processor.py:914} INFO - Processing file /usr/local/lib/python3.10/site-packages/airflow/example_dags/example_branch_operator.py for tasks to queue
[2025-01-13T17:40:45.505-0500] {logging_mixin.py:190} INFO - [2025-01-13T17:40:45.505-0500] {dagbag.py:588} INFO - Filling up the DagBag from /usr/local/lib/python3.10/site-packages/airflow/example_dags/example_branch_operator.py
[2025-01-13T17:40:45.538-0500] {processor.py:925} INFO - DAG(s) 'example_branch_operator' retrieved from /usr/local/lib/python3.10/site-packages/airflow/example_dags/example_branch_operator.py
[2025-01-13T17:40:45.781-0500] {logging_mixin.py:190} INFO - [2025-01-13T17:40:45.781-0500] {dag.py:3239} INFO - Sync 1 DAGs
[2025-01-13T17:40:45.798-0500] {logging_mixin.py:190} INFO - [2025-01-13T17:40:45.797-0500] {dag.py:4180} INFO - Setting next_dagrun for example_branch_operator to 2025-01-12 00:00:00+00:00, run_after=2025-01-13 00:00:00+00:00
[2025-01-13T17:40:45.816-0500] {processor.py:208} INFO - Processing /usr/local/lib/python3.10/site-packages/airflow/example_dags/example_branch_operator.py took 0.317 seconds
[2025-01-13T17:45:22.709-0500] {processor.py:186} INFO - Started process (PID=92181) to work on /usr/local/lib/python3.10/site-packages/airflow/example_dags/example_branch_operator.py
[2025-01-13T17:45:22.711-0500] {processor.py:914} INFO - Processing file /usr/local/lib/python3.10/site-packages/airflow/example_dags/example_branch_operator.py for tasks to queue
[2025-01-13T17:45:22.712-0500] {logging_mixin.py:190} INFO - [2025-01-13T17:45:22.712-0500] {dagbag.py:588} INFO - Filling up the DagBag from /usr/local/lib/python3.10/site-packages/airflow/example_dags/example_branch_operator.py
[2025-01-13T17:45:22.743-0500] {processor.py:925} INFO - DAG(s) 'example_branch_operator' retrieved from /usr/local/lib/python3.10/site-packages/airflow/example_dags/example_branch_operator.py
[2025-01-13T17:45:22.976-0500] {logging_mixin.py:190} INFO - [2025-01-13T17:45:22.976-0500] {dag.py:3239} INFO - Sync 1 DAGs
[2025-01-13T17:45:22.990-0500] {logging_mixin.py:190} INFO - [2025-01-13T17:45:22.990-0500] {dag.py:4180} INFO - Setting next_dagrun for example_branch_operator to 2025-01-12 00:00:00+00:00, run_after=2025-01-13 00:00:00+00:00
[2025-01-13T17:45:23.006-0500] {processor.py:208} INFO - Processing /usr/local/lib/python3.10/site-packages/airflow/example_dags/example_branch_operator.py took 0.301 seconds
[2025-01-13T17:49:38.828-0500] {processor.py:186} INFO - Started process (PID=95047) to work on /usr/local/lib/python3.10/site-packages/airflow/example_dags/example_branch_operator.py
[2025-01-13T17:49:38.830-0500] {processor.py:914} INFO - Processing file /usr/local/lib/python3.10/site-packages/airflow/example_dags/example_branch_operator.py for tasks to queue
[2025-01-13T17:49:38.831-0500] {logging_mixin.py:190} INFO - [2025-01-13T17:49:38.831-0500] {dagbag.py:588} INFO - Filling up the DagBag from /usr/local/lib/python3.10/site-packages/airflow/example_dags/example_branch_operator.py
[2025-01-13T17:49:38.864-0500] {processor.py:925} INFO - DAG(s) 'example_branch_operator' retrieved from /usr/local/lib/python3.10/site-packages/airflow/example_dags/example_branch_operator.py
[2025-01-13T17:49:39.101-0500] {logging_mixin.py:190} INFO - [2025-01-13T17:49:39.101-0500] {dag.py:3239} INFO - Sync 1 DAGs
[2025-01-13T17:49:39.115-0500] {logging_mixin.py:190} INFO - [2025-01-13T17:49:39.115-0500] {dag.py:4180} INFO - Setting next_dagrun for example_branch_operator to 2025-01-12 00:00:00+00:00, run_after=2025-01-13 00:00:00+00:00
[2025-01-13T17:49:39.130-0500] {processor.py:208} INFO - Processing /usr/local/lib/python3.10/site-packages/airflow/example_dags/example_branch_operator.py took 0.306 seconds
[2025-01-13T17:54:02.561-0500] {processor.py:186} INFO - Started process (PID=97918) to work on /usr/local/lib/python3.10/site-packages/airflow/example_dags/example_branch_operator.py
[2025-01-13T17:54:02.562-0500] {processor.py:914} INFO - Processing file /usr/local/lib/python3.10/site-packages/airflow/example_dags/example_branch_operator.py for tasks to queue
[2025-01-13T17:54:02.564-0500] {logging_mixin.py:190} INFO - [2025-01-13T17:54:02.563-0500] {dagbag.py:588} INFO - Filling up the DagBag from /usr/local/lib/python3.10/site-packages/airflow/example_dags/example_branch_operator.py
[2025-01-13T17:54:02.598-0500] {processor.py:925} INFO - DAG(s) 'example_branch_operator' retrieved from /usr/local/lib/python3.10/site-packages/airflow/example_dags/example_branch_operator.py
[2025-01-13T17:54:02.851-0500] {logging_mixin.py:190} INFO - [2025-01-13T17:54:02.850-0500] {dag.py:3239} INFO - Sync 1 DAGs
[2025-01-13T17:54:02.867-0500] {logging_mixin.py:190} INFO - [2025-01-13T17:54:02.866-0500] {dag.py:4180} INFO - Setting next_dagrun for example_branch_operator to 2025-01-12 00:00:00+00:00, run_after=2025-01-13 00:00:00+00:00
[2025-01-13T17:54:02.883-0500] {processor.py:208} INFO - Processing /usr/local/lib/python3.10/site-packages/airflow/example_dags/example_branch_operator.py took 0.327 seconds
[2025-01-13T17:58:24.494-0500] {processor.py:186} INFO - Started process (PID=1600) to work on /usr/local/lib/python3.10/site-packages/airflow/example_dags/example_branch_operator.py
[2025-01-13T17:58:24.495-0500] {processor.py:914} INFO - Processing file /usr/local/lib/python3.10/site-packages/airflow/example_dags/example_branch_operator.py for tasks to queue
[2025-01-13T17:58:24.497-0500] {logging_mixin.py:190} INFO - [2025-01-13T17:58:24.496-0500] {dagbag.py:588} INFO - Filling up the DagBag from /usr/local/lib/python3.10/site-packages/airflow/example_dags/example_branch_operator.py
[2025-01-13T17:58:24.533-0500] {processor.py:925} INFO - DAG(s) 'example_branch_operator' retrieved from /usr/local/lib/python3.10/site-packages/airflow/example_dags/example_branch_operator.py
[2025-01-13T17:58:24.783-0500] {logging_mixin.py:190} INFO - [2025-01-13T17:58:24.783-0500] {dag.py:3239} INFO - Sync 1 DAGs
[2025-01-13T17:58:24.800-0500] {logging_mixin.py:190} INFO - [2025-01-13T17:58:24.799-0500] {dag.py:4180} INFO - Setting next_dagrun for example_branch_operator to 2025-01-12 00:00:00+00:00, run_after=2025-01-13 00:00:00+00:00
[2025-01-13T17:58:24.817-0500] {processor.py:208} INFO - Processing /usr/local/lib/python3.10/site-packages/airflow/example_dags/example_branch_operator.py took 0.328 seconds
[2025-01-13T18:03:21.275-0500] {processor.py:186} INFO - Started process (PID=5061) to work on /usr/local/lib/python3.10/site-packages/airflow/example_dags/example_branch_operator.py
[2025-01-13T18:03:21.277-0500] {processor.py:914} INFO - Processing file /usr/local/lib/python3.10/site-packages/airflow/example_dags/example_branch_operator.py for tasks to queue
[2025-01-13T18:03:21.278-0500] {logging_mixin.py:190} INFO - [2025-01-13T18:03:21.278-0500] {dagbag.py:588} INFO - Filling up the DagBag from /usr/local/lib/python3.10/site-packages/airflow/example_dags/example_branch_operator.py
[2025-01-13T18:03:21.313-0500] {processor.py:925} INFO - DAG(s) 'example_branch_operator' retrieved from /usr/local/lib/python3.10/site-packages/airflow/example_dags/example_branch_operator.py
[2025-01-13T18:03:21.596-0500] {logging_mixin.py:190} INFO - [2025-01-13T18:03:21.595-0500] {dag.py:3239} INFO - Sync 1 DAGs
[2025-01-13T18:03:21.609-0500] {logging_mixin.py:190} INFO - [2025-01-13T18:03:21.609-0500] {dag.py:4180} INFO - Setting next_dagrun for example_branch_operator to 2025-01-12 00:00:00+00:00, run_after=2025-01-13 00:00:00+00:00
[2025-01-13T18:03:21.623-0500] {processor.py:208} INFO - Processing /usr/local/lib/python3.10/site-packages/airflow/example_dags/example_branch_operator.py took 0.352 seconds
[2025-01-13T18:07:48.699-0500] {processor.py:186} INFO - Started process (PID=8121) to work on /usr/local/lib/python3.10/site-packages/airflow/example_dags/example_branch_operator.py
[2025-01-13T18:07:48.701-0500] {processor.py:914} INFO - Processing file /usr/local/lib/python3.10/site-packages/airflow/example_dags/example_branch_operator.py for tasks to queue
[2025-01-13T18:07:48.704-0500] {logging_mixin.py:190} INFO - [2025-01-13T18:07:48.704-0500] {dagbag.py:588} INFO - Filling up the DagBag from /usr/local/lib/python3.10/site-packages/airflow/example_dags/example_branch_operator.py
[2025-01-13T18:07:48.766-0500] {processor.py:925} INFO - DAG(s) 'example_branch_operator' retrieved from /usr/local/lib/python3.10/site-packages/airflow/example_dags/example_branch_operator.py
[2025-01-13T18:07:49.104-0500] {logging_mixin.py:190} INFO - [2025-01-13T18:07:49.104-0500] {dag.py:3239} INFO - Sync 1 DAGs
[2025-01-13T18:07:49.118-0500] {logging_mixin.py:190} INFO - [2025-01-13T18:07:49.118-0500] {dag.py:4180} INFO - Setting next_dagrun for example_branch_operator to 2025-01-12 00:00:00+00:00, run_after=2025-01-13 00:00:00+00:00
[2025-01-13T18:07:49.135-0500] {processor.py:208} INFO - Processing /usr/local/lib/python3.10/site-packages/airflow/example_dags/example_branch_operator.py took 0.440 seconds
[2025-01-13T18:12:17.493-0500] {processor.py:186} INFO - Started process (PID=11218) to work on /usr/local/lib/python3.10/site-packages/airflow/example_dags/example_branch_operator.py
[2025-01-13T18:12:17.495-0500] {processor.py:914} INFO - Processing file /usr/local/lib/python3.10/site-packages/airflow/example_dags/example_branch_operator.py for tasks to queue
[2025-01-13T18:12:17.496-0500] {logging_mixin.py:190} INFO - [2025-01-13T18:12:17.496-0500] {dagbag.py:588} INFO - Filling up the DagBag from /usr/local/lib/python3.10/site-packages/airflow/example_dags/example_branch_operator.py
[2025-01-13T18:12:17.532-0500] {processor.py:925} INFO - DAG(s) 'example_branch_operator' retrieved from /usr/local/lib/python3.10/site-packages/airflow/example_dags/example_branch_operator.py
[2025-01-13T18:12:17.809-0500] {logging_mixin.py:190} INFO - [2025-01-13T18:12:17.808-0500] {dag.py:3239} INFO - Sync 1 DAGs
[2025-01-13T18:12:17.823-0500] {logging_mixin.py:190} INFO - [2025-01-13T18:12:17.822-0500] {dag.py:4180} INFO - Setting next_dagrun for example_branch_operator to 2025-01-12 00:00:00+00:00, run_after=2025-01-13 00:00:00+00:00
[2025-01-13T18:12:17.840-0500] {processor.py:208} INFO - Processing /usr/local/lib/python3.10/site-packages/airflow/example_dags/example_branch_operator.py took 0.351 seconds
[2025-01-13T18:17:16.733-0500] {processor.py:186} INFO - Started process (PID=14678) to work on /usr/local/lib/python3.10/site-packages/airflow/example_dags/example_branch_operator.py
[2025-01-13T18:17:16.735-0500] {processor.py:914} INFO - Processing file /usr/local/lib/python3.10/site-packages/airflow/example_dags/example_branch_operator.py for tasks to queue
[2025-01-13T18:17:16.737-0500] {logging_mixin.py:190} INFO - [2025-01-13T18:17:16.736-0500] {dagbag.py:588} INFO - Filling up the DagBag from /usr/local/lib/python3.10/site-packages/airflow/example_dags/example_branch_operator.py
[2025-01-13T18:17:16.772-0500] {processor.py:925} INFO - DAG(s) 'example_branch_operator' retrieved from /usr/local/lib/python3.10/site-packages/airflow/example_dags/example_branch_operator.py
[2025-01-13T18:17:17.063-0500] {logging_mixin.py:190} INFO - [2025-01-13T18:17:17.062-0500] {dag.py:3239} INFO - Sync 1 DAGs
[2025-01-13T18:17:17.077-0500] {logging_mixin.py:190} INFO - [2025-01-13T18:17:17.077-0500] {dag.py:4180} INFO - Setting next_dagrun for example_branch_operator to 2025-01-12 00:00:00+00:00, run_after=2025-01-13 00:00:00+00:00
[2025-01-13T18:17:17.091-0500] {processor.py:208} INFO - Processing /usr/local/lib/python3.10/site-packages/airflow/example_dags/example_branch_operator.py took 0.363 seconds
[2025-01-13T18:22:01.497-0500] {processor.py:186} INFO - Started process (PID=18048) to work on /usr/local/lib/python3.10/site-packages/airflow/example_dags/example_branch_operator.py
[2025-01-13T18:22:01.501-0500] {processor.py:914} INFO - Processing file /usr/local/lib/python3.10/site-packages/airflow/example_dags/example_branch_operator.py for tasks to queue
[2025-01-13T18:22:01.503-0500] {logging_mixin.py:190} INFO - [2025-01-13T18:22:01.502-0500] {dagbag.py:588} INFO - Filling up the DagBag from /usr/local/lib/python3.10/site-packages/airflow/example_dags/example_branch_operator.py
[2025-01-13T18:22:01.543-0500] {processor.py:925} INFO - DAG(s) 'example_branch_operator' retrieved from /usr/local/lib/python3.10/site-packages/airflow/example_dags/example_branch_operator.py
[2025-01-13T18:22:01.890-0500] {logging_mixin.py:190} INFO - [2025-01-13T18:22:01.889-0500] {dag.py:3239} INFO - Sync 1 DAGs
[2025-01-13T18:22:01.913-0500] {logging_mixin.py:190} INFO - [2025-01-13T18:22:01.913-0500] {dag.py:4180} INFO - Setting next_dagrun for example_branch_operator to 2025-01-12 00:00:00+00:00, run_after=2025-01-13 00:00:00+00:00
[2025-01-13T18:22:01.939-0500] {processor.py:208} INFO - Processing /usr/local/lib/python3.10/site-packages/airflow/example_dags/example_branch_operator.py took 0.446 seconds
[2025-01-13T18:26:41.286-0500] {processor.py:186} INFO - Started process (PID=21313) to work on /usr/local/lib/python3.10/site-packages/airflow/example_dags/example_branch_operator.py
[2025-01-13T18:26:41.287-0500] {processor.py:914} INFO - Processing file /usr/local/lib/python3.10/site-packages/airflow/example_dags/example_branch_operator.py for tasks to queue
[2025-01-13T18:26:41.288-0500] {logging_mixin.py:190} INFO - [2025-01-13T18:26:41.288-0500] {dagbag.py:588} INFO - Filling up the DagBag from /usr/local/lib/python3.10/site-packages/airflow/example_dags/example_branch_operator.py
[2025-01-13T18:26:41.321-0500] {processor.py:925} INFO - DAG(s) 'example_branch_operator' retrieved from /usr/local/lib/python3.10/site-packages/airflow/example_dags/example_branch_operator.py
[2025-01-13T18:26:41.552-0500] {logging_mixin.py:190} INFO - [2025-01-13T18:26:41.552-0500] {dag.py:3239} INFO - Sync 1 DAGs
[2025-01-13T18:26:41.566-0500] {logging_mixin.py:190} INFO - [2025-01-13T18:26:41.565-0500] {dag.py:4180} INFO - Setting next_dagrun for example_branch_operator to 2025-01-12 00:00:00+00:00, run_after=2025-01-13 00:00:00+00:00
[2025-01-13T18:26:41.581-0500] {processor.py:208} INFO - Processing /usr/local/lib/python3.10/site-packages/airflow/example_dags/example_branch_operator.py took 0.299 seconds
[2025-01-13T18:31:13.334-0500] {processor.py:186} INFO - Started process (PID=24505) to work on /usr/local/lib/python3.10/site-packages/airflow/example_dags/example_branch_operator.py
[2025-01-13T18:31:13.336-0500] {processor.py:914} INFO - Processing file /usr/local/lib/python3.10/site-packages/airflow/example_dags/example_branch_operator.py for tasks to queue
[2025-01-13T18:31:13.337-0500] {logging_mixin.py:190} INFO - [2025-01-13T18:31:13.336-0500] {dagbag.py:588} INFO - Filling up the DagBag from /usr/local/lib/python3.10/site-packages/airflow/example_dags/example_branch_operator.py
[2025-01-13T18:31:13.371-0500] {processor.py:925} INFO - DAG(s) 'example_branch_operator' retrieved from /usr/local/lib/python3.10/site-packages/airflow/example_dags/example_branch_operator.py
[2025-01-13T18:31:13.607-0500] {logging_mixin.py:190} INFO - [2025-01-13T18:31:13.607-0500] {dag.py:3239} INFO - Sync 1 DAGs
[2025-01-13T18:31:13.623-0500] {logging_mixin.py:190} INFO - [2025-01-13T18:31:13.623-0500] {dag.py:4180} INFO - Setting next_dagrun for example_branch_operator to 2025-01-12 00:00:00+00:00, run_after=2025-01-13 00:00:00+00:00
[2025-01-13T18:31:13.639-0500] {processor.py:208} INFO - Processing /usr/local/lib/python3.10/site-packages/airflow/example_dags/example_branch_operator.py took 0.309 seconds
[2025-01-13T18:40:31.468-0500] {processor.py:186} INFO - Started process (PID=30769) to work on /usr/local/lib/python3.10/site-packages/airflow/example_dags/example_branch_operator.py
[2025-01-13T18:40:31.470-0500] {processor.py:914} INFO - Processing file /usr/local/lib/python3.10/site-packages/airflow/example_dags/example_branch_operator.py for tasks to queue
[2025-01-13T18:40:31.472-0500] {logging_mixin.py:190} INFO - [2025-01-13T18:40:31.472-0500] {dagbag.py:588} INFO - Filling up the DagBag from /usr/local/lib/python3.10/site-packages/airflow/example_dags/example_branch_operator.py
[2025-01-13T18:40:31.514-0500] {processor.py:925} INFO - DAG(s) 'example_branch_operator' retrieved from /usr/local/lib/python3.10/site-packages/airflow/example_dags/example_branch_operator.py
[2025-01-13T18:40:31.781-0500] {logging_mixin.py:190} INFO - [2025-01-13T18:40:31.781-0500] {dag.py:3239} INFO - Sync 1 DAGs
[2025-01-13T18:40:31.797-0500] {logging_mixin.py:190} INFO - [2025-01-13T18:40:31.797-0500] {dag.py:4180} INFO - Setting next_dagrun for example_branch_operator to 2025-01-12 00:00:00+00:00, run_after=2025-01-13 00:00:00+00:00
[2025-01-13T18:40:31.815-0500] {processor.py:208} INFO - Processing /usr/local/lib/python3.10/site-packages/airflow/example_dags/example_branch_operator.py took 0.352 seconds
[2025-01-13T18:45:10.969-0500] {processor.py:186} INFO - Started process (PID=33944) to work on /usr/local/lib/python3.10/site-packages/airflow/example_dags/example_branch_operator.py
[2025-01-13T18:45:10.971-0500] {processor.py:914} INFO - Processing file /usr/local/lib/python3.10/site-packages/airflow/example_dags/example_branch_operator.py for tasks to queue
[2025-01-13T18:45:10.972-0500] {logging_mixin.py:190} INFO - [2025-01-13T18:45:10.972-0500] {dagbag.py:588} INFO - Filling up the DagBag from /usr/local/lib/python3.10/site-packages/airflow/example_dags/example_branch_operator.py
[2025-01-13T18:45:11.009-0500] {processor.py:925} INFO - DAG(s) 'example_branch_operator' retrieved from /usr/local/lib/python3.10/site-packages/airflow/example_dags/example_branch_operator.py
[2025-01-13T18:45:11.263-0500] {logging_mixin.py:190} INFO - [2025-01-13T18:45:11.263-0500] {dag.py:3239} INFO - Sync 1 DAGs
[2025-01-13T18:45:11.278-0500] {logging_mixin.py:190} INFO - [2025-01-13T18:45:11.278-0500] {dag.py:4180} INFO - Setting next_dagrun for example_branch_operator to 2025-01-12 00:00:00+00:00, run_after=2025-01-13 00:00:00+00:00
[2025-01-13T18:45:11.297-0500] {processor.py:208} INFO - Processing /usr/local/lib/python3.10/site-packages/airflow/example_dags/example_branch_operator.py took 0.333 seconds
[2025-01-13T18:50:11.826-0500] {processor.py:186} INFO - Started process (PID=37554) to work on /usr/local/lib/python3.10/site-packages/airflow/example_dags/example_branch_operator.py
[2025-01-13T18:50:11.828-0500] {processor.py:914} INFO - Processing file /usr/local/lib/python3.10/site-packages/airflow/example_dags/example_branch_operator.py for tasks to queue
[2025-01-13T18:50:11.829-0500] {logging_mixin.py:190} INFO - [2025-01-13T18:50:11.829-0500] {dagbag.py:588} INFO - Filling up the DagBag from /usr/local/lib/python3.10/site-packages/airflow/example_dags/example_branch_operator.py
[2025-01-13T18:50:11.871-0500] {processor.py:925} INFO - DAG(s) 'example_branch_operator' retrieved from /usr/local/lib/python3.10/site-packages/airflow/example_dags/example_branch_operator.py
[2025-01-13T18:50:12.151-0500] {logging_mixin.py:190} INFO - [2025-01-13T18:50:12.150-0500] {dag.py:3239} INFO - Sync 1 DAGs
[2025-01-13T18:50:12.167-0500] {logging_mixin.py:190} INFO - [2025-01-13T18:50:12.167-0500] {dag.py:4180} INFO - Setting next_dagrun for example_branch_operator to 2025-01-12 00:00:00+00:00, run_after=2025-01-13 00:00:00+00:00
[2025-01-13T18:50:12.186-0500] {processor.py:208} INFO - Processing /usr/local/lib/python3.10/site-packages/airflow/example_dags/example_branch_operator.py took 0.364 seconds
[2025-01-13T18:54:54.719-0500] {processor.py:186} INFO - Started process (PID=40743) to work on /usr/local/lib/python3.10/site-packages/airflow/example_dags/example_branch_operator.py
[2025-01-13T18:54:54.721-0500] {processor.py:914} INFO - Processing file /usr/local/lib/python3.10/site-packages/airflow/example_dags/example_branch_operator.py for tasks to queue
[2025-01-13T18:54:54.722-0500] {logging_mixin.py:190} INFO - [2025-01-13T18:54:54.721-0500] {dagbag.py:588} INFO - Filling up the DagBag from /usr/local/lib/python3.10/site-packages/airflow/example_dags/example_branch_operator.py
[2025-01-13T18:54:54.759-0500] {processor.py:925} INFO - DAG(s) 'example_branch_operator' retrieved from /usr/local/lib/python3.10/site-packages/airflow/example_dags/example_branch_operator.py
[2025-01-13T18:54:55.026-0500] {logging_mixin.py:190} INFO - [2025-01-13T18:54:55.026-0500] {dag.py:3239} INFO - Sync 1 DAGs
[2025-01-13T18:54:55.043-0500] {logging_mixin.py:190} INFO - [2025-01-13T18:54:55.043-0500] {dag.py:4180} INFO - Setting next_dagrun for example_branch_operator to 2025-01-12 00:00:00+00:00, run_after=2025-01-13 00:00:00+00:00
[2025-01-13T18:54:55.061-0500] {processor.py:208} INFO - Processing /usr/local/lib/python3.10/site-packages/airflow/example_dags/example_branch_operator.py took 0.346 seconds
[2025-01-13T18:59:30.273-0500] {processor.py:186} INFO - Started process (PID=44002) to work on /usr/local/lib/python3.10/site-packages/airflow/example_dags/example_branch_operator.py
[2025-01-13T18:59:30.275-0500] {processor.py:914} INFO - Processing file /usr/local/lib/python3.10/site-packages/airflow/example_dags/example_branch_operator.py for tasks to queue
[2025-01-13T18:59:30.276-0500] {logging_mixin.py:190} INFO - [2025-01-13T18:59:30.276-0500] {dagbag.py:588} INFO - Filling up the DagBag from /usr/local/lib/python3.10/site-packages/airflow/example_dags/example_branch_operator.py
[2025-01-13T18:59:30.309-0500] {processor.py:925} INFO - DAG(s) 'example_branch_operator' retrieved from /usr/local/lib/python3.10/site-packages/airflow/example_dags/example_branch_operator.py
[2025-01-13T18:59:30.559-0500] {logging_mixin.py:190} INFO - [2025-01-13T18:59:30.558-0500] {dag.py:3239} INFO - Sync 1 DAGs
[2025-01-13T18:59:30.575-0500] {logging_mixin.py:190} INFO - [2025-01-13T18:59:30.575-0500] {dag.py:4180} INFO - Setting next_dagrun for example_branch_operator to 2025-01-12 00:00:00+00:00, run_after=2025-01-13 00:00:00+00:00
[2025-01-13T18:59:30.593-0500] {processor.py:208} INFO - Processing /usr/local/lib/python3.10/site-packages/airflow/example_dags/example_branch_operator.py took 0.324 seconds
