[2025-01-13T16:53:18.513-0500] {processor.py:186} INFO - Started process (PID=56981) to work on /usr/local/lib/python3.10/site-packages/airflow/example_dags/example_dynamic_task_mapping_with_no_taskflow_operators.py
[2025-01-13T16:53:18.515-0500] {processor.py:914} INFO - Processing file /usr/local/lib/python3.10/site-packages/airflow/example_dags/example_dynamic_task_mapping_with_no_taskflow_operators.py for tasks to queue
[2025-01-13T16:53:18.517-0500] {logging_mixin.py:190} INFO - [2025-01-13T16:53:18.516-0500] {dagbag.py:588} INFO - Filling up the DagBag from /usr/local/lib/python3.10/site-packages/airflow/example_dags/example_dynamic_task_mapping_with_no_taskflow_operators.py
[2025-01-13T16:53:18.528-0500] {processor.py:925} INFO - DAG(s) 'example_dynamic_task_mapping_with_no_taskflow_operators' retrieved from /usr/local/lib/python3.10/site-packages/airflow/example_dags/example_dynamic_task_mapping_with_no_taskflow_operators.py
[2025-01-13T16:53:18.816-0500] {logging_mixin.py:190} INFO - [2025-01-13T16:53:18.814-0500] {override.py:1912} INFO - Created Permission View: can edit on DAG:example_dynamic_task_mapping_with_no_taskflow_operators
[2025-01-13T16:53:18.828-0500] {logging_mixin.py:190} INFO - [2025-01-13T16:53:18.828-0500] {override.py:1912} INFO - Created Permission View: can read on DAG:example_dynamic_task_mapping_with_no_taskflow_operators
[2025-01-13T16:53:18.836-0500] {logging_mixin.py:190} INFO - [2025-01-13T16:53:18.836-0500] {override.py:1912} INFO - Created Permission View: can delete on DAG:example_dynamic_task_mapping_with_no_taskflow_operators
[2025-01-13T16:53:18.845-0500] {logging_mixin.py:190} INFO - [2025-01-13T16:53:18.844-0500] {override.py:1912} INFO - Created Permission View: menu access on DAG Run:example_dynamic_task_mapping_with_no_taskflow_operators
[2025-01-13T16:53:18.852-0500] {logging_mixin.py:190} INFO - [2025-01-13T16:53:18.851-0500] {override.py:1912} INFO - Created Permission View: can create on DAG Run:example_dynamic_task_mapping_with_no_taskflow_operators
[2025-01-13T16:53:18.858-0500] {logging_mixin.py:190} INFO - [2025-01-13T16:53:18.858-0500] {override.py:1912} INFO - Created Permission View: can read on DAG Run:example_dynamic_task_mapping_with_no_taskflow_operators
[2025-01-13T16:53:18.865-0500] {logging_mixin.py:190} INFO - [2025-01-13T16:53:18.865-0500] {override.py:1912} INFO - Created Permission View: can delete on DAG Run:example_dynamic_task_mapping_with_no_taskflow_operators
[2025-01-13T16:53:18.866-0500] {logging_mixin.py:190} INFO - [2025-01-13T16:53:18.865-0500] {dag.py:3239} INFO - Sync 1 DAGs
[2025-01-13T16:53:18.880-0500] {logging_mixin.py:190} INFO - [2025-01-13T16:53:18.880-0500] {dag.py:3262} INFO - Creating ORM DAG for example_dynamic_task_mapping_with_no_taskflow_operators
[2025-01-13T16:53:18.881-0500] {logging_mixin.py:190} INFO - [2025-01-13T16:53:18.880-0500] {dag.py:4180} INFO - Setting next_dagrun for example_dynamic_task_mapping_with_no_taskflow_operators to None, run_after=None
[2025-01-13T16:53:18.898-0500] {processor.py:208} INFO - Processing /usr/local/lib/python3.10/site-packages/airflow/example_dags/example_dynamic_task_mapping_with_no_taskflow_operators.py took 0.389 seconds
[2025-01-13T16:56:05.668-0500] {processor.py:186} INFO - Started process (PID=58836) to work on /usr/local/lib/python3.10/site-packages/airflow/example_dags/example_dynamic_task_mapping_with_no_taskflow_operators.py
[2025-01-13T16:56:05.669-0500] {processor.py:914} INFO - Processing file /usr/local/lib/python3.10/site-packages/airflow/example_dags/example_dynamic_task_mapping_with_no_taskflow_operators.py for tasks to queue
[2025-01-13T16:56:05.671-0500] {logging_mixin.py:190} INFO - [2025-01-13T16:56:05.670-0500] {dagbag.py:588} INFO - Filling up the DagBag from /usr/local/lib/python3.10/site-packages/airflow/example_dags/example_dynamic_task_mapping_with_no_taskflow_operators.py
[2025-01-13T16:56:05.679-0500] {processor.py:925} INFO - DAG(s) 'example_dynamic_task_mapping_with_no_taskflow_operators' retrieved from /usr/local/lib/python3.10/site-packages/airflow/example_dags/example_dynamic_task_mapping_with_no_taskflow_operators.py
[2025-01-13T16:56:05.839-0500] {logging_mixin.py:190} INFO - [2025-01-13T16:56:05.838-0500] {dag.py:3239} INFO - Sync 1 DAGs
[2025-01-13T16:56:05.856-0500] {logging_mixin.py:190} INFO - [2025-01-13T16:56:05.856-0500] {dag.py:4180} INFO - Setting next_dagrun for example_dynamic_task_mapping_with_no_taskflow_operators to None, run_after=None
[2025-01-13T16:56:05.895-0500] {processor.py:208} INFO - Processing /usr/local/lib/python3.10/site-packages/airflow/example_dags/example_dynamic_task_mapping_with_no_taskflow_operators.py took 0.231 seconds
[2025-01-13T17:00:49.355-0500] {processor.py:186} INFO - Started process (PID=62164) to work on /usr/local/lib/python3.10/site-packages/airflow/example_dags/example_dynamic_task_mapping_with_no_taskflow_operators.py
[2025-01-13T17:00:49.356-0500] {processor.py:914} INFO - Processing file /usr/local/lib/python3.10/site-packages/airflow/example_dags/example_dynamic_task_mapping_with_no_taskflow_operators.py for tasks to queue
[2025-01-13T17:00:49.357-0500] {logging_mixin.py:190} INFO - [2025-01-13T17:00:49.357-0500] {dagbag.py:588} INFO - Filling up the DagBag from /usr/local/lib/python3.10/site-packages/airflow/example_dags/example_dynamic_task_mapping_with_no_taskflow_operators.py
[2025-01-13T17:00:49.366-0500] {processor.py:925} INFO - DAG(s) 'example_dynamic_task_mapping_with_no_taskflow_operators' retrieved from /usr/local/lib/python3.10/site-packages/airflow/example_dags/example_dynamic_task_mapping_with_no_taskflow_operators.py
[2025-01-13T17:00:49.529-0500] {logging_mixin.py:190} INFO - [2025-01-13T17:00:49.529-0500] {dag.py:3239} INFO - Sync 1 DAGs
[2025-01-13T17:00:49.539-0500] {logging_mixin.py:190} INFO - [2025-01-13T17:00:49.539-0500] {dag.py:4180} INFO - Setting next_dagrun for example_dynamic_task_mapping_with_no_taskflow_operators to None, run_after=None
[2025-01-13T17:00:49.554-0500] {processor.py:208} INFO - Processing /usr/local/lib/python3.10/site-packages/airflow/example_dags/example_dynamic_task_mapping_with_no_taskflow_operators.py took 0.203 seconds
[2025-01-13T17:05:12.274-0500] {processor.py:186} INFO - Started process (PID=65191) to work on /usr/local/lib/python3.10/site-packages/airflow/example_dags/example_dynamic_task_mapping_with_no_taskflow_operators.py
[2025-01-13T17:05:12.275-0500] {processor.py:914} INFO - Processing file /usr/local/lib/python3.10/site-packages/airflow/example_dags/example_dynamic_task_mapping_with_no_taskflow_operators.py for tasks to queue
[2025-01-13T17:05:12.277-0500] {logging_mixin.py:190} INFO - [2025-01-13T17:05:12.276-0500] {dagbag.py:588} INFO - Filling up the DagBag from /usr/local/lib/python3.10/site-packages/airflow/example_dags/example_dynamic_task_mapping_with_no_taskflow_operators.py
[2025-01-13T17:05:12.285-0500] {processor.py:925} INFO - DAG(s) 'example_dynamic_task_mapping_with_no_taskflow_operators' retrieved from /usr/local/lib/python3.10/site-packages/airflow/example_dags/example_dynamic_task_mapping_with_no_taskflow_operators.py
[2025-01-13T17:05:12.439-0500] {logging_mixin.py:190} INFO - [2025-01-13T17:05:12.439-0500] {dag.py:3239} INFO - Sync 1 DAGs
[2025-01-13T17:05:12.449-0500] {logging_mixin.py:190} INFO - [2025-01-13T17:05:12.449-0500] {dag.py:4180} INFO - Setting next_dagrun for example_dynamic_task_mapping_with_no_taskflow_operators to None, run_after=None
[2025-01-13T17:05:12.463-0500] {processor.py:208} INFO - Processing /usr/local/lib/python3.10/site-packages/airflow/example_dags/example_dynamic_task_mapping_with_no_taskflow_operators.py took 0.193 seconds
[2025-01-13T17:09:41.544-0500] {processor.py:186} INFO - Started process (PID=68239) to work on /usr/local/lib/python3.10/site-packages/airflow/example_dags/example_dynamic_task_mapping_with_no_taskflow_operators.py
[2025-01-13T17:09:41.546-0500] {processor.py:914} INFO - Processing file /usr/local/lib/python3.10/site-packages/airflow/example_dags/example_dynamic_task_mapping_with_no_taskflow_operators.py for tasks to queue
[2025-01-13T17:09:41.547-0500] {logging_mixin.py:190} INFO - [2025-01-13T17:09:41.547-0500] {dagbag.py:588} INFO - Filling up the DagBag from /usr/local/lib/python3.10/site-packages/airflow/example_dags/example_dynamic_task_mapping_with_no_taskflow_operators.py
[2025-01-13T17:09:41.556-0500] {processor.py:925} INFO - DAG(s) 'example_dynamic_task_mapping_with_no_taskflow_operators' retrieved from /usr/local/lib/python3.10/site-packages/airflow/example_dags/example_dynamic_task_mapping_with_no_taskflow_operators.py
[2025-01-13T17:09:41.731-0500] {logging_mixin.py:190} INFO - [2025-01-13T17:09:41.730-0500] {dag.py:3239} INFO - Sync 1 DAGs
[2025-01-13T17:09:41.742-0500] {logging_mixin.py:190} INFO - [2025-01-13T17:09:41.742-0500] {dag.py:4180} INFO - Setting next_dagrun for example_dynamic_task_mapping_with_no_taskflow_operators to None, run_after=None
[2025-01-13T17:09:41.758-0500] {processor.py:208} INFO - Processing /usr/local/lib/python3.10/site-packages/airflow/example_dags/example_dynamic_task_mapping_with_no_taskflow_operators.py took 0.219 seconds
[2025-01-13T17:15:47.495-0500] {processor.py:186} INFO - Started process (PID=71996) to work on /usr/local/lib/python3.10/site-packages/airflow/example_dags/example_dynamic_task_mapping_with_no_taskflow_operators.py
[2025-01-13T17:15:47.497-0500] {processor.py:914} INFO - Processing file /usr/local/lib/python3.10/site-packages/airflow/example_dags/example_dynamic_task_mapping_with_no_taskflow_operators.py for tasks to queue
[2025-01-13T17:15:47.498-0500] {logging_mixin.py:190} INFO - [2025-01-13T17:15:47.498-0500] {dagbag.py:588} INFO - Filling up the DagBag from /usr/local/lib/python3.10/site-packages/airflow/example_dags/example_dynamic_task_mapping_with_no_taskflow_operators.py
[2025-01-13T17:15:47.507-0500] {processor.py:925} INFO - DAG(s) 'example_dynamic_task_mapping_with_no_taskflow_operators' retrieved from /usr/local/lib/python3.10/site-packages/airflow/example_dags/example_dynamic_task_mapping_with_no_taskflow_operators.py
[2025-01-13T17:15:47.664-0500] {logging_mixin.py:190} INFO - [2025-01-13T17:15:47.664-0500] {dag.py:3239} INFO - Sync 1 DAGs
[2025-01-13T17:15:47.674-0500] {logging_mixin.py:190} INFO - [2025-01-13T17:15:47.674-0500] {dag.py:4180} INFO - Setting next_dagrun for example_dynamic_task_mapping_with_no_taskflow_operators to None, run_after=None
[2025-01-13T17:15:47.690-0500] {processor.py:208} INFO - Processing /usr/local/lib/python3.10/site-packages/airflow/example_dags/example_dynamic_task_mapping_with_no_taskflow_operators.py took 0.199 seconds
[2025-01-13T17:20:40.027-0500] {processor.py:186} INFO - Started process (PID=75353) to work on /usr/local/lib/python3.10/site-packages/airflow/example_dags/example_dynamic_task_mapping_with_no_taskflow_operators.py
[2025-01-13T17:20:40.029-0500] {processor.py:914} INFO - Processing file /usr/local/lib/python3.10/site-packages/airflow/example_dags/example_dynamic_task_mapping_with_no_taskflow_operators.py for tasks to queue
[2025-01-13T17:20:40.030-0500] {logging_mixin.py:190} INFO - [2025-01-13T17:20:40.030-0500] {dagbag.py:588} INFO - Filling up the DagBag from /usr/local/lib/python3.10/site-packages/airflow/example_dags/example_dynamic_task_mapping_with_no_taskflow_operators.py
[2025-01-13T17:20:40.039-0500] {processor.py:925} INFO - DAG(s) 'example_dynamic_task_mapping_with_no_taskflow_operators' retrieved from /usr/local/lib/python3.10/site-packages/airflow/example_dags/example_dynamic_task_mapping_with_no_taskflow_operators.py
[2025-01-13T17:20:40.218-0500] {logging_mixin.py:190} INFO - [2025-01-13T17:20:40.218-0500] {dag.py:3239} INFO - Sync 1 DAGs
[2025-01-13T17:20:40.229-0500] {logging_mixin.py:190} INFO - [2025-01-13T17:20:40.229-0500] {dag.py:4180} INFO - Setting next_dagrun for example_dynamic_task_mapping_with_no_taskflow_operators to None, run_after=None
[2025-01-13T17:20:40.246-0500] {processor.py:208} INFO - Processing /usr/local/lib/python3.10/site-packages/airflow/example_dags/example_dynamic_task_mapping_with_no_taskflow_operators.py took 0.223 seconds
[2025-01-13T17:25:03.271-0500] {processor.py:186} INFO - Started process (PID=78346) to work on /usr/local/lib/python3.10/site-packages/airflow/example_dags/example_dynamic_task_mapping_with_no_taskflow_operators.py
[2025-01-13T17:25:03.273-0500] {processor.py:914} INFO - Processing file /usr/local/lib/python3.10/site-packages/airflow/example_dags/example_dynamic_task_mapping_with_no_taskflow_operators.py for tasks to queue
[2025-01-13T17:25:03.274-0500] {logging_mixin.py:190} INFO - [2025-01-13T17:25:03.274-0500] {dagbag.py:588} INFO - Filling up the DagBag from /usr/local/lib/python3.10/site-packages/airflow/example_dags/example_dynamic_task_mapping_with_no_taskflow_operators.py
[2025-01-13T17:25:03.282-0500] {processor.py:925} INFO - DAG(s) 'example_dynamic_task_mapping_with_no_taskflow_operators' retrieved from /usr/local/lib/python3.10/site-packages/airflow/example_dags/example_dynamic_task_mapping_with_no_taskflow_operators.py
[2025-01-13T17:25:03.433-0500] {logging_mixin.py:190} INFO - [2025-01-13T17:25:03.433-0500] {dag.py:3239} INFO - Sync 1 DAGs
[2025-01-13T17:25:03.443-0500] {logging_mixin.py:190} INFO - [2025-01-13T17:25:03.443-0500] {dag.py:4180} INFO - Setting next_dagrun for example_dynamic_task_mapping_with_no_taskflow_operators to None, run_after=None
[2025-01-13T17:25:03.459-0500] {processor.py:208} INFO - Processing /usr/local/lib/python3.10/site-packages/airflow/example_dags/example_dynamic_task_mapping_with_no_taskflow_operators.py took 0.192 seconds
[2025-01-13T17:29:17.133-0500] {processor.py:186} INFO - Started process (PID=81217) to work on /usr/local/lib/python3.10/site-packages/airflow/example_dags/example_dynamic_task_mapping_with_no_taskflow_operators.py
[2025-01-13T17:29:17.135-0500] {processor.py:914} INFO - Processing file /usr/local/lib/python3.10/site-packages/airflow/example_dags/example_dynamic_task_mapping_with_no_taskflow_operators.py for tasks to queue
[2025-01-13T17:29:17.136-0500] {logging_mixin.py:190} INFO - [2025-01-13T17:29:17.136-0500] {dagbag.py:588} INFO - Filling up the DagBag from /usr/local/lib/python3.10/site-packages/airflow/example_dags/example_dynamic_task_mapping_with_no_taskflow_operators.py
[2025-01-13T17:29:17.145-0500] {processor.py:925} INFO - DAG(s) 'example_dynamic_task_mapping_with_no_taskflow_operators' retrieved from /usr/local/lib/python3.10/site-packages/airflow/example_dags/example_dynamic_task_mapping_with_no_taskflow_operators.py
[2025-01-13T17:29:17.302-0500] {logging_mixin.py:190} INFO - [2025-01-13T17:29:17.301-0500] {dag.py:3239} INFO - Sync 1 DAGs
[2025-01-13T17:29:17.311-0500] {logging_mixin.py:190} INFO - [2025-01-13T17:29:17.311-0500] {dag.py:4180} INFO - Setting next_dagrun for example_dynamic_task_mapping_with_no_taskflow_operators to None, run_after=None
[2025-01-13T17:29:17.326-0500] {processor.py:208} INFO - Processing /usr/local/lib/python3.10/site-packages/airflow/example_dags/example_dynamic_task_mapping_with_no_taskflow_operators.py took 0.197 seconds
[2025-01-13T17:33:48.500-0500] {processor.py:186} INFO - Started process (PID=84232) to work on /usr/local/lib/python3.10/site-packages/airflow/example_dags/example_dynamic_task_mapping_with_no_taskflow_operators.py
[2025-01-13T17:33:48.501-0500] {processor.py:914} INFO - Processing file /usr/local/lib/python3.10/site-packages/airflow/example_dags/example_dynamic_task_mapping_with_no_taskflow_operators.py for tasks to queue
[2025-01-13T17:33:48.503-0500] {logging_mixin.py:190} INFO - [2025-01-13T17:33:48.502-0500] {dagbag.py:588} INFO - Filling up the DagBag from /usr/local/lib/python3.10/site-packages/airflow/example_dags/example_dynamic_task_mapping_with_no_taskflow_operators.py
[2025-01-13T17:33:48.512-0500] {processor.py:925} INFO - DAG(s) 'example_dynamic_task_mapping_with_no_taskflow_operators' retrieved from /usr/local/lib/python3.10/site-packages/airflow/example_dags/example_dynamic_task_mapping_with_no_taskflow_operators.py
[2025-01-13T17:33:48.667-0500] {logging_mixin.py:190} INFO - [2025-01-13T17:33:48.667-0500] {dag.py:3239} INFO - Sync 1 DAGs
[2025-01-13T17:33:48.677-0500] {logging_mixin.py:190} INFO - [2025-01-13T17:33:48.677-0500] {dag.py:4180} INFO - Setting next_dagrun for example_dynamic_task_mapping_with_no_taskflow_operators to None, run_after=None
[2025-01-13T17:33:48.695-0500] {processor.py:208} INFO - Processing /usr/local/lib/python3.10/site-packages/airflow/example_dags/example_dynamic_task_mapping_with_no_taskflow_operators.py took 0.200 seconds
[2025-01-13T17:38:33.065-0500] {processor.py:186} INFO - Started process (PID=87546) to work on /usr/local/lib/python3.10/site-packages/airflow/example_dags/example_dynamic_task_mapping_with_no_taskflow_operators.py
[2025-01-13T17:38:33.067-0500] {processor.py:914} INFO - Processing file /usr/local/lib/python3.10/site-packages/airflow/example_dags/example_dynamic_task_mapping_with_no_taskflow_operators.py for tasks to queue
[2025-01-13T17:38:33.068-0500] {logging_mixin.py:190} INFO - [2025-01-13T17:38:33.068-0500] {dagbag.py:588} INFO - Filling up the DagBag from /usr/local/lib/python3.10/site-packages/airflow/example_dags/example_dynamic_task_mapping_with_no_taskflow_operators.py
[2025-01-13T17:38:33.077-0500] {processor.py:925} INFO - DAG(s) 'example_dynamic_task_mapping_with_no_taskflow_operators' retrieved from /usr/local/lib/python3.10/site-packages/airflow/example_dags/example_dynamic_task_mapping_with_no_taskflow_operators.py
[2025-01-13T17:38:33.236-0500] {logging_mixin.py:190} INFO - [2025-01-13T17:38:33.235-0500] {dag.py:3239} INFO - Sync 1 DAGs
[2025-01-13T17:38:33.246-0500] {logging_mixin.py:190} INFO - [2025-01-13T17:38:33.246-0500] {dag.py:4180} INFO - Setting next_dagrun for example_dynamic_task_mapping_with_no_taskflow_operators to None, run_after=None
[2025-01-13T17:38:33.261-0500] {processor.py:208} INFO - Processing /usr/local/lib/python3.10/site-packages/airflow/example_dags/example_dynamic_task_mapping_with_no_taskflow_operators.py took 0.199 seconds
[2025-01-13T17:43:11.766-0500] {processor.py:186} INFO - Started process (PID=90690) to work on /usr/local/lib/python3.10/site-packages/airflow/example_dags/example_dynamic_task_mapping_with_no_taskflow_operators.py
[2025-01-13T17:43:11.768-0500] {processor.py:914} INFO - Processing file /usr/local/lib/python3.10/site-packages/airflow/example_dags/example_dynamic_task_mapping_with_no_taskflow_operators.py for tasks to queue
[2025-01-13T17:43:11.769-0500] {logging_mixin.py:190} INFO - [2025-01-13T17:43:11.769-0500] {dagbag.py:588} INFO - Filling up the DagBag from /usr/local/lib/python3.10/site-packages/airflow/example_dags/example_dynamic_task_mapping_with_no_taskflow_operators.py
[2025-01-13T17:43:11.777-0500] {processor.py:925} INFO - DAG(s) 'example_dynamic_task_mapping_with_no_taskflow_operators' retrieved from /usr/local/lib/python3.10/site-packages/airflow/example_dags/example_dynamic_task_mapping_with_no_taskflow_operators.py
[2025-01-13T17:43:11.927-0500] {logging_mixin.py:190} INFO - [2025-01-13T17:43:11.927-0500] {dag.py:3239} INFO - Sync 1 DAGs
[2025-01-13T17:43:11.937-0500] {logging_mixin.py:190} INFO - [2025-01-13T17:43:11.937-0500] {dag.py:4180} INFO - Setting next_dagrun for example_dynamic_task_mapping_with_no_taskflow_operators to None, run_after=None
[2025-01-13T17:43:11.952-0500] {processor.py:208} INFO - Processing /usr/local/lib/python3.10/site-packages/airflow/example_dags/example_dynamic_task_mapping_with_no_taskflow_operators.py took 0.190 seconds
[2025-01-13T17:47:23.801-0500] {processor.py:186} INFO - Started process (PID=93557) to work on /usr/local/lib/python3.10/site-packages/airflow/example_dags/example_dynamic_task_mapping_with_no_taskflow_operators.py
[2025-01-13T17:47:23.803-0500] {processor.py:914} INFO - Processing file /usr/local/lib/python3.10/site-packages/airflow/example_dags/example_dynamic_task_mapping_with_no_taskflow_operators.py for tasks to queue
[2025-01-13T17:47:23.804-0500] {logging_mixin.py:190} INFO - [2025-01-13T17:47:23.803-0500] {dagbag.py:588} INFO - Filling up the DagBag from /usr/local/lib/python3.10/site-packages/airflow/example_dags/example_dynamic_task_mapping_with_no_taskflow_operators.py
[2025-01-13T17:47:23.812-0500] {processor.py:925} INFO - DAG(s) 'example_dynamic_task_mapping_with_no_taskflow_operators' retrieved from /usr/local/lib/python3.10/site-packages/airflow/example_dags/example_dynamic_task_mapping_with_no_taskflow_operators.py
[2025-01-13T17:47:23.971-0500] {logging_mixin.py:190} INFO - [2025-01-13T17:47:23.970-0500] {dag.py:3239} INFO - Sync 1 DAGs
[2025-01-13T17:47:23.980-0500] {logging_mixin.py:190} INFO - [2025-01-13T17:47:23.980-0500] {dag.py:4180} INFO - Setting next_dagrun for example_dynamic_task_mapping_with_no_taskflow_operators to None, run_after=None
[2025-01-13T17:47:23.995-0500] {processor.py:208} INFO - Processing /usr/local/lib/python3.10/site-packages/airflow/example_dags/example_dynamic_task_mapping_with_no_taskflow_operators.py took 0.198 seconds
[2025-01-13T17:51:48.217-0500] {processor.py:186} INFO - Started process (PID=96426) to work on /usr/local/lib/python3.10/site-packages/airflow/example_dags/example_dynamic_task_mapping_with_no_taskflow_operators.py
[2025-01-13T17:51:48.218-0500] {processor.py:914} INFO - Processing file /usr/local/lib/python3.10/site-packages/airflow/example_dags/example_dynamic_task_mapping_with_no_taskflow_operators.py for tasks to queue
[2025-01-13T17:51:48.219-0500] {logging_mixin.py:190} INFO - [2025-01-13T17:51:48.219-0500] {dagbag.py:588} INFO - Filling up the DagBag from /usr/local/lib/python3.10/site-packages/airflow/example_dags/example_dynamic_task_mapping_with_no_taskflow_operators.py
[2025-01-13T17:51:48.229-0500] {processor.py:925} INFO - DAG(s) 'example_dynamic_task_mapping_with_no_taskflow_operators' retrieved from /usr/local/lib/python3.10/site-packages/airflow/example_dags/example_dynamic_task_mapping_with_no_taskflow_operators.py
[2025-01-13T17:51:48.380-0500] {logging_mixin.py:190} INFO - [2025-01-13T17:51:48.379-0500] {dag.py:3239} INFO - Sync 1 DAGs
[2025-01-13T17:51:48.389-0500] {logging_mixin.py:190} INFO - [2025-01-13T17:51:48.389-0500] {dag.py:4180} INFO - Setting next_dagrun for example_dynamic_task_mapping_with_no_taskflow_operators to None, run_after=None
[2025-01-13T17:51:48.405-0500] {processor.py:208} INFO - Processing /usr/local/lib/python3.10/site-packages/airflow/example_dags/example_dynamic_task_mapping_with_no_taskflow_operators.py took 0.192 seconds
[2025-01-13T17:56:10.620-0500] {processor.py:186} INFO - Started process (PID=99433) to work on /usr/local/lib/python3.10/site-packages/airflow/example_dags/example_dynamic_task_mapping_with_no_taskflow_operators.py
[2025-01-13T17:56:10.622-0500] {processor.py:914} INFO - Processing file /usr/local/lib/python3.10/site-packages/airflow/example_dags/example_dynamic_task_mapping_with_no_taskflow_operators.py for tasks to queue
[2025-01-13T17:56:10.623-0500] {logging_mixin.py:190} INFO - [2025-01-13T17:56:10.623-0500] {dagbag.py:588} INFO - Filling up the DagBag from /usr/local/lib/python3.10/site-packages/airflow/example_dags/example_dynamic_task_mapping_with_no_taskflow_operators.py
[2025-01-13T17:56:10.632-0500] {processor.py:925} INFO - DAG(s) 'example_dynamic_task_mapping_with_no_taskflow_operators' retrieved from /usr/local/lib/python3.10/site-packages/airflow/example_dags/example_dynamic_task_mapping_with_no_taskflow_operators.py
[2025-01-13T17:56:10.789-0500] {logging_mixin.py:190} INFO - [2025-01-13T17:56:10.789-0500] {dag.py:3239} INFO - Sync 1 DAGs
[2025-01-13T17:56:10.799-0500] {logging_mixin.py:190} INFO - [2025-01-13T17:56:10.799-0500] {dag.py:4180} INFO - Setting next_dagrun for example_dynamic_task_mapping_with_no_taskflow_operators to None, run_after=None
[2025-01-13T17:56:10.816-0500] {processor.py:208} INFO - Processing /usr/local/lib/python3.10/site-packages/airflow/example_dags/example_dynamic_task_mapping_with_no_taskflow_operators.py took 0.200 seconds
[2025-01-13T18:00:49.792-0500] {processor.py:186} INFO - Started process (PID=3278) to work on /usr/local/lib/python3.10/site-packages/airflow/example_dags/example_dynamic_task_mapping_with_no_taskflow_operators.py
[2025-01-13T18:00:49.794-0500] {processor.py:914} INFO - Processing file /usr/local/lib/python3.10/site-packages/airflow/example_dags/example_dynamic_task_mapping_with_no_taskflow_operators.py for tasks to queue
[2025-01-13T18:00:49.795-0500] {logging_mixin.py:190} INFO - [2025-01-13T18:00:49.795-0500] {dagbag.py:588} INFO - Filling up the DagBag from /usr/local/lib/python3.10/site-packages/airflow/example_dags/example_dynamic_task_mapping_with_no_taskflow_operators.py
[2025-01-13T18:00:49.804-0500] {processor.py:925} INFO - DAG(s) 'example_dynamic_task_mapping_with_no_taskflow_operators' retrieved from /usr/local/lib/python3.10/site-packages/airflow/example_dags/example_dynamic_task_mapping_with_no_taskflow_operators.py
[2025-01-13T18:00:49.956-0500] {logging_mixin.py:190} INFO - [2025-01-13T18:00:49.955-0500] {dag.py:3239} INFO - Sync 1 DAGs
[2025-01-13T18:00:49.966-0500] {logging_mixin.py:190} INFO - [2025-01-13T18:00:49.965-0500] {dag.py:4180} INFO - Setting next_dagrun for example_dynamic_task_mapping_with_no_taskflow_operators to None, run_after=None
[2025-01-13T18:00:49.981-0500] {processor.py:208} INFO - Processing /usr/local/lib/python3.10/site-packages/airflow/example_dags/example_dynamic_task_mapping_with_no_taskflow_operators.py took 0.193 seconds
[2025-01-13T18:05:18.733-0500] {processor.py:186} INFO - Started process (PID=6369) to work on /usr/local/lib/python3.10/site-packages/airflow/example_dags/example_dynamic_task_mapping_with_no_taskflow_operators.py
[2025-01-13T18:05:18.735-0500] {processor.py:914} INFO - Processing file /usr/local/lib/python3.10/site-packages/airflow/example_dags/example_dynamic_task_mapping_with_no_taskflow_operators.py for tasks to queue
[2025-01-13T18:05:18.736-0500] {logging_mixin.py:190} INFO - [2025-01-13T18:05:18.736-0500] {dagbag.py:588} INFO - Filling up the DagBag from /usr/local/lib/python3.10/site-packages/airflow/example_dags/example_dynamic_task_mapping_with_no_taskflow_operators.py
[2025-01-13T18:05:18.745-0500] {processor.py:925} INFO - DAG(s) 'example_dynamic_task_mapping_with_no_taskflow_operators' retrieved from /usr/local/lib/python3.10/site-packages/airflow/example_dags/example_dynamic_task_mapping_with_no_taskflow_operators.py
[2025-01-13T18:05:18.895-0500] {logging_mixin.py:190} INFO - [2025-01-13T18:05:18.895-0500] {dag.py:3239} INFO - Sync 1 DAGs
[2025-01-13T18:05:18.905-0500] {logging_mixin.py:190} INFO - [2025-01-13T18:05:18.904-0500] {dag.py:4180} INFO - Setting next_dagrun for example_dynamic_task_mapping_with_no_taskflow_operators to None, run_after=None
[2025-01-13T18:05:18.920-0500] {processor.py:208} INFO - Processing /usr/local/lib/python3.10/site-packages/airflow/example_dags/example_dynamic_task_mapping_with_no_taskflow_operators.py took 0.190 seconds
[2025-01-13T18:09:50.593-0500] {processor.py:186} INFO - Started process (PID=9518) to work on /usr/local/lib/python3.10/site-packages/airflow/example_dags/example_dynamic_task_mapping_with_no_taskflow_operators.py
[2025-01-13T18:09:50.594-0500] {processor.py:914} INFO - Processing file /usr/local/lib/python3.10/site-packages/airflow/example_dags/example_dynamic_task_mapping_with_no_taskflow_operators.py for tasks to queue
[2025-01-13T18:09:50.596-0500] {logging_mixin.py:190} INFO - [2025-01-13T18:09:50.595-0500] {dagbag.py:588} INFO - Filling up the DagBag from /usr/local/lib/python3.10/site-packages/airflow/example_dags/example_dynamic_task_mapping_with_no_taskflow_operators.py
[2025-01-13T18:09:50.605-0500] {processor.py:925} INFO - DAG(s) 'example_dynamic_task_mapping_with_no_taskflow_operators' retrieved from /usr/local/lib/python3.10/site-packages/airflow/example_dags/example_dynamic_task_mapping_with_no_taskflow_operators.py
[2025-01-13T18:09:50.764-0500] {logging_mixin.py:190} INFO - [2025-01-13T18:09:50.764-0500] {dag.py:3239} INFO - Sync 1 DAGs
[2025-01-13T18:09:50.775-0500] {logging_mixin.py:190} INFO - [2025-01-13T18:09:50.775-0500] {dag.py:4180} INFO - Setting next_dagrun for example_dynamic_task_mapping_with_no_taskflow_operators to None, run_after=None
[2025-01-13T18:09:50.791-0500] {processor.py:208} INFO - Processing /usr/local/lib/python3.10/site-packages/airflow/example_dags/example_dynamic_task_mapping_with_no_taskflow_operators.py took 0.202 seconds
[2025-01-13T18:14:34.200-0500] {processor.py:186} INFO - Started process (PID=12866) to work on /usr/local/lib/python3.10/site-packages/airflow/example_dags/example_dynamic_task_mapping_with_no_taskflow_operators.py
[2025-01-13T18:14:34.203-0500] {processor.py:914} INFO - Processing file /usr/local/lib/python3.10/site-packages/airflow/example_dags/example_dynamic_task_mapping_with_no_taskflow_operators.py for tasks to queue
[2025-01-13T18:14:34.204-0500] {logging_mixin.py:190} INFO - [2025-01-13T18:14:34.204-0500] {dagbag.py:588} INFO - Filling up the DagBag from /usr/local/lib/python3.10/site-packages/airflow/example_dags/example_dynamic_task_mapping_with_no_taskflow_operators.py
[2025-01-13T18:14:34.214-0500] {processor.py:925} INFO - DAG(s) 'example_dynamic_task_mapping_with_no_taskflow_operators' retrieved from /usr/local/lib/python3.10/site-packages/airflow/example_dags/example_dynamic_task_mapping_with_no_taskflow_operators.py
[2025-01-13T18:14:34.386-0500] {logging_mixin.py:190} INFO - [2025-01-13T18:14:34.385-0500] {dag.py:3239} INFO - Sync 1 DAGs
[2025-01-13T18:14:34.396-0500] {logging_mixin.py:190} INFO - [2025-01-13T18:14:34.396-0500] {dag.py:4180} INFO - Setting next_dagrun for example_dynamic_task_mapping_with_no_taskflow_operators to None, run_after=None
[2025-01-13T18:14:34.414-0500] {processor.py:208} INFO - Processing /usr/local/lib/python3.10/site-packages/airflow/example_dags/example_dynamic_task_mapping_with_no_taskflow_operators.py took 0.219 seconds
[2025-01-13T18:17:11.888-0500] {processor.py:186} INFO - Started process (PID=14674) to work on /usr/local/lib/python3.10/site-packages/airflow/example_dags/example_dynamic_task_mapping_with_no_taskflow_operators.py
[2025-01-13T18:17:11.890-0500] {processor.py:914} INFO - Processing file /usr/local/lib/python3.10/site-packages/airflow/example_dags/example_dynamic_task_mapping_with_no_taskflow_operators.py for tasks to queue
[2025-01-13T18:17:11.891-0500] {logging_mixin.py:190} INFO - [2025-01-13T18:17:11.891-0500] {dagbag.py:588} INFO - Filling up the DagBag from /usr/local/lib/python3.10/site-packages/airflow/example_dags/example_dynamic_task_mapping_with_no_taskflow_operators.py
[2025-01-13T18:17:11.901-0500] {processor.py:925} INFO - DAG(s) 'example_dynamic_task_mapping_with_no_taskflow_operators' retrieved from /usr/local/lib/python3.10/site-packages/airflow/example_dags/example_dynamic_task_mapping_with_no_taskflow_operators.py
[2025-01-13T18:17:12.070-0500] {logging_mixin.py:190} INFO - [2025-01-13T18:17:12.070-0500] {dag.py:3239} INFO - Sync 1 DAGs
[2025-01-13T18:17:12.082-0500] {logging_mixin.py:190} INFO - [2025-01-13T18:17:12.082-0500] {dag.py:4180} INFO - Setting next_dagrun for example_dynamic_task_mapping_with_no_taskflow_operators to None, run_after=None
[2025-01-13T18:17:12.102-0500] {processor.py:208} INFO - Processing /usr/local/lib/python3.10/site-packages/airflow/example_dags/example_dynamic_task_mapping_with_no_taskflow_operators.py took 0.218 seconds
[2025-01-13T18:21:55.375-0500] {processor.py:186} INFO - Started process (PID=18034) to work on /usr/local/lib/python3.10/site-packages/airflow/example_dags/example_dynamic_task_mapping_with_no_taskflow_operators.py
[2025-01-13T18:21:55.377-0500] {processor.py:914} INFO - Processing file /usr/local/lib/python3.10/site-packages/airflow/example_dags/example_dynamic_task_mapping_with_no_taskflow_operators.py for tasks to queue
[2025-01-13T18:21:55.378-0500] {logging_mixin.py:190} INFO - [2025-01-13T18:21:55.378-0500] {dagbag.py:588} INFO - Filling up the DagBag from /usr/local/lib/python3.10/site-packages/airflow/example_dags/example_dynamic_task_mapping_with_no_taskflow_operators.py
[2025-01-13T18:21:55.387-0500] {processor.py:925} INFO - DAG(s) 'example_dynamic_task_mapping_with_no_taskflow_operators' retrieved from /usr/local/lib/python3.10/site-packages/airflow/example_dags/example_dynamic_task_mapping_with_no_taskflow_operators.py
[2025-01-13T18:21:55.543-0500] {logging_mixin.py:190} INFO - [2025-01-13T18:21:55.543-0500] {dag.py:3239} INFO - Sync 1 DAGs
[2025-01-13T18:21:55.554-0500] {logging_mixin.py:190} INFO - [2025-01-13T18:21:55.554-0500] {dag.py:4180} INFO - Setting next_dagrun for example_dynamic_task_mapping_with_no_taskflow_operators to None, run_after=None
[2025-01-13T18:21:55.570-0500] {processor.py:208} INFO - Processing /usr/local/lib/python3.10/site-packages/airflow/example_dags/example_dynamic_task_mapping_with_no_taskflow_operators.py took 0.199 seconds
[2025-01-13T18:26:36.013-0500] {processor.py:186} INFO - Started process (PID=21200) to work on /usr/local/lib/python3.10/site-packages/airflow/example_dags/example_dynamic_task_mapping_with_no_taskflow_operators.py
[2025-01-13T18:26:36.015-0500] {processor.py:914} INFO - Processing file /usr/local/lib/python3.10/site-packages/airflow/example_dags/example_dynamic_task_mapping_with_no_taskflow_operators.py for tasks to queue
[2025-01-13T18:26:36.016-0500] {logging_mixin.py:190} INFO - [2025-01-13T18:26:36.016-0500] {dagbag.py:588} INFO - Filling up the DagBag from /usr/local/lib/python3.10/site-packages/airflow/example_dags/example_dynamic_task_mapping_with_no_taskflow_operators.py
[2025-01-13T18:26:36.024-0500] {processor.py:925} INFO - DAG(s) 'example_dynamic_task_mapping_with_no_taskflow_operators' retrieved from /usr/local/lib/python3.10/site-packages/airflow/example_dags/example_dynamic_task_mapping_with_no_taskflow_operators.py
[2025-01-13T18:26:36.178-0500] {logging_mixin.py:190} INFO - [2025-01-13T18:26:36.177-0500] {dag.py:3239} INFO - Sync 1 DAGs
[2025-01-13T18:26:36.187-0500] {logging_mixin.py:190} INFO - [2025-01-13T18:26:36.187-0500] {dag.py:4180} INFO - Setting next_dagrun for example_dynamic_task_mapping_with_no_taskflow_operators to None, run_after=None
[2025-01-13T18:26:36.203-0500] {processor.py:208} INFO - Processing /usr/local/lib/python3.10/site-packages/airflow/example_dags/example_dynamic_task_mapping_with_no_taskflow_operators.py took 0.194 seconds
[2025-01-13T18:31:08.086-0500] {processor.py:186} INFO - Started process (PID=24391) to work on /usr/local/lib/python3.10/site-packages/airflow/example_dags/example_dynamic_task_mapping_with_no_taskflow_operators.py
[2025-01-13T18:31:08.088-0500] {processor.py:914} INFO - Processing file /usr/local/lib/python3.10/site-packages/airflow/example_dags/example_dynamic_task_mapping_with_no_taskflow_operators.py for tasks to queue
[2025-01-13T18:31:08.089-0500] {logging_mixin.py:190} INFO - [2025-01-13T18:31:08.089-0500] {dagbag.py:588} INFO - Filling up the DagBag from /usr/local/lib/python3.10/site-packages/airflow/example_dags/example_dynamic_task_mapping_with_no_taskflow_operators.py
[2025-01-13T18:31:08.098-0500] {processor.py:925} INFO - DAG(s) 'example_dynamic_task_mapping_with_no_taskflow_operators' retrieved from /usr/local/lib/python3.10/site-packages/airflow/example_dags/example_dynamic_task_mapping_with_no_taskflow_operators.py
[2025-01-13T18:31:08.259-0500] {logging_mixin.py:190} INFO - [2025-01-13T18:31:08.259-0500] {dag.py:3239} INFO - Sync 1 DAGs
[2025-01-13T18:31:08.269-0500] {logging_mixin.py:190} INFO - [2025-01-13T18:31:08.269-0500] {dag.py:4180} INFO - Setting next_dagrun for example_dynamic_task_mapping_with_no_taskflow_operators to None, run_after=None
[2025-01-13T18:31:08.284-0500] {processor.py:208} INFO - Processing /usr/local/lib/python3.10/site-packages/airflow/example_dags/example_dynamic_task_mapping_with_no_taskflow_operators.py took 0.202 seconds
[2025-01-13T18:40:02.151-0500] {processor.py:186} INFO - Started process (PID=30420) to work on /usr/local/lib/python3.10/site-packages/airflow/example_dags/example_dynamic_task_mapping_with_no_taskflow_operators.py
[2025-01-13T18:40:02.153-0500] {processor.py:914} INFO - Processing file /usr/local/lib/python3.10/site-packages/airflow/example_dags/example_dynamic_task_mapping_with_no_taskflow_operators.py for tasks to queue
[2025-01-13T18:40:02.154-0500] {logging_mixin.py:190} INFO - [2025-01-13T18:40:02.154-0500] {dagbag.py:588} INFO - Filling up the DagBag from /usr/local/lib/python3.10/site-packages/airflow/example_dags/example_dynamic_task_mapping_with_no_taskflow_operators.py
[2025-01-13T18:40:02.164-0500] {processor.py:925} INFO - DAG(s) 'example_dynamic_task_mapping_with_no_taskflow_operators' retrieved from /usr/local/lib/python3.10/site-packages/airflow/example_dags/example_dynamic_task_mapping_with_no_taskflow_operators.py
[2025-01-13T18:40:02.334-0500] {logging_mixin.py:190} INFO - [2025-01-13T18:40:02.333-0500] {dag.py:3239} INFO - Sync 1 DAGs
[2025-01-13T18:40:02.345-0500] {logging_mixin.py:190} INFO - [2025-01-13T18:40:02.344-0500] {dag.py:4180} INFO - Setting next_dagrun for example_dynamic_task_mapping_with_no_taskflow_operators to None, run_after=None
[2025-01-13T18:40:02.360-0500] {processor.py:208} INFO - Processing /usr/local/lib/python3.10/site-packages/airflow/example_dags/example_dynamic_task_mapping_with_no_taskflow_operators.py took 0.214 seconds
[2025-01-13T18:42:55.098-0500] {processor.py:186} INFO - Started process (PID=32408) to work on /usr/local/lib/python3.10/site-packages/airflow/example_dags/example_dynamic_task_mapping_with_no_taskflow_operators.py
[2025-01-13T18:42:55.100-0500] {processor.py:914} INFO - Processing file /usr/local/lib/python3.10/site-packages/airflow/example_dags/example_dynamic_task_mapping_with_no_taskflow_operators.py for tasks to queue
[2025-01-13T18:42:55.101-0500] {logging_mixin.py:190} INFO - [2025-01-13T18:42:55.101-0500] {dagbag.py:588} INFO - Filling up the DagBag from /usr/local/lib/python3.10/site-packages/airflow/example_dags/example_dynamic_task_mapping_with_no_taskflow_operators.py
[2025-01-13T18:42:55.111-0500] {processor.py:925} INFO - DAG(s) 'example_dynamic_task_mapping_with_no_taskflow_operators' retrieved from /usr/local/lib/python3.10/site-packages/airflow/example_dags/example_dynamic_task_mapping_with_no_taskflow_operators.py
[2025-01-13T18:42:55.273-0500] {logging_mixin.py:190} INFO - [2025-01-13T18:42:55.273-0500] {dag.py:3239} INFO - Sync 1 DAGs
[2025-01-13T18:42:55.284-0500] {logging_mixin.py:190} INFO - [2025-01-13T18:42:55.284-0500] {dag.py:4180} INFO - Setting next_dagrun for example_dynamic_task_mapping_with_no_taskflow_operators to None, run_after=None
[2025-01-13T18:42:55.301-0500] {processor.py:208} INFO - Processing /usr/local/lib/python3.10/site-packages/airflow/example_dags/example_dynamic_task_mapping_with_no_taskflow_operators.py took 0.207 seconds
[2025-01-13T18:47:34.670-0500] {processor.py:186} INFO - Started process (PID=35600) to work on /usr/local/lib/python3.10/site-packages/airflow/example_dags/example_dynamic_task_mapping_with_no_taskflow_operators.py
[2025-01-13T18:47:34.672-0500] {processor.py:914} INFO - Processing file /usr/local/lib/python3.10/site-packages/airflow/example_dags/example_dynamic_task_mapping_with_no_taskflow_operators.py for tasks to queue
[2025-01-13T18:47:34.673-0500] {logging_mixin.py:190} INFO - [2025-01-13T18:47:34.673-0500] {dagbag.py:588} INFO - Filling up the DagBag from /usr/local/lib/python3.10/site-packages/airflow/example_dags/example_dynamic_task_mapping_with_no_taskflow_operators.py
[2025-01-13T18:47:34.682-0500] {processor.py:925} INFO - DAG(s) 'example_dynamic_task_mapping_with_no_taskflow_operators' retrieved from /usr/local/lib/python3.10/site-packages/airflow/example_dags/example_dynamic_task_mapping_with_no_taskflow_operators.py
[2025-01-13T18:47:34.842-0500] {logging_mixin.py:190} INFO - [2025-01-13T18:47:34.842-0500] {dag.py:3239} INFO - Sync 1 DAGs
[2025-01-13T18:47:34.853-0500] {logging_mixin.py:190} INFO - [2025-01-13T18:47:34.852-0500] {dag.py:4180} INFO - Setting next_dagrun for example_dynamic_task_mapping_with_no_taskflow_operators to None, run_after=None
[2025-01-13T18:47:34.869-0500] {processor.py:208} INFO - Processing /usr/local/lib/python3.10/site-packages/airflow/example_dags/example_dynamic_task_mapping_with_no_taskflow_operators.py took 0.203 seconds
[2025-01-13T18:52:35.464-0500] {processor.py:186} INFO - Started process (PID=39092) to work on /usr/local/lib/python3.10/site-packages/airflow/example_dags/example_dynamic_task_mapping_with_no_taskflow_operators.py
[2025-01-13T18:52:35.466-0500] {processor.py:914} INFO - Processing file /usr/local/lib/python3.10/site-packages/airflow/example_dags/example_dynamic_task_mapping_with_no_taskflow_operators.py for tasks to queue
[2025-01-13T18:52:35.468-0500] {logging_mixin.py:190} INFO - [2025-01-13T18:52:35.467-0500] {dagbag.py:588} INFO - Filling up the DagBag from /usr/local/lib/python3.10/site-packages/airflow/example_dags/example_dynamic_task_mapping_with_no_taskflow_operators.py
[2025-01-13T18:52:35.477-0500] {processor.py:925} INFO - DAG(s) 'example_dynamic_task_mapping_with_no_taskflow_operators' retrieved from /usr/local/lib/python3.10/site-packages/airflow/example_dags/example_dynamic_task_mapping_with_no_taskflow_operators.py
[2025-01-13T18:52:35.658-0500] {logging_mixin.py:190} INFO - [2025-01-13T18:52:35.657-0500] {dag.py:3239} INFO - Sync 1 DAGs
[2025-01-13T18:52:35.669-0500] {logging_mixin.py:190} INFO - [2025-01-13T18:52:35.669-0500] {dag.py:4180} INFO - Setting next_dagrun for example_dynamic_task_mapping_with_no_taskflow_operators to None, run_after=None
[2025-01-13T18:52:35.687-0500] {processor.py:208} INFO - Processing /usr/local/lib/python3.10/site-packages/airflow/example_dags/example_dynamic_task_mapping_with_no_taskflow_operators.py took 0.227 seconds
[2025-01-13T18:57:13.698-0500] {processor.py:186} INFO - Started process (PID=42436) to work on /usr/local/lib/python3.10/site-packages/airflow/example_dags/example_dynamic_task_mapping_with_no_taskflow_operators.py
[2025-01-13T18:57:13.700-0500] {processor.py:914} INFO - Processing file /usr/local/lib/python3.10/site-packages/airflow/example_dags/example_dynamic_task_mapping_with_no_taskflow_operators.py for tasks to queue
[2025-01-13T18:57:13.701-0500] {logging_mixin.py:190} INFO - [2025-01-13T18:57:13.701-0500] {dagbag.py:588} INFO - Filling up the DagBag from /usr/local/lib/python3.10/site-packages/airflow/example_dags/example_dynamic_task_mapping_with_no_taskflow_operators.py
[2025-01-13T18:57:13.712-0500] {processor.py:925} INFO - DAG(s) 'example_dynamic_task_mapping_with_no_taskflow_operators' retrieved from /usr/local/lib/python3.10/site-packages/airflow/example_dags/example_dynamic_task_mapping_with_no_taskflow_operators.py
[2025-01-13T18:57:13.881-0500] {logging_mixin.py:190} INFO - [2025-01-13T18:57:13.880-0500] {dag.py:3239} INFO - Sync 1 DAGs
[2025-01-13T18:57:13.893-0500] {logging_mixin.py:190} INFO - [2025-01-13T18:57:13.893-0500] {dag.py:4180} INFO - Setting next_dagrun for example_dynamic_task_mapping_with_no_taskflow_operators to None, run_after=None
[2025-01-13T18:57:13.912-0500] {processor.py:208} INFO - Processing /usr/local/lib/python3.10/site-packages/airflow/example_dags/example_dynamic_task_mapping_with_no_taskflow_operators.py took 0.218 seconds
