[2025-01-13T16:51:49.273-0500] {processor.py:186} INFO - Started process (PID=55943) to work on /usr/local/lib/python3.10/site-packages/airflow/example_dags/example_workday_timetable.py
[2025-01-13T16:51:49.274-0500] {processor.py:914} INFO - Processing file /usr/local/lib/python3.10/site-packages/airflow/example_dags/example_workday_timetable.py for tasks to queue
[2025-01-13T16:51:49.276-0500] {logging_mixin.py:190} INFO - [2025-01-13T16:51:49.275-0500] {dagbag.py:588} INFO - Filling up the DagBag from /usr/local/lib/python3.10/site-packages/airflow/example_dags/example_workday_timetable.py
[2025-01-13T16:51:49.688-0500] {processor.py:925} INFO - DAG(s) 'example_workday_timetable' retrieved from /usr/local/lib/python3.10/site-packages/airflow/example_dags/example_workday_timetable.py
[2025-01-13T16:51:49.939-0500] {logging_mixin.py:190} INFO - [2025-01-13T16:51:49.938-0500] {override.py:1912} INFO - Created Permission View: can delete on DAG:example_workday_timetable
[2025-01-13T16:51:49.948-0500] {logging_mixin.py:190} INFO - [2025-01-13T16:51:49.948-0500] {override.py:1912} INFO - Created Permission View: can read on DAG:example_workday_timetable
[2025-01-13T16:51:49.954-0500] {logging_mixin.py:190} INFO - [2025-01-13T16:51:49.954-0500] {override.py:1912} INFO - Created Permission View: can edit on DAG:example_workday_timetable
[2025-01-13T16:51:49.961-0500] {logging_mixin.py:190} INFO - [2025-01-13T16:51:49.961-0500] {override.py:1912} INFO - Created Permission View: can delete on DAG Run:example_workday_timetable
[2025-01-13T16:51:49.967-0500] {logging_mixin.py:190} INFO - [2025-01-13T16:51:49.967-0500] {override.py:1912} INFO - Created Permission View: can read on DAG Run:example_workday_timetable
[2025-01-13T16:51:49.973-0500] {logging_mixin.py:190} INFO - [2025-01-13T16:51:49.973-0500] {override.py:1912} INFO - Created Permission View: can create on DAG Run:example_workday_timetable
[2025-01-13T16:51:49.979-0500] {logging_mixin.py:190} INFO - [2025-01-13T16:51:49.978-0500] {override.py:1912} INFO - Created Permission View: menu access on DAG Run:example_workday_timetable
[2025-01-13T16:51:49.979-0500] {logging_mixin.py:190} INFO - [2025-01-13T16:51:49.979-0500] {dag.py:3239} INFO - Sync 1 DAGs
[2025-01-13T16:51:49.991-0500] {logging_mixin.py:190} INFO - [2025-01-13T16:51:49.990-0500] {dag.py:3262} INFO - Creating ORM DAG for example_workday_timetable
[2025-01-13T16:51:50.052-0500] {logging_mixin.py:190} INFO - [2025-01-13T16:51:50.051-0500] {dag.py:4180} INFO - Setting next_dagrun for example_workday_timetable to 2021-01-04 00:00:00+00:00, run_after=2021-01-05 00:00:00+00:00
[2025-01-13T16:51:50.066-0500] {processor.py:208} INFO - Processing /usr/local/lib/python3.10/site-packages/airflow/example_dags/example_workday_timetable.py took 0.797 seconds
[2025-01-13T16:54:48.866-0500] {processor.py:186} INFO - Started process (PID=58018) to work on /usr/local/lib/python3.10/site-packages/airflow/example_dags/example_workday_timetable.py
[2025-01-13T16:54:48.867-0500] {processor.py:914} INFO - Processing file /usr/local/lib/python3.10/site-packages/airflow/example_dags/example_workday_timetable.py for tasks to queue
[2025-01-13T16:54:48.868-0500] {logging_mixin.py:190} INFO - [2025-01-13T16:54:48.868-0500] {dagbag.py:588} INFO - Filling up the DagBag from /usr/local/lib/python3.10/site-packages/airflow/example_dags/example_workday_timetable.py
[2025-01-13T16:54:49.338-0500] {processor.py:925} INFO - DAG(s) 'example_workday_timetable' retrieved from /usr/local/lib/python3.10/site-packages/airflow/example_dags/example_workday_timetable.py
[2025-01-13T16:54:49.437-0500] {logging_mixin.py:190} INFO - [2025-01-13T16:54:49.437-0500] {dag.py:3239} INFO - Sync 1 DAGs
[2025-01-13T16:54:49.482-0500] {logging_mixin.py:190} INFO - [2025-01-13T16:54:49.482-0500] {dag.py:4180} INFO - Setting next_dagrun for example_workday_timetable to 2021-01-04 00:00:00+00:00, run_after=2021-01-05 00:00:00+00:00
[2025-01-13T16:54:49.499-0500] {processor.py:208} INFO - Processing /usr/local/lib/python3.10/site-packages/airflow/example_dags/example_workday_timetable.py took 0.637 seconds
[2025-01-13T16:56:58.651-0500] {processor.py:186} INFO - Started process (PID=59524) to work on /usr/local/lib/python3.10/site-packages/airflow/example_dags/example_workday_timetable.py
[2025-01-13T16:56:58.653-0500] {processor.py:914} INFO - Processing file /usr/local/lib/python3.10/site-packages/airflow/example_dags/example_workday_timetable.py for tasks to queue
[2025-01-13T16:56:58.654-0500] {logging_mixin.py:190} INFO - [2025-01-13T16:56:58.654-0500] {dagbag.py:588} INFO - Filling up the DagBag from /usr/local/lib/python3.10/site-packages/airflow/example_dags/example_workday_timetable.py
[2025-01-13T16:56:59.154-0500] {processor.py:925} INFO - DAG(s) 'example_workday_timetable' retrieved from /usr/local/lib/python3.10/site-packages/airflow/example_dags/example_workday_timetable.py
[2025-01-13T16:56:59.262-0500] {logging_mixin.py:190} INFO - [2025-01-13T16:56:59.261-0500] {dag.py:3239} INFO - Sync 1 DAGs
[2025-01-13T16:56:59.308-0500] {logging_mixin.py:190} INFO - [2025-01-13T16:56:59.308-0500] {dag.py:4180} INFO - Setting next_dagrun for example_workday_timetable to 2021-01-04 00:00:00+00:00, run_after=2021-01-05 00:00:00+00:00
[2025-01-13T16:56:59.323-0500] {processor.py:208} INFO - Processing /usr/local/lib/python3.10/site-packages/airflow/example_dags/example_workday_timetable.py took 0.676 seconds
[2025-01-13T16:59:36.517-0500] {processor.py:186} INFO - Started process (PID=61353) to work on /usr/local/lib/python3.10/site-packages/airflow/example_dags/example_workday_timetable.py
[2025-01-13T16:59:36.518-0500] {processor.py:914} INFO - Processing file /usr/local/lib/python3.10/site-packages/airflow/example_dags/example_workday_timetable.py for tasks to queue
[2025-01-13T16:59:36.520-0500] {logging_mixin.py:190} INFO - [2025-01-13T16:59:36.519-0500] {dagbag.py:588} INFO - Filling up the DagBag from /usr/local/lib/python3.10/site-packages/airflow/example_dags/example_workday_timetable.py
[2025-01-13T16:59:36.957-0500] {processor.py:925} INFO - DAG(s) 'example_workday_timetable' retrieved from /usr/local/lib/python3.10/site-packages/airflow/example_dags/example_workday_timetable.py
[2025-01-13T16:59:37.061-0500] {logging_mixin.py:190} INFO - [2025-01-13T16:59:37.060-0500] {dag.py:3239} INFO - Sync 1 DAGs
[2025-01-13T16:59:37.108-0500] {logging_mixin.py:190} INFO - [2025-01-13T16:59:37.107-0500] {dag.py:4180} INFO - Setting next_dagrun for example_workday_timetable to 2021-01-04 00:00:00+00:00, run_after=2021-01-05 00:00:00+00:00
[2025-01-13T16:59:37.122-0500] {processor.py:208} INFO - Processing /usr/local/lib/python3.10/site-packages/airflow/example_dags/example_workday_timetable.py took 0.611 seconds
[2025-01-13T17:01:46.406-0500] {processor.py:186} INFO - Started process (PID=62865) to work on /usr/local/lib/python3.10/site-packages/airflow/example_dags/example_workday_timetable.py
[2025-01-13T17:01:46.407-0500] {processor.py:914} INFO - Processing file /usr/local/lib/python3.10/site-packages/airflow/example_dags/example_workday_timetable.py for tasks to queue
[2025-01-13T17:01:46.408-0500] {logging_mixin.py:190} INFO - [2025-01-13T17:01:46.408-0500] {dagbag.py:588} INFO - Filling up the DagBag from /usr/local/lib/python3.10/site-packages/airflow/example_dags/example_workday_timetable.py
[2025-01-13T17:01:46.898-0500] {processor.py:925} INFO - DAG(s) 'example_workday_timetable' retrieved from /usr/local/lib/python3.10/site-packages/airflow/example_dags/example_workday_timetable.py
[2025-01-13T17:01:46.996-0500] {logging_mixin.py:190} INFO - [2025-01-13T17:01:46.996-0500] {dag.py:3239} INFO - Sync 1 DAGs
[2025-01-13T17:01:47.040-0500] {logging_mixin.py:190} INFO - [2025-01-13T17:01:47.039-0500] {dag.py:4180} INFO - Setting next_dagrun for example_workday_timetable to 2021-01-04 00:00:00+00:00, run_after=2021-01-05 00:00:00+00:00
[2025-01-13T17:01:47.053-0500] {processor.py:208} INFO - Processing /usr/local/lib/python3.10/site-packages/airflow/example_dags/example_workday_timetable.py took 0.651 seconds
[2025-01-13T17:03:55.464-0500] {processor.py:186} INFO - Started process (PID=64265) to work on /usr/local/lib/python3.10/site-packages/airflow/example_dags/example_workday_timetable.py
[2025-01-13T17:03:55.466-0500] {processor.py:914} INFO - Processing file /usr/local/lib/python3.10/site-packages/airflow/example_dags/example_workday_timetable.py for tasks to queue
[2025-01-13T17:03:55.467-0500] {logging_mixin.py:190} INFO - [2025-01-13T17:03:55.466-0500] {dagbag.py:588} INFO - Filling up the DagBag from /usr/local/lib/python3.10/site-packages/airflow/example_dags/example_workday_timetable.py
[2025-01-13T17:03:55.854-0500] {processor.py:925} INFO - DAG(s) 'example_workday_timetable' retrieved from /usr/local/lib/python3.10/site-packages/airflow/example_dags/example_workday_timetable.py
[2025-01-13T17:03:55.955-0500] {logging_mixin.py:190} INFO - [2025-01-13T17:03:55.954-0500] {dag.py:3239} INFO - Sync 1 DAGs
[2025-01-13T17:03:55.996-0500] {logging_mixin.py:190} INFO - [2025-01-13T17:03:55.996-0500] {dag.py:4180} INFO - Setting next_dagrun for example_workday_timetable to 2021-01-04 00:00:00+00:00, run_after=2021-01-05 00:00:00+00:00
[2025-01-13T17:03:56.010-0500] {processor.py:208} INFO - Processing /usr/local/lib/python3.10/site-packages/airflow/example_dags/example_workday_timetable.py took 0.551 seconds
[2025-01-13T17:06:08.061-0500] {processor.py:186} INFO - Started process (PID=65779) to work on /usr/local/lib/python3.10/site-packages/airflow/example_dags/example_workday_timetable.py
[2025-01-13T17:06:08.063-0500] {processor.py:914} INFO - Processing file /usr/local/lib/python3.10/site-packages/airflow/example_dags/example_workday_timetable.py for tasks to queue
[2025-01-13T17:06:08.064-0500] {logging_mixin.py:190} INFO - [2025-01-13T17:06:08.064-0500] {dagbag.py:588} INFO - Filling up the DagBag from /usr/local/lib/python3.10/site-packages/airflow/example_dags/example_workday_timetable.py
[2025-01-13T17:06:08.544-0500] {processor.py:925} INFO - DAG(s) 'example_workday_timetable' retrieved from /usr/local/lib/python3.10/site-packages/airflow/example_dags/example_workday_timetable.py
[2025-01-13T17:06:08.636-0500] {logging_mixin.py:190} INFO - [2025-01-13T17:06:08.636-0500] {dag.py:3239} INFO - Sync 1 DAGs
[2025-01-13T17:06:08.675-0500] {logging_mixin.py:190} INFO - [2025-01-13T17:06:08.675-0500] {dag.py:4180} INFO - Setting next_dagrun for example_workday_timetable to 2021-01-04 00:00:00+00:00, run_after=2021-01-05 00:00:00+00:00
[2025-01-13T17:06:08.688-0500] {processor.py:208} INFO - Processing /usr/local/lib/python3.10/site-packages/airflow/example_dags/example_workday_timetable.py took 0.631 seconds
[2025-01-13T17:08:17.369-0500] {processor.py:186} INFO - Started process (PID=67275) to work on /usr/local/lib/python3.10/site-packages/airflow/example_dags/example_workday_timetable.py
[2025-01-13T17:08:17.371-0500] {processor.py:914} INFO - Processing file /usr/local/lib/python3.10/site-packages/airflow/example_dags/example_workday_timetable.py for tasks to queue
[2025-01-13T17:08:17.372-0500] {logging_mixin.py:190} INFO - [2025-01-13T17:08:17.372-0500] {dagbag.py:588} INFO - Filling up the DagBag from /usr/local/lib/python3.10/site-packages/airflow/example_dags/example_workday_timetable.py
[2025-01-13T17:08:17.965-0500] {processor.py:925} INFO - DAG(s) 'example_workday_timetable' retrieved from /usr/local/lib/python3.10/site-packages/airflow/example_dags/example_workday_timetable.py
[2025-01-13T17:08:18.065-0500] {logging_mixin.py:190} INFO - [2025-01-13T17:08:18.064-0500] {dag.py:3239} INFO - Sync 1 DAGs
[2025-01-13T17:08:18.104-0500] {logging_mixin.py:190} INFO - [2025-01-13T17:08:18.104-0500] {dag.py:4180} INFO - Setting next_dagrun for example_workday_timetable to 2021-01-04 00:00:00+00:00, run_after=2021-01-05 00:00:00+00:00
[2025-01-13T17:08:18.118-0500] {processor.py:208} INFO - Processing /usr/local/lib/python3.10/site-packages/airflow/example_dags/example_workday_timetable.py took 0.751 seconds
[2025-01-13T17:10:34.856-0500] {processor.py:186} INFO - Started process (PID=68828) to work on /usr/local/lib/python3.10/site-packages/airflow/example_dags/example_workday_timetable.py
[2025-01-13T17:10:34.858-0500] {processor.py:914} INFO - Processing file /usr/local/lib/python3.10/site-packages/airflow/example_dags/example_workday_timetable.py for tasks to queue
[2025-01-13T17:10:34.859-0500] {logging_mixin.py:190} INFO - [2025-01-13T17:10:34.858-0500] {dagbag.py:588} INFO - Filling up the DagBag from /usr/local/lib/python3.10/site-packages/airflow/example_dags/example_workday_timetable.py
[2025-01-13T17:10:35.223-0500] {processor.py:925} INFO - DAG(s) 'example_workday_timetable' retrieved from /usr/local/lib/python3.10/site-packages/airflow/example_dags/example_workday_timetable.py
[2025-01-13T17:10:35.315-0500] {logging_mixin.py:190} INFO - [2025-01-13T17:10:35.314-0500] {dag.py:3239} INFO - Sync 1 DAGs
[2025-01-13T17:10:35.353-0500] {logging_mixin.py:190} INFO - [2025-01-13T17:10:35.353-0500] {dag.py:4180} INFO - Setting next_dagrun for example_workday_timetable to 2021-01-04 00:00:00+00:00, run_after=2021-01-05 00:00:00+00:00
[2025-01-13T17:10:35.369-0500] {processor.py:208} INFO - Processing /usr/local/lib/python3.10/site-packages/airflow/example_dags/example_workday_timetable.py took 0.517 seconds
[2025-01-13T17:12:43.319-0500] {processor.py:186} INFO - Started process (PID=70320) to work on /usr/local/lib/python3.10/site-packages/airflow/example_dags/example_workday_timetable.py
[2025-01-13T17:12:43.320-0500] {processor.py:914} INFO - Processing file /usr/local/lib/python3.10/site-packages/airflow/example_dags/example_workday_timetable.py for tasks to queue
[2025-01-13T17:12:43.321-0500] {logging_mixin.py:190} INFO - [2025-01-13T17:12:43.321-0500] {dagbag.py:588} INFO - Filling up the DagBag from /usr/local/lib/python3.10/site-packages/airflow/example_dags/example_workday_timetable.py
[2025-01-13T17:12:43.641-0500] {processor.py:925} INFO - DAG(s) 'example_workday_timetable' retrieved from /usr/local/lib/python3.10/site-packages/airflow/example_dags/example_workday_timetable.py
[2025-01-13T17:12:43.730-0500] {logging_mixin.py:190} INFO - [2025-01-13T17:12:43.730-0500] {dag.py:3239} INFO - Sync 1 DAGs
[2025-01-13T17:12:43.767-0500] {logging_mixin.py:190} INFO - [2025-01-13T17:12:43.767-0500] {dag.py:4180} INFO - Setting next_dagrun for example_workday_timetable to 2021-01-04 00:00:00+00:00, run_after=2021-01-05 00:00:00+00:00
[2025-01-13T17:12:43.780-0500] {processor.py:208} INFO - Processing /usr/local/lib/python3.10/site-packages/airflow/example_dags/example_workday_timetable.py took 0.465 seconds
[2025-01-13T17:16:48.293-0500] {processor.py:186} INFO - Started process (PID=72617) to work on /usr/local/lib/python3.10/site-packages/airflow/example_dags/example_workday_timetable.py
[2025-01-13T17:16:48.295-0500] {processor.py:914} INFO - Processing file /usr/local/lib/python3.10/site-packages/airflow/example_dags/example_workday_timetable.py for tasks to queue
[2025-01-13T17:16:48.296-0500] {logging_mixin.py:190} INFO - [2025-01-13T17:16:48.296-0500] {dagbag.py:588} INFO - Filling up the DagBag from /usr/local/lib/python3.10/site-packages/airflow/example_dags/example_workday_timetable.py
[2025-01-13T17:16:48.851-0500] {processor.py:925} INFO - DAG(s) 'example_workday_timetable' retrieved from /usr/local/lib/python3.10/site-packages/airflow/example_dags/example_workday_timetable.py
[2025-01-13T17:16:48.965-0500] {logging_mixin.py:190} INFO - [2025-01-13T17:16:48.964-0500] {dag.py:3239} INFO - Sync 1 DAGs
[2025-01-13T17:16:49.013-0500] {logging_mixin.py:190} INFO - [2025-01-13T17:16:49.013-0500] {dag.py:4180} INFO - Setting next_dagrun for example_workday_timetable to 2021-01-04 00:00:00+00:00, run_after=2021-01-05 00:00:00+00:00
[2025-01-13T17:16:49.028-0500] {processor.py:208} INFO - Processing /usr/local/lib/python3.10/site-packages/airflow/example_dags/example_workday_timetable.py took 0.740 seconds
[2025-01-13T17:19:17.314-0500] {processor.py:186} INFO - Started process (PID=74428) to work on /usr/local/lib/python3.10/site-packages/airflow/example_dags/example_workday_timetable.py
[2025-01-13T17:19:17.316-0500] {processor.py:914} INFO - Processing file /usr/local/lib/python3.10/site-packages/airflow/example_dags/example_workday_timetable.py for tasks to queue
[2025-01-13T17:19:17.318-0500] {logging_mixin.py:190} INFO - [2025-01-13T17:19:17.318-0500] {dagbag.py:588} INFO - Filling up the DagBag from /usr/local/lib/python3.10/site-packages/airflow/example_dags/example_workday_timetable.py
[2025-01-13T17:19:17.755-0500] {processor.py:925} INFO - DAG(s) 'example_workday_timetable' retrieved from /usr/local/lib/python3.10/site-packages/airflow/example_dags/example_workday_timetable.py
[2025-01-13T17:19:17.956-0500] {logging_mixin.py:190} INFO - [2025-01-13T17:19:17.955-0500] {dag.py:3239} INFO - Sync 1 DAGs
[2025-01-13T17:19:18.028-0500] {logging_mixin.py:190} INFO - [2025-01-13T17:19:18.028-0500] {dag.py:4180} INFO - Setting next_dagrun for example_workday_timetable to 2021-01-04 00:00:00+00:00, run_after=2021-01-05 00:00:00+00:00
[2025-01-13T17:19:18.049-0500] {processor.py:208} INFO - Processing /usr/local/lib/python3.10/site-packages/airflow/example_dags/example_workday_timetable.py took 0.740 seconds
[2025-01-13T17:21:38.862-0500] {processor.py:186} INFO - Started process (PID=76044) to work on /usr/local/lib/python3.10/site-packages/airflow/example_dags/example_workday_timetable.py
[2025-01-13T17:21:38.863-0500] {processor.py:914} INFO - Processing file /usr/local/lib/python3.10/site-packages/airflow/example_dags/example_workday_timetable.py for tasks to queue
[2025-01-13T17:21:38.865-0500] {logging_mixin.py:190} INFO - [2025-01-13T17:21:38.865-0500] {dagbag.py:588} INFO - Filling up the DagBag from /usr/local/lib/python3.10/site-packages/airflow/example_dags/example_workday_timetable.py
[2025-01-13T17:21:39.303-0500] {processor.py:925} INFO - DAG(s) 'example_workday_timetable' retrieved from /usr/local/lib/python3.10/site-packages/airflow/example_dags/example_workday_timetable.py
[2025-01-13T17:21:39.419-0500] {logging_mixin.py:190} INFO - [2025-01-13T17:21:39.419-0500] {dag.py:3239} INFO - Sync 1 DAGs
[2025-01-13T17:21:39.458-0500] {logging_mixin.py:190} INFO - [2025-01-13T17:21:39.457-0500] {dag.py:4180} INFO - Setting next_dagrun for example_workday_timetable to 2021-01-04 00:00:00+00:00, run_after=2021-01-05 00:00:00+00:00
[2025-01-13T17:21:39.471-0500] {processor.py:208} INFO - Processing /usr/local/lib/python3.10/site-packages/airflow/example_dags/example_workday_timetable.py took 0.613 seconds
[2025-01-13T17:23:52.182-0500] {processor.py:186} INFO - Started process (PID=77539) to work on /usr/local/lib/python3.10/site-packages/airflow/example_dags/example_workday_timetable.py
[2025-01-13T17:23:52.184-0500] {processor.py:914} INFO - Processing file /usr/local/lib/python3.10/site-packages/airflow/example_dags/example_workday_timetable.py for tasks to queue
[2025-01-13T17:23:52.185-0500] {logging_mixin.py:190} INFO - [2025-01-13T17:23:52.185-0500] {dagbag.py:588} INFO - Filling up the DagBag from /usr/local/lib/python3.10/site-packages/airflow/example_dags/example_workday_timetable.py
[2025-01-13T17:23:52.534-0500] {processor.py:925} INFO - DAG(s) 'example_workday_timetable' retrieved from /usr/local/lib/python3.10/site-packages/airflow/example_dags/example_workday_timetable.py
[2025-01-13T17:23:52.624-0500] {logging_mixin.py:190} INFO - [2025-01-13T17:23:52.624-0500] {dag.py:3239} INFO - Sync 1 DAGs
[2025-01-13T17:23:52.664-0500] {logging_mixin.py:190} INFO - [2025-01-13T17:23:52.664-0500] {dag.py:4180} INFO - Setting next_dagrun for example_workday_timetable to 2021-01-04 00:00:00+00:00, run_after=2021-01-05 00:00:00+00:00
[2025-01-13T17:23:52.677-0500] {processor.py:208} INFO - Processing /usr/local/lib/python3.10/site-packages/airflow/example_dags/example_workday_timetable.py took 0.499 seconds
[2025-01-13T17:25:59.462-0500] {processor.py:186} INFO - Started process (PID=78921) to work on /usr/local/lib/python3.10/site-packages/airflow/example_dags/example_workday_timetable.py
[2025-01-13T17:25:59.463-0500] {processor.py:914} INFO - Processing file /usr/local/lib/python3.10/site-packages/airflow/example_dags/example_workday_timetable.py for tasks to queue
[2025-01-13T17:25:59.464-0500] {logging_mixin.py:190} INFO - [2025-01-13T17:25:59.464-0500] {dagbag.py:588} INFO - Filling up the DagBag from /usr/local/lib/python3.10/site-packages/airflow/example_dags/example_workday_timetable.py
[2025-01-13T17:25:59.829-0500] {processor.py:925} INFO - DAG(s) 'example_workday_timetable' retrieved from /usr/local/lib/python3.10/site-packages/airflow/example_dags/example_workday_timetable.py
[2025-01-13T17:25:59.920-0500] {logging_mixin.py:190} INFO - [2025-01-13T17:25:59.920-0500] {dag.py:3239} INFO - Sync 1 DAGs
[2025-01-13T17:25:59.957-0500] {logging_mixin.py:190} INFO - [2025-01-13T17:25:59.956-0500] {dag.py:4180} INFO - Setting next_dagrun for example_workday_timetable to 2021-01-04 00:00:00+00:00, run_after=2021-01-05 00:00:00+00:00
[2025-01-13T17:25:59.972-0500] {processor.py:208} INFO - Processing /usr/local/lib/python3.10/site-packages/airflow/example_dags/example_workday_timetable.py took 0.513 seconds
[2025-01-13T17:28:05.645-0500] {processor.py:186} INFO - Started process (PID=80415) to work on /usr/local/lib/python3.10/site-packages/airflow/example_dags/example_workday_timetable.py
[2025-01-13T17:28:05.647-0500] {processor.py:914} INFO - Processing file /usr/local/lib/python3.10/site-packages/airflow/example_dags/example_workday_timetable.py for tasks to queue
[2025-01-13T17:28:05.648-0500] {logging_mixin.py:190} INFO - [2025-01-13T17:28:05.648-0500] {dagbag.py:588} INFO - Filling up the DagBag from /usr/local/lib/python3.10/site-packages/airflow/example_dags/example_workday_timetable.py
[2025-01-13T17:28:06.132-0500] {processor.py:925} INFO - DAG(s) 'example_workday_timetable' retrieved from /usr/local/lib/python3.10/site-packages/airflow/example_dags/example_workday_timetable.py
[2025-01-13T17:28:06.232-0500] {logging_mixin.py:190} INFO - [2025-01-13T17:28:06.232-0500] {dag.py:3239} INFO - Sync 1 DAGs
[2025-01-13T17:28:06.274-0500] {logging_mixin.py:190} INFO - [2025-01-13T17:28:06.274-0500] {dag.py:4180} INFO - Setting next_dagrun for example_workday_timetable to 2021-01-04 00:00:00+00:00, run_after=2021-01-05 00:00:00+00:00
[2025-01-13T17:28:06.289-0500] {processor.py:208} INFO - Processing /usr/local/lib/python3.10/site-packages/airflow/example_dags/example_workday_timetable.py took 0.648 seconds
[2025-01-13T17:30:20.731-0500] {processor.py:186} INFO - Started process (PID=81903) to work on /usr/local/lib/python3.10/site-packages/airflow/example_dags/example_workday_timetable.py
[2025-01-13T17:30:20.733-0500] {processor.py:914} INFO - Processing file /usr/local/lib/python3.10/site-packages/airflow/example_dags/example_workday_timetable.py for tasks to queue
[2025-01-13T17:30:20.735-0500] {logging_mixin.py:190} INFO - [2025-01-13T17:30:20.734-0500] {dagbag.py:588} INFO - Filling up the DagBag from /usr/local/lib/python3.10/site-packages/airflow/example_dags/example_workday_timetable.py
[2025-01-13T17:30:21.342-0500] {processor.py:925} INFO - DAG(s) 'example_workday_timetable' retrieved from /usr/local/lib/python3.10/site-packages/airflow/example_dags/example_workday_timetable.py
[2025-01-13T17:30:21.477-0500] {logging_mixin.py:190} INFO - [2025-01-13T17:30:21.476-0500] {dag.py:3239} INFO - Sync 1 DAGs
[2025-01-13T17:30:21.534-0500] {logging_mixin.py:190} INFO - [2025-01-13T17:30:21.534-0500] {dag.py:4180} INFO - Setting next_dagrun for example_workday_timetable to 2021-01-04 00:00:00+00:00, run_after=2021-01-05 00:00:00+00:00
[2025-01-13T17:30:21.553-0500] {processor.py:208} INFO - Processing /usr/local/lib/python3.10/site-packages/airflow/example_dags/example_workday_timetable.py took 0.827 seconds
[2025-01-13T17:32:34.343-0500] {processor.py:186} INFO - Started process (PID=83414) to work on /usr/local/lib/python3.10/site-packages/airflow/example_dags/example_workday_timetable.py
[2025-01-13T17:32:34.345-0500] {processor.py:914} INFO - Processing file /usr/local/lib/python3.10/site-packages/airflow/example_dags/example_workday_timetable.py for tasks to queue
[2025-01-13T17:32:34.346-0500] {logging_mixin.py:190} INFO - [2025-01-13T17:32:34.346-0500] {dagbag.py:588} INFO - Filling up the DagBag from /usr/local/lib/python3.10/site-packages/airflow/example_dags/example_workday_timetable.py
[2025-01-13T17:32:34.698-0500] {processor.py:925} INFO - DAG(s) 'example_workday_timetable' retrieved from /usr/local/lib/python3.10/site-packages/airflow/example_dags/example_workday_timetable.py
[2025-01-13T17:32:34.787-0500] {logging_mixin.py:190} INFO - [2025-01-13T17:32:34.787-0500] {dag.py:3239} INFO - Sync 1 DAGs
[2025-01-13T17:32:34.828-0500] {logging_mixin.py:190} INFO - [2025-01-13T17:32:34.828-0500] {dag.py:4180} INFO - Setting next_dagrun for example_workday_timetable to 2021-01-04 00:00:00+00:00, run_after=2021-01-05 00:00:00+00:00
[2025-01-13T17:32:34.842-0500] {processor.py:208} INFO - Processing /usr/local/lib/python3.10/site-packages/airflow/example_dags/example_workday_timetable.py took 0.503 seconds
[2025-01-13T17:34:48.882-0500] {processor.py:186} INFO - Started process (PID=84980) to work on /usr/local/lib/python3.10/site-packages/airflow/example_dags/example_workday_timetable.py
[2025-01-13T17:34:48.884-0500] {processor.py:914} INFO - Processing file /usr/local/lib/python3.10/site-packages/airflow/example_dags/example_workday_timetable.py for tasks to queue
[2025-01-13T17:34:48.885-0500] {logging_mixin.py:190} INFO - [2025-01-13T17:34:48.885-0500] {dagbag.py:588} INFO - Filling up the DagBag from /usr/local/lib/python3.10/site-packages/airflow/example_dags/example_workday_timetable.py
[2025-01-13T17:34:49.411-0500] {processor.py:925} INFO - DAG(s) 'example_workday_timetable' retrieved from /usr/local/lib/python3.10/site-packages/airflow/example_dags/example_workday_timetable.py
[2025-01-13T17:34:49.526-0500] {logging_mixin.py:190} INFO - [2025-01-13T17:34:49.526-0500] {dag.py:3239} INFO - Sync 1 DAGs
[2025-01-13T17:34:49.581-0500] {logging_mixin.py:190} INFO - [2025-01-13T17:34:49.581-0500] {dag.py:4180} INFO - Setting next_dagrun for example_workday_timetable to 2021-01-04 00:00:00+00:00, run_after=2021-01-05 00:00:00+00:00
[2025-01-13T17:34:49.598-0500] {processor.py:208} INFO - Processing /usr/local/lib/python3.10/site-packages/airflow/example_dags/example_workday_timetable.py took 0.720 seconds
[2025-01-13T17:37:12.094-0500] {processor.py:186} INFO - Started process (PID=86616) to work on /usr/local/lib/python3.10/site-packages/airflow/example_dags/example_workday_timetable.py
[2025-01-13T17:37:12.097-0500] {processor.py:914} INFO - Processing file /usr/local/lib/python3.10/site-packages/airflow/example_dags/example_workday_timetable.py for tasks to queue
[2025-01-13T17:37:12.098-0500] {logging_mixin.py:190} INFO - [2025-01-13T17:37:12.098-0500] {dagbag.py:588} INFO - Filling up the DagBag from /usr/local/lib/python3.10/site-packages/airflow/example_dags/example_workday_timetable.py
[2025-01-13T17:37:12.517-0500] {processor.py:925} INFO - DAG(s) 'example_workday_timetable' retrieved from /usr/local/lib/python3.10/site-packages/airflow/example_dags/example_workday_timetable.py
[2025-01-13T17:37:12.642-0500] {logging_mixin.py:190} INFO - [2025-01-13T17:37:12.642-0500] {dag.py:3239} INFO - Sync 1 DAGs
[2025-01-13T17:37:12.694-0500] {logging_mixin.py:190} INFO - [2025-01-13T17:37:12.694-0500] {dag.py:4180} INFO - Setting next_dagrun for example_workday_timetable to 2021-01-04 00:00:00+00:00, run_after=2021-01-05 00:00:00+00:00
[2025-01-13T17:37:12.712-0500] {processor.py:208} INFO - Processing /usr/local/lib/python3.10/site-packages/airflow/example_dags/example_workday_timetable.py took 0.622 seconds
[2025-01-13T17:39:27.986-0500] {processor.py:186} INFO - Started process (PID=88125) to work on /usr/local/lib/python3.10/site-packages/airflow/example_dags/example_workday_timetable.py
[2025-01-13T17:39:27.987-0500] {processor.py:914} INFO - Processing file /usr/local/lib/python3.10/site-packages/airflow/example_dags/example_workday_timetable.py for tasks to queue
[2025-01-13T17:39:27.989-0500] {logging_mixin.py:190} INFO - [2025-01-13T17:39:27.988-0500] {dagbag.py:588} INFO - Filling up the DagBag from /usr/local/lib/python3.10/site-packages/airflow/example_dags/example_workday_timetable.py
[2025-01-13T17:39:28.348-0500] {processor.py:925} INFO - DAG(s) 'example_workday_timetable' retrieved from /usr/local/lib/python3.10/site-packages/airflow/example_dags/example_workday_timetable.py
[2025-01-13T17:39:28.438-0500] {logging_mixin.py:190} INFO - [2025-01-13T17:39:28.438-0500] {dag.py:3239} INFO - Sync 1 DAGs
[2025-01-13T17:39:28.478-0500] {logging_mixin.py:190} INFO - [2025-01-13T17:39:28.478-0500] {dag.py:4180} INFO - Setting next_dagrun for example_workday_timetable to 2021-01-04 00:00:00+00:00, run_after=2021-01-05 00:00:00+00:00
[2025-01-13T17:39:28.492-0500] {processor.py:208} INFO - Processing /usr/local/lib/python3.10/site-packages/airflow/example_dags/example_workday_timetable.py took 0.510 seconds
[2025-01-13T17:41:42.795-0500] {processor.py:186} INFO - Started process (PID=89637) to work on /usr/local/lib/python3.10/site-packages/airflow/example_dags/example_workday_timetable.py
[2025-01-13T17:41:42.797-0500] {processor.py:914} INFO - Processing file /usr/local/lib/python3.10/site-packages/airflow/example_dags/example_workday_timetable.py for tasks to queue
[2025-01-13T17:41:42.798-0500] {logging_mixin.py:190} INFO - [2025-01-13T17:41:42.798-0500] {dagbag.py:588} INFO - Filling up the DagBag from /usr/local/lib/python3.10/site-packages/airflow/example_dags/example_workday_timetable.py
[2025-01-13T17:41:43.375-0500] {processor.py:925} INFO - DAG(s) 'example_workday_timetable' retrieved from /usr/local/lib/python3.10/site-packages/airflow/example_dags/example_workday_timetable.py
[2025-01-13T17:41:43.474-0500] {logging_mixin.py:190} INFO - [2025-01-13T17:41:43.474-0500] {dag.py:3239} INFO - Sync 1 DAGs
[2025-01-13T17:41:43.521-0500] {logging_mixin.py:190} INFO - [2025-01-13T17:41:43.521-0500] {dag.py:4180} INFO - Setting next_dagrun for example_workday_timetable to 2021-01-04 00:00:00+00:00, run_after=2021-01-05 00:00:00+00:00
[2025-01-13T17:41:43.539-0500] {processor.py:208} INFO - Processing /usr/local/lib/python3.10/site-packages/airflow/example_dags/example_workday_timetable.py took 0.748 seconds
[2025-01-13T17:44:10.718-0500] {processor.py:186} INFO - Started process (PID=91374) to work on /usr/local/lib/python3.10/site-packages/airflow/example_dags/example_workday_timetable.py
[2025-01-13T17:44:10.720-0500] {processor.py:914} INFO - Processing file /usr/local/lib/python3.10/site-packages/airflow/example_dags/example_workday_timetable.py for tasks to queue
[2025-01-13T17:44:10.721-0500] {logging_mixin.py:190} INFO - [2025-01-13T17:44:10.720-0500] {dagbag.py:588} INFO - Filling up the DagBag from /usr/local/lib/python3.10/site-packages/airflow/example_dags/example_workday_timetable.py
[2025-01-13T17:44:11.122-0500] {processor.py:925} INFO - DAG(s) 'example_workday_timetable' retrieved from /usr/local/lib/python3.10/site-packages/airflow/example_dags/example_workday_timetable.py
[2025-01-13T17:44:11.242-0500] {logging_mixin.py:190} INFO - [2025-01-13T17:44:11.242-0500] {dag.py:3239} INFO - Sync 1 DAGs
[2025-01-13T17:44:11.297-0500] {logging_mixin.py:190} INFO - [2025-01-13T17:44:11.297-0500] {dag.py:4180} INFO - Setting next_dagrun for example_workday_timetable to 2021-01-04 00:00:00+00:00, run_after=2021-01-05 00:00:00+00:00
[2025-01-13T17:44:11.315-0500] {processor.py:208} INFO - Processing /usr/local/lib/python3.10/site-packages/airflow/example_dags/example_workday_timetable.py took 0.602 seconds
[2025-01-13T17:46:13.992-0500] {processor.py:186} INFO - Started process (PID=92757) to work on /usr/local/lib/python3.10/site-packages/airflow/example_dags/example_workday_timetable.py
[2025-01-13T17:46:13.993-0500] {processor.py:914} INFO - Processing file /usr/local/lib/python3.10/site-packages/airflow/example_dags/example_workday_timetable.py for tasks to queue
[2025-01-13T17:46:13.994-0500] {logging_mixin.py:190} INFO - [2025-01-13T17:46:13.994-0500] {dagbag.py:588} INFO - Filling up the DagBag from /usr/local/lib/python3.10/site-packages/airflow/example_dags/example_workday_timetable.py
[2025-01-13T17:46:14.301-0500] {processor.py:925} INFO - DAG(s) 'example_workday_timetable' retrieved from /usr/local/lib/python3.10/site-packages/airflow/example_dags/example_workday_timetable.py
[2025-01-13T17:46:14.389-0500] {logging_mixin.py:190} INFO - [2025-01-13T17:46:14.389-0500] {dag.py:3239} INFO - Sync 1 DAGs
[2025-01-13T17:46:14.429-0500] {logging_mixin.py:190} INFO - [2025-01-13T17:46:14.429-0500] {dag.py:4180} INFO - Setting next_dagrun for example_workday_timetable to 2021-01-04 00:00:00+00:00, run_after=2021-01-05 00:00:00+00:00
[2025-01-13T17:46:14.443-0500] {processor.py:208} INFO - Processing /usr/local/lib/python3.10/site-packages/airflow/example_dags/example_workday_timetable.py took 0.454 seconds
[2025-01-13T17:48:22.399-0500] {processor.py:186} INFO - Started process (PID=94136) to work on /usr/local/lib/python3.10/site-packages/airflow/example_dags/example_workday_timetable.py
[2025-01-13T17:48:22.401-0500] {processor.py:914} INFO - Processing file /usr/local/lib/python3.10/site-packages/airflow/example_dags/example_workday_timetable.py for tasks to queue
[2025-01-13T17:48:22.402-0500] {logging_mixin.py:190} INFO - [2025-01-13T17:48:22.401-0500] {dagbag.py:588} INFO - Filling up the DagBag from /usr/local/lib/python3.10/site-packages/airflow/example_dags/example_workday_timetable.py
[2025-01-13T17:48:22.773-0500] {processor.py:925} INFO - DAG(s) 'example_workday_timetable' retrieved from /usr/local/lib/python3.10/site-packages/airflow/example_dags/example_workday_timetable.py
[2025-01-13T17:48:22.868-0500] {logging_mixin.py:190} INFO - [2025-01-13T17:48:22.868-0500] {dag.py:3239} INFO - Sync 1 DAGs
[2025-01-13T17:48:22.914-0500] {logging_mixin.py:190} INFO - [2025-01-13T17:48:22.913-0500] {dag.py:4180} INFO - Setting next_dagrun for example_workday_timetable to 2021-01-04 00:00:00+00:00, run_after=2021-01-05 00:00:00+00:00
[2025-01-13T17:48:22.931-0500] {processor.py:208} INFO - Processing /usr/local/lib/python3.10/site-packages/airflow/example_dags/example_workday_timetable.py took 0.536 seconds
[2025-01-13T17:50:35.100-0500] {processor.py:186} INFO - Started process (PID=95623) to work on /usr/local/lib/python3.10/site-packages/airflow/example_dags/example_workday_timetable.py
[2025-01-13T17:50:35.101-0500] {processor.py:914} INFO - Processing file /usr/local/lib/python3.10/site-packages/airflow/example_dags/example_workday_timetable.py for tasks to queue
[2025-01-13T17:50:35.102-0500] {logging_mixin.py:190} INFO - [2025-01-13T17:50:35.102-0500] {dagbag.py:588} INFO - Filling up the DagBag from /usr/local/lib/python3.10/site-packages/airflow/example_dags/example_workday_timetable.py
[2025-01-13T17:50:35.503-0500] {processor.py:925} INFO - DAG(s) 'example_workday_timetable' retrieved from /usr/local/lib/python3.10/site-packages/airflow/example_dags/example_workday_timetable.py
[2025-01-13T17:50:35.608-0500] {logging_mixin.py:190} INFO - [2025-01-13T17:50:35.607-0500] {dag.py:3239} INFO - Sync 1 DAGs
[2025-01-13T17:50:35.653-0500] {logging_mixin.py:190} INFO - [2025-01-13T17:50:35.653-0500] {dag.py:4180} INFO - Setting next_dagrun for example_workday_timetable to 2021-01-04 00:00:00+00:00, run_after=2021-01-05 00:00:00+00:00
[2025-01-13T17:50:35.668-0500] {processor.py:208} INFO - Processing /usr/local/lib/python3.10/site-packages/airflow/example_dags/example_workday_timetable.py took 0.573 seconds
[2025-01-13T17:52:46.641-0500] {processor.py:186} INFO - Started process (PID=97113) to work on /usr/local/lib/python3.10/site-packages/airflow/example_dags/example_workday_timetable.py
[2025-01-13T17:52:46.642-0500] {processor.py:914} INFO - Processing file /usr/local/lib/python3.10/site-packages/airflow/example_dags/example_workday_timetable.py for tasks to queue
[2025-01-13T17:52:46.643-0500] {logging_mixin.py:190} INFO - [2025-01-13T17:52:46.643-0500] {dagbag.py:588} INFO - Filling up the DagBag from /usr/local/lib/python3.10/site-packages/airflow/example_dags/example_workday_timetable.py
[2025-01-13T17:52:47.189-0500] {processor.py:925} INFO - DAG(s) 'example_workday_timetable' retrieved from /usr/local/lib/python3.10/site-packages/airflow/example_dags/example_workday_timetable.py
[2025-01-13T17:52:47.301-0500] {logging_mixin.py:190} INFO - [2025-01-13T17:52:47.300-0500] {dag.py:3239} INFO - Sync 1 DAGs
[2025-01-13T17:52:47.350-0500] {logging_mixin.py:190} INFO - [2025-01-13T17:52:47.350-0500] {dag.py:4180} INFO - Setting next_dagrun for example_workday_timetable to 2021-01-04 00:00:00+00:00, run_after=2021-01-05 00:00:00+00:00
[2025-01-13T17:52:47.368-0500] {processor.py:208} INFO - Processing /usr/local/lib/python3.10/site-packages/airflow/example_dags/example_workday_timetable.py took 0.732 seconds
[2025-01-13T17:54:58.098-0500] {processor.py:186} INFO - Started process (PID=98625) to work on /usr/local/lib/python3.10/site-packages/airflow/example_dags/example_workday_timetable.py
[2025-01-13T17:54:58.100-0500] {processor.py:914} INFO - Processing file /usr/local/lib/python3.10/site-packages/airflow/example_dags/example_workday_timetable.py for tasks to queue
[2025-01-13T17:54:58.101-0500] {logging_mixin.py:190} INFO - [2025-01-13T17:54:58.101-0500] {dagbag.py:588} INFO - Filling up the DagBag from /usr/local/lib/python3.10/site-packages/airflow/example_dags/example_workday_timetable.py
[2025-01-13T17:54:58.659-0500] {processor.py:925} INFO - DAG(s) 'example_workday_timetable' retrieved from /usr/local/lib/python3.10/site-packages/airflow/example_dags/example_workday_timetable.py
[2025-01-13T17:54:58.759-0500] {logging_mixin.py:190} INFO - [2025-01-13T17:54:58.758-0500] {dag.py:3239} INFO - Sync 1 DAGs
[2025-01-13T17:54:58.803-0500] {logging_mixin.py:190} INFO - [2025-01-13T17:54:58.803-0500] {dag.py:4180} INFO - Setting next_dagrun for example_workday_timetable to 2021-01-04 00:00:00+00:00, run_after=2021-01-05 00:00:00+00:00
[2025-01-13T17:54:58.817-0500] {processor.py:208} INFO - Processing /usr/local/lib/python3.10/site-packages/airflow/example_dags/example_workday_timetable.py took 0.723 seconds
[2025-01-13T17:57:09.326-0500] {processor.py:186} INFO - Started process (PID=416) to work on /usr/local/lib/python3.10/site-packages/airflow/example_dags/example_workday_timetable.py
[2025-01-13T17:57:09.327-0500] {processor.py:914} INFO - Processing file /usr/local/lib/python3.10/site-packages/airflow/example_dags/example_workday_timetable.py for tasks to queue
[2025-01-13T17:57:09.329-0500] {logging_mixin.py:190} INFO - [2025-01-13T17:57:09.328-0500] {dagbag.py:588} INFO - Filling up the DagBag from /usr/local/lib/python3.10/site-packages/airflow/example_dags/example_workday_timetable.py
[2025-01-13T17:57:09.847-0500] {processor.py:925} INFO - DAG(s) 'example_workday_timetable' retrieved from /usr/local/lib/python3.10/site-packages/airflow/example_dags/example_workday_timetable.py
[2025-01-13T17:57:09.950-0500] {logging_mixin.py:190} INFO - [2025-01-13T17:57:09.950-0500] {dag.py:3239} INFO - Sync 1 DAGs
[2025-01-13T17:57:09.997-0500] {logging_mixin.py:190} INFO - [2025-01-13T17:57:09.997-0500] {dag.py:4180} INFO - Setting next_dagrun for example_workday_timetable to 2021-01-04 00:00:00+00:00, run_after=2021-01-05 00:00:00+00:00
[2025-01-13T17:57:10.013-0500] {processor.py:208} INFO - Processing /usr/local/lib/python3.10/site-packages/airflow/example_dags/example_workday_timetable.py took 0.692 seconds
[2025-01-13T17:59:30.449-0500] {processor.py:186} INFO - Started process (PID=2386) to work on /usr/local/lib/python3.10/site-packages/airflow/example_dags/example_workday_timetable.py
[2025-01-13T17:59:30.451-0500] {processor.py:914} INFO - Processing file /usr/local/lib/python3.10/site-packages/airflow/example_dags/example_workday_timetable.py for tasks to queue
[2025-01-13T17:59:30.452-0500] {logging_mixin.py:190} INFO - [2025-01-13T17:59:30.452-0500] {dagbag.py:588} INFO - Filling up the DagBag from /usr/local/lib/python3.10/site-packages/airflow/example_dags/example_workday_timetable.py
[2025-01-13T17:59:30.811-0500] {processor.py:925} INFO - DAG(s) 'example_workday_timetable' retrieved from /usr/local/lib/python3.10/site-packages/airflow/example_dags/example_workday_timetable.py
[2025-01-13T17:59:30.900-0500] {logging_mixin.py:190} INFO - [2025-01-13T17:59:30.900-0500] {dag.py:3239} INFO - Sync 1 DAGs
[2025-01-13T17:59:30.941-0500] {logging_mixin.py:190} INFO - [2025-01-13T17:59:30.940-0500] {dag.py:4180} INFO - Setting next_dagrun for example_workday_timetable to 2021-01-04 00:00:00+00:00, run_after=2021-01-05 00:00:00+00:00
[2025-01-13T17:59:30.954-0500] {processor.py:208} INFO - Processing /usr/local/lib/python3.10/site-packages/airflow/example_dags/example_workday_timetable.py took 0.509 seconds
[2025-01-13T18:01:59.429-0500] {processor.py:186} INFO - Started process (PID=4106) to work on /usr/local/lib/python3.10/site-packages/airflow/example_dags/example_workday_timetable.py
[2025-01-13T18:01:59.430-0500] {processor.py:914} INFO - Processing file /usr/local/lib/python3.10/site-packages/airflow/example_dags/example_workday_timetable.py for tasks to queue
[2025-01-13T18:01:59.431-0500] {logging_mixin.py:190} INFO - [2025-01-13T18:01:59.431-0500] {dagbag.py:588} INFO - Filling up the DagBag from /usr/local/lib/python3.10/site-packages/airflow/example_dags/example_workday_timetable.py
[2025-01-13T18:01:59.968-0500] {processor.py:925} INFO - DAG(s) 'example_workday_timetable' retrieved from /usr/local/lib/python3.10/site-packages/airflow/example_dags/example_workday_timetable.py
[2025-01-13T18:02:00.083-0500] {logging_mixin.py:190} INFO - [2025-01-13T18:02:00.083-0500] {dag.py:3239} INFO - Sync 1 DAGs
[2025-01-13T18:02:00.129-0500] {logging_mixin.py:190} INFO - [2025-01-13T18:02:00.129-0500] {dag.py:4180} INFO - Setting next_dagrun for example_workday_timetable to 2021-01-04 00:00:00+00:00, run_after=2021-01-05 00:00:00+00:00
[2025-01-13T18:02:00.145-0500] {processor.py:208} INFO - Processing /usr/local/lib/python3.10/site-packages/airflow/example_dags/example_workday_timetable.py took 0.720 seconds
[2025-01-13T18:04:13.779-0500] {processor.py:186} INFO - Started process (PID=5657) to work on /usr/local/lib/python3.10/site-packages/airflow/example_dags/example_workday_timetable.py
[2025-01-13T18:04:13.781-0500] {processor.py:914} INFO - Processing file /usr/local/lib/python3.10/site-packages/airflow/example_dags/example_workday_timetable.py for tasks to queue
[2025-01-13T18:04:13.783-0500] {logging_mixin.py:190} INFO - [2025-01-13T18:04:13.783-0500] {dagbag.py:588} INFO - Filling up the DagBag from /usr/local/lib/python3.10/site-packages/airflow/example_dags/example_workday_timetable.py
[2025-01-13T18:04:14.291-0500] {processor.py:925} INFO - DAG(s) 'example_workday_timetable' retrieved from /usr/local/lib/python3.10/site-packages/airflow/example_dags/example_workday_timetable.py
[2025-01-13T18:04:14.393-0500] {logging_mixin.py:190} INFO - [2025-01-13T18:04:14.393-0500] {dag.py:3239} INFO - Sync 1 DAGs
[2025-01-13T18:04:14.441-0500] {logging_mixin.py:190} INFO - [2025-01-13T18:04:14.441-0500] {dag.py:4180} INFO - Setting next_dagrun for example_workday_timetable to 2021-01-04 00:00:00+00:00, run_after=2021-01-05 00:00:00+00:00
[2025-01-13T18:04:14.457-0500] {processor.py:208} INFO - Processing /usr/local/lib/python3.10/site-packages/airflow/example_dags/example_workday_timetable.py took 0.681 seconds
[2025-01-13T18:06:31.292-0500] {processor.py:186} INFO - Started process (PID=7286) to work on /usr/local/lib/python3.10/site-packages/airflow/example_dags/example_workday_timetable.py
[2025-01-13T18:06:31.294-0500] {processor.py:914} INFO - Processing file /usr/local/lib/python3.10/site-packages/airflow/example_dags/example_workday_timetable.py for tasks to queue
[2025-01-13T18:06:31.295-0500] {logging_mixin.py:190} INFO - [2025-01-13T18:06:31.295-0500] {dagbag.py:588} INFO - Filling up the DagBag from /usr/local/lib/python3.10/site-packages/airflow/example_dags/example_workday_timetable.py
[2025-01-13T18:06:31.833-0500] {processor.py:925} INFO - DAG(s) 'example_workday_timetable' retrieved from /usr/local/lib/python3.10/site-packages/airflow/example_dags/example_workday_timetable.py
[2025-01-13T18:06:31.942-0500] {logging_mixin.py:190} INFO - [2025-01-13T18:06:31.941-0500] {dag.py:3239} INFO - Sync 1 DAGs
[2025-01-13T18:06:31.982-0500] {logging_mixin.py:190} INFO - [2025-01-13T18:06:31.982-0500] {dag.py:4180} INFO - Setting next_dagrun for example_workday_timetable to 2021-01-04 00:00:00+00:00, run_after=2021-01-05 00:00:00+00:00
[2025-01-13T18:06:31.996-0500] {processor.py:208} INFO - Processing /usr/local/lib/python3.10/site-packages/airflow/example_dags/example_workday_timetable.py took 0.708 seconds
[2025-01-13T18:08:43.584-0500] {processor.py:186} INFO - Started process (PID=8714) to work on /usr/local/lib/python3.10/site-packages/airflow/example_dags/example_workday_timetable.py
[2025-01-13T18:08:43.586-0500] {processor.py:914} INFO - Processing file /usr/local/lib/python3.10/site-packages/airflow/example_dags/example_workday_timetable.py for tasks to queue
[2025-01-13T18:08:43.587-0500] {logging_mixin.py:190} INFO - [2025-01-13T18:08:43.587-0500] {dagbag.py:588} INFO - Filling up the DagBag from /usr/local/lib/python3.10/site-packages/airflow/example_dags/example_workday_timetable.py
[2025-01-13T18:08:44.075-0500] {processor.py:925} INFO - DAG(s) 'example_workday_timetable' retrieved from /usr/local/lib/python3.10/site-packages/airflow/example_dags/example_workday_timetable.py
[2025-01-13T18:08:44.168-0500] {logging_mixin.py:190} INFO - [2025-01-13T18:08:44.168-0500] {dag.py:3239} INFO - Sync 1 DAGs
[2025-01-13T18:08:44.211-0500] {logging_mixin.py:190} INFO - [2025-01-13T18:08:44.211-0500] {dag.py:4180} INFO - Setting next_dagrun for example_workday_timetable to 2021-01-04 00:00:00+00:00, run_after=2021-01-05 00:00:00+00:00
[2025-01-13T18:08:44.225-0500] {processor.py:208} INFO - Processing /usr/local/lib/python3.10/site-packages/airflow/example_dags/example_workday_timetable.py took 0.646 seconds
[2025-01-13T18:10:57.998-0500] {processor.py:186} INFO - Started process (PID=10359) to work on /usr/local/lib/python3.10/site-packages/airflow/example_dags/example_workday_timetable.py
[2025-01-13T18:10:58.000-0500] {processor.py:914} INFO - Processing file /usr/local/lib/python3.10/site-packages/airflow/example_dags/example_workday_timetable.py for tasks to queue
[2025-01-13T18:10:58.001-0500] {logging_mixin.py:190} INFO - [2025-01-13T18:10:58.001-0500] {dagbag.py:588} INFO - Filling up the DagBag from /usr/local/lib/python3.10/site-packages/airflow/example_dags/example_workday_timetable.py
[2025-01-13T18:10:58.538-0500] {processor.py:925} INFO - DAG(s) 'example_workday_timetable' retrieved from /usr/local/lib/python3.10/site-packages/airflow/example_dags/example_workday_timetable.py
[2025-01-13T18:10:58.643-0500] {logging_mixin.py:190} INFO - [2025-01-13T18:10:58.642-0500] {dag.py:3239} INFO - Sync 1 DAGs
[2025-01-13T18:10:58.688-0500] {logging_mixin.py:190} INFO - [2025-01-13T18:10:58.688-0500] {dag.py:4180} INFO - Setting next_dagrun for example_workday_timetable to 2021-01-04 00:00:00+00:00, run_after=2021-01-05 00:00:00+00:00
[2025-01-13T18:10:58.703-0500] {processor.py:208} INFO - Processing /usr/local/lib/python3.10/site-packages/airflow/example_dags/example_workday_timetable.py took 0.709 seconds
[2025-01-13T18:13:26.902-0500] {processor.py:186} INFO - Started process (PID=12053) to work on /usr/local/lib/python3.10/site-packages/airflow/example_dags/example_workday_timetable.py
[2025-01-13T18:13:26.904-0500] {processor.py:914} INFO - Processing file /usr/local/lib/python3.10/site-packages/airflow/example_dags/example_workday_timetable.py for tasks to queue
[2025-01-13T18:13:26.905-0500] {logging_mixin.py:190} INFO - [2025-01-13T18:13:26.905-0500] {dagbag.py:588} INFO - Filling up the DagBag from /usr/local/lib/python3.10/site-packages/airflow/example_dags/example_workday_timetable.py
[2025-01-13T18:13:27.325-0500] {processor.py:925} INFO - DAG(s) 'example_workday_timetable' retrieved from /usr/local/lib/python3.10/site-packages/airflow/example_dags/example_workday_timetable.py
[2025-01-13T18:13:27.428-0500] {logging_mixin.py:190} INFO - [2025-01-13T18:13:27.428-0500] {dag.py:3239} INFO - Sync 1 DAGs
[2025-01-13T18:13:27.469-0500] {logging_mixin.py:190} INFO - [2025-01-13T18:13:27.468-0500] {dag.py:4180} INFO - Setting next_dagrun for example_workday_timetable to 2021-01-04 00:00:00+00:00, run_after=2021-01-05 00:00:00+00:00
[2025-01-13T18:13:27.483-0500] {processor.py:208} INFO - Processing /usr/local/lib/python3.10/site-packages/airflow/example_dags/example_workday_timetable.py took 0.585 seconds
[2025-01-13T18:15:50.740-0500] {processor.py:186} INFO - Started process (PID=13705) to work on /usr/local/lib/python3.10/site-packages/airflow/example_dags/example_workday_timetable.py
[2025-01-13T18:15:50.742-0500] {processor.py:914} INFO - Processing file /usr/local/lib/python3.10/site-packages/airflow/example_dags/example_workday_timetable.py for tasks to queue
[2025-01-13T18:15:50.743-0500] {logging_mixin.py:190} INFO - [2025-01-13T18:15:50.743-0500] {dagbag.py:588} INFO - Filling up the DagBag from /usr/local/lib/python3.10/site-packages/airflow/example_dags/example_workday_timetable.py
[2025-01-13T18:15:51.151-0500] {processor.py:925} INFO - DAG(s) 'example_workday_timetable' retrieved from /usr/local/lib/python3.10/site-packages/airflow/example_dags/example_workday_timetable.py
[2025-01-13T18:15:51.261-0500] {logging_mixin.py:190} INFO - [2025-01-13T18:15:51.260-0500] {dag.py:3239} INFO - Sync 1 DAGs
[2025-01-13T18:15:51.313-0500] {logging_mixin.py:190} INFO - [2025-01-13T18:15:51.313-0500] {dag.py:4180} INFO - Setting next_dagrun for example_workday_timetable to 2021-01-04 00:00:00+00:00, run_after=2021-01-05 00:00:00+00:00
[2025-01-13T18:15:51.332-0500] {processor.py:208} INFO - Processing /usr/local/lib/python3.10/site-packages/airflow/example_dags/example_workday_timetable.py took 0.596 seconds
[2025-01-13T18:18:26.325-0500] {processor.py:186} INFO - Started process (PID=15538) to work on /usr/local/lib/python3.10/site-packages/airflow/example_dags/example_workday_timetable.py
[2025-01-13T18:18:26.327-0500] {processor.py:914} INFO - Processing file /usr/local/lib/python3.10/site-packages/airflow/example_dags/example_workday_timetable.py for tasks to queue
[2025-01-13T18:18:26.328-0500] {logging_mixin.py:190} INFO - [2025-01-13T18:18:26.328-0500] {dagbag.py:588} INFO - Filling up the DagBag from /usr/local/lib/python3.10/site-packages/airflow/example_dags/example_workday_timetable.py
[2025-01-13T18:18:26.904-0500] {processor.py:925} INFO - DAG(s) 'example_workday_timetable' retrieved from /usr/local/lib/python3.10/site-packages/airflow/example_dags/example_workday_timetable.py
[2025-01-13T18:18:27.001-0500] {logging_mixin.py:190} INFO - [2025-01-13T18:18:27.001-0500] {dag.py:3239} INFO - Sync 1 DAGs
[2025-01-13T18:18:27.053-0500] {logging_mixin.py:190} INFO - [2025-01-13T18:18:27.053-0500] {dag.py:4180} INFO - Setting next_dagrun for example_workday_timetable to 2021-01-04 00:00:00+00:00, run_after=2021-01-05 00:00:00+00:00
[2025-01-13T18:18:27.070-0500] {processor.py:208} INFO - Processing /usr/local/lib/python3.10/site-packages/airflow/example_dags/example_workday_timetable.py took 0.749 seconds
[2025-01-13T18:20:47.144-0500] {processor.py:186} INFO - Started process (PID=17220) to work on /usr/local/lib/python3.10/site-packages/airflow/example_dags/example_workday_timetable.py
[2025-01-13T18:20:47.146-0500] {processor.py:914} INFO - Processing file /usr/local/lib/python3.10/site-packages/airflow/example_dags/example_workday_timetable.py for tasks to queue
[2025-01-13T18:20:47.147-0500] {logging_mixin.py:190} INFO - [2025-01-13T18:20:47.147-0500] {dagbag.py:588} INFO - Filling up the DagBag from /usr/local/lib/python3.10/site-packages/airflow/example_dags/example_workday_timetable.py
[2025-01-13T18:20:47.497-0500] {processor.py:925} INFO - DAG(s) 'example_workday_timetable' retrieved from /usr/local/lib/python3.10/site-packages/airflow/example_dags/example_workday_timetable.py
[2025-01-13T18:20:47.591-0500] {logging_mixin.py:190} INFO - [2025-01-13T18:20:47.591-0500] {dag.py:3239} INFO - Sync 1 DAGs
[2025-01-13T18:20:47.632-0500] {logging_mixin.py:190} INFO - [2025-01-13T18:20:47.632-0500] {dag.py:4180} INFO - Setting next_dagrun for example_workday_timetable to 2021-01-04 00:00:00+00:00, run_after=2021-01-05 00:00:00+00:00
[2025-01-13T18:20:47.647-0500] {processor.py:208} INFO - Processing /usr/local/lib/python3.10/site-packages/airflow/example_dags/example_workday_timetable.py took 0.507 seconds
[2025-01-13T18:23:01.325-0500] {processor.py:186} INFO - Started process (PID=18750) to work on /usr/local/lib/python3.10/site-packages/airflow/example_dags/example_workday_timetable.py
[2025-01-13T18:23:01.327-0500] {processor.py:914} INFO - Processing file /usr/local/lib/python3.10/site-packages/airflow/example_dags/example_workday_timetable.py for tasks to queue
[2025-01-13T18:23:01.328-0500] {logging_mixin.py:190} INFO - [2025-01-13T18:23:01.328-0500] {dagbag.py:588} INFO - Filling up the DagBag from /usr/local/lib/python3.10/site-packages/airflow/example_dags/example_workday_timetable.py
[2025-01-13T18:23:01.868-0500] {processor.py:925} INFO - DAG(s) 'example_workday_timetable' retrieved from /usr/local/lib/python3.10/site-packages/airflow/example_dags/example_workday_timetable.py
[2025-01-13T18:23:01.973-0500] {logging_mixin.py:190} INFO - [2025-01-13T18:23:01.972-0500] {dag.py:3239} INFO - Sync 1 DAGs
[2025-01-13T18:23:02.020-0500] {logging_mixin.py:190} INFO - [2025-01-13T18:23:02.020-0500] {dag.py:4180} INFO - Setting next_dagrun for example_workday_timetable to 2021-01-04 00:00:00+00:00, run_after=2021-01-05 00:00:00+00:00
[2025-01-13T18:23:02.036-0500] {processor.py:208} INFO - Processing /usr/local/lib/python3.10/site-packages/airflow/example_dags/example_workday_timetable.py took 0.715 seconds
[2025-01-13T18:25:22.964-0500] {processor.py:186} INFO - Started process (PID=20383) to work on /usr/local/lib/python3.10/site-packages/airflow/example_dags/example_workday_timetable.py
[2025-01-13T18:25:22.966-0500] {processor.py:914} INFO - Processing file /usr/local/lib/python3.10/site-packages/airflow/example_dags/example_workday_timetable.py for tasks to queue
[2025-01-13T18:25:22.967-0500] {logging_mixin.py:190} INFO - [2025-01-13T18:25:22.967-0500] {dagbag.py:588} INFO - Filling up the DagBag from /usr/local/lib/python3.10/site-packages/airflow/example_dags/example_workday_timetable.py
[2025-01-13T18:25:23.365-0500] {processor.py:925} INFO - DAG(s) 'example_workday_timetable' retrieved from /usr/local/lib/python3.10/site-packages/airflow/example_dags/example_workday_timetable.py
[2025-01-13T18:25:23.474-0500] {logging_mixin.py:190} INFO - [2025-01-13T18:25:23.474-0500] {dag.py:3239} INFO - Sync 1 DAGs
[2025-01-13T18:25:23.522-0500] {logging_mixin.py:190} INFO - [2025-01-13T18:25:23.522-0500] {dag.py:4180} INFO - Setting next_dagrun for example_workday_timetable to 2021-01-04 00:00:00+00:00, run_after=2021-01-05 00:00:00+00:00
[2025-01-13T18:25:23.539-0500] {processor.py:208} INFO - Processing /usr/local/lib/python3.10/site-packages/airflow/example_dags/example_workday_timetable.py took 0.580 seconds
[2025-01-13T18:27:29.438-0500] {processor.py:186} INFO - Started process (PID=21793) to work on /usr/local/lib/python3.10/site-packages/airflow/example_dags/example_workday_timetable.py
[2025-01-13T18:27:29.440-0500] {processor.py:914} INFO - Processing file /usr/local/lib/python3.10/site-packages/airflow/example_dags/example_workday_timetable.py for tasks to queue
[2025-01-13T18:27:29.441-0500] {logging_mixin.py:190} INFO - [2025-01-13T18:27:29.440-0500] {dagbag.py:588} INFO - Filling up the DagBag from /usr/local/lib/python3.10/site-packages/airflow/example_dags/example_workday_timetable.py
[2025-01-13T18:27:29.798-0500] {processor.py:925} INFO - DAG(s) 'example_workday_timetable' retrieved from /usr/local/lib/python3.10/site-packages/airflow/example_dags/example_workday_timetable.py
[2025-01-13T18:27:29.892-0500] {logging_mixin.py:190} INFO - [2025-01-13T18:27:29.892-0500] {dag.py:3239} INFO - Sync 1 DAGs
[2025-01-13T18:27:29.935-0500] {logging_mixin.py:190} INFO - [2025-01-13T18:27:29.935-0500] {dag.py:4180} INFO - Setting next_dagrun for example_workday_timetable to 2021-01-04 00:00:00+00:00, run_after=2021-01-05 00:00:00+00:00
[2025-01-13T18:27:29.948-0500] {processor.py:208} INFO - Processing /usr/local/lib/python3.10/site-packages/airflow/example_dags/example_workday_timetable.py took 0.513 seconds
[2025-01-13T18:29:48.784-0500] {processor.py:186} INFO - Started process (PID=23527) to work on /usr/local/lib/python3.10/site-packages/airflow/example_dags/example_workday_timetable.py
[2025-01-13T18:29:48.785-0500] {processor.py:914} INFO - Processing file /usr/local/lib/python3.10/site-packages/airflow/example_dags/example_workday_timetable.py for tasks to queue
[2025-01-13T18:29:48.787-0500] {logging_mixin.py:190} INFO - [2025-01-13T18:29:48.787-0500] {dagbag.py:588} INFO - Filling up the DagBag from /usr/local/lib/python3.10/site-packages/airflow/example_dags/example_workday_timetable.py
[2025-01-13T18:29:49.597-0500] {processor.py:925} INFO - DAG(s) 'example_workday_timetable' retrieved from /usr/local/lib/python3.10/site-packages/airflow/example_dags/example_workday_timetable.py
[2025-01-13T18:29:49.778-0500] {logging_mixin.py:190} INFO - [2025-01-13T18:29:49.778-0500] {dag.py:3239} INFO - Sync 1 DAGs
[2025-01-13T18:29:49.843-0500] {logging_mixin.py:190} INFO - [2025-01-13T18:29:49.843-0500] {dag.py:4180} INFO - Setting next_dagrun for example_workday_timetable to 2021-01-04 00:00:00+00:00, run_after=2021-01-05 00:00:00+00:00
[2025-01-13T18:29:49.961-0500] {processor.py:208} INFO - Processing /usr/local/lib/python3.10/site-packages/airflow/example_dags/example_workday_timetable.py took 1.182 seconds
[2025-01-13T18:32:10.002-0500] {processor.py:186} INFO - Started process (PID=25100) to work on /usr/local/lib/python3.10/site-packages/airflow/example_dags/example_workday_timetable.py
[2025-01-13T18:32:10.003-0500] {processor.py:914} INFO - Processing file /usr/local/lib/python3.10/site-packages/airflow/example_dags/example_workday_timetable.py for tasks to queue
[2025-01-13T18:32:10.005-0500] {logging_mixin.py:190} INFO - [2025-01-13T18:32:10.005-0500] {dagbag.py:588} INFO - Filling up the DagBag from /usr/local/lib/python3.10/site-packages/airflow/example_dags/example_workday_timetable.py
[2025-01-13T18:32:10.423-0500] {processor.py:925} INFO - DAG(s) 'example_workday_timetable' retrieved from /usr/local/lib/python3.10/site-packages/airflow/example_dags/example_workday_timetable.py
[2025-01-13T18:32:10.533-0500] {logging_mixin.py:190} INFO - [2025-01-13T18:32:10.533-0500] {dag.py:3239} INFO - Sync 1 DAGs
[2025-01-13T18:32:10.577-0500] {logging_mixin.py:190} INFO - [2025-01-13T18:32:10.577-0500] {dag.py:4180} INFO - Setting next_dagrun for example_workday_timetable to 2021-01-04 00:00:00+00:00, run_after=2021-01-05 00:00:00+00:00
[2025-01-13T18:32:10.592-0500] {processor.py:208} INFO - Processing /usr/local/lib/python3.10/site-packages/airflow/example_dags/example_workday_timetable.py took 0.597 seconds
[2025-01-13T18:38:36.613-0500] {processor.py:186} INFO - Started process (PID=29483) to work on /usr/local/lib/python3.10/site-packages/airflow/example_dags/example_workday_timetable.py
[2025-01-13T18:38:36.615-0500] {processor.py:914} INFO - Processing file /usr/local/lib/python3.10/site-packages/airflow/example_dags/example_workday_timetable.py for tasks to queue
[2025-01-13T18:38:36.616-0500] {logging_mixin.py:190} INFO - [2025-01-13T18:38:36.616-0500] {dagbag.py:588} INFO - Filling up the DagBag from /usr/local/lib/python3.10/site-packages/airflow/example_dags/example_workday_timetable.py
[2025-01-13T18:38:37.009-0500] {processor.py:925} INFO - DAG(s) 'example_workday_timetable' retrieved from /usr/local/lib/python3.10/site-packages/airflow/example_dags/example_workday_timetable.py
[2025-01-13T18:38:37.127-0500] {logging_mixin.py:190} INFO - [2025-01-13T18:38:37.126-0500] {dag.py:3239} INFO - Sync 1 DAGs
[2025-01-13T18:38:37.176-0500] {logging_mixin.py:190} INFO - [2025-01-13T18:38:37.176-0500] {dag.py:4180} INFO - Setting next_dagrun for example_workday_timetable to 2021-01-04 00:00:00+00:00, run_after=2021-01-05 00:00:00+00:00
[2025-01-13T18:38:37.195-0500] {processor.py:208} INFO - Processing /usr/local/lib/python3.10/site-packages/airflow/example_dags/example_workday_timetable.py took 0.586 seconds
[2025-01-13T18:41:31.069-0500] {processor.py:186} INFO - Started process (PID=31472) to work on /usr/local/lib/python3.10/site-packages/airflow/example_dags/example_workday_timetable.py
[2025-01-13T18:41:31.071-0500] {processor.py:914} INFO - Processing file /usr/local/lib/python3.10/site-packages/airflow/example_dags/example_workday_timetable.py for tasks to queue
[2025-01-13T18:41:31.073-0500] {logging_mixin.py:190} INFO - [2025-01-13T18:41:31.072-0500] {dagbag.py:588} INFO - Filling up the DagBag from /usr/local/lib/python3.10/site-packages/airflow/example_dags/example_workday_timetable.py
[2025-01-13T18:41:31.684-0500] {processor.py:925} INFO - DAG(s) 'example_workday_timetable' retrieved from /usr/local/lib/python3.10/site-packages/airflow/example_dags/example_workday_timetable.py
[2025-01-13T18:41:31.797-0500] {logging_mixin.py:190} INFO - [2025-01-13T18:41:31.796-0500] {dag.py:3239} INFO - Sync 1 DAGs
[2025-01-13T18:41:31.847-0500] {logging_mixin.py:190} INFO - [2025-01-13T18:41:31.847-0500] {dag.py:4180} INFO - Setting next_dagrun for example_workday_timetable to 2021-01-04 00:00:00+00:00, run_after=2021-01-05 00:00:00+00:00
[2025-01-13T18:41:31.866-0500] {processor.py:208} INFO - Processing /usr/local/lib/python3.10/site-packages/airflow/example_dags/example_workday_timetable.py took 0.802 seconds
[2025-01-13T18:43:49.828-0500] {processor.py:186} INFO - Started process (PID=33106) to work on /usr/local/lib/python3.10/site-packages/airflow/example_dags/example_workday_timetable.py
[2025-01-13T18:43:49.829-0500] {processor.py:914} INFO - Processing file /usr/local/lib/python3.10/site-packages/airflow/example_dags/example_workday_timetable.py for tasks to queue
[2025-01-13T18:43:49.830-0500] {logging_mixin.py:190} INFO - [2025-01-13T18:43:49.830-0500] {dagbag.py:588} INFO - Filling up the DagBag from /usr/local/lib/python3.10/site-packages/airflow/example_dags/example_workday_timetable.py
[2025-01-13T18:43:50.394-0500] {processor.py:925} INFO - DAG(s) 'example_workday_timetable' retrieved from /usr/local/lib/python3.10/site-packages/airflow/example_dags/example_workday_timetable.py
[2025-01-13T18:43:50.496-0500] {logging_mixin.py:190} INFO - [2025-01-13T18:43:50.496-0500] {dag.py:3239} INFO - Sync 1 DAGs
[2025-01-13T18:43:50.542-0500] {logging_mixin.py:190} INFO - [2025-01-13T18:43:50.542-0500] {dag.py:4180} INFO - Setting next_dagrun for example_workday_timetable to 2021-01-04 00:00:00+00:00, run_after=2021-01-05 00:00:00+00:00
[2025-01-13T18:43:50.557-0500] {processor.py:208} INFO - Processing /usr/local/lib/python3.10/site-packages/airflow/example_dags/example_workday_timetable.py took 0.733 seconds
[2025-01-13T18:46:11.060-0500] {processor.py:186} INFO - Started process (PID=34644) to work on /usr/local/lib/python3.10/site-packages/airflow/example_dags/example_workday_timetable.py
[2025-01-13T18:46:11.062-0500] {processor.py:914} INFO - Processing file /usr/local/lib/python3.10/site-packages/airflow/example_dags/example_workday_timetable.py for tasks to queue
[2025-01-13T18:46:11.063-0500] {logging_mixin.py:190} INFO - [2025-01-13T18:46:11.063-0500] {dagbag.py:588} INFO - Filling up the DagBag from /usr/local/lib/python3.10/site-packages/airflow/example_dags/example_workday_timetable.py
[2025-01-13T18:46:11.669-0500] {processor.py:925} INFO - DAG(s) 'example_workday_timetable' retrieved from /usr/local/lib/python3.10/site-packages/airflow/example_dags/example_workday_timetable.py
[2025-01-13T18:46:11.784-0500] {logging_mixin.py:190} INFO - [2025-01-13T18:46:11.783-0500] {dag.py:3239} INFO - Sync 1 DAGs
[2025-01-13T18:46:11.833-0500] {logging_mixin.py:190} INFO - [2025-01-13T18:46:11.833-0500] {dag.py:4180} INFO - Setting next_dagrun for example_workday_timetable to 2021-01-04 00:00:00+00:00, run_after=2021-01-05 00:00:00+00:00
[2025-01-13T18:46:11.851-0500] {processor.py:208} INFO - Processing /usr/local/lib/python3.10/site-packages/airflow/example_dags/example_workday_timetable.py took 0.795 seconds
[2025-01-13T18:48:32.378-0500] {processor.py:186} INFO - Started process (PID=36305) to work on /usr/local/lib/python3.10/site-packages/airflow/example_dags/example_workday_timetable.py
[2025-01-13T18:48:32.379-0500] {processor.py:914} INFO - Processing file /usr/local/lib/python3.10/site-packages/airflow/example_dags/example_workday_timetable.py for tasks to queue
[2025-01-13T18:48:32.381-0500] {logging_mixin.py:190} INFO - [2025-01-13T18:48:32.380-0500] {dagbag.py:588} INFO - Filling up the DagBag from /usr/local/lib/python3.10/site-packages/airflow/example_dags/example_workday_timetable.py
[2025-01-13T18:48:32.906-0500] {processor.py:925} INFO - DAG(s) 'example_workday_timetable' retrieved from /usr/local/lib/python3.10/site-packages/airflow/example_dags/example_workday_timetable.py
[2025-01-13T18:48:33.029-0500] {logging_mixin.py:190} INFO - [2025-01-13T18:48:33.029-0500] {dag.py:3239} INFO - Sync 1 DAGs
[2025-01-13T18:48:33.081-0500] {logging_mixin.py:190} INFO - [2025-01-13T18:48:33.080-0500] {dag.py:4180} INFO - Setting next_dagrun for example_workday_timetable to 2021-01-04 00:00:00+00:00, run_after=2021-01-05 00:00:00+00:00
[2025-01-13T18:48:33.098-0500] {processor.py:208} INFO - Processing /usr/local/lib/python3.10/site-packages/airflow/example_dags/example_workday_timetable.py took 0.725 seconds
[2025-01-13T18:51:10.814-0500] {processor.py:186} INFO - Started process (PID=38147) to work on /usr/local/lib/python3.10/site-packages/airflow/example_dags/example_workday_timetable.py
[2025-01-13T18:51:10.816-0500] {processor.py:914} INFO - Processing file /usr/local/lib/python3.10/site-packages/airflow/example_dags/example_workday_timetable.py for tasks to queue
[2025-01-13T18:51:10.817-0500] {logging_mixin.py:190} INFO - [2025-01-13T18:51:10.817-0500] {dagbag.py:588} INFO - Filling up the DagBag from /usr/local/lib/python3.10/site-packages/airflow/example_dags/example_workday_timetable.py
[2025-01-13T18:51:11.240-0500] {processor.py:925} INFO - DAG(s) 'example_workday_timetable' retrieved from /usr/local/lib/python3.10/site-packages/airflow/example_dags/example_workday_timetable.py
[2025-01-13T18:51:11.363-0500] {logging_mixin.py:190} INFO - [2025-01-13T18:51:11.363-0500] {dag.py:3239} INFO - Sync 1 DAGs
[2025-01-13T18:51:11.415-0500] {logging_mixin.py:190} INFO - [2025-01-13T18:51:11.415-0500] {dag.py:4180} INFO - Setting next_dagrun for example_workday_timetable to 2021-01-04 00:00:00+00:00, run_after=2021-01-05 00:00:00+00:00
[2025-01-13T18:51:11.433-0500] {processor.py:208} INFO - Processing /usr/local/lib/python3.10/site-packages/airflow/example_dags/example_workday_timetable.py took 0.623 seconds
[2025-01-13T18:53:33.404-0500] {processor.py:186} INFO - Started process (PID=39802) to work on /usr/local/lib/python3.10/site-packages/airflow/example_dags/example_workday_timetable.py
[2025-01-13T18:53:33.406-0500] {processor.py:914} INFO - Processing file /usr/local/lib/python3.10/site-packages/airflow/example_dags/example_workday_timetable.py for tasks to queue
[2025-01-13T18:53:33.407-0500] {logging_mixin.py:190} INFO - [2025-01-13T18:53:33.407-0500] {dagbag.py:588} INFO - Filling up the DagBag from /usr/local/lib/python3.10/site-packages/airflow/example_dags/example_workday_timetable.py
[2025-01-13T18:53:33.976-0500] {processor.py:925} INFO - DAG(s) 'example_workday_timetable' retrieved from /usr/local/lib/python3.10/site-packages/airflow/example_dags/example_workday_timetable.py
[2025-01-13T18:53:34.077-0500] {logging_mixin.py:190} INFO - [2025-01-13T18:53:34.076-0500] {dag.py:3239} INFO - Sync 1 DAGs
[2025-01-13T18:53:34.123-0500] {logging_mixin.py:190} INFO - [2025-01-13T18:53:34.123-0500] {dag.py:4180} INFO - Setting next_dagrun for example_workday_timetable to 2021-01-04 00:00:00+00:00, run_after=2021-01-05 00:00:00+00:00
[2025-01-13T18:53:34.138-0500] {processor.py:208} INFO - Processing /usr/local/lib/python3.10/site-packages/airflow/example_dags/example_workday_timetable.py took 0.737 seconds
[2025-01-13T18:55:52.755-0500] {processor.py:186} INFO - Started process (PID=41457) to work on /usr/local/lib/python3.10/site-packages/airflow/example_dags/example_workday_timetable.py
[2025-01-13T18:55:52.757-0500] {processor.py:914} INFO - Processing file /usr/local/lib/python3.10/site-packages/airflow/example_dags/example_workday_timetable.py for tasks to queue
[2025-01-13T18:55:52.758-0500] {logging_mixin.py:190} INFO - [2025-01-13T18:55:52.758-0500] {dagbag.py:588} INFO - Filling up the DagBag from /usr/local/lib/python3.10/site-packages/airflow/example_dags/example_workday_timetable.py
[2025-01-13T18:55:53.324-0500] {processor.py:925} INFO - DAG(s) 'example_workday_timetable' retrieved from /usr/local/lib/python3.10/site-packages/airflow/example_dags/example_workday_timetable.py
[2025-01-13T18:55:53.437-0500] {logging_mixin.py:190} INFO - [2025-01-13T18:55:53.437-0500] {dag.py:3239} INFO - Sync 1 DAGs
[2025-01-13T18:55:53.486-0500] {logging_mixin.py:190} INFO - [2025-01-13T18:55:53.485-0500] {dag.py:4180} INFO - Setting next_dagrun for example_workday_timetable to 2021-01-04 00:00:00+00:00, run_after=2021-01-05 00:00:00+00:00
[2025-01-13T18:55:53.501-0500] {processor.py:208} INFO - Processing /usr/local/lib/python3.10/site-packages/airflow/example_dags/example_workday_timetable.py took 0.751 seconds
[2025-01-13T18:58:09.143-0500] {processor.py:186} INFO - Started process (PID=43051) to work on /usr/local/lib/python3.10/site-packages/airflow/example_dags/example_workday_timetable.py
[2025-01-13T18:58:09.145-0500] {processor.py:914} INFO - Processing file /usr/local/lib/python3.10/site-packages/airflow/example_dags/example_workday_timetable.py for tasks to queue
[2025-01-13T18:58:09.146-0500] {logging_mixin.py:190} INFO - [2025-01-13T18:58:09.146-0500] {dagbag.py:588} INFO - Filling up the DagBag from /usr/local/lib/python3.10/site-packages/airflow/example_dags/example_workday_timetable.py
[2025-01-13T18:58:09.705-0500] {processor.py:925} INFO - DAG(s) 'example_workday_timetable' retrieved from /usr/local/lib/python3.10/site-packages/airflow/example_dags/example_workday_timetable.py
[2025-01-13T18:58:09.862-0500] {logging_mixin.py:190} INFO - [2025-01-13T18:58:09.861-0500] {dag.py:3239} INFO - Sync 1 DAGs
[2025-01-13T18:58:09.914-0500] {logging_mixin.py:190} INFO - [2025-01-13T18:58:09.914-0500] {dag.py:4180} INFO - Setting next_dagrun for example_workday_timetable to 2021-01-04 00:00:00+00:00, run_after=2021-01-05 00:00:00+00:00
[2025-01-13T18:58:09.930-0500] {processor.py:208} INFO - Processing /usr/local/lib/python3.10/site-packages/airflow/example_dags/example_workday_timetable.py took 0.791 seconds
