[2025-01-13T16:52:55.757-0500] {processor.py:186} INFO - Started process (PID=56746) to work on /usr/local/lib/python3.10/site-packages/airflow/example_dags/example_nested_branch_dag.py
[2025-01-13T16:52:55.758-0500] {processor.py:914} INFO - Processing file /usr/local/lib/python3.10/site-packages/airflow/example_dags/example_nested_branch_dag.py for tasks to queue
[2025-01-13T16:52:55.760-0500] {logging_mixin.py:190} INFO - [2025-01-13T16:52:55.759-0500] {dagbag.py:588} INFO - Filling up the DagBag from /usr/local/lib/python3.10/site-packages/airflow/example_dags/example_nested_branch_dag.py
[2025-01-13T16:52:55.806-0500] {processor.py:925} INFO - DAG(s) 'example_nested_branch_dag' retrieved from /usr/local/lib/python3.10/site-packages/airflow/example_dags/example_nested_branch_dag.py
[2025-01-13T16:52:56.082-0500] {logging_mixin.py:190} INFO - [2025-01-13T16:52:56.082-0500] {override.py:1912} INFO - Created Permission View: can read on DAG:example_nested_branch_dag
[2025-01-13T16:52:56.092-0500] {logging_mixin.py:190} INFO - [2025-01-13T16:52:56.091-0500] {override.py:1912} INFO - Created Permission View: can delete on DAG:example_nested_branch_dag
[2025-01-13T16:52:56.098-0500] {logging_mixin.py:190} INFO - [2025-01-13T16:52:56.097-0500] {override.py:1912} INFO - Created Permission View: can edit on DAG:example_nested_branch_dag
[2025-01-13T16:52:56.107-0500] {logging_mixin.py:190} INFO - [2025-01-13T16:52:56.106-0500] {override.py:1912} INFO - Created Permission View: can read on DAG Run:example_nested_branch_dag
[2025-01-13T16:52:56.113-0500] {logging_mixin.py:190} INFO - [2025-01-13T16:52:56.113-0500] {override.py:1912} INFO - Created Permission View: can delete on DAG Run:example_nested_branch_dag
[2025-01-13T16:52:56.121-0500] {logging_mixin.py:190} INFO - [2025-01-13T16:52:56.120-0500] {override.py:1912} INFO - Created Permission View: menu access on DAG Run:example_nested_branch_dag
[2025-01-13T16:52:56.127-0500] {logging_mixin.py:190} INFO - [2025-01-13T16:52:56.127-0500] {override.py:1912} INFO - Created Permission View: can create on DAG Run:example_nested_branch_dag
[2025-01-13T16:52:56.128-0500] {logging_mixin.py:190} INFO - [2025-01-13T16:52:56.128-0500] {dag.py:3239} INFO - Sync 1 DAGs
[2025-01-13T16:52:56.141-0500] {logging_mixin.py:190} INFO - [2025-01-13T16:52:56.141-0500] {dag.py:3262} INFO - Creating ORM DAG for example_nested_branch_dag
[2025-01-13T16:52:56.150-0500] {logging_mixin.py:190} INFO - [2025-01-13T16:52:56.150-0500] {dag.py:4180} INFO - Setting next_dagrun for example_nested_branch_dag to 2025-01-12 00:00:00+00:00, run_after=2025-01-13 00:00:00+00:00
[2025-01-13T16:52:56.172-0500] {processor.py:208} INFO - Processing /usr/local/lib/python3.10/site-packages/airflow/example_dags/example_nested_branch_dag.py took 0.420 seconds
[2025-01-13T16:55:48.550-0500] {processor.py:186} INFO - Started process (PID=58711) to work on /usr/local/lib/python3.10/site-packages/airflow/example_dags/example_nested_branch_dag.py
[2025-01-13T16:55:48.552-0500] {processor.py:914} INFO - Processing file /usr/local/lib/python3.10/site-packages/airflow/example_dags/example_nested_branch_dag.py for tasks to queue
[2025-01-13T16:55:48.553-0500] {logging_mixin.py:190} INFO - [2025-01-13T16:55:48.552-0500] {dagbag.py:588} INFO - Filling up the DagBag from /usr/local/lib/python3.10/site-packages/airflow/example_dags/example_nested_branch_dag.py
[2025-01-13T16:55:48.590-0500] {processor.py:925} INFO - DAG(s) 'example_nested_branch_dag' retrieved from /usr/local/lib/python3.10/site-packages/airflow/example_dags/example_nested_branch_dag.py
[2025-01-13T16:55:48.743-0500] {logging_mixin.py:190} INFO - [2025-01-13T16:55:48.743-0500] {dag.py:3239} INFO - Sync 1 DAGs
[2025-01-13T16:55:48.760-0500] {logging_mixin.py:190} INFO - [2025-01-13T16:55:48.760-0500] {dag.py:4180} INFO - Setting next_dagrun for example_nested_branch_dag to 2025-01-12 00:00:00+00:00, run_after=2025-01-13 00:00:00+00:00
[2025-01-13T16:55:48.775-0500] {processor.py:208} INFO - Processing /usr/local/lib/python3.10/site-packages/airflow/example_dags/example_nested_branch_dag.py took 0.229 seconds
[2025-01-13T16:58:23.665-0500] {processor.py:186} INFO - Started process (PID=60503) to work on /usr/local/lib/python3.10/site-packages/airflow/example_dags/example_nested_branch_dag.py
[2025-01-13T16:58:23.667-0500] {processor.py:914} INFO - Processing file /usr/local/lib/python3.10/site-packages/airflow/example_dags/example_nested_branch_dag.py for tasks to queue
[2025-01-13T16:58:23.668-0500] {logging_mixin.py:190} INFO - [2025-01-13T16:58:23.668-0500] {dagbag.py:588} INFO - Filling up the DagBag from /usr/local/lib/python3.10/site-packages/airflow/example_dags/example_nested_branch_dag.py
[2025-01-13T16:58:23.709-0500] {processor.py:925} INFO - DAG(s) 'example_nested_branch_dag' retrieved from /usr/local/lib/python3.10/site-packages/airflow/example_dags/example_nested_branch_dag.py
[2025-01-13T16:58:23.879-0500] {logging_mixin.py:190} INFO - [2025-01-13T16:58:23.879-0500] {dag.py:3239} INFO - Sync 1 DAGs
[2025-01-13T16:58:23.898-0500] {logging_mixin.py:190} INFO - [2025-01-13T16:58:23.898-0500] {dag.py:4180} INFO - Setting next_dagrun for example_nested_branch_dag to 2025-01-12 00:00:00+00:00, run_after=2025-01-13 00:00:00+00:00
[2025-01-13T16:58:23.914-0500] {processor.py:208} INFO - Processing /usr/local/lib/python3.10/site-packages/airflow/example_dags/example_nested_branch_dag.py took 0.255 seconds
[2025-01-13T17:00:35.038-0500] {processor.py:186} INFO - Started process (PID=62042) to work on /usr/local/lib/python3.10/site-packages/airflow/example_dags/example_nested_branch_dag.py
[2025-01-13T17:00:35.040-0500] {processor.py:914} INFO - Processing file /usr/local/lib/python3.10/site-packages/airflow/example_dags/example_nested_branch_dag.py for tasks to queue
[2025-01-13T17:00:35.041-0500] {logging_mixin.py:190} INFO - [2025-01-13T17:00:35.041-0500] {dagbag.py:588} INFO - Filling up the DagBag from /usr/local/lib/python3.10/site-packages/airflow/example_dags/example_nested_branch_dag.py
[2025-01-13T17:00:35.079-0500] {processor.py:925} INFO - DAG(s) 'example_nested_branch_dag' retrieved from /usr/local/lib/python3.10/site-packages/airflow/example_dags/example_nested_branch_dag.py
[2025-01-13T17:00:35.229-0500] {logging_mixin.py:190} INFO - [2025-01-13T17:00:35.229-0500] {dag.py:3239} INFO - Sync 1 DAGs
[2025-01-13T17:00:35.247-0500] {logging_mixin.py:190} INFO - [2025-01-13T17:00:35.246-0500] {dag.py:4180} INFO - Setting next_dagrun for example_nested_branch_dag to 2025-01-12 00:00:00+00:00, run_after=2025-01-13 00:00:00+00:00
[2025-01-13T17:00:35.262-0500] {processor.py:208} INFO - Processing /usr/local/lib/python3.10/site-packages/airflow/example_dags/example_nested_branch_dag.py took 0.228 seconds
[2025-01-13T17:04:55.193-0500] {processor.py:186} INFO - Started process (PID=64964) to work on /usr/local/lib/python3.10/site-packages/airflow/example_dags/example_nested_branch_dag.py
[2025-01-13T17:04:55.195-0500] {processor.py:914} INFO - Processing file /usr/local/lib/python3.10/site-packages/airflow/example_dags/example_nested_branch_dag.py for tasks to queue
[2025-01-13T17:04:55.196-0500] {logging_mixin.py:190} INFO - [2025-01-13T17:04:55.196-0500] {dagbag.py:588} INFO - Filling up the DagBag from /usr/local/lib/python3.10/site-packages/airflow/example_dags/example_nested_branch_dag.py
[2025-01-13T17:04:55.234-0500] {processor.py:925} INFO - DAG(s) 'example_nested_branch_dag' retrieved from /usr/local/lib/python3.10/site-packages/airflow/example_dags/example_nested_branch_dag.py
[2025-01-13T17:04:55.394-0500] {logging_mixin.py:190} INFO - [2025-01-13T17:04:55.393-0500] {dag.py:3239} INFO - Sync 1 DAGs
[2025-01-13T17:04:55.411-0500] {logging_mixin.py:190} INFO - [2025-01-13T17:04:55.411-0500] {dag.py:4180} INFO - Setting next_dagrun for example_nested_branch_dag to 2025-01-12 00:00:00+00:00, run_after=2025-01-13 00:00:00+00:00
[2025-01-13T17:04:55.426-0500] {processor.py:208} INFO - Processing /usr/local/lib/python3.10/site-packages/airflow/example_dags/example_nested_branch_dag.py took 0.237 seconds
[2025-01-13T17:07:06.040-0500] {processor.py:186} INFO - Started process (PID=66469) to work on /usr/local/lib/python3.10/site-packages/airflow/example_dags/example_nested_branch_dag.py
[2025-01-13T17:07:06.042-0500] {processor.py:914} INFO - Processing file /usr/local/lib/python3.10/site-packages/airflow/example_dags/example_nested_branch_dag.py for tasks to queue
[2025-01-13T17:07:06.043-0500] {logging_mixin.py:190} INFO - [2025-01-13T17:07:06.043-0500] {dagbag.py:588} INFO - Filling up the DagBag from /usr/local/lib/python3.10/site-packages/airflow/example_dags/example_nested_branch_dag.py
[2025-01-13T17:07:06.079-0500] {processor.py:925} INFO - DAG(s) 'example_nested_branch_dag' retrieved from /usr/local/lib/python3.10/site-packages/airflow/example_dags/example_nested_branch_dag.py
[2025-01-13T17:07:06.232-0500] {logging_mixin.py:190} INFO - [2025-01-13T17:07:06.232-0500] {dag.py:3239} INFO - Sync 1 DAGs
[2025-01-13T17:07:06.249-0500] {logging_mixin.py:190} INFO - [2025-01-13T17:07:06.249-0500] {dag.py:4180} INFO - Setting next_dagrun for example_nested_branch_dag to 2025-01-12 00:00:00+00:00, run_after=2025-01-13 00:00:00+00:00
[2025-01-13T17:07:06.264-0500] {processor.py:208} INFO - Processing /usr/local/lib/python3.10/site-packages/airflow/example_dags/example_nested_branch_dag.py took 0.227 seconds
[2025-01-13T17:09:22.968-0500] {processor.py:186} INFO - Started process (PID=67999) to work on /usr/local/lib/python3.10/site-packages/airflow/example_dags/example_nested_branch_dag.py
[2025-01-13T17:09:22.970-0500] {processor.py:914} INFO - Processing file /usr/local/lib/python3.10/site-packages/airflow/example_dags/example_nested_branch_dag.py for tasks to queue
[2025-01-13T17:09:22.971-0500] {logging_mixin.py:190} INFO - [2025-01-13T17:09:22.971-0500] {dagbag.py:588} INFO - Filling up the DagBag from /usr/local/lib/python3.10/site-packages/airflow/example_dags/example_nested_branch_dag.py
[2025-01-13T17:09:23.008-0500] {processor.py:925} INFO - DAG(s) 'example_nested_branch_dag' retrieved from /usr/local/lib/python3.10/site-packages/airflow/example_dags/example_nested_branch_dag.py
[2025-01-13T17:09:23.162-0500] {logging_mixin.py:190} INFO - [2025-01-13T17:09:23.161-0500] {dag.py:3239} INFO - Sync 1 DAGs
[2025-01-13T17:09:23.179-0500] {logging_mixin.py:190} INFO - [2025-01-13T17:09:23.178-0500] {dag.py:4180} INFO - Setting next_dagrun for example_nested_branch_dag to 2025-01-12 00:00:00+00:00, run_after=2025-01-13 00:00:00+00:00
[2025-01-13T17:09:23.193-0500] {processor.py:208} INFO - Processing /usr/local/lib/python3.10/site-packages/airflow/example_dags/example_nested_branch_dag.py took 0.229 seconds
[2025-01-13T17:11:32.333-0500] {processor.py:186} INFO - Started process (PID=69516) to work on /usr/local/lib/python3.10/site-packages/airflow/example_dags/example_nested_branch_dag.py
[2025-01-13T17:11:32.334-0500] {processor.py:914} INFO - Processing file /usr/local/lib/python3.10/site-packages/airflow/example_dags/example_nested_branch_dag.py for tasks to queue
[2025-01-13T17:11:32.335-0500] {logging_mixin.py:190} INFO - [2025-01-13T17:11:32.335-0500] {dagbag.py:588} INFO - Filling up the DagBag from /usr/local/lib/python3.10/site-packages/airflow/example_dags/example_nested_branch_dag.py
[2025-01-13T17:11:32.370-0500] {processor.py:925} INFO - DAG(s) 'example_nested_branch_dag' retrieved from /usr/local/lib/python3.10/site-packages/airflow/example_dags/example_nested_branch_dag.py
[2025-01-13T17:11:32.514-0500] {logging_mixin.py:190} INFO - [2025-01-13T17:11:32.514-0500] {dag.py:3239} INFO - Sync 1 DAGs
[2025-01-13T17:11:32.528-0500] {logging_mixin.py:190} INFO - [2025-01-13T17:11:32.528-0500] {dag.py:4180} INFO - Setting next_dagrun for example_nested_branch_dag to 2025-01-12 00:00:00+00:00, run_after=2025-01-13 00:00:00+00:00
[2025-01-13T17:11:32.541-0500] {processor.py:208} INFO - Processing /usr/local/lib/python3.10/site-packages/airflow/example_dags/example_nested_branch_dag.py took 0.212 seconds
[2025-01-13T17:15:30.766-0500] {processor.py:186} INFO - Started process (PID=71773) to work on /usr/local/lib/python3.10/site-packages/airflow/example_dags/example_nested_branch_dag.py
[2025-01-13T17:15:30.769-0500] {processor.py:914} INFO - Processing file /usr/local/lib/python3.10/site-packages/airflow/example_dags/example_nested_branch_dag.py for tasks to queue
[2025-01-13T17:15:30.770-0500] {logging_mixin.py:190} INFO - [2025-01-13T17:15:30.770-0500] {dagbag.py:588} INFO - Filling up the DagBag from /usr/local/lib/python3.10/site-packages/airflow/example_dags/example_nested_branch_dag.py
[2025-01-13T17:15:30.812-0500] {processor.py:925} INFO - DAG(s) 'example_nested_branch_dag' retrieved from /usr/local/lib/python3.10/site-packages/airflow/example_dags/example_nested_branch_dag.py
[2025-01-13T17:15:30.964-0500] {logging_mixin.py:190} INFO - [2025-01-13T17:15:30.964-0500] {dag.py:3239} INFO - Sync 1 DAGs
[2025-01-13T17:15:30.982-0500] {logging_mixin.py:190} INFO - [2025-01-13T17:15:30.981-0500] {dag.py:4180} INFO - Setting next_dagrun for example_nested_branch_dag to 2025-01-12 00:00:00+00:00, run_after=2025-01-13 00:00:00+00:00
[2025-01-13T17:15:30.999-0500] {processor.py:208} INFO - Processing /usr/local/lib/python3.10/site-packages/airflow/example_dags/example_nested_branch_dag.py took 0.237 seconds
[2025-01-13T17:17:49.466-0500] {processor.py:186} INFO - Started process (PID=73300) to work on /usr/local/lib/python3.10/site-packages/airflow/example_dags/example_nested_branch_dag.py
[2025-01-13T17:17:49.468-0500] {processor.py:914} INFO - Processing file /usr/local/lib/python3.10/site-packages/airflow/example_dags/example_nested_branch_dag.py for tasks to queue
[2025-01-13T17:17:49.469-0500] {logging_mixin.py:190} INFO - [2025-01-13T17:17:49.469-0500] {dagbag.py:588} INFO - Filling up the DagBag from /usr/local/lib/python3.10/site-packages/airflow/example_dags/example_nested_branch_dag.py
[2025-01-13T17:17:49.510-0500] {processor.py:925} INFO - DAG(s) 'example_nested_branch_dag' retrieved from /usr/local/lib/python3.10/site-packages/airflow/example_dags/example_nested_branch_dag.py
[2025-01-13T17:17:49.717-0500] {logging_mixin.py:190} INFO - [2025-01-13T17:17:49.716-0500] {dag.py:3239} INFO - Sync 1 DAGs
[2025-01-13T17:17:49.741-0500] {logging_mixin.py:190} INFO - [2025-01-13T17:17:49.741-0500] {dag.py:4180} INFO - Setting next_dagrun for example_nested_branch_dag to 2025-01-12 00:00:00+00:00, run_after=2025-01-13 00:00:00+00:00
[2025-01-13T17:17:49.764-0500] {processor.py:208} INFO - Processing /usr/local/lib/python3.10/site-packages/airflow/example_dags/example_nested_branch_dag.py took 0.302 seconds
[2025-01-13T17:20:19.846-0500] {processor.py:186} INFO - Started process (PID=75126) to work on /usr/local/lib/python3.10/site-packages/airflow/example_dags/example_nested_branch_dag.py
[2025-01-13T17:20:19.848-0500] {processor.py:914} INFO - Processing file /usr/local/lib/python3.10/site-packages/airflow/example_dags/example_nested_branch_dag.py for tasks to queue
[2025-01-13T17:20:19.849-0500] {logging_mixin.py:190} INFO - [2025-01-13T17:20:19.849-0500] {dagbag.py:588} INFO - Filling up the DagBag from /usr/local/lib/python3.10/site-packages/airflow/example_dags/example_nested_branch_dag.py
[2025-01-13T17:20:19.886-0500] {processor.py:925} INFO - DAG(s) 'example_nested_branch_dag' retrieved from /usr/local/lib/python3.10/site-packages/airflow/example_dags/example_nested_branch_dag.py
[2025-01-13T17:20:20.048-0500] {logging_mixin.py:190} INFO - [2025-01-13T17:20:20.048-0500] {dag.py:3239} INFO - Sync 1 DAGs
[2025-01-13T17:20:20.065-0500] {logging_mixin.py:190} INFO - [2025-01-13T17:20:20.065-0500] {dag.py:4180} INFO - Setting next_dagrun for example_nested_branch_dag to 2025-01-12 00:00:00+00:00, run_after=2025-01-13 00:00:00+00:00
[2025-01-13T17:20:20.081-0500] {processor.py:208} INFO - Processing /usr/local/lib/python3.10/site-packages/airflow/example_dags/example_nested_branch_dag.py took 0.238 seconds
[2025-01-13T17:22:39.469-0500] {processor.py:186} INFO - Started process (PID=76740) to work on /usr/local/lib/python3.10/site-packages/airflow/example_dags/example_nested_branch_dag.py
[2025-01-13T17:22:39.471-0500] {processor.py:914} INFO - Processing file /usr/local/lib/python3.10/site-packages/airflow/example_dags/example_nested_branch_dag.py for tasks to queue
[2025-01-13T17:22:39.472-0500] {logging_mixin.py:190} INFO - [2025-01-13T17:22:39.472-0500] {dagbag.py:588} INFO - Filling up the DagBag from /usr/local/lib/python3.10/site-packages/airflow/example_dags/example_nested_branch_dag.py
[2025-01-13T17:22:39.513-0500] {processor.py:925} INFO - DAG(s) 'example_nested_branch_dag' retrieved from /usr/local/lib/python3.10/site-packages/airflow/example_dags/example_nested_branch_dag.py
[2025-01-13T17:22:39.683-0500] {logging_mixin.py:190} INFO - [2025-01-13T17:22:39.682-0500] {dag.py:3239} INFO - Sync 1 DAGs
[2025-01-13T17:22:39.701-0500] {logging_mixin.py:190} INFO - [2025-01-13T17:22:39.701-0500] {dag.py:4180} INFO - Setting next_dagrun for example_nested_branch_dag to 2025-01-12 00:00:00+00:00, run_after=2025-01-13 00:00:00+00:00
[2025-01-13T17:22:39.717-0500] {processor.py:208} INFO - Processing /usr/local/lib/python3.10/site-packages/airflow/example_dags/example_nested_branch_dag.py took 0.254 seconds
[2025-01-13T17:24:47.023-0500] {processor.py:186} INFO - Started process (PID=78117) to work on /usr/local/lib/python3.10/site-packages/airflow/example_dags/example_nested_branch_dag.py
[2025-01-13T17:24:47.025-0500] {processor.py:914} INFO - Processing file /usr/local/lib/python3.10/site-packages/airflow/example_dags/example_nested_branch_dag.py for tasks to queue
[2025-01-13T17:24:47.026-0500] {logging_mixin.py:190} INFO - [2025-01-13T17:24:47.026-0500] {dagbag.py:588} INFO - Filling up the DagBag from /usr/local/lib/python3.10/site-packages/airflow/example_dags/example_nested_branch_dag.py
[2025-01-13T17:24:47.063-0500] {processor.py:925} INFO - DAG(s) 'example_nested_branch_dag' retrieved from /usr/local/lib/python3.10/site-packages/airflow/example_dags/example_nested_branch_dag.py
[2025-01-13T17:24:47.210-0500] {logging_mixin.py:190} INFO - [2025-01-13T17:24:47.210-0500] {dag.py:3239} INFO - Sync 1 DAGs
[2025-01-13T17:24:47.227-0500] {logging_mixin.py:190} INFO - [2025-01-13T17:24:47.226-0500] {dag.py:4180} INFO - Setting next_dagrun for example_nested_branch_dag to 2025-01-12 00:00:00+00:00, run_after=2025-01-13 00:00:00+00:00
[2025-01-13T17:24:47.241-0500] {processor.py:208} INFO - Processing /usr/local/lib/python3.10/site-packages/airflow/example_dags/example_nested_branch_dag.py took 0.223 seconds
[2025-01-13T17:26:55.709-0500] {processor.py:186} INFO - Started process (PID=79614) to work on /usr/local/lib/python3.10/site-packages/airflow/example_dags/example_nested_branch_dag.py
[2025-01-13T17:26:55.711-0500] {processor.py:914} INFO - Processing file /usr/local/lib/python3.10/site-packages/airflow/example_dags/example_nested_branch_dag.py for tasks to queue
[2025-01-13T17:26:55.712-0500] {logging_mixin.py:190} INFO - [2025-01-13T17:26:55.712-0500] {dagbag.py:588} INFO - Filling up the DagBag from /usr/local/lib/python3.10/site-packages/airflow/example_dags/example_nested_branch_dag.py
[2025-01-13T17:26:55.748-0500] {processor.py:925} INFO - DAG(s) 'example_nested_branch_dag' retrieved from /usr/local/lib/python3.10/site-packages/airflow/example_dags/example_nested_branch_dag.py
[2025-01-13T17:26:55.896-0500] {logging_mixin.py:190} INFO - [2025-01-13T17:26:55.896-0500] {dag.py:3239} INFO - Sync 1 DAGs
[2025-01-13T17:26:55.913-0500] {logging_mixin.py:190} INFO - [2025-01-13T17:26:55.912-0500] {dag.py:4180} INFO - Setting next_dagrun for example_nested_branch_dag to 2025-01-12 00:00:00+00:00, run_after=2025-01-13 00:00:00+00:00
[2025-01-13T17:26:55.928-0500] {processor.py:208} INFO - Processing /usr/local/lib/python3.10/site-packages/airflow/example_dags/example_nested_branch_dag.py took 0.222 seconds
[2025-01-13T17:29:03.576-0500] {processor.py:186} INFO - Started process (PID=80993) to work on /usr/local/lib/python3.10/site-packages/airflow/example_dags/example_nested_branch_dag.py
[2025-01-13T17:29:03.578-0500] {processor.py:914} INFO - Processing file /usr/local/lib/python3.10/site-packages/airflow/example_dags/example_nested_branch_dag.py for tasks to queue
[2025-01-13T17:29:03.579-0500] {logging_mixin.py:190} INFO - [2025-01-13T17:29:03.579-0500] {dagbag.py:588} INFO - Filling up the DagBag from /usr/local/lib/python3.10/site-packages/airflow/example_dags/example_nested_branch_dag.py
[2025-01-13T17:29:03.615-0500] {processor.py:925} INFO - DAG(s) 'example_nested_branch_dag' retrieved from /usr/local/lib/python3.10/site-packages/airflow/example_dags/example_nested_branch_dag.py
[2025-01-13T17:29:03.768-0500] {logging_mixin.py:190} INFO - [2025-01-13T17:29:03.767-0500] {dag.py:3239} INFO - Sync 1 DAGs
[2025-01-13T17:29:03.785-0500] {logging_mixin.py:190} INFO - [2025-01-13T17:29:03.785-0500] {dag.py:4180} INFO - Setting next_dagrun for example_nested_branch_dag to 2025-01-12 00:00:00+00:00, run_after=2025-01-13 00:00:00+00:00
[2025-01-13T17:29:03.800-0500] {processor.py:208} INFO - Processing /usr/local/lib/python3.10/site-packages/airflow/example_dags/example_nested_branch_dag.py took 0.227 seconds
[2025-01-13T17:31:22.814-0500] {processor.py:186} INFO - Started process (PID=82606) to work on /usr/local/lib/python3.10/site-packages/airflow/example_dags/example_nested_branch_dag.py
[2025-01-13T17:31:22.816-0500] {processor.py:914} INFO - Processing file /usr/local/lib/python3.10/site-packages/airflow/example_dags/example_nested_branch_dag.py for tasks to queue
[2025-01-13T17:31:22.817-0500] {logging_mixin.py:190} INFO - [2025-01-13T17:31:22.817-0500] {dagbag.py:588} INFO - Filling up the DagBag from /usr/local/lib/python3.10/site-packages/airflow/example_dags/example_nested_branch_dag.py
[2025-01-13T17:31:22.854-0500] {processor.py:925} INFO - DAG(s) 'example_nested_branch_dag' retrieved from /usr/local/lib/python3.10/site-packages/airflow/example_dags/example_nested_branch_dag.py
[2025-01-13T17:31:23.007-0500] {logging_mixin.py:190} INFO - [2025-01-13T17:31:23.007-0500] {dag.py:3239} INFO - Sync 1 DAGs
[2025-01-13T17:31:23.025-0500] {logging_mixin.py:190} INFO - [2025-01-13T17:31:23.024-0500] {dag.py:4180} INFO - Setting next_dagrun for example_nested_branch_dag to 2025-01-12 00:00:00+00:00, run_after=2025-01-13 00:00:00+00:00
[2025-01-13T17:31:23.042-0500] {processor.py:208} INFO - Processing /usr/local/lib/python3.10/site-packages/airflow/example_dags/example_nested_branch_dag.py took 0.232 seconds
[2025-01-13T17:33:32.956-0500] {processor.py:186} INFO - Started process (PID=84042) to work on /usr/local/lib/python3.10/site-packages/airflow/example_dags/example_nested_branch_dag.py
[2025-01-13T17:33:32.959-0500] {processor.py:914} INFO - Processing file /usr/local/lib/python3.10/site-packages/airflow/example_dags/example_nested_branch_dag.py for tasks to queue
[2025-01-13T17:33:32.960-0500] {logging_mixin.py:190} INFO - [2025-01-13T17:33:32.960-0500] {dagbag.py:588} INFO - Filling up the DagBag from /usr/local/lib/python3.10/site-packages/airflow/example_dags/example_nested_branch_dag.py
[2025-01-13T17:33:33.002-0500] {processor.py:925} INFO - DAG(s) 'example_nested_branch_dag' retrieved from /usr/local/lib/python3.10/site-packages/airflow/example_dags/example_nested_branch_dag.py
[2025-01-13T17:33:33.180-0500] {logging_mixin.py:190} INFO - [2025-01-13T17:33:33.180-0500] {dag.py:3239} INFO - Sync 1 DAGs
[2025-01-13T17:33:33.200-0500] {logging_mixin.py:190} INFO - [2025-01-13T17:33:33.200-0500] {dag.py:4180} INFO - Setting next_dagrun for example_nested_branch_dag to 2025-01-12 00:00:00+00:00, run_after=2025-01-13 00:00:00+00:00
[2025-01-13T17:33:33.218-0500] {processor.py:208} INFO - Processing /usr/local/lib/python3.10/site-packages/airflow/example_dags/example_nested_branch_dag.py took 0.267 seconds
[2025-01-13T17:35:51.454-0500] {processor.py:186} INFO - Started process (PID=85682) to work on /usr/local/lib/python3.10/site-packages/airflow/example_dags/example_nested_branch_dag.py
[2025-01-13T17:35:51.456-0500] {processor.py:914} INFO - Processing file /usr/local/lib/python3.10/site-packages/airflow/example_dags/example_nested_branch_dag.py for tasks to queue
[2025-01-13T17:35:51.458-0500] {logging_mixin.py:190} INFO - [2025-01-13T17:35:51.457-0500] {dagbag.py:588} INFO - Filling up the DagBag from /usr/local/lib/python3.10/site-packages/airflow/example_dags/example_nested_branch_dag.py
[2025-01-13T17:35:51.500-0500] {processor.py:925} INFO - DAG(s) 'example_nested_branch_dag' retrieved from /usr/local/lib/python3.10/site-packages/airflow/example_dags/example_nested_branch_dag.py
[2025-01-13T17:35:51.670-0500] {logging_mixin.py:190} INFO - [2025-01-13T17:35:51.669-0500] {dag.py:3239} INFO - Sync 1 DAGs
[2025-01-13T17:35:51.693-0500] {logging_mixin.py:190} INFO - [2025-01-13T17:35:51.693-0500] {dag.py:4180} INFO - Setting next_dagrun for example_nested_branch_dag to 2025-01-12 00:00:00+00:00, run_after=2025-01-13 00:00:00+00:00
[2025-01-13T17:35:51.713-0500] {processor.py:208} INFO - Processing /usr/local/lib/python3.10/site-packages/airflow/example_dags/example_nested_branch_dag.py took 0.263 seconds
[2025-01-13T17:38:15.545-0500] {processor.py:186} INFO - Started process (PID=87314) to work on /usr/local/lib/python3.10/site-packages/airflow/example_dags/example_nested_branch_dag.py
[2025-01-13T17:38:15.547-0500] {processor.py:914} INFO - Processing file /usr/local/lib/python3.10/site-packages/airflow/example_dags/example_nested_branch_dag.py for tasks to queue
[2025-01-13T17:38:15.548-0500] {logging_mixin.py:190} INFO - [2025-01-13T17:38:15.548-0500] {dagbag.py:588} INFO - Filling up the DagBag from /usr/local/lib/python3.10/site-packages/airflow/example_dags/example_nested_branch_dag.py
[2025-01-13T17:38:15.587-0500] {processor.py:925} INFO - DAG(s) 'example_nested_branch_dag' retrieved from /usr/local/lib/python3.10/site-packages/airflow/example_dags/example_nested_branch_dag.py
[2025-01-13T17:38:15.742-0500] {logging_mixin.py:190} INFO - [2025-01-13T17:38:15.741-0500] {dag.py:3239} INFO - Sync 1 DAGs
[2025-01-13T17:38:15.759-0500] {logging_mixin.py:190} INFO - [2025-01-13T17:38:15.758-0500] {dag.py:4180} INFO - Setting next_dagrun for example_nested_branch_dag to 2025-01-12 00:00:00+00:00, run_after=2025-01-13 00:00:00+00:00
[2025-01-13T17:38:15.774-0500] {processor.py:208} INFO - Processing /usr/local/lib/python3.10/site-packages/airflow/example_dags/example_nested_branch_dag.py took 0.233 seconds
[2025-01-13T17:40:27.367-0500] {processor.py:186} INFO - Started process (PID=88809) to work on /usr/local/lib/python3.10/site-packages/airflow/example_dags/example_nested_branch_dag.py
[2025-01-13T17:40:27.369-0500] {processor.py:914} INFO - Processing file /usr/local/lib/python3.10/site-packages/airflow/example_dags/example_nested_branch_dag.py for tasks to queue
[2025-01-13T17:40:27.371-0500] {logging_mixin.py:190} INFO - [2025-01-13T17:40:27.370-0500] {dagbag.py:588} INFO - Filling up the DagBag from /usr/local/lib/python3.10/site-packages/airflow/example_dags/example_nested_branch_dag.py
[2025-01-13T17:40:27.415-0500] {processor.py:925} INFO - DAG(s) 'example_nested_branch_dag' retrieved from /usr/local/lib/python3.10/site-packages/airflow/example_dags/example_nested_branch_dag.py
[2025-01-13T17:40:27.581-0500] {logging_mixin.py:190} INFO - [2025-01-13T17:40:27.581-0500] {dag.py:3239} INFO - Sync 1 DAGs
[2025-01-13T17:40:27.603-0500] {logging_mixin.py:190} INFO - [2025-01-13T17:40:27.603-0500] {dag.py:4180} INFO - Setting next_dagrun for example_nested_branch_dag to 2025-01-12 00:00:00+00:00, run_after=2025-01-13 00:00:00+00:00
[2025-01-13T17:40:27.621-0500] {processor.py:208} INFO - Processing /usr/local/lib/python3.10/site-packages/airflow/example_dags/example_nested_branch_dag.py took 0.260 seconds
[2025-01-13T17:42:51.809-0500] {processor.py:186} INFO - Started process (PID=90448) to work on /usr/local/lib/python3.10/site-packages/airflow/example_dags/example_nested_branch_dag.py
[2025-01-13T17:42:51.811-0500] {processor.py:914} INFO - Processing file /usr/local/lib/python3.10/site-packages/airflow/example_dags/example_nested_branch_dag.py for tasks to queue
[2025-01-13T17:42:51.812-0500] {logging_mixin.py:190} INFO - [2025-01-13T17:42:51.812-0500] {dagbag.py:588} INFO - Filling up the DagBag from /usr/local/lib/python3.10/site-packages/airflow/example_dags/example_nested_branch_dag.py
[2025-01-13T17:42:51.848-0500] {processor.py:925} INFO - DAG(s) 'example_nested_branch_dag' retrieved from /usr/local/lib/python3.10/site-packages/airflow/example_dags/example_nested_branch_dag.py
[2025-01-13T17:42:52.004-0500] {logging_mixin.py:190} INFO - [2025-01-13T17:42:52.004-0500] {dag.py:3239} INFO - Sync 1 DAGs
[2025-01-13T17:42:52.021-0500] {logging_mixin.py:190} INFO - [2025-01-13T17:42:52.021-0500] {dag.py:4180} INFO - Setting next_dagrun for example_nested_branch_dag to 2025-01-12 00:00:00+00:00, run_after=2025-01-13 00:00:00+00:00
[2025-01-13T17:42:52.036-0500] {processor.py:208} INFO - Processing /usr/local/lib/python3.10/site-packages/airflow/example_dags/example_nested_branch_dag.py took 0.231 seconds
[2025-01-13T17:45:07.817-0500] {processor.py:186} INFO - Started process (PID=91952) to work on /usr/local/lib/python3.10/site-packages/airflow/example_dags/example_nested_branch_dag.py
[2025-01-13T17:45:07.818-0500] {processor.py:914} INFO - Processing file /usr/local/lib/python3.10/site-packages/airflow/example_dags/example_nested_branch_dag.py for tasks to queue
[2025-01-13T17:45:07.819-0500] {logging_mixin.py:190} INFO - [2025-01-13T17:45:07.819-0500] {dagbag.py:588} INFO - Filling up the DagBag from /usr/local/lib/python3.10/site-packages/airflow/example_dags/example_nested_branch_dag.py
[2025-01-13T17:45:07.855-0500] {processor.py:925} INFO - DAG(s) 'example_nested_branch_dag' retrieved from /usr/local/lib/python3.10/site-packages/airflow/example_dags/example_nested_branch_dag.py
[2025-01-13T17:45:08.008-0500] {logging_mixin.py:190} INFO - [2025-01-13T17:45:08.008-0500] {dag.py:3239} INFO - Sync 1 DAGs
[2025-01-13T17:45:08.025-0500] {logging_mixin.py:190} INFO - [2025-01-13T17:45:08.025-0500] {dag.py:4180} INFO - Setting next_dagrun for example_nested_branch_dag to 2025-01-12 00:00:00+00:00, run_after=2025-01-13 00:00:00+00:00
[2025-01-13T17:45:08.042-0500] {processor.py:208} INFO - Processing /usr/local/lib/python3.10/site-packages/airflow/example_dags/example_nested_branch_dag.py took 0.229 seconds
[2025-01-13T17:49:21.887-0500] {processor.py:186} INFO - Started process (PID=94824) to work on /usr/local/lib/python3.10/site-packages/airflow/example_dags/example_nested_branch_dag.py
[2025-01-13T17:49:21.889-0500] {processor.py:914} INFO - Processing file /usr/local/lib/python3.10/site-packages/airflow/example_dags/example_nested_branch_dag.py for tasks to queue
[2025-01-13T17:49:21.890-0500] {logging_mixin.py:190} INFO - [2025-01-13T17:49:21.890-0500] {dagbag.py:588} INFO - Filling up the DagBag from /usr/local/lib/python3.10/site-packages/airflow/example_dags/example_nested_branch_dag.py
[2025-01-13T17:49:21.926-0500] {processor.py:925} INFO - DAG(s) 'example_nested_branch_dag' retrieved from /usr/local/lib/python3.10/site-packages/airflow/example_dags/example_nested_branch_dag.py
[2025-01-13T17:49:22.088-0500] {logging_mixin.py:190} INFO - [2025-01-13T17:49:22.088-0500] {dag.py:3239} INFO - Sync 1 DAGs
[2025-01-13T17:49:22.106-0500] {logging_mixin.py:190} INFO - [2025-01-13T17:49:22.106-0500] {dag.py:4180} INFO - Setting next_dagrun for example_nested_branch_dag to 2025-01-12 00:00:00+00:00, run_after=2025-01-13 00:00:00+00:00
[2025-01-13T17:49:22.122-0500] {processor.py:208} INFO - Processing /usr/local/lib/python3.10/site-packages/airflow/example_dags/example_nested_branch_dag.py took 0.238 seconds
[2025-01-13T17:51:33.938-0500] {processor.py:186} INFO - Started process (PID=96310) to work on /usr/local/lib/python3.10/site-packages/airflow/example_dags/example_nested_branch_dag.py
[2025-01-13T17:51:33.939-0500] {processor.py:914} INFO - Processing file /usr/local/lib/python3.10/site-packages/airflow/example_dags/example_nested_branch_dag.py for tasks to queue
[2025-01-13T17:51:33.940-0500] {logging_mixin.py:190} INFO - [2025-01-13T17:51:33.940-0500] {dagbag.py:588} INFO - Filling up the DagBag from /usr/local/lib/python3.10/site-packages/airflow/example_dags/example_nested_branch_dag.py
[2025-01-13T17:51:33.981-0500] {processor.py:925} INFO - DAG(s) 'example_nested_branch_dag' retrieved from /usr/local/lib/python3.10/site-packages/airflow/example_dags/example_nested_branch_dag.py
[2025-01-13T17:51:34.144-0500] {logging_mixin.py:190} INFO - [2025-01-13T17:51:34.143-0500] {dag.py:3239} INFO - Sync 1 DAGs
[2025-01-13T17:51:34.161-0500] {logging_mixin.py:190} INFO - [2025-01-13T17:51:34.161-0500] {dag.py:4180} INFO - Setting next_dagrun for example_nested_branch_dag to 2025-01-12 00:00:00+00:00, run_after=2025-01-13 00:00:00+00:00
[2025-01-13T17:51:34.177-0500] {processor.py:208} INFO - Processing /usr/local/lib/python3.10/site-packages/airflow/example_dags/example_nested_branch_dag.py took 0.244 seconds
[2025-01-13T17:53:45.889-0500] {processor.py:186} INFO - Started process (PID=97797) to work on /usr/local/lib/python3.10/site-packages/airflow/example_dags/example_nested_branch_dag.py
[2025-01-13T17:53:45.891-0500] {processor.py:914} INFO - Processing file /usr/local/lib/python3.10/site-packages/airflow/example_dags/example_nested_branch_dag.py for tasks to queue
[2025-01-13T17:53:45.892-0500] {logging_mixin.py:190} INFO - [2025-01-13T17:53:45.892-0500] {dagbag.py:588} INFO - Filling up the DagBag from /usr/local/lib/python3.10/site-packages/airflow/example_dags/example_nested_branch_dag.py
[2025-01-13T17:53:45.930-0500] {processor.py:925} INFO - DAG(s) 'example_nested_branch_dag' retrieved from /usr/local/lib/python3.10/site-packages/airflow/example_dags/example_nested_branch_dag.py
[2025-01-13T17:53:46.087-0500] {logging_mixin.py:190} INFO - [2025-01-13T17:53:46.087-0500] {dag.py:3239} INFO - Sync 1 DAGs
[2025-01-13T17:53:46.104-0500] {logging_mixin.py:190} INFO - [2025-01-13T17:53:46.104-0500] {dag.py:4180} INFO - Setting next_dagrun for example_nested_branch_dag to 2025-01-12 00:00:00+00:00, run_after=2025-01-13 00:00:00+00:00
[2025-01-13T17:53:46.119-0500] {processor.py:208} INFO - Processing /usr/local/lib/python3.10/site-packages/airflow/example_dags/example_nested_branch_dag.py took 0.235 seconds
[2025-01-13T17:55:56.612-0500] {processor.py:186} INFO - Started process (PID=99311) to work on /usr/local/lib/python3.10/site-packages/airflow/example_dags/example_nested_branch_dag.py
[2025-01-13T17:55:56.613-0500] {processor.py:914} INFO - Processing file /usr/local/lib/python3.10/site-packages/airflow/example_dags/example_nested_branch_dag.py for tasks to queue
[2025-01-13T17:55:56.614-0500] {logging_mixin.py:190} INFO - [2025-01-13T17:55:56.614-0500] {dagbag.py:588} INFO - Filling up the DagBag from /usr/local/lib/python3.10/site-packages/airflow/example_dags/example_nested_branch_dag.py
[2025-01-13T17:55:56.650-0500] {processor.py:925} INFO - DAG(s) 'example_nested_branch_dag' retrieved from /usr/local/lib/python3.10/site-packages/airflow/example_dags/example_nested_branch_dag.py
[2025-01-13T17:55:56.806-0500] {logging_mixin.py:190} INFO - [2025-01-13T17:55:56.806-0500] {dag.py:3239} INFO - Sync 1 DAGs
[2025-01-13T17:55:56.823-0500] {logging_mixin.py:190} INFO - [2025-01-13T17:55:56.823-0500] {dag.py:4180} INFO - Setting next_dagrun for example_nested_branch_dag to 2025-01-12 00:00:00+00:00, run_after=2025-01-13 00:00:00+00:00
[2025-01-13T17:55:56.838-0500] {processor.py:208} INFO - Processing /usr/local/lib/python3.10/site-packages/airflow/example_dags/example_nested_branch_dag.py took 0.230 seconds
[2025-01-13T17:58:07.714-0500] {processor.py:186} INFO - Started process (PID=1352) to work on /usr/local/lib/python3.10/site-packages/airflow/example_dags/example_nested_branch_dag.py
[2025-01-13T17:58:07.716-0500] {processor.py:914} INFO - Processing file /usr/local/lib/python3.10/site-packages/airflow/example_dags/example_nested_branch_dag.py for tasks to queue
[2025-01-13T17:58:07.717-0500] {logging_mixin.py:190} INFO - [2025-01-13T17:58:07.717-0500] {dagbag.py:588} INFO - Filling up the DagBag from /usr/local/lib/python3.10/site-packages/airflow/example_dags/example_nested_branch_dag.py
[2025-01-13T17:58:07.755-0500] {processor.py:925} INFO - DAG(s) 'example_nested_branch_dag' retrieved from /usr/local/lib/python3.10/site-packages/airflow/example_dags/example_nested_branch_dag.py
[2025-01-13T17:58:07.925-0500] {logging_mixin.py:190} INFO - [2025-01-13T17:58:07.924-0500] {dag.py:3239} INFO - Sync 1 DAGs
[2025-01-13T17:58:07.944-0500] {logging_mixin.py:190} INFO - [2025-01-13T17:58:07.944-0500] {dag.py:4180} INFO - Setting next_dagrun for example_nested_branch_dag to 2025-01-12 00:00:00+00:00, run_after=2025-01-13 00:00:00+00:00
[2025-01-13T17:58:07.961-0500] {processor.py:208} INFO - Processing /usr/local/lib/python3.10/site-packages/airflow/example_dags/example_nested_branch_dag.py took 0.251 seconds
[2025-01-13T18:00:29.734-0500] {processor.py:186} INFO - Started process (PID=3051) to work on /usr/local/lib/python3.10/site-packages/airflow/example_dags/example_nested_branch_dag.py
[2025-01-13T18:00:29.735-0500] {processor.py:914} INFO - Processing file /usr/local/lib/python3.10/site-packages/airflow/example_dags/example_nested_branch_dag.py for tasks to queue
[2025-01-13T18:00:29.736-0500] {logging_mixin.py:190} INFO - [2025-01-13T18:00:29.736-0500] {dagbag.py:588} INFO - Filling up the DagBag from /usr/local/lib/python3.10/site-packages/airflow/example_dags/example_nested_branch_dag.py
[2025-01-13T18:00:29.775-0500] {processor.py:925} INFO - DAG(s) 'example_nested_branch_dag' retrieved from /usr/local/lib/python3.10/site-packages/airflow/example_dags/example_nested_branch_dag.py
[2025-01-13T18:00:29.932-0500] {logging_mixin.py:190} INFO - [2025-01-13T18:00:29.932-0500] {dag.py:3239} INFO - Sync 1 DAGs
[2025-01-13T18:00:29.949-0500] {logging_mixin.py:190} INFO - [2025-01-13T18:00:29.949-0500] {dag.py:4180} INFO - Setting next_dagrun for example_nested_branch_dag to 2025-01-12 00:00:00+00:00, run_after=2025-01-13 00:00:00+00:00
[2025-01-13T18:00:29.965-0500] {processor.py:208} INFO - Processing /usr/local/lib/python3.10/site-packages/airflow/example_dags/example_nested_branch_dag.py took 0.235 seconds
[2025-01-13T18:03:00.913-0500] {processor.py:186} INFO - Started process (PID=4826) to work on /usr/local/lib/python3.10/site-packages/airflow/example_dags/example_nested_branch_dag.py
[2025-01-13T18:03:00.914-0500] {processor.py:914} INFO - Processing file /usr/local/lib/python3.10/site-packages/airflow/example_dags/example_nested_branch_dag.py for tasks to queue
[2025-01-13T18:03:00.916-0500] {logging_mixin.py:190} INFO - [2025-01-13T18:03:00.915-0500] {dagbag.py:588} INFO - Filling up the DagBag from /usr/local/lib/python3.10/site-packages/airflow/example_dags/example_nested_branch_dag.py
[2025-01-13T18:03:00.953-0500] {processor.py:925} INFO - DAG(s) 'example_nested_branch_dag' retrieved from /usr/local/lib/python3.10/site-packages/airflow/example_dags/example_nested_branch_dag.py
[2025-01-13T18:03:01.112-0500] {logging_mixin.py:190} INFO - [2025-01-13T18:03:01.112-0500] {dag.py:3239} INFO - Sync 1 DAGs
[2025-01-13T18:03:01.131-0500] {logging_mixin.py:190} INFO - [2025-01-13T18:03:01.131-0500] {dag.py:4180} INFO - Setting next_dagrun for example_nested_branch_dag to 2025-01-12 00:00:00+00:00, run_after=2025-01-13 00:00:00+00:00
[2025-01-13T18:03:01.148-0500] {processor.py:208} INFO - Processing /usr/local/lib/python3.10/site-packages/airflow/example_dags/example_nested_branch_dag.py took 0.240 seconds
[2025-01-13T18:05:15.972-0500] {processor.py:186} INFO - Started process (PID=6367) to work on /usr/local/lib/python3.10/site-packages/airflow/example_dags/example_nested_branch_dag.py
[2025-01-13T18:05:15.974-0500] {processor.py:914} INFO - Processing file /usr/local/lib/python3.10/site-packages/airflow/example_dags/example_nested_branch_dag.py for tasks to queue
[2025-01-13T18:05:15.975-0500] {logging_mixin.py:190} INFO - [2025-01-13T18:05:15.975-0500] {dagbag.py:588} INFO - Filling up the DagBag from /usr/local/lib/python3.10/site-packages/airflow/example_dags/example_nested_branch_dag.py
[2025-01-13T18:05:16.013-0500] {processor.py:925} INFO - DAG(s) 'example_nested_branch_dag' retrieved from /usr/local/lib/python3.10/site-packages/airflow/example_dags/example_nested_branch_dag.py
[2025-01-13T18:05:16.171-0500] {logging_mixin.py:190} INFO - [2025-01-13T18:05:16.171-0500] {dag.py:3239} INFO - Sync 1 DAGs
[2025-01-13T18:05:16.189-0500] {logging_mixin.py:190} INFO - [2025-01-13T18:05:16.189-0500] {dag.py:4180} INFO - Setting next_dagrun for example_nested_branch_dag to 2025-01-12 00:00:00+00:00, run_after=2025-01-13 00:00:00+00:00
[2025-01-13T18:05:16.204-0500] {processor.py:208} INFO - Processing /usr/local/lib/python3.10/site-packages/airflow/example_dags/example_nested_branch_dag.py took 0.237 seconds
[2025-01-13T18:09:45.049-0500] {processor.py:186} INFO - Started process (PID=9408) to work on /usr/local/lib/python3.10/site-packages/airflow/example_dags/example_nested_branch_dag.py
[2025-01-13T18:09:45.051-0500] {processor.py:914} INFO - Processing file /usr/local/lib/python3.10/site-packages/airflow/example_dags/example_nested_branch_dag.py for tasks to queue
[2025-01-13T18:09:45.052-0500] {logging_mixin.py:190} INFO - [2025-01-13T18:09:45.052-0500] {dagbag.py:588} INFO - Filling up the DagBag from /usr/local/lib/python3.10/site-packages/airflow/example_dags/example_nested_branch_dag.py
[2025-01-13T18:09:45.093-0500] {processor.py:925} INFO - DAG(s) 'example_nested_branch_dag' retrieved from /usr/local/lib/python3.10/site-packages/airflow/example_dags/example_nested_branch_dag.py
[2025-01-13T18:09:45.266-0500] {logging_mixin.py:190} INFO - [2025-01-13T18:09:45.266-0500] {dag.py:3239} INFO - Sync 1 DAGs
[2025-01-13T18:09:45.286-0500] {logging_mixin.py:190} INFO - [2025-01-13T18:09:45.286-0500] {dag.py:4180} INFO - Setting next_dagrun for example_nested_branch_dag to 2025-01-12 00:00:00+00:00, run_after=2025-01-13 00:00:00+00:00
[2025-01-13T18:09:45.304-0500] {processor.py:208} INFO - Processing /usr/local/lib/python3.10/site-packages/airflow/example_dags/example_nested_branch_dag.py took 0.259 seconds
[2025-01-13T18:11:59.862-0500] {processor.py:186} INFO - Started process (PID=11088) to work on /usr/local/lib/python3.10/site-packages/airflow/example_dags/example_nested_branch_dag.py
[2025-01-13T18:11:59.863-0500] {processor.py:914} INFO - Processing file /usr/local/lib/python3.10/site-packages/airflow/example_dags/example_nested_branch_dag.py for tasks to queue
[2025-01-13T18:11:59.864-0500] {logging_mixin.py:190} INFO - [2025-01-13T18:11:59.864-0500] {dagbag.py:588} INFO - Filling up the DagBag from /usr/local/lib/python3.10/site-packages/airflow/example_dags/example_nested_branch_dag.py
[2025-01-13T18:11:59.902-0500] {processor.py:925} INFO - DAG(s) 'example_nested_branch_dag' retrieved from /usr/local/lib/python3.10/site-packages/airflow/example_dags/example_nested_branch_dag.py
[2025-01-13T18:12:00.065-0500] {logging_mixin.py:190} INFO - [2025-01-13T18:12:00.065-0500] {dag.py:3239} INFO - Sync 1 DAGs
[2025-01-13T18:12:00.082-0500] {logging_mixin.py:190} INFO - [2025-01-13T18:12:00.082-0500] {dag.py:4180} INFO - Setting next_dagrun for example_nested_branch_dag to 2025-01-12 00:00:00+00:00, run_after=2025-01-13 00:00:00+00:00
[2025-01-13T18:12:00.097-0500] {processor.py:208} INFO - Processing /usr/local/lib/python3.10/site-packages/airflow/example_dags/example_nested_branch_dag.py took 0.239 seconds
[2025-01-13T18:14:27.272-0500] {processor.py:186} INFO - Started process (PID=12752) to work on /usr/local/lib/python3.10/site-packages/airflow/example_dags/example_nested_branch_dag.py
[2025-01-13T18:14:27.274-0500] {processor.py:914} INFO - Processing file /usr/local/lib/python3.10/site-packages/airflow/example_dags/example_nested_branch_dag.py for tasks to queue
[2025-01-13T18:14:27.275-0500] {logging_mixin.py:190} INFO - [2025-01-13T18:14:27.275-0500] {dagbag.py:588} INFO - Filling up the DagBag from /usr/local/lib/python3.10/site-packages/airflow/example_dags/example_nested_branch_dag.py
[2025-01-13T18:14:27.311-0500] {processor.py:925} INFO - DAG(s) 'example_nested_branch_dag' retrieved from /usr/local/lib/python3.10/site-packages/airflow/example_dags/example_nested_branch_dag.py
[2025-01-13T18:14:27.469-0500] {logging_mixin.py:190} INFO - [2025-01-13T18:14:27.468-0500] {dag.py:3239} INFO - Sync 1 DAGs
[2025-01-13T18:14:27.486-0500] {logging_mixin.py:190} INFO - [2025-01-13T18:14:27.486-0500] {dag.py:4180} INFO - Setting next_dagrun for example_nested_branch_dag to 2025-01-12 00:00:00+00:00, run_after=2025-01-13 00:00:00+00:00
[2025-01-13T18:14:27.501-0500] {processor.py:208} INFO - Processing /usr/local/lib/python3.10/site-packages/airflow/example_dags/example_nested_branch_dag.py took 0.233 seconds
[2025-01-13T18:16:51.725-0500] {processor.py:186} INFO - Started process (PID=14434) to work on /usr/local/lib/python3.10/site-packages/airflow/example_dags/example_nested_branch_dag.py
[2025-01-13T18:16:51.729-0500] {processor.py:914} INFO - Processing file /usr/local/lib/python3.10/site-packages/airflow/example_dags/example_nested_branch_dag.py for tasks to queue
[2025-01-13T18:16:51.730-0500] {logging_mixin.py:190} INFO - [2025-01-13T18:16:51.730-0500] {dagbag.py:588} INFO - Filling up the DagBag from /usr/local/lib/python3.10/site-packages/airflow/example_dags/example_nested_branch_dag.py
[2025-01-13T18:16:51.768-0500] {processor.py:925} INFO - DAG(s) 'example_nested_branch_dag' retrieved from /usr/local/lib/python3.10/site-packages/airflow/example_dags/example_nested_branch_dag.py
[2025-01-13T18:16:51.927-0500] {logging_mixin.py:190} INFO - [2025-01-13T18:16:51.926-0500] {dag.py:3239} INFO - Sync 1 DAGs
[2025-01-13T18:16:51.944-0500] {logging_mixin.py:190} INFO - [2025-01-13T18:16:51.944-0500] {dag.py:4180} INFO - Setting next_dagrun for example_nested_branch_dag to 2025-01-12 00:00:00+00:00, run_after=2025-01-13 00:00:00+00:00
[2025-01-13T18:16:51.959-0500] {processor.py:208} INFO - Processing /usr/local/lib/python3.10/site-packages/airflow/example_dags/example_nested_branch_dag.py took 0.237 seconds
[2025-01-13T18:19:27.714-0500] {processor.py:186} INFO - Started process (PID=16269) to work on /usr/local/lib/python3.10/site-packages/airflow/example_dags/example_nested_branch_dag.py
[2025-01-13T18:19:27.716-0500] {processor.py:914} INFO - Processing file /usr/local/lib/python3.10/site-packages/airflow/example_dags/example_nested_branch_dag.py for tasks to queue
[2025-01-13T18:19:27.718-0500] {logging_mixin.py:190} INFO - [2025-01-13T18:19:27.717-0500] {dagbag.py:588} INFO - Filling up the DagBag from /usr/local/lib/python3.10/site-packages/airflow/example_dags/example_nested_branch_dag.py
[2025-01-13T18:19:27.762-0500] {processor.py:925} INFO - DAG(s) 'example_nested_branch_dag' retrieved from /usr/local/lib/python3.10/site-packages/airflow/example_dags/example_nested_branch_dag.py
[2025-01-13T18:19:27.935-0500] {logging_mixin.py:190} INFO - [2025-01-13T18:19:27.934-0500] {dag.py:3239} INFO - Sync 1 DAGs
[2025-01-13T18:19:27.955-0500] {logging_mixin.py:190} INFO - [2025-01-13T18:19:27.954-0500] {dag.py:4180} INFO - Setting next_dagrun for example_nested_branch_dag to 2025-01-12 00:00:00+00:00, run_after=2025-01-13 00:00:00+00:00
[2025-01-13T18:19:27.972-0500] {processor.py:208} INFO - Processing /usr/local/lib/python3.10/site-packages/airflow/example_dags/example_nested_branch_dag.py took 0.263 seconds
[2025-01-13T18:21:43.969-0500] {processor.py:186} INFO - Started process (PID=17918) to work on /usr/local/lib/python3.10/site-packages/airflow/example_dags/example_nested_branch_dag.py
[2025-01-13T18:21:43.970-0500] {processor.py:914} INFO - Processing file /usr/local/lib/python3.10/site-packages/airflow/example_dags/example_nested_branch_dag.py for tasks to queue
[2025-01-13T18:21:43.971-0500] {logging_mixin.py:190} INFO - [2025-01-13T18:21:43.971-0500] {dagbag.py:588} INFO - Filling up the DagBag from /usr/local/lib/python3.10/site-packages/airflow/example_dags/example_nested_branch_dag.py
[2025-01-13T18:21:44.007-0500] {processor.py:925} INFO - DAG(s) 'example_nested_branch_dag' retrieved from /usr/local/lib/python3.10/site-packages/airflow/example_dags/example_nested_branch_dag.py
[2025-01-13T18:21:44.162-0500] {logging_mixin.py:190} INFO - [2025-01-13T18:21:44.161-0500] {dag.py:3239} INFO - Sync 1 DAGs
[2025-01-13T18:21:44.179-0500] {logging_mixin.py:190} INFO - [2025-01-13T18:21:44.179-0500] {dag.py:4180} INFO - Setting next_dagrun for example_nested_branch_dag to 2025-01-12 00:00:00+00:00, run_after=2025-01-13 00:00:00+00:00
[2025-01-13T18:21:44.194-0500] {processor.py:208} INFO - Processing /usr/local/lib/python3.10/site-packages/airflow/example_dags/example_nested_branch_dag.py took 0.229 seconds
[2025-01-13T18:24:06.309-0500] {processor.py:186} INFO - Started process (PID=19445) to work on /usr/local/lib/python3.10/site-packages/airflow/example_dags/example_nested_branch_dag.py
[2025-01-13T18:24:06.311-0500] {processor.py:914} INFO - Processing file /usr/local/lib/python3.10/site-packages/airflow/example_dags/example_nested_branch_dag.py for tasks to queue
[2025-01-13T18:24:06.313-0500] {logging_mixin.py:190} INFO - [2025-01-13T18:24:06.312-0500] {dagbag.py:588} INFO - Filling up the DagBag from /usr/local/lib/python3.10/site-packages/airflow/example_dags/example_nested_branch_dag.py
[2025-01-13T18:24:06.355-0500] {processor.py:925} INFO - DAG(s) 'example_nested_branch_dag' retrieved from /usr/local/lib/python3.10/site-packages/airflow/example_dags/example_nested_branch_dag.py
[2025-01-13T18:24:06.519-0500] {logging_mixin.py:190} INFO - [2025-01-13T18:24:06.519-0500] {dag.py:3239} INFO - Sync 1 DAGs
[2025-01-13T18:24:06.538-0500] {logging_mixin.py:190} INFO - [2025-01-13T18:24:06.538-0500] {dag.py:4180} INFO - Setting next_dagrun for example_nested_branch_dag to 2025-01-12 00:00:00+00:00, run_after=2025-01-13 00:00:00+00:00
[2025-01-13T18:24:06.553-0500] {processor.py:208} INFO - Processing /usr/local/lib/python3.10/site-packages/airflow/example_dags/example_nested_branch_dag.py took 0.249 seconds
[2025-01-13T18:26:21.863-0500] {processor.py:186} INFO - Started process (PID=21079) to work on /usr/local/lib/python3.10/site-packages/airflow/example_dags/example_nested_branch_dag.py
[2025-01-13T18:26:21.865-0500] {processor.py:914} INFO - Processing file /usr/local/lib/python3.10/site-packages/airflow/example_dags/example_nested_branch_dag.py for tasks to queue
[2025-01-13T18:26:21.866-0500] {logging_mixin.py:190} INFO - [2025-01-13T18:26:21.866-0500] {dagbag.py:588} INFO - Filling up the DagBag from /usr/local/lib/python3.10/site-packages/airflow/example_dags/example_nested_branch_dag.py
[2025-01-13T18:26:21.902-0500] {processor.py:925} INFO - DAG(s) 'example_nested_branch_dag' retrieved from /usr/local/lib/python3.10/site-packages/airflow/example_dags/example_nested_branch_dag.py
[2025-01-13T18:26:22.057-0500] {logging_mixin.py:190} INFO - [2025-01-13T18:26:22.057-0500] {dag.py:3239} INFO - Sync 1 DAGs
[2025-01-13T18:26:22.075-0500] {logging_mixin.py:190} INFO - [2025-01-13T18:26:22.075-0500] {dag.py:4180} INFO - Setting next_dagrun for example_nested_branch_dag to 2025-01-12 00:00:00+00:00, run_after=2025-01-13 00:00:00+00:00
[2025-01-13T18:26:22.090-0500] {processor.py:208} INFO - Processing /usr/local/lib/python3.10/site-packages/airflow/example_dags/example_nested_branch_dag.py took 0.231 seconds
[2025-01-13T18:28:27.202-0500] {processor.py:186} INFO - Started process (PID=22486) to work on /usr/local/lib/python3.10/site-packages/airflow/example_dags/example_nested_branch_dag.py
[2025-01-13T18:28:27.203-0500] {processor.py:914} INFO - Processing file /usr/local/lib/python3.10/site-packages/airflow/example_dags/example_nested_branch_dag.py for tasks to queue
[2025-01-13T18:28:27.204-0500] {logging_mixin.py:190} INFO - [2025-01-13T18:28:27.204-0500] {dagbag.py:588} INFO - Filling up the DagBag from /usr/local/lib/python3.10/site-packages/airflow/example_dags/example_nested_branch_dag.py
[2025-01-13T18:28:27.239-0500] {processor.py:925} INFO - DAG(s) 'example_nested_branch_dag' retrieved from /usr/local/lib/python3.10/site-packages/airflow/example_dags/example_nested_branch_dag.py
[2025-01-13T18:28:27.392-0500] {logging_mixin.py:190} INFO - [2025-01-13T18:28:27.392-0500] {dag.py:3239} INFO - Sync 1 DAGs
[2025-01-13T18:28:27.410-0500] {logging_mixin.py:190} INFO - [2025-01-13T18:28:27.409-0500] {dag.py:4180} INFO - Setting next_dagrun for example_nested_branch_dag to 2025-01-12 00:00:00+00:00, run_after=2025-01-13 00:00:00+00:00
[2025-01-13T18:28:27.425-0500] {processor.py:208} INFO - Processing /usr/local/lib/python3.10/site-packages/airflow/example_dags/example_nested_branch_dag.py took 0.227 seconds
[2025-01-13T18:39:42.353-0500] {processor.py:186} INFO - Started process (PID=30190) to work on /usr/local/lib/python3.10/site-packages/airflow/example_dags/example_nested_branch_dag.py
[2025-01-13T18:39:42.355-0500] {processor.py:914} INFO - Processing file /usr/local/lib/python3.10/site-packages/airflow/example_dags/example_nested_branch_dag.py for tasks to queue
[2025-01-13T18:39:42.357-0500] {logging_mixin.py:190} INFO - [2025-01-13T18:39:42.357-0500] {dagbag.py:588} INFO - Filling up the DagBag from /usr/local/lib/python3.10/site-packages/airflow/example_dags/example_nested_branch_dag.py
[2025-01-13T18:39:42.402-0500] {processor.py:925} INFO - DAG(s) 'example_nested_branch_dag' retrieved from /usr/local/lib/python3.10/site-packages/airflow/example_dags/example_nested_branch_dag.py
[2025-01-13T18:39:42.580-0500] {logging_mixin.py:190} INFO - [2025-01-13T18:39:42.580-0500] {dag.py:3239} INFO - Sync 1 DAGs
[2025-01-13T18:39:42.600-0500] {logging_mixin.py:190} INFO - [2025-01-13T18:39:42.600-0500] {dag.py:4180} INFO - Setting next_dagrun for example_nested_branch_dag to 2025-01-12 00:00:00+00:00, run_after=2025-01-13 00:00:00+00:00
[2025-01-13T18:39:42.622-0500] {processor.py:208} INFO - Processing /usr/local/lib/python3.10/site-packages/airflow/example_dags/example_nested_branch_dag.py took 0.274 seconds
[2025-01-13T18:42:34.262-0500] {processor.py:186} INFO - Started process (PID=32175) to work on /usr/local/lib/python3.10/site-packages/airflow/example_dags/example_nested_branch_dag.py
[2025-01-13T18:42:34.264-0500] {processor.py:914} INFO - Processing file /usr/local/lib/python3.10/site-packages/airflow/example_dags/example_nested_branch_dag.py for tasks to queue
[2025-01-13T18:42:34.265-0500] {logging_mixin.py:190} INFO - [2025-01-13T18:42:34.265-0500] {dagbag.py:588} INFO - Filling up the DagBag from /usr/local/lib/python3.10/site-packages/airflow/example_dags/example_nested_branch_dag.py
[2025-01-13T18:42:34.306-0500] {processor.py:925} INFO - DAG(s) 'example_nested_branch_dag' retrieved from /usr/local/lib/python3.10/site-packages/airflow/example_dags/example_nested_branch_dag.py
[2025-01-13T18:42:34.482-0500] {logging_mixin.py:190} INFO - [2025-01-13T18:42:34.482-0500] {dag.py:3239} INFO - Sync 1 DAGs
[2025-01-13T18:42:34.502-0500] {logging_mixin.py:190} INFO - [2025-01-13T18:42:34.502-0500] {dag.py:4180} INFO - Setting next_dagrun for example_nested_branch_dag to 2025-01-12 00:00:00+00:00, run_after=2025-01-13 00:00:00+00:00
[2025-01-13T18:42:34.520-0500] {processor.py:208} INFO - Processing /usr/local/lib/python3.10/site-packages/airflow/example_dags/example_nested_branch_dag.py took 0.262 seconds
[2025-01-13T18:44:53.795-0500] {processor.py:186} INFO - Started process (PID=33815) to work on /usr/local/lib/python3.10/site-packages/airflow/example_dags/example_nested_branch_dag.py
[2025-01-13T18:44:53.797-0500] {processor.py:914} INFO - Processing file /usr/local/lib/python3.10/site-packages/airflow/example_dags/example_nested_branch_dag.py for tasks to queue
[2025-01-13T18:44:53.799-0500] {logging_mixin.py:190} INFO - [2025-01-13T18:44:53.799-0500] {dagbag.py:588} INFO - Filling up the DagBag from /usr/local/lib/python3.10/site-packages/airflow/example_dags/example_nested_branch_dag.py
[2025-01-13T18:44:53.837-0500] {processor.py:925} INFO - DAG(s) 'example_nested_branch_dag' retrieved from /usr/local/lib/python3.10/site-packages/airflow/example_dags/example_nested_branch_dag.py
[2025-01-13T18:44:54.001-0500] {logging_mixin.py:190} INFO - [2025-01-13T18:44:54.001-0500] {dag.py:3239} INFO - Sync 1 DAGs
[2025-01-13T18:44:54.018-0500] {logging_mixin.py:190} INFO - [2025-01-13T18:44:54.018-0500] {dag.py:4180} INFO - Setting next_dagrun for example_nested_branch_dag to 2025-01-12 00:00:00+00:00, run_after=2025-01-13 00:00:00+00:00
[2025-01-13T18:44:54.034-0500] {processor.py:208} INFO - Processing /usr/local/lib/python3.10/site-packages/airflow/example_dags/example_nested_branch_dag.py took 0.243 seconds
[2025-01-13T18:47:13.725-0500] {processor.py:186} INFO - Started process (PID=35370) to work on /usr/local/lib/python3.10/site-packages/airflow/example_dags/example_nested_branch_dag.py
[2025-01-13T18:47:13.727-0500] {processor.py:914} INFO - Processing file /usr/local/lib/python3.10/site-packages/airflow/example_dags/example_nested_branch_dag.py for tasks to queue
[2025-01-13T18:47:13.728-0500] {logging_mixin.py:190} INFO - [2025-01-13T18:47:13.728-0500] {dagbag.py:588} INFO - Filling up the DagBag from /usr/local/lib/python3.10/site-packages/airflow/example_dags/example_nested_branch_dag.py
[2025-01-13T18:47:13.770-0500] {processor.py:925} INFO - DAG(s) 'example_nested_branch_dag' retrieved from /usr/local/lib/python3.10/site-packages/airflow/example_dags/example_nested_branch_dag.py
[2025-01-13T18:47:13.934-0500] {logging_mixin.py:190} INFO - [2025-01-13T18:47:13.934-0500] {dag.py:3239} INFO - Sync 1 DAGs
[2025-01-13T18:47:13.952-0500] {logging_mixin.py:190} INFO - [2025-01-13T18:47:13.952-0500] {dag.py:4180} INFO - Setting next_dagrun for example_nested_branch_dag to 2025-01-12 00:00:00+00:00, run_after=2025-01-13 00:00:00+00:00
[2025-01-13T18:47:13.968-0500] {processor.py:208} INFO - Processing /usr/local/lib/python3.10/site-packages/airflow/example_dags/example_nested_branch_dag.py took 0.247 seconds
[2025-01-13T18:49:49.736-0500] {processor.py:186} INFO - Started process (PID=37218) to work on /usr/local/lib/python3.10/site-packages/airflow/example_dags/example_nested_branch_dag.py
[2025-01-13T18:49:49.737-0500] {processor.py:914} INFO - Processing file /usr/local/lib/python3.10/site-packages/airflow/example_dags/example_nested_branch_dag.py for tasks to queue
[2025-01-13T18:49:49.738-0500] {logging_mixin.py:190} INFO - [2025-01-13T18:49:49.738-0500] {dagbag.py:588} INFO - Filling up the DagBag from /usr/local/lib/python3.10/site-packages/airflow/example_dags/example_nested_branch_dag.py
[2025-01-13T18:49:49.780-0500] {processor.py:925} INFO - DAG(s) 'example_nested_branch_dag' retrieved from /usr/local/lib/python3.10/site-packages/airflow/example_dags/example_nested_branch_dag.py
[2025-01-13T18:49:49.963-0500] {logging_mixin.py:190} INFO - [2025-01-13T18:49:49.962-0500] {dag.py:3239} INFO - Sync 1 DAGs
[2025-01-13T18:49:49.983-0500] {logging_mixin.py:190} INFO - [2025-01-13T18:49:49.982-0500] {dag.py:4180} INFO - Setting next_dagrun for example_nested_branch_dag to 2025-01-12 00:00:00+00:00, run_after=2025-01-13 00:00:00+00:00
[2025-01-13T18:49:50.000-0500] {processor.py:208} INFO - Processing /usr/local/lib/python3.10/site-packages/airflow/example_dags/example_nested_branch_dag.py took 0.269 seconds
[2025-01-13T18:52:15.032-0500] {processor.py:186} INFO - Started process (PID=38859) to work on /usr/local/lib/python3.10/site-packages/airflow/example_dags/example_nested_branch_dag.py
[2025-01-13T18:52:15.034-0500] {processor.py:914} INFO - Processing file /usr/local/lib/python3.10/site-packages/airflow/example_dags/example_nested_branch_dag.py for tasks to queue
[2025-01-13T18:52:15.035-0500] {logging_mixin.py:190} INFO - [2025-01-13T18:52:15.035-0500] {dagbag.py:588} INFO - Filling up the DagBag from /usr/local/lib/python3.10/site-packages/airflow/example_dags/example_nested_branch_dag.py
[2025-01-13T18:52:15.082-0500] {processor.py:925} INFO - DAG(s) 'example_nested_branch_dag' retrieved from /usr/local/lib/python3.10/site-packages/airflow/example_dags/example_nested_branch_dag.py
[2025-01-13T18:52:15.249-0500] {logging_mixin.py:190} INFO - [2025-01-13T18:52:15.249-0500] {dag.py:3239} INFO - Sync 1 DAGs
[2025-01-13T18:52:15.269-0500] {logging_mixin.py:190} INFO - [2025-01-13T18:52:15.269-0500] {dag.py:4180} INFO - Setting next_dagrun for example_nested_branch_dag to 2025-01-12 00:00:00+00:00, run_after=2025-01-13 00:00:00+00:00
[2025-01-13T18:52:15.286-0500] {processor.py:208} INFO - Processing /usr/local/lib/python3.10/site-packages/airflow/example_dags/example_nested_branch_dag.py took 0.259 seconds
[2025-01-13T18:54:34.042-0500] {processor.py:186} INFO - Started process (PID=40511) to work on /usr/local/lib/python3.10/site-packages/airflow/example_dags/example_nested_branch_dag.py
[2025-01-13T18:54:34.044-0500] {processor.py:914} INFO - Processing file /usr/local/lib/python3.10/site-packages/airflow/example_dags/example_nested_branch_dag.py for tasks to queue
[2025-01-13T18:54:34.045-0500] {logging_mixin.py:190} INFO - [2025-01-13T18:54:34.045-0500] {dagbag.py:588} INFO - Filling up the DagBag from /usr/local/lib/python3.10/site-packages/airflow/example_dags/example_nested_branch_dag.py
[2025-01-13T18:54:34.081-0500] {processor.py:925} INFO - DAG(s) 'example_nested_branch_dag' retrieved from /usr/local/lib/python3.10/site-packages/airflow/example_dags/example_nested_branch_dag.py
[2025-01-13T18:54:34.242-0500] {logging_mixin.py:190} INFO - [2025-01-13T18:54:34.242-0500] {dag.py:3239} INFO - Sync 1 DAGs
[2025-01-13T18:54:34.259-0500] {logging_mixin.py:190} INFO - [2025-01-13T18:54:34.259-0500] {dag.py:4180} INFO - Setting next_dagrun for example_nested_branch_dag to 2025-01-12 00:00:00+00:00, run_after=2025-01-13 00:00:00+00:00
[2025-01-13T18:54:34.275-0500] {processor.py:208} INFO - Processing /usr/local/lib/python3.10/site-packages/airflow/example_dags/example_nested_branch_dag.py took 0.237 seconds
[2025-01-13T18:56:52.141-0500] {processor.py:186} INFO - Started process (PID=42057) to work on /usr/local/lib/python3.10/site-packages/airflow/example_dags/example_nested_branch_dag.py
[2025-01-13T18:56:52.143-0500] {processor.py:914} INFO - Processing file /usr/local/lib/python3.10/site-packages/airflow/example_dags/example_nested_branch_dag.py for tasks to queue
[2025-01-13T18:56:52.144-0500] {logging_mixin.py:190} INFO - [2025-01-13T18:56:52.144-0500] {dagbag.py:588} INFO - Filling up the DagBag from /usr/local/lib/python3.10/site-packages/airflow/example_dags/example_nested_branch_dag.py
[2025-01-13T18:56:52.181-0500] {processor.py:925} INFO - DAG(s) 'example_nested_branch_dag' retrieved from /usr/local/lib/python3.10/site-packages/airflow/example_dags/example_nested_branch_dag.py
[2025-01-13T18:56:52.342-0500] {logging_mixin.py:190} INFO - [2025-01-13T18:56:52.342-0500] {dag.py:3239} INFO - Sync 1 DAGs
[2025-01-13T18:56:52.360-0500] {logging_mixin.py:190} INFO - [2025-01-13T18:56:52.360-0500] {dag.py:4180} INFO - Setting next_dagrun for example_nested_branch_dag to 2025-01-12 00:00:00+00:00, run_after=2025-01-13 00:00:00+00:00
[2025-01-13T18:56:52.376-0500] {processor.py:208} INFO - Processing /usr/local/lib/python3.10/site-packages/airflow/example_dags/example_nested_branch_dag.py took 0.240 seconds
[2025-01-13T18:59:10.396-0500] {processor.py:186} INFO - Started process (PID=43768) to work on /usr/local/lib/python3.10/site-packages/airflow/example_dags/example_nested_branch_dag.py
[2025-01-13T18:59:10.398-0500] {processor.py:914} INFO - Processing file /usr/local/lib/python3.10/site-packages/airflow/example_dags/example_nested_branch_dag.py for tasks to queue
[2025-01-13T18:59:10.399-0500] {logging_mixin.py:190} INFO - [2025-01-13T18:59:10.399-0500] {dagbag.py:588} INFO - Filling up the DagBag from /usr/local/lib/python3.10/site-packages/airflow/example_dags/example_nested_branch_dag.py
[2025-01-13T18:59:10.443-0500] {processor.py:925} INFO - DAG(s) 'example_nested_branch_dag' retrieved from /usr/local/lib/python3.10/site-packages/airflow/example_dags/example_nested_branch_dag.py
[2025-01-13T18:59:10.617-0500] {logging_mixin.py:190} INFO - [2025-01-13T18:59:10.617-0500] {dag.py:3239} INFO - Sync 1 DAGs
[2025-01-13T18:59:10.637-0500] {logging_mixin.py:190} INFO - [2025-01-13T18:59:10.637-0500] {dag.py:4180} INFO - Setting next_dagrun for example_nested_branch_dag to 2025-01-12 00:00:00+00:00, run_after=2025-01-13 00:00:00+00:00
[2025-01-13T18:59:10.655-0500] {processor.py:208} INFO - Processing /usr/local/lib/python3.10/site-packages/airflow/example_dags/example_nested_branch_dag.py took 0.263 seconds
