[2025-01-13T16:52:46.223-0500] {processor.py:186} INFO - Started process (PID=56630) to work on /usr/local/lib/python3.10/site-packages/airflow/example_dags/example_params_ui_tutorial.py
[2025-01-13T16:52:46.225-0500] {processor.py:914} INFO - Processing file /usr/local/lib/python3.10/site-packages/airflow/example_dags/example_params_ui_tutorial.py for tasks to queue
[2025-01-13T16:52:46.226-0500] {logging_mixin.py:190} INFO - [2025-01-13T16:52:46.225-0500] {dagbag.py:588} INFO - Filling up the DagBag from /usr/local/lib/python3.10/site-packages/airflow/example_dags/example_params_ui_tutorial.py
[2025-01-13T16:52:46.261-0500] {processor.py:925} INFO - DAG(s) 'example_params_ui_tutorial' retrieved from /usr/local/lib/python3.10/site-packages/airflow/example_dags/example_params_ui_tutorial.py
[2025-01-13T16:52:46.543-0500] {logging_mixin.py:190} INFO - [2025-01-13T16:52:46.543-0500] {override.py:1912} INFO - Created Permission View: can read on DAG:example_params_ui_tutorial
[2025-01-13T16:52:46.554-0500] {logging_mixin.py:190} INFO - [2025-01-13T16:52:46.553-0500] {override.py:1912} INFO - Created Permission View: can delete on DAG:example_params_ui_tutorial
[2025-01-13T16:52:46.560-0500] {logging_mixin.py:190} INFO - [2025-01-13T16:52:46.560-0500] {override.py:1912} INFO - Created Permission View: can edit on DAG:example_params_ui_tutorial
[2025-01-13T16:52:46.570-0500] {logging_mixin.py:190} INFO - [2025-01-13T16:52:46.570-0500] {override.py:1912} INFO - Created Permission View: can create on DAG Run:example_params_ui_tutorial
[2025-01-13T16:52:46.578-0500] {logging_mixin.py:190} INFO - [2025-01-13T16:52:46.578-0500] {override.py:1912} INFO - Created Permission View: can read on DAG Run:example_params_ui_tutorial
[2025-01-13T16:52:46.585-0500] {logging_mixin.py:190} INFO - [2025-01-13T16:52:46.585-0500] {override.py:1912} INFO - Created Permission View: can delete on DAG Run:example_params_ui_tutorial
[2025-01-13T16:52:46.592-0500] {logging_mixin.py:190} INFO - [2025-01-13T16:52:46.591-0500] {override.py:1912} INFO - Created Permission View: menu access on DAG Run:example_params_ui_tutorial
[2025-01-13T16:52:46.592-0500] {logging_mixin.py:190} INFO - [2025-01-13T16:52:46.592-0500] {dag.py:3239} INFO - Sync 1 DAGs
[2025-01-13T16:52:46.604-0500] {logging_mixin.py:190} INFO - [2025-01-13T16:52:46.604-0500] {dag.py:3262} INFO - Creating ORM DAG for example_params_ui_tutorial
[2025-01-13T16:52:46.605-0500] {logging_mixin.py:190} INFO - [2025-01-13T16:52:46.605-0500] {dag.py:4180} INFO - Setting next_dagrun for example_params_ui_tutorial to None, run_after=None
[2025-01-13T16:52:46.623-0500] {processor.py:208} INFO - Processing /usr/local/lib/python3.10/site-packages/airflow/example_dags/example_params_ui_tutorial.py took 0.404 seconds
[2025-01-13T16:55:40.641-0500] {processor.py:186} INFO - Started process (PID=58597) to work on /usr/local/lib/python3.10/site-packages/airflow/example_dags/example_params_ui_tutorial.py
[2025-01-13T16:55:40.643-0500] {processor.py:914} INFO - Processing file /usr/local/lib/python3.10/site-packages/airflow/example_dags/example_params_ui_tutorial.py for tasks to queue
[2025-01-13T16:55:40.644-0500] {logging_mixin.py:190} INFO - [2025-01-13T16:55:40.644-0500] {dagbag.py:588} INFO - Filling up the DagBag from /usr/local/lib/python3.10/site-packages/airflow/example_dags/example_params_ui_tutorial.py
[2025-01-13T16:55:40.679-0500] {processor.py:925} INFO - DAG(s) 'example_params_ui_tutorial' retrieved from /usr/local/lib/python3.10/site-packages/airflow/example_dags/example_params_ui_tutorial.py
[2025-01-13T16:55:40.862-0500] {logging_mixin.py:190} INFO - [2025-01-13T16:55:40.862-0500] {dag.py:3239} INFO - Sync 1 DAGs
[2025-01-13T16:55:40.871-0500] {logging_mixin.py:190} INFO - [2025-01-13T16:55:40.871-0500] {dag.py:4180} INFO - Setting next_dagrun for example_params_ui_tutorial to None, run_after=None
[2025-01-13T16:55:40.884-0500] {processor.py:208} INFO - Processing /usr/local/lib/python3.10/site-packages/airflow/example_dags/example_params_ui_tutorial.py took 0.246 seconds
[2025-01-13T16:58:10.148-0500] {processor.py:186} INFO - Started process (PID=60346) to work on /usr/local/lib/python3.10/site-packages/airflow/example_dags/example_params_ui_tutorial.py
[2025-01-13T16:58:10.150-0500] {processor.py:914} INFO - Processing file /usr/local/lib/python3.10/site-packages/airflow/example_dags/example_params_ui_tutorial.py for tasks to queue
[2025-01-13T16:58:10.151-0500] {logging_mixin.py:190} INFO - [2025-01-13T16:58:10.151-0500] {dagbag.py:588} INFO - Filling up the DagBag from /usr/local/lib/python3.10/site-packages/airflow/example_dags/example_params_ui_tutorial.py
[2025-01-13T16:58:10.192-0500] {processor.py:925} INFO - DAG(s) 'example_params_ui_tutorial' retrieved from /usr/local/lib/python3.10/site-packages/airflow/example_dags/example_params_ui_tutorial.py
[2025-01-13T16:58:10.405-0500] {logging_mixin.py:190} INFO - [2025-01-13T16:58:10.404-0500] {dag.py:3239} INFO - Sync 1 DAGs
[2025-01-13T16:58:10.417-0500] {logging_mixin.py:190} INFO - [2025-01-13T16:58:10.417-0500] {dag.py:4180} INFO - Setting next_dagrun for example_params_ui_tutorial to None, run_after=None
[2025-01-13T16:58:10.434-0500] {processor.py:208} INFO - Processing /usr/local/lib/python3.10/site-packages/airflow/example_dags/example_params_ui_tutorial.py took 0.291 seconds
[2025-01-13T17:00:27.918-0500] {processor.py:186} INFO - Started process (PID=61927) to work on /usr/local/lib/python3.10/site-packages/airflow/example_dags/example_params_ui_tutorial.py
[2025-01-13T17:00:27.920-0500] {processor.py:914} INFO - Processing file /usr/local/lib/python3.10/site-packages/airflow/example_dags/example_params_ui_tutorial.py for tasks to queue
[2025-01-13T17:00:27.921-0500] {logging_mixin.py:190} INFO - [2025-01-13T17:00:27.920-0500] {dagbag.py:588} INFO - Filling up the DagBag from /usr/local/lib/python3.10/site-packages/airflow/example_dags/example_params_ui_tutorial.py
[2025-01-13T17:00:27.955-0500] {processor.py:925} INFO - DAG(s) 'example_params_ui_tutorial' retrieved from /usr/local/lib/python3.10/site-packages/airflow/example_dags/example_params_ui_tutorial.py
[2025-01-13T17:00:28.140-0500] {logging_mixin.py:190} INFO - [2025-01-13T17:00:28.140-0500] {dag.py:3239} INFO - Sync 1 DAGs
[2025-01-13T17:00:28.151-0500] {logging_mixin.py:190} INFO - [2025-01-13T17:00:28.150-0500] {dag.py:4180} INFO - Setting next_dagrun for example_params_ui_tutorial to None, run_after=None
[2025-01-13T17:00:28.165-0500] {processor.py:208} INFO - Processing /usr/local/lib/python3.10/site-packages/airflow/example_dags/example_params_ui_tutorial.py took 0.251 seconds
[2025-01-13T17:02:37.346-0500] {processor.py:186} INFO - Started process (PID=63442) to work on /usr/local/lib/python3.10/site-packages/airflow/example_dags/example_params_ui_tutorial.py
[2025-01-13T17:02:37.348-0500] {processor.py:914} INFO - Processing file /usr/local/lib/python3.10/site-packages/airflow/example_dags/example_params_ui_tutorial.py for tasks to queue
[2025-01-13T17:02:37.349-0500] {logging_mixin.py:190} INFO - [2025-01-13T17:02:37.349-0500] {dagbag.py:588} INFO - Filling up the DagBag from /usr/local/lib/python3.10/site-packages/airflow/example_dags/example_params_ui_tutorial.py
[2025-01-13T17:02:37.385-0500] {processor.py:925} INFO - DAG(s) 'example_params_ui_tutorial' retrieved from /usr/local/lib/python3.10/site-packages/airflow/example_dags/example_params_ui_tutorial.py
[2025-01-13T17:02:37.563-0500] {logging_mixin.py:190} INFO - [2025-01-13T17:02:37.563-0500] {dag.py:3239} INFO - Sync 1 DAGs
[2025-01-13T17:02:37.572-0500] {logging_mixin.py:190} INFO - [2025-01-13T17:02:37.572-0500] {dag.py:4180} INFO - Setting next_dagrun for example_params_ui_tutorial to None, run_after=None
[2025-01-13T17:02:37.588-0500] {processor.py:208} INFO - Processing /usr/local/lib/python3.10/site-packages/airflow/example_dags/example_params_ui_tutorial.py took 0.245 seconds
[2025-01-13T17:04:47.134-0500] {processor.py:186} INFO - Started process (PID=64850) to work on /usr/local/lib/python3.10/site-packages/airflow/example_dags/example_params_ui_tutorial.py
[2025-01-13T17:04:47.136-0500] {processor.py:914} INFO - Processing file /usr/local/lib/python3.10/site-packages/airflow/example_dags/example_params_ui_tutorial.py for tasks to queue
[2025-01-13T17:04:47.137-0500] {logging_mixin.py:190} INFO - [2025-01-13T17:04:47.137-0500] {dagbag.py:588} INFO - Filling up the DagBag from /usr/local/lib/python3.10/site-packages/airflow/example_dags/example_params_ui_tutorial.py
[2025-01-13T17:04:47.172-0500] {processor.py:925} INFO - DAG(s) 'example_params_ui_tutorial' retrieved from /usr/local/lib/python3.10/site-packages/airflow/example_dags/example_params_ui_tutorial.py
[2025-01-13T17:04:47.355-0500] {logging_mixin.py:190} INFO - [2025-01-13T17:04:47.355-0500] {dag.py:3239} INFO - Sync 1 DAGs
[2025-01-13T17:04:47.364-0500] {logging_mixin.py:190} INFO - [2025-01-13T17:04:47.364-0500] {dag.py:4180} INFO - Setting next_dagrun for example_params_ui_tutorial to None, run_after=None
[2025-01-13T17:04:47.376-0500] {processor.py:208} INFO - Processing /usr/local/lib/python3.10/site-packages/airflow/example_dags/example_params_ui_tutorial.py took 0.246 seconds
[2025-01-13T17:06:57.728-0500] {processor.py:186} INFO - Started process (PID=66352) to work on /usr/local/lib/python3.10/site-packages/airflow/example_dags/example_params_ui_tutorial.py
[2025-01-13T17:06:57.729-0500] {processor.py:914} INFO - Processing file /usr/local/lib/python3.10/site-packages/airflow/example_dags/example_params_ui_tutorial.py for tasks to queue
[2025-01-13T17:06:57.730-0500] {logging_mixin.py:190} INFO - [2025-01-13T17:06:57.730-0500] {dagbag.py:588} INFO - Filling up the DagBag from /usr/local/lib/python3.10/site-packages/airflow/example_dags/example_params_ui_tutorial.py
[2025-01-13T17:06:57.765-0500] {processor.py:925} INFO - DAG(s) 'example_params_ui_tutorial' retrieved from /usr/local/lib/python3.10/site-packages/airflow/example_dags/example_params_ui_tutorial.py
[2025-01-13T17:06:57.951-0500] {logging_mixin.py:190} INFO - [2025-01-13T17:06:57.951-0500] {dag.py:3239} INFO - Sync 1 DAGs
[2025-01-13T17:06:57.960-0500] {logging_mixin.py:190} INFO - [2025-01-13T17:06:57.960-0500] {dag.py:4180} INFO - Setting next_dagrun for example_params_ui_tutorial to None, run_after=None
[2025-01-13T17:06:57.973-0500] {processor.py:208} INFO - Processing /usr/local/lib/python3.10/site-packages/airflow/example_dags/example_params_ui_tutorial.py took 0.250 seconds
[2025-01-13T17:09:14.732-0500] {processor.py:186} INFO - Started process (PID=67887) to work on /usr/local/lib/python3.10/site-packages/airflow/example_dags/example_params_ui_tutorial.py
[2025-01-13T17:09:14.733-0500] {processor.py:914} INFO - Processing file /usr/local/lib/python3.10/site-packages/airflow/example_dags/example_params_ui_tutorial.py for tasks to queue
[2025-01-13T17:09:14.735-0500] {logging_mixin.py:190} INFO - [2025-01-13T17:09:14.734-0500] {dagbag.py:588} INFO - Filling up the DagBag from /usr/local/lib/python3.10/site-packages/airflow/example_dags/example_params_ui_tutorial.py
[2025-01-13T17:09:14.770-0500] {processor.py:925} INFO - DAG(s) 'example_params_ui_tutorial' retrieved from /usr/local/lib/python3.10/site-packages/airflow/example_dags/example_params_ui_tutorial.py
[2025-01-13T17:09:14.954-0500] {logging_mixin.py:190} INFO - [2025-01-13T17:09:14.954-0500] {dag.py:3239} INFO - Sync 1 DAGs
[2025-01-13T17:09:14.964-0500] {logging_mixin.py:190} INFO - [2025-01-13T17:09:14.964-0500] {dag.py:4180} INFO - Setting next_dagrun for example_params_ui_tutorial to None, run_after=None
[2025-01-13T17:09:14.979-0500] {processor.py:208} INFO - Processing /usr/local/lib/python3.10/site-packages/airflow/example_dags/example_params_ui_tutorial.py took 0.251 seconds
[2025-01-13T17:11:23.955-0500] {processor.py:186} INFO - Started process (PID=69401) to work on /usr/local/lib/python3.10/site-packages/airflow/example_dags/example_params_ui_tutorial.py
[2025-01-13T17:11:23.957-0500] {processor.py:914} INFO - Processing file /usr/local/lib/python3.10/site-packages/airflow/example_dags/example_params_ui_tutorial.py for tasks to queue
[2025-01-13T17:11:23.959-0500] {logging_mixin.py:190} INFO - [2025-01-13T17:11:23.958-0500] {dagbag.py:588} INFO - Filling up the DagBag from /usr/local/lib/python3.10/site-packages/airflow/example_dags/example_params_ui_tutorial.py
[2025-01-13T17:11:23.995-0500] {processor.py:925} INFO - DAG(s) 'example_params_ui_tutorial' retrieved from /usr/local/lib/python3.10/site-packages/airflow/example_dags/example_params_ui_tutorial.py
[2025-01-13T17:11:24.176-0500] {logging_mixin.py:190} INFO - [2025-01-13T17:11:24.176-0500] {dag.py:3239} INFO - Sync 1 DAGs
[2025-01-13T17:11:24.187-0500] {logging_mixin.py:190} INFO - [2025-01-13T17:11:24.186-0500] {dag.py:4180} INFO - Setting next_dagrun for example_params_ui_tutorial to None, run_after=None
[2025-01-13T17:11:24.201-0500] {processor.py:208} INFO - Processing /usr/local/lib/python3.10/site-packages/airflow/example_dags/example_params_ui_tutorial.py took 0.250 seconds
[2025-01-13T17:14:55.326-0500] {processor.py:186} INFO - Started process (PID=71538) to work on /usr/local/lib/python3.10/site-packages/airflow/example_dags/example_params_ui_tutorial.py
[2025-01-13T17:14:55.330-0500] {processor.py:914} INFO - Processing file /usr/local/lib/python3.10/site-packages/airflow/example_dags/example_params_ui_tutorial.py for tasks to queue
[2025-01-13T17:14:55.333-0500] {logging_mixin.py:190} INFO - [2025-01-13T17:14:55.332-0500] {dagbag.py:588} INFO - Filling up the DagBag from /usr/local/lib/python3.10/site-packages/airflow/example_dags/example_params_ui_tutorial.py
[2025-01-13T17:14:55.444-0500] {processor.py:925} INFO - DAG(s) 'example_params_ui_tutorial' retrieved from /usr/local/lib/python3.10/site-packages/airflow/example_dags/example_params_ui_tutorial.py
[2025-01-13T17:14:55.988-0500] {logging_mixin.py:190} INFO - [2025-01-13T17:14:55.987-0500] {dag.py:3239} INFO - Sync 1 DAGs
[2025-01-13T17:14:56.023-0500] {logging_mixin.py:190} INFO - [2025-01-13T17:14:56.023-0500] {dag.py:4180} INFO - Setting next_dagrun for example_params_ui_tutorial to None, run_after=None
[2025-01-13T17:14:56.072-0500] {processor.py:208} INFO - Processing /usr/local/lib/python3.10/site-packages/airflow/example_dags/example_params_ui_tutorial.py took 0.760 seconds
[2025-01-13T17:17:41.545-0500] {processor.py:186} INFO - Started process (PID=73293) to work on /usr/local/lib/python3.10/site-packages/airflow/example_dags/example_params_ui_tutorial.py
[2025-01-13T17:17:41.546-0500] {processor.py:914} INFO - Processing file /usr/local/lib/python3.10/site-packages/airflow/example_dags/example_params_ui_tutorial.py for tasks to queue
[2025-01-13T17:17:41.548-0500] {logging_mixin.py:190} INFO - [2025-01-13T17:17:41.547-0500] {dagbag.py:588} INFO - Filling up the DagBag from /usr/local/lib/python3.10/site-packages/airflow/example_dags/example_params_ui_tutorial.py
[2025-01-13T17:17:41.585-0500] {processor.py:925} INFO - DAG(s) 'example_params_ui_tutorial' retrieved from /usr/local/lib/python3.10/site-packages/airflow/example_dags/example_params_ui_tutorial.py
[2025-01-13T17:17:41.777-0500] {logging_mixin.py:190} INFO - [2025-01-13T17:17:41.776-0500] {dag.py:3239} INFO - Sync 1 DAGs
[2025-01-13T17:17:41.787-0500] {logging_mixin.py:190} INFO - [2025-01-13T17:17:41.787-0500] {dag.py:4180} INFO - Setting next_dagrun for example_params_ui_tutorial to None, run_after=None
[2025-01-13T17:17:41.803-0500] {processor.py:208} INFO - Processing /usr/local/lib/python3.10/site-packages/airflow/example_dags/example_params_ui_tutorial.py took 0.262 seconds
[2025-01-13T17:20:11.470-0500] {processor.py:186} INFO - Started process (PID=75005) to work on /usr/local/lib/python3.10/site-packages/airflow/example_dags/example_params_ui_tutorial.py
[2025-01-13T17:20:11.471-0500] {processor.py:914} INFO - Processing file /usr/local/lib/python3.10/site-packages/airflow/example_dags/example_params_ui_tutorial.py for tasks to queue
[2025-01-13T17:20:11.472-0500] {logging_mixin.py:190} INFO - [2025-01-13T17:20:11.472-0500] {dagbag.py:588} INFO - Filling up the DagBag from /usr/local/lib/python3.10/site-packages/airflow/example_dags/example_params_ui_tutorial.py
[2025-01-13T17:20:11.514-0500] {processor.py:925} INFO - DAG(s) 'example_params_ui_tutorial' retrieved from /usr/local/lib/python3.10/site-packages/airflow/example_dags/example_params_ui_tutorial.py
[2025-01-13T17:20:11.745-0500] {logging_mixin.py:190} INFO - [2025-01-13T17:20:11.744-0500] {dag.py:3239} INFO - Sync 1 DAGs
[2025-01-13T17:20:11.758-0500] {logging_mixin.py:190} INFO - [2025-01-13T17:20:11.758-0500] {dag.py:4180} INFO - Setting next_dagrun for example_params_ui_tutorial to None, run_after=None
[2025-01-13T17:20:11.777-0500] {processor.py:208} INFO - Processing /usr/local/lib/python3.10/site-packages/airflow/example_dags/example_params_ui_tutorial.py took 0.312 seconds
[2025-01-13T17:22:29.325-0500] {processor.py:186} INFO - Started process (PID=76627) to work on /usr/local/lib/python3.10/site-packages/airflow/example_dags/example_params_ui_tutorial.py
[2025-01-13T17:22:29.328-0500] {processor.py:914} INFO - Processing file /usr/local/lib/python3.10/site-packages/airflow/example_dags/example_params_ui_tutorial.py for tasks to queue
[2025-01-13T17:22:29.329-0500] {logging_mixin.py:190} INFO - [2025-01-13T17:22:29.329-0500] {dagbag.py:588} INFO - Filling up the DagBag from /usr/local/lib/python3.10/site-packages/airflow/example_dags/example_params_ui_tutorial.py
[2025-01-13T17:22:29.381-0500] {processor.py:925} INFO - DAG(s) 'example_params_ui_tutorial' retrieved from /usr/local/lib/python3.10/site-packages/airflow/example_dags/example_params_ui_tutorial.py
[2025-01-13T17:22:29.621-0500] {logging_mixin.py:190} INFO - [2025-01-13T17:22:29.621-0500] {dag.py:3239} INFO - Sync 1 DAGs
[2025-01-13T17:22:29.635-0500] {logging_mixin.py:190} INFO - [2025-01-13T17:22:29.634-0500] {dag.py:4180} INFO - Setting next_dagrun for example_params_ui_tutorial to None, run_after=None
[2025-01-13T17:22:29.654-0500] {processor.py:208} INFO - Processing /usr/local/lib/python3.10/site-packages/airflow/example_dags/example_params_ui_tutorial.py took 0.333 seconds
[2025-01-13T17:24:38.875-0500] {processor.py:186} INFO - Started process (PID=78004) to work on /usr/local/lib/python3.10/site-packages/airflow/example_dags/example_params_ui_tutorial.py
[2025-01-13T17:24:38.877-0500] {processor.py:914} INFO - Processing file /usr/local/lib/python3.10/site-packages/airflow/example_dags/example_params_ui_tutorial.py for tasks to queue
[2025-01-13T17:24:38.878-0500] {logging_mixin.py:190} INFO - [2025-01-13T17:24:38.878-0500] {dagbag.py:588} INFO - Filling up the DagBag from /usr/local/lib/python3.10/site-packages/airflow/example_dags/example_params_ui_tutorial.py
[2025-01-13T17:24:38.915-0500] {processor.py:925} INFO - DAG(s) 'example_params_ui_tutorial' retrieved from /usr/local/lib/python3.10/site-packages/airflow/example_dags/example_params_ui_tutorial.py
[2025-01-13T17:24:39.098-0500] {logging_mixin.py:190} INFO - [2025-01-13T17:24:39.098-0500] {dag.py:3239} INFO - Sync 1 DAGs
[2025-01-13T17:24:39.107-0500] {logging_mixin.py:190} INFO - [2025-01-13T17:24:39.107-0500] {dag.py:4180} INFO - Setting next_dagrun for example_params_ui_tutorial to None, run_after=None
[2025-01-13T17:24:39.120-0500] {processor.py:208} INFO - Processing /usr/local/lib/python3.10/site-packages/airflow/example_dags/example_params_ui_tutorial.py took 0.249 seconds
[2025-01-13T17:26:47.747-0500] {processor.py:186} INFO - Started process (PID=79502) to work on /usr/local/lib/python3.10/site-packages/airflow/example_dags/example_params_ui_tutorial.py
[2025-01-13T17:26:47.749-0500] {processor.py:914} INFO - Processing file /usr/local/lib/python3.10/site-packages/airflow/example_dags/example_params_ui_tutorial.py for tasks to queue
[2025-01-13T17:26:47.750-0500] {logging_mixin.py:190} INFO - [2025-01-13T17:26:47.750-0500] {dagbag.py:588} INFO - Filling up the DagBag from /usr/local/lib/python3.10/site-packages/airflow/example_dags/example_params_ui_tutorial.py
[2025-01-13T17:26:47.785-0500] {processor.py:925} INFO - DAG(s) 'example_params_ui_tutorial' retrieved from /usr/local/lib/python3.10/site-packages/airflow/example_dags/example_params_ui_tutorial.py
[2025-01-13T17:26:47.960-0500] {logging_mixin.py:190} INFO - [2025-01-13T17:26:47.960-0500] {dag.py:3239} INFO - Sync 1 DAGs
[2025-01-13T17:26:47.969-0500] {logging_mixin.py:190} INFO - [2025-01-13T17:26:47.969-0500] {dag.py:4180} INFO - Setting next_dagrun for example_params_ui_tutorial to None, run_after=None
[2025-01-13T17:26:47.984-0500] {processor.py:208} INFO - Processing /usr/local/lib/python3.10/site-packages/airflow/example_dags/example_params_ui_tutorial.py took 0.241 seconds
[2025-01-13T17:28:55.503-0500] {processor.py:186} INFO - Started process (PID=80879) to work on /usr/local/lib/python3.10/site-packages/airflow/example_dags/example_params_ui_tutorial.py
[2025-01-13T17:28:55.505-0500] {processor.py:914} INFO - Processing file /usr/local/lib/python3.10/site-packages/airflow/example_dags/example_params_ui_tutorial.py for tasks to queue
[2025-01-13T17:28:55.506-0500] {logging_mixin.py:190} INFO - [2025-01-13T17:28:55.505-0500] {dagbag.py:588} INFO - Filling up the DagBag from /usr/local/lib/python3.10/site-packages/airflow/example_dags/example_params_ui_tutorial.py
[2025-01-13T17:28:55.540-0500] {processor.py:925} INFO - DAG(s) 'example_params_ui_tutorial' retrieved from /usr/local/lib/python3.10/site-packages/airflow/example_dags/example_params_ui_tutorial.py
[2025-01-13T17:28:55.712-0500] {logging_mixin.py:190} INFO - [2025-01-13T17:28:55.712-0500] {dag.py:3239} INFO - Sync 1 DAGs
[2025-01-13T17:28:55.721-0500] {logging_mixin.py:190} INFO - [2025-01-13T17:28:55.721-0500] {dag.py:4180} INFO - Setting next_dagrun for example_params_ui_tutorial to None, run_after=None
[2025-01-13T17:28:55.734-0500] {processor.py:208} INFO - Processing /usr/local/lib/python3.10/site-packages/airflow/example_dags/example_params_ui_tutorial.py took 0.235 seconds
[2025-01-13T17:31:14.691-0500] {processor.py:186} INFO - Started process (PID=82495) to work on /usr/local/lib/python3.10/site-packages/airflow/example_dags/example_params_ui_tutorial.py
[2025-01-13T17:31:14.693-0500] {processor.py:914} INFO - Processing file /usr/local/lib/python3.10/site-packages/airflow/example_dags/example_params_ui_tutorial.py for tasks to queue
[2025-01-13T17:31:14.694-0500] {logging_mixin.py:190} INFO - [2025-01-13T17:31:14.694-0500] {dagbag.py:588} INFO - Filling up the DagBag from /usr/local/lib/python3.10/site-packages/airflow/example_dags/example_params_ui_tutorial.py
[2025-01-13T17:31:14.729-0500] {processor.py:925} INFO - DAG(s) 'example_params_ui_tutorial' retrieved from /usr/local/lib/python3.10/site-packages/airflow/example_dags/example_params_ui_tutorial.py
[2025-01-13T17:31:14.914-0500] {logging_mixin.py:190} INFO - [2025-01-13T17:31:14.914-0500] {dag.py:3239} INFO - Sync 1 DAGs
[2025-01-13T17:31:14.925-0500] {logging_mixin.py:190} INFO - [2025-01-13T17:31:14.924-0500] {dag.py:4180} INFO - Setting next_dagrun for example_params_ui_tutorial to None, run_after=None
[2025-01-13T17:31:14.940-0500] {processor.py:208} INFO - Processing /usr/local/lib/python3.10/site-packages/airflow/example_dags/example_params_ui_tutorial.py took 0.253 seconds
[2025-01-13T17:33:23.172-0500] {processor.py:186} INFO - Started process (PID=83987) to work on /usr/local/lib/python3.10/site-packages/airflow/example_dags/example_params_ui_tutorial.py
[2025-01-13T17:33:23.175-0500] {processor.py:914} INFO - Processing file /usr/local/lib/python3.10/site-packages/airflow/example_dags/example_params_ui_tutorial.py for tasks to queue
[2025-01-13T17:33:23.176-0500] {logging_mixin.py:190} INFO - [2025-01-13T17:33:23.176-0500] {dagbag.py:588} INFO - Filling up the DagBag from /usr/local/lib/python3.10/site-packages/airflow/example_dags/example_params_ui_tutorial.py
[2025-01-13T17:33:23.217-0500] {processor.py:925} INFO - DAG(s) 'example_params_ui_tutorial' retrieved from /usr/local/lib/python3.10/site-packages/airflow/example_dags/example_params_ui_tutorial.py
[2025-01-13T17:33:23.416-0500] {logging_mixin.py:190} INFO - [2025-01-13T17:33:23.416-0500] {dag.py:3239} INFO - Sync 1 DAGs
[2025-01-13T17:33:23.427-0500] {logging_mixin.py:190} INFO - [2025-01-13T17:33:23.427-0500] {dag.py:4180} INFO - Setting next_dagrun for example_params_ui_tutorial to None, run_after=None
[2025-01-13T17:33:23.445-0500] {processor.py:208} INFO - Processing /usr/local/lib/python3.10/site-packages/airflow/example_dags/example_params_ui_tutorial.py took 0.277 seconds
[2025-01-13T17:35:43.132-0500] {processor.py:186} INFO - Started process (PID=85570) to work on /usr/local/lib/python3.10/site-packages/airflow/example_dags/example_params_ui_tutorial.py
[2025-01-13T17:35:43.134-0500] {processor.py:914} INFO - Processing file /usr/local/lib/python3.10/site-packages/airflow/example_dags/example_params_ui_tutorial.py for tasks to queue
[2025-01-13T17:35:43.135-0500] {logging_mixin.py:190} INFO - [2025-01-13T17:35:43.135-0500] {dagbag.py:588} INFO - Filling up the DagBag from /usr/local/lib/python3.10/site-packages/airflow/example_dags/example_params_ui_tutorial.py
[2025-01-13T17:35:43.173-0500] {processor.py:925} INFO - DAG(s) 'example_params_ui_tutorial' retrieved from /usr/local/lib/python3.10/site-packages/airflow/example_dags/example_params_ui_tutorial.py
[2025-01-13T17:35:43.363-0500] {logging_mixin.py:190} INFO - [2025-01-13T17:35:43.363-0500] {dag.py:3239} INFO - Sync 1 DAGs
[2025-01-13T17:35:43.373-0500] {logging_mixin.py:190} INFO - [2025-01-13T17:35:43.373-0500] {dag.py:4180} INFO - Setting next_dagrun for example_params_ui_tutorial to None, run_after=None
[2025-01-13T17:35:43.389-0500] {processor.py:208} INFO - Processing /usr/local/lib/python3.10/site-packages/airflow/example_dags/example_params_ui_tutorial.py took 0.261 seconds
[2025-01-13T17:38:07.542-0500] {processor.py:186} INFO - Started process (PID=87200) to work on /usr/local/lib/python3.10/site-packages/airflow/example_dags/example_params_ui_tutorial.py
[2025-01-13T17:38:07.544-0500] {processor.py:914} INFO - Processing file /usr/local/lib/python3.10/site-packages/airflow/example_dags/example_params_ui_tutorial.py for tasks to queue
[2025-01-13T17:38:07.546-0500] {logging_mixin.py:190} INFO - [2025-01-13T17:38:07.546-0500] {dagbag.py:588} INFO - Filling up the DagBag from /usr/local/lib/python3.10/site-packages/airflow/example_dags/example_params_ui_tutorial.py
[2025-01-13T17:38:07.590-0500] {processor.py:925} INFO - DAG(s) 'example_params_ui_tutorial' retrieved from /usr/local/lib/python3.10/site-packages/airflow/example_dags/example_params_ui_tutorial.py
[2025-01-13T17:38:07.805-0500] {logging_mixin.py:190} INFO - [2025-01-13T17:38:07.805-0500] {dag.py:3239} INFO - Sync 1 DAGs
[2025-01-13T17:38:07.818-0500] {logging_mixin.py:190} INFO - [2025-01-13T17:38:07.818-0500] {dag.py:4180} INFO - Setting next_dagrun for example_params_ui_tutorial to None, run_after=None
[2025-01-13T17:38:07.838-0500] {processor.py:208} INFO - Processing /usr/local/lib/python3.10/site-packages/airflow/example_dags/example_params_ui_tutorial.py took 0.301 seconds
[2025-01-13T17:40:17.800-0500] {processor.py:186} INFO - Started process (PID=88698) to work on /usr/local/lib/python3.10/site-packages/airflow/example_dags/example_params_ui_tutorial.py
[2025-01-13T17:40:17.801-0500] {processor.py:914} INFO - Processing file /usr/local/lib/python3.10/site-packages/airflow/example_dags/example_params_ui_tutorial.py for tasks to queue
[2025-01-13T17:40:17.803-0500] {logging_mixin.py:190} INFO - [2025-01-13T17:40:17.803-0500] {dagbag.py:588} INFO - Filling up the DagBag from /usr/local/lib/python3.10/site-packages/airflow/example_dags/example_params_ui_tutorial.py
[2025-01-13T17:40:17.848-0500] {processor.py:925} INFO - DAG(s) 'example_params_ui_tutorial' retrieved from /usr/local/lib/python3.10/site-packages/airflow/example_dags/example_params_ui_tutorial.py
[2025-01-13T17:40:18.050-0500] {logging_mixin.py:190} INFO - [2025-01-13T17:40:18.049-0500] {dag.py:3239} INFO - Sync 1 DAGs
[2025-01-13T17:40:18.060-0500] {logging_mixin.py:190} INFO - [2025-01-13T17:40:18.060-0500] {dag.py:4180} INFO - Setting next_dagrun for example_params_ui_tutorial to None, run_after=None
[2025-01-13T17:40:18.076-0500] {processor.py:208} INFO - Processing /usr/local/lib/python3.10/site-packages/airflow/example_dags/example_params_ui_tutorial.py took 0.281 seconds
[2025-01-13T17:42:35.088-0500] {processor.py:186} INFO - Started process (PID=90212) to work on /usr/local/lib/python3.10/site-packages/airflow/example_dags/example_params_ui_tutorial.py
[2025-01-13T17:42:35.089-0500] {processor.py:914} INFO - Processing file /usr/local/lib/python3.10/site-packages/airflow/example_dags/example_params_ui_tutorial.py for tasks to queue
[2025-01-13T17:42:35.090-0500] {logging_mixin.py:190} INFO - [2025-01-13T17:42:35.090-0500] {dagbag.py:588} INFO - Filling up the DagBag from /usr/local/lib/python3.10/site-packages/airflow/example_dags/example_params_ui_tutorial.py
[2025-01-13T17:42:35.125-0500] {processor.py:925} INFO - DAG(s) 'example_params_ui_tutorial' retrieved from /usr/local/lib/python3.10/site-packages/airflow/example_dags/example_params_ui_tutorial.py
[2025-01-13T17:42:35.329-0500] {logging_mixin.py:190} INFO - [2025-01-13T17:42:35.329-0500] {dag.py:3239} INFO - Sync 1 DAGs
[2025-01-13T17:42:35.343-0500] {logging_mixin.py:190} INFO - [2025-01-13T17:42:35.342-0500] {dag.py:4180} INFO - Setting next_dagrun for example_params_ui_tutorial to None, run_after=None
[2025-01-13T17:42:35.362-0500] {processor.py:208} INFO - Processing /usr/local/lib/python3.10/site-packages/airflow/example_dags/example_params_ui_tutorial.py took 0.279 seconds
[2025-01-13T17:45:01.151-0500] {processor.py:186} INFO - Started process (PID=91941) to work on /usr/local/lib/python3.10/site-packages/airflow/example_dags/example_params_ui_tutorial.py
[2025-01-13T17:45:01.153-0500] {processor.py:914} INFO - Processing file /usr/local/lib/python3.10/site-packages/airflow/example_dags/example_params_ui_tutorial.py for tasks to queue
[2025-01-13T17:45:01.154-0500] {logging_mixin.py:190} INFO - [2025-01-13T17:45:01.154-0500] {dagbag.py:588} INFO - Filling up the DagBag from /usr/local/lib/python3.10/site-packages/airflow/example_dags/example_params_ui_tutorial.py
[2025-01-13T17:45:01.192-0500] {processor.py:925} INFO - DAG(s) 'example_params_ui_tutorial' retrieved from /usr/local/lib/python3.10/site-packages/airflow/example_dags/example_params_ui_tutorial.py
[2025-01-13T17:45:01.376-0500] {logging_mixin.py:190} INFO - [2025-01-13T17:45:01.376-0500] {dag.py:3239} INFO - Sync 1 DAGs
[2025-01-13T17:45:01.386-0500] {logging_mixin.py:190} INFO - [2025-01-13T17:45:01.386-0500] {dag.py:4180} INFO - Setting next_dagrun for example_params_ui_tutorial to None, run_after=None
[2025-01-13T17:45:01.401-0500] {processor.py:208} INFO - Processing /usr/local/lib/python3.10/site-packages/airflow/example_dags/example_params_ui_tutorial.py took 0.254 seconds
[2025-01-13T17:47:03.814-0500] {processor.py:186} INFO - Started process (PID=93329) to work on /usr/local/lib/python3.10/site-packages/airflow/example_dags/example_params_ui_tutorial.py
[2025-01-13T17:47:03.816-0500] {processor.py:914} INFO - Processing file /usr/local/lib/python3.10/site-packages/airflow/example_dags/example_params_ui_tutorial.py for tasks to queue
[2025-01-13T17:47:03.817-0500] {logging_mixin.py:190} INFO - [2025-01-13T17:47:03.816-0500] {dagbag.py:588} INFO - Filling up the DagBag from /usr/local/lib/python3.10/site-packages/airflow/example_dags/example_params_ui_tutorial.py
[2025-01-13T17:47:03.851-0500] {processor.py:925} INFO - DAG(s) 'example_params_ui_tutorial' retrieved from /usr/local/lib/python3.10/site-packages/airflow/example_dags/example_params_ui_tutorial.py
[2025-01-13T17:47:04.029-0500] {logging_mixin.py:190} INFO - [2025-01-13T17:47:04.029-0500] {dag.py:3239} INFO - Sync 1 DAGs
[2025-01-13T17:47:04.039-0500] {logging_mixin.py:190} INFO - [2025-01-13T17:47:04.038-0500] {dag.py:4180} INFO - Setting next_dagrun for example_params_ui_tutorial to None, run_after=None
[2025-01-13T17:47:04.052-0500] {processor.py:208} INFO - Processing /usr/local/lib/python3.10/site-packages/airflow/example_dags/example_params_ui_tutorial.py took 0.242 seconds
[2025-01-13T17:49:13.468-0500] {processor.py:186} INFO - Started process (PID=94712) to work on /usr/local/lib/python3.10/site-packages/airflow/example_dags/example_params_ui_tutorial.py
[2025-01-13T17:49:13.470-0500] {processor.py:914} INFO - Processing file /usr/local/lib/python3.10/site-packages/airflow/example_dags/example_params_ui_tutorial.py for tasks to queue
[2025-01-13T17:49:13.471-0500] {logging_mixin.py:190} INFO - [2025-01-13T17:49:13.470-0500] {dagbag.py:588} INFO - Filling up the DagBag from /usr/local/lib/python3.10/site-packages/airflow/example_dags/example_params_ui_tutorial.py
[2025-01-13T17:49:13.506-0500] {processor.py:925} INFO - DAG(s) 'example_params_ui_tutorial' retrieved from /usr/local/lib/python3.10/site-packages/airflow/example_dags/example_params_ui_tutorial.py
[2025-01-13T17:49:13.694-0500] {logging_mixin.py:190} INFO - [2025-01-13T17:49:13.693-0500] {dag.py:3239} INFO - Sync 1 DAGs
[2025-01-13T17:49:13.705-0500] {logging_mixin.py:190} INFO - [2025-01-13T17:49:13.705-0500] {dag.py:4180} INFO - Setting next_dagrun for example_params_ui_tutorial to None, run_after=None
[2025-01-13T17:49:13.722-0500] {processor.py:208} INFO - Processing /usr/local/lib/python3.10/site-packages/airflow/example_dags/example_params_ui_tutorial.py took 0.258 seconds
[2025-01-13T17:51:25.691-0500] {processor.py:186} INFO - Started process (PID=96196) to work on /usr/local/lib/python3.10/site-packages/airflow/example_dags/example_params_ui_tutorial.py
[2025-01-13T17:51:25.693-0500] {processor.py:914} INFO - Processing file /usr/local/lib/python3.10/site-packages/airflow/example_dags/example_params_ui_tutorial.py for tasks to queue
[2025-01-13T17:51:25.694-0500] {logging_mixin.py:190} INFO - [2025-01-13T17:51:25.694-0500] {dagbag.py:588} INFO - Filling up the DagBag from /usr/local/lib/python3.10/site-packages/airflow/example_dags/example_params_ui_tutorial.py
[2025-01-13T17:51:25.729-0500] {processor.py:925} INFO - DAG(s) 'example_params_ui_tutorial' retrieved from /usr/local/lib/python3.10/site-packages/airflow/example_dags/example_params_ui_tutorial.py
[2025-01-13T17:51:25.917-0500] {logging_mixin.py:190} INFO - [2025-01-13T17:51:25.917-0500] {dag.py:3239} INFO - Sync 1 DAGs
[2025-01-13T17:51:25.927-0500] {logging_mixin.py:190} INFO - [2025-01-13T17:51:25.927-0500] {dag.py:4180} INFO - Setting next_dagrun for example_params_ui_tutorial to None, run_after=None
[2025-01-13T17:51:25.942-0500] {processor.py:208} INFO - Processing /usr/local/lib/python3.10/site-packages/airflow/example_dags/example_params_ui_tutorial.py took 0.254 seconds
[2025-01-13T17:53:37.572-0500] {processor.py:186} INFO - Started process (PID=97685) to work on /usr/local/lib/python3.10/site-packages/airflow/example_dags/example_params_ui_tutorial.py
[2025-01-13T17:53:37.574-0500] {processor.py:914} INFO - Processing file /usr/local/lib/python3.10/site-packages/airflow/example_dags/example_params_ui_tutorial.py for tasks to queue
[2025-01-13T17:53:37.575-0500] {logging_mixin.py:190} INFO - [2025-01-13T17:53:37.575-0500] {dagbag.py:588} INFO - Filling up the DagBag from /usr/local/lib/python3.10/site-packages/airflow/example_dags/example_params_ui_tutorial.py
[2025-01-13T17:53:37.618-0500] {processor.py:925} INFO - DAG(s) 'example_params_ui_tutorial' retrieved from /usr/local/lib/python3.10/site-packages/airflow/example_dags/example_params_ui_tutorial.py
[2025-01-13T17:53:37.815-0500] {logging_mixin.py:190} INFO - [2025-01-13T17:53:37.815-0500] {dag.py:3239} INFO - Sync 1 DAGs
[2025-01-13T17:53:37.826-0500] {logging_mixin.py:190} INFO - [2025-01-13T17:53:37.826-0500] {dag.py:4180} INFO - Setting next_dagrun for example_params_ui_tutorial to None, run_after=None
[2025-01-13T17:53:37.842-0500] {processor.py:208} INFO - Processing /usr/local/lib/python3.10/site-packages/airflow/example_dags/example_params_ui_tutorial.py took 0.275 seconds
[2025-01-13T17:55:48.413-0500] {processor.py:186} INFO - Started process (PID=99199) to work on /usr/local/lib/python3.10/site-packages/airflow/example_dags/example_params_ui_tutorial.py
[2025-01-13T17:55:48.415-0500] {processor.py:914} INFO - Processing file /usr/local/lib/python3.10/site-packages/airflow/example_dags/example_params_ui_tutorial.py for tasks to queue
[2025-01-13T17:55:48.416-0500] {logging_mixin.py:190} INFO - [2025-01-13T17:55:48.416-0500] {dagbag.py:588} INFO - Filling up the DagBag from /usr/local/lib/python3.10/site-packages/airflow/example_dags/example_params_ui_tutorial.py
[2025-01-13T17:55:48.450-0500] {processor.py:925} INFO - DAG(s) 'example_params_ui_tutorial' retrieved from /usr/local/lib/python3.10/site-packages/airflow/example_dags/example_params_ui_tutorial.py
[2025-01-13T17:55:48.623-0500] {logging_mixin.py:190} INFO - [2025-01-13T17:55:48.623-0500] {dag.py:3239} INFO - Sync 1 DAGs
[2025-01-13T17:55:48.632-0500] {logging_mixin.py:190} INFO - [2025-01-13T17:55:48.632-0500] {dag.py:4180} INFO - Setting next_dagrun for example_params_ui_tutorial to None, run_after=None
[2025-01-13T17:55:48.645-0500] {processor.py:208} INFO - Processing /usr/local/lib/python3.10/site-packages/airflow/example_dags/example_params_ui_tutorial.py took 0.236 seconds
[2025-01-13T17:57:59.478-0500] {processor.py:186} INFO - Started process (PID=1340) to work on /usr/local/lib/python3.10/site-packages/airflow/example_dags/example_params_ui_tutorial.py
[2025-01-13T17:57:59.480-0500] {processor.py:914} INFO - Processing file /usr/local/lib/python3.10/site-packages/airflow/example_dags/example_params_ui_tutorial.py for tasks to queue
[2025-01-13T17:57:59.481-0500] {logging_mixin.py:190} INFO - [2025-01-13T17:57:59.481-0500] {dagbag.py:588} INFO - Filling up the DagBag from /usr/local/lib/python3.10/site-packages/airflow/example_dags/example_params_ui_tutorial.py
[2025-01-13T17:57:59.520-0500] {processor.py:925} INFO - DAG(s) 'example_params_ui_tutorial' retrieved from /usr/local/lib/python3.10/site-packages/airflow/example_dags/example_params_ui_tutorial.py
[2025-01-13T17:57:59.718-0500] {logging_mixin.py:190} INFO - [2025-01-13T17:57:59.718-0500] {dag.py:3239} INFO - Sync 1 DAGs
[2025-01-13T17:57:59.730-0500] {logging_mixin.py:190} INFO - [2025-01-13T17:57:59.729-0500] {dag.py:4180} INFO - Setting next_dagrun for example_params_ui_tutorial to None, run_after=None
[2025-01-13T17:57:59.746-0500] {processor.py:208} INFO - Processing /usr/local/lib/python3.10/site-packages/airflow/example_dags/example_params_ui_tutorial.py took 0.273 seconds
[2025-01-13T18:00:21.307-0500] {processor.py:186} INFO - Started process (PID=2928) to work on /usr/local/lib/python3.10/site-packages/airflow/example_dags/example_params_ui_tutorial.py
[2025-01-13T18:00:21.309-0500] {processor.py:914} INFO - Processing file /usr/local/lib/python3.10/site-packages/airflow/example_dags/example_params_ui_tutorial.py for tasks to queue
[2025-01-13T18:00:21.310-0500] {logging_mixin.py:190} INFO - [2025-01-13T18:00:21.310-0500] {dagbag.py:588} INFO - Filling up the DagBag from /usr/local/lib/python3.10/site-packages/airflow/example_dags/example_params_ui_tutorial.py
[2025-01-13T18:00:21.345-0500] {processor.py:925} INFO - DAG(s) 'example_params_ui_tutorial' retrieved from /usr/local/lib/python3.10/site-packages/airflow/example_dags/example_params_ui_tutorial.py
[2025-01-13T18:00:21.525-0500] {logging_mixin.py:190} INFO - [2025-01-13T18:00:21.525-0500] {dag.py:3239} INFO - Sync 1 DAGs
[2025-01-13T18:00:21.534-0500] {logging_mixin.py:190} INFO - [2025-01-13T18:00:21.534-0500] {dag.py:4180} INFO - Setting next_dagrun for example_params_ui_tutorial to None, run_after=None
[2025-01-13T18:00:21.549-0500] {processor.py:208} INFO - Processing /usr/local/lib/python3.10/site-packages/airflow/example_dags/example_params_ui_tutorial.py took 0.246 seconds
[2025-01-13T18:02:52.123-0500] {processor.py:186} INFO - Started process (PID=4710) to work on /usr/local/lib/python3.10/site-packages/airflow/example_dags/example_params_ui_tutorial.py
[2025-01-13T18:02:52.125-0500] {processor.py:914} INFO - Processing file /usr/local/lib/python3.10/site-packages/airflow/example_dags/example_params_ui_tutorial.py for tasks to queue
[2025-01-13T18:02:52.126-0500] {logging_mixin.py:190} INFO - [2025-01-13T18:02:52.126-0500] {dagbag.py:588} INFO - Filling up the DagBag from /usr/local/lib/python3.10/site-packages/airflow/example_dags/example_params_ui_tutorial.py
[2025-01-13T18:02:52.161-0500] {processor.py:925} INFO - DAG(s) 'example_params_ui_tutorial' retrieved from /usr/local/lib/python3.10/site-packages/airflow/example_dags/example_params_ui_tutorial.py
[2025-01-13T18:02:52.371-0500] {logging_mixin.py:190} INFO - [2025-01-13T18:02:52.371-0500] {dag.py:3239} INFO - Sync 1 DAGs
[2025-01-13T18:02:52.382-0500] {logging_mixin.py:190} INFO - [2025-01-13T18:02:52.382-0500] {dag.py:4180} INFO - Setting next_dagrun for example_params_ui_tutorial to None, run_after=None
[2025-01-13T18:02:52.399-0500] {processor.py:208} INFO - Processing /usr/local/lib/python3.10/site-packages/airflow/example_dags/example_params_ui_tutorial.py took 0.280 seconds
[2025-01-13T18:05:07.676-0500] {processor.py:186} INFO - Started process (PID=6245) to work on /usr/local/lib/python3.10/site-packages/airflow/example_dags/example_params_ui_tutorial.py
[2025-01-13T18:05:07.678-0500] {processor.py:914} INFO - Processing file /usr/local/lib/python3.10/site-packages/airflow/example_dags/example_params_ui_tutorial.py for tasks to queue
[2025-01-13T18:05:07.679-0500] {logging_mixin.py:190} INFO - [2025-01-13T18:05:07.679-0500] {dagbag.py:588} INFO - Filling up the DagBag from /usr/local/lib/python3.10/site-packages/airflow/example_dags/example_params_ui_tutorial.py
[2025-01-13T18:05:07.718-0500] {processor.py:925} INFO - DAG(s) 'example_params_ui_tutorial' retrieved from /usr/local/lib/python3.10/site-packages/airflow/example_dags/example_params_ui_tutorial.py
[2025-01-13T18:05:07.941-0500] {logging_mixin.py:190} INFO - [2025-01-13T18:05:07.941-0500] {dag.py:3239} INFO - Sync 1 DAGs
[2025-01-13T18:05:07.953-0500] {logging_mixin.py:190} INFO - [2025-01-13T18:05:07.953-0500] {dag.py:4180} INFO - Setting next_dagrun for example_params_ui_tutorial to None, run_after=None
[2025-01-13T18:05:07.971-0500] {processor.py:208} INFO - Processing /usr/local/lib/python3.10/site-packages/airflow/example_dags/example_params_ui_tutorial.py took 0.299 seconds
[2025-01-13T18:07:25.351-0500] {processor.py:186} INFO - Started process (PID=7881) to work on /usr/local/lib/python3.10/site-packages/airflow/example_dags/example_params_ui_tutorial.py
[2025-01-13T18:07:25.353-0500] {processor.py:914} INFO - Processing file /usr/local/lib/python3.10/site-packages/airflow/example_dags/example_params_ui_tutorial.py for tasks to queue
[2025-01-13T18:07:25.355-0500] {logging_mixin.py:190} INFO - [2025-01-13T18:07:25.355-0500] {dagbag.py:588} INFO - Filling up the DagBag from /usr/local/lib/python3.10/site-packages/airflow/example_dags/example_params_ui_tutorial.py
[2025-01-13T18:07:25.395-0500] {processor.py:925} INFO - DAG(s) 'example_params_ui_tutorial' retrieved from /usr/local/lib/python3.10/site-packages/airflow/example_dags/example_params_ui_tutorial.py
[2025-01-13T18:07:25.586-0500] {logging_mixin.py:190} INFO - [2025-01-13T18:07:25.585-0500] {dag.py:3239} INFO - Sync 1 DAGs
[2025-01-13T18:07:25.596-0500] {logging_mixin.py:190} INFO - [2025-01-13T18:07:25.596-0500] {dag.py:4180} INFO - Setting next_dagrun for example_params_ui_tutorial to None, run_after=None
[2025-01-13T18:07:25.611-0500] {processor.py:208} INFO - Processing /usr/local/lib/python3.10/site-packages/airflow/example_dags/example_params_ui_tutorial.py took 0.264 seconds
[2025-01-13T18:09:36.653-0500] {processor.py:186} INFO - Started process (PID=9402) to work on /usr/local/lib/python3.10/site-packages/airflow/example_dags/example_params_ui_tutorial.py
[2025-01-13T18:09:36.655-0500] {processor.py:914} INFO - Processing file /usr/local/lib/python3.10/site-packages/airflow/example_dags/example_params_ui_tutorial.py for tasks to queue
[2025-01-13T18:09:36.656-0500] {logging_mixin.py:190} INFO - [2025-01-13T18:09:36.656-0500] {dagbag.py:588} INFO - Filling up the DagBag from /usr/local/lib/python3.10/site-packages/airflow/example_dags/example_params_ui_tutorial.py
[2025-01-13T18:09:36.692-0500] {processor.py:925} INFO - DAG(s) 'example_params_ui_tutorial' retrieved from /usr/local/lib/python3.10/site-packages/airflow/example_dags/example_params_ui_tutorial.py
[2025-01-13T18:09:36.878-0500] {logging_mixin.py:190} INFO - [2025-01-13T18:09:36.877-0500] {dag.py:3239} INFO - Sync 1 DAGs
[2025-01-13T18:09:36.888-0500] {logging_mixin.py:190} INFO - [2025-01-13T18:09:36.887-0500] {dag.py:4180} INFO - Setting next_dagrun for example_params_ui_tutorial to None, run_after=None
[2025-01-13T18:09:36.903-0500] {processor.py:208} INFO - Processing /usr/local/lib/python3.10/site-packages/airflow/example_dags/example_params_ui_tutorial.py took 0.253 seconds
[2025-01-13T18:11:51.023-0500] {processor.py:186} INFO - Started process (PID=10968) to work on /usr/local/lib/python3.10/site-packages/airflow/example_dags/example_params_ui_tutorial.py
[2025-01-13T18:11:51.025-0500] {processor.py:914} INFO - Processing file /usr/local/lib/python3.10/site-packages/airflow/example_dags/example_params_ui_tutorial.py for tasks to queue
[2025-01-13T18:11:51.026-0500] {logging_mixin.py:190} INFO - [2025-01-13T18:11:51.026-0500] {dagbag.py:588} INFO - Filling up the DagBag from /usr/local/lib/python3.10/site-packages/airflow/example_dags/example_params_ui_tutorial.py
[2025-01-13T18:11:51.061-0500] {processor.py:925} INFO - DAG(s) 'example_params_ui_tutorial' retrieved from /usr/local/lib/python3.10/site-packages/airflow/example_dags/example_params_ui_tutorial.py
[2025-01-13T18:11:51.251-0500] {logging_mixin.py:190} INFO - [2025-01-13T18:11:51.250-0500] {dag.py:3239} INFO - Sync 1 DAGs
[2025-01-13T18:11:51.261-0500] {logging_mixin.py:190} INFO - [2025-01-13T18:11:51.261-0500] {dag.py:4180} INFO - Setting next_dagrun for example_params_ui_tutorial to None, run_after=None
[2025-01-13T18:11:51.276-0500] {processor.py:208} INFO - Processing /usr/local/lib/python3.10/site-packages/airflow/example_dags/example_params_ui_tutorial.py took 0.257 seconds
[2025-01-13T18:14:20.052-0500] {processor.py:186} INFO - Started process (PID=12637) to work on /usr/local/lib/python3.10/site-packages/airflow/example_dags/example_params_ui_tutorial.py
[2025-01-13T18:14:20.054-0500] {processor.py:914} INFO - Processing file /usr/local/lib/python3.10/site-packages/airflow/example_dags/example_params_ui_tutorial.py for tasks to queue
[2025-01-13T18:14:20.055-0500] {logging_mixin.py:190} INFO - [2025-01-13T18:14:20.054-0500] {dagbag.py:588} INFO - Filling up the DagBag from /usr/local/lib/python3.10/site-packages/airflow/example_dags/example_params_ui_tutorial.py
[2025-01-13T18:14:20.090-0500] {processor.py:925} INFO - DAG(s) 'example_params_ui_tutorial' retrieved from /usr/local/lib/python3.10/site-packages/airflow/example_dags/example_params_ui_tutorial.py
[2025-01-13T18:14:20.270-0500] {logging_mixin.py:190} INFO - [2025-01-13T18:14:20.269-0500] {dag.py:3239} INFO - Sync 1 DAGs
[2025-01-13T18:14:20.279-0500] {logging_mixin.py:190} INFO - [2025-01-13T18:14:20.279-0500] {dag.py:4180} INFO - Setting next_dagrun for example_params_ui_tutorial to None, run_after=None
[2025-01-13T18:14:20.292-0500] {processor.py:208} INFO - Processing /usr/local/lib/python3.10/site-packages/airflow/example_dags/example_params_ui_tutorial.py took 0.244 seconds
[2025-01-13T18:16:42.947-0500] {processor.py:186} INFO - Started process (PID=14311) to work on /usr/local/lib/python3.10/site-packages/airflow/example_dags/example_params_ui_tutorial.py
[2025-01-13T18:16:42.949-0500] {processor.py:914} INFO - Processing file /usr/local/lib/python3.10/site-packages/airflow/example_dags/example_params_ui_tutorial.py for tasks to queue
[2025-01-13T18:16:42.950-0500] {logging_mixin.py:190} INFO - [2025-01-13T18:16:42.950-0500] {dagbag.py:588} INFO - Filling up the DagBag from /usr/local/lib/python3.10/site-packages/airflow/example_dags/example_params_ui_tutorial.py
[2025-01-13T18:16:42.986-0500] {processor.py:925} INFO - DAG(s) 'example_params_ui_tutorial' retrieved from /usr/local/lib/python3.10/site-packages/airflow/example_dags/example_params_ui_tutorial.py
[2025-01-13T18:16:43.178-0500] {logging_mixin.py:190} INFO - [2025-01-13T18:16:43.178-0500] {dag.py:3239} INFO - Sync 1 DAGs
[2025-01-13T18:16:43.189-0500] {logging_mixin.py:190} INFO - [2025-01-13T18:16:43.189-0500] {dag.py:4180} INFO - Setting next_dagrun for example_params_ui_tutorial to None, run_after=None
[2025-01-13T18:16:43.204-0500] {processor.py:208} INFO - Processing /usr/local/lib/python3.10/site-packages/airflow/example_dags/example_params_ui_tutorial.py took 0.262 seconds
[2025-01-13T18:19:18.185-0500] {processor.py:186} INFO - Started process (PID=16152) to work on /usr/local/lib/python3.10/site-packages/airflow/example_dags/example_params_ui_tutorial.py
[2025-01-13T18:19:18.187-0500] {processor.py:914} INFO - Processing file /usr/local/lib/python3.10/site-packages/airflow/example_dags/example_params_ui_tutorial.py for tasks to queue
[2025-01-13T18:19:18.188-0500] {logging_mixin.py:190} INFO - [2025-01-13T18:19:18.188-0500] {dagbag.py:588} INFO - Filling up the DagBag from /usr/local/lib/python3.10/site-packages/airflow/example_dags/example_params_ui_tutorial.py
[2025-01-13T18:19:18.224-0500] {processor.py:925} INFO - DAG(s) 'example_params_ui_tutorial' retrieved from /usr/local/lib/python3.10/site-packages/airflow/example_dags/example_params_ui_tutorial.py
[2025-01-13T18:19:18.416-0500] {logging_mixin.py:190} INFO - [2025-01-13T18:19:18.416-0500] {dag.py:3239} INFO - Sync 1 DAGs
[2025-01-13T18:19:18.427-0500] {logging_mixin.py:190} INFO - [2025-01-13T18:19:18.427-0500] {dag.py:4180} INFO - Setting next_dagrun for example_params_ui_tutorial to None, run_after=None
[2025-01-13T18:19:18.442-0500] {processor.py:208} INFO - Processing /usr/local/lib/python3.10/site-packages/airflow/example_dags/example_params_ui_tutorial.py took 0.261 seconds
[2025-01-13T18:21:35.957-0500] {processor.py:186} INFO - Started process (PID=17804) to work on /usr/local/lib/python3.10/site-packages/airflow/example_dags/example_params_ui_tutorial.py
[2025-01-13T18:21:35.958-0500] {processor.py:914} INFO - Processing file /usr/local/lib/python3.10/site-packages/airflow/example_dags/example_params_ui_tutorial.py for tasks to queue
[2025-01-13T18:21:35.960-0500] {logging_mixin.py:190} INFO - [2025-01-13T18:21:35.959-0500] {dagbag.py:588} INFO - Filling up the DagBag from /usr/local/lib/python3.10/site-packages/airflow/example_dags/example_params_ui_tutorial.py
[2025-01-13T18:21:35.994-0500] {processor.py:925} INFO - DAG(s) 'example_params_ui_tutorial' retrieved from /usr/local/lib/python3.10/site-packages/airflow/example_dags/example_params_ui_tutorial.py
[2025-01-13T18:21:36.174-0500] {logging_mixin.py:190} INFO - [2025-01-13T18:21:36.173-0500] {dag.py:3239} INFO - Sync 1 DAGs
[2025-01-13T18:21:36.183-0500] {logging_mixin.py:190} INFO - [2025-01-13T18:21:36.182-0500] {dag.py:4180} INFO - Setting next_dagrun for example_params_ui_tutorial to None, run_after=None
[2025-01-13T18:21:36.196-0500] {processor.py:208} INFO - Processing /usr/local/lib/python3.10/site-packages/airflow/example_dags/example_params_ui_tutorial.py took 0.243 seconds
[2025-01-13T18:23:57.369-0500] {processor.py:186} INFO - Started process (PID=19330) to work on /usr/local/lib/python3.10/site-packages/airflow/example_dags/example_params_ui_tutorial.py
[2025-01-13T18:23:57.371-0500] {processor.py:914} INFO - Processing file /usr/local/lib/python3.10/site-packages/airflow/example_dags/example_params_ui_tutorial.py for tasks to queue
[2025-01-13T18:23:57.372-0500] {logging_mixin.py:190} INFO - [2025-01-13T18:23:57.372-0500] {dagbag.py:588} INFO - Filling up the DagBag from /usr/local/lib/python3.10/site-packages/airflow/example_dags/example_params_ui_tutorial.py
[2025-01-13T18:23:57.412-0500] {processor.py:925} INFO - DAG(s) 'example_params_ui_tutorial' retrieved from /usr/local/lib/python3.10/site-packages/airflow/example_dags/example_params_ui_tutorial.py
[2025-01-13T18:23:57.610-0500] {logging_mixin.py:190} INFO - [2025-01-13T18:23:57.610-0500] {dag.py:3239} INFO - Sync 1 DAGs
[2025-01-13T18:23:57.621-0500] {logging_mixin.py:190} INFO - [2025-01-13T18:23:57.621-0500] {dag.py:4180} INFO - Setting next_dagrun for example_params_ui_tutorial to None, run_after=None
[2025-01-13T18:23:57.637-0500] {processor.py:208} INFO - Processing /usr/local/lib/python3.10/site-packages/airflow/example_dags/example_params_ui_tutorial.py took 0.272 seconds
[2025-01-13T18:26:14.868-0500] {processor.py:186} INFO - Started process (PID=20965) to work on /usr/local/lib/python3.10/site-packages/airflow/example_dags/example_params_ui_tutorial.py
[2025-01-13T18:26:14.870-0500] {processor.py:914} INFO - Processing file /usr/local/lib/python3.10/site-packages/airflow/example_dags/example_params_ui_tutorial.py for tasks to queue
[2025-01-13T18:26:14.871-0500] {logging_mixin.py:190} INFO - [2025-01-13T18:26:14.871-0500] {dagbag.py:588} INFO - Filling up the DagBag from /usr/local/lib/python3.10/site-packages/airflow/example_dags/example_params_ui_tutorial.py
[2025-01-13T18:26:14.905-0500] {processor.py:925} INFO - DAG(s) 'example_params_ui_tutorial' retrieved from /usr/local/lib/python3.10/site-packages/airflow/example_dags/example_params_ui_tutorial.py
[2025-01-13T18:26:15.079-0500] {logging_mixin.py:190} INFO - [2025-01-13T18:26:15.079-0500] {dag.py:3239} INFO - Sync 1 DAGs
[2025-01-13T18:26:15.088-0500] {logging_mixin.py:190} INFO - [2025-01-13T18:26:15.088-0500] {dag.py:4180} INFO - Setting next_dagrun for example_params_ui_tutorial to None, run_after=None
[2025-01-13T18:26:15.103-0500] {processor.py:208} INFO - Processing /usr/local/lib/python3.10/site-packages/airflow/example_dags/example_params_ui_tutorial.py took 0.239 seconds
[2025-01-13T18:28:19.172-0500] {processor.py:186} INFO - Started process (PID=22372) to work on /usr/local/lib/python3.10/site-packages/airflow/example_dags/example_params_ui_tutorial.py
[2025-01-13T18:28:19.173-0500] {processor.py:914} INFO - Processing file /usr/local/lib/python3.10/site-packages/airflow/example_dags/example_params_ui_tutorial.py for tasks to queue
[2025-01-13T18:28:19.174-0500] {logging_mixin.py:190} INFO - [2025-01-13T18:28:19.174-0500] {dagbag.py:588} INFO - Filling up the DagBag from /usr/local/lib/python3.10/site-packages/airflow/example_dags/example_params_ui_tutorial.py
[2025-01-13T18:28:19.210-0500] {processor.py:925} INFO - DAG(s) 'example_params_ui_tutorial' retrieved from /usr/local/lib/python3.10/site-packages/airflow/example_dags/example_params_ui_tutorial.py
[2025-01-13T18:28:19.382-0500] {logging_mixin.py:190} INFO - [2025-01-13T18:28:19.381-0500] {dag.py:3239} INFO - Sync 1 DAGs
[2025-01-13T18:28:19.390-0500] {logging_mixin.py:190} INFO - [2025-01-13T18:28:19.390-0500] {dag.py:4180} INFO - Setting next_dagrun for example_params_ui_tutorial to None, run_after=None
[2025-01-13T18:28:19.403-0500] {processor.py:208} INFO - Processing /usr/local/lib/python3.10/site-packages/airflow/example_dags/example_params_ui_tutorial.py took 0.235 seconds
[2025-01-13T18:30:51.034-0500] {processor.py:186} INFO - Started process (PID=24268) to work on /usr/local/lib/python3.10/site-packages/airflow/example_dags/example_params_ui_tutorial.py
[2025-01-13T18:30:51.036-0500] {processor.py:914} INFO - Processing file /usr/local/lib/python3.10/site-packages/airflow/example_dags/example_params_ui_tutorial.py for tasks to queue
[2025-01-13T18:30:51.037-0500] {logging_mixin.py:190} INFO - [2025-01-13T18:30:51.037-0500] {dagbag.py:588} INFO - Filling up the DagBag from /usr/local/lib/python3.10/site-packages/airflow/example_dags/example_params_ui_tutorial.py
[2025-01-13T18:30:51.078-0500] {processor.py:925} INFO - DAG(s) 'example_params_ui_tutorial' retrieved from /usr/local/lib/python3.10/site-packages/airflow/example_dags/example_params_ui_tutorial.py
[2025-01-13T18:30:51.288-0500] {logging_mixin.py:190} INFO - [2025-01-13T18:30:51.288-0500] {dag.py:3239} INFO - Sync 1 DAGs
[2025-01-13T18:30:51.300-0500] {logging_mixin.py:190} INFO - [2025-01-13T18:30:51.300-0500] {dag.py:4180} INFO - Setting next_dagrun for example_params_ui_tutorial to None, run_after=None
[2025-01-13T18:30:51.319-0500] {processor.py:208} INFO - Processing /usr/local/lib/python3.10/site-packages/airflow/example_dags/example_params_ui_tutorial.py took 0.290 seconds
[2025-01-13T18:39:32.603-0500] {processor.py:186} INFO - Started process (PID=30076) to work on /usr/local/lib/python3.10/site-packages/airflow/example_dags/example_params_ui_tutorial.py
[2025-01-13T18:39:32.604-0500] {processor.py:914} INFO - Processing file /usr/local/lib/python3.10/site-packages/airflow/example_dags/example_params_ui_tutorial.py for tasks to queue
[2025-01-13T18:39:32.606-0500] {logging_mixin.py:190} INFO - [2025-01-13T18:39:32.606-0500] {dagbag.py:588} INFO - Filling up the DagBag from /usr/local/lib/python3.10/site-packages/airflow/example_dags/example_params_ui_tutorial.py
[2025-01-13T18:39:32.646-0500] {processor.py:925} INFO - DAG(s) 'example_params_ui_tutorial' retrieved from /usr/local/lib/python3.10/site-packages/airflow/example_dags/example_params_ui_tutorial.py
[2025-01-13T18:39:32.856-0500] {logging_mixin.py:190} INFO - [2025-01-13T18:39:32.856-0500] {dag.py:3239} INFO - Sync 1 DAGs
[2025-01-13T18:39:32.868-0500] {logging_mixin.py:190} INFO - [2025-01-13T18:39:32.868-0500] {dag.py:4180} INFO - Setting next_dagrun for example_params_ui_tutorial to None, run_after=None
[2025-01-13T18:39:32.888-0500] {processor.py:208} INFO - Processing /usr/local/lib/python3.10/site-packages/airflow/example_dags/example_params_ui_tutorial.py took 0.289 seconds
[2025-01-13T18:42:25.051-0500] {processor.py:186} INFO - Started process (PID=32059) to work on /usr/local/lib/python3.10/site-packages/airflow/example_dags/example_params_ui_tutorial.py
[2025-01-13T18:42:25.053-0500] {processor.py:914} INFO - Processing file /usr/local/lib/python3.10/site-packages/airflow/example_dags/example_params_ui_tutorial.py for tasks to queue
[2025-01-13T18:42:25.054-0500] {logging_mixin.py:190} INFO - [2025-01-13T18:42:25.054-0500] {dagbag.py:588} INFO - Filling up the DagBag from /usr/local/lib/python3.10/site-packages/airflow/example_dags/example_params_ui_tutorial.py
[2025-01-13T18:42:25.094-0500] {processor.py:925} INFO - DAG(s) 'example_params_ui_tutorial' retrieved from /usr/local/lib/python3.10/site-packages/airflow/example_dags/example_params_ui_tutorial.py
[2025-01-13T18:42:25.293-0500] {logging_mixin.py:190} INFO - [2025-01-13T18:42:25.292-0500] {dag.py:3239} INFO - Sync 1 DAGs
[2025-01-13T18:42:25.304-0500] {logging_mixin.py:190} INFO - [2025-01-13T18:42:25.304-0500] {dag.py:4180} INFO - Setting next_dagrun for example_params_ui_tutorial to None, run_after=None
[2025-01-13T18:42:25.321-0500] {processor.py:208} INFO - Processing /usr/local/lib/python3.10/site-packages/airflow/example_dags/example_params_ui_tutorial.py took 0.275 seconds
[2025-01-13T18:44:44.935-0500] {processor.py:186} INFO - Started process (PID=33701) to work on /usr/local/lib/python3.10/site-packages/airflow/example_dags/example_params_ui_tutorial.py
[2025-01-13T18:44:44.937-0500] {processor.py:914} INFO - Processing file /usr/local/lib/python3.10/site-packages/airflow/example_dags/example_params_ui_tutorial.py for tasks to queue
[2025-01-13T18:44:44.939-0500] {logging_mixin.py:190} INFO - [2025-01-13T18:44:44.939-0500] {dagbag.py:588} INFO - Filling up the DagBag from /usr/local/lib/python3.10/site-packages/airflow/example_dags/example_params_ui_tutorial.py
[2025-01-13T18:44:44.986-0500] {processor.py:925} INFO - DAG(s) 'example_params_ui_tutorial' retrieved from /usr/local/lib/python3.10/site-packages/airflow/example_dags/example_params_ui_tutorial.py
[2025-01-13T18:44:45.203-0500] {logging_mixin.py:190} INFO - [2025-01-13T18:44:45.203-0500] {dag.py:3239} INFO - Sync 1 DAGs
[2025-01-13T18:44:45.214-0500] {logging_mixin.py:190} INFO - [2025-01-13T18:44:45.214-0500] {dag.py:4180} INFO - Setting next_dagrun for example_params_ui_tutorial to None, run_after=None
[2025-01-13T18:44:45.230-0500] {processor.py:208} INFO - Processing /usr/local/lib/python3.10/site-packages/airflow/example_dags/example_params_ui_tutorial.py took 0.300 seconds
[2025-01-13T18:47:04.453-0500] {processor.py:186} INFO - Started process (PID=35254) to work on /usr/local/lib/python3.10/site-packages/airflow/example_dags/example_params_ui_tutorial.py
[2025-01-13T18:47:04.455-0500] {processor.py:914} INFO - Processing file /usr/local/lib/python3.10/site-packages/airflow/example_dags/example_params_ui_tutorial.py for tasks to queue
[2025-01-13T18:47:04.456-0500] {logging_mixin.py:190} INFO - [2025-01-13T18:47:04.456-0500] {dagbag.py:588} INFO - Filling up the DagBag from /usr/local/lib/python3.10/site-packages/airflow/example_dags/example_params_ui_tutorial.py
[2025-01-13T18:47:04.499-0500] {processor.py:925} INFO - DAG(s) 'example_params_ui_tutorial' retrieved from /usr/local/lib/python3.10/site-packages/airflow/example_dags/example_params_ui_tutorial.py
[2025-01-13T18:47:04.697-0500] {logging_mixin.py:190} INFO - [2025-01-13T18:47:04.697-0500] {dag.py:3239} INFO - Sync 1 DAGs
[2025-01-13T18:47:04.707-0500] {logging_mixin.py:190} INFO - [2025-01-13T18:47:04.706-0500] {dag.py:4180} INFO - Setting next_dagrun for example_params_ui_tutorial to None, run_after=None
[2025-01-13T18:47:04.721-0500] {processor.py:208} INFO - Processing /usr/local/lib/python3.10/site-packages/airflow/example_dags/example_params_ui_tutorial.py took 0.272 seconds
[2025-01-13T18:49:38.707-0500] {processor.py:186} INFO - Started process (PID=37083) to work on /usr/local/lib/python3.10/site-packages/airflow/example_dags/example_params_ui_tutorial.py
[2025-01-13T18:49:38.709-0500] {processor.py:914} INFO - Processing file /usr/local/lib/python3.10/site-packages/airflow/example_dags/example_params_ui_tutorial.py for tasks to queue
[2025-01-13T18:49:38.711-0500] {logging_mixin.py:190} INFO - [2025-01-13T18:49:38.710-0500] {dagbag.py:588} INFO - Filling up the DagBag from /usr/local/lib/python3.10/site-packages/airflow/example_dags/example_params_ui_tutorial.py
[2025-01-13T18:49:38.793-0500] {processor.py:925} INFO - DAG(s) 'example_params_ui_tutorial' retrieved from /usr/local/lib/python3.10/site-packages/airflow/example_dags/example_params_ui_tutorial.py
[2025-01-13T18:49:39.116-0500] {logging_mixin.py:190} INFO - [2025-01-13T18:49:39.115-0500] {dag.py:3239} INFO - Sync 1 DAGs
[2025-01-13T18:49:39.133-0500] {logging_mixin.py:190} INFO - [2025-01-13T18:49:39.133-0500] {dag.py:4180} INFO - Setting next_dagrun for example_params_ui_tutorial to None, run_after=None
[2025-01-13T18:49:39.156-0500] {processor.py:208} INFO - Processing /usr/local/lib/python3.10/site-packages/airflow/example_dags/example_params_ui_tutorial.py took 0.457 seconds
[2025-01-13T18:52:05.424-0500] {processor.py:186} INFO - Started process (PID=38847) to work on /usr/local/lib/python3.10/site-packages/airflow/example_dags/example_params_ui_tutorial.py
[2025-01-13T18:52:05.426-0500] {processor.py:914} INFO - Processing file /usr/local/lib/python3.10/site-packages/airflow/example_dags/example_params_ui_tutorial.py for tasks to queue
[2025-01-13T18:52:05.427-0500] {logging_mixin.py:190} INFO - [2025-01-13T18:52:05.427-0500] {dagbag.py:588} INFO - Filling up the DagBag from /usr/local/lib/python3.10/site-packages/airflow/example_dags/example_params_ui_tutorial.py
[2025-01-13T18:52:05.472-0500] {processor.py:925} INFO - DAG(s) 'example_params_ui_tutorial' retrieved from /usr/local/lib/python3.10/site-packages/airflow/example_dags/example_params_ui_tutorial.py
[2025-01-13T18:52:05.722-0500] {logging_mixin.py:190} INFO - [2025-01-13T18:52:05.722-0500] {dag.py:3239} INFO - Sync 1 DAGs
[2025-01-13T18:52:05.740-0500] {logging_mixin.py:190} INFO - [2025-01-13T18:52:05.739-0500] {dag.py:4180} INFO - Setting next_dagrun for example_params_ui_tutorial to None, run_after=None
[2025-01-13T18:52:05.766-0500] {processor.py:208} INFO - Processing /usr/local/lib/python3.10/site-packages/airflow/example_dags/example_params_ui_tutorial.py took 0.346 seconds
[2025-01-13T18:54:25.620-0500] {processor.py:186} INFO - Started process (PID=40396) to work on /usr/local/lib/python3.10/site-packages/airflow/example_dags/example_params_ui_tutorial.py
[2025-01-13T18:54:25.622-0500] {processor.py:914} INFO - Processing file /usr/local/lib/python3.10/site-packages/airflow/example_dags/example_params_ui_tutorial.py for tasks to queue
[2025-01-13T18:54:25.623-0500] {logging_mixin.py:190} INFO - [2025-01-13T18:54:25.623-0500] {dagbag.py:588} INFO - Filling up the DagBag from /usr/local/lib/python3.10/site-packages/airflow/example_dags/example_params_ui_tutorial.py
[2025-01-13T18:54:25.660-0500] {processor.py:925} INFO - DAG(s) 'example_params_ui_tutorial' retrieved from /usr/local/lib/python3.10/site-packages/airflow/example_dags/example_params_ui_tutorial.py
[2025-01-13T18:54:25.845-0500] {logging_mixin.py:190} INFO - [2025-01-13T18:54:25.844-0500] {dag.py:3239} INFO - Sync 1 DAGs
[2025-01-13T18:54:25.856-0500] {logging_mixin.py:190} INFO - [2025-01-13T18:54:25.856-0500] {dag.py:4180} INFO - Setting next_dagrun for example_params_ui_tutorial to None, run_after=None
[2025-01-13T18:54:25.872-0500] {processor.py:208} INFO - Processing /usr/local/lib/python3.10/site-packages/airflow/example_dags/example_params_ui_tutorial.py took 0.256 seconds
[2025-01-13T18:56:43.775-0500] {processor.py:186} INFO - Started process (PID=42048) to work on /usr/local/lib/python3.10/site-packages/airflow/example_dags/example_params_ui_tutorial.py
[2025-01-13T18:56:43.777-0500] {processor.py:914} INFO - Processing file /usr/local/lib/python3.10/site-packages/airflow/example_dags/example_params_ui_tutorial.py for tasks to queue
[2025-01-13T18:56:43.778-0500] {logging_mixin.py:190} INFO - [2025-01-13T18:56:43.778-0500] {dagbag.py:588} INFO - Filling up the DagBag from /usr/local/lib/python3.10/site-packages/airflow/example_dags/example_params_ui_tutorial.py
[2025-01-13T18:56:43.814-0500] {processor.py:925} INFO - DAG(s) 'example_params_ui_tutorial' retrieved from /usr/local/lib/python3.10/site-packages/airflow/example_dags/example_params_ui_tutorial.py
[2025-01-13T18:56:43.996-0500] {logging_mixin.py:190} INFO - [2025-01-13T18:56:43.996-0500] {dag.py:3239} INFO - Sync 1 DAGs
[2025-01-13T18:56:44.005-0500] {logging_mixin.py:190} INFO - [2025-01-13T18:56:44.005-0500] {dag.py:4180} INFO - Setting next_dagrun for example_params_ui_tutorial to None, run_after=None
[2025-01-13T18:56:44.019-0500] {processor.py:208} INFO - Processing /usr/local/lib/python3.10/site-packages/airflow/example_dags/example_params_ui_tutorial.py took 0.247 seconds
[2025-01-13T18:59:01.809-0500] {processor.py:186} INFO - Started process (PID=43651) to work on /usr/local/lib/python3.10/site-packages/airflow/example_dags/example_params_ui_tutorial.py
[2025-01-13T18:59:01.810-0500] {processor.py:914} INFO - Processing file /usr/local/lib/python3.10/site-packages/airflow/example_dags/example_params_ui_tutorial.py for tasks to queue
[2025-01-13T18:59:01.811-0500] {logging_mixin.py:190} INFO - [2025-01-13T18:59:01.811-0500] {dagbag.py:588} INFO - Filling up the DagBag from /usr/local/lib/python3.10/site-packages/airflow/example_dags/example_params_ui_tutorial.py
[2025-01-13T18:59:01.847-0500] {processor.py:925} INFO - DAG(s) 'example_params_ui_tutorial' retrieved from /usr/local/lib/python3.10/site-packages/airflow/example_dags/example_params_ui_tutorial.py
[2025-01-13T18:59:02.027-0500] {logging_mixin.py:190} INFO - [2025-01-13T18:59:02.027-0500] {dag.py:3239} INFO - Sync 1 DAGs
[2025-01-13T18:59:02.037-0500] {logging_mixin.py:190} INFO - [2025-01-13T18:59:02.037-0500] {dag.py:4180} INFO - Setting next_dagrun for example_params_ui_tutorial to None, run_after=None
[2025-01-13T18:59:02.053-0500] {processor.py:208} INFO - Processing /usr/local/lib/python3.10/site-packages/airflow/example_dags/example_params_ui_tutorial.py took 0.248 seconds
