[2025-01-13T16:52:52.053-0500] {processor.py:186} INFO - Started process (PID=56744) to work on /usr/local/lib/python3.10/site-packages/airflow/example_dags/example_outlet_event_extra.py
[2025-01-13T16:52:52.054-0500] {processor.py:914} INFO - Processing file /usr/local/lib/python3.10/site-packages/airflow/example_dags/example_outlet_event_extra.py for tasks to queue
[2025-01-13T16:52:52.055-0500] {logging_mixin.py:190} INFO - [2025-01-13T16:52:52.055-0500] {dagbag.py:588} INFO - Filling up the DagBag from /usr/local/lib/python3.10/site-packages/airflow/example_dags/example_outlet_event_extra.py
[2025-01-13T16:52:52.141-0500] {processor.py:925} INFO - DAG(s) 'dataset_with_extra_by_yield', 'dataset_with_extra_from_classic_operator', 'dataset_with_extra_by_context' retrieved from /usr/local/lib/python3.10/site-packages/airflow/example_dags/example_outlet_event_extra.py
[2025-01-13T16:52:52.373-0500] {logging_mixin.py:190} INFO - [2025-01-13T16:52:52.372-0500] {override.py:1912} INFO - Created Permission View: can edit on DAG:dataset_with_extra_by_yield
[2025-01-13T16:52:52.381-0500] {logging_mixin.py:190} INFO - [2025-01-13T16:52:52.381-0500] {override.py:1912} INFO - Created Permission View: can delete on DAG:dataset_with_extra_by_yield
[2025-01-13T16:52:52.386-0500] {logging_mixin.py:190} INFO - [2025-01-13T16:52:52.386-0500] {override.py:1912} INFO - Created Permission View: can read on DAG:dataset_with_extra_by_yield
[2025-01-13T16:52:52.393-0500] {logging_mixin.py:190} INFO - [2025-01-13T16:52:52.393-0500] {override.py:1912} INFO - Created Permission View: can delete on DAG Run:dataset_with_extra_by_yield
[2025-01-13T16:52:52.399-0500] {logging_mixin.py:190} INFO - [2025-01-13T16:52:52.399-0500] {override.py:1912} INFO - Created Permission View: can create on DAG Run:dataset_with_extra_by_yield
[2025-01-13T16:52:52.404-0500] {logging_mixin.py:190} INFO - [2025-01-13T16:52:52.404-0500] {override.py:1912} INFO - Created Permission View: menu access on DAG Run:dataset_with_extra_by_yield
[2025-01-13T16:52:52.410-0500] {logging_mixin.py:190} INFO - [2025-01-13T16:52:52.409-0500] {override.py:1912} INFO - Created Permission View: can read on DAG Run:dataset_with_extra_by_yield
[2025-01-13T16:52:52.421-0500] {logging_mixin.py:190} INFO - [2025-01-13T16:52:52.421-0500] {override.py:1912} INFO - Created Permission View: can edit on DAG:dataset_with_extra_from_classic_operator
[2025-01-13T16:52:52.427-0500] {logging_mixin.py:190} INFO - [2025-01-13T16:52:52.427-0500] {override.py:1912} INFO - Created Permission View: can delete on DAG:dataset_with_extra_from_classic_operator
[2025-01-13T16:52:52.433-0500] {logging_mixin.py:190} INFO - [2025-01-13T16:52:52.433-0500] {override.py:1912} INFO - Created Permission View: can read on DAG:dataset_with_extra_from_classic_operator
[2025-01-13T16:52:52.440-0500] {logging_mixin.py:190} INFO - [2025-01-13T16:52:52.440-0500] {override.py:1912} INFO - Created Permission View: can delete on DAG Run:dataset_with_extra_from_classic_operator
[2025-01-13T16:52:52.445-0500] {logging_mixin.py:190} INFO - [2025-01-13T16:52:52.445-0500] {override.py:1912} INFO - Created Permission View: can create on DAG Run:dataset_with_extra_from_classic_operator
[2025-01-13T16:52:52.451-0500] {logging_mixin.py:190} INFO - [2025-01-13T16:52:52.451-0500] {override.py:1912} INFO - Created Permission View: menu access on DAG Run:dataset_with_extra_from_classic_operator
[2025-01-13T16:52:52.456-0500] {logging_mixin.py:190} INFO - [2025-01-13T16:52:52.456-0500] {override.py:1912} INFO - Created Permission View: can read on DAG Run:dataset_with_extra_from_classic_operator
[2025-01-13T16:52:52.467-0500] {logging_mixin.py:190} INFO - [2025-01-13T16:52:52.467-0500] {override.py:1912} INFO - Created Permission View: can edit on DAG:dataset_with_extra_by_context
[2025-01-13T16:52:52.473-0500] {logging_mixin.py:190} INFO - [2025-01-13T16:52:52.472-0500] {override.py:1912} INFO - Created Permission View: can delete on DAG:dataset_with_extra_by_context
[2025-01-13T16:52:52.478-0500] {logging_mixin.py:190} INFO - [2025-01-13T16:52:52.478-0500] {override.py:1912} INFO - Created Permission View: can read on DAG:dataset_with_extra_by_context
[2025-01-13T16:52:52.485-0500] {logging_mixin.py:190} INFO - [2025-01-13T16:52:52.485-0500] {override.py:1912} INFO - Created Permission View: can delete on DAG Run:dataset_with_extra_by_context
[2025-01-13T16:52:52.491-0500] {logging_mixin.py:190} INFO - [2025-01-13T16:52:52.491-0500] {override.py:1912} INFO - Created Permission View: can create on DAG Run:dataset_with_extra_by_context
[2025-01-13T16:52:52.496-0500] {logging_mixin.py:190} INFO - [2025-01-13T16:52:52.496-0500] {override.py:1912} INFO - Created Permission View: menu access on DAG Run:dataset_with_extra_by_context
[2025-01-13T16:52:52.502-0500] {logging_mixin.py:190} INFO - [2025-01-13T16:52:52.501-0500] {override.py:1912} INFO - Created Permission View: can read on DAG Run:dataset_with_extra_by_context
[2025-01-13T16:52:52.502-0500] {logging_mixin.py:190} INFO - [2025-01-13T16:52:52.502-0500] {dag.py:3239} INFO - Sync 3 DAGs
[2025-01-13T16:52:52.514-0500] {logging_mixin.py:190} INFO - [2025-01-13T16:52:52.514-0500] {dag.py:3262} INFO - Creating ORM DAG for dataset_with_extra_from_classic_operator
[2025-01-13T16:52:52.515-0500] {logging_mixin.py:190} INFO - [2025-01-13T16:52:52.514-0500] {dag.py:3262} INFO - Creating ORM DAG for dataset_with_extra_by_context
[2025-01-13T16:52:52.515-0500] {logging_mixin.py:190} INFO - [2025-01-13T16:52:52.515-0500] {dag.py:3262} INFO - Creating ORM DAG for dataset_with_extra_by_yield
[2025-01-13T16:52:52.523-0500] {logging_mixin.py:190} INFO - [2025-01-13T16:52:52.523-0500] {dag.py:4180} INFO - Setting next_dagrun for dataset_with_extra_by_context to 2025-01-12 00:00:00+00:00, run_after=2025-01-13 00:00:00+00:00
[2025-01-13T16:52:52.525-0500] {logging_mixin.py:190} INFO - [2025-01-13T16:52:52.525-0500] {dag.py:4180} INFO - Setting next_dagrun for dataset_with_extra_by_yield to 2025-01-12 00:00:00+00:00, run_after=2025-01-13 00:00:00+00:00
[2025-01-13T16:52:52.527-0500] {logging_mixin.py:190} INFO - [2025-01-13T16:52:52.527-0500] {dag.py:4180} INFO - Setting next_dagrun for dataset_with_extra_from_classic_operator to 2025-01-12 00:00:00+00:00, run_after=2025-01-13 00:00:00+00:00
[2025-01-13T16:52:52.951-0500] {processor.py:208} INFO - Processing /usr/local/lib/python3.10/site-packages/airflow/example_dags/example_outlet_event_extra.py took 0.902 seconds
[2025-01-13T16:55:45.806-0500] {processor.py:186} INFO - Started process (PID=58602) to work on /usr/local/lib/python3.10/site-packages/airflow/example_dags/example_outlet_event_extra.py
[2025-01-13T16:55:45.808-0500] {processor.py:914} INFO - Processing file /usr/local/lib/python3.10/site-packages/airflow/example_dags/example_outlet_event_extra.py for tasks to queue
[2025-01-13T16:55:45.809-0500] {logging_mixin.py:190} INFO - [2025-01-13T16:55:45.809-0500] {dagbag.py:588} INFO - Filling up the DagBag from /usr/local/lib/python3.10/site-packages/airflow/example_dags/example_outlet_event_extra.py
[2025-01-13T16:55:45.900-0500] {processor.py:925} INFO - DAG(s) 'dataset_with_extra_by_yield', 'dataset_with_extra_by_context', 'dataset_with_extra_from_classic_operator' retrieved from /usr/local/lib/python3.10/site-packages/airflow/example_dags/example_outlet_event_extra.py
[2025-01-13T16:55:46.056-0500] {logging_mixin.py:190} INFO - [2025-01-13T16:55:46.055-0500] {dag.py:3239} INFO - Sync 3 DAGs
[2025-01-13T16:55:46.074-0500] {logging_mixin.py:190} INFO - [2025-01-13T16:55:46.073-0500] {dag.py:4180} INFO - Setting next_dagrun for dataset_with_extra_by_context to 2025-01-12 00:00:00+00:00, run_after=2025-01-13 00:00:00+00:00
[2025-01-13T16:55:46.077-0500] {logging_mixin.py:190} INFO - [2025-01-13T16:55:46.077-0500] {dag.py:4180} INFO - Setting next_dagrun for dataset_with_extra_by_yield to 2025-01-12 00:00:00+00:00, run_after=2025-01-13 00:00:00+00:00
[2025-01-13T16:55:46.080-0500] {logging_mixin.py:190} INFO - [2025-01-13T16:55:46.079-0500] {dag.py:4180} INFO - Setting next_dagrun for dataset_with_extra_from_classic_operator to 2025-01-12 00:00:00+00:00, run_after=2025-01-13 00:00:00+00:00
[2025-01-13T16:55:46.096-0500] {processor.py:208} INFO - Processing /usr/local/lib/python3.10/site-packages/airflow/example_dags/example_outlet_event_extra.py took 0.296 seconds
[2025-01-13T16:58:20.544-0500] {processor.py:186} INFO - Started process (PID=60426) to work on /usr/local/lib/python3.10/site-packages/airflow/example_dags/example_outlet_event_extra.py
[2025-01-13T16:58:20.545-0500] {processor.py:914} INFO - Processing file /usr/local/lib/python3.10/site-packages/airflow/example_dags/example_outlet_event_extra.py for tasks to queue
[2025-01-13T16:58:20.546-0500] {logging_mixin.py:190} INFO - [2025-01-13T16:58:20.546-0500] {dagbag.py:588} INFO - Filling up the DagBag from /usr/local/lib/python3.10/site-packages/airflow/example_dags/example_outlet_event_extra.py
[2025-01-13T16:58:20.622-0500] {processor.py:925} INFO - DAG(s) 'dataset_with_extra_by_context', 'dataset_with_extra_by_yield', 'dataset_with_extra_from_classic_operator' retrieved from /usr/local/lib/python3.10/site-packages/airflow/example_dags/example_outlet_event_extra.py
[2025-01-13T16:58:20.780-0500] {logging_mixin.py:190} INFO - [2025-01-13T16:58:20.780-0500] {dag.py:3239} INFO - Sync 3 DAGs
[2025-01-13T16:58:20.801-0500] {logging_mixin.py:190} INFO - [2025-01-13T16:58:20.801-0500] {dag.py:4180} INFO - Setting next_dagrun for dataset_with_extra_by_context to 2025-01-12 00:00:00+00:00, run_after=2025-01-13 00:00:00+00:00
[2025-01-13T16:58:20.806-0500] {logging_mixin.py:190} INFO - [2025-01-13T16:58:20.806-0500] {dag.py:4180} INFO - Setting next_dagrun for dataset_with_extra_by_yield to 2025-01-12 00:00:00+00:00, run_after=2025-01-13 00:00:00+00:00
[2025-01-13T16:58:20.808-0500] {logging_mixin.py:190} INFO - [2025-01-13T16:58:20.808-0500] {dag.py:4180} INFO - Setting next_dagrun for dataset_with_extra_from_classic_operator to 2025-01-12 00:00:00+00:00, run_after=2025-01-13 00:00:00+00:00
[2025-01-13T16:58:20.827-0500] {processor.py:208} INFO - Processing /usr/local/lib/python3.10/site-packages/airflow/example_dags/example_outlet_event_extra.py took 0.287 seconds
[2025-01-13T17:00:32.826-0500] {processor.py:186} INFO - Started process (PID=61935) to work on /usr/local/lib/python3.10/site-packages/airflow/example_dags/example_outlet_event_extra.py
[2025-01-13T17:00:32.827-0500] {processor.py:914} INFO - Processing file /usr/local/lib/python3.10/site-packages/airflow/example_dags/example_outlet_event_extra.py for tasks to queue
[2025-01-13T17:00:32.828-0500] {logging_mixin.py:190} INFO - [2025-01-13T17:00:32.828-0500] {dagbag.py:588} INFO - Filling up the DagBag from /usr/local/lib/python3.10/site-packages/airflow/example_dags/example_outlet_event_extra.py
[2025-01-13T17:00:32.917-0500] {processor.py:925} INFO - DAG(s) 'dataset_with_extra_by_yield', 'dataset_with_extra_by_context', 'dataset_with_extra_from_classic_operator' retrieved from /usr/local/lib/python3.10/site-packages/airflow/example_dags/example_outlet_event_extra.py
[2025-01-13T17:00:33.098-0500] {logging_mixin.py:190} INFO - [2025-01-13T17:00:33.098-0500] {dag.py:3239} INFO - Sync 3 DAGs
[2025-01-13T17:00:33.119-0500] {logging_mixin.py:190} INFO - [2025-01-13T17:00:33.119-0500] {dag.py:4180} INFO - Setting next_dagrun for dataset_with_extra_by_context to 2025-01-12 00:00:00+00:00, run_after=2025-01-13 00:00:00+00:00
[2025-01-13T17:00:33.124-0500] {logging_mixin.py:190} INFO - [2025-01-13T17:00:33.124-0500] {dag.py:4180} INFO - Setting next_dagrun for dataset_with_extra_by_yield to 2025-01-12 00:00:00+00:00, run_after=2025-01-13 00:00:00+00:00
[2025-01-13T17:00:33.126-0500] {logging_mixin.py:190} INFO - [2025-01-13T17:00:33.126-0500] {dag.py:4180} INFO - Setting next_dagrun for dataset_with_extra_from_classic_operator to 2025-01-12 00:00:00+00:00, run_after=2025-01-13 00:00:00+00:00
[2025-01-13T17:00:33.145-0500] {processor.py:208} INFO - Processing /usr/local/lib/python3.10/site-packages/airflow/example_dags/example_outlet_event_extra.py took 0.323 seconds
[2025-01-13T17:02:42.523-0500] {processor.py:186} INFO - Started process (PID=63446) to work on /usr/local/lib/python3.10/site-packages/airflow/example_dags/example_outlet_event_extra.py
[2025-01-13T17:02:42.524-0500] {processor.py:914} INFO - Processing file /usr/local/lib/python3.10/site-packages/airflow/example_dags/example_outlet_event_extra.py for tasks to queue
[2025-01-13T17:02:42.525-0500] {logging_mixin.py:190} INFO - [2025-01-13T17:02:42.525-0500] {dagbag.py:588} INFO - Filling up the DagBag from /usr/local/lib/python3.10/site-packages/airflow/example_dags/example_outlet_event_extra.py
[2025-01-13T17:02:42.615-0500] {processor.py:925} INFO - DAG(s) 'dataset_with_extra_by_yield', 'dataset_with_extra_by_context', 'dataset_with_extra_from_classic_operator' retrieved from /usr/local/lib/python3.10/site-packages/airflow/example_dags/example_outlet_event_extra.py
[2025-01-13T17:02:42.774-0500] {logging_mixin.py:190} INFO - [2025-01-13T17:02:42.774-0500] {dag.py:3239} INFO - Sync 3 DAGs
[2025-01-13T17:02:42.792-0500] {logging_mixin.py:190} INFO - [2025-01-13T17:02:42.792-0500] {dag.py:4180} INFO - Setting next_dagrun for dataset_with_extra_by_context to 2025-01-12 00:00:00+00:00, run_after=2025-01-13 00:00:00+00:00
[2025-01-13T17:02:42.796-0500] {logging_mixin.py:190} INFO - [2025-01-13T17:02:42.795-0500] {dag.py:4180} INFO - Setting next_dagrun for dataset_with_extra_by_yield to 2025-01-12 00:00:00+00:00, run_after=2025-01-13 00:00:00+00:00
[2025-01-13T17:02:42.798-0500] {logging_mixin.py:190} INFO - [2025-01-13T17:02:42.798-0500] {dag.py:4180} INFO - Setting next_dagrun for dataset_with_extra_from_classic_operator to 2025-01-12 00:00:00+00:00, run_after=2025-01-13 00:00:00+00:00
[2025-01-13T17:02:42.814-0500] {processor.py:208} INFO - Processing /usr/local/lib/python3.10/site-packages/airflow/example_dags/example_outlet_event_extra.py took 0.295 seconds
[2025-01-13T17:04:52.739-0500] {processor.py:186} INFO - Started process (PID=64961) to work on /usr/local/lib/python3.10/site-packages/airflow/example_dags/example_outlet_event_extra.py
[2025-01-13T17:04:52.741-0500] {processor.py:914} INFO - Processing file /usr/local/lib/python3.10/site-packages/airflow/example_dags/example_outlet_event_extra.py for tasks to queue
[2025-01-13T17:04:52.742-0500] {logging_mixin.py:190} INFO - [2025-01-13T17:04:52.742-0500] {dagbag.py:588} INFO - Filling up the DagBag from /usr/local/lib/python3.10/site-packages/airflow/example_dags/example_outlet_event_extra.py
[2025-01-13T17:04:52.823-0500] {processor.py:925} INFO - DAG(s) 'dataset_with_extra_by_yield', 'dataset_with_extra_from_classic_operator', 'dataset_with_extra_by_context' retrieved from /usr/local/lib/python3.10/site-packages/airflow/example_dags/example_outlet_event_extra.py
[2025-01-13T17:04:52.982-0500] {logging_mixin.py:190} INFO - [2025-01-13T17:04:52.982-0500] {dag.py:3239} INFO - Sync 3 DAGs
[2025-01-13T17:04:53.000-0500] {logging_mixin.py:190} INFO - [2025-01-13T17:04:53.000-0500] {dag.py:4180} INFO - Setting next_dagrun for dataset_with_extra_by_context to 2025-01-12 00:00:00+00:00, run_after=2025-01-13 00:00:00+00:00
[2025-01-13T17:04:53.004-0500] {logging_mixin.py:190} INFO - [2025-01-13T17:04:53.004-0500] {dag.py:4180} INFO - Setting next_dagrun for dataset_with_extra_by_yield to 2025-01-12 00:00:00+00:00, run_after=2025-01-13 00:00:00+00:00
[2025-01-13T17:04:53.007-0500] {logging_mixin.py:190} INFO - [2025-01-13T17:04:53.006-0500] {dag.py:4180} INFO - Setting next_dagrun for dataset_with_extra_from_classic_operator to 2025-01-12 00:00:00+00:00, run_after=2025-01-13 00:00:00+00:00
[2025-01-13T17:04:53.024-0500] {processor.py:208} INFO - Processing /usr/local/lib/python3.10/site-packages/airflow/example_dags/example_outlet_event_extra.py took 0.289 seconds
[2025-01-13T17:07:03.275-0500] {processor.py:186} INFO - Started process (PID=66464) to work on /usr/local/lib/python3.10/site-packages/airflow/example_dags/example_outlet_event_extra.py
[2025-01-13T17:07:03.277-0500] {processor.py:914} INFO - Processing file /usr/local/lib/python3.10/site-packages/airflow/example_dags/example_outlet_event_extra.py for tasks to queue
[2025-01-13T17:07:03.278-0500] {logging_mixin.py:190} INFO - [2025-01-13T17:07:03.278-0500] {dagbag.py:588} INFO - Filling up the DagBag from /usr/local/lib/python3.10/site-packages/airflow/example_dags/example_outlet_event_extra.py
[2025-01-13T17:07:03.361-0500] {processor.py:925} INFO - DAG(s) 'dataset_with_extra_by_context', 'dataset_with_extra_by_yield', 'dataset_with_extra_from_classic_operator' retrieved from /usr/local/lib/python3.10/site-packages/airflow/example_dags/example_outlet_event_extra.py
[2025-01-13T17:07:03.521-0500] {logging_mixin.py:190} INFO - [2025-01-13T17:07:03.521-0500] {dag.py:3239} INFO - Sync 3 DAGs
[2025-01-13T17:07:03.539-0500] {logging_mixin.py:190} INFO - [2025-01-13T17:07:03.539-0500] {dag.py:4180} INFO - Setting next_dagrun for dataset_with_extra_by_context to 2025-01-12 00:00:00+00:00, run_after=2025-01-13 00:00:00+00:00
[2025-01-13T17:07:03.543-0500] {logging_mixin.py:190} INFO - [2025-01-13T17:07:03.543-0500] {dag.py:4180} INFO - Setting next_dagrun for dataset_with_extra_by_yield to 2025-01-12 00:00:00+00:00, run_after=2025-01-13 00:00:00+00:00
[2025-01-13T17:07:03.546-0500] {logging_mixin.py:190} INFO - [2025-01-13T17:07:03.545-0500] {dag.py:4180} INFO - Setting next_dagrun for dataset_with_extra_from_classic_operator to 2025-01-12 00:00:00+00:00, run_after=2025-01-13 00:00:00+00:00
[2025-01-13T17:07:03.563-0500] {processor.py:208} INFO - Processing /usr/local/lib/python3.10/site-packages/airflow/example_dags/example_outlet_event_extra.py took 0.291 seconds
[2025-01-13T17:09:20.198-0500] {processor.py:186} INFO - Started process (PID=67997) to work on /usr/local/lib/python3.10/site-packages/airflow/example_dags/example_outlet_event_extra.py
[2025-01-13T17:09:20.200-0500] {processor.py:914} INFO - Processing file /usr/local/lib/python3.10/site-packages/airflow/example_dags/example_outlet_event_extra.py for tasks to queue
[2025-01-13T17:09:20.201-0500] {logging_mixin.py:190} INFO - [2025-01-13T17:09:20.201-0500] {dagbag.py:588} INFO - Filling up the DagBag from /usr/local/lib/python3.10/site-packages/airflow/example_dags/example_outlet_event_extra.py
[2025-01-13T17:09:20.302-0500] {processor.py:925} INFO - DAG(s) 'dataset_with_extra_from_classic_operator', 'dataset_with_extra_by_context', 'dataset_with_extra_by_yield' retrieved from /usr/local/lib/python3.10/site-packages/airflow/example_dags/example_outlet_event_extra.py
[2025-01-13T17:09:20.459-0500] {logging_mixin.py:190} INFO - [2025-01-13T17:09:20.459-0500] {dag.py:3239} INFO - Sync 3 DAGs
[2025-01-13T17:09:20.477-0500] {logging_mixin.py:190} INFO - [2025-01-13T17:09:20.477-0500] {dag.py:4180} INFO - Setting next_dagrun for dataset_with_extra_by_context to 2025-01-12 00:00:00+00:00, run_after=2025-01-13 00:00:00+00:00
[2025-01-13T17:09:20.481-0500] {logging_mixin.py:190} INFO - [2025-01-13T17:09:20.481-0500] {dag.py:4180} INFO - Setting next_dagrun for dataset_with_extra_by_yield to 2025-01-12 00:00:00+00:00, run_after=2025-01-13 00:00:00+00:00
[2025-01-13T17:09:20.483-0500] {logging_mixin.py:190} INFO - [2025-01-13T17:09:20.483-0500] {dag.py:4180} INFO - Setting next_dagrun for dataset_with_extra_from_classic_operator to 2025-01-12 00:00:00+00:00, run_after=2025-01-13 00:00:00+00:00
[2025-01-13T17:09:20.497-0500] {processor.py:208} INFO - Processing /usr/local/lib/python3.10/site-packages/airflow/example_dags/example_outlet_event_extra.py took 0.303 seconds
[2025-01-13T17:11:29.606-0500] {processor.py:186} INFO - Started process (PID=69407) to work on /usr/local/lib/python3.10/site-packages/airflow/example_dags/example_outlet_event_extra.py
[2025-01-13T17:11:29.607-0500] {processor.py:914} INFO - Processing file /usr/local/lib/python3.10/site-packages/airflow/example_dags/example_outlet_event_extra.py for tasks to queue
[2025-01-13T17:11:29.608-0500] {logging_mixin.py:190} INFO - [2025-01-13T17:11:29.608-0500] {dagbag.py:588} INFO - Filling up the DagBag from /usr/local/lib/python3.10/site-packages/airflow/example_dags/example_outlet_event_extra.py
[2025-01-13T17:11:29.677-0500] {processor.py:925} INFO - DAG(s) 'dataset_with_extra_by_context', 'dataset_with_extra_from_classic_operator', 'dataset_with_extra_by_yield' retrieved from /usr/local/lib/python3.10/site-packages/airflow/example_dags/example_outlet_event_extra.py
[2025-01-13T17:11:29.820-0500] {logging_mixin.py:190} INFO - [2025-01-13T17:11:29.820-0500] {dag.py:3239} INFO - Sync 3 DAGs
[2025-01-13T17:11:29.835-0500] {logging_mixin.py:190} INFO - [2025-01-13T17:11:29.835-0500] {dag.py:4180} INFO - Setting next_dagrun for dataset_with_extra_by_context to 2025-01-12 00:00:00+00:00, run_after=2025-01-13 00:00:00+00:00
[2025-01-13T17:11:29.838-0500] {logging_mixin.py:190} INFO - [2025-01-13T17:11:29.838-0500] {dag.py:4180} INFO - Setting next_dagrun for dataset_with_extra_by_yield to 2025-01-12 00:00:00+00:00, run_after=2025-01-13 00:00:00+00:00
[2025-01-13T17:11:29.840-0500] {logging_mixin.py:190} INFO - [2025-01-13T17:11:29.840-0500] {dag.py:4180} INFO - Setting next_dagrun for dataset_with_extra_from_classic_operator to 2025-01-12 00:00:00+00:00, run_after=2025-01-13 00:00:00+00:00
[2025-01-13T17:11:29.855-0500] {processor.py:208} INFO - Processing /usr/local/lib/python3.10/site-packages/airflow/example_dags/example_outlet_event_extra.py took 0.253 seconds
[2025-01-13T17:15:27.715-0500] {processor.py:186} INFO - Started process (PID=71670) to work on /usr/local/lib/python3.10/site-packages/airflow/example_dags/example_outlet_event_extra.py
[2025-01-13T17:15:27.716-0500] {processor.py:914} INFO - Processing file /usr/local/lib/python3.10/site-packages/airflow/example_dags/example_outlet_event_extra.py for tasks to queue
[2025-01-13T17:15:27.718-0500] {logging_mixin.py:190} INFO - [2025-01-13T17:15:27.717-0500] {dagbag.py:588} INFO - Filling up the DagBag from /usr/local/lib/python3.10/site-packages/airflow/example_dags/example_outlet_event_extra.py
[2025-01-13T17:15:27.823-0500] {processor.py:925} INFO - DAG(s) 'dataset_with_extra_by_context', 'dataset_with_extra_from_classic_operator', 'dataset_with_extra_by_yield' retrieved from /usr/local/lib/python3.10/site-packages/airflow/example_dags/example_outlet_event_extra.py
[2025-01-13T17:15:27.990-0500] {logging_mixin.py:190} INFO - [2025-01-13T17:15:27.990-0500] {dag.py:3239} INFO - Sync 3 DAGs
[2025-01-13T17:15:28.009-0500] {logging_mixin.py:190} INFO - [2025-01-13T17:15:28.008-0500] {dag.py:4180} INFO - Setting next_dagrun for dataset_with_extra_by_context to 2025-01-12 00:00:00+00:00, run_after=2025-01-13 00:00:00+00:00
[2025-01-13T17:15:28.013-0500] {logging_mixin.py:190} INFO - [2025-01-13T17:15:28.012-0500] {dag.py:4180} INFO - Setting next_dagrun for dataset_with_extra_by_yield to 2025-01-12 00:00:00+00:00, run_after=2025-01-13 00:00:00+00:00
[2025-01-13T17:15:28.015-0500] {logging_mixin.py:190} INFO - [2025-01-13T17:15:28.015-0500] {dag.py:4180} INFO - Setting next_dagrun for dataset_with_extra_from_classic_operator to 2025-01-12 00:00:00+00:00, run_after=2025-01-13 00:00:00+00:00
[2025-01-13T17:15:28.032-0500] {processor.py:208} INFO - Processing /usr/local/lib/python3.10/site-packages/airflow/example_dags/example_outlet_event_extra.py took 0.321 seconds
[2025-01-13T17:17:47.285-0500] {processor.py:186} INFO - Started process (PID=73298) to work on /usr/local/lib/python3.10/site-packages/airflow/example_dags/example_outlet_event_extra.py
[2025-01-13T17:17:47.287-0500] {processor.py:914} INFO - Processing file /usr/local/lib/python3.10/site-packages/airflow/example_dags/example_outlet_event_extra.py for tasks to queue
[2025-01-13T17:17:47.288-0500] {logging_mixin.py:190} INFO - [2025-01-13T17:17:47.288-0500] {dagbag.py:588} INFO - Filling up the DagBag from /usr/local/lib/python3.10/site-packages/airflow/example_dags/example_outlet_event_extra.py
[2025-01-13T17:17:47.382-0500] {processor.py:925} INFO - DAG(s) 'dataset_with_extra_from_classic_operator', 'dataset_with_extra_by_yield', 'dataset_with_extra_by_context' retrieved from /usr/local/lib/python3.10/site-packages/airflow/example_dags/example_outlet_event_extra.py
[2025-01-13T17:17:47.541-0500] {logging_mixin.py:190} INFO - [2025-01-13T17:17:47.541-0500] {dag.py:3239} INFO - Sync 3 DAGs
[2025-01-13T17:17:47.559-0500] {logging_mixin.py:190} INFO - [2025-01-13T17:17:47.558-0500] {dag.py:4180} INFO - Setting next_dagrun for dataset_with_extra_by_context to 2025-01-12 00:00:00+00:00, run_after=2025-01-13 00:00:00+00:00
[2025-01-13T17:17:47.562-0500] {logging_mixin.py:190} INFO - [2025-01-13T17:17:47.562-0500] {dag.py:4180} INFO - Setting next_dagrun for dataset_with_extra_by_yield to 2025-01-12 00:00:00+00:00, run_after=2025-01-13 00:00:00+00:00
[2025-01-13T17:17:47.564-0500] {logging_mixin.py:190} INFO - [2025-01-13T17:17:47.564-0500] {dag.py:4180} INFO - Setting next_dagrun for dataset_with_extra_from_classic_operator to 2025-01-12 00:00:00+00:00, run_after=2025-01-13 00:00:00+00:00
[2025-01-13T17:17:47.578-0500] {processor.py:208} INFO - Processing /usr/local/lib/python3.10/site-packages/airflow/example_dags/example_outlet_event_extra.py took 0.297 seconds
[2025-01-13T17:20:16.998-0500] {processor.py:186} INFO - Started process (PID=75124) to work on /usr/local/lib/python3.10/site-packages/airflow/example_dags/example_outlet_event_extra.py
[2025-01-13T17:20:16.999-0500] {processor.py:914} INFO - Processing file /usr/local/lib/python3.10/site-packages/airflow/example_dags/example_outlet_event_extra.py for tasks to queue
[2025-01-13T17:20:17.001-0500] {logging_mixin.py:190} INFO - [2025-01-13T17:20:17.000-0500] {dagbag.py:588} INFO - Filling up the DagBag from /usr/local/lib/python3.10/site-packages/airflow/example_dags/example_outlet_event_extra.py
[2025-01-13T17:20:17.094-0500] {processor.py:925} INFO - DAG(s) 'dataset_with_extra_from_classic_operator', 'dataset_with_extra_by_context', 'dataset_with_extra_by_yield' retrieved from /usr/local/lib/python3.10/site-packages/airflow/example_dags/example_outlet_event_extra.py
[2025-01-13T17:20:17.253-0500] {logging_mixin.py:190} INFO - [2025-01-13T17:20:17.253-0500] {dag.py:3239} INFO - Sync 3 DAGs
[2025-01-13T17:20:17.271-0500] {logging_mixin.py:190} INFO - [2025-01-13T17:20:17.271-0500] {dag.py:4180} INFO - Setting next_dagrun for dataset_with_extra_by_context to 2025-01-12 00:00:00+00:00, run_after=2025-01-13 00:00:00+00:00
[2025-01-13T17:20:17.275-0500] {logging_mixin.py:190} INFO - [2025-01-13T17:20:17.275-0500] {dag.py:4180} INFO - Setting next_dagrun for dataset_with_extra_by_yield to 2025-01-12 00:00:00+00:00, run_after=2025-01-13 00:00:00+00:00
[2025-01-13T17:20:17.277-0500] {logging_mixin.py:190} INFO - [2025-01-13T17:20:17.277-0500] {dag.py:4180} INFO - Setting next_dagrun for dataset_with_extra_from_classic_operator to 2025-01-12 00:00:00+00:00, run_after=2025-01-13 00:00:00+00:00
[2025-01-13T17:20:17.294-0500] {processor.py:208} INFO - Processing /usr/local/lib/python3.10/site-packages/airflow/example_dags/example_outlet_event_extra.py took 0.301 seconds
[2025-01-13T17:22:36.206-0500] {processor.py:186} INFO - Started process (PID=76632) to work on /usr/local/lib/python3.10/site-packages/airflow/example_dags/example_outlet_event_extra.py
[2025-01-13T17:22:36.208-0500] {processor.py:914} INFO - Processing file /usr/local/lib/python3.10/site-packages/airflow/example_dags/example_outlet_event_extra.py for tasks to queue
[2025-01-13T17:22:36.209-0500] {logging_mixin.py:190} INFO - [2025-01-13T17:22:36.209-0500] {dagbag.py:588} INFO - Filling up the DagBag from /usr/local/lib/python3.10/site-packages/airflow/example_dags/example_outlet_event_extra.py
[2025-01-13T17:22:36.304-0500] {processor.py:925} INFO - DAG(s) 'dataset_with_extra_from_classic_operator', 'dataset_with_extra_by_context', 'dataset_with_extra_by_yield' retrieved from /usr/local/lib/python3.10/site-packages/airflow/example_dags/example_outlet_event_extra.py
[2025-01-13T17:22:36.488-0500] {logging_mixin.py:190} INFO - [2025-01-13T17:22:36.488-0500] {dag.py:3239} INFO - Sync 3 DAGs
[2025-01-13T17:22:36.509-0500] {logging_mixin.py:190} INFO - [2025-01-13T17:22:36.509-0500] {dag.py:4180} INFO - Setting next_dagrun for dataset_with_extra_by_context to 2025-01-12 00:00:00+00:00, run_after=2025-01-13 00:00:00+00:00
[2025-01-13T17:22:36.513-0500] {logging_mixin.py:190} INFO - [2025-01-13T17:22:36.513-0500] {dag.py:4180} INFO - Setting next_dagrun for dataset_with_extra_by_yield to 2025-01-12 00:00:00+00:00, run_after=2025-01-13 00:00:00+00:00
[2025-01-13T17:22:36.516-0500] {logging_mixin.py:190} INFO - [2025-01-13T17:22:36.516-0500] {dag.py:4180} INFO - Setting next_dagrun for dataset_with_extra_from_classic_operator to 2025-01-12 00:00:00+00:00, run_after=2025-01-13 00:00:00+00:00
[2025-01-13T17:22:36.536-0500] {processor.py:208} INFO - Processing /usr/local/lib/python3.10/site-packages/airflow/example_dags/example_outlet_event_extra.py took 0.336 seconds
[2025-01-13T17:24:44.275-0500] {processor.py:186} INFO - Started process (PID=78115) to work on /usr/local/lib/python3.10/site-packages/airflow/example_dags/example_outlet_event_extra.py
[2025-01-13T17:24:44.277-0500] {processor.py:914} INFO - Processing file /usr/local/lib/python3.10/site-packages/airflow/example_dags/example_outlet_event_extra.py for tasks to queue
[2025-01-13T17:24:44.278-0500] {logging_mixin.py:190} INFO - [2025-01-13T17:24:44.278-0500] {dagbag.py:588} INFO - Filling up the DagBag from /usr/local/lib/python3.10/site-packages/airflow/example_dags/example_outlet_event_extra.py
[2025-01-13T17:24:44.366-0500] {processor.py:925} INFO - DAG(s) 'dataset_with_extra_by_yield', 'dataset_with_extra_from_classic_operator', 'dataset_with_extra_by_context' retrieved from /usr/local/lib/python3.10/site-packages/airflow/example_dags/example_outlet_event_extra.py
[2025-01-13T17:24:44.518-0500] {logging_mixin.py:190} INFO - [2025-01-13T17:24:44.518-0500] {dag.py:3239} INFO - Sync 3 DAGs
[2025-01-13T17:24:44.536-0500] {logging_mixin.py:190} INFO - [2025-01-13T17:24:44.536-0500] {dag.py:4180} INFO - Setting next_dagrun for dataset_with_extra_by_context to 2025-01-12 00:00:00+00:00, run_after=2025-01-13 00:00:00+00:00
[2025-01-13T17:24:44.540-0500] {logging_mixin.py:190} INFO - [2025-01-13T17:24:44.540-0500] {dag.py:4180} INFO - Setting next_dagrun for dataset_with_extra_by_yield to 2025-01-12 00:00:00+00:00, run_after=2025-01-13 00:00:00+00:00
[2025-01-13T17:24:44.542-0500] {logging_mixin.py:190} INFO - [2025-01-13T17:24:44.542-0500] {dag.py:4180} INFO - Setting next_dagrun for dataset_with_extra_from_classic_operator to 2025-01-12 00:00:00+00:00, run_after=2025-01-13 00:00:00+00:00
[2025-01-13T17:24:44.559-0500] {processor.py:208} INFO - Processing /usr/local/lib/python3.10/site-packages/airflow/example_dags/example_outlet_event_extra.py took 0.288 seconds
[2025-01-13T17:26:52.922-0500] {processor.py:186} INFO - Started process (PID=79552) to work on /usr/local/lib/python3.10/site-packages/airflow/example_dags/example_outlet_event_extra.py
[2025-01-13T17:26:52.924-0500] {processor.py:914} INFO - Processing file /usr/local/lib/python3.10/site-packages/airflow/example_dags/example_outlet_event_extra.py for tasks to queue
[2025-01-13T17:26:52.925-0500] {logging_mixin.py:190} INFO - [2025-01-13T17:26:52.925-0500] {dagbag.py:588} INFO - Filling up the DagBag from /usr/local/lib/python3.10/site-packages/airflow/example_dags/example_outlet_event_extra.py
[2025-01-13T17:26:53.012-0500] {processor.py:925} INFO - DAG(s) 'dataset_with_extra_from_classic_operator', 'dataset_with_extra_by_yield', 'dataset_with_extra_by_context' retrieved from /usr/local/lib/python3.10/site-packages/airflow/example_dags/example_outlet_event_extra.py
[2025-01-13T17:26:53.172-0500] {logging_mixin.py:190} INFO - [2025-01-13T17:26:53.172-0500] {dag.py:3239} INFO - Sync 3 DAGs
[2025-01-13T17:26:53.191-0500] {logging_mixin.py:190} INFO - [2025-01-13T17:26:53.191-0500] {dag.py:4180} INFO - Setting next_dagrun for dataset_with_extra_by_context to 2025-01-12 00:00:00+00:00, run_after=2025-01-13 00:00:00+00:00
[2025-01-13T17:26:53.196-0500] {logging_mixin.py:190} INFO - [2025-01-13T17:26:53.195-0500] {dag.py:4180} INFO - Setting next_dagrun for dataset_with_extra_by_yield to 2025-01-12 00:00:00+00:00, run_after=2025-01-13 00:00:00+00:00
[2025-01-13T17:26:53.198-0500] {logging_mixin.py:190} INFO - [2025-01-13T17:26:53.198-0500] {dag.py:4180} INFO - Setting next_dagrun for dataset_with_extra_from_classic_operator to 2025-01-12 00:00:00+00:00, run_after=2025-01-13 00:00:00+00:00
[2025-01-13T17:26:53.215-0500] {processor.py:208} INFO - Processing /usr/local/lib/python3.10/site-packages/airflow/example_dags/example_outlet_event_extra.py took 0.297 seconds
[2025-01-13T17:29:00.850-0500] {processor.py:186} INFO - Started process (PID=80988) to work on /usr/local/lib/python3.10/site-packages/airflow/example_dags/example_outlet_event_extra.py
[2025-01-13T17:29:00.852-0500] {processor.py:914} INFO - Processing file /usr/local/lib/python3.10/site-packages/airflow/example_dags/example_outlet_event_extra.py for tasks to queue
[2025-01-13T17:29:00.853-0500] {logging_mixin.py:190} INFO - [2025-01-13T17:29:00.853-0500] {dagbag.py:588} INFO - Filling up the DagBag from /usr/local/lib/python3.10/site-packages/airflow/example_dags/example_outlet_event_extra.py
[2025-01-13T17:29:00.933-0500] {processor.py:925} INFO - DAG(s) 'dataset_with_extra_from_classic_operator', 'dataset_with_extra_by_yield', 'dataset_with_extra_by_context' retrieved from /usr/local/lib/python3.10/site-packages/airflow/example_dags/example_outlet_event_extra.py
[2025-01-13T17:29:01.093-0500] {logging_mixin.py:190} INFO - [2025-01-13T17:29:01.093-0500] {dag.py:3239} INFO - Sync 3 DAGs
[2025-01-13T17:29:01.111-0500] {logging_mixin.py:190} INFO - [2025-01-13T17:29:01.111-0500] {dag.py:4180} INFO - Setting next_dagrun for dataset_with_extra_by_context to 2025-01-12 00:00:00+00:00, run_after=2025-01-13 00:00:00+00:00
[2025-01-13T17:29:01.115-0500] {logging_mixin.py:190} INFO - [2025-01-13T17:29:01.114-0500] {dag.py:4180} INFO - Setting next_dagrun for dataset_with_extra_by_yield to 2025-01-12 00:00:00+00:00, run_after=2025-01-13 00:00:00+00:00
[2025-01-13T17:29:01.117-0500] {logging_mixin.py:190} INFO - [2025-01-13T17:29:01.117-0500] {dag.py:4180} INFO - Setting next_dagrun for dataset_with_extra_from_classic_operator to 2025-01-12 00:00:00+00:00, run_after=2025-01-13 00:00:00+00:00
[2025-01-13T17:29:01.134-0500] {processor.py:208} INFO - Processing /usr/local/lib/python3.10/site-packages/airflow/example_dags/example_outlet_event_extra.py took 0.288 seconds
[2025-01-13T17:31:20.029-0500] {processor.py:186} INFO - Started process (PID=82604) to work on /usr/local/lib/python3.10/site-packages/airflow/example_dags/example_outlet_event_extra.py
[2025-01-13T17:31:20.031-0500] {processor.py:914} INFO - Processing file /usr/local/lib/python3.10/site-packages/airflow/example_dags/example_outlet_event_extra.py for tasks to queue
[2025-01-13T17:31:20.032-0500] {logging_mixin.py:190} INFO - [2025-01-13T17:31:20.031-0500] {dagbag.py:588} INFO - Filling up the DagBag from /usr/local/lib/python3.10/site-packages/airflow/example_dags/example_outlet_event_extra.py
[2025-01-13T17:31:20.131-0500] {processor.py:925} INFO - DAG(s) 'dataset_with_extra_from_classic_operator', 'dataset_with_extra_by_yield', 'dataset_with_extra_by_context' retrieved from /usr/local/lib/python3.10/site-packages/airflow/example_dags/example_outlet_event_extra.py
[2025-01-13T17:31:20.291-0500] {logging_mixin.py:190} INFO - [2025-01-13T17:31:20.291-0500] {dag.py:3239} INFO - Sync 3 DAGs
[2025-01-13T17:31:20.308-0500] {logging_mixin.py:190} INFO - [2025-01-13T17:31:20.308-0500] {dag.py:4180} INFO - Setting next_dagrun for dataset_with_extra_by_context to 2025-01-12 00:00:00+00:00, run_after=2025-01-13 00:00:00+00:00
[2025-01-13T17:31:20.312-0500] {logging_mixin.py:190} INFO - [2025-01-13T17:31:20.312-0500] {dag.py:4180} INFO - Setting next_dagrun for dataset_with_extra_by_yield to 2025-01-12 00:00:00+00:00, run_after=2025-01-13 00:00:00+00:00
[2025-01-13T17:31:20.314-0500] {logging_mixin.py:190} INFO - [2025-01-13T17:31:20.314-0500] {dag.py:4180} INFO - Setting next_dagrun for dataset_with_extra_from_classic_operator to 2025-01-12 00:00:00+00:00, run_after=2025-01-13 00:00:00+00:00
[2025-01-13T17:31:20.331-0500] {processor.py:208} INFO - Processing /usr/local/lib/python3.10/site-packages/airflow/example_dags/example_outlet_event_extra.py took 0.306 seconds
[2025-01-13T17:33:29.826-0500] {processor.py:186} INFO - Started process (PID=83997) to work on /usr/local/lib/python3.10/site-packages/airflow/example_dags/example_outlet_event_extra.py
[2025-01-13T17:33:29.828-0500] {processor.py:914} INFO - Processing file /usr/local/lib/python3.10/site-packages/airflow/example_dags/example_outlet_event_extra.py for tasks to queue
[2025-01-13T17:33:29.830-0500] {logging_mixin.py:190} INFO - [2025-01-13T17:33:29.830-0500] {dagbag.py:588} INFO - Filling up the DagBag from /usr/local/lib/python3.10/site-packages/airflow/example_dags/example_outlet_event_extra.py
[2025-01-13T17:33:29.938-0500] {processor.py:925} INFO - DAG(s) 'dataset_with_extra_from_classic_operator', 'dataset_with_extra_by_yield', 'dataset_with_extra_by_context' retrieved from /usr/local/lib/python3.10/site-packages/airflow/example_dags/example_outlet_event_extra.py
[2025-01-13T17:33:30.110-0500] {logging_mixin.py:190} INFO - [2025-01-13T17:33:30.110-0500] {dag.py:3239} INFO - Sync 3 DAGs
[2025-01-13T17:33:30.130-0500] {logging_mixin.py:190} INFO - [2025-01-13T17:33:30.130-0500] {dag.py:4180} INFO - Setting next_dagrun for dataset_with_extra_by_context to 2025-01-12 00:00:00+00:00, run_after=2025-01-13 00:00:00+00:00
[2025-01-13T17:33:30.135-0500] {logging_mixin.py:190} INFO - [2025-01-13T17:33:30.135-0500] {dag.py:4180} INFO - Setting next_dagrun for dataset_with_extra_by_yield to 2025-01-12 00:00:00+00:00, run_after=2025-01-13 00:00:00+00:00
[2025-01-13T17:33:30.137-0500] {logging_mixin.py:190} INFO - [2025-01-13T17:33:30.137-0500] {dag.py:4180} INFO - Setting next_dagrun for dataset_with_extra_from_classic_operator to 2025-01-12 00:00:00+00:00, run_after=2025-01-13 00:00:00+00:00
[2025-01-13T17:33:30.157-0500] {processor.py:208} INFO - Processing /usr/local/lib/python3.10/site-packages/airflow/example_dags/example_outlet_event_extra.py took 0.336 seconds
[2025-01-13T17:35:49.042-0500] {processor.py:186} INFO - Started process (PID=85680) to work on /usr/local/lib/python3.10/site-packages/airflow/example_dags/example_outlet_event_extra.py
[2025-01-13T17:35:49.044-0500] {processor.py:914} INFO - Processing file /usr/local/lib/python3.10/site-packages/airflow/example_dags/example_outlet_event_extra.py for tasks to queue
[2025-01-13T17:35:49.045-0500] {logging_mixin.py:190} INFO - [2025-01-13T17:35:49.044-0500] {dagbag.py:588} INFO - Filling up the DagBag from /usr/local/lib/python3.10/site-packages/airflow/example_dags/example_outlet_event_extra.py
[2025-01-13T17:35:49.145-0500] {processor.py:925} INFO - DAG(s) 'dataset_with_extra_by_context', 'dataset_with_extra_from_classic_operator', 'dataset_with_extra_by_yield' retrieved from /usr/local/lib/python3.10/site-packages/airflow/example_dags/example_outlet_event_extra.py
[2025-01-13T17:35:49.312-0500] {logging_mixin.py:190} INFO - [2025-01-13T17:35:49.312-0500] {dag.py:3239} INFO - Sync 3 DAGs
[2025-01-13T17:35:49.332-0500] {logging_mixin.py:190} INFO - [2025-01-13T17:35:49.331-0500] {dag.py:4180} INFO - Setting next_dagrun for dataset_with_extra_by_context to 2025-01-12 00:00:00+00:00, run_after=2025-01-13 00:00:00+00:00
[2025-01-13T17:35:49.336-0500] {logging_mixin.py:190} INFO - [2025-01-13T17:35:49.336-0500] {dag.py:4180} INFO - Setting next_dagrun for dataset_with_extra_by_yield to 2025-01-12 00:00:00+00:00, run_after=2025-01-13 00:00:00+00:00
[2025-01-13T17:35:49.338-0500] {logging_mixin.py:190} INFO - [2025-01-13T17:35:49.338-0500] {dag.py:4180} INFO - Setting next_dagrun for dataset_with_extra_from_classic_operator to 2025-01-12 00:00:00+00:00, run_after=2025-01-13 00:00:00+00:00
[2025-01-13T17:35:49.359-0500] {processor.py:208} INFO - Processing /usr/local/lib/python3.10/site-packages/airflow/example_dags/example_outlet_event_extra.py took 0.321 seconds
[2025-01-13T17:38:12.591-0500] {processor.py:186} INFO - Started process (PID=87310) to work on /usr/local/lib/python3.10/site-packages/airflow/example_dags/example_outlet_event_extra.py
[2025-01-13T17:38:12.593-0500] {processor.py:914} INFO - Processing file /usr/local/lib/python3.10/site-packages/airflow/example_dags/example_outlet_event_extra.py for tasks to queue
[2025-01-13T17:38:12.594-0500] {logging_mixin.py:190} INFO - [2025-01-13T17:38:12.593-0500] {dagbag.py:588} INFO - Filling up the DagBag from /usr/local/lib/python3.10/site-packages/airflow/example_dags/example_outlet_event_extra.py
[2025-01-13T17:38:12.693-0500] {processor.py:925} INFO - DAG(s) 'dataset_with_extra_by_yield', 'dataset_with_extra_by_context', 'dataset_with_extra_from_classic_operator' retrieved from /usr/local/lib/python3.10/site-packages/airflow/example_dags/example_outlet_event_extra.py
[2025-01-13T17:38:12.851-0500] {logging_mixin.py:190} INFO - [2025-01-13T17:38:12.851-0500] {dag.py:3239} INFO - Sync 3 DAGs
[2025-01-13T17:38:12.870-0500] {logging_mixin.py:190} INFO - [2025-01-13T17:38:12.869-0500] {dag.py:4180} INFO - Setting next_dagrun for dataset_with_extra_by_context to 2025-01-12 00:00:00+00:00, run_after=2025-01-13 00:00:00+00:00
[2025-01-13T17:38:12.874-0500] {logging_mixin.py:190} INFO - [2025-01-13T17:38:12.873-0500] {dag.py:4180} INFO - Setting next_dagrun for dataset_with_extra_by_yield to 2025-01-12 00:00:00+00:00, run_after=2025-01-13 00:00:00+00:00
[2025-01-13T17:38:12.876-0500] {logging_mixin.py:190} INFO - [2025-01-13T17:38:12.876-0500] {dag.py:4180} INFO - Setting next_dagrun for dataset_with_extra_from_classic_operator to 2025-01-12 00:00:00+00:00, run_after=2025-01-13 00:00:00+00:00
[2025-01-13T17:38:12.893-0500] {processor.py:208} INFO - Processing /usr/local/lib/python3.10/site-packages/airflow/example_dags/example_outlet_event_extra.py took 0.306 seconds
[2025-01-13T17:40:24.106-0500] {processor.py:186} INFO - Started process (PID=88807) to work on /usr/local/lib/python3.10/site-packages/airflow/example_dags/example_outlet_event_extra.py
[2025-01-13T17:40:24.108-0500] {processor.py:914} INFO - Processing file /usr/local/lib/python3.10/site-packages/airflow/example_dags/example_outlet_event_extra.py for tasks to queue
[2025-01-13T17:40:24.109-0500] {logging_mixin.py:190} INFO - [2025-01-13T17:40:24.109-0500] {dagbag.py:588} INFO - Filling up the DagBag from /usr/local/lib/python3.10/site-packages/airflow/example_dags/example_outlet_event_extra.py
[2025-01-13T17:40:24.198-0500] {processor.py:925} INFO - DAG(s) 'dataset_with_extra_from_classic_operator', 'dataset_with_extra_by_yield', 'dataset_with_extra_by_context' retrieved from /usr/local/lib/python3.10/site-packages/airflow/example_dags/example_outlet_event_extra.py
[2025-01-13T17:40:24.378-0500] {logging_mixin.py:190} INFO - [2025-01-13T17:40:24.377-0500] {dag.py:3239} INFO - Sync 3 DAGs
[2025-01-13T17:40:24.401-0500] {logging_mixin.py:190} INFO - [2025-01-13T17:40:24.401-0500] {dag.py:4180} INFO - Setting next_dagrun for dataset_with_extra_by_context to 2025-01-12 00:00:00+00:00, run_after=2025-01-13 00:00:00+00:00
[2025-01-13T17:40:24.406-0500] {logging_mixin.py:190} INFO - [2025-01-13T17:40:24.406-0500] {dag.py:4180} INFO - Setting next_dagrun for dataset_with_extra_by_yield to 2025-01-12 00:00:00+00:00, run_after=2025-01-13 00:00:00+00:00
[2025-01-13T17:40:24.409-0500] {logging_mixin.py:190} INFO - [2025-01-13T17:40:24.409-0500] {dag.py:4180} INFO - Setting next_dagrun for dataset_with_extra_from_classic_operator to 2025-01-12 00:00:00+00:00, run_after=2025-01-13 00:00:00+00:00
[2025-01-13T17:40:24.430-0500] {processor.py:208} INFO - Processing /usr/local/lib/python3.10/site-packages/airflow/example_dags/example_outlet_event_extra.py took 0.329 seconds
[2025-01-13T17:42:40.419-0500] {processor.py:186} INFO - Started process (PID=90327) to work on /usr/local/lib/python3.10/site-packages/airflow/example_dags/example_outlet_event_extra.py
[2025-01-13T17:42:40.423-0500] {processor.py:914} INFO - Processing file /usr/local/lib/python3.10/site-packages/airflow/example_dags/example_outlet_event_extra.py for tasks to queue
[2025-01-13T17:42:40.424-0500] {logging_mixin.py:190} INFO - [2025-01-13T17:42:40.424-0500] {dagbag.py:588} INFO - Filling up the DagBag from /usr/local/lib/python3.10/site-packages/airflow/example_dags/example_outlet_event_extra.py
[2025-01-13T17:42:40.538-0500] {processor.py:925} INFO - DAG(s) 'dataset_with_extra_by_context', 'dataset_with_extra_from_classic_operator', 'dataset_with_extra_by_yield' retrieved from /usr/local/lib/python3.10/site-packages/airflow/example_dags/example_outlet_event_extra.py
[2025-01-13T17:42:40.720-0500] {logging_mixin.py:190} INFO - [2025-01-13T17:42:40.720-0500] {dag.py:3239} INFO - Sync 3 DAGs
[2025-01-13T17:42:40.742-0500] {logging_mixin.py:190} INFO - [2025-01-13T17:42:40.742-0500] {dag.py:4180} INFO - Setting next_dagrun for dataset_with_extra_by_context to 2025-01-12 00:00:00+00:00, run_after=2025-01-13 00:00:00+00:00
[2025-01-13T17:42:40.747-0500] {logging_mixin.py:190} INFO - [2025-01-13T17:42:40.747-0500] {dag.py:4180} INFO - Setting next_dagrun for dataset_with_extra_by_yield to 2025-01-12 00:00:00+00:00, run_after=2025-01-13 00:00:00+00:00
[2025-01-13T17:42:40.750-0500] {logging_mixin.py:190} INFO - [2025-01-13T17:42:40.750-0500] {dag.py:4180} INFO - Setting next_dagrun for dataset_with_extra_from_classic_operator to 2025-01-12 00:00:00+00:00, run_after=2025-01-13 00:00:00+00:00
[2025-01-13T17:42:40.770-0500] {processor.py:208} INFO - Processing /usr/local/lib/python3.10/site-packages/airflow/example_dags/example_outlet_event_extra.py took 0.357 seconds
[2025-01-13T17:45:05.087-0500] {processor.py:186} INFO - Started process (PID=91948) to work on /usr/local/lib/python3.10/site-packages/airflow/example_dags/example_outlet_event_extra.py
[2025-01-13T17:45:05.088-0500] {processor.py:914} INFO - Processing file /usr/local/lib/python3.10/site-packages/airflow/example_dags/example_outlet_event_extra.py for tasks to queue
[2025-01-13T17:45:05.089-0500] {logging_mixin.py:190} INFO - [2025-01-13T17:45:05.089-0500] {dagbag.py:588} INFO - Filling up the DagBag from /usr/local/lib/python3.10/site-packages/airflow/example_dags/example_outlet_event_extra.py
[2025-01-13T17:45:05.155-0500] {processor.py:925} INFO - DAG(s) 'dataset_with_extra_from_classic_operator', 'dataset_with_extra_by_context', 'dataset_with_extra_by_yield' retrieved from /usr/local/lib/python3.10/site-packages/airflow/example_dags/example_outlet_event_extra.py
[2025-01-13T17:45:05.311-0500] {logging_mixin.py:190} INFO - [2025-01-13T17:45:05.311-0500] {dag.py:3239} INFO - Sync 3 DAGs
[2025-01-13T17:45:05.329-0500] {logging_mixin.py:190} INFO - [2025-01-13T17:45:05.329-0500] {dag.py:4180} INFO - Setting next_dagrun for dataset_with_extra_by_context to 2025-01-12 00:00:00+00:00, run_after=2025-01-13 00:00:00+00:00
[2025-01-13T17:45:05.333-0500] {logging_mixin.py:190} INFO - [2025-01-13T17:45:05.333-0500] {dag.py:4180} INFO - Setting next_dagrun for dataset_with_extra_by_yield to 2025-01-12 00:00:00+00:00, run_after=2025-01-13 00:00:00+00:00
[2025-01-13T17:45:05.335-0500] {logging_mixin.py:190} INFO - [2025-01-13T17:45:05.335-0500] {dag.py:4180} INFO - Setting next_dagrun for dataset_with_extra_from_classic_operator to 2025-01-12 00:00:00+00:00, run_after=2025-01-13 00:00:00+00:00
[2025-01-13T17:45:05.353-0500] {processor.py:208} INFO - Processing /usr/local/lib/python3.10/site-packages/airflow/example_dags/example_outlet_event_extra.py took 0.270 seconds
[2025-01-13T17:47:09.473-0500] {processor.py:186} INFO - Started process (PID=93336) to work on /usr/local/lib/python3.10/site-packages/airflow/example_dags/example_outlet_event_extra.py
[2025-01-13T17:47:09.475-0500] {processor.py:914} INFO - Processing file /usr/local/lib/python3.10/site-packages/airflow/example_dags/example_outlet_event_extra.py for tasks to queue
[2025-01-13T17:47:09.476-0500] {logging_mixin.py:190} INFO - [2025-01-13T17:47:09.476-0500] {dagbag.py:588} INFO - Filling up the DagBag from /usr/local/lib/python3.10/site-packages/airflow/example_dags/example_outlet_event_extra.py
[2025-01-13T17:47:09.568-0500] {processor.py:925} INFO - DAG(s) 'dataset_with_extra_by_context', 'dataset_with_extra_by_yield', 'dataset_with_extra_from_classic_operator' retrieved from /usr/local/lib/python3.10/site-packages/airflow/example_dags/example_outlet_event_extra.py
[2025-01-13T17:47:09.741-0500] {logging_mixin.py:190} INFO - [2025-01-13T17:47:09.741-0500] {dag.py:3239} INFO - Sync 3 DAGs
[2025-01-13T17:47:09.760-0500] {logging_mixin.py:190} INFO - [2025-01-13T17:47:09.760-0500] {dag.py:4180} INFO - Setting next_dagrun for dataset_with_extra_by_context to 2025-01-12 00:00:00+00:00, run_after=2025-01-13 00:00:00+00:00
[2025-01-13T17:47:09.765-0500] {logging_mixin.py:190} INFO - [2025-01-13T17:47:09.765-0500] {dag.py:4180} INFO - Setting next_dagrun for dataset_with_extra_by_yield to 2025-01-12 00:00:00+00:00, run_after=2025-01-13 00:00:00+00:00
[2025-01-13T17:47:09.767-0500] {logging_mixin.py:190} INFO - [2025-01-13T17:47:09.767-0500] {dag.py:4180} INFO - Setting next_dagrun for dataset_with_extra_from_classic_operator to 2025-01-12 00:00:00+00:00, run_after=2025-01-13 00:00:00+00:00
[2025-01-13T17:47:09.786-0500] {processor.py:208} INFO - Processing /usr/local/lib/python3.10/site-packages/airflow/example_dags/example_outlet_event_extra.py took 0.317 seconds
[2025-01-13T17:49:19.114-0500] {processor.py:186} INFO - Started process (PID=94821) to work on /usr/local/lib/python3.10/site-packages/airflow/example_dags/example_outlet_event_extra.py
[2025-01-13T17:49:19.115-0500] {processor.py:914} INFO - Processing file /usr/local/lib/python3.10/site-packages/airflow/example_dags/example_outlet_event_extra.py for tasks to queue
[2025-01-13T17:49:19.116-0500] {logging_mixin.py:190} INFO - [2025-01-13T17:49:19.116-0500] {dagbag.py:588} INFO - Filling up the DagBag from /usr/local/lib/python3.10/site-packages/airflow/example_dags/example_outlet_event_extra.py
[2025-01-13T17:49:19.186-0500] {processor.py:925} INFO - DAG(s) 'dataset_with_extra_by_yield', 'dataset_with_extra_from_classic_operator', 'dataset_with_extra_by_context' retrieved from /usr/local/lib/python3.10/site-packages/airflow/example_dags/example_outlet_event_extra.py
[2025-01-13T17:49:19.351-0500] {logging_mixin.py:190} INFO - [2025-01-13T17:49:19.351-0500] {dag.py:3239} INFO - Sync 3 DAGs
[2025-01-13T17:49:19.369-0500] {logging_mixin.py:190} INFO - [2025-01-13T17:49:19.369-0500] {dag.py:4180} INFO - Setting next_dagrun for dataset_with_extra_by_context to 2025-01-12 00:00:00+00:00, run_after=2025-01-13 00:00:00+00:00
[2025-01-13T17:49:19.374-0500] {logging_mixin.py:190} INFO - [2025-01-13T17:49:19.373-0500] {dag.py:4180} INFO - Setting next_dagrun for dataset_with_extra_by_yield to 2025-01-12 00:00:00+00:00, run_after=2025-01-13 00:00:00+00:00
[2025-01-13T17:49:19.376-0500] {logging_mixin.py:190} INFO - [2025-01-13T17:49:19.376-0500] {dag.py:4180} INFO - Setting next_dagrun for dataset_with_extra_from_classic_operator to 2025-01-12 00:00:00+00:00, run_after=2025-01-13 00:00:00+00:00
[2025-01-13T17:49:19.393-0500] {processor.py:208} INFO - Processing /usr/local/lib/python3.10/site-packages/airflow/example_dags/example_outlet_event_extra.py took 0.283 seconds
[2025-01-13T17:51:30.973-0500] {processor.py:186} INFO - Started process (PID=96307) to work on /usr/local/lib/python3.10/site-packages/airflow/example_dags/example_outlet_event_extra.py
[2025-01-13T17:51:30.975-0500] {processor.py:914} INFO - Processing file /usr/local/lib/python3.10/site-packages/airflow/example_dags/example_outlet_event_extra.py for tasks to queue
[2025-01-13T17:51:30.976-0500] {logging_mixin.py:190} INFO - [2025-01-13T17:51:30.976-0500] {dagbag.py:588} INFO - Filling up the DagBag from /usr/local/lib/python3.10/site-packages/airflow/example_dags/example_outlet_event_extra.py
[2025-01-13T17:51:31.079-0500] {processor.py:925} INFO - DAG(s) 'dataset_with_extra_by_yield', 'dataset_with_extra_by_context', 'dataset_with_extra_from_classic_operator' retrieved from /usr/local/lib/python3.10/site-packages/airflow/example_dags/example_outlet_event_extra.py
[2025-01-13T17:51:31.247-0500] {logging_mixin.py:190} INFO - [2025-01-13T17:51:31.247-0500] {dag.py:3239} INFO - Sync 3 DAGs
[2025-01-13T17:51:31.265-0500] {logging_mixin.py:190} INFO - [2025-01-13T17:51:31.265-0500] {dag.py:4180} INFO - Setting next_dagrun for dataset_with_extra_by_context to 2025-01-12 00:00:00+00:00, run_after=2025-01-13 00:00:00+00:00
[2025-01-13T17:51:31.270-0500] {logging_mixin.py:190} INFO - [2025-01-13T17:51:31.269-0500] {dag.py:4180} INFO - Setting next_dagrun for dataset_with_extra_by_yield to 2025-01-12 00:00:00+00:00, run_after=2025-01-13 00:00:00+00:00
[2025-01-13T17:51:31.272-0500] {logging_mixin.py:190} INFO - [2025-01-13T17:51:31.272-0500] {dag.py:4180} INFO - Setting next_dagrun for dataset_with_extra_from_classic_operator to 2025-01-12 00:00:00+00:00, run_after=2025-01-13 00:00:00+00:00
[2025-01-13T17:51:31.289-0500] {processor.py:208} INFO - Processing /usr/local/lib/python3.10/site-packages/airflow/example_dags/example_outlet_event_extra.py took 0.320 seconds
[2025-01-13T17:53:43.035-0500] {processor.py:186} INFO - Started process (PID=97795) to work on /usr/local/lib/python3.10/site-packages/airflow/example_dags/example_outlet_event_extra.py
[2025-01-13T17:53:43.037-0500] {processor.py:914} INFO - Processing file /usr/local/lib/python3.10/site-packages/airflow/example_dags/example_outlet_event_extra.py for tasks to queue
[2025-01-13T17:53:43.038-0500] {logging_mixin.py:190} INFO - [2025-01-13T17:53:43.038-0500] {dagbag.py:588} INFO - Filling up the DagBag from /usr/local/lib/python3.10/site-packages/airflow/example_dags/example_outlet_event_extra.py
[2025-01-13T17:53:43.132-0500] {processor.py:925} INFO - DAG(s) 'dataset_with_extra_from_classic_operator', 'dataset_with_extra_by_context', 'dataset_with_extra_by_yield' retrieved from /usr/local/lib/python3.10/site-packages/airflow/example_dags/example_outlet_event_extra.py
[2025-01-13T17:53:43.291-0500] {logging_mixin.py:190} INFO - [2025-01-13T17:53:43.291-0500] {dag.py:3239} INFO - Sync 3 DAGs
[2025-01-13T17:53:43.309-0500] {logging_mixin.py:190} INFO - [2025-01-13T17:53:43.309-0500] {dag.py:4180} INFO - Setting next_dagrun for dataset_with_extra_by_context to 2025-01-12 00:00:00+00:00, run_after=2025-01-13 00:00:00+00:00
[2025-01-13T17:53:43.313-0500] {logging_mixin.py:190} INFO - [2025-01-13T17:53:43.313-0500] {dag.py:4180} INFO - Setting next_dagrun for dataset_with_extra_by_yield to 2025-01-12 00:00:00+00:00, run_after=2025-01-13 00:00:00+00:00
[2025-01-13T17:53:43.315-0500] {logging_mixin.py:190} INFO - [2025-01-13T17:53:43.315-0500] {dag.py:4180} INFO - Setting next_dagrun for dataset_with_extra_from_classic_operator to 2025-01-12 00:00:00+00:00, run_after=2025-01-13 00:00:00+00:00
[2025-01-13T17:53:43.332-0500] {processor.py:208} INFO - Processing /usr/local/lib/python3.10/site-packages/airflow/example_dags/example_outlet_event_extra.py took 0.302 seconds
[2025-01-13T17:55:53.797-0500] {processor.py:186} INFO - Started process (PID=99204) to work on /usr/local/lib/python3.10/site-packages/airflow/example_dags/example_outlet_event_extra.py
[2025-01-13T17:55:53.799-0500] {processor.py:914} INFO - Processing file /usr/local/lib/python3.10/site-packages/airflow/example_dags/example_outlet_event_extra.py for tasks to queue
[2025-01-13T17:55:53.800-0500] {logging_mixin.py:190} INFO - [2025-01-13T17:55:53.800-0500] {dagbag.py:588} INFO - Filling up the DagBag from /usr/local/lib/python3.10/site-packages/airflow/example_dags/example_outlet_event_extra.py
[2025-01-13T17:55:53.889-0500] {processor.py:925} INFO - DAG(s) 'dataset_with_extra_from_classic_operator', 'dataset_with_extra_by_yield', 'dataset_with_extra_by_context' retrieved from /usr/local/lib/python3.10/site-packages/airflow/example_dags/example_outlet_event_extra.py
[2025-01-13T17:55:54.049-0500] {logging_mixin.py:190} INFO - [2025-01-13T17:55:54.048-0500] {dag.py:3239} INFO - Sync 3 DAGs
[2025-01-13T17:55:54.067-0500] {logging_mixin.py:190} INFO - [2025-01-13T17:55:54.066-0500] {dag.py:4180} INFO - Setting next_dagrun for dataset_with_extra_by_context to 2025-01-12 00:00:00+00:00, run_after=2025-01-13 00:00:00+00:00
[2025-01-13T17:55:54.070-0500] {logging_mixin.py:190} INFO - [2025-01-13T17:55:54.070-0500] {dag.py:4180} INFO - Setting next_dagrun for dataset_with_extra_by_yield to 2025-01-12 00:00:00+00:00, run_after=2025-01-13 00:00:00+00:00
[2025-01-13T17:55:54.073-0500] {logging_mixin.py:190} INFO - [2025-01-13T17:55:54.073-0500] {dag.py:4180} INFO - Setting next_dagrun for dataset_with_extra_from_classic_operator to 2025-01-12 00:00:00+00:00, run_after=2025-01-13 00:00:00+00:00
[2025-01-13T17:55:54.089-0500] {processor.py:208} INFO - Processing /usr/local/lib/python3.10/site-packages/airflow/example_dags/example_outlet_event_extra.py took 0.296 seconds
[2025-01-13T17:58:05.268-0500] {processor.py:186} INFO - Started process (PID=1348) to work on /usr/local/lib/python3.10/site-packages/airflow/example_dags/example_outlet_event_extra.py
[2025-01-13T17:58:05.270-0500] {processor.py:914} INFO - Processing file /usr/local/lib/python3.10/site-packages/airflow/example_dags/example_outlet_event_extra.py for tasks to queue
[2025-01-13T17:58:05.272-0500] {logging_mixin.py:190} INFO - [2025-01-13T17:58:05.271-0500] {dagbag.py:588} INFO - Filling up the DagBag from /usr/local/lib/python3.10/site-packages/airflow/example_dags/example_outlet_event_extra.py
[2025-01-13T17:58:05.368-0500] {processor.py:925} INFO - DAG(s) 'dataset_with_extra_from_classic_operator', 'dataset_with_extra_by_context', 'dataset_with_extra_by_yield' retrieved from /usr/local/lib/python3.10/site-packages/airflow/example_dags/example_outlet_event_extra.py
[2025-01-13T17:58:05.547-0500] {logging_mixin.py:190} INFO - [2025-01-13T17:58:05.547-0500] {dag.py:3239} INFO - Sync 3 DAGs
[2025-01-13T17:58:05.567-0500] {logging_mixin.py:190} INFO - [2025-01-13T17:58:05.566-0500] {dag.py:4180} INFO - Setting next_dagrun for dataset_with_extra_by_context to 2025-01-12 00:00:00+00:00, run_after=2025-01-13 00:00:00+00:00
[2025-01-13T17:58:05.571-0500] {logging_mixin.py:190} INFO - [2025-01-13T17:58:05.570-0500] {dag.py:4180} INFO - Setting next_dagrun for dataset_with_extra_by_yield to 2025-01-12 00:00:00+00:00, run_after=2025-01-13 00:00:00+00:00
[2025-01-13T17:58:05.573-0500] {logging_mixin.py:190} INFO - [2025-01-13T17:58:05.573-0500] {dag.py:4180} INFO - Setting next_dagrun for dataset_with_extra_from_classic_operator to 2025-01-12 00:00:00+00:00, run_after=2025-01-13 00:00:00+00:00
[2025-01-13T17:58:05.591-0500] {processor.py:208} INFO - Processing /usr/local/lib/python3.10/site-packages/airflow/example_dags/example_outlet_event_extra.py took 0.327 seconds
[2025-01-13T18:00:26.750-0500] {processor.py:186} INFO - Started process (PID=3049) to work on /usr/local/lib/python3.10/site-packages/airflow/example_dags/example_outlet_event_extra.py
[2025-01-13T18:00:26.752-0500] {processor.py:914} INFO - Processing file /usr/local/lib/python3.10/site-packages/airflow/example_dags/example_outlet_event_extra.py for tasks to queue
[2025-01-13T18:00:26.753-0500] {logging_mixin.py:190} INFO - [2025-01-13T18:00:26.753-0500] {dagbag.py:588} INFO - Filling up the DagBag from /usr/local/lib/python3.10/site-packages/airflow/example_dags/example_outlet_event_extra.py
[2025-01-13T18:00:26.836-0500] {processor.py:925} INFO - DAG(s) 'dataset_with_extra_from_classic_operator', 'dataset_with_extra_by_context', 'dataset_with_extra_by_yield' retrieved from /usr/local/lib/python3.10/site-packages/airflow/example_dags/example_outlet_event_extra.py
[2025-01-13T18:00:26.998-0500] {logging_mixin.py:190} INFO - [2025-01-13T18:00:26.997-0500] {dag.py:3239} INFO - Sync 3 DAGs
[2025-01-13T18:00:27.017-0500] {logging_mixin.py:190} INFO - [2025-01-13T18:00:27.016-0500] {dag.py:4180} INFO - Setting next_dagrun for dataset_with_extra_by_context to 2025-01-12 00:00:00+00:00, run_after=2025-01-13 00:00:00+00:00
[2025-01-13T18:00:27.021-0500] {logging_mixin.py:190} INFO - [2025-01-13T18:00:27.021-0500] {dag.py:4180} INFO - Setting next_dagrun for dataset_with_extra_by_yield to 2025-01-12 00:00:00+00:00, run_after=2025-01-13 00:00:00+00:00
[2025-01-13T18:00:27.024-0500] {logging_mixin.py:190} INFO - [2025-01-13T18:00:27.023-0500] {dag.py:4180} INFO - Setting next_dagrun for dataset_with_extra_from_classic_operator to 2025-01-12 00:00:00+00:00, run_after=2025-01-13 00:00:00+00:00
[2025-01-13T18:00:27.041-0500] {processor.py:208} INFO - Processing /usr/local/lib/python3.10/site-packages/airflow/example_dags/example_outlet_event_extra.py took 0.295 seconds
[2025-01-13T18:02:58.052-0500] {processor.py:186} INFO - Started process (PID=4823) to work on /usr/local/lib/python3.10/site-packages/airflow/example_dags/example_outlet_event_extra.py
[2025-01-13T18:02:58.054-0500] {processor.py:914} INFO - Processing file /usr/local/lib/python3.10/site-packages/airflow/example_dags/example_outlet_event_extra.py for tasks to queue
[2025-01-13T18:02:58.055-0500] {logging_mixin.py:190} INFO - [2025-01-13T18:02:58.055-0500] {dagbag.py:588} INFO - Filling up the DagBag from /usr/local/lib/python3.10/site-packages/airflow/example_dags/example_outlet_event_extra.py
[2025-01-13T18:02:58.152-0500] {processor.py:925} INFO - DAG(s) 'dataset_with_extra_by_context', 'dataset_with_extra_from_classic_operator', 'dataset_with_extra_by_yield' retrieved from /usr/local/lib/python3.10/site-packages/airflow/example_dags/example_outlet_event_extra.py
[2025-01-13T18:02:58.317-0500] {logging_mixin.py:190} INFO - [2025-01-13T18:02:58.317-0500] {dag.py:3239} INFO - Sync 3 DAGs
[2025-01-13T18:02:58.335-0500] {logging_mixin.py:190} INFO - [2025-01-13T18:02:58.335-0500] {dag.py:4180} INFO - Setting next_dagrun for dataset_with_extra_by_context to 2025-01-12 00:00:00+00:00, run_after=2025-01-13 00:00:00+00:00
[2025-01-13T18:02:58.339-0500] {logging_mixin.py:190} INFO - [2025-01-13T18:02:58.339-0500] {dag.py:4180} INFO - Setting next_dagrun for dataset_with_extra_by_yield to 2025-01-12 00:00:00+00:00, run_after=2025-01-13 00:00:00+00:00
[2025-01-13T18:02:58.341-0500] {logging_mixin.py:190} INFO - [2025-01-13T18:02:58.341-0500] {dag.py:4180} INFO - Setting next_dagrun for dataset_with_extra_from_classic_operator to 2025-01-12 00:00:00+00:00, run_after=2025-01-13 00:00:00+00:00
[2025-01-13T18:02:58.358-0500] {processor.py:208} INFO - Processing /usr/local/lib/python3.10/site-packages/airflow/example_dags/example_outlet_event_extra.py took 0.310 seconds
[2025-01-13T18:05:13.213-0500] {processor.py:186} INFO - Started process (PID=6364) to work on /usr/local/lib/python3.10/site-packages/airflow/example_dags/example_outlet_event_extra.py
[2025-01-13T18:05:13.215-0500] {processor.py:914} INFO - Processing file /usr/local/lib/python3.10/site-packages/airflow/example_dags/example_outlet_event_extra.py for tasks to queue
[2025-01-13T18:05:13.216-0500] {logging_mixin.py:190} INFO - [2025-01-13T18:05:13.216-0500] {dagbag.py:588} INFO - Filling up the DagBag from /usr/local/lib/python3.10/site-packages/airflow/example_dags/example_outlet_event_extra.py
[2025-01-13T18:05:13.308-0500] {processor.py:925} INFO - DAG(s) 'dataset_with_extra_from_classic_operator', 'dataset_with_extra_by_context', 'dataset_with_extra_by_yield' retrieved from /usr/local/lib/python3.10/site-packages/airflow/example_dags/example_outlet_event_extra.py
[2025-01-13T18:05:13.467-0500] {logging_mixin.py:190} INFO - [2025-01-13T18:05:13.467-0500] {dag.py:3239} INFO - Sync 3 DAGs
[2025-01-13T18:05:13.485-0500] {logging_mixin.py:190} INFO - [2025-01-13T18:05:13.485-0500] {dag.py:4180} INFO - Setting next_dagrun for dataset_with_extra_by_context to 2025-01-12 00:00:00+00:00, run_after=2025-01-13 00:00:00+00:00
[2025-01-13T18:05:13.489-0500] {logging_mixin.py:190} INFO - [2025-01-13T18:05:13.489-0500] {dag.py:4180} INFO - Setting next_dagrun for dataset_with_extra_by_yield to 2025-01-12 00:00:00+00:00, run_after=2025-01-13 00:00:00+00:00
[2025-01-13T18:05:13.491-0500] {logging_mixin.py:190} INFO - [2025-01-13T18:05:13.491-0500] {dag.py:4180} INFO - Setting next_dagrun for dataset_with_extra_from_classic_operator to 2025-01-12 00:00:00+00:00, run_after=2025-01-13 00:00:00+00:00
[2025-01-13T18:05:13.507-0500] {processor.py:208} INFO - Processing /usr/local/lib/python3.10/site-packages/airflow/example_dags/example_outlet_event_extra.py took 0.298 seconds
[2025-01-13T18:09:42.129-0500] {processor.py:186} INFO - Started process (PID=9406) to work on /usr/local/lib/python3.10/site-packages/airflow/example_dags/example_outlet_event_extra.py
[2025-01-13T18:09:42.130-0500] {processor.py:914} INFO - Processing file /usr/local/lib/python3.10/site-packages/airflow/example_dags/example_outlet_event_extra.py for tasks to queue
[2025-01-13T18:09:42.131-0500] {logging_mixin.py:190} INFO - [2025-01-13T18:09:42.131-0500] {dagbag.py:588} INFO - Filling up the DagBag from /usr/local/lib/python3.10/site-packages/airflow/example_dags/example_outlet_event_extra.py
[2025-01-13T18:09:42.208-0500] {processor.py:925} INFO - DAG(s) 'dataset_with_extra_from_classic_operator', 'dataset_with_extra_by_context', 'dataset_with_extra_by_yield' retrieved from /usr/local/lib/python3.10/site-packages/airflow/example_dags/example_outlet_event_extra.py
[2025-01-13T18:09:42.358-0500] {logging_mixin.py:190} INFO - [2025-01-13T18:09:42.358-0500] {dag.py:3239} INFO - Sync 3 DAGs
[2025-01-13T18:09:42.376-0500] {logging_mixin.py:190} INFO - [2025-01-13T18:09:42.376-0500] {dag.py:4180} INFO - Setting next_dagrun for dataset_with_extra_by_context to 2025-01-12 00:00:00+00:00, run_after=2025-01-13 00:00:00+00:00
[2025-01-13T18:09:42.380-0500] {logging_mixin.py:190} INFO - [2025-01-13T18:09:42.380-0500] {dag.py:4180} INFO - Setting next_dagrun for dataset_with_extra_by_yield to 2025-01-12 00:00:00+00:00, run_after=2025-01-13 00:00:00+00:00
[2025-01-13T18:09:42.382-0500] {logging_mixin.py:190} INFO - [2025-01-13T18:09:42.382-0500] {dag.py:4180} INFO - Setting next_dagrun for dataset_with_extra_from_classic_operator to 2025-01-12 00:00:00+00:00, run_after=2025-01-13 00:00:00+00:00
[2025-01-13T18:09:42.400-0500] {processor.py:208} INFO - Processing /usr/local/lib/python3.10/site-packages/airflow/example_dags/example_outlet_event_extra.py took 0.276 seconds
[2025-01-13T18:11:56.893-0500] {processor.py:186} INFO - Started process (PID=10975) to work on /usr/local/lib/python3.10/site-packages/airflow/example_dags/example_outlet_event_extra.py
[2025-01-13T18:11:56.895-0500] {processor.py:914} INFO - Processing file /usr/local/lib/python3.10/site-packages/airflow/example_dags/example_outlet_event_extra.py for tasks to queue
[2025-01-13T18:11:56.897-0500] {logging_mixin.py:190} INFO - [2025-01-13T18:11:56.897-0500] {dagbag.py:588} INFO - Filling up the DagBag from /usr/local/lib/python3.10/site-packages/airflow/example_dags/example_outlet_event_extra.py
[2025-01-13T18:11:56.996-0500] {processor.py:925} INFO - DAG(s) 'dataset_with_extra_by_yield', 'dataset_with_extra_by_context', 'dataset_with_extra_from_classic_operator' retrieved from /usr/local/lib/python3.10/site-packages/airflow/example_dags/example_outlet_event_extra.py
[2025-01-13T18:11:57.162-0500] {logging_mixin.py:190} INFO - [2025-01-13T18:11:57.162-0500] {dag.py:3239} INFO - Sync 3 DAGs
[2025-01-13T18:11:57.181-0500] {logging_mixin.py:190} INFO - [2025-01-13T18:11:57.181-0500] {dag.py:4180} INFO - Setting next_dagrun for dataset_with_extra_by_context to 2025-01-12 00:00:00+00:00, run_after=2025-01-13 00:00:00+00:00
[2025-01-13T18:11:57.185-0500] {logging_mixin.py:190} INFO - [2025-01-13T18:11:57.185-0500] {dag.py:4180} INFO - Setting next_dagrun for dataset_with_extra_by_yield to 2025-01-12 00:00:00+00:00, run_after=2025-01-13 00:00:00+00:00
[2025-01-13T18:11:57.187-0500] {logging_mixin.py:190} INFO - [2025-01-13T18:11:57.187-0500] {dag.py:4180} INFO - Setting next_dagrun for dataset_with_extra_from_classic_operator to 2025-01-12 00:00:00+00:00, run_after=2025-01-13 00:00:00+00:00
[2025-01-13T18:11:57.205-0500] {processor.py:208} INFO - Processing /usr/local/lib/python3.10/site-packages/airflow/example_dags/example_outlet_event_extra.py took 0.317 seconds
[2025-01-13T18:14:24.270-0500] {processor.py:186} INFO - Started process (PID=12749) to work on /usr/local/lib/python3.10/site-packages/airflow/example_dags/example_outlet_event_extra.py
[2025-01-13T18:14:24.272-0500] {processor.py:914} INFO - Processing file /usr/local/lib/python3.10/site-packages/airflow/example_dags/example_outlet_event_extra.py for tasks to queue
[2025-01-13T18:14:24.274-0500] {logging_mixin.py:190} INFO - [2025-01-13T18:14:24.273-0500] {dagbag.py:588} INFO - Filling up the DagBag from /usr/local/lib/python3.10/site-packages/airflow/example_dags/example_outlet_event_extra.py
[2025-01-13T18:14:24.371-0500] {processor.py:925} INFO - DAG(s) 'dataset_with_extra_by_context', 'dataset_with_extra_from_classic_operator', 'dataset_with_extra_by_yield' retrieved from /usr/local/lib/python3.10/site-packages/airflow/example_dags/example_outlet_event_extra.py
[2025-01-13T18:14:24.538-0500] {logging_mixin.py:190} INFO - [2025-01-13T18:14:24.537-0500] {dag.py:3239} INFO - Sync 3 DAGs
[2025-01-13T18:14:24.557-0500] {logging_mixin.py:190} INFO - [2025-01-13T18:14:24.557-0500] {dag.py:4180} INFO - Setting next_dagrun for dataset_with_extra_by_context to 2025-01-12 00:00:00+00:00, run_after=2025-01-13 00:00:00+00:00
[2025-01-13T18:14:24.562-0500] {logging_mixin.py:190} INFO - [2025-01-13T18:14:24.561-0500] {dag.py:4180} INFO - Setting next_dagrun for dataset_with_extra_by_yield to 2025-01-12 00:00:00+00:00, run_after=2025-01-13 00:00:00+00:00
[2025-01-13T18:14:24.564-0500] {logging_mixin.py:190} INFO - [2025-01-13T18:14:24.564-0500] {dag.py:4180} INFO - Setting next_dagrun for dataset_with_extra_from_classic_operator to 2025-01-12 00:00:00+00:00, run_after=2025-01-13 00:00:00+00:00
[2025-01-13T18:14:24.583-0500] {processor.py:208} INFO - Processing /usr/local/lib/python3.10/site-packages/airflow/example_dags/example_outlet_event_extra.py took 0.317 seconds
[2025-01-13T18:16:48.782-0500] {processor.py:186} INFO - Started process (PID=14431) to work on /usr/local/lib/python3.10/site-packages/airflow/example_dags/example_outlet_event_extra.py
[2025-01-13T18:16:48.784-0500] {processor.py:914} INFO - Processing file /usr/local/lib/python3.10/site-packages/airflow/example_dags/example_outlet_event_extra.py for tasks to queue
[2025-01-13T18:16:48.785-0500] {logging_mixin.py:190} INFO - [2025-01-13T18:16:48.785-0500] {dagbag.py:588} INFO - Filling up the DagBag from /usr/local/lib/python3.10/site-packages/airflow/example_dags/example_outlet_event_extra.py
[2025-01-13T18:16:48.891-0500] {processor.py:925} INFO - DAG(s) 'dataset_with_extra_by_yield', 'dataset_with_extra_from_classic_operator', 'dataset_with_extra_by_context' retrieved from /usr/local/lib/python3.10/site-packages/airflow/example_dags/example_outlet_event_extra.py
[2025-01-13T18:16:49.050-0500] {logging_mixin.py:190} INFO - [2025-01-13T18:16:49.050-0500] {dag.py:3239} INFO - Sync 3 DAGs
[2025-01-13T18:16:49.068-0500] {logging_mixin.py:190} INFO - [2025-01-13T18:16:49.068-0500] {dag.py:4180} INFO - Setting next_dagrun for dataset_with_extra_by_context to 2025-01-12 00:00:00+00:00, run_after=2025-01-13 00:00:00+00:00
[2025-01-13T18:16:49.072-0500] {logging_mixin.py:190} INFO - [2025-01-13T18:16:49.072-0500] {dag.py:4180} INFO - Setting next_dagrun for dataset_with_extra_by_yield to 2025-01-12 00:00:00+00:00, run_after=2025-01-13 00:00:00+00:00
[2025-01-13T18:16:49.074-0500] {logging_mixin.py:190} INFO - [2025-01-13T18:16:49.074-0500] {dag.py:4180} INFO - Setting next_dagrun for dataset_with_extra_from_classic_operator to 2025-01-12 00:00:00+00:00, run_after=2025-01-13 00:00:00+00:00
[2025-01-13T18:16:49.091-0500] {processor.py:208} INFO - Processing /usr/local/lib/python3.10/site-packages/airflow/example_dags/example_outlet_event_extra.py took 0.313 seconds
[2025-01-13T18:19:24.731-0500] {processor.py:186} INFO - Started process (PID=16267) to work on /usr/local/lib/python3.10/site-packages/airflow/example_dags/example_outlet_event_extra.py
[2025-01-13T18:19:24.732-0500] {processor.py:914} INFO - Processing file /usr/local/lib/python3.10/site-packages/airflow/example_dags/example_outlet_event_extra.py for tasks to queue
[2025-01-13T18:19:24.733-0500] {logging_mixin.py:190} INFO - [2025-01-13T18:19:24.733-0500] {dagbag.py:588} INFO - Filling up the DagBag from /usr/local/lib/python3.10/site-packages/airflow/example_dags/example_outlet_event_extra.py
[2025-01-13T18:19:24.832-0500] {processor.py:925} INFO - DAG(s) 'dataset_with_extra_from_classic_operator', 'dataset_with_extra_by_yield', 'dataset_with_extra_by_context' retrieved from /usr/local/lib/python3.10/site-packages/airflow/example_dags/example_outlet_event_extra.py
[2025-01-13T18:19:25.008-0500] {logging_mixin.py:190} INFO - [2025-01-13T18:19:25.007-0500] {dag.py:3239} INFO - Sync 3 DAGs
[2025-01-13T18:19:25.029-0500] {logging_mixin.py:190} INFO - [2025-01-13T18:19:25.029-0500] {dag.py:4180} INFO - Setting next_dagrun for dataset_with_extra_by_context to 2025-01-12 00:00:00+00:00, run_after=2025-01-13 00:00:00+00:00
[2025-01-13T18:19:25.034-0500] {logging_mixin.py:190} INFO - [2025-01-13T18:19:25.034-0500] {dag.py:4180} INFO - Setting next_dagrun for dataset_with_extra_by_yield to 2025-01-12 00:00:00+00:00, run_after=2025-01-13 00:00:00+00:00
[2025-01-13T18:19:25.037-0500] {logging_mixin.py:190} INFO - [2025-01-13T18:19:25.037-0500] {dag.py:4180} INFO - Setting next_dagrun for dataset_with_extra_from_classic_operator to 2025-01-12 00:00:00+00:00, run_after=2025-01-13 00:00:00+00:00
[2025-01-13T18:19:25.058-0500] {processor.py:208} INFO - Processing /usr/local/lib/python3.10/site-packages/airflow/example_dags/example_outlet_event_extra.py took 0.332 seconds
[2025-01-13T18:21:41.217-0500] {processor.py:186} INFO - Started process (PID=17811) to work on /usr/local/lib/python3.10/site-packages/airflow/example_dags/example_outlet_event_extra.py
[2025-01-13T18:21:41.218-0500] {processor.py:914} INFO - Processing file /usr/local/lib/python3.10/site-packages/airflow/example_dags/example_outlet_event_extra.py for tasks to queue
[2025-01-13T18:21:41.220-0500] {logging_mixin.py:190} INFO - [2025-01-13T18:21:41.219-0500] {dagbag.py:588} INFO - Filling up the DagBag from /usr/local/lib/python3.10/site-packages/airflow/example_dags/example_outlet_event_extra.py
[2025-01-13T18:21:41.310-0500] {processor.py:925} INFO - DAG(s) 'dataset_with_extra_by_yield', 'dataset_with_extra_by_context', 'dataset_with_extra_from_classic_operator' retrieved from /usr/local/lib/python3.10/site-packages/airflow/example_dags/example_outlet_event_extra.py
[2025-01-13T18:21:41.466-0500] {logging_mixin.py:190} INFO - [2025-01-13T18:21:41.466-0500] {dag.py:3239} INFO - Sync 3 DAGs
[2025-01-13T18:21:41.483-0500] {logging_mixin.py:190} INFO - [2025-01-13T18:21:41.483-0500] {dag.py:4180} INFO - Setting next_dagrun for dataset_with_extra_by_context to 2025-01-12 00:00:00+00:00, run_after=2025-01-13 00:00:00+00:00
[2025-01-13T18:21:41.486-0500] {logging_mixin.py:190} INFO - [2025-01-13T18:21:41.486-0500] {dag.py:4180} INFO - Setting next_dagrun for dataset_with_extra_by_yield to 2025-01-12 00:00:00+00:00, run_after=2025-01-13 00:00:00+00:00
[2025-01-13T18:21:41.488-0500] {logging_mixin.py:190} INFO - [2025-01-13T18:21:41.488-0500] {dag.py:4180} INFO - Setting next_dagrun for dataset_with_extra_from_classic_operator to 2025-01-12 00:00:00+00:00, run_after=2025-01-13 00:00:00+00:00
[2025-01-13T18:21:41.503-0500] {processor.py:208} INFO - Processing /usr/local/lib/python3.10/site-packages/airflow/example_dags/example_outlet_event_extra.py took 0.290 seconds
[2025-01-13T18:24:03.299-0500] {processor.py:186} INFO - Started process (PID=19443) to work on /usr/local/lib/python3.10/site-packages/airflow/example_dags/example_outlet_event_extra.py
[2025-01-13T18:24:03.301-0500] {processor.py:914} INFO - Processing file /usr/local/lib/python3.10/site-packages/airflow/example_dags/example_outlet_event_extra.py for tasks to queue
[2025-01-13T18:24:03.302-0500] {logging_mixin.py:190} INFO - [2025-01-13T18:24:03.302-0500] {dagbag.py:588} INFO - Filling up the DagBag from /usr/local/lib/python3.10/site-packages/airflow/example_dags/example_outlet_event_extra.py
[2025-01-13T18:24:03.395-0500] {processor.py:925} INFO - DAG(s) 'dataset_with_extra_by_context', 'dataset_with_extra_by_yield', 'dataset_with_extra_from_classic_operator' retrieved from /usr/local/lib/python3.10/site-packages/airflow/example_dags/example_outlet_event_extra.py
[2025-01-13T18:24:03.569-0500] {logging_mixin.py:190} INFO - [2025-01-13T18:24:03.569-0500] {dag.py:3239} INFO - Sync 3 DAGs
[2025-01-13T18:24:03.591-0500] {logging_mixin.py:190} INFO - [2025-01-13T18:24:03.591-0500] {dag.py:4180} INFO - Setting next_dagrun for dataset_with_extra_by_context to 2025-01-12 00:00:00+00:00, run_after=2025-01-13 00:00:00+00:00
[2025-01-13T18:24:03.596-0500] {logging_mixin.py:190} INFO - [2025-01-13T18:24:03.596-0500] {dag.py:4180} INFO - Setting next_dagrun for dataset_with_extra_by_yield to 2025-01-12 00:00:00+00:00, run_after=2025-01-13 00:00:00+00:00
[2025-01-13T18:24:03.599-0500] {logging_mixin.py:190} INFO - [2025-01-13T18:24:03.598-0500] {dag.py:4180} INFO - Setting next_dagrun for dataset_with_extra_from_classic_operator to 2025-01-12 00:00:00+00:00, run_after=2025-01-13 00:00:00+00:00
[2025-01-13T18:24:03.620-0500] {processor.py:208} INFO - Processing /usr/local/lib/python3.10/site-packages/airflow/example_dags/example_outlet_event_extra.py took 0.325 seconds
[2025-01-13T18:26:19.474-0500] {processor.py:186} INFO - Started process (PID=20969) to work on /usr/local/lib/python3.10/site-packages/airflow/example_dags/example_outlet_event_extra.py
[2025-01-13T18:26:19.476-0500] {processor.py:914} INFO - Processing file /usr/local/lib/python3.10/site-packages/airflow/example_dags/example_outlet_event_extra.py for tasks to queue
[2025-01-13T18:26:19.477-0500] {logging_mixin.py:190} INFO - [2025-01-13T18:26:19.477-0500] {dagbag.py:588} INFO - Filling up the DagBag from /usr/local/lib/python3.10/site-packages/airflow/example_dags/example_outlet_event_extra.py
[2025-01-13T18:26:19.563-0500] {processor.py:925} INFO - DAG(s) 'dataset_with_extra_by_yield', 'dataset_with_extra_by_context', 'dataset_with_extra_from_classic_operator' retrieved from /usr/local/lib/python3.10/site-packages/airflow/example_dags/example_outlet_event_extra.py
[2025-01-13T18:26:19.718-0500] {logging_mixin.py:190} INFO - [2025-01-13T18:26:19.718-0500] {dag.py:3239} INFO - Sync 3 DAGs
[2025-01-13T18:26:19.736-0500] {logging_mixin.py:190} INFO - [2025-01-13T18:26:19.736-0500] {dag.py:4180} INFO - Setting next_dagrun for dataset_with_extra_by_context to 2025-01-12 00:00:00+00:00, run_after=2025-01-13 00:00:00+00:00
[2025-01-13T18:26:19.740-0500] {logging_mixin.py:190} INFO - [2025-01-13T18:26:19.740-0500] {dag.py:4180} INFO - Setting next_dagrun for dataset_with_extra_by_yield to 2025-01-12 00:00:00+00:00, run_after=2025-01-13 00:00:00+00:00
[2025-01-13T18:26:19.742-0500] {logging_mixin.py:190} INFO - [2025-01-13T18:26:19.742-0500] {dag.py:4180} INFO - Setting next_dagrun for dataset_with_extra_from_classic_operator to 2025-01-12 00:00:00+00:00, run_after=2025-01-13 00:00:00+00:00
[2025-01-13T18:26:19.758-0500] {processor.py:208} INFO - Processing /usr/local/lib/python3.10/site-packages/airflow/example_dags/example_outlet_event_extra.py took 0.288 seconds
[2025-01-13T18:28:24.504-0500] {processor.py:186} INFO - Started process (PID=22484) to work on /usr/local/lib/python3.10/site-packages/airflow/example_dags/example_outlet_event_extra.py
[2025-01-13T18:28:24.505-0500] {processor.py:914} INFO - Processing file /usr/local/lib/python3.10/site-packages/airflow/example_dags/example_outlet_event_extra.py for tasks to queue
[2025-01-13T18:28:24.506-0500] {logging_mixin.py:190} INFO - [2025-01-13T18:28:24.506-0500] {dagbag.py:588} INFO - Filling up the DagBag from /usr/local/lib/python3.10/site-packages/airflow/example_dags/example_outlet_event_extra.py
[2025-01-13T18:28:24.572-0500] {processor.py:925} INFO - DAG(s) 'dataset_with_extra_by_context', 'dataset_with_extra_from_classic_operator', 'dataset_with_extra_by_yield' retrieved from /usr/local/lib/python3.10/site-packages/airflow/example_dags/example_outlet_event_extra.py
[2025-01-13T18:28:24.727-0500] {logging_mixin.py:190} INFO - [2025-01-13T18:28:24.727-0500] {dag.py:3239} INFO - Sync 3 DAGs
[2025-01-13T18:28:24.746-0500] {logging_mixin.py:190} INFO - [2025-01-13T18:28:24.746-0500] {dag.py:4180} INFO - Setting next_dagrun for dataset_with_extra_by_context to 2025-01-12 00:00:00+00:00, run_after=2025-01-13 00:00:00+00:00
[2025-01-13T18:28:24.750-0500] {logging_mixin.py:190} INFO - [2025-01-13T18:28:24.750-0500] {dag.py:4180} INFO - Setting next_dagrun for dataset_with_extra_by_yield to 2025-01-12 00:00:00+00:00, run_after=2025-01-13 00:00:00+00:00
[2025-01-13T18:28:24.752-0500] {logging_mixin.py:190} INFO - [2025-01-13T18:28:24.752-0500] {dag.py:4180} INFO - Setting next_dagrun for dataset_with_extra_from_classic_operator to 2025-01-12 00:00:00+00:00, run_after=2025-01-13 00:00:00+00:00
[2025-01-13T18:28:24.769-0500] {processor.py:208} INFO - Processing /usr/local/lib/python3.10/site-packages/airflow/example_dags/example_outlet_event_extra.py took 0.268 seconds
[2025-01-13T18:39:39.052-0500] {processor.py:186} INFO - Started process (PID=30186) to work on /usr/local/lib/python3.10/site-packages/airflow/example_dags/example_outlet_event_extra.py
[2025-01-13T18:39:39.054-0500] {processor.py:914} INFO - Processing file /usr/local/lib/python3.10/site-packages/airflow/example_dags/example_outlet_event_extra.py for tasks to queue
[2025-01-13T18:39:39.055-0500] {logging_mixin.py:190} INFO - [2025-01-13T18:39:39.055-0500] {dagbag.py:588} INFO - Filling up the DagBag from /usr/local/lib/python3.10/site-packages/airflow/example_dags/example_outlet_event_extra.py
[2025-01-13T18:39:39.153-0500] {processor.py:925} INFO - DAG(s) 'dataset_with_extra_by_context', 'dataset_with_extra_from_classic_operator', 'dataset_with_extra_by_yield' retrieved from /usr/local/lib/python3.10/site-packages/airflow/example_dags/example_outlet_event_extra.py
[2025-01-13T18:39:39.316-0500] {logging_mixin.py:190} INFO - [2025-01-13T18:39:39.315-0500] {dag.py:3239} INFO - Sync 3 DAGs
[2025-01-13T18:39:39.336-0500] {logging_mixin.py:190} INFO - [2025-01-13T18:39:39.336-0500] {dag.py:4180} INFO - Setting next_dagrun for dataset_with_extra_by_context to 2025-01-12 00:00:00+00:00, run_after=2025-01-13 00:00:00+00:00
[2025-01-13T18:39:39.341-0500] {logging_mixin.py:190} INFO - [2025-01-13T18:39:39.341-0500] {dag.py:4180} INFO - Setting next_dagrun for dataset_with_extra_by_yield to 2025-01-12 00:00:00+00:00, run_after=2025-01-13 00:00:00+00:00
[2025-01-13T18:39:39.343-0500] {logging_mixin.py:190} INFO - [2025-01-13T18:39:39.343-0500] {dag.py:4180} INFO - Setting next_dagrun for dataset_with_extra_from_classic_operator to 2025-01-12 00:00:00+00:00, run_after=2025-01-13 00:00:00+00:00
[2025-01-13T18:39:39.364-0500] {processor.py:208} INFO - Processing /usr/local/lib/python3.10/site-packages/airflow/example_dags/example_outlet_event_extra.py took 0.317 seconds
[2025-01-13T18:42:31.049-0500] {processor.py:186} INFO - Started process (PID=32171) to work on /usr/local/lib/python3.10/site-packages/airflow/example_dags/example_outlet_event_extra.py
[2025-01-13T18:42:31.051-0500] {processor.py:914} INFO - Processing file /usr/local/lib/python3.10/site-packages/airflow/example_dags/example_outlet_event_extra.py for tasks to queue
[2025-01-13T18:42:31.052-0500] {logging_mixin.py:190} INFO - [2025-01-13T18:42:31.052-0500] {dagbag.py:588} INFO - Filling up the DagBag from /usr/local/lib/python3.10/site-packages/airflow/example_dags/example_outlet_event_extra.py
[2025-01-13T18:42:31.149-0500] {processor.py:925} INFO - DAG(s) 'dataset_with_extra_by_yield', 'dataset_with_extra_by_context', 'dataset_with_extra_from_classic_operator' retrieved from /usr/local/lib/python3.10/site-packages/airflow/example_dags/example_outlet_event_extra.py
[2025-01-13T18:42:31.318-0500] {logging_mixin.py:190} INFO - [2025-01-13T18:42:31.318-0500] {dag.py:3239} INFO - Sync 3 DAGs
[2025-01-13T18:42:31.336-0500] {logging_mixin.py:190} INFO - [2025-01-13T18:42:31.336-0500] {dag.py:4180} INFO - Setting next_dagrun for dataset_with_extra_by_context to 2025-01-12 00:00:00+00:00, run_after=2025-01-13 00:00:00+00:00
[2025-01-13T18:42:31.340-0500] {logging_mixin.py:190} INFO - [2025-01-13T18:42:31.340-0500] {dag.py:4180} INFO - Setting next_dagrun for dataset_with_extra_by_yield to 2025-01-12 00:00:00+00:00, run_after=2025-01-13 00:00:00+00:00
[2025-01-13T18:42:31.343-0500] {logging_mixin.py:190} INFO - [2025-01-13T18:42:31.342-0500] {dag.py:4180} INFO - Setting next_dagrun for dataset_with_extra_from_classic_operator to 2025-01-12 00:00:00+00:00, run_after=2025-01-13 00:00:00+00:00
[2025-01-13T18:42:31.360-0500] {processor.py:208} INFO - Processing /usr/local/lib/python3.10/site-packages/airflow/example_dags/example_outlet_event_extra.py took 0.316 seconds
[2025-01-13T18:44:50.823-0500] {processor.py:186} INFO - Started process (PID=33706) to work on /usr/local/lib/python3.10/site-packages/airflow/example_dags/example_outlet_event_extra.py
[2025-01-13T18:44:50.825-0500] {processor.py:914} INFO - Processing file /usr/local/lib/python3.10/site-packages/airflow/example_dags/example_outlet_event_extra.py for tasks to queue
[2025-01-13T18:44:50.826-0500] {logging_mixin.py:190} INFO - [2025-01-13T18:44:50.826-0500] {dagbag.py:588} INFO - Filling up the DagBag from /usr/local/lib/python3.10/site-packages/airflow/example_dags/example_outlet_event_extra.py
[2025-01-13T18:44:50.926-0500] {processor.py:925} INFO - DAG(s) 'dataset_with_extra_by_yield', 'dataset_with_extra_from_classic_operator', 'dataset_with_extra_by_context' retrieved from /usr/local/lib/python3.10/site-packages/airflow/example_dags/example_outlet_event_extra.py
[2025-01-13T18:44:51.088-0500] {logging_mixin.py:190} INFO - [2025-01-13T18:44:51.087-0500] {dag.py:3239} INFO - Sync 3 DAGs
[2025-01-13T18:44:51.106-0500] {logging_mixin.py:190} INFO - [2025-01-13T18:44:51.106-0500] {dag.py:4180} INFO - Setting next_dagrun for dataset_with_extra_by_context to 2025-01-12 00:00:00+00:00, run_after=2025-01-13 00:00:00+00:00
[2025-01-13T18:44:51.110-0500] {logging_mixin.py:190} INFO - [2025-01-13T18:44:51.110-0500] {dag.py:4180} INFO - Setting next_dagrun for dataset_with_extra_by_yield to 2025-01-12 00:00:00+00:00, run_after=2025-01-13 00:00:00+00:00
[2025-01-13T18:44:51.112-0500] {logging_mixin.py:190} INFO - [2025-01-13T18:44:51.112-0500] {dag.py:4180} INFO - Setting next_dagrun for dataset_with_extra_from_classic_operator to 2025-01-12 00:00:00+00:00, run_after=2025-01-13 00:00:00+00:00
[2025-01-13T18:44:51.129-0500] {processor.py:208} INFO - Processing /usr/local/lib/python3.10/site-packages/airflow/example_dags/example_outlet_event_extra.py took 0.311 seconds
[2025-01-13T18:47:10.454-0500] {processor.py:186} INFO - Started process (PID=35364) to work on /usr/local/lib/python3.10/site-packages/airflow/example_dags/example_outlet_event_extra.py
[2025-01-13T18:47:10.456-0500] {processor.py:914} INFO - Processing file /usr/local/lib/python3.10/site-packages/airflow/example_dags/example_outlet_event_extra.py for tasks to queue
[2025-01-13T18:47:10.457-0500] {logging_mixin.py:190} INFO - [2025-01-13T18:47:10.457-0500] {dagbag.py:588} INFO - Filling up the DagBag from /usr/local/lib/python3.10/site-packages/airflow/example_dags/example_outlet_event_extra.py
[2025-01-13T18:47:10.563-0500] {processor.py:925} INFO - DAG(s) 'dataset_with_extra_from_classic_operator', 'dataset_with_extra_by_yield', 'dataset_with_extra_by_context' retrieved from /usr/local/lib/python3.10/site-packages/airflow/example_dags/example_outlet_event_extra.py
[2025-01-13T18:47:10.735-0500] {logging_mixin.py:190} INFO - [2025-01-13T18:47:10.735-0500] {dag.py:3239} INFO - Sync 3 DAGs
[2025-01-13T18:47:10.754-0500] {logging_mixin.py:190} INFO - [2025-01-13T18:47:10.754-0500] {dag.py:4180} INFO - Setting next_dagrun for dataset_with_extra_by_context to 2025-01-12 00:00:00+00:00, run_after=2025-01-13 00:00:00+00:00
[2025-01-13T18:47:10.758-0500] {logging_mixin.py:190} INFO - [2025-01-13T18:47:10.758-0500] {dag.py:4180} INFO - Setting next_dagrun for dataset_with_extra_by_yield to 2025-01-12 00:00:00+00:00, run_after=2025-01-13 00:00:00+00:00
[2025-01-13T18:47:10.760-0500] {logging_mixin.py:190} INFO - [2025-01-13T18:47:10.760-0500] {dag.py:4180} INFO - Setting next_dagrun for dataset_with_extra_from_classic_operator to 2025-01-12 00:00:00+00:00, run_after=2025-01-13 00:00:00+00:00
[2025-01-13T18:47:10.778-0500] {processor.py:208} INFO - Processing /usr/local/lib/python3.10/site-packages/airflow/example_dags/example_outlet_event_extra.py took 0.330 seconds
[2025-01-13T18:49:46.376-0500] {processor.py:186} INFO - Started process (PID=37214) to work on /usr/local/lib/python3.10/site-packages/airflow/example_dags/example_outlet_event_extra.py
[2025-01-13T18:49:46.378-0500] {processor.py:914} INFO - Processing file /usr/local/lib/python3.10/site-packages/airflow/example_dags/example_outlet_event_extra.py for tasks to queue
[2025-01-13T18:49:46.379-0500] {logging_mixin.py:190} INFO - [2025-01-13T18:49:46.379-0500] {dagbag.py:588} INFO - Filling up the DagBag from /usr/local/lib/python3.10/site-packages/airflow/example_dags/example_outlet_event_extra.py
[2025-01-13T18:49:46.484-0500] {processor.py:925} INFO - DAG(s) 'dataset_with_extra_by_yield', 'dataset_with_extra_by_context', 'dataset_with_extra_from_classic_operator' retrieved from /usr/local/lib/python3.10/site-packages/airflow/example_dags/example_outlet_event_extra.py
[2025-01-13T18:49:46.668-0500] {logging_mixin.py:190} INFO - [2025-01-13T18:49:46.667-0500] {dag.py:3239} INFO - Sync 3 DAGs
[2025-01-13T18:49:46.688-0500] {logging_mixin.py:190} INFO - [2025-01-13T18:49:46.687-0500] {dag.py:4180} INFO - Setting next_dagrun for dataset_with_extra_by_context to 2025-01-12 00:00:00+00:00, run_after=2025-01-13 00:00:00+00:00
[2025-01-13T18:49:46.692-0500] {logging_mixin.py:190} INFO - [2025-01-13T18:49:46.692-0500] {dag.py:4180} INFO - Setting next_dagrun for dataset_with_extra_by_yield to 2025-01-12 00:00:00+00:00, run_after=2025-01-13 00:00:00+00:00
[2025-01-13T18:49:46.695-0500] {logging_mixin.py:190} INFO - [2025-01-13T18:49:46.694-0500] {dag.py:4180} INFO - Setting next_dagrun for dataset_with_extra_from_classic_operator to 2025-01-12 00:00:00+00:00, run_after=2025-01-13 00:00:00+00:00
[2025-01-13T18:49:46.715-0500] {processor.py:208} INFO - Processing /usr/local/lib/python3.10/site-packages/airflow/example_dags/example_outlet_event_extra.py took 0.344 seconds
[2025-01-13T18:52:11.786-0500] {processor.py:186} INFO - Started process (PID=38855) to work on /usr/local/lib/python3.10/site-packages/airflow/example_dags/example_outlet_event_extra.py
[2025-01-13T18:52:11.788-0500] {processor.py:914} INFO - Processing file /usr/local/lib/python3.10/site-packages/airflow/example_dags/example_outlet_event_extra.py for tasks to queue
[2025-01-13T18:52:11.789-0500] {logging_mixin.py:190} INFO - [2025-01-13T18:52:11.789-0500] {dagbag.py:588} INFO - Filling up the DagBag from /usr/local/lib/python3.10/site-packages/airflow/example_dags/example_outlet_event_extra.py
[2025-01-13T18:52:11.888-0500] {processor.py:925} INFO - DAG(s) 'dataset_with_extra_by_yield', 'dataset_with_extra_by_context', 'dataset_with_extra_from_classic_operator' retrieved from /usr/local/lib/python3.10/site-packages/airflow/example_dags/example_outlet_event_extra.py
[2025-01-13T18:52:12.051-0500] {logging_mixin.py:190} INFO - [2025-01-13T18:52:12.051-0500] {dag.py:3239} INFO - Sync 3 DAGs
[2025-01-13T18:52:12.071-0500] {logging_mixin.py:190} INFO - [2025-01-13T18:52:12.070-0500] {dag.py:4180} INFO - Setting next_dagrun for dataset_with_extra_by_context to 2025-01-12 00:00:00+00:00, run_after=2025-01-13 00:00:00+00:00
[2025-01-13T18:52:12.075-0500] {logging_mixin.py:190} INFO - [2025-01-13T18:52:12.075-0500] {dag.py:4180} INFO - Setting next_dagrun for dataset_with_extra_by_yield to 2025-01-12 00:00:00+00:00, run_after=2025-01-13 00:00:00+00:00
[2025-01-13T18:52:12.078-0500] {logging_mixin.py:190} INFO - [2025-01-13T18:52:12.078-0500] {dag.py:4180} INFO - Setting next_dagrun for dataset_with_extra_from_classic_operator to 2025-01-12 00:00:00+00:00, run_after=2025-01-13 00:00:00+00:00
[2025-01-13T18:52:12.097-0500] {processor.py:208} INFO - Processing /usr/local/lib/python3.10/site-packages/airflow/example_dags/example_outlet_event_extra.py took 0.316 seconds
[2025-01-13T18:54:31.022-0500] {processor.py:186} INFO - Started process (PID=40507) to work on /usr/local/lib/python3.10/site-packages/airflow/example_dags/example_outlet_event_extra.py
[2025-01-13T18:54:31.024-0500] {processor.py:914} INFO - Processing file /usr/local/lib/python3.10/site-packages/airflow/example_dags/example_outlet_event_extra.py for tasks to queue
[2025-01-13T18:54:31.025-0500] {logging_mixin.py:190} INFO - [2025-01-13T18:54:31.025-0500] {dagbag.py:588} INFO - Filling up the DagBag from /usr/local/lib/python3.10/site-packages/airflow/example_dags/example_outlet_event_extra.py
[2025-01-13T18:54:31.117-0500] {processor.py:925} INFO - DAG(s) 'dataset_with_extra_by_yield', 'dataset_with_extra_by_context', 'dataset_with_extra_from_classic_operator' retrieved from /usr/local/lib/python3.10/site-packages/airflow/example_dags/example_outlet_event_extra.py
[2025-01-13T18:54:31.279-0500] {logging_mixin.py:190} INFO - [2025-01-13T18:54:31.279-0500] {dag.py:3239} INFO - Sync 3 DAGs
[2025-01-13T18:54:31.297-0500] {logging_mixin.py:190} INFO - [2025-01-13T18:54:31.297-0500] {dag.py:4180} INFO - Setting next_dagrun for dataset_with_extra_by_context to 2025-01-12 00:00:00+00:00, run_after=2025-01-13 00:00:00+00:00
[2025-01-13T18:54:31.301-0500] {logging_mixin.py:190} INFO - [2025-01-13T18:54:31.301-0500] {dag.py:4180} INFO - Setting next_dagrun for dataset_with_extra_by_yield to 2025-01-12 00:00:00+00:00, run_after=2025-01-13 00:00:00+00:00
[2025-01-13T18:54:31.303-0500] {logging_mixin.py:190} INFO - [2025-01-13T18:54:31.303-0500] {dag.py:4180} INFO - Setting next_dagrun for dataset_with_extra_from_classic_operator to 2025-01-12 00:00:00+00:00, run_after=2025-01-13 00:00:00+00:00
[2025-01-13T18:54:31.320-0500] {processor.py:208} INFO - Processing /usr/local/lib/python3.10/site-packages/airflow/example_dags/example_outlet_event_extra.py took 0.302 seconds
[2025-01-13T18:56:49.186-0500] {processor.py:186} INFO - Started process (PID=42052) to work on /usr/local/lib/python3.10/site-packages/airflow/example_dags/example_outlet_event_extra.py
[2025-01-13T18:56:49.188-0500] {processor.py:914} INFO - Processing file /usr/local/lib/python3.10/site-packages/airflow/example_dags/example_outlet_event_extra.py for tasks to queue
[2025-01-13T18:56:49.189-0500] {logging_mixin.py:190} INFO - [2025-01-13T18:56:49.189-0500] {dagbag.py:588} INFO - Filling up the DagBag from /usr/local/lib/python3.10/site-packages/airflow/example_dags/example_outlet_event_extra.py
[2025-01-13T18:56:49.306-0500] {processor.py:925} INFO - DAG(s) 'dataset_with_extra_by_yield', 'dataset_with_extra_from_classic_operator', 'dataset_with_extra_by_context' retrieved from /usr/local/lib/python3.10/site-packages/airflow/example_dags/example_outlet_event_extra.py
[2025-01-13T18:56:49.481-0500] {logging_mixin.py:190} INFO - [2025-01-13T18:56:49.480-0500] {dag.py:3239} INFO - Sync 3 DAGs
[2025-01-13T18:56:49.498-0500] {logging_mixin.py:190} INFO - [2025-01-13T18:56:49.498-0500] {dag.py:4180} INFO - Setting next_dagrun for dataset_with_extra_by_context to 2025-01-12 00:00:00+00:00, run_after=2025-01-13 00:00:00+00:00
[2025-01-13T18:56:49.502-0500] {logging_mixin.py:190} INFO - [2025-01-13T18:56:49.502-0500] {dag.py:4180} INFO - Setting next_dagrun for dataset_with_extra_by_yield to 2025-01-12 00:00:00+00:00, run_after=2025-01-13 00:00:00+00:00
[2025-01-13T18:56:49.505-0500] {logging_mixin.py:190} INFO - [2025-01-13T18:56:49.504-0500] {dag.py:4180} INFO - Setting next_dagrun for dataset_with_extra_from_classic_operator to 2025-01-12 00:00:00+00:00, run_after=2025-01-13 00:00:00+00:00
[2025-01-13T18:56:49.522-0500] {processor.py:208} INFO - Processing /usr/local/lib/python3.10/site-packages/airflow/example_dags/example_outlet_event_extra.py took 0.341 seconds
[2025-01-13T18:59:07.451-0500] {processor.py:186} INFO - Started process (PID=43764) to work on /usr/local/lib/python3.10/site-packages/airflow/example_dags/example_outlet_event_extra.py
[2025-01-13T18:59:07.453-0500] {processor.py:914} INFO - Processing file /usr/local/lib/python3.10/site-packages/airflow/example_dags/example_outlet_event_extra.py for tasks to queue
[2025-01-13T18:59:07.454-0500] {logging_mixin.py:190} INFO - [2025-01-13T18:59:07.454-0500] {dagbag.py:588} INFO - Filling up the DagBag from /usr/local/lib/python3.10/site-packages/airflow/example_dags/example_outlet_event_extra.py
[2025-01-13T18:59:07.541-0500] {processor.py:925} INFO - DAG(s) 'dataset_with_extra_from_classic_operator', 'dataset_with_extra_by_yield', 'dataset_with_extra_by_context' retrieved from /usr/local/lib/python3.10/site-packages/airflow/example_dags/example_outlet_event_extra.py
[2025-01-13T18:59:07.713-0500] {logging_mixin.py:190} INFO - [2025-01-13T18:59:07.713-0500] {dag.py:3239} INFO - Sync 3 DAGs
[2025-01-13T18:59:07.733-0500] {logging_mixin.py:190} INFO - [2025-01-13T18:59:07.733-0500] {dag.py:4180} INFO - Setting next_dagrun for dataset_with_extra_by_context to 2025-01-12 00:00:00+00:00, run_after=2025-01-13 00:00:00+00:00
[2025-01-13T18:59:07.738-0500] {logging_mixin.py:190} INFO - [2025-01-13T18:59:07.738-0500] {dag.py:4180} INFO - Setting next_dagrun for dataset_with_extra_by_yield to 2025-01-12 00:00:00+00:00, run_after=2025-01-13 00:00:00+00:00
[2025-01-13T18:59:07.741-0500] {logging_mixin.py:190} INFO - [2025-01-13T18:59:07.741-0500] {dag.py:4180} INFO - Setting next_dagrun for dataset_with_extra_from_classic_operator to 2025-01-12 00:00:00+00:00, run_after=2025-01-13 00:00:00+00:00
[2025-01-13T18:59:07.760-0500] {processor.py:208} INFO - Processing /usr/local/lib/python3.10/site-packages/airflow/example_dags/example_outlet_event_extra.py took 0.313 seconds
