[2025-01-13T16:53:57.910-0500] {processor.py:186} INFO - Started process (PID=57447) to work on /usr/local/lib/python3.10/site-packages/airflow/example_dags/example_branch_day_of_week_operator.py
[2025-01-13T16:53:57.911-0500] {processor.py:914} INFO - Processing file /usr/local/lib/python3.10/site-packages/airflow/example_dags/example_branch_day_of_week_operator.py for tasks to queue
[2025-01-13T16:53:57.912-0500] {logging_mixin.py:190} INFO - [2025-01-13T16:53:57.912-0500] {dagbag.py:588} INFO - Filling up the DagBag from /usr/local/lib/python3.10/site-packages/airflow/example_dags/example_branch_day_of_week_operator.py
[2025-01-13T16:53:57.928-0500] {processor.py:925} INFO - DAG(s) 'example_weekday_branch_operator' retrieved from /usr/local/lib/python3.10/site-packages/airflow/example_dags/example_branch_day_of_week_operator.py
[2025-01-13T16:53:58.172-0500] {logging_mixin.py:190} INFO - [2025-01-13T16:53:58.171-0500] {override.py:1912} INFO - Created Permission View: can delete on DAG:example_weekday_branch_operator
[2025-01-13T16:53:58.179-0500] {logging_mixin.py:190} INFO - [2025-01-13T16:53:58.179-0500] {override.py:1912} INFO - Created Permission View: can read on DAG:example_weekday_branch_operator
[2025-01-13T16:53:58.185-0500] {logging_mixin.py:190} INFO - [2025-01-13T16:53:58.184-0500] {override.py:1912} INFO - Created Permission View: can edit on DAG:example_weekday_branch_operator
[2025-01-13T16:53:58.191-0500] {logging_mixin.py:190} INFO - [2025-01-13T16:53:58.191-0500] {override.py:1912} INFO - Created Permission View: can delete on DAG Run:example_weekday_branch_operator
[2025-01-13T16:53:58.197-0500] {logging_mixin.py:190} INFO - [2025-01-13T16:53:58.197-0500] {override.py:1912} INFO - Created Permission View: can read on DAG Run:example_weekday_branch_operator
[2025-01-13T16:53:58.202-0500] {logging_mixin.py:190} INFO - [2025-01-13T16:53:58.202-0500] {override.py:1912} INFO - Created Permission View: menu access on DAG Run:example_weekday_branch_operator
[2025-01-13T16:53:58.207-0500] {logging_mixin.py:190} INFO - [2025-01-13T16:53:58.207-0500] {override.py:1912} INFO - Created Permission View: can create on DAG Run:example_weekday_branch_operator
[2025-01-13T16:53:58.208-0500] {logging_mixin.py:190} INFO - [2025-01-13T16:53:58.207-0500] {dag.py:3239} INFO - Sync 1 DAGs
[2025-01-13T16:53:58.219-0500] {logging_mixin.py:190} INFO - [2025-01-13T16:53:58.219-0500] {dag.py:3262} INFO - Creating ORM DAG for example_weekday_branch_operator
[2025-01-13T16:53:58.227-0500] {logging_mixin.py:190} INFO - [2025-01-13T16:53:58.227-0500] {dag.py:4180} INFO - Setting next_dagrun for example_weekday_branch_operator to 2025-01-12 00:00:00+00:00, run_after=2025-01-13 00:00:00+00:00
[2025-01-13T16:53:58.241-0500] {processor.py:208} INFO - Processing /usr/local/lib/python3.10/site-packages/airflow/example_dags/example_branch_day_of_week_operator.py took 0.335 seconds
[2025-01-13T16:58:46.332-0500] {processor.py:186} INFO - Started process (PID=60771) to work on /usr/local/lib/python3.10/site-packages/airflow/example_dags/example_branch_day_of_week_operator.py
[2025-01-13T16:58:46.334-0500] {processor.py:914} INFO - Processing file /usr/local/lib/python3.10/site-packages/airflow/example_dags/example_branch_day_of_week_operator.py for tasks to queue
[2025-01-13T16:58:46.335-0500] {logging_mixin.py:190} INFO - [2025-01-13T16:58:46.335-0500] {dagbag.py:588} INFO - Filling up the DagBag from /usr/local/lib/python3.10/site-packages/airflow/example_dags/example_branch_day_of_week_operator.py
[2025-01-13T16:58:46.349-0500] {processor.py:925} INFO - DAG(s) 'example_weekday_branch_operator' retrieved from /usr/local/lib/python3.10/site-packages/airflow/example_dags/example_branch_day_of_week_operator.py
[2025-01-13T16:58:46.503-0500] {logging_mixin.py:190} INFO - [2025-01-13T16:58:46.502-0500] {dag.py:3239} INFO - Sync 1 DAGs
[2025-01-13T16:58:46.519-0500] {logging_mixin.py:190} INFO - [2025-01-13T16:58:46.519-0500] {dag.py:4180} INFO - Setting next_dagrun for example_weekday_branch_operator to 2025-01-12 00:00:00+00:00, run_after=2025-01-13 00:00:00+00:00
[2025-01-13T16:58:46.534-0500] {processor.py:208} INFO - Processing /usr/local/lib/python3.10/site-packages/airflow/example_dags/example_branch_day_of_week_operator.py took 0.205 seconds
[2025-01-13T17:03:05.480-0500] {processor.py:186} INFO - Started process (PID=63686) to work on /usr/local/lib/python3.10/site-packages/airflow/example_dags/example_branch_day_of_week_operator.py
[2025-01-13T17:03:05.481-0500] {processor.py:914} INFO - Processing file /usr/local/lib/python3.10/site-packages/airflow/example_dags/example_branch_day_of_week_operator.py for tasks to queue
[2025-01-13T17:03:05.482-0500] {logging_mixin.py:190} INFO - [2025-01-13T17:03:05.482-0500] {dagbag.py:588} INFO - Filling up the DagBag from /usr/local/lib/python3.10/site-packages/airflow/example_dags/example_branch_day_of_week_operator.py
[2025-01-13T17:03:05.495-0500] {processor.py:925} INFO - DAG(s) 'example_weekday_branch_operator' retrieved from /usr/local/lib/python3.10/site-packages/airflow/example_dags/example_branch_day_of_week_operator.py
[2025-01-13T17:03:05.653-0500] {logging_mixin.py:190} INFO - [2025-01-13T17:03:05.653-0500] {dag.py:3239} INFO - Sync 1 DAGs
[2025-01-13T17:03:05.672-0500] {logging_mixin.py:190} INFO - [2025-01-13T17:03:05.672-0500] {dag.py:4180} INFO - Setting next_dagrun for example_weekday_branch_operator to 2025-01-12 00:00:00+00:00, run_after=2025-01-13 00:00:00+00:00
[2025-01-13T17:03:05.688-0500] {processor.py:208} INFO - Processing /usr/local/lib/python3.10/site-packages/airflow/example_dags/example_branch_day_of_week_operator.py took 0.212 seconds
[2025-01-13T17:07:27.966-0500] {processor.py:186} INFO - Started process (PID=66698) to work on /usr/local/lib/python3.10/site-packages/airflow/example_dags/example_branch_day_of_week_operator.py
[2025-01-13T17:07:27.967-0500] {processor.py:914} INFO - Processing file /usr/local/lib/python3.10/site-packages/airflow/example_dags/example_branch_day_of_week_operator.py for tasks to queue
[2025-01-13T17:07:27.968-0500] {logging_mixin.py:190} INFO - [2025-01-13T17:07:27.968-0500] {dagbag.py:588} INFO - Filling up the DagBag from /usr/local/lib/python3.10/site-packages/airflow/example_dags/example_branch_day_of_week_operator.py
[2025-01-13T17:07:27.981-0500] {processor.py:925} INFO - DAG(s) 'example_weekday_branch_operator' retrieved from /usr/local/lib/python3.10/site-packages/airflow/example_dags/example_branch_day_of_week_operator.py
[2025-01-13T17:07:28.138-0500] {logging_mixin.py:190} INFO - [2025-01-13T17:07:28.138-0500] {dag.py:3239} INFO - Sync 1 DAGs
[2025-01-13T17:07:28.155-0500] {logging_mixin.py:190} INFO - [2025-01-13T17:07:28.155-0500] {dag.py:4180} INFO - Setting next_dagrun for example_weekday_branch_operator to 2025-01-12 00:00:00+00:00, run_after=2025-01-13 00:00:00+00:00
[2025-01-13T17:07:28.171-0500] {processor.py:208} INFO - Processing /usr/local/lib/python3.10/site-packages/airflow/example_dags/example_branch_day_of_week_operator.py took 0.209 seconds
[2025-01-13T17:11:56.284-0500] {processor.py:186} INFO - Started process (PID=69748) to work on /usr/local/lib/python3.10/site-packages/airflow/example_dags/example_branch_day_of_week_operator.py
[2025-01-13T17:11:56.286-0500] {processor.py:914} INFO - Processing file /usr/local/lib/python3.10/site-packages/airflow/example_dags/example_branch_day_of_week_operator.py for tasks to queue
[2025-01-13T17:11:56.287-0500] {logging_mixin.py:190} INFO - [2025-01-13T17:11:56.287-0500] {dagbag.py:588} INFO - Filling up the DagBag from /usr/local/lib/python3.10/site-packages/airflow/example_dags/example_branch_day_of_week_operator.py
[2025-01-13T17:11:56.298-0500] {processor.py:925} INFO - DAG(s) 'example_weekday_branch_operator' retrieved from /usr/local/lib/python3.10/site-packages/airflow/example_dags/example_branch_day_of_week_operator.py
[2025-01-13T17:11:56.446-0500] {logging_mixin.py:190} INFO - [2025-01-13T17:11:56.445-0500] {dag.py:3239} INFO - Sync 1 DAGs
[2025-01-13T17:11:56.461-0500] {logging_mixin.py:190} INFO - [2025-01-13T17:11:56.461-0500] {dag.py:4180} INFO - Setting next_dagrun for example_weekday_branch_operator to 2025-01-12 00:00:00+00:00, run_after=2025-01-13 00:00:00+00:00
[2025-01-13T17:11:56.476-0500] {processor.py:208} INFO - Processing /usr/local/lib/python3.10/site-packages/airflow/example_dags/example_branch_day_of_week_operator.py took 0.196 seconds
[2025-01-13T17:18:21.720-0500] {processor.py:186} INFO - Started process (PID=73809) to work on /usr/local/lib/python3.10/site-packages/airflow/example_dags/example_branch_day_of_week_operator.py
[2025-01-13T17:18:21.721-0500] {processor.py:914} INFO - Processing file /usr/local/lib/python3.10/site-packages/airflow/example_dags/example_branch_day_of_week_operator.py for tasks to queue
[2025-01-13T17:18:21.723-0500] {logging_mixin.py:190} INFO - [2025-01-13T17:18:21.722-0500] {dagbag.py:588} INFO - Filling up the DagBag from /usr/local/lib/python3.10/site-packages/airflow/example_dags/example_branch_day_of_week_operator.py
[2025-01-13T17:18:21.737-0500] {processor.py:925} INFO - DAG(s) 'example_weekday_branch_operator' retrieved from /usr/local/lib/python3.10/site-packages/airflow/example_dags/example_branch_day_of_week_operator.py
[2025-01-13T17:18:21.934-0500] {logging_mixin.py:190} INFO - [2025-01-13T17:18:21.933-0500] {dag.py:3239} INFO - Sync 1 DAGs
[2025-01-13T17:18:21.965-0500] {logging_mixin.py:190} INFO - [2025-01-13T17:18:21.965-0500] {dag.py:4180} INFO - Setting next_dagrun for example_weekday_branch_operator to 2025-01-12 00:00:00+00:00, run_after=2025-01-13 00:00:00+00:00
[2025-01-13T17:18:21.995-0500] {processor.py:208} INFO - Processing /usr/local/lib/python3.10/site-packages/airflow/example_dags/example_branch_day_of_week_operator.py took 0.280 seconds
[2025-01-13T17:23:03.746-0500] {processor.py:186} INFO - Started process (PID=76972) to work on /usr/local/lib/python3.10/site-packages/airflow/example_dags/example_branch_day_of_week_operator.py
[2025-01-13T17:23:03.748-0500] {processor.py:914} INFO - Processing file /usr/local/lib/python3.10/site-packages/airflow/example_dags/example_branch_day_of_week_operator.py for tasks to queue
[2025-01-13T17:23:03.749-0500] {logging_mixin.py:190} INFO - [2025-01-13T17:23:03.749-0500] {dagbag.py:588} INFO - Filling up the DagBag from /usr/local/lib/python3.10/site-packages/airflow/example_dags/example_branch_day_of_week_operator.py
[2025-01-13T17:23:03.763-0500] {processor.py:925} INFO - DAG(s) 'example_weekday_branch_operator' retrieved from /usr/local/lib/python3.10/site-packages/airflow/example_dags/example_branch_day_of_week_operator.py
[2025-01-13T17:23:03.934-0500] {logging_mixin.py:190} INFO - [2025-01-13T17:23:03.933-0500] {dag.py:3239} INFO - Sync 1 DAGs
[2025-01-13T17:23:03.953-0500] {logging_mixin.py:190} INFO - [2025-01-13T17:23:03.953-0500] {dag.py:4180} INFO - Setting next_dagrun for example_weekday_branch_operator to 2025-01-12 00:00:00+00:00, run_after=2025-01-13 00:00:00+00:00
[2025-01-13T17:23:03.971-0500] {processor.py:208} INFO - Processing /usr/local/lib/python3.10/site-packages/airflow/example_dags/example_branch_day_of_week_operator.py took 0.229 seconds
[2025-01-13T17:27:17.255-0500] {processor.py:186} INFO - Started process (PID=79845) to work on /usr/local/lib/python3.10/site-packages/airflow/example_dags/example_branch_day_of_week_operator.py
[2025-01-13T17:27:17.257-0500] {processor.py:914} INFO - Processing file /usr/local/lib/python3.10/site-packages/airflow/example_dags/example_branch_day_of_week_operator.py for tasks to queue
[2025-01-13T17:27:17.258-0500] {logging_mixin.py:190} INFO - [2025-01-13T17:27:17.258-0500] {dagbag.py:588} INFO - Filling up the DagBag from /usr/local/lib/python3.10/site-packages/airflow/example_dags/example_branch_day_of_week_operator.py
[2025-01-13T17:27:17.272-0500] {processor.py:925} INFO - DAG(s) 'example_weekday_branch_operator' retrieved from /usr/local/lib/python3.10/site-packages/airflow/example_dags/example_branch_day_of_week_operator.py
[2025-01-13T17:27:17.431-0500] {logging_mixin.py:190} INFO - [2025-01-13T17:27:17.431-0500] {dag.py:3239} INFO - Sync 1 DAGs
[2025-01-13T17:27:17.448-0500] {logging_mixin.py:190} INFO - [2025-01-13T17:27:17.448-0500] {dag.py:4180} INFO - Setting next_dagrun for example_weekday_branch_operator to 2025-01-12 00:00:00+00:00, run_after=2025-01-13 00:00:00+00:00
[2025-01-13T17:27:17.463-0500] {processor.py:208} INFO - Processing /usr/local/lib/python3.10/site-packages/airflow/example_dags/example_branch_day_of_week_operator.py took 0.212 seconds
[2025-01-13T17:31:47.795-0500] {processor.py:186} INFO - Started process (PID=82843) to work on /usr/local/lib/python3.10/site-packages/airflow/example_dags/example_branch_day_of_week_operator.py
[2025-01-13T17:31:47.796-0500] {processor.py:914} INFO - Processing file /usr/local/lib/python3.10/site-packages/airflow/example_dags/example_branch_day_of_week_operator.py for tasks to queue
[2025-01-13T17:31:47.797-0500] {logging_mixin.py:190} INFO - [2025-01-13T17:31:47.797-0500] {dagbag.py:588} INFO - Filling up the DagBag from /usr/local/lib/python3.10/site-packages/airflow/example_dags/example_branch_day_of_week_operator.py
[2025-01-13T17:31:47.810-0500] {processor.py:925} INFO - DAG(s) 'example_weekday_branch_operator' retrieved from /usr/local/lib/python3.10/site-packages/airflow/example_dags/example_branch_day_of_week_operator.py
[2025-01-13T17:31:47.963-0500] {logging_mixin.py:190} INFO - [2025-01-13T17:31:47.962-0500] {dag.py:3239} INFO - Sync 1 DAGs
[2025-01-13T17:31:47.979-0500] {logging_mixin.py:190} INFO - [2025-01-13T17:31:47.979-0500] {dag.py:4180} INFO - Setting next_dagrun for example_weekday_branch_operator to 2025-01-12 00:00:00+00:00, run_after=2025-01-13 00:00:00+00:00
[2025-01-13T17:31:47.994-0500] {processor.py:208} INFO - Processing /usr/local/lib/python3.10/site-packages/airflow/example_dags/example_branch_day_of_week_operator.py took 0.203 seconds
[2025-01-13T17:36:18.191-0500] {processor.py:186} INFO - Started process (PID=86028) to work on /usr/local/lib/python3.10/site-packages/airflow/example_dags/example_branch_day_of_week_operator.py
[2025-01-13T17:36:18.193-0500] {processor.py:914} INFO - Processing file /usr/local/lib/python3.10/site-packages/airflow/example_dags/example_branch_day_of_week_operator.py for tasks to queue
[2025-01-13T17:36:18.195-0500] {logging_mixin.py:190} INFO - [2025-01-13T17:36:18.194-0500] {dagbag.py:588} INFO - Filling up the DagBag from /usr/local/lib/python3.10/site-packages/airflow/example_dags/example_branch_day_of_week_operator.py
[2025-01-13T17:36:18.207-0500] {processor.py:925} INFO - DAG(s) 'example_weekday_branch_operator' retrieved from /usr/local/lib/python3.10/site-packages/airflow/example_dags/example_branch_day_of_week_operator.py
[2025-01-13T17:36:18.374-0500] {logging_mixin.py:190} INFO - [2025-01-13T17:36:18.374-0500] {dag.py:3239} INFO - Sync 1 DAGs
[2025-01-13T17:36:18.392-0500] {logging_mixin.py:190} INFO - [2025-01-13T17:36:18.391-0500] {dag.py:4180} INFO - Setting next_dagrun for example_weekday_branch_operator to 2025-01-12 00:00:00+00:00, run_after=2025-01-13 00:00:00+00:00
[2025-01-13T17:36:18.408-0500] {processor.py:208} INFO - Processing /usr/local/lib/python3.10/site-packages/airflow/example_dags/example_branch_day_of_week_operator.py took 0.221 seconds
[2025-01-13T17:40:51.192-0500] {processor.py:186} INFO - Started process (PID=89042) to work on /usr/local/lib/python3.10/site-packages/airflow/example_dags/example_branch_day_of_week_operator.py
[2025-01-13T17:40:51.193-0500] {processor.py:914} INFO - Processing file /usr/local/lib/python3.10/site-packages/airflow/example_dags/example_branch_day_of_week_operator.py for tasks to queue
[2025-01-13T17:40:51.194-0500] {logging_mixin.py:190} INFO - [2025-01-13T17:40:51.194-0500] {dagbag.py:588} INFO - Filling up the DagBag from /usr/local/lib/python3.10/site-packages/airflow/example_dags/example_branch_day_of_week_operator.py
[2025-01-13T17:40:51.208-0500] {processor.py:925} INFO - DAG(s) 'example_weekday_branch_operator' retrieved from /usr/local/lib/python3.10/site-packages/airflow/example_dags/example_branch_day_of_week_operator.py
[2025-01-13T17:40:51.363-0500] {logging_mixin.py:190} INFO - [2025-01-13T17:40:51.363-0500] {dag.py:3239} INFO - Sync 1 DAGs
[2025-01-13T17:40:51.380-0500] {logging_mixin.py:190} INFO - [2025-01-13T17:40:51.380-0500] {dag.py:4180} INFO - Setting next_dagrun for example_weekday_branch_operator to 2025-01-12 00:00:00+00:00, run_after=2025-01-13 00:00:00+00:00
[2025-01-13T17:40:51.396-0500] {processor.py:208} INFO - Processing /usr/local/lib/python3.10/site-packages/airflow/example_dags/example_branch_day_of_week_operator.py took 0.208 seconds
[2025-01-13T17:45:28.305-0500] {processor.py:186} INFO - Started process (PID=92185) to work on /usr/local/lib/python3.10/site-packages/airflow/example_dags/example_branch_day_of_week_operator.py
[2025-01-13T17:45:28.307-0500] {processor.py:914} INFO - Processing file /usr/local/lib/python3.10/site-packages/airflow/example_dags/example_branch_day_of_week_operator.py for tasks to queue
[2025-01-13T17:45:28.309-0500] {logging_mixin.py:190} INFO - [2025-01-13T17:45:28.308-0500] {dagbag.py:588} INFO - Filling up the DagBag from /usr/local/lib/python3.10/site-packages/airflow/example_dags/example_branch_day_of_week_operator.py
[2025-01-13T17:45:28.321-0500] {processor.py:925} INFO - DAG(s) 'example_weekday_branch_operator' retrieved from /usr/local/lib/python3.10/site-packages/airflow/example_dags/example_branch_day_of_week_operator.py
[2025-01-13T17:45:28.483-0500] {logging_mixin.py:190} INFO - [2025-01-13T17:45:28.483-0500] {dag.py:3239} INFO - Sync 1 DAGs
[2025-01-13T17:45:28.501-0500] {logging_mixin.py:190} INFO - [2025-01-13T17:45:28.500-0500] {dag.py:4180} INFO - Setting next_dagrun for example_weekday_branch_operator to 2025-01-12 00:00:00+00:00, run_after=2025-01-13 00:00:00+00:00
[2025-01-13T17:45:28.517-0500] {processor.py:208} INFO - Processing /usr/local/lib/python3.10/site-packages/airflow/example_dags/example_branch_day_of_week_operator.py took 0.216 seconds
[2025-01-13T17:49:44.312-0500] {processor.py:186} INFO - Started process (PID=95052) to work on /usr/local/lib/python3.10/site-packages/airflow/example_dags/example_branch_day_of_week_operator.py
[2025-01-13T17:49:44.314-0500] {processor.py:914} INFO - Processing file /usr/local/lib/python3.10/site-packages/airflow/example_dags/example_branch_day_of_week_operator.py for tasks to queue
[2025-01-13T17:49:44.316-0500] {logging_mixin.py:190} INFO - [2025-01-13T17:49:44.315-0500] {dagbag.py:588} INFO - Filling up the DagBag from /usr/local/lib/python3.10/site-packages/airflow/example_dags/example_branch_day_of_week_operator.py
[2025-01-13T17:49:44.328-0500] {processor.py:925} INFO - DAG(s) 'example_weekday_branch_operator' retrieved from /usr/local/lib/python3.10/site-packages/airflow/example_dags/example_branch_day_of_week_operator.py
[2025-01-13T17:49:44.484-0500] {logging_mixin.py:190} INFO - [2025-01-13T17:49:44.484-0500] {dag.py:3239} INFO - Sync 1 DAGs
[2025-01-13T17:49:44.503-0500] {logging_mixin.py:190} INFO - [2025-01-13T17:49:44.502-0500] {dag.py:4180} INFO - Setting next_dagrun for example_weekday_branch_operator to 2025-01-12 00:00:00+00:00, run_after=2025-01-13 00:00:00+00:00
[2025-01-13T17:49:44.520-0500] {processor.py:208} INFO - Processing /usr/local/lib/python3.10/site-packages/airflow/example_dags/example_branch_day_of_week_operator.py took 0.211 seconds
[2025-01-13T17:54:08.270-0500] {processor.py:186} INFO - Started process (PID=98031) to work on /usr/local/lib/python3.10/site-packages/airflow/example_dags/example_branch_day_of_week_operator.py
[2025-01-13T17:54:08.271-0500] {processor.py:914} INFO - Processing file /usr/local/lib/python3.10/site-packages/airflow/example_dags/example_branch_day_of_week_operator.py for tasks to queue
[2025-01-13T17:54:08.273-0500] {logging_mixin.py:190} INFO - [2025-01-13T17:54:08.272-0500] {dagbag.py:588} INFO - Filling up the DagBag from /usr/local/lib/python3.10/site-packages/airflow/example_dags/example_branch_day_of_week_operator.py
[2025-01-13T17:54:08.285-0500] {processor.py:925} INFO - DAG(s) 'example_weekday_branch_operator' retrieved from /usr/local/lib/python3.10/site-packages/airflow/example_dags/example_branch_day_of_week_operator.py
[2025-01-13T17:54:08.444-0500] {logging_mixin.py:190} INFO - [2025-01-13T17:54:08.443-0500] {dag.py:3239} INFO - Sync 1 DAGs
[2025-01-13T17:54:08.460-0500] {logging_mixin.py:190} INFO - [2025-01-13T17:54:08.460-0500] {dag.py:4180} INFO - Setting next_dagrun for example_weekday_branch_operator to 2025-01-12 00:00:00+00:00, run_after=2025-01-13 00:00:00+00:00
[2025-01-13T17:54:08.475-0500] {processor.py:208} INFO - Processing /usr/local/lib/python3.10/site-packages/airflow/example_dags/example_branch_day_of_week_operator.py took 0.210 seconds
[2025-01-13T17:58:30.299-0500] {processor.py:186} INFO - Started process (PID=1712) to work on /usr/local/lib/python3.10/site-packages/airflow/example_dags/example_branch_day_of_week_operator.py
[2025-01-13T17:58:30.301-0500] {processor.py:914} INFO - Processing file /usr/local/lib/python3.10/site-packages/airflow/example_dags/example_branch_day_of_week_operator.py for tasks to queue
[2025-01-13T17:58:30.302-0500] {logging_mixin.py:190} INFO - [2025-01-13T17:58:30.302-0500] {dagbag.py:588} INFO - Filling up the DagBag from /usr/local/lib/python3.10/site-packages/airflow/example_dags/example_branch_day_of_week_operator.py
[2025-01-13T17:58:30.315-0500] {processor.py:925} INFO - DAG(s) 'example_weekday_branch_operator' retrieved from /usr/local/lib/python3.10/site-packages/airflow/example_dags/example_branch_day_of_week_operator.py
[2025-01-13T17:58:30.474-0500] {logging_mixin.py:190} INFO - [2025-01-13T17:58:30.474-0500] {dag.py:3239} INFO - Sync 1 DAGs
[2025-01-13T17:58:30.491-0500] {logging_mixin.py:190} INFO - [2025-01-13T17:58:30.491-0500] {dag.py:4180} INFO - Setting next_dagrun for example_weekday_branch_operator to 2025-01-12 00:00:00+00:00, run_after=2025-01-13 00:00:00+00:00
[2025-01-13T17:58:30.507-0500] {processor.py:208} INFO - Processing /usr/local/lib/python3.10/site-packages/airflow/example_dags/example_branch_day_of_week_operator.py took 0.214 seconds
[2025-01-13T18:03:25.286-0500] {processor.py:186} INFO - Started process (PID=5066) to work on /usr/local/lib/python3.10/site-packages/airflow/example_dags/example_branch_day_of_week_operator.py
[2025-01-13T18:03:25.288-0500] {processor.py:914} INFO - Processing file /usr/local/lib/python3.10/site-packages/airflow/example_dags/example_branch_day_of_week_operator.py for tasks to queue
[2025-01-13T18:03:25.289-0500] {logging_mixin.py:190} INFO - [2025-01-13T18:03:25.289-0500] {dagbag.py:588} INFO - Filling up the DagBag from /usr/local/lib/python3.10/site-packages/airflow/example_dags/example_branch_day_of_week_operator.py
[2025-01-13T18:03:25.302-0500] {processor.py:925} INFO - DAG(s) 'example_weekday_branch_operator' retrieved from /usr/local/lib/python3.10/site-packages/airflow/example_dags/example_branch_day_of_week_operator.py
[2025-01-13T18:03:25.461-0500] {logging_mixin.py:190} INFO - [2025-01-13T18:03:25.460-0500] {dag.py:3239} INFO - Sync 1 DAGs
[2025-01-13T18:03:25.477-0500] {logging_mixin.py:190} INFO - [2025-01-13T18:03:25.476-0500] {dag.py:4180} INFO - Setting next_dagrun for example_weekday_branch_operator to 2025-01-12 00:00:00+00:00, run_after=2025-01-13 00:00:00+00:00
[2025-01-13T18:03:25.493-0500] {processor.py:208} INFO - Processing /usr/local/lib/python3.10/site-packages/airflow/example_dags/example_branch_day_of_week_operator.py took 0.211 seconds
[2025-01-13T18:07:53.796-0500] {processor.py:186} INFO - Started process (PID=8232) to work on /usr/local/lib/python3.10/site-packages/airflow/example_dags/example_branch_day_of_week_operator.py
[2025-01-13T18:07:53.798-0500] {processor.py:914} INFO - Processing file /usr/local/lib/python3.10/site-packages/airflow/example_dags/example_branch_day_of_week_operator.py for tasks to queue
[2025-01-13T18:07:53.799-0500] {logging_mixin.py:190} INFO - [2025-01-13T18:07:53.799-0500] {dagbag.py:588} INFO - Filling up the DagBag from /usr/local/lib/python3.10/site-packages/airflow/example_dags/example_branch_day_of_week_operator.py
[2025-01-13T18:07:53.814-0500] {processor.py:925} INFO - DAG(s) 'example_weekday_branch_operator' retrieved from /usr/local/lib/python3.10/site-packages/airflow/example_dags/example_branch_day_of_week_operator.py
[2025-01-13T18:07:53.981-0500] {logging_mixin.py:190} INFO - [2025-01-13T18:07:53.980-0500] {dag.py:3239} INFO - Sync 1 DAGs
[2025-01-13T18:07:53.999-0500] {logging_mixin.py:190} INFO - [2025-01-13T18:07:53.998-0500] {dag.py:4180} INFO - Setting next_dagrun for example_weekday_branch_operator to 2025-01-12 00:00:00+00:00, run_after=2025-01-13 00:00:00+00:00
[2025-01-13T18:07:54.015-0500] {processor.py:208} INFO - Processing /usr/local/lib/python3.10/site-packages/airflow/example_dags/example_branch_day_of_week_operator.py took 0.223 seconds
[2025-01-13T18:12:23.248-0500] {processor.py:186} INFO - Started process (PID=11331) to work on /usr/local/lib/python3.10/site-packages/airflow/example_dags/example_branch_day_of_week_operator.py
[2025-01-13T18:12:23.250-0500] {processor.py:914} INFO - Processing file /usr/local/lib/python3.10/site-packages/airflow/example_dags/example_branch_day_of_week_operator.py for tasks to queue
[2025-01-13T18:12:23.251-0500] {logging_mixin.py:190} INFO - [2025-01-13T18:12:23.251-0500] {dagbag.py:588} INFO - Filling up the DagBag from /usr/local/lib/python3.10/site-packages/airflow/example_dags/example_branch_day_of_week_operator.py
[2025-01-13T18:12:23.264-0500] {processor.py:925} INFO - DAG(s) 'example_weekday_branch_operator' retrieved from /usr/local/lib/python3.10/site-packages/airflow/example_dags/example_branch_day_of_week_operator.py
[2025-01-13T18:12:23.422-0500] {logging_mixin.py:190} INFO - [2025-01-13T18:12:23.422-0500] {dag.py:3239} INFO - Sync 1 DAGs
[2025-01-13T18:12:23.440-0500] {logging_mixin.py:190} INFO - [2025-01-13T18:12:23.439-0500] {dag.py:4180} INFO - Setting next_dagrun for example_weekday_branch_operator to 2025-01-12 00:00:00+00:00, run_after=2025-01-13 00:00:00+00:00
[2025-01-13T18:12:23.456-0500] {processor.py:208} INFO - Processing /usr/local/lib/python3.10/site-packages/airflow/example_dags/example_branch_day_of_week_operator.py took 0.212 seconds
[2025-01-13T18:17:21.978-0500] {processor.py:186} INFO - Started process (PID=14800) to work on /usr/local/lib/python3.10/site-packages/airflow/example_dags/example_branch_day_of_week_operator.py
[2025-01-13T18:17:21.980-0500] {processor.py:914} INFO - Processing file /usr/local/lib/python3.10/site-packages/airflow/example_dags/example_branch_day_of_week_operator.py for tasks to queue
[2025-01-13T18:17:21.981-0500] {logging_mixin.py:190} INFO - [2025-01-13T18:17:21.981-0500] {dagbag.py:588} INFO - Filling up the DagBag from /usr/local/lib/python3.10/site-packages/airflow/example_dags/example_branch_day_of_week_operator.py
[2025-01-13T18:17:21.996-0500] {processor.py:925} INFO - DAG(s) 'example_weekday_branch_operator' retrieved from /usr/local/lib/python3.10/site-packages/airflow/example_dags/example_branch_day_of_week_operator.py
[2025-01-13T18:17:22.169-0500] {logging_mixin.py:190} INFO - [2025-01-13T18:17:22.169-0500] {dag.py:3239} INFO - Sync 1 DAGs
[2025-01-13T18:17:22.189-0500] {logging_mixin.py:190} INFO - [2025-01-13T18:17:22.189-0500] {dag.py:4180} INFO - Setting next_dagrun for example_weekday_branch_operator to 2025-01-12 00:00:00+00:00, run_after=2025-01-13 00:00:00+00:00
[2025-01-13T18:17:22.206-0500] {processor.py:208} INFO - Processing /usr/local/lib/python3.10/site-packages/airflow/example_dags/example_branch_day_of_week_operator.py took 0.232 seconds
[2025-01-13T18:22:07.779-0500] {processor.py:186} INFO - Started process (PID=18163) to work on /usr/local/lib/python3.10/site-packages/airflow/example_dags/example_branch_day_of_week_operator.py
[2025-01-13T18:22:07.781-0500] {processor.py:914} INFO - Processing file /usr/local/lib/python3.10/site-packages/airflow/example_dags/example_branch_day_of_week_operator.py for tasks to queue
[2025-01-13T18:22:07.783-0500] {logging_mixin.py:190} INFO - [2025-01-13T18:22:07.783-0500] {dagbag.py:588} INFO - Filling up the DagBag from /usr/local/lib/python3.10/site-packages/airflow/example_dags/example_branch_day_of_week_operator.py
[2025-01-13T18:22:07.799-0500] {processor.py:925} INFO - DAG(s) 'example_weekday_branch_operator' retrieved from /usr/local/lib/python3.10/site-packages/airflow/example_dags/example_branch_day_of_week_operator.py
[2025-01-13T18:22:07.977-0500] {logging_mixin.py:190} INFO - [2025-01-13T18:22:07.977-0500] {dag.py:3239} INFO - Sync 1 DAGs
[2025-01-13T18:22:07.998-0500] {logging_mixin.py:190} INFO - [2025-01-13T18:22:07.998-0500] {dag.py:4180} INFO - Setting next_dagrun for example_weekday_branch_operator to 2025-01-12 00:00:00+00:00, run_after=2025-01-13 00:00:00+00:00
[2025-01-13T18:22:08.017-0500] {processor.py:208} INFO - Processing /usr/local/lib/python3.10/site-packages/airflow/example_dags/example_branch_day_of_week_operator.py took 0.242 seconds
[2025-01-13T18:26:46.725-0500] {processor.py:186} INFO - Started process (PID=21317) to work on /usr/local/lib/python3.10/site-packages/airflow/example_dags/example_branch_day_of_week_operator.py
[2025-01-13T18:26:46.727-0500] {processor.py:914} INFO - Processing file /usr/local/lib/python3.10/site-packages/airflow/example_dags/example_branch_day_of_week_operator.py for tasks to queue
[2025-01-13T18:26:46.728-0500] {logging_mixin.py:190} INFO - [2025-01-13T18:26:46.728-0500] {dagbag.py:588} INFO - Filling up the DagBag from /usr/local/lib/python3.10/site-packages/airflow/example_dags/example_branch_day_of_week_operator.py
[2025-01-13T18:26:46.740-0500] {processor.py:925} INFO - DAG(s) 'example_weekday_branch_operator' retrieved from /usr/local/lib/python3.10/site-packages/airflow/example_dags/example_branch_day_of_week_operator.py
[2025-01-13T18:26:46.894-0500] {logging_mixin.py:190} INFO - [2025-01-13T18:26:46.894-0500] {dag.py:3239} INFO - Sync 1 DAGs
[2025-01-13T18:26:46.911-0500] {logging_mixin.py:190} INFO - [2025-01-13T18:26:46.911-0500] {dag.py:4180} INFO - Setting next_dagrun for example_weekday_branch_operator to 2025-01-12 00:00:00+00:00, run_after=2025-01-13 00:00:00+00:00
[2025-01-13T18:26:46.926-0500] {processor.py:208} INFO - Processing /usr/local/lib/python3.10/site-packages/airflow/example_dags/example_branch_day_of_week_operator.py took 0.205 seconds
[2025-01-13T18:31:18.799-0500] {processor.py:186} INFO - Started process (PID=24510) to work on /usr/local/lib/python3.10/site-packages/airflow/example_dags/example_branch_day_of_week_operator.py
[2025-01-13T18:31:18.801-0500] {processor.py:914} INFO - Processing file /usr/local/lib/python3.10/site-packages/airflow/example_dags/example_branch_day_of_week_operator.py for tasks to queue
[2025-01-13T18:31:18.802-0500] {logging_mixin.py:190} INFO - [2025-01-13T18:31:18.801-0500] {dagbag.py:588} INFO - Filling up the DagBag from /usr/local/lib/python3.10/site-packages/airflow/example_dags/example_branch_day_of_week_operator.py
[2025-01-13T18:31:18.815-0500] {processor.py:925} INFO - DAG(s) 'example_weekday_branch_operator' retrieved from /usr/local/lib/python3.10/site-packages/airflow/example_dags/example_branch_day_of_week_operator.py
[2025-01-13T18:31:18.976-0500] {logging_mixin.py:190} INFO - [2025-01-13T18:31:18.976-0500] {dag.py:3239} INFO - Sync 1 DAGs
[2025-01-13T18:31:18.994-0500] {logging_mixin.py:190} INFO - [2025-01-13T18:31:18.994-0500] {dag.py:4180} INFO - Setting next_dagrun for example_weekday_branch_operator to 2025-01-12 00:00:00+00:00, run_after=2025-01-13 00:00:00+00:00
[2025-01-13T18:31:19.009-0500] {processor.py:208} INFO - Processing /usr/local/lib/python3.10/site-packages/airflow/example_dags/example_branch_day_of_week_operator.py took 0.214 seconds
[2025-01-13T18:40:37.798-0500] {processor.py:186} INFO - Started process (PID=30879) to work on /usr/local/lib/python3.10/site-packages/airflow/example_dags/example_branch_day_of_week_operator.py
[2025-01-13T18:40:37.799-0500] {processor.py:914} INFO - Processing file /usr/local/lib/python3.10/site-packages/airflow/example_dags/example_branch_day_of_week_operator.py for tasks to queue
[2025-01-13T18:40:37.801-0500] {logging_mixin.py:190} INFO - [2025-01-13T18:40:37.800-0500] {dagbag.py:588} INFO - Filling up the DagBag from /usr/local/lib/python3.10/site-packages/airflow/example_dags/example_branch_day_of_week_operator.py
[2025-01-13T18:40:37.814-0500] {processor.py:925} INFO - DAG(s) 'example_weekday_branch_operator' retrieved from /usr/local/lib/python3.10/site-packages/airflow/example_dags/example_branch_day_of_week_operator.py
[2025-01-13T18:40:37.992-0500] {logging_mixin.py:190} INFO - [2025-01-13T18:40:37.992-0500] {dag.py:3239} INFO - Sync 1 DAGs
[2025-01-13T18:40:38.012-0500] {logging_mixin.py:190} INFO - [2025-01-13T18:40:38.012-0500] {dag.py:4180} INFO - Setting next_dagrun for example_weekday_branch_operator to 2025-01-12 00:00:00+00:00, run_after=2025-01-13 00:00:00+00:00
[2025-01-13T18:40:38.030-0500] {processor.py:208} INFO - Processing /usr/local/lib/python3.10/site-packages/airflow/example_dags/example_branch_day_of_week_operator.py took 0.236 seconds
[2025-01-13T18:45:17.025-0500] {processor.py:186} INFO - Started process (PID=34053) to work on /usr/local/lib/python3.10/site-packages/airflow/example_dags/example_branch_day_of_week_operator.py
[2025-01-13T18:45:17.027-0500] {processor.py:914} INFO - Processing file /usr/local/lib/python3.10/site-packages/airflow/example_dags/example_branch_day_of_week_operator.py for tasks to queue
[2025-01-13T18:45:17.028-0500] {logging_mixin.py:190} INFO - [2025-01-13T18:45:17.028-0500] {dagbag.py:588} INFO - Filling up the DagBag from /usr/local/lib/python3.10/site-packages/airflow/example_dags/example_branch_day_of_week_operator.py
[2025-01-13T18:45:17.041-0500] {processor.py:925} INFO - DAG(s) 'example_weekday_branch_operator' retrieved from /usr/local/lib/python3.10/site-packages/airflow/example_dags/example_branch_day_of_week_operator.py
[2025-01-13T18:45:17.205-0500] {logging_mixin.py:190} INFO - [2025-01-13T18:45:17.205-0500] {dag.py:3239} INFO - Sync 1 DAGs
[2025-01-13T18:45:17.223-0500] {logging_mixin.py:190} INFO - [2025-01-13T18:45:17.223-0500] {dag.py:4180} INFO - Setting next_dagrun for example_weekday_branch_operator to 2025-01-12 00:00:00+00:00, run_after=2025-01-13 00:00:00+00:00
[2025-01-13T18:45:17.240-0500] {processor.py:208} INFO - Processing /usr/local/lib/python3.10/site-packages/airflow/example_dags/example_branch_day_of_week_operator.py took 0.220 seconds
[2025-01-13T18:50:17.926-0500] {processor.py:186} INFO - Started process (PID=37565) to work on /usr/local/lib/python3.10/site-packages/airflow/example_dags/example_branch_day_of_week_operator.py
[2025-01-13T18:50:17.929-0500] {processor.py:914} INFO - Processing file /usr/local/lib/python3.10/site-packages/airflow/example_dags/example_branch_day_of_week_operator.py for tasks to queue
[2025-01-13T18:50:17.931-0500] {logging_mixin.py:190} INFO - [2025-01-13T18:50:17.930-0500] {dagbag.py:588} INFO - Filling up the DagBag from /usr/local/lib/python3.10/site-packages/airflow/example_dags/example_branch_day_of_week_operator.py
[2025-01-13T18:50:17.947-0500] {processor.py:925} INFO - DAG(s) 'example_weekday_branch_operator' retrieved from /usr/local/lib/python3.10/site-packages/airflow/example_dags/example_branch_day_of_week_operator.py
[2025-01-13T18:50:18.149-0500] {logging_mixin.py:190} INFO - [2025-01-13T18:50:18.149-0500] {dag.py:3239} INFO - Sync 1 DAGs
[2025-01-13T18:50:18.168-0500] {logging_mixin.py:190} INFO - [2025-01-13T18:50:18.168-0500] {dag.py:4180} INFO - Setting next_dagrun for example_weekday_branch_operator to 2025-01-12 00:00:00+00:00, run_after=2025-01-13 00:00:00+00:00
[2025-01-13T18:50:18.187-0500] {processor.py:208} INFO - Processing /usr/local/lib/python3.10/site-packages/airflow/example_dags/example_branch_day_of_week_operator.py took 0.265 seconds
[2025-01-13T18:55:00.321-0500] {processor.py:186} INFO - Started process (PID=40854) to work on /usr/local/lib/python3.10/site-packages/airflow/example_dags/example_branch_day_of_week_operator.py
[2025-01-13T18:55:00.323-0500] {processor.py:914} INFO - Processing file /usr/local/lib/python3.10/site-packages/airflow/example_dags/example_branch_day_of_week_operator.py for tasks to queue
[2025-01-13T18:55:00.324-0500] {logging_mixin.py:190} INFO - [2025-01-13T18:55:00.324-0500] {dagbag.py:588} INFO - Filling up the DagBag from /usr/local/lib/python3.10/site-packages/airflow/example_dags/example_branch_day_of_week_operator.py
[2025-01-13T18:55:00.340-0500] {processor.py:925} INFO - DAG(s) 'example_weekday_branch_operator' retrieved from /usr/local/lib/python3.10/site-packages/airflow/example_dags/example_branch_day_of_week_operator.py
[2025-01-13T18:55:00.514-0500] {logging_mixin.py:190} INFO - [2025-01-13T18:55:00.514-0500] {dag.py:3239} INFO - Sync 1 DAGs
[2025-01-13T18:55:00.535-0500] {logging_mixin.py:190} INFO - [2025-01-13T18:55:00.535-0500] {dag.py:4180} INFO - Setting next_dagrun for example_weekday_branch_operator to 2025-01-12 00:00:00+00:00, run_after=2025-01-13 00:00:00+00:00
[2025-01-13T18:55:00.555-0500] {processor.py:208} INFO - Processing /usr/local/lib/python3.10/site-packages/airflow/example_dags/example_branch_day_of_week_operator.py took 0.238 seconds
[2025-01-13T18:59:35.945-0500] {processor.py:186} INFO - Started process (PID=44009) to work on /usr/local/lib/python3.10/site-packages/airflow/example_dags/example_branch_day_of_week_operator.py
[2025-01-13T18:59:35.947-0500] {processor.py:914} INFO - Processing file /usr/local/lib/python3.10/site-packages/airflow/example_dags/example_branch_day_of_week_operator.py for tasks to queue
[2025-01-13T18:59:35.948-0500] {logging_mixin.py:190} INFO - [2025-01-13T18:59:35.948-0500] {dagbag.py:588} INFO - Filling up the DagBag from /usr/local/lib/python3.10/site-packages/airflow/example_dags/example_branch_day_of_week_operator.py
[2025-01-13T18:59:35.961-0500] {processor.py:925} INFO - DAG(s) 'example_weekday_branch_operator' retrieved from /usr/local/lib/python3.10/site-packages/airflow/example_dags/example_branch_day_of_week_operator.py
[2025-01-13T18:59:36.128-0500] {logging_mixin.py:190} INFO - [2025-01-13T18:59:36.127-0500] {dag.py:3239} INFO - Sync 1 DAGs
[2025-01-13T18:59:36.146-0500] {logging_mixin.py:190} INFO - [2025-01-13T18:59:36.146-0500] {dag.py:4180} INFO - Setting next_dagrun for example_weekday_branch_operator to 2025-01-12 00:00:00+00:00, run_after=2025-01-13 00:00:00+00:00
[2025-01-13T18:59:36.163-0500] {processor.py:208} INFO - Processing /usr/local/lib/python3.10/site-packages/airflow/example_dags/example_branch_day_of_week_operator.py took 0.222 seconds
