[2025-01-13T16:51:36.640-0500] {processor.py:186} INFO - Started process (PID=55825) to work on /usr/local/lib/python3.10/site-packages/airflow/example_dags/tutorial_dag.py
[2025-01-13T16:51:36.642-0500] {processor.py:914} INFO - Processing file /usr/local/lib/python3.10/site-packages/airflow/example_dags/tutorial_dag.py for tasks to queue
[2025-01-13T16:51:36.643-0500] {logging_mixin.py:190} INFO - [2025-01-13T16:51:36.642-0500] {dagbag.py:588} INFO - Filling up the DagBag from /usr/local/lib/python3.10/site-packages/airflow/example_dags/tutorial_dag.py
[2025-01-13T16:51:36.667-0500] {processor.py:925} INFO - DAG(s) 'tutorial_dag' retrieved from /usr/local/lib/python3.10/site-packages/airflow/example_dags/tutorial_dag.py
[2025-01-13T16:51:36.901-0500] {logging_mixin.py:190} INFO - [2025-01-13T16:51:36.901-0500] {override.py:1912} INFO - Created Permission View: can edit on DAG:tutorial_dag
[2025-01-13T16:51:36.909-0500] {logging_mixin.py:190} INFO - [2025-01-13T16:51:36.909-0500] {override.py:1912} INFO - Created Permission View: can delete on DAG:tutorial_dag
[2025-01-13T16:51:36.914-0500] {logging_mixin.py:190} INFO - [2025-01-13T16:51:36.914-0500] {override.py:1912} INFO - Created Permission View: can read on DAG:tutorial_dag
[2025-01-13T16:51:36.921-0500] {logging_mixin.py:190} INFO - [2025-01-13T16:51:36.921-0500] {override.py:1912} INFO - Created Permission View: can delete on DAG Run:tutorial_dag
[2025-01-13T16:51:36.927-0500] {logging_mixin.py:190} INFO - [2025-01-13T16:51:36.926-0500] {override.py:1912} INFO - Created Permission View: can create on DAG Run:tutorial_dag
[2025-01-13T16:51:36.933-0500] {logging_mixin.py:190} INFO - [2025-01-13T16:51:36.933-0500] {override.py:1912} INFO - Created Permission View: can read on DAG Run:tutorial_dag
[2025-01-13T16:51:36.939-0500] {logging_mixin.py:190} INFO - [2025-01-13T16:51:36.939-0500] {override.py:1912} INFO - Created Permission View: menu access on DAG Run:tutorial_dag
[2025-01-13T16:51:36.940-0500] {logging_mixin.py:190} INFO - [2025-01-13T16:51:36.939-0500] {dag.py:3239} INFO - Sync 1 DAGs
[2025-01-13T16:51:36.951-0500] {logging_mixin.py:190} INFO - [2025-01-13T16:51:36.950-0500] {dag.py:3262} INFO - Creating ORM DAG for tutorial_dag
[2025-01-13T16:51:36.951-0500] {logging_mixin.py:190} INFO - [2025-01-13T16:51:36.951-0500] {dag.py:4180} INFO - Setting next_dagrun for tutorial_dag to None, run_after=None
[2025-01-13T16:51:36.966-0500] {processor.py:208} INFO - Processing /usr/local/lib/python3.10/site-packages/airflow/example_dags/tutorial_dag.py took 0.329 seconds
[2025-01-13T16:54:37.683-0500] {processor.py:186} INFO - Started process (PID=57904) to work on /usr/local/lib/python3.10/site-packages/airflow/example_dags/tutorial_dag.py
[2025-01-13T16:54:37.684-0500] {processor.py:914} INFO - Processing file /usr/local/lib/python3.10/site-packages/airflow/example_dags/tutorial_dag.py for tasks to queue
[2025-01-13T16:54:37.685-0500] {logging_mixin.py:190} INFO - [2025-01-13T16:54:37.685-0500] {dagbag.py:588} INFO - Filling up the DagBag from /usr/local/lib/python3.10/site-packages/airflow/example_dags/tutorial_dag.py
[2025-01-13T16:54:37.711-0500] {processor.py:925} INFO - DAG(s) 'tutorial_dag' retrieved from /usr/local/lib/python3.10/site-packages/airflow/example_dags/tutorial_dag.py
[2025-01-13T16:54:37.873-0500] {logging_mixin.py:190} INFO - [2025-01-13T16:54:37.873-0500] {dag.py:3239} INFO - Sync 1 DAGs
[2025-01-13T16:54:37.885-0500] {logging_mixin.py:190} INFO - [2025-01-13T16:54:37.884-0500] {dag.py:4180} INFO - Setting next_dagrun for tutorial_dag to None, run_after=None
[2025-01-13T16:54:37.904-0500] {processor.py:208} INFO - Processing /usr/local/lib/python3.10/site-packages/airflow/example_dags/tutorial_dag.py took 0.226 seconds
[2025-01-13T16:56:47.469-0500] {processor.py:186} INFO - Started process (PID=59303) to work on /usr/local/lib/python3.10/site-packages/airflow/example_dags/tutorial_dag.py
[2025-01-13T16:56:47.470-0500] {processor.py:914} INFO - Processing file /usr/local/lib/python3.10/site-packages/airflow/example_dags/tutorial_dag.py for tasks to queue
[2025-01-13T16:56:47.472-0500] {logging_mixin.py:190} INFO - [2025-01-13T16:56:47.471-0500] {dagbag.py:588} INFO - Filling up the DagBag from /usr/local/lib/python3.10/site-packages/airflow/example_dags/tutorial_dag.py
[2025-01-13T16:56:47.495-0500] {processor.py:925} INFO - DAG(s) 'tutorial_dag' retrieved from /usr/local/lib/python3.10/site-packages/airflow/example_dags/tutorial_dag.py
[2025-01-13T16:56:47.647-0500] {logging_mixin.py:190} INFO - [2025-01-13T16:56:47.646-0500] {dag.py:3239} INFO - Sync 1 DAGs
[2025-01-13T16:56:47.656-0500] {logging_mixin.py:190} INFO - [2025-01-13T16:56:47.656-0500] {dag.py:4180} INFO - Setting next_dagrun for tutorial_dag to None, run_after=None
[2025-01-13T16:56:47.671-0500] {processor.py:208} INFO - Processing /usr/local/lib/python3.10/site-packages/airflow/example_dags/tutorial_dag.py took 0.206 seconds
[2025-01-13T16:59:25.361-0500] {processor.py:186} INFO - Started process (PID=61233) to work on /usr/local/lib/python3.10/site-packages/airflow/example_dags/tutorial_dag.py
[2025-01-13T16:59:25.363-0500] {processor.py:914} INFO - Processing file /usr/local/lib/python3.10/site-packages/airflow/example_dags/tutorial_dag.py for tasks to queue
[2025-01-13T16:59:25.364-0500] {logging_mixin.py:190} INFO - [2025-01-13T16:59:25.364-0500] {dagbag.py:588} INFO - Filling up the DagBag from /usr/local/lib/python3.10/site-packages/airflow/example_dags/tutorial_dag.py
[2025-01-13T16:59:25.388-0500] {processor.py:925} INFO - DAG(s) 'tutorial_dag' retrieved from /usr/local/lib/python3.10/site-packages/airflow/example_dags/tutorial_dag.py
[2025-01-13T16:59:25.542-0500] {logging_mixin.py:190} INFO - [2025-01-13T16:59:25.542-0500] {dag.py:3239} INFO - Sync 1 DAGs
[2025-01-13T16:59:25.552-0500] {logging_mixin.py:190} INFO - [2025-01-13T16:59:25.552-0500] {dag.py:4180} INFO - Setting next_dagrun for tutorial_dag to None, run_after=None
[2025-01-13T16:59:25.568-0500] {processor.py:208} INFO - Processing /usr/local/lib/python3.10/site-packages/airflow/example_dags/tutorial_dag.py took 0.212 seconds
[2025-01-13T17:01:35.261-0500] {processor.py:186} INFO - Started process (PID=62734) to work on /usr/local/lib/python3.10/site-packages/airflow/example_dags/tutorial_dag.py
[2025-01-13T17:01:35.262-0500] {processor.py:914} INFO - Processing file /usr/local/lib/python3.10/site-packages/airflow/example_dags/tutorial_dag.py for tasks to queue
[2025-01-13T17:01:35.264-0500] {logging_mixin.py:190} INFO - [2025-01-13T17:01:35.263-0500] {dagbag.py:588} INFO - Filling up the DagBag from /usr/local/lib/python3.10/site-packages/airflow/example_dags/tutorial_dag.py
[2025-01-13T17:01:35.288-0500] {processor.py:925} INFO - DAG(s) 'tutorial_dag' retrieved from /usr/local/lib/python3.10/site-packages/airflow/example_dags/tutorial_dag.py
[2025-01-13T17:01:35.447-0500] {logging_mixin.py:190} INFO - [2025-01-13T17:01:35.447-0500] {dag.py:3239} INFO - Sync 1 DAGs
[2025-01-13T17:01:35.458-0500] {logging_mixin.py:190} INFO - [2025-01-13T17:01:35.457-0500] {dag.py:4180} INFO - Setting next_dagrun for tutorial_dag to None, run_after=None
[2025-01-13T17:01:35.474-0500] {processor.py:208} INFO - Processing /usr/local/lib/python3.10/site-packages/airflow/example_dags/tutorial_dag.py took 0.217 seconds
[2025-01-13T17:03:44.183-0500] {processor.py:186} INFO - Started process (PID=64146) to work on /usr/local/lib/python3.10/site-packages/airflow/example_dags/tutorial_dag.py
[2025-01-13T17:03:44.184-0500] {processor.py:914} INFO - Processing file /usr/local/lib/python3.10/site-packages/airflow/example_dags/tutorial_dag.py for tasks to queue
[2025-01-13T17:03:44.185-0500] {logging_mixin.py:190} INFO - [2025-01-13T17:03:44.185-0500] {dagbag.py:588} INFO - Filling up the DagBag from /usr/local/lib/python3.10/site-packages/airflow/example_dags/tutorial_dag.py
[2025-01-13T17:03:44.209-0500] {processor.py:925} INFO - DAG(s) 'tutorial_dag' retrieved from /usr/local/lib/python3.10/site-packages/airflow/example_dags/tutorial_dag.py
[2025-01-13T17:03:44.369-0500] {logging_mixin.py:190} INFO - [2025-01-13T17:03:44.369-0500] {dag.py:3239} INFO - Sync 1 DAGs
[2025-01-13T17:03:44.380-0500] {logging_mixin.py:190} INFO - [2025-01-13T17:03:44.380-0500] {dag.py:4180} INFO - Setting next_dagrun for tutorial_dag to None, run_after=None
[2025-01-13T17:03:44.399-0500] {processor.py:208} INFO - Processing /usr/local/lib/python3.10/site-packages/airflow/example_dags/tutorial_dag.py took 0.220 seconds
[2025-01-13T17:05:56.906-0500] {processor.py:186} INFO - Started process (PID=65662) to work on /usr/local/lib/python3.10/site-packages/airflow/example_dags/tutorial_dag.py
[2025-01-13T17:05:56.907-0500] {processor.py:914} INFO - Processing file /usr/local/lib/python3.10/site-packages/airflow/example_dags/tutorial_dag.py for tasks to queue
[2025-01-13T17:05:56.909-0500] {logging_mixin.py:190} INFO - [2025-01-13T17:05:56.909-0500] {dagbag.py:588} INFO - Filling up the DagBag from /usr/local/lib/python3.10/site-packages/airflow/example_dags/tutorial_dag.py
[2025-01-13T17:05:56.933-0500] {processor.py:925} INFO - DAG(s) 'tutorial_dag' retrieved from /usr/local/lib/python3.10/site-packages/airflow/example_dags/tutorial_dag.py
[2025-01-13T17:05:57.086-0500] {logging_mixin.py:190} INFO - [2025-01-13T17:05:57.086-0500] {dag.py:3239} INFO - Sync 1 DAGs
[2025-01-13T17:05:57.096-0500] {logging_mixin.py:190} INFO - [2025-01-13T17:05:57.096-0500] {dag.py:4180} INFO - Setting next_dagrun for tutorial_dag to None, run_after=None
[2025-01-13T17:05:57.112-0500] {processor.py:208} INFO - Processing /usr/local/lib/python3.10/site-packages/airflow/example_dags/tutorial_dag.py took 0.210 seconds
[2025-01-13T17:08:06.623-0500] {processor.py:186} INFO - Started process (PID=67160) to work on /usr/local/lib/python3.10/site-packages/airflow/example_dags/tutorial_dag.py
[2025-01-13T17:08:06.625-0500] {processor.py:914} INFO - Processing file /usr/local/lib/python3.10/site-packages/airflow/example_dags/tutorial_dag.py for tasks to queue
[2025-01-13T17:08:06.626-0500] {logging_mixin.py:190} INFO - [2025-01-13T17:08:06.625-0500] {dagbag.py:588} INFO - Filling up the DagBag from /usr/local/lib/python3.10/site-packages/airflow/example_dags/tutorial_dag.py
[2025-01-13T17:08:06.648-0500] {processor.py:925} INFO - DAG(s) 'tutorial_dag' retrieved from /usr/local/lib/python3.10/site-packages/airflow/example_dags/tutorial_dag.py
[2025-01-13T17:08:06.794-0500] {logging_mixin.py:190} INFO - [2025-01-13T17:08:06.794-0500] {dag.py:3239} INFO - Sync 1 DAGs
[2025-01-13T17:08:06.804-0500] {logging_mixin.py:190} INFO - [2025-01-13T17:08:06.804-0500] {dag.py:4180} INFO - Setting next_dagrun for tutorial_dag to None, run_after=None
[2025-01-13T17:08:06.820-0500] {processor.py:208} INFO - Processing /usr/local/lib/python3.10/site-packages/airflow/example_dags/tutorial_dag.py took 0.201 seconds
[2025-01-13T17:10:24.161-0500] {processor.py:186} INFO - Started process (PID=68713) to work on /usr/local/lib/python3.10/site-packages/airflow/example_dags/tutorial_dag.py
[2025-01-13T17:10:24.163-0500] {processor.py:914} INFO - Processing file /usr/local/lib/python3.10/site-packages/airflow/example_dags/tutorial_dag.py for tasks to queue
[2025-01-13T17:10:24.164-0500] {logging_mixin.py:190} INFO - [2025-01-13T17:10:24.164-0500] {dagbag.py:588} INFO - Filling up the DagBag from /usr/local/lib/python3.10/site-packages/airflow/example_dags/tutorial_dag.py
[2025-01-13T17:10:24.187-0500] {processor.py:925} INFO - DAG(s) 'tutorial_dag' retrieved from /usr/local/lib/python3.10/site-packages/airflow/example_dags/tutorial_dag.py
[2025-01-13T17:10:24.346-0500] {logging_mixin.py:190} INFO - [2025-01-13T17:10:24.346-0500] {dag.py:3239} INFO - Sync 1 DAGs
[2025-01-13T17:10:24.358-0500] {logging_mixin.py:190} INFO - [2025-01-13T17:10:24.357-0500] {dag.py:4180} INFO - Setting next_dagrun for tutorial_dag to None, run_after=None
[2025-01-13T17:10:24.379-0500] {processor.py:208} INFO - Processing /usr/local/lib/python3.10/site-packages/airflow/example_dags/tutorial_dag.py took 0.222 seconds
[2025-01-13T17:12:32.882-0500] {processor.py:186} INFO - Started process (PID=70206) to work on /usr/local/lib/python3.10/site-packages/airflow/example_dags/tutorial_dag.py
[2025-01-13T17:12:32.883-0500] {processor.py:914} INFO - Processing file /usr/local/lib/python3.10/site-packages/airflow/example_dags/tutorial_dag.py for tasks to queue
[2025-01-13T17:12:32.884-0500] {logging_mixin.py:190} INFO - [2025-01-13T17:12:32.884-0500] {dagbag.py:588} INFO - Filling up the DagBag from /usr/local/lib/python3.10/site-packages/airflow/example_dags/tutorial_dag.py
[2025-01-13T17:12:32.906-0500] {processor.py:925} INFO - DAG(s) 'tutorial_dag' retrieved from /usr/local/lib/python3.10/site-packages/airflow/example_dags/tutorial_dag.py
[2025-01-13T17:12:33.049-0500] {logging_mixin.py:190} INFO - [2025-01-13T17:12:33.048-0500] {dag.py:3239} INFO - Sync 1 DAGs
[2025-01-13T17:12:33.058-0500] {logging_mixin.py:190} INFO - [2025-01-13T17:12:33.058-0500] {dag.py:4180} INFO - Setting next_dagrun for tutorial_dag to None, run_after=None
[2025-01-13T17:12:33.073-0500] {processor.py:208} INFO - Processing /usr/local/lib/python3.10/site-packages/airflow/example_dags/tutorial_dag.py took 0.195 seconds
[2025-01-13T17:16:38.312-0500] {processor.py:186} INFO - Started process (PID=72593) to work on /usr/local/lib/python3.10/site-packages/airflow/example_dags/tutorial_dag.py
[2025-01-13T17:16:38.313-0500] {processor.py:914} INFO - Processing file /usr/local/lib/python3.10/site-packages/airflow/example_dags/tutorial_dag.py for tasks to queue
[2025-01-13T17:16:38.315-0500] {logging_mixin.py:190} INFO - [2025-01-13T17:16:38.315-0500] {dagbag.py:588} INFO - Filling up the DagBag from /usr/local/lib/python3.10/site-packages/airflow/example_dags/tutorial_dag.py
[2025-01-13T17:16:38.342-0500] {processor.py:925} INFO - DAG(s) 'tutorial_dag' retrieved from /usr/local/lib/python3.10/site-packages/airflow/example_dags/tutorial_dag.py
[2025-01-13T17:16:38.512-0500] {logging_mixin.py:190} INFO - [2025-01-13T17:16:38.512-0500] {dag.py:3239} INFO - Sync 1 DAGs
[2025-01-13T17:16:38.523-0500] {logging_mixin.py:190} INFO - [2025-01-13T17:16:38.523-0500] {dag.py:4180} INFO - Setting next_dagrun for tutorial_dag to None, run_after=None
[2025-01-13T17:16:38.542-0500] {processor.py:208} INFO - Processing /usr/local/lib/python3.10/site-packages/airflow/example_dags/tutorial_dag.py took 0.235 seconds
[2025-01-13T17:19:05.804-0500] {processor.py:186} INFO - Started process (PID=74307) to work on /usr/local/lib/python3.10/site-packages/airflow/example_dags/tutorial_dag.py
[2025-01-13T17:19:05.806-0500] {processor.py:914} INFO - Processing file /usr/local/lib/python3.10/site-packages/airflow/example_dags/tutorial_dag.py for tasks to queue
[2025-01-13T17:19:05.807-0500] {logging_mixin.py:190} INFO - [2025-01-13T17:19:05.807-0500] {dagbag.py:588} INFO - Filling up the DagBag from /usr/local/lib/python3.10/site-packages/airflow/example_dags/tutorial_dag.py
[2025-01-13T17:19:05.833-0500] {processor.py:925} INFO - DAG(s) 'tutorial_dag' retrieved from /usr/local/lib/python3.10/site-packages/airflow/example_dags/tutorial_dag.py
[2025-01-13T17:19:05.997-0500] {logging_mixin.py:190} INFO - [2025-01-13T17:19:05.997-0500] {dag.py:3239} INFO - Sync 1 DAGs
[2025-01-13T17:19:06.007-0500] {logging_mixin.py:190} INFO - [2025-01-13T17:19:06.007-0500] {dag.py:4180} INFO - Setting next_dagrun for tutorial_dag to None, run_after=None
[2025-01-13T17:19:06.024-0500] {processor.py:208} INFO - Processing /usr/local/lib/python3.10/site-packages/airflow/example_dags/tutorial_dag.py took 0.224 seconds
[2025-01-13T17:21:27.240-0500] {processor.py:186} INFO - Started process (PID=75927) to work on /usr/local/lib/python3.10/site-packages/airflow/example_dags/tutorial_dag.py
[2025-01-13T17:21:27.242-0500] {processor.py:914} INFO - Processing file /usr/local/lib/python3.10/site-packages/airflow/example_dags/tutorial_dag.py for tasks to queue
[2025-01-13T17:21:27.243-0500] {logging_mixin.py:190} INFO - [2025-01-13T17:21:27.243-0500] {dagbag.py:588} INFO - Filling up the DagBag from /usr/local/lib/python3.10/site-packages/airflow/example_dags/tutorial_dag.py
[2025-01-13T17:21:27.267-0500] {processor.py:925} INFO - DAG(s) 'tutorial_dag' retrieved from /usr/local/lib/python3.10/site-packages/airflow/example_dags/tutorial_dag.py
[2025-01-13T17:21:27.428-0500] {logging_mixin.py:190} INFO - [2025-01-13T17:21:27.428-0500] {dag.py:3239} INFO - Sync 1 DAGs
[2025-01-13T17:21:27.438-0500] {logging_mixin.py:190} INFO - [2025-01-13T17:21:27.438-0500] {dag.py:4180} INFO - Setting next_dagrun for tutorial_dag to None, run_after=None
[2025-01-13T17:21:27.454-0500] {processor.py:208} INFO - Processing /usr/local/lib/python3.10/site-packages/airflow/example_dags/tutorial_dag.py took 0.218 seconds
[2025-01-13T17:23:41.495-0500] {processor.py:186} INFO - Started process (PID=77425) to work on /usr/local/lib/python3.10/site-packages/airflow/example_dags/tutorial_dag.py
[2025-01-13T17:23:41.497-0500] {processor.py:914} INFO - Processing file /usr/local/lib/python3.10/site-packages/airflow/example_dags/tutorial_dag.py for tasks to queue
[2025-01-13T17:23:41.498-0500] {logging_mixin.py:190} INFO - [2025-01-13T17:23:41.497-0500] {dagbag.py:588} INFO - Filling up the DagBag from /usr/local/lib/python3.10/site-packages/airflow/example_dags/tutorial_dag.py
[2025-01-13T17:23:41.521-0500] {processor.py:925} INFO - DAG(s) 'tutorial_dag' retrieved from /usr/local/lib/python3.10/site-packages/airflow/example_dags/tutorial_dag.py
[2025-01-13T17:23:41.674-0500] {logging_mixin.py:190} INFO - [2025-01-13T17:23:41.674-0500] {dag.py:3239} INFO - Sync 1 DAGs
[2025-01-13T17:23:41.684-0500] {logging_mixin.py:190} INFO - [2025-01-13T17:23:41.684-0500] {dag.py:4180} INFO - Setting next_dagrun for tutorial_dag to None, run_after=None
[2025-01-13T17:23:41.700-0500] {processor.py:208} INFO - Processing /usr/local/lib/python3.10/site-packages/airflow/example_dags/tutorial_dag.py took 0.209 seconds
[2025-01-13T17:25:48.834-0500] {processor.py:186} INFO - Started process (PID=78807) to work on /usr/local/lib/python3.10/site-packages/airflow/example_dags/tutorial_dag.py
[2025-01-13T17:25:48.835-0500] {processor.py:914} INFO - Processing file /usr/local/lib/python3.10/site-packages/airflow/example_dags/tutorial_dag.py for tasks to queue
[2025-01-13T17:25:48.836-0500] {logging_mixin.py:190} INFO - [2025-01-13T17:25:48.836-0500] {dagbag.py:588} INFO - Filling up the DagBag from /usr/local/lib/python3.10/site-packages/airflow/example_dags/tutorial_dag.py
[2025-01-13T17:25:48.859-0500] {processor.py:925} INFO - DAG(s) 'tutorial_dag' retrieved from /usr/local/lib/python3.10/site-packages/airflow/example_dags/tutorial_dag.py
[2025-01-13T17:25:49.010-0500] {logging_mixin.py:190} INFO - [2025-01-13T17:25:49.010-0500] {dag.py:3239} INFO - Sync 1 DAGs
[2025-01-13T17:25:49.020-0500] {logging_mixin.py:190} INFO - [2025-01-13T17:25:49.020-0500] {dag.py:4180} INFO - Setting next_dagrun for tutorial_dag to None, run_after=None
[2025-01-13T17:25:49.036-0500] {processor.py:208} INFO - Processing /usr/local/lib/python3.10/site-packages/airflow/example_dags/tutorial_dag.py took 0.206 seconds
[2025-01-13T17:27:54.892-0500] {processor.py:186} INFO - Started process (PID=80299) to work on /usr/local/lib/python3.10/site-packages/airflow/example_dags/tutorial_dag.py
[2025-01-13T17:27:54.894-0500] {processor.py:914} INFO - Processing file /usr/local/lib/python3.10/site-packages/airflow/example_dags/tutorial_dag.py for tasks to queue
[2025-01-13T17:27:54.895-0500] {logging_mixin.py:190} INFO - [2025-01-13T17:27:54.895-0500] {dagbag.py:588} INFO - Filling up the DagBag from /usr/local/lib/python3.10/site-packages/airflow/example_dags/tutorial_dag.py
[2025-01-13T17:27:54.918-0500] {processor.py:925} INFO - DAG(s) 'tutorial_dag' retrieved from /usr/local/lib/python3.10/site-packages/airflow/example_dags/tutorial_dag.py
[2025-01-13T17:27:55.070-0500] {logging_mixin.py:190} INFO - [2025-01-13T17:27:55.070-0500] {dag.py:3239} INFO - Sync 1 DAGs
[2025-01-13T17:27:55.079-0500] {logging_mixin.py:190} INFO - [2025-01-13T17:27:55.079-0500] {dag.py:4180} INFO - Setting next_dagrun for tutorial_dag to None, run_after=None
[2025-01-13T17:27:55.095-0500] {processor.py:208} INFO - Processing /usr/local/lib/python3.10/site-packages/airflow/example_dags/tutorial_dag.py took 0.207 seconds
[2025-01-13T17:30:09.273-0500] {processor.py:186} INFO - Started process (PID=81789) to work on /usr/local/lib/python3.10/site-packages/airflow/example_dags/tutorial_dag.py
[2025-01-13T17:30:09.275-0500] {processor.py:914} INFO - Processing file /usr/local/lib/python3.10/site-packages/airflow/example_dags/tutorial_dag.py for tasks to queue
[2025-01-13T17:30:09.276-0500] {logging_mixin.py:190} INFO - [2025-01-13T17:30:09.276-0500] {dagbag.py:588} INFO - Filling up the DagBag from /usr/local/lib/python3.10/site-packages/airflow/example_dags/tutorial_dag.py
[2025-01-13T17:30:09.303-0500] {processor.py:925} INFO - DAG(s) 'tutorial_dag' retrieved from /usr/local/lib/python3.10/site-packages/airflow/example_dags/tutorial_dag.py
[2025-01-13T17:30:09.484-0500] {logging_mixin.py:190} INFO - [2025-01-13T17:30:09.484-0500] {dag.py:3239} INFO - Sync 1 DAGs
[2025-01-13T17:30:09.497-0500] {logging_mixin.py:190} INFO - [2025-01-13T17:30:09.496-0500] {dag.py:4180} INFO - Setting next_dagrun for tutorial_dag to None, run_after=None
[2025-01-13T17:30:09.517-0500] {processor.py:208} INFO - Processing /usr/local/lib/python3.10/site-packages/airflow/example_dags/tutorial_dag.py took 0.249 seconds
[2025-01-13T17:32:25.646-0500] {processor.py:186} INFO - Started process (PID=83301) to work on /usr/local/lib/python3.10/site-packages/airflow/example_dags/tutorial_dag.py
[2025-01-13T17:32:25.648-0500] {processor.py:914} INFO - Processing file /usr/local/lib/python3.10/site-packages/airflow/example_dags/tutorial_dag.py for tasks to queue
[2025-01-13T17:32:25.649-0500] {logging_mixin.py:190} INFO - [2025-01-13T17:32:25.649-0500] {dagbag.py:588} INFO - Filling up the DagBag from /usr/local/lib/python3.10/site-packages/airflow/example_dags/tutorial_dag.py
[2025-01-13T17:32:25.672-0500] {processor.py:925} INFO - DAG(s) 'tutorial_dag' retrieved from /usr/local/lib/python3.10/site-packages/airflow/example_dags/tutorial_dag.py
[2025-01-13T17:32:25.825-0500] {logging_mixin.py:190} INFO - [2025-01-13T17:32:25.825-0500] {dag.py:3239} INFO - Sync 1 DAGs
[2025-01-13T17:32:25.835-0500] {logging_mixin.py:190} INFO - [2025-01-13T17:32:25.835-0500] {dag.py:4180} INFO - Setting next_dagrun for tutorial_dag to None, run_after=None
[2025-01-13T17:32:25.851-0500] {processor.py:208} INFO - Processing /usr/local/lib/python3.10/site-packages/airflow/example_dags/tutorial_dag.py took 0.209 seconds
[2025-01-13T17:34:37.780-0500] {processor.py:186} INFO - Started process (PID=84843) to work on /usr/local/lib/python3.10/site-packages/airflow/example_dags/tutorial_dag.py
[2025-01-13T17:34:37.782-0500] {processor.py:914} INFO - Processing file /usr/local/lib/python3.10/site-packages/airflow/example_dags/tutorial_dag.py for tasks to queue
[2025-01-13T17:34:37.783-0500] {logging_mixin.py:190} INFO - [2025-01-13T17:34:37.783-0500] {dagbag.py:588} INFO - Filling up the DagBag from /usr/local/lib/python3.10/site-packages/airflow/example_dags/tutorial_dag.py
[2025-01-13T17:34:37.808-0500] {processor.py:925} INFO - DAG(s) 'tutorial_dag' retrieved from /usr/local/lib/python3.10/site-packages/airflow/example_dags/tutorial_dag.py
[2025-01-13T17:34:37.967-0500] {logging_mixin.py:190} INFO - [2025-01-13T17:34:37.967-0500] {dag.py:3239} INFO - Sync 1 DAGs
[2025-01-13T17:34:37.977-0500] {logging_mixin.py:190} INFO - [2025-01-13T17:34:37.977-0500] {dag.py:4180} INFO - Setting next_dagrun for tutorial_dag to None, run_after=None
[2025-01-13T17:34:37.995-0500] {processor.py:208} INFO - Processing /usr/local/lib/python3.10/site-packages/airflow/example_dags/tutorial_dag.py took 0.218 seconds
[2025-01-13T17:36:59.419-0500] {processor.py:186} INFO - Started process (PID=86499) to work on /usr/local/lib/python3.10/site-packages/airflow/example_dags/tutorial_dag.py
[2025-01-13T17:36:59.420-0500] {processor.py:914} INFO - Processing file /usr/local/lib/python3.10/site-packages/airflow/example_dags/tutorial_dag.py for tasks to queue
[2025-01-13T17:36:59.422-0500] {logging_mixin.py:190} INFO - [2025-01-13T17:36:59.421-0500] {dagbag.py:588} INFO - Filling up the DagBag from /usr/local/lib/python3.10/site-packages/airflow/example_dags/tutorial_dag.py
[2025-01-13T17:36:59.451-0500] {processor.py:925} INFO - DAG(s) 'tutorial_dag' retrieved from /usr/local/lib/python3.10/site-packages/airflow/example_dags/tutorial_dag.py
[2025-01-13T17:36:59.638-0500] {logging_mixin.py:190} INFO - [2025-01-13T17:36:59.638-0500] {dag.py:3239} INFO - Sync 1 DAGs
[2025-01-13T17:36:59.650-0500] {logging_mixin.py:190} INFO - [2025-01-13T17:36:59.650-0500] {dag.py:4180} INFO - Setting next_dagrun for tutorial_dag to None, run_after=None
[2025-01-13T17:36:59.673-0500] {processor.py:208} INFO - Processing /usr/local/lib/python3.10/site-packages/airflow/example_dags/tutorial_dag.py took 0.259 seconds
[2025-01-13T17:39:17.406-0500] {processor.py:186} INFO - Started process (PID=88011) to work on /usr/local/lib/python3.10/site-packages/airflow/example_dags/tutorial_dag.py
[2025-01-13T17:39:17.407-0500] {processor.py:914} INFO - Processing file /usr/local/lib/python3.10/site-packages/airflow/example_dags/tutorial_dag.py for tasks to queue
[2025-01-13T17:39:17.409-0500] {logging_mixin.py:190} INFO - [2025-01-13T17:39:17.408-0500] {dagbag.py:588} INFO - Filling up the DagBag from /usr/local/lib/python3.10/site-packages/airflow/example_dags/tutorial_dag.py
[2025-01-13T17:39:17.431-0500] {processor.py:925} INFO - DAG(s) 'tutorial_dag' retrieved from /usr/local/lib/python3.10/site-packages/airflow/example_dags/tutorial_dag.py
[2025-01-13T17:39:17.578-0500] {logging_mixin.py:190} INFO - [2025-01-13T17:39:17.578-0500] {dag.py:3239} INFO - Sync 1 DAGs
[2025-01-13T17:39:17.588-0500] {logging_mixin.py:190} INFO - [2025-01-13T17:39:17.588-0500] {dag.py:4180} INFO - Setting next_dagrun for tutorial_dag to None, run_after=None
[2025-01-13T17:39:17.605-0500] {processor.py:208} INFO - Processing /usr/local/lib/python3.10/site-packages/airflow/example_dags/tutorial_dag.py took 0.203 seconds
[2025-01-13T17:41:30.951-0500] {processor.py:186} INFO - Started process (PID=89508) to work on /usr/local/lib/python3.10/site-packages/airflow/example_dags/tutorial_dag.py
[2025-01-13T17:41:30.953-0500] {processor.py:914} INFO - Processing file /usr/local/lib/python3.10/site-packages/airflow/example_dags/tutorial_dag.py for tasks to queue
[2025-01-13T17:41:30.954-0500] {logging_mixin.py:190} INFO - [2025-01-13T17:41:30.954-0500] {dagbag.py:588} INFO - Filling up the DagBag from /usr/local/lib/python3.10/site-packages/airflow/example_dags/tutorial_dag.py
[2025-01-13T17:41:30.977-0500] {processor.py:925} INFO - DAG(s) 'tutorial_dag' retrieved from /usr/local/lib/python3.10/site-packages/airflow/example_dags/tutorial_dag.py
[2025-01-13T17:41:31.132-0500] {logging_mixin.py:190} INFO - [2025-01-13T17:41:31.131-0500] {dag.py:3239} INFO - Sync 1 DAGs
[2025-01-13T17:41:31.142-0500] {logging_mixin.py:190} INFO - [2025-01-13T17:41:31.142-0500] {dag.py:4180} INFO - Setting next_dagrun for tutorial_dag to None, run_after=None
[2025-01-13T17:41:31.160-0500] {processor.py:208} INFO - Processing /usr/local/lib/python3.10/site-packages/airflow/example_dags/tutorial_dag.py took 0.213 seconds
[2025-01-13T17:43:59.031-0500] {processor.py:186} INFO - Started process (PID=91254) to work on /usr/local/lib/python3.10/site-packages/airflow/example_dags/tutorial_dag.py
[2025-01-13T17:43:59.032-0500] {processor.py:914} INFO - Processing file /usr/local/lib/python3.10/site-packages/airflow/example_dags/tutorial_dag.py for tasks to queue
[2025-01-13T17:43:59.034-0500] {logging_mixin.py:190} INFO - [2025-01-13T17:43:59.033-0500] {dagbag.py:588} INFO - Filling up the DagBag from /usr/local/lib/python3.10/site-packages/airflow/example_dags/tutorial_dag.py
[2025-01-13T17:43:59.058-0500] {processor.py:925} INFO - DAG(s) 'tutorial_dag' retrieved from /usr/local/lib/python3.10/site-packages/airflow/example_dags/tutorial_dag.py
[2025-01-13T17:43:59.215-0500] {logging_mixin.py:190} INFO - [2025-01-13T17:43:59.215-0500] {dag.py:3239} INFO - Sync 1 DAGs
[2025-01-13T17:43:59.225-0500] {logging_mixin.py:190} INFO - [2025-01-13T17:43:59.225-0500] {dag.py:4180} INFO - Setting next_dagrun for tutorial_dag to None, run_after=None
[2025-01-13T17:43:59.242-0500] {processor.py:208} INFO - Processing /usr/local/lib/python3.10/site-packages/airflow/example_dags/tutorial_dag.py took 0.215 seconds
[2025-01-13T17:46:04.696-0500] {processor.py:186} INFO - Started process (PID=92641) to work on /usr/local/lib/python3.10/site-packages/airflow/example_dags/tutorial_dag.py
[2025-01-13T17:46:04.698-0500] {processor.py:914} INFO - Processing file /usr/local/lib/python3.10/site-packages/airflow/example_dags/tutorial_dag.py for tasks to queue
[2025-01-13T17:46:04.699-0500] {logging_mixin.py:190} INFO - [2025-01-13T17:46:04.699-0500] {dagbag.py:588} INFO - Filling up the DagBag from /usr/local/lib/python3.10/site-packages/airflow/example_dags/tutorial_dag.py
[2025-01-13T17:46:04.727-0500] {processor.py:925} INFO - DAG(s) 'tutorial_dag' retrieved from /usr/local/lib/python3.10/site-packages/airflow/example_dags/tutorial_dag.py
[2025-01-13T17:46:04.898-0500] {logging_mixin.py:190} INFO - [2025-01-13T17:46:04.898-0500] {dag.py:3239} INFO - Sync 1 DAGs
[2025-01-13T17:46:04.910-0500] {logging_mixin.py:190} INFO - [2025-01-13T17:46:04.910-0500] {dag.py:4180} INFO - Setting next_dagrun for tutorial_dag to None, run_after=None
[2025-01-13T17:46:04.929-0500] {processor.py:208} INFO - Processing /usr/local/lib/python3.10/site-packages/airflow/example_dags/tutorial_dag.py took 0.237 seconds
[2025-01-13T17:48:11.390-0500] {processor.py:186} INFO - Started process (PID=94022) to work on /usr/local/lib/python3.10/site-packages/airflow/example_dags/tutorial_dag.py
[2025-01-13T17:48:11.392-0500] {processor.py:914} INFO - Processing file /usr/local/lib/python3.10/site-packages/airflow/example_dags/tutorial_dag.py for tasks to queue
[2025-01-13T17:48:11.393-0500] {logging_mixin.py:190} INFO - [2025-01-13T17:48:11.393-0500] {dagbag.py:588} INFO - Filling up the DagBag from /usr/local/lib/python3.10/site-packages/airflow/example_dags/tutorial_dag.py
[2025-01-13T17:48:11.419-0500] {processor.py:925} INFO - DAG(s) 'tutorial_dag' retrieved from /usr/local/lib/python3.10/site-packages/airflow/example_dags/tutorial_dag.py
[2025-01-13T17:48:11.585-0500] {logging_mixin.py:190} INFO - [2025-01-13T17:48:11.585-0500] {dag.py:3239} INFO - Sync 1 DAGs
[2025-01-13T17:48:11.596-0500] {logging_mixin.py:190} INFO - [2025-01-13T17:48:11.596-0500] {dag.py:4180} INFO - Setting next_dagrun for tutorial_dag to None, run_after=None
[2025-01-13T17:48:11.615-0500] {processor.py:208} INFO - Processing /usr/local/lib/python3.10/site-packages/airflow/example_dags/tutorial_dag.py took 0.229 seconds
[2025-01-13T17:50:23.618-0500] {processor.py:186} INFO - Started process (PID=95509) to work on /usr/local/lib/python3.10/site-packages/airflow/example_dags/tutorial_dag.py
[2025-01-13T17:50:23.619-0500] {processor.py:914} INFO - Processing file /usr/local/lib/python3.10/site-packages/airflow/example_dags/tutorial_dag.py for tasks to queue
[2025-01-13T17:50:23.620-0500] {logging_mixin.py:190} INFO - [2025-01-13T17:50:23.620-0500] {dagbag.py:588} INFO - Filling up the DagBag from /usr/local/lib/python3.10/site-packages/airflow/example_dags/tutorial_dag.py
[2025-01-13T17:50:23.645-0500] {processor.py:925} INFO - DAG(s) 'tutorial_dag' retrieved from /usr/local/lib/python3.10/site-packages/airflow/example_dags/tutorial_dag.py
[2025-01-13T17:50:23.810-0500] {logging_mixin.py:190} INFO - [2025-01-13T17:50:23.810-0500] {dag.py:3239} INFO - Sync 1 DAGs
[2025-01-13T17:50:23.821-0500] {logging_mixin.py:190} INFO - [2025-01-13T17:50:23.821-0500] {dag.py:4180} INFO - Setting next_dagrun for tutorial_dag to None, run_after=None
[2025-01-13T17:50:23.838-0500] {processor.py:208} INFO - Processing /usr/local/lib/python3.10/site-packages/airflow/example_dags/tutorial_dag.py took 0.224 seconds
[2025-01-13T17:52:35.643-0500] {processor.py:186} INFO - Started process (PID=96998) to work on /usr/local/lib/python3.10/site-packages/airflow/example_dags/tutorial_dag.py
[2025-01-13T17:52:35.645-0500] {processor.py:914} INFO - Processing file /usr/local/lib/python3.10/site-packages/airflow/example_dags/tutorial_dag.py for tasks to queue
[2025-01-13T17:52:35.646-0500] {logging_mixin.py:190} INFO - [2025-01-13T17:52:35.646-0500] {dagbag.py:588} INFO - Filling up the DagBag from /usr/local/lib/python3.10/site-packages/airflow/example_dags/tutorial_dag.py
[2025-01-13T17:52:35.670-0500] {processor.py:925} INFO - DAG(s) 'tutorial_dag' retrieved from /usr/local/lib/python3.10/site-packages/airflow/example_dags/tutorial_dag.py
[2025-01-13T17:52:35.827-0500] {logging_mixin.py:190} INFO - [2025-01-13T17:52:35.827-0500] {dag.py:3239} INFO - Sync 1 DAGs
[2025-01-13T17:52:35.837-0500] {logging_mixin.py:190} INFO - [2025-01-13T17:52:35.837-0500] {dag.py:4180} INFO - Setting next_dagrun for tutorial_dag to None, run_after=None
[2025-01-13T17:52:35.855-0500] {processor.py:208} INFO - Processing /usr/local/lib/python3.10/site-packages/airflow/example_dags/tutorial_dag.py took 0.216 seconds
[2025-01-13T17:54:46.849-0500] {processor.py:186} INFO - Started process (PID=98500) to work on /usr/local/lib/python3.10/site-packages/airflow/example_dags/tutorial_dag.py
[2025-01-13T17:54:46.851-0500] {processor.py:914} INFO - Processing file /usr/local/lib/python3.10/site-packages/airflow/example_dags/tutorial_dag.py for tasks to queue
[2025-01-13T17:54:46.852-0500] {logging_mixin.py:190} INFO - [2025-01-13T17:54:46.852-0500] {dagbag.py:588} INFO - Filling up the DagBag from /usr/local/lib/python3.10/site-packages/airflow/example_dags/tutorial_dag.py
[2025-01-13T17:54:46.876-0500] {processor.py:925} INFO - DAG(s) 'tutorial_dag' retrieved from /usr/local/lib/python3.10/site-packages/airflow/example_dags/tutorial_dag.py
[2025-01-13T17:54:47.030-0500] {logging_mixin.py:190} INFO - [2025-01-13T17:54:47.030-0500] {dag.py:3239} INFO - Sync 1 DAGs
[2025-01-13T17:54:47.040-0500] {logging_mixin.py:190} INFO - [2025-01-13T17:54:47.040-0500] {dag.py:4180} INFO - Setting next_dagrun for tutorial_dag to None, run_after=None
[2025-01-13T17:54:47.056-0500] {processor.py:208} INFO - Processing /usr/local/lib/python3.10/site-packages/airflow/example_dags/tutorial_dag.py took 0.210 seconds
[2025-01-13T17:56:57.877-0500] {processor.py:186} INFO - Started process (PID=127) to work on /usr/local/lib/python3.10/site-packages/airflow/example_dags/tutorial_dag.py
[2025-01-13T17:56:57.878-0500] {processor.py:914} INFO - Processing file /usr/local/lib/python3.10/site-packages/airflow/example_dags/tutorial_dag.py for tasks to queue
[2025-01-13T17:56:57.880-0500] {logging_mixin.py:190} INFO - [2025-01-13T17:56:57.879-0500] {dagbag.py:588} INFO - Filling up the DagBag from /usr/local/lib/python3.10/site-packages/airflow/example_dags/tutorial_dag.py
[2025-01-13T17:56:57.902-0500] {processor.py:925} INFO - DAG(s) 'tutorial_dag' retrieved from /usr/local/lib/python3.10/site-packages/airflow/example_dags/tutorial_dag.py
[2025-01-13T17:56:58.052-0500] {logging_mixin.py:190} INFO - [2025-01-13T17:56:58.052-0500] {dag.py:3239} INFO - Sync 1 DAGs
[2025-01-13T17:56:58.062-0500] {logging_mixin.py:190} INFO - [2025-01-13T17:56:58.062-0500] {dag.py:4180} INFO - Setting next_dagrun for tutorial_dag to None, run_after=None
[2025-01-13T17:56:58.078-0500] {processor.py:208} INFO - Processing /usr/local/lib/python3.10/site-packages/airflow/example_dags/tutorial_dag.py took 0.206 seconds
[2025-01-13T17:59:19.710-0500] {processor.py:186} INFO - Started process (PID=2232) to work on /usr/local/lib/python3.10/site-packages/airflow/example_dags/tutorial_dag.py
[2025-01-13T17:59:19.712-0500] {processor.py:914} INFO - Processing file /usr/local/lib/python3.10/site-packages/airflow/example_dags/tutorial_dag.py for tasks to queue
[2025-01-13T17:59:19.713-0500] {logging_mixin.py:190} INFO - [2025-01-13T17:59:19.713-0500] {dagbag.py:588} INFO - Filling up the DagBag from /usr/local/lib/python3.10/site-packages/airflow/example_dags/tutorial_dag.py
[2025-01-13T17:59:19.735-0500] {processor.py:925} INFO - DAG(s) 'tutorial_dag' retrieved from /usr/local/lib/python3.10/site-packages/airflow/example_dags/tutorial_dag.py
[2025-01-13T17:59:19.885-0500] {logging_mixin.py:190} INFO - [2025-01-13T17:59:19.885-0500] {dag.py:3239} INFO - Sync 1 DAGs
[2025-01-13T17:59:19.895-0500] {logging_mixin.py:190} INFO - [2025-01-13T17:59:19.895-0500] {dag.py:4180} INFO - Setting next_dagrun for tutorial_dag to None, run_after=None
[2025-01-13T17:59:19.912-0500] {processor.py:208} INFO - Processing /usr/local/lib/python3.10/site-packages/airflow/example_dags/tutorial_dag.py took 0.205 seconds
[2025-01-13T18:01:47.369-0500] {processor.py:186} INFO - Started process (PID=3984) to work on /usr/local/lib/python3.10/site-packages/airflow/example_dags/tutorial_dag.py
[2025-01-13T18:01:47.371-0500] {processor.py:914} INFO - Processing file /usr/local/lib/python3.10/site-packages/airflow/example_dags/tutorial_dag.py for tasks to queue
[2025-01-13T18:01:47.372-0500] {logging_mixin.py:190} INFO - [2025-01-13T18:01:47.372-0500] {dagbag.py:588} INFO - Filling up the DagBag from /usr/local/lib/python3.10/site-packages/airflow/example_dags/tutorial_dag.py
[2025-01-13T18:01:47.396-0500] {processor.py:925} INFO - DAG(s) 'tutorial_dag' retrieved from /usr/local/lib/python3.10/site-packages/airflow/example_dags/tutorial_dag.py
[2025-01-13T18:01:47.553-0500] {logging_mixin.py:190} INFO - [2025-01-13T18:01:47.553-0500] {dag.py:3239} INFO - Sync 1 DAGs
[2025-01-13T18:01:47.563-0500] {logging_mixin.py:190} INFO - [2025-01-13T18:01:47.562-0500] {dag.py:4180} INFO - Setting next_dagrun for tutorial_dag to None, run_after=None
[2025-01-13T18:01:47.579-0500] {processor.py:208} INFO - Processing /usr/local/lib/python3.10/site-packages/airflow/example_dags/tutorial_dag.py took 0.214 seconds
[2025-01-13T18:04:02.707-0500] {processor.py:186} INFO - Started process (PID=5535) to work on /usr/local/lib/python3.10/site-packages/airflow/example_dags/tutorial_dag.py
[2025-01-13T18:04:02.709-0500] {processor.py:914} INFO - Processing file /usr/local/lib/python3.10/site-packages/airflow/example_dags/tutorial_dag.py for tasks to queue
[2025-01-13T18:04:02.710-0500] {logging_mixin.py:190} INFO - [2025-01-13T18:04:02.710-0500] {dagbag.py:588} INFO - Filling up the DagBag from /usr/local/lib/python3.10/site-packages/airflow/example_dags/tutorial_dag.py
[2025-01-13T18:04:02.736-0500] {processor.py:925} INFO - DAG(s) 'tutorial_dag' retrieved from /usr/local/lib/python3.10/site-packages/airflow/example_dags/tutorial_dag.py
[2025-01-13T18:04:02.901-0500] {logging_mixin.py:190} INFO - [2025-01-13T18:04:02.901-0500] {dag.py:3239} INFO - Sync 1 DAGs
[2025-01-13T18:04:02.912-0500] {logging_mixin.py:190} INFO - [2025-01-13T18:04:02.911-0500] {dag.py:4180} INFO - Setting next_dagrun for tutorial_dag to None, run_after=None
[2025-01-13T18:04:02.930-0500] {processor.py:208} INFO - Processing /usr/local/lib/python3.10/site-packages/airflow/example_dags/tutorial_dag.py took 0.227 seconds
[2025-01-13T18:06:21.379-0500] {processor.py:186} INFO - Started process (PID=7167) to work on /usr/local/lib/python3.10/site-packages/airflow/example_dags/tutorial_dag.py
[2025-01-13T18:06:21.381-0500] {processor.py:914} INFO - Processing file /usr/local/lib/python3.10/site-packages/airflow/example_dags/tutorial_dag.py for tasks to queue
[2025-01-13T18:06:21.382-0500] {logging_mixin.py:190} INFO - [2025-01-13T18:06:21.382-0500] {dagbag.py:588} INFO - Filling up the DagBag from /usr/local/lib/python3.10/site-packages/airflow/example_dags/tutorial_dag.py
[2025-01-13T18:06:21.406-0500] {processor.py:925} INFO - DAG(s) 'tutorial_dag' retrieved from /usr/local/lib/python3.10/site-packages/airflow/example_dags/tutorial_dag.py
[2025-01-13T18:06:21.572-0500] {logging_mixin.py:190} INFO - [2025-01-13T18:06:21.571-0500] {dag.py:3239} INFO - Sync 1 DAGs
[2025-01-13T18:06:21.584-0500] {logging_mixin.py:190} INFO - [2025-01-13T18:06:21.584-0500] {dag.py:4180} INFO - Setting next_dagrun for tutorial_dag to None, run_after=None
[2025-01-13T18:06:21.612-0500] {processor.py:208} INFO - Processing /usr/local/lib/python3.10/site-packages/airflow/example_dags/tutorial_dag.py took 0.236 seconds
[2025-01-13T18:08:32.664-0500] {processor.py:186} INFO - Started process (PID=8595) to work on /usr/local/lib/python3.10/site-packages/airflow/example_dags/tutorial_dag.py
[2025-01-13T18:08:32.666-0500] {processor.py:914} INFO - Processing file /usr/local/lib/python3.10/site-packages/airflow/example_dags/tutorial_dag.py for tasks to queue
[2025-01-13T18:08:32.668-0500] {logging_mixin.py:190} INFO - [2025-01-13T18:08:32.667-0500] {dagbag.py:588} INFO - Filling up the DagBag from /usr/local/lib/python3.10/site-packages/airflow/example_dags/tutorial_dag.py
[2025-01-13T18:08:32.695-0500] {processor.py:925} INFO - DAG(s) 'tutorial_dag' retrieved from /usr/local/lib/python3.10/site-packages/airflow/example_dags/tutorial_dag.py
[2025-01-13T18:08:32.852-0500] {logging_mixin.py:190} INFO - [2025-01-13T18:08:32.852-0500] {dag.py:3239} INFO - Sync 1 DAGs
[2025-01-13T18:08:32.862-0500] {logging_mixin.py:190} INFO - [2025-01-13T18:08:32.862-0500] {dag.py:4180} INFO - Setting next_dagrun for tutorial_dag to None, run_after=None
[2025-01-13T18:08:32.880-0500] {processor.py:208} INFO - Processing /usr/local/lib/python3.10/site-packages/airflow/example_dags/tutorial_dag.py took 0.220 seconds
[2025-01-13T18:10:46.955-0500] {processor.py:186} INFO - Started process (PID=10138) to work on /usr/local/lib/python3.10/site-packages/airflow/example_dags/tutorial_dag.py
[2025-01-13T18:10:46.956-0500] {processor.py:914} INFO - Processing file /usr/local/lib/python3.10/site-packages/airflow/example_dags/tutorial_dag.py for tasks to queue
[2025-01-13T18:10:46.957-0500] {logging_mixin.py:190} INFO - [2025-01-13T18:10:46.957-0500] {dagbag.py:588} INFO - Filling up the DagBag from /usr/local/lib/python3.10/site-packages/airflow/example_dags/tutorial_dag.py
[2025-01-13T18:10:46.982-0500] {processor.py:925} INFO - DAG(s) 'tutorial_dag' retrieved from /usr/local/lib/python3.10/site-packages/airflow/example_dags/tutorial_dag.py
[2025-01-13T18:10:47.144-0500] {logging_mixin.py:190} INFO - [2025-01-13T18:10:47.143-0500] {dag.py:3239} INFO - Sync 1 DAGs
[2025-01-13T18:10:47.153-0500] {logging_mixin.py:190} INFO - [2025-01-13T18:10:47.153-0500] {dag.py:4180} INFO - Setting next_dagrun for tutorial_dag to None, run_after=None
[2025-01-13T18:10:47.171-0500] {processor.py:208} INFO - Processing /usr/local/lib/python3.10/site-packages/airflow/example_dags/tutorial_dag.py took 0.221 seconds
[2025-01-13T18:13:15.534-0500] {processor.py:186} INFO - Started process (PID=11938) to work on /usr/local/lib/python3.10/site-packages/airflow/example_dags/tutorial_dag.py
[2025-01-13T18:13:15.538-0500] {processor.py:914} INFO - Processing file /usr/local/lib/python3.10/site-packages/airflow/example_dags/tutorial_dag.py for tasks to queue
[2025-01-13T18:13:15.539-0500] {logging_mixin.py:190} INFO - [2025-01-13T18:13:15.539-0500] {dagbag.py:588} INFO - Filling up the DagBag from /usr/local/lib/python3.10/site-packages/airflow/example_dags/tutorial_dag.py
[2025-01-13T18:13:15.564-0500] {processor.py:925} INFO - DAG(s) 'tutorial_dag' retrieved from /usr/local/lib/python3.10/site-packages/airflow/example_dags/tutorial_dag.py
[2025-01-13T18:13:15.725-0500] {logging_mixin.py:190} INFO - [2025-01-13T18:13:15.724-0500] {dag.py:3239} INFO - Sync 1 DAGs
[2025-01-13T18:13:15.735-0500] {logging_mixin.py:190} INFO - [2025-01-13T18:13:15.735-0500] {dag.py:4180} INFO - Setting next_dagrun for tutorial_dag to None, run_after=None
[2025-01-13T18:13:15.776-0500] {processor.py:208} INFO - Processing /usr/local/lib/python3.10/site-packages/airflow/example_dags/tutorial_dag.py took 0.247 seconds
[2025-01-13T18:15:38.870-0500] {processor.py:186} INFO - Started process (PID=13583) to work on /usr/local/lib/python3.10/site-packages/airflow/example_dags/tutorial_dag.py
[2025-01-13T18:15:38.871-0500] {processor.py:914} INFO - Processing file /usr/local/lib/python3.10/site-packages/airflow/example_dags/tutorial_dag.py for tasks to queue
[2025-01-13T18:15:38.873-0500] {logging_mixin.py:190} INFO - [2025-01-13T18:15:38.872-0500] {dagbag.py:588} INFO - Filling up the DagBag from /usr/local/lib/python3.10/site-packages/airflow/example_dags/tutorial_dag.py
[2025-01-13T18:15:38.898-0500] {processor.py:925} INFO - DAG(s) 'tutorial_dag' retrieved from /usr/local/lib/python3.10/site-packages/airflow/example_dags/tutorial_dag.py
[2025-01-13T18:15:39.058-0500] {logging_mixin.py:190} INFO - [2025-01-13T18:15:39.058-0500] {dag.py:3239} INFO - Sync 1 DAGs
[2025-01-13T18:15:39.068-0500] {logging_mixin.py:190} INFO - [2025-01-13T18:15:39.068-0500] {dag.py:4180} INFO - Setting next_dagrun for tutorial_dag to None, run_after=None
[2025-01-13T18:15:39.087-0500] {processor.py:208} INFO - Processing /usr/local/lib/python3.10/site-packages/airflow/example_dags/tutorial_dag.py took 0.222 seconds
[2025-01-13T18:18:15.149-0500] {processor.py:186} INFO - Started process (PID=15413) to work on /usr/local/lib/python3.10/site-packages/airflow/example_dags/tutorial_dag.py
[2025-01-13T18:18:15.151-0500] {processor.py:914} INFO - Processing file /usr/local/lib/python3.10/site-packages/airflow/example_dags/tutorial_dag.py for tasks to queue
[2025-01-13T18:18:15.152-0500] {logging_mixin.py:190} INFO - [2025-01-13T18:18:15.152-0500] {dagbag.py:588} INFO - Filling up the DagBag from /usr/local/lib/python3.10/site-packages/airflow/example_dags/tutorial_dag.py
[2025-01-13T18:18:15.178-0500] {processor.py:925} INFO - DAG(s) 'tutorial_dag' retrieved from /usr/local/lib/python3.10/site-packages/airflow/example_dags/tutorial_dag.py
[2025-01-13T18:18:15.343-0500] {logging_mixin.py:190} INFO - [2025-01-13T18:18:15.343-0500] {dag.py:3239} INFO - Sync 1 DAGs
[2025-01-13T18:18:15.354-0500] {logging_mixin.py:190} INFO - [2025-01-13T18:18:15.354-0500] {dag.py:4180} INFO - Setting next_dagrun for tutorial_dag to None, run_after=None
[2025-01-13T18:18:15.371-0500] {processor.py:208} INFO - Processing /usr/local/lib/python3.10/site-packages/airflow/example_dags/tutorial_dag.py took 0.227 seconds
[2025-01-13T18:20:38.526-0500] {processor.py:186} INFO - Started process (PID=17103) to work on /usr/local/lib/python3.10/site-packages/airflow/example_dags/tutorial_dag.py
[2025-01-13T18:20:38.528-0500] {processor.py:914} INFO - Processing file /usr/local/lib/python3.10/site-packages/airflow/example_dags/tutorial_dag.py for tasks to queue
[2025-01-13T18:20:38.529-0500] {logging_mixin.py:190} INFO - [2025-01-13T18:20:38.529-0500] {dagbag.py:588} INFO - Filling up the DagBag from /usr/local/lib/python3.10/site-packages/airflow/example_dags/tutorial_dag.py
[2025-01-13T18:20:38.552-0500] {processor.py:925} INFO - DAG(s) 'tutorial_dag' retrieved from /usr/local/lib/python3.10/site-packages/airflow/example_dags/tutorial_dag.py
[2025-01-13T18:20:38.704-0500] {logging_mixin.py:190} INFO - [2025-01-13T18:20:38.703-0500] {dag.py:3239} INFO - Sync 1 DAGs
[2025-01-13T18:20:38.714-0500] {logging_mixin.py:190} INFO - [2025-01-13T18:20:38.713-0500] {dag.py:4180} INFO - Setting next_dagrun for tutorial_dag to None, run_after=None
[2025-01-13T18:20:38.729-0500] {processor.py:208} INFO - Processing /usr/local/lib/python3.10/site-packages/airflow/example_dags/tutorial_dag.py took 0.207 seconds
[2025-01-13T18:22:49.571-0500] {processor.py:186} INFO - Started process (PID=18628) to work on /usr/local/lib/python3.10/site-packages/airflow/example_dags/tutorial_dag.py
[2025-01-13T18:22:49.574-0500] {processor.py:914} INFO - Processing file /usr/local/lib/python3.10/site-packages/airflow/example_dags/tutorial_dag.py for tasks to queue
[2025-01-13T18:22:49.575-0500] {logging_mixin.py:190} INFO - [2025-01-13T18:22:49.575-0500] {dagbag.py:588} INFO - Filling up the DagBag from /usr/local/lib/python3.10/site-packages/airflow/example_dags/tutorial_dag.py
[2025-01-13T18:22:49.602-0500] {processor.py:925} INFO - DAG(s) 'tutorial_dag' retrieved from /usr/local/lib/python3.10/site-packages/airflow/example_dags/tutorial_dag.py
[2025-01-13T18:22:49.787-0500] {logging_mixin.py:190} INFO - [2025-01-13T18:22:49.787-0500] {dag.py:3239} INFO - Sync 1 DAGs
[2025-01-13T18:22:49.799-0500] {logging_mixin.py:190} INFO - [2025-01-13T18:22:49.799-0500] {dag.py:4180} INFO - Setting next_dagrun for tutorial_dag to None, run_after=None
[2025-01-13T18:22:49.821-0500] {processor.py:208} INFO - Processing /usr/local/lib/python3.10/site-packages/airflow/example_dags/tutorial_dag.py took 0.253 seconds
[2025-01-13T18:25:11.373-0500] {processor.py:186} INFO - Started process (PID=20267) to work on /usr/local/lib/python3.10/site-packages/airflow/example_dags/tutorial_dag.py
[2025-01-13T18:25:11.375-0500] {processor.py:914} INFO - Processing file /usr/local/lib/python3.10/site-packages/airflow/example_dags/tutorial_dag.py for tasks to queue
[2025-01-13T18:25:11.376-0500] {logging_mixin.py:190} INFO - [2025-01-13T18:25:11.376-0500] {dagbag.py:588} INFO - Filling up the DagBag from /usr/local/lib/python3.10/site-packages/airflow/example_dags/tutorial_dag.py
[2025-01-13T18:25:11.401-0500] {processor.py:925} INFO - DAG(s) 'tutorial_dag' retrieved from /usr/local/lib/python3.10/site-packages/airflow/example_dags/tutorial_dag.py
[2025-01-13T18:25:11.568-0500] {logging_mixin.py:190} INFO - [2025-01-13T18:25:11.567-0500] {dag.py:3239} INFO - Sync 1 DAGs
[2025-01-13T18:25:11.578-0500] {logging_mixin.py:190} INFO - [2025-01-13T18:25:11.578-0500] {dag.py:4180} INFO - Setting next_dagrun for tutorial_dag to None, run_after=None
[2025-01-13T18:25:11.595-0500] {processor.py:208} INFO - Processing /usr/local/lib/python3.10/site-packages/airflow/example_dags/tutorial_dag.py took 0.227 seconds
[2025-01-13T18:27:19.636-0500] {processor.py:186} INFO - Started process (PID=21677) to work on /usr/local/lib/python3.10/site-packages/airflow/example_dags/tutorial_dag.py
[2025-01-13T18:27:19.638-0500] {processor.py:914} INFO - Processing file /usr/local/lib/python3.10/site-packages/airflow/example_dags/tutorial_dag.py for tasks to queue
[2025-01-13T18:27:19.639-0500] {logging_mixin.py:190} INFO - [2025-01-13T18:27:19.639-0500] {dagbag.py:588} INFO - Filling up the DagBag from /usr/local/lib/python3.10/site-packages/airflow/example_dags/tutorial_dag.py
[2025-01-13T18:27:19.662-0500] {processor.py:925} INFO - DAG(s) 'tutorial_dag' retrieved from /usr/local/lib/python3.10/site-packages/airflow/example_dags/tutorial_dag.py
[2025-01-13T18:27:19.813-0500] {logging_mixin.py:190} INFO - [2025-01-13T18:27:19.813-0500] {dag.py:3239} INFO - Sync 1 DAGs
[2025-01-13T18:27:19.823-0500] {logging_mixin.py:190} INFO - [2025-01-13T18:27:19.823-0500] {dag.py:4180} INFO - Setting next_dagrun for tutorial_dag to None, run_after=None
[2025-01-13T18:27:19.840-0500] {processor.py:208} INFO - Processing /usr/local/lib/python3.10/site-packages/airflow/example_dags/tutorial_dag.py took 0.207 seconds
[2025-01-13T18:29:28.473-0500] {processor.py:186} INFO - Started process (PID=23224) to work on /usr/local/lib/python3.10/site-packages/airflow/example_dags/tutorial_dag.py
[2025-01-13T18:29:28.475-0500] {processor.py:914} INFO - Processing file /usr/local/lib/python3.10/site-packages/airflow/example_dags/tutorial_dag.py for tasks to queue
[2025-01-13T18:29:28.476-0500] {logging_mixin.py:190} INFO - [2025-01-13T18:29:28.476-0500] {dagbag.py:588} INFO - Filling up the DagBag from /usr/local/lib/python3.10/site-packages/airflow/example_dags/tutorial_dag.py
[2025-01-13T18:29:28.512-0500] {processor.py:925} INFO - DAG(s) 'tutorial_dag' retrieved from /usr/local/lib/python3.10/site-packages/airflow/example_dags/tutorial_dag.py
[2025-01-13T18:29:28.780-0500] {logging_mixin.py:190} INFO - [2025-01-13T18:29:28.780-0500] {dag.py:3239} INFO - Sync 1 DAGs
[2025-01-13T18:29:28.798-0500] {logging_mixin.py:190} INFO - [2025-01-13T18:29:28.797-0500] {dag.py:4180} INFO - Setting next_dagrun for tutorial_dag to None, run_after=None
[2025-01-13T18:29:28.828-0500] {processor.py:208} INFO - Processing /usr/local/lib/python3.10/site-packages/airflow/example_dags/tutorial_dag.py took 0.363 seconds
[2025-01-13T18:31:58.121-0500] {processor.py:186} INFO - Started process (PID=24978) to work on /usr/local/lib/python3.10/site-packages/airflow/example_dags/tutorial_dag.py
[2025-01-13T18:31:58.122-0500] {processor.py:914} INFO - Processing file /usr/local/lib/python3.10/site-packages/airflow/example_dags/tutorial_dag.py for tasks to queue
[2025-01-13T18:31:58.124-0500] {logging_mixin.py:190} INFO - [2025-01-13T18:31:58.123-0500] {dagbag.py:588} INFO - Filling up the DagBag from /usr/local/lib/python3.10/site-packages/airflow/example_dags/tutorial_dag.py
[2025-01-13T18:31:58.152-0500] {processor.py:925} INFO - DAG(s) 'tutorial_dag' retrieved from /usr/local/lib/python3.10/site-packages/airflow/example_dags/tutorial_dag.py
[2025-01-13T18:31:58.314-0500] {logging_mixin.py:190} INFO - [2025-01-13T18:31:58.314-0500] {dag.py:3239} INFO - Sync 1 DAGs
[2025-01-13T18:31:58.324-0500] {logging_mixin.py:190} INFO - [2025-01-13T18:31:58.324-0500] {dag.py:4180} INFO - Setting next_dagrun for tutorial_dag to None, run_after=None
[2025-01-13T18:31:58.344-0500] {processor.py:208} INFO - Processing /usr/local/lib/python3.10/site-packages/airflow/example_dags/tutorial_dag.py took 0.228 seconds
[2025-01-13T18:38:25.044-0500] {processor.py:186} INFO - Started process (PID=29365) to work on /usr/local/lib/python3.10/site-packages/airflow/example_dags/tutorial_dag.py
[2025-01-13T18:38:25.047-0500] {processor.py:914} INFO - Processing file /usr/local/lib/python3.10/site-packages/airflow/example_dags/tutorial_dag.py for tasks to queue
[2025-01-13T18:38:25.048-0500] {logging_mixin.py:190} INFO - [2025-01-13T18:38:25.048-0500] {dagbag.py:588} INFO - Filling up the DagBag from /usr/local/lib/python3.10/site-packages/airflow/example_dags/tutorial_dag.py
[2025-01-13T18:38:25.076-0500] {processor.py:925} INFO - DAG(s) 'tutorial_dag' retrieved from /usr/local/lib/python3.10/site-packages/airflow/example_dags/tutorial_dag.py
[2025-01-13T18:38:25.254-0500] {logging_mixin.py:190} INFO - [2025-01-13T18:38:25.254-0500] {dag.py:3239} INFO - Sync 1 DAGs
[2025-01-13T18:38:25.265-0500] {logging_mixin.py:190} INFO - [2025-01-13T18:38:25.265-0500] {dag.py:4180} INFO - Setting next_dagrun for tutorial_dag to None, run_after=None
[2025-01-13T18:38:25.284-0500] {processor.py:208} INFO - Processing /usr/local/lib/python3.10/site-packages/airflow/example_dags/tutorial_dag.py took 0.246 seconds
[2025-01-13T18:41:18.973-0500] {processor.py:186} INFO - Started process (PID=31352) to work on /usr/local/lib/python3.10/site-packages/airflow/example_dags/tutorial_dag.py
[2025-01-13T18:41:18.975-0500] {processor.py:914} INFO - Processing file /usr/local/lib/python3.10/site-packages/airflow/example_dags/tutorial_dag.py for tasks to queue
[2025-01-13T18:41:18.976-0500] {logging_mixin.py:190} INFO - [2025-01-13T18:41:18.976-0500] {dagbag.py:588} INFO - Filling up the DagBag from /usr/local/lib/python3.10/site-packages/airflow/example_dags/tutorial_dag.py
[2025-01-13T18:41:19.003-0500] {processor.py:925} INFO - DAG(s) 'tutorial_dag' retrieved from /usr/local/lib/python3.10/site-packages/airflow/example_dags/tutorial_dag.py
[2025-01-13T18:41:19.166-0500] {logging_mixin.py:190} INFO - [2025-01-13T18:41:19.166-0500] {dag.py:3239} INFO - Sync 1 DAGs
[2025-01-13T18:41:19.177-0500] {logging_mixin.py:190} INFO - [2025-01-13T18:41:19.177-0500] {dag.py:4180} INFO - Setting next_dagrun for tutorial_dag to None, run_after=None
[2025-01-13T18:41:19.195-0500] {processor.py:208} INFO - Processing /usr/local/lib/python3.10/site-packages/airflow/example_dags/tutorial_dag.py took 0.226 seconds
[2025-01-13T18:43:39.060-0500] {processor.py:186} INFO - Started process (PID=32886) to work on /usr/local/lib/python3.10/site-packages/airflow/example_dags/tutorial_dag.py
[2025-01-13T18:43:39.061-0500] {processor.py:914} INFO - Processing file /usr/local/lib/python3.10/site-packages/airflow/example_dags/tutorial_dag.py for tasks to queue
[2025-01-13T18:43:39.062-0500] {logging_mixin.py:190} INFO - [2025-01-13T18:43:39.062-0500] {dagbag.py:588} INFO - Filling up the DagBag from /usr/local/lib/python3.10/site-packages/airflow/example_dags/tutorial_dag.py
[2025-01-13T18:43:39.086-0500] {processor.py:925} INFO - DAG(s) 'tutorial_dag' retrieved from /usr/local/lib/python3.10/site-packages/airflow/example_dags/tutorial_dag.py
[2025-01-13T18:43:39.240-0500] {logging_mixin.py:190} INFO - [2025-01-13T18:43:39.240-0500] {dag.py:3239} INFO - Sync 1 DAGs
[2025-01-13T18:43:39.250-0500] {logging_mixin.py:190} INFO - [2025-01-13T18:43:39.250-0500] {dag.py:4180} INFO - Setting next_dagrun for tutorial_dag to None, run_after=None
[2025-01-13T18:43:39.267-0500] {processor.py:208} INFO - Processing /usr/local/lib/python3.10/site-packages/airflow/example_dags/tutorial_dag.py took 0.211 seconds
[2025-01-13T18:46:00.021-0500] {processor.py:186} INFO - Started process (PID=34523) to work on /usr/local/lib/python3.10/site-packages/airflow/example_dags/tutorial_dag.py
[2025-01-13T18:46:00.023-0500] {processor.py:914} INFO - Processing file /usr/local/lib/python3.10/site-packages/airflow/example_dags/tutorial_dag.py for tasks to queue
[2025-01-13T18:46:00.024-0500] {logging_mixin.py:190} INFO - [2025-01-13T18:46:00.024-0500] {dagbag.py:588} INFO - Filling up the DagBag from /usr/local/lib/python3.10/site-packages/airflow/example_dags/tutorial_dag.py
[2025-01-13T18:46:00.053-0500] {processor.py:925} INFO - DAG(s) 'tutorial_dag' retrieved from /usr/local/lib/python3.10/site-packages/airflow/example_dags/tutorial_dag.py
[2025-01-13T18:46:00.220-0500] {logging_mixin.py:190} INFO - [2025-01-13T18:46:00.219-0500] {dag.py:3239} INFO - Sync 1 DAGs
[2025-01-13T18:46:00.230-0500] {logging_mixin.py:190} INFO - [2025-01-13T18:46:00.230-0500] {dag.py:4180} INFO - Setting next_dagrun for tutorial_dag to None, run_after=None
[2025-01-13T18:46:00.248-0500] {processor.py:208} INFO - Processing /usr/local/lib/python3.10/site-packages/airflow/example_dags/tutorial_dag.py took 0.232 seconds
[2025-01-13T18:48:20.726-0500] {processor.py:186} INFO - Started process (PID=36187) to work on /usr/local/lib/python3.10/site-packages/airflow/example_dags/tutorial_dag.py
[2025-01-13T18:48:20.728-0500] {processor.py:914} INFO - Processing file /usr/local/lib/python3.10/site-packages/airflow/example_dags/tutorial_dag.py for tasks to queue
[2025-01-13T18:48:20.730-0500] {logging_mixin.py:190} INFO - [2025-01-13T18:48:20.729-0500] {dagbag.py:588} INFO - Filling up the DagBag from /usr/local/lib/python3.10/site-packages/airflow/example_dags/tutorial_dag.py
[2025-01-13T18:48:20.754-0500] {processor.py:925} INFO - DAG(s) 'tutorial_dag' retrieved from /usr/local/lib/python3.10/site-packages/airflow/example_dags/tutorial_dag.py
[2025-01-13T18:48:20.921-0500] {logging_mixin.py:190} INFO - [2025-01-13T18:48:20.921-0500] {dag.py:3239} INFO - Sync 1 DAGs
[2025-01-13T18:48:20.933-0500] {logging_mixin.py:190} INFO - [2025-01-13T18:48:20.933-0500] {dag.py:4180} INFO - Setting next_dagrun for tutorial_dag to None, run_after=None
[2025-01-13T18:48:20.952-0500] {processor.py:208} INFO - Processing /usr/local/lib/python3.10/site-packages/airflow/example_dags/tutorial_dag.py took 0.229 seconds
[2025-01-13T18:50:59.889-0500] {processor.py:186} INFO - Started process (PID=38028) to work on /usr/local/lib/python3.10/site-packages/airflow/example_dags/tutorial_dag.py
[2025-01-13T18:50:59.891-0500] {processor.py:914} INFO - Processing file /usr/local/lib/python3.10/site-packages/airflow/example_dags/tutorial_dag.py for tasks to queue
[2025-01-13T18:50:59.892-0500] {logging_mixin.py:190} INFO - [2025-01-13T18:50:59.892-0500] {dagbag.py:588} INFO - Filling up the DagBag from /usr/local/lib/python3.10/site-packages/airflow/example_dags/tutorial_dag.py
[2025-01-13T18:50:59.916-0500] {processor.py:925} INFO - DAG(s) 'tutorial_dag' retrieved from /usr/local/lib/python3.10/site-packages/airflow/example_dags/tutorial_dag.py
[2025-01-13T18:51:00.078-0500] {logging_mixin.py:190} INFO - [2025-01-13T18:51:00.078-0500] {dag.py:3239} INFO - Sync 1 DAGs
[2025-01-13T18:51:00.090-0500] {logging_mixin.py:190} INFO - [2025-01-13T18:51:00.090-0500] {dag.py:4180} INFO - Setting next_dagrun for tutorial_dag to None, run_after=None
[2025-01-13T18:51:00.110-0500] {processor.py:208} INFO - Processing /usr/local/lib/python3.10/site-packages/airflow/example_dags/tutorial_dag.py took 0.225 seconds
[2025-01-13T18:53:21.520-0500] {processor.py:186} INFO - Started process (PID=39682) to work on /usr/local/lib/python3.10/site-packages/airflow/example_dags/tutorial_dag.py
[2025-01-13T18:53:21.522-0500] {processor.py:914} INFO - Processing file /usr/local/lib/python3.10/site-packages/airflow/example_dags/tutorial_dag.py for tasks to queue
[2025-01-13T18:53:21.523-0500] {logging_mixin.py:190} INFO - [2025-01-13T18:53:21.523-0500] {dagbag.py:588} INFO - Filling up the DagBag from /usr/local/lib/python3.10/site-packages/airflow/example_dags/tutorial_dag.py
[2025-01-13T18:53:21.549-0500] {processor.py:925} INFO - DAG(s) 'tutorial_dag' retrieved from /usr/local/lib/python3.10/site-packages/airflow/example_dags/tutorial_dag.py
[2025-01-13T18:53:21.725-0500] {logging_mixin.py:190} INFO - [2025-01-13T18:53:21.724-0500] {dag.py:3239} INFO - Sync 1 DAGs
[2025-01-13T18:53:21.740-0500] {logging_mixin.py:190} INFO - [2025-01-13T18:53:21.739-0500] {dag.py:4180} INFO - Setting next_dagrun for tutorial_dag to None, run_after=None
[2025-01-13T18:53:21.805-0500] {processor.py:208} INFO - Processing /usr/local/lib/python3.10/site-packages/airflow/example_dags/tutorial_dag.py took 0.290 seconds
[2025-01-13T18:55:40.380-0500] {processor.py:186} INFO - Started process (PID=41227) to work on /usr/local/lib/python3.10/site-packages/airflow/example_dags/tutorial_dag.py
[2025-01-13T18:55:40.382-0500] {processor.py:914} INFO - Processing file /usr/local/lib/python3.10/site-packages/airflow/example_dags/tutorial_dag.py for tasks to queue
[2025-01-13T18:55:40.383-0500] {logging_mixin.py:190} INFO - [2025-01-13T18:55:40.383-0500] {dagbag.py:588} INFO - Filling up the DagBag from /usr/local/lib/python3.10/site-packages/airflow/example_dags/tutorial_dag.py
[2025-01-13T18:55:40.409-0500] {processor.py:925} INFO - DAG(s) 'tutorial_dag' retrieved from /usr/local/lib/python3.10/site-packages/airflow/example_dags/tutorial_dag.py
[2025-01-13T18:55:40.565-0500] {logging_mixin.py:190} INFO - [2025-01-13T18:55:40.564-0500] {dag.py:3239} INFO - Sync 1 DAGs
[2025-01-13T18:55:40.574-0500] {logging_mixin.py:190} INFO - [2025-01-13T18:55:40.574-0500] {dag.py:4180} INFO - Setting next_dagrun for tutorial_dag to None, run_after=None
[2025-01-13T18:55:40.591-0500] {processor.py:208} INFO - Processing /usr/local/lib/python3.10/site-packages/airflow/example_dags/tutorial_dag.py took 0.215 seconds
[2025-01-13T18:57:59.688-0500] {processor.py:186} INFO - Started process (PID=42932) to work on /usr/local/lib/python3.10/site-packages/airflow/example_dags/tutorial_dag.py
[2025-01-13T18:57:59.689-0500] {processor.py:914} INFO - Processing file /usr/local/lib/python3.10/site-packages/airflow/example_dags/tutorial_dag.py for tasks to queue
[2025-01-13T18:57:59.691-0500] {logging_mixin.py:190} INFO - [2025-01-13T18:57:59.690-0500] {dagbag.py:588} INFO - Filling up the DagBag from /usr/local/lib/python3.10/site-packages/airflow/example_dags/tutorial_dag.py
[2025-01-13T18:57:59.715-0500] {processor.py:925} INFO - DAG(s) 'tutorial_dag' retrieved from /usr/local/lib/python3.10/site-packages/airflow/example_dags/tutorial_dag.py
[2025-01-13T18:57:59.875-0500] {logging_mixin.py:190} INFO - [2025-01-13T18:57:59.875-0500] {dag.py:3239} INFO - Sync 1 DAGs
[2025-01-13T18:57:59.885-0500] {logging_mixin.py:190} INFO - [2025-01-13T18:57:59.885-0500] {dag.py:4180} INFO - Setting next_dagrun for tutorial_dag to None, run_after=None
[2025-01-13T18:57:59.904-0500] {processor.py:208} INFO - Processing /usr/local/lib/python3.10/site-packages/airflow/example_dags/tutorial_dag.py took 0.220 seconds
