[2025-01-13T16:51:33.409-0500] {processor.py:186} INFO - Started process (PID=55823) to work on /usr/local/lib/python3.10/site-packages/airflow/example_dags/tutorial_objectstorage.py
[2025-01-13T16:51:33.410-0500] {processor.py:914} INFO - Processing file /usr/local/lib/python3.10/site-packages/airflow/example_dags/tutorial_objectstorage.py for tasks to queue
[2025-01-13T16:51:33.411-0500] {logging_mixin.py:190} INFO - [2025-01-13T16:51:33.411-0500] {dagbag.py:588} INFO - Filling up the DagBag from /usr/local/lib/python3.10/site-packages/airflow/example_dags/tutorial_objectstorage.py
[2025-01-13T16:51:33.448-0500] {processor.py:925} INFO - DAG(s) 'tutorial_objectstorage' retrieved from /usr/local/lib/python3.10/site-packages/airflow/example_dags/tutorial_objectstorage.py
[2025-01-13T16:51:33.686-0500] {logging_mixin.py:190} INFO - [2025-01-13T16:51:33.686-0500] {override.py:1912} INFO - Created Permission View: can delete on DAG:tutorial_objectstorage
[2025-01-13T16:51:33.694-0500] {logging_mixin.py:190} INFO - [2025-01-13T16:51:33.693-0500] {override.py:1912} INFO - Created Permission View: can edit on DAG:tutorial_objectstorage
[2025-01-13T16:51:33.699-0500] {logging_mixin.py:190} INFO - [2025-01-13T16:51:33.699-0500] {override.py:1912} INFO - Created Permission View: can read on DAG:tutorial_objectstorage
[2025-01-13T16:51:33.706-0500] {logging_mixin.py:190} INFO - [2025-01-13T16:51:33.706-0500] {override.py:1912} INFO - Created Permission View: can delete on DAG Run:tutorial_objectstorage
[2025-01-13T16:51:33.711-0500] {logging_mixin.py:190} INFO - [2025-01-13T16:51:33.711-0500] {override.py:1912} INFO - Created Permission View: menu access on DAG Run:tutorial_objectstorage
[2025-01-13T16:51:33.717-0500] {logging_mixin.py:190} INFO - [2025-01-13T16:51:33.716-0500] {override.py:1912} INFO - Created Permission View: can create on DAG Run:tutorial_objectstorage
[2025-01-13T16:51:33.722-0500] {logging_mixin.py:190} INFO - [2025-01-13T16:51:33.722-0500] {override.py:1912} INFO - Created Permission View: can read on DAG Run:tutorial_objectstorage
[2025-01-13T16:51:33.722-0500] {logging_mixin.py:190} INFO - [2025-01-13T16:51:33.722-0500] {dag.py:3239} INFO - Sync 1 DAGs
[2025-01-13T16:51:33.733-0500] {logging_mixin.py:190} INFO - [2025-01-13T16:51:33.733-0500] {dag.py:3262} INFO - Creating ORM DAG for tutorial_objectstorage
[2025-01-13T16:51:33.734-0500] {logging_mixin.py:190} INFO - [2025-01-13T16:51:33.734-0500] {dag.py:4180} INFO - Setting next_dagrun for tutorial_objectstorage to None, run_after=None
[2025-01-13T16:51:33.748-0500] {processor.py:208} INFO - Processing /usr/local/lib/python3.10/site-packages/airflow/example_dags/tutorial_objectstorage.py took 0.344 seconds
[2025-01-13T16:54:34.873-0500] {processor.py:186} INFO - Started process (PID=57902) to work on /usr/local/lib/python3.10/site-packages/airflow/example_dags/tutorial_objectstorage.py
[2025-01-13T16:54:34.875-0500] {processor.py:914} INFO - Processing file /usr/local/lib/python3.10/site-packages/airflow/example_dags/tutorial_objectstorage.py for tasks to queue
[2025-01-13T16:54:34.876-0500] {logging_mixin.py:190} INFO - [2025-01-13T16:54:34.876-0500] {dagbag.py:588} INFO - Filling up the DagBag from /usr/local/lib/python3.10/site-packages/airflow/example_dags/tutorial_objectstorage.py
[2025-01-13T16:54:34.914-0500] {processor.py:925} INFO - DAG(s) 'tutorial_objectstorage' retrieved from /usr/local/lib/python3.10/site-packages/airflow/example_dags/tutorial_objectstorage.py
[2025-01-13T16:54:35.074-0500] {logging_mixin.py:190} INFO - [2025-01-13T16:54:35.073-0500] {dag.py:3239} INFO - Sync 1 DAGs
[2025-01-13T16:54:35.086-0500] {logging_mixin.py:190} INFO - [2025-01-13T16:54:35.086-0500] {dag.py:4180} INFO - Setting next_dagrun for tutorial_objectstorage to None, run_after=None
[2025-01-13T16:54:35.103-0500] {processor.py:208} INFO - Processing /usr/local/lib/python3.10/site-packages/airflow/example_dags/tutorial_objectstorage.py took 0.234 seconds
[2025-01-13T16:56:45.103-0500] {processor.py:186} INFO - Started process (PID=59301) to work on /usr/local/lib/python3.10/site-packages/airflow/example_dags/tutorial_objectstorage.py
[2025-01-13T16:56:45.105-0500] {processor.py:914} INFO - Processing file /usr/local/lib/python3.10/site-packages/airflow/example_dags/tutorial_objectstorage.py for tasks to queue
[2025-01-13T16:56:45.106-0500] {logging_mixin.py:190} INFO - [2025-01-13T16:56:45.106-0500] {dagbag.py:588} INFO - Filling up the DagBag from /usr/local/lib/python3.10/site-packages/airflow/example_dags/tutorial_objectstorage.py
[2025-01-13T16:56:45.141-0500] {processor.py:925} INFO - DAG(s) 'tutorial_objectstorage' retrieved from /usr/local/lib/python3.10/site-packages/airflow/example_dags/tutorial_objectstorage.py
[2025-01-13T16:56:45.296-0500] {logging_mixin.py:190} INFO - [2025-01-13T16:56:45.295-0500] {dag.py:3239} INFO - Sync 1 DAGs
[2025-01-13T16:56:45.306-0500] {logging_mixin.py:190} INFO - [2025-01-13T16:56:45.306-0500] {dag.py:4180} INFO - Setting next_dagrun for tutorial_objectstorage to None, run_after=None
[2025-01-13T16:56:45.323-0500] {processor.py:208} INFO - Processing /usr/local/lib/python3.10/site-packages/airflow/example_dags/tutorial_objectstorage.py took 0.224 seconds
[2025-01-13T16:59:22.475-0500] {processor.py:186} INFO - Started process (PID=61231) to work on /usr/local/lib/python3.10/site-packages/airflow/example_dags/tutorial_objectstorage.py
[2025-01-13T16:59:22.477-0500] {processor.py:914} INFO - Processing file /usr/local/lib/python3.10/site-packages/airflow/example_dags/tutorial_objectstorage.py for tasks to queue
[2025-01-13T16:59:22.478-0500] {logging_mixin.py:190} INFO - [2025-01-13T16:59:22.478-0500] {dagbag.py:588} INFO - Filling up the DagBag from /usr/local/lib/python3.10/site-packages/airflow/example_dags/tutorial_objectstorage.py
[2025-01-13T16:59:22.512-0500] {processor.py:925} INFO - DAG(s) 'tutorial_objectstorage' retrieved from /usr/local/lib/python3.10/site-packages/airflow/example_dags/tutorial_objectstorage.py
[2025-01-13T16:59:22.666-0500] {logging_mixin.py:190} INFO - [2025-01-13T16:59:22.665-0500] {dag.py:3239} INFO - Sync 1 DAGs
[2025-01-13T16:59:22.676-0500] {logging_mixin.py:190} INFO - [2025-01-13T16:59:22.676-0500] {dag.py:4180} INFO - Setting next_dagrun for tutorial_objectstorage to None, run_after=None
[2025-01-13T16:59:22.692-0500] {processor.py:208} INFO - Processing /usr/local/lib/python3.10/site-packages/airflow/example_dags/tutorial_objectstorage.py took 0.221 seconds
[2025-01-13T17:01:32.516-0500] {processor.py:186} INFO - Started process (PID=62631) to work on /usr/local/lib/python3.10/site-packages/airflow/example_dags/tutorial_objectstorage.py
[2025-01-13T17:01:32.518-0500] {processor.py:914} INFO - Processing file /usr/local/lib/python3.10/site-packages/airflow/example_dags/tutorial_objectstorage.py for tasks to queue
[2025-01-13T17:01:32.519-0500] {logging_mixin.py:190} INFO - [2025-01-13T17:01:32.519-0500] {dagbag.py:588} INFO - Filling up the DagBag from /usr/local/lib/python3.10/site-packages/airflow/example_dags/tutorial_objectstorage.py
[2025-01-13T17:01:32.553-0500] {processor.py:925} INFO - DAG(s) 'tutorial_objectstorage' retrieved from /usr/local/lib/python3.10/site-packages/airflow/example_dags/tutorial_objectstorage.py
[2025-01-13T17:01:32.710-0500] {logging_mixin.py:190} INFO - [2025-01-13T17:01:32.710-0500] {dag.py:3239} INFO - Sync 1 DAGs
[2025-01-13T17:01:32.721-0500] {logging_mixin.py:190} INFO - [2025-01-13T17:01:32.720-0500] {dag.py:4180} INFO - Setting next_dagrun for tutorial_objectstorage to None, run_after=None
[2025-01-13T17:01:32.736-0500] {processor.py:208} INFO - Processing /usr/local/lib/python3.10/site-packages/airflow/example_dags/tutorial_objectstorage.py took 0.224 seconds
[2025-01-13T17:03:41.523-0500] {processor.py:186} INFO - Started process (PID=64143) to work on /usr/local/lib/python3.10/site-packages/airflow/example_dags/tutorial_objectstorage.py
[2025-01-13T17:03:41.525-0500] {processor.py:914} INFO - Processing file /usr/local/lib/python3.10/site-packages/airflow/example_dags/tutorial_objectstorage.py for tasks to queue
[2025-01-13T17:03:41.526-0500] {logging_mixin.py:190} INFO - [2025-01-13T17:03:41.526-0500] {dagbag.py:588} INFO - Filling up the DagBag from /usr/local/lib/python3.10/site-packages/airflow/example_dags/tutorial_objectstorage.py
[2025-01-13T17:03:41.560-0500] {processor.py:925} INFO - DAG(s) 'tutorial_objectstorage' retrieved from /usr/local/lib/python3.10/site-packages/airflow/example_dags/tutorial_objectstorage.py
[2025-01-13T17:03:41.711-0500] {logging_mixin.py:190} INFO - [2025-01-13T17:03:41.711-0500] {dag.py:3239} INFO - Sync 1 DAGs
[2025-01-13T17:03:41.722-0500] {logging_mixin.py:190} INFO - [2025-01-13T17:03:41.722-0500] {dag.py:4180} INFO - Setting next_dagrun for tutorial_objectstorage to None, run_after=None
[2025-01-13T17:03:41.736-0500] {processor.py:208} INFO - Processing /usr/local/lib/python3.10/site-packages/airflow/example_dags/tutorial_objectstorage.py took 0.217 seconds
[2025-01-13T17:05:54.220-0500] {processor.py:186} INFO - Started process (PID=65660) to work on /usr/local/lib/python3.10/site-packages/airflow/example_dags/tutorial_objectstorage.py
[2025-01-13T17:05:54.222-0500] {processor.py:914} INFO - Processing file /usr/local/lib/python3.10/site-packages/airflow/example_dags/tutorial_objectstorage.py for tasks to queue
[2025-01-13T17:05:54.223-0500] {logging_mixin.py:190} INFO - [2025-01-13T17:05:54.223-0500] {dagbag.py:588} INFO - Filling up the DagBag from /usr/local/lib/python3.10/site-packages/airflow/example_dags/tutorial_objectstorage.py
[2025-01-13T17:05:54.258-0500] {processor.py:925} INFO - DAG(s) 'tutorial_objectstorage' retrieved from /usr/local/lib/python3.10/site-packages/airflow/example_dags/tutorial_objectstorage.py
[2025-01-13T17:05:54.414-0500] {logging_mixin.py:190} INFO - [2025-01-13T17:05:54.414-0500] {dag.py:3239} INFO - Sync 1 DAGs
[2025-01-13T17:05:54.425-0500] {logging_mixin.py:190} INFO - [2025-01-13T17:05:54.425-0500] {dag.py:4180} INFO - Setting next_dagrun for tutorial_objectstorage to None, run_after=None
[2025-01-13T17:05:54.439-0500] {processor.py:208} INFO - Processing /usr/local/lib/python3.10/site-packages/airflow/example_dags/tutorial_objectstorage.py took 0.223 seconds
[2025-01-13T17:08:03.958-0500] {processor.py:186} INFO - Started process (PID=67073) to work on /usr/local/lib/python3.10/site-packages/airflow/example_dags/tutorial_objectstorage.py
[2025-01-13T17:08:03.959-0500] {processor.py:914} INFO - Processing file /usr/local/lib/python3.10/site-packages/airflow/example_dags/tutorial_objectstorage.py for tasks to queue
[2025-01-13T17:08:03.960-0500] {logging_mixin.py:190} INFO - [2025-01-13T17:08:03.960-0500] {dagbag.py:588} INFO - Filling up the DagBag from /usr/local/lib/python3.10/site-packages/airflow/example_dags/tutorial_objectstorage.py
[2025-01-13T17:08:03.995-0500] {processor.py:925} INFO - DAG(s) 'tutorial_objectstorage' retrieved from /usr/local/lib/python3.10/site-packages/airflow/example_dags/tutorial_objectstorage.py
[2025-01-13T17:08:04.145-0500] {logging_mixin.py:190} INFO - [2025-01-13T17:08:04.144-0500] {dag.py:3239} INFO - Sync 1 DAGs
[2025-01-13T17:08:04.155-0500] {logging_mixin.py:190} INFO - [2025-01-13T17:08:04.155-0500] {dag.py:4180} INFO - Setting next_dagrun for tutorial_objectstorage to None, run_after=None
[2025-01-13T17:08:04.171-0500] {processor.py:208} INFO - Processing /usr/local/lib/python3.10/site-packages/airflow/example_dags/tutorial_objectstorage.py took 0.217 seconds
[2025-01-13T17:10:21.508-0500] {processor.py:186} INFO - Started process (PID=68711) to work on /usr/local/lib/python3.10/site-packages/airflow/example_dags/tutorial_objectstorage.py
[2025-01-13T17:10:21.509-0500] {processor.py:914} INFO - Processing file /usr/local/lib/python3.10/site-packages/airflow/example_dags/tutorial_objectstorage.py for tasks to queue
[2025-01-13T17:10:21.511-0500] {logging_mixin.py:190} INFO - [2025-01-13T17:10:21.510-0500] {dagbag.py:588} INFO - Filling up the DagBag from /usr/local/lib/python3.10/site-packages/airflow/example_dags/tutorial_objectstorage.py
[2025-01-13T17:10:21.544-0500] {processor.py:925} INFO - DAG(s) 'tutorial_objectstorage' retrieved from /usr/local/lib/python3.10/site-packages/airflow/example_dags/tutorial_objectstorage.py
[2025-01-13T17:10:21.696-0500] {logging_mixin.py:190} INFO - [2025-01-13T17:10:21.695-0500] {dag.py:3239} INFO - Sync 1 DAGs
[2025-01-13T17:10:21.706-0500] {logging_mixin.py:190} INFO - [2025-01-13T17:10:21.706-0500] {dag.py:4180} INFO - Setting next_dagrun for tutorial_objectstorage to None, run_after=None
[2025-01-13T17:10:21.722-0500] {processor.py:208} INFO - Processing /usr/local/lib/python3.10/site-packages/airflow/example_dags/tutorial_objectstorage.py took 0.218 seconds
[2025-01-13T17:12:30.249-0500] {processor.py:186} INFO - Started process (PID=70098) to work on /usr/local/lib/python3.10/site-packages/airflow/example_dags/tutorial_objectstorage.py
[2025-01-13T17:12:30.250-0500] {processor.py:914} INFO - Processing file /usr/local/lib/python3.10/site-packages/airflow/example_dags/tutorial_objectstorage.py for tasks to queue
[2025-01-13T17:12:30.251-0500] {logging_mixin.py:190} INFO - [2025-01-13T17:12:30.251-0500] {dagbag.py:588} INFO - Filling up the DagBag from /usr/local/lib/python3.10/site-packages/airflow/example_dags/tutorial_objectstorage.py
[2025-01-13T17:12:30.282-0500] {processor.py:925} INFO - DAG(s) 'tutorial_objectstorage' retrieved from /usr/local/lib/python3.10/site-packages/airflow/example_dags/tutorial_objectstorage.py
[2025-01-13T17:12:30.422-0500] {logging_mixin.py:190} INFO - [2025-01-13T17:12:30.422-0500] {dag.py:3239} INFO - Sync 1 DAGs
[2025-01-13T17:12:30.431-0500] {logging_mixin.py:190} INFO - [2025-01-13T17:12:30.431-0500] {dag.py:4180} INFO - Setting next_dagrun for tutorial_objectstorage to None, run_after=None
[2025-01-13T17:12:30.445-0500] {processor.py:208} INFO - Processing /usr/local/lib/python3.10/site-packages/airflow/example_dags/tutorial_objectstorage.py took 0.199 seconds
[2025-01-13T17:16:35.246-0500] {processor.py:186} INFO - Started process (PID=72490) to work on /usr/local/lib/python3.10/site-packages/airflow/example_dags/tutorial_objectstorage.py
[2025-01-13T17:16:35.248-0500] {processor.py:914} INFO - Processing file /usr/local/lib/python3.10/site-packages/airflow/example_dags/tutorial_objectstorage.py for tasks to queue
[2025-01-13T17:16:35.249-0500] {logging_mixin.py:190} INFO - [2025-01-13T17:16:35.249-0500] {dagbag.py:588} INFO - Filling up the DagBag from /usr/local/lib/python3.10/site-packages/airflow/example_dags/tutorial_objectstorage.py
[2025-01-13T17:16:35.288-0500] {processor.py:925} INFO - DAG(s) 'tutorial_objectstorage' retrieved from /usr/local/lib/python3.10/site-packages/airflow/example_dags/tutorial_objectstorage.py
[2025-01-13T17:16:35.451-0500] {logging_mixin.py:190} INFO - [2025-01-13T17:16:35.451-0500] {dag.py:3239} INFO - Sync 1 DAGs
[2025-01-13T17:16:35.463-0500] {logging_mixin.py:190} INFO - [2025-01-13T17:16:35.462-0500] {dag.py:4180} INFO - Setting next_dagrun for tutorial_objectstorage to None, run_after=None
[2025-01-13T17:16:35.479-0500] {processor.py:208} INFO - Processing /usr/local/lib/python3.10/site-packages/airflow/example_dags/tutorial_objectstorage.py took 0.238 seconds
[2025-01-13T17:19:03.100-0500] {processor.py:186} INFO - Started process (PID=74303) to work on /usr/local/lib/python3.10/site-packages/airflow/example_dags/tutorial_objectstorage.py
[2025-01-13T17:19:03.102-0500] {processor.py:914} INFO - Processing file /usr/local/lib/python3.10/site-packages/airflow/example_dags/tutorial_objectstorage.py for tasks to queue
[2025-01-13T17:19:03.103-0500] {logging_mixin.py:190} INFO - [2025-01-13T17:19:03.103-0500] {dagbag.py:588} INFO - Filling up the DagBag from /usr/local/lib/python3.10/site-packages/airflow/example_dags/tutorial_objectstorage.py
[2025-01-13T17:19:03.140-0500] {processor.py:925} INFO - DAG(s) 'tutorial_objectstorage' retrieved from /usr/local/lib/python3.10/site-packages/airflow/example_dags/tutorial_objectstorage.py
[2025-01-13T17:19:03.304-0500] {logging_mixin.py:190} INFO - [2025-01-13T17:19:03.304-0500] {dag.py:3239} INFO - Sync 1 DAGs
[2025-01-13T17:19:03.317-0500] {logging_mixin.py:190} INFO - [2025-01-13T17:19:03.316-0500] {dag.py:4180} INFO - Setting next_dagrun for tutorial_objectstorage to None, run_after=None
[2025-01-13T17:19:03.333-0500] {processor.py:208} INFO - Processing /usr/local/lib/python3.10/site-packages/airflow/example_dags/tutorial_objectstorage.py took 0.238 seconds
[2025-01-13T17:21:24.393-0500] {processor.py:186} INFO - Started process (PID=75819) to work on /usr/local/lib/python3.10/site-packages/airflow/example_dags/tutorial_objectstorage.py
[2025-01-13T17:21:24.395-0500] {processor.py:914} INFO - Processing file /usr/local/lib/python3.10/site-packages/airflow/example_dags/tutorial_objectstorage.py for tasks to queue
[2025-01-13T17:21:24.396-0500] {logging_mixin.py:190} INFO - [2025-01-13T17:21:24.396-0500] {dagbag.py:588} INFO - Filling up the DagBag from /usr/local/lib/python3.10/site-packages/airflow/example_dags/tutorial_objectstorage.py
[2025-01-13T17:21:24.430-0500] {processor.py:925} INFO - DAG(s) 'tutorial_objectstorage' retrieved from /usr/local/lib/python3.10/site-packages/airflow/example_dags/tutorial_objectstorage.py
[2025-01-13T17:21:24.591-0500] {logging_mixin.py:190} INFO - [2025-01-13T17:21:24.591-0500] {dag.py:3239} INFO - Sync 1 DAGs
[2025-01-13T17:21:24.603-0500] {logging_mixin.py:190} INFO - [2025-01-13T17:21:24.602-0500] {dag.py:4180} INFO - Setting next_dagrun for tutorial_objectstorage to None, run_after=None
[2025-01-13T17:21:24.620-0500] {processor.py:208} INFO - Processing /usr/local/lib/python3.10/site-packages/airflow/example_dags/tutorial_objectstorage.py took 0.230 seconds
[2025-01-13T17:23:38.856-0500] {processor.py:186} INFO - Started process (PID=77423) to work on /usr/local/lib/python3.10/site-packages/airflow/example_dags/tutorial_objectstorage.py
[2025-01-13T17:23:38.857-0500] {processor.py:914} INFO - Processing file /usr/local/lib/python3.10/site-packages/airflow/example_dags/tutorial_objectstorage.py for tasks to queue
[2025-01-13T17:23:38.859-0500] {logging_mixin.py:190} INFO - [2025-01-13T17:23:38.858-0500] {dagbag.py:588} INFO - Filling up the DagBag from /usr/local/lib/python3.10/site-packages/airflow/example_dags/tutorial_objectstorage.py
[2025-01-13T17:23:38.892-0500] {processor.py:925} INFO - DAG(s) 'tutorial_objectstorage' retrieved from /usr/local/lib/python3.10/site-packages/airflow/example_dags/tutorial_objectstorage.py
[2025-01-13T17:23:39.041-0500] {logging_mixin.py:190} INFO - [2025-01-13T17:23:39.040-0500] {dag.py:3239} INFO - Sync 1 DAGs
[2025-01-13T17:23:39.051-0500] {logging_mixin.py:190} INFO - [2025-01-13T17:23:39.051-0500] {dag.py:4180} INFO - Setting next_dagrun for tutorial_objectstorage to None, run_after=None
[2025-01-13T17:23:39.066-0500] {processor.py:208} INFO - Processing /usr/local/lib/python3.10/site-packages/airflow/example_dags/tutorial_objectstorage.py took 0.215 seconds
[2025-01-13T17:25:46.207-0500] {processor.py:186} INFO - Started process (PID=78805) to work on /usr/local/lib/python3.10/site-packages/airflow/example_dags/tutorial_objectstorage.py
[2025-01-13T17:25:46.208-0500] {processor.py:914} INFO - Processing file /usr/local/lib/python3.10/site-packages/airflow/example_dags/tutorial_objectstorage.py for tasks to queue
[2025-01-13T17:25:46.209-0500] {logging_mixin.py:190} INFO - [2025-01-13T17:25:46.209-0500] {dagbag.py:588} INFO - Filling up the DagBag from /usr/local/lib/python3.10/site-packages/airflow/example_dags/tutorial_objectstorage.py
[2025-01-13T17:25:46.243-0500] {processor.py:925} INFO - DAG(s) 'tutorial_objectstorage' retrieved from /usr/local/lib/python3.10/site-packages/airflow/example_dags/tutorial_objectstorage.py
[2025-01-13T17:25:46.390-0500] {logging_mixin.py:190} INFO - [2025-01-13T17:25:46.390-0500] {dag.py:3239} INFO - Sync 1 DAGs
[2025-01-13T17:25:46.401-0500] {logging_mixin.py:190} INFO - [2025-01-13T17:25:46.401-0500] {dag.py:4180} INFO - Setting next_dagrun for tutorial_objectstorage to None, run_after=None
[2025-01-13T17:25:46.416-0500] {processor.py:208} INFO - Processing /usr/local/lib/python3.10/site-packages/airflow/example_dags/tutorial_objectstorage.py took 0.213 seconds
[2025-01-13T17:27:52.243-0500] {processor.py:186} INFO - Started process (PID=80191) to work on /usr/local/lib/python3.10/site-packages/airflow/example_dags/tutorial_objectstorage.py
[2025-01-13T17:27:52.245-0500] {processor.py:914} INFO - Processing file /usr/local/lib/python3.10/site-packages/airflow/example_dags/tutorial_objectstorage.py for tasks to queue
[2025-01-13T17:27:52.246-0500] {logging_mixin.py:190} INFO - [2025-01-13T17:27:52.246-0500] {dagbag.py:588} INFO - Filling up the DagBag from /usr/local/lib/python3.10/site-packages/airflow/example_dags/tutorial_objectstorage.py
[2025-01-13T17:27:52.281-0500] {processor.py:925} INFO - DAG(s) 'tutorial_objectstorage' retrieved from /usr/local/lib/python3.10/site-packages/airflow/example_dags/tutorial_objectstorage.py
[2025-01-13T17:27:52.432-0500] {logging_mixin.py:190} INFO - [2025-01-13T17:27:52.432-0500] {dag.py:3239} INFO - Sync 1 DAGs
[2025-01-13T17:27:52.443-0500] {logging_mixin.py:190} INFO - [2025-01-13T17:27:52.443-0500] {dag.py:4180} INFO - Setting next_dagrun for tutorial_objectstorage to None, run_after=None
[2025-01-13T17:27:52.458-0500] {processor.py:208} INFO - Processing /usr/local/lib/python3.10/site-packages/airflow/example_dags/tutorial_objectstorage.py took 0.218 seconds
[2025-01-13T17:30:06.729-0500] {processor.py:186} INFO - Started process (PID=81682) to work on /usr/local/lib/python3.10/site-packages/airflow/example_dags/tutorial_objectstorage.py
[2025-01-13T17:30:06.731-0500] {processor.py:914} INFO - Processing file /usr/local/lib/python3.10/site-packages/airflow/example_dags/tutorial_objectstorage.py for tasks to queue
[2025-01-13T17:30:06.733-0500] {logging_mixin.py:190} INFO - [2025-01-13T17:30:06.733-0500] {dagbag.py:588} INFO - Filling up the DagBag from /usr/local/lib/python3.10/site-packages/airflow/example_dags/tutorial_objectstorage.py
[2025-01-13T17:30:06.778-0500] {processor.py:925} INFO - DAG(s) 'tutorial_objectstorage' retrieved from /usr/local/lib/python3.10/site-packages/airflow/example_dags/tutorial_objectstorage.py
[2025-01-13T17:30:06.974-0500] {logging_mixin.py:190} INFO - [2025-01-13T17:30:06.973-0500] {dag.py:3239} INFO - Sync 1 DAGs
[2025-01-13T17:30:06.989-0500] {logging_mixin.py:190} INFO - [2025-01-13T17:30:06.988-0500] {dag.py:4180} INFO - Setting next_dagrun for tutorial_objectstorage to None, run_after=None
[2025-01-13T17:30:07.012-0500] {processor.py:208} INFO - Processing /usr/local/lib/python3.10/site-packages/airflow/example_dags/tutorial_objectstorage.py took 0.287 seconds
[2025-01-13T17:32:22.977-0500] {processor.py:186} INFO - Started process (PID=83298) to work on /usr/local/lib/python3.10/site-packages/airflow/example_dags/tutorial_objectstorage.py
[2025-01-13T17:32:22.978-0500] {processor.py:914} INFO - Processing file /usr/local/lib/python3.10/site-packages/airflow/example_dags/tutorial_objectstorage.py for tasks to queue
[2025-01-13T17:32:22.979-0500] {logging_mixin.py:190} INFO - [2025-01-13T17:32:22.979-0500] {dagbag.py:588} INFO - Filling up the DagBag from /usr/local/lib/python3.10/site-packages/airflow/example_dags/tutorial_objectstorage.py
[2025-01-13T17:32:23.013-0500] {processor.py:925} INFO - DAG(s) 'tutorial_objectstorage' retrieved from /usr/local/lib/python3.10/site-packages/airflow/example_dags/tutorial_objectstorage.py
[2025-01-13T17:32:23.173-0500] {logging_mixin.py:190} INFO - [2025-01-13T17:32:23.173-0500] {dag.py:3239} INFO - Sync 1 DAGs
[2025-01-13T17:32:23.184-0500] {logging_mixin.py:190} INFO - [2025-01-13T17:32:23.184-0500] {dag.py:4180} INFO - Setting next_dagrun for tutorial_objectstorage to None, run_after=None
[2025-01-13T17:32:23.199-0500] {processor.py:208} INFO - Processing /usr/local/lib/python3.10/site-packages/airflow/example_dags/tutorial_objectstorage.py took 0.226 seconds
[2025-01-13T17:34:34.831-0500] {processor.py:186} INFO - Started process (PID=84836) to work on /usr/local/lib/python3.10/site-packages/airflow/example_dags/tutorial_objectstorage.py
[2025-01-13T17:34:34.833-0500] {processor.py:914} INFO - Processing file /usr/local/lib/python3.10/site-packages/airflow/example_dags/tutorial_objectstorage.py for tasks to queue
[2025-01-13T17:34:34.834-0500] {logging_mixin.py:190} INFO - [2025-01-13T17:34:34.834-0500] {dagbag.py:588} INFO - Filling up the DagBag from /usr/local/lib/python3.10/site-packages/airflow/example_dags/tutorial_objectstorage.py
[2025-01-13T17:34:34.873-0500] {processor.py:925} INFO - DAG(s) 'tutorial_objectstorage' retrieved from /usr/local/lib/python3.10/site-packages/airflow/example_dags/tutorial_objectstorage.py
[2025-01-13T17:34:35.048-0500] {logging_mixin.py:190} INFO - [2025-01-13T17:34:35.048-0500] {dag.py:3239} INFO - Sync 1 DAGs
[2025-01-13T17:34:35.060-0500] {logging_mixin.py:190} INFO - [2025-01-13T17:34:35.060-0500] {dag.py:4180} INFO - Setting next_dagrun for tutorial_objectstorage to None, run_after=None
[2025-01-13T17:34:35.078-0500] {processor.py:208} INFO - Processing /usr/local/lib/python3.10/site-packages/airflow/example_dags/tutorial_objectstorage.py took 0.251 seconds
[2025-01-13T17:36:56.064-0500] {processor.py:186} INFO - Started process (PID=86391) to work on /usr/local/lib/python3.10/site-packages/airflow/example_dags/tutorial_objectstorage.py
[2025-01-13T17:36:56.066-0500] {processor.py:914} INFO - Processing file /usr/local/lib/python3.10/site-packages/airflow/example_dags/tutorial_objectstorage.py for tasks to queue
[2025-01-13T17:36:56.067-0500] {logging_mixin.py:190} INFO - [2025-01-13T17:36:56.067-0500] {dagbag.py:588} INFO - Filling up the DagBag from /usr/local/lib/python3.10/site-packages/airflow/example_dags/tutorial_objectstorage.py
[2025-01-13T17:36:56.107-0500] {processor.py:925} INFO - DAG(s) 'tutorial_objectstorage' retrieved from /usr/local/lib/python3.10/site-packages/airflow/example_dags/tutorial_objectstorage.py
[2025-01-13T17:36:56.283-0500] {logging_mixin.py:190} INFO - [2025-01-13T17:36:56.283-0500] {dag.py:3239} INFO - Sync 1 DAGs
[2025-01-13T17:36:56.296-0500] {logging_mixin.py:190} INFO - [2025-01-13T17:36:56.295-0500] {dag.py:4180} INFO - Setting next_dagrun for tutorial_objectstorage to None, run_after=None
[2025-01-13T17:36:56.313-0500] {processor.py:208} INFO - Processing /usr/local/lib/python3.10/site-packages/airflow/example_dags/tutorial_objectstorage.py took 0.254 seconds
[2025-01-13T17:39:14.749-0500] {processor.py:186} INFO - Started process (PID=88008) to work on /usr/local/lib/python3.10/site-packages/airflow/example_dags/tutorial_objectstorage.py
[2025-01-13T17:39:14.751-0500] {processor.py:914} INFO - Processing file /usr/local/lib/python3.10/site-packages/airflow/example_dags/tutorial_objectstorage.py for tasks to queue
[2025-01-13T17:39:14.752-0500] {logging_mixin.py:190} INFO - [2025-01-13T17:39:14.752-0500] {dagbag.py:588} INFO - Filling up the DagBag from /usr/local/lib/python3.10/site-packages/airflow/example_dags/tutorial_objectstorage.py
[2025-01-13T17:39:14.786-0500] {processor.py:925} INFO - DAG(s) 'tutorial_objectstorage' retrieved from /usr/local/lib/python3.10/site-packages/airflow/example_dags/tutorial_objectstorage.py
[2025-01-13T17:39:14.938-0500] {logging_mixin.py:190} INFO - [2025-01-13T17:39:14.937-0500] {dag.py:3239} INFO - Sync 1 DAGs
[2025-01-13T17:39:14.948-0500] {logging_mixin.py:190} INFO - [2025-01-13T17:39:14.948-0500] {dag.py:4180} INFO - Setting next_dagrun for tutorial_objectstorage to None, run_after=None
[2025-01-13T17:39:14.963-0500] {processor.py:208} INFO - Processing /usr/local/lib/python3.10/site-packages/airflow/example_dags/tutorial_objectstorage.py took 0.218 seconds
[2025-01-13T17:41:28.119-0500] {processor.py:186} INFO - Started process (PID=89505) to work on /usr/local/lib/python3.10/site-packages/airflow/example_dags/tutorial_objectstorage.py
[2025-01-13T17:41:28.121-0500] {processor.py:914} INFO - Processing file /usr/local/lib/python3.10/site-packages/airflow/example_dags/tutorial_objectstorage.py for tasks to queue
[2025-01-13T17:41:28.122-0500] {logging_mixin.py:190} INFO - [2025-01-13T17:41:28.122-0500] {dagbag.py:588} INFO - Filling up the DagBag from /usr/local/lib/python3.10/site-packages/airflow/example_dags/tutorial_objectstorage.py
[2025-01-13T17:41:28.160-0500] {processor.py:925} INFO - DAG(s) 'tutorial_objectstorage' retrieved from /usr/local/lib/python3.10/site-packages/airflow/example_dags/tutorial_objectstorage.py
[2025-01-13T17:41:28.319-0500] {logging_mixin.py:190} INFO - [2025-01-13T17:41:28.319-0500] {dag.py:3239} INFO - Sync 1 DAGs
[2025-01-13T17:41:28.333-0500] {logging_mixin.py:190} INFO - [2025-01-13T17:41:28.332-0500] {dag.py:4180} INFO - Setting next_dagrun for tutorial_objectstorage to None, run_after=None
[2025-01-13T17:41:28.353-0500] {processor.py:208} INFO - Processing /usr/local/lib/python3.10/site-packages/airflow/example_dags/tutorial_objectstorage.py took 0.238 seconds
[2025-01-13T17:43:56.107-0500] {processor.py:186} INFO - Started process (PID=91146) to work on /usr/local/lib/python3.10/site-packages/airflow/example_dags/tutorial_objectstorage.py
[2025-01-13T17:43:56.109-0500] {processor.py:914} INFO - Processing file /usr/local/lib/python3.10/site-packages/airflow/example_dags/tutorial_objectstorage.py for tasks to queue
[2025-01-13T17:43:56.110-0500] {logging_mixin.py:190} INFO - [2025-01-13T17:43:56.110-0500] {dagbag.py:588} INFO - Filling up the DagBag from /usr/local/lib/python3.10/site-packages/airflow/example_dags/tutorial_objectstorage.py
[2025-01-13T17:43:56.146-0500] {processor.py:925} INFO - DAG(s) 'tutorial_objectstorage' retrieved from /usr/local/lib/python3.10/site-packages/airflow/example_dags/tutorial_objectstorage.py
[2025-01-13T17:43:56.307-0500] {logging_mixin.py:190} INFO - [2025-01-13T17:43:56.307-0500] {dag.py:3239} INFO - Sync 1 DAGs
[2025-01-13T17:43:56.318-0500] {logging_mixin.py:190} INFO - [2025-01-13T17:43:56.318-0500] {dag.py:4180} INFO - Setting next_dagrun for tutorial_objectstorage to None, run_after=None
[2025-01-13T17:43:56.335-0500] {processor.py:208} INFO - Processing /usr/local/lib/python3.10/site-packages/airflow/example_dags/tutorial_objectstorage.py took 0.232 seconds
[2025-01-13T17:46:01.878-0500] {processor.py:186} INFO - Started process (PID=92636) to work on /usr/local/lib/python3.10/site-packages/airflow/example_dags/tutorial_objectstorage.py
[2025-01-13T17:46:01.879-0500] {processor.py:914} INFO - Processing file /usr/local/lib/python3.10/site-packages/airflow/example_dags/tutorial_objectstorage.py for tasks to queue
[2025-01-13T17:46:01.880-0500] {logging_mixin.py:190} INFO - [2025-01-13T17:46:01.880-0500] {dagbag.py:588} INFO - Filling up the DagBag from /usr/local/lib/python3.10/site-packages/airflow/example_dags/tutorial_objectstorage.py
[2025-01-13T17:46:01.915-0500] {processor.py:925} INFO - DAG(s) 'tutorial_objectstorage' retrieved from /usr/local/lib/python3.10/site-packages/airflow/example_dags/tutorial_objectstorage.py
[2025-01-13T17:46:02.072-0500] {logging_mixin.py:190} INFO - [2025-01-13T17:46:02.072-0500] {dag.py:3239} INFO - Sync 1 DAGs
[2025-01-13T17:46:02.083-0500] {logging_mixin.py:190} INFO - [2025-01-13T17:46:02.083-0500] {dag.py:4180} INFO - Setting next_dagrun for tutorial_objectstorage to None, run_after=None
[2025-01-13T17:46:02.098-0500] {processor.py:208} INFO - Processing /usr/local/lib/python3.10/site-packages/airflow/example_dags/tutorial_objectstorage.py took 0.224 seconds
[2025-01-13T17:48:08.516-0500] {processor.py:186} INFO - Started process (PID=94019) to work on /usr/local/lib/python3.10/site-packages/airflow/example_dags/tutorial_objectstorage.py
[2025-01-13T17:48:08.519-0500] {processor.py:914} INFO - Processing file /usr/local/lib/python3.10/site-packages/airflow/example_dags/tutorial_objectstorage.py for tasks to queue
[2025-01-13T17:48:08.520-0500] {logging_mixin.py:190} INFO - [2025-01-13T17:48:08.520-0500] {dagbag.py:588} INFO - Filling up the DagBag from /usr/local/lib/python3.10/site-packages/airflow/example_dags/tutorial_objectstorage.py
[2025-01-13T17:48:08.557-0500] {processor.py:925} INFO - DAG(s) 'tutorial_objectstorage' retrieved from /usr/local/lib/python3.10/site-packages/airflow/example_dags/tutorial_objectstorage.py
[2025-01-13T17:48:08.713-0500] {logging_mixin.py:190} INFO - [2025-01-13T17:48:08.713-0500] {dag.py:3239} INFO - Sync 1 DAGs
[2025-01-13T17:48:08.725-0500] {logging_mixin.py:190} INFO - [2025-01-13T17:48:08.724-0500] {dag.py:4180} INFO - Setting next_dagrun for tutorial_objectstorage to None, run_after=None
[2025-01-13T17:48:08.741-0500] {processor.py:208} INFO - Processing /usr/local/lib/python3.10/site-packages/airflow/example_dags/tutorial_objectstorage.py took 0.228 seconds
[2025-01-13T17:50:20.789-0500] {processor.py:186} INFO - Started process (PID=95507) to work on /usr/local/lib/python3.10/site-packages/airflow/example_dags/tutorial_objectstorage.py
[2025-01-13T17:50:20.790-0500] {processor.py:914} INFO - Processing file /usr/local/lib/python3.10/site-packages/airflow/example_dags/tutorial_objectstorage.py for tasks to queue
[2025-01-13T17:50:20.791-0500] {logging_mixin.py:190} INFO - [2025-01-13T17:50:20.791-0500] {dagbag.py:588} INFO - Filling up the DagBag from /usr/local/lib/python3.10/site-packages/airflow/example_dags/tutorial_objectstorage.py
[2025-01-13T17:50:20.824-0500] {processor.py:925} INFO - DAG(s) 'tutorial_objectstorage' retrieved from /usr/local/lib/python3.10/site-packages/airflow/example_dags/tutorial_objectstorage.py
[2025-01-13T17:50:20.977-0500] {logging_mixin.py:190} INFO - [2025-01-13T17:50:20.977-0500] {dag.py:3239} INFO - Sync 1 DAGs
[2025-01-13T17:50:20.988-0500] {logging_mixin.py:190} INFO - [2025-01-13T17:50:20.988-0500] {dag.py:4180} INFO - Setting next_dagrun for tutorial_objectstorage to None, run_after=None
[2025-01-13T17:50:21.004-0500] {processor.py:208} INFO - Processing /usr/local/lib/python3.10/site-packages/airflow/example_dags/tutorial_objectstorage.py took 0.219 seconds
[2025-01-13T17:52:33.246-0500] {processor.py:186} INFO - Started process (PID=96996) to work on /usr/local/lib/python3.10/site-packages/airflow/example_dags/tutorial_objectstorage.py
[2025-01-13T17:52:33.248-0500] {processor.py:914} INFO - Processing file /usr/local/lib/python3.10/site-packages/airflow/example_dags/tutorial_objectstorage.py for tasks to queue
[2025-01-13T17:52:33.249-0500] {logging_mixin.py:190} INFO - [2025-01-13T17:52:33.249-0500] {dagbag.py:588} INFO - Filling up the DagBag from /usr/local/lib/python3.10/site-packages/airflow/example_dags/tutorial_objectstorage.py
[2025-01-13T17:52:33.285-0500] {processor.py:925} INFO - DAG(s) 'tutorial_objectstorage' retrieved from /usr/local/lib/python3.10/site-packages/airflow/example_dags/tutorial_objectstorage.py
[2025-01-13T17:52:33.446-0500] {logging_mixin.py:190} INFO - [2025-01-13T17:52:33.445-0500] {dag.py:3239} INFO - Sync 1 DAGs
[2025-01-13T17:52:33.457-0500] {logging_mixin.py:190} INFO - [2025-01-13T17:52:33.457-0500] {dag.py:4180} INFO - Setting next_dagrun for tutorial_objectstorage to None, run_after=None
[2025-01-13T17:52:33.473-0500] {processor.py:208} INFO - Processing /usr/local/lib/python3.10/site-packages/airflow/example_dags/tutorial_objectstorage.py took 0.231 seconds
[2025-01-13T17:54:44.148-0500] {processor.py:186} INFO - Started process (PID=98483) to work on /usr/local/lib/python3.10/site-packages/airflow/example_dags/tutorial_objectstorage.py
[2025-01-13T17:54:44.150-0500] {processor.py:914} INFO - Processing file /usr/local/lib/python3.10/site-packages/airflow/example_dags/tutorial_objectstorage.py for tasks to queue
[2025-01-13T17:54:44.151-0500] {logging_mixin.py:190} INFO - [2025-01-13T17:54:44.151-0500] {dagbag.py:588} INFO - Filling up the DagBag from /usr/local/lib/python3.10/site-packages/airflow/example_dags/tutorial_objectstorage.py
[2025-01-13T17:54:44.185-0500] {processor.py:925} INFO - DAG(s) 'tutorial_objectstorage' retrieved from /usr/local/lib/python3.10/site-packages/airflow/example_dags/tutorial_objectstorage.py
[2025-01-13T17:54:44.343-0500] {logging_mixin.py:190} INFO - [2025-01-13T17:54:44.343-0500] {dag.py:3239} INFO - Sync 1 DAGs
[2025-01-13T17:54:44.355-0500] {logging_mixin.py:190} INFO - [2025-01-13T17:54:44.355-0500] {dag.py:4180} INFO - Setting next_dagrun for tutorial_objectstorage to None, run_after=None
[2025-01-13T17:54:44.371-0500] {processor.py:208} INFO - Processing /usr/local/lib/python3.10/site-packages/airflow/example_dags/tutorial_objectstorage.py took 0.226 seconds
[2025-01-13T17:56:55.051-0500] {processor.py:186} INFO - Started process (PID=99904) to work on /usr/local/lib/python3.10/site-packages/airflow/example_dags/tutorial_objectstorage.py
[2025-01-13T17:56:55.053-0500] {processor.py:914} INFO - Processing file /usr/local/lib/python3.10/site-packages/airflow/example_dags/tutorial_objectstorage.py for tasks to queue
[2025-01-13T17:56:55.054-0500] {logging_mixin.py:190} INFO - [2025-01-13T17:56:55.054-0500] {dagbag.py:588} INFO - Filling up the DagBag from /usr/local/lib/python3.10/site-packages/airflow/example_dags/tutorial_objectstorage.py
[2025-01-13T17:56:55.094-0500] {processor.py:925} INFO - DAG(s) 'tutorial_objectstorage' retrieved from /usr/local/lib/python3.10/site-packages/airflow/example_dags/tutorial_objectstorage.py
[2025-01-13T17:56:55.260-0500] {logging_mixin.py:190} INFO - [2025-01-13T17:56:55.260-0500] {dag.py:3239} INFO - Sync 1 DAGs
[2025-01-13T17:56:55.272-0500] {logging_mixin.py:190} INFO - [2025-01-13T17:56:55.272-0500] {dag.py:4180} INFO - Setting next_dagrun for tutorial_objectstorage to None, run_after=None
[2025-01-13T17:56:55.288-0500] {processor.py:208} INFO - Processing /usr/local/lib/python3.10/site-packages/airflow/example_dags/tutorial_objectstorage.py took 0.242 seconds
[2025-01-13T17:59:17.031-0500] {processor.py:186} INFO - Started process (PID=2230) to work on /usr/local/lib/python3.10/site-packages/airflow/example_dags/tutorial_objectstorage.py
[2025-01-13T17:59:17.033-0500] {processor.py:914} INFO - Processing file /usr/local/lib/python3.10/site-packages/airflow/example_dags/tutorial_objectstorage.py for tasks to queue
[2025-01-13T17:59:17.034-0500] {logging_mixin.py:190} INFO - [2025-01-13T17:59:17.034-0500] {dagbag.py:588} INFO - Filling up the DagBag from /usr/local/lib/python3.10/site-packages/airflow/example_dags/tutorial_objectstorage.py
[2025-01-13T17:59:17.073-0500] {processor.py:925} INFO - DAG(s) 'tutorial_objectstorage' retrieved from /usr/local/lib/python3.10/site-packages/airflow/example_dags/tutorial_objectstorage.py
[2025-01-13T17:59:17.235-0500] {logging_mixin.py:190} INFO - [2025-01-13T17:59:17.234-0500] {dag.py:3239} INFO - Sync 1 DAGs
[2025-01-13T17:59:17.245-0500] {logging_mixin.py:190} INFO - [2025-01-13T17:59:17.245-0500] {dag.py:4180} INFO - Setting next_dagrun for tutorial_objectstorage to None, run_after=None
[2025-01-13T17:59:17.261-0500] {processor.py:208} INFO - Processing /usr/local/lib/python3.10/site-packages/airflow/example_dags/tutorial_objectstorage.py took 0.234 seconds
[2025-01-13T18:01:44.524-0500] {processor.py:186} INFO - Started process (PID=3982) to work on /usr/local/lib/python3.10/site-packages/airflow/example_dags/tutorial_objectstorage.py
[2025-01-13T18:01:44.526-0500] {processor.py:914} INFO - Processing file /usr/local/lib/python3.10/site-packages/airflow/example_dags/tutorial_objectstorage.py for tasks to queue
[2025-01-13T18:01:44.527-0500] {logging_mixin.py:190} INFO - [2025-01-13T18:01:44.527-0500] {dagbag.py:588} INFO - Filling up the DagBag from /usr/local/lib/python3.10/site-packages/airflow/example_dags/tutorial_objectstorage.py
[2025-01-13T18:01:44.566-0500] {processor.py:925} INFO - DAG(s) 'tutorial_objectstorage' retrieved from /usr/local/lib/python3.10/site-packages/airflow/example_dags/tutorial_objectstorage.py
[2025-01-13T18:01:44.725-0500] {logging_mixin.py:190} INFO - [2025-01-13T18:01:44.724-0500] {dag.py:3239} INFO - Sync 1 DAGs
[2025-01-13T18:01:44.735-0500] {logging_mixin.py:190} INFO - [2025-01-13T18:01:44.735-0500] {dag.py:4180} INFO - Setting next_dagrun for tutorial_objectstorage to None, run_after=None
[2025-01-13T18:01:44.752-0500] {processor.py:208} INFO - Processing /usr/local/lib/python3.10/site-packages/airflow/example_dags/tutorial_objectstorage.py took 0.233 seconds
[2025-01-13T18:03:59.887-0500] {processor.py:186} INFO - Started process (PID=5532) to work on /usr/local/lib/python3.10/site-packages/airflow/example_dags/tutorial_objectstorage.py
[2025-01-13T18:03:59.889-0500] {processor.py:914} INFO - Processing file /usr/local/lib/python3.10/site-packages/airflow/example_dags/tutorial_objectstorage.py for tasks to queue
[2025-01-13T18:03:59.890-0500] {logging_mixin.py:190} INFO - [2025-01-13T18:03:59.890-0500] {dagbag.py:588} INFO - Filling up the DagBag from /usr/local/lib/python3.10/site-packages/airflow/example_dags/tutorial_objectstorage.py
[2025-01-13T18:03:59.926-0500] {processor.py:925} INFO - DAG(s) 'tutorial_objectstorage' retrieved from /usr/local/lib/python3.10/site-packages/airflow/example_dags/tutorial_objectstorage.py
[2025-01-13T18:04:00.096-0500] {logging_mixin.py:190} INFO - [2025-01-13T18:04:00.096-0500] {dag.py:3239} INFO - Sync 1 DAGs
[2025-01-13T18:04:00.108-0500] {logging_mixin.py:190} INFO - [2025-01-13T18:04:00.108-0500] {dag.py:4180} INFO - Setting next_dagrun for tutorial_objectstorage to None, run_after=None
[2025-01-13T18:04:00.126-0500] {processor.py:208} INFO - Processing /usr/local/lib/python3.10/site-packages/airflow/example_dags/tutorial_objectstorage.py took 0.243 seconds
[2025-01-13T18:06:18.645-0500] {processor.py:186} INFO - Started process (PID=7060) to work on /usr/local/lib/python3.10/site-packages/airflow/example_dags/tutorial_objectstorage.py
[2025-01-13T18:06:18.647-0500] {processor.py:914} INFO - Processing file /usr/local/lib/python3.10/site-packages/airflow/example_dags/tutorial_objectstorage.py for tasks to queue
[2025-01-13T18:06:18.648-0500] {logging_mixin.py:190} INFO - [2025-01-13T18:06:18.648-0500] {dagbag.py:588} INFO - Filling up the DagBag from /usr/local/lib/python3.10/site-packages/airflow/example_dags/tutorial_objectstorage.py
[2025-01-13T18:06:18.682-0500] {processor.py:925} INFO - DAG(s) 'tutorial_objectstorage' retrieved from /usr/local/lib/python3.10/site-packages/airflow/example_dags/tutorial_objectstorage.py
[2025-01-13T18:06:18.834-0500] {logging_mixin.py:190} INFO - [2025-01-13T18:06:18.833-0500] {dag.py:3239} INFO - Sync 1 DAGs
[2025-01-13T18:06:18.845-0500] {logging_mixin.py:190} INFO - [2025-01-13T18:06:18.844-0500] {dag.py:4180} INFO - Setting next_dagrun for tutorial_objectstorage to None, run_after=None
[2025-01-13T18:06:18.860-0500] {processor.py:208} INFO - Processing /usr/local/lib/python3.10/site-packages/airflow/example_dags/tutorial_objectstorage.py took 0.219 seconds
[2025-01-13T18:08:29.677-0500] {processor.py:186} INFO - Started process (PID=8593) to work on /usr/local/lib/python3.10/site-packages/airflow/example_dags/tutorial_objectstorage.py
[2025-01-13T18:08:29.679-0500] {processor.py:914} INFO - Processing file /usr/local/lib/python3.10/site-packages/airflow/example_dags/tutorial_objectstorage.py for tasks to queue
[2025-01-13T18:08:29.681-0500] {logging_mixin.py:190} INFO - [2025-01-13T18:08:29.680-0500] {dagbag.py:588} INFO - Filling up the DagBag from /usr/local/lib/python3.10/site-packages/airflow/example_dags/tutorial_objectstorage.py
[2025-01-13T18:08:29.719-0500] {processor.py:925} INFO - DAG(s) 'tutorial_objectstorage' retrieved from /usr/local/lib/python3.10/site-packages/airflow/example_dags/tutorial_objectstorage.py
[2025-01-13T18:08:29.881-0500] {logging_mixin.py:190} INFO - [2025-01-13T18:08:29.881-0500] {dag.py:3239} INFO - Sync 1 DAGs
[2025-01-13T18:08:29.894-0500] {logging_mixin.py:190} INFO - [2025-01-13T18:08:29.894-0500] {dag.py:4180} INFO - Setting next_dagrun for tutorial_objectstorage to None, run_after=None
[2025-01-13T18:08:29.913-0500] {processor.py:208} INFO - Processing /usr/local/lib/python3.10/site-packages/airflow/example_dags/tutorial_objectstorage.py took 0.241 seconds
[2025-01-13T18:10:44.108-0500] {processor.py:186} INFO - Started process (PID=10135) to work on /usr/local/lib/python3.10/site-packages/airflow/example_dags/tutorial_objectstorage.py
[2025-01-13T18:10:44.109-0500] {processor.py:914} INFO - Processing file /usr/local/lib/python3.10/site-packages/airflow/example_dags/tutorial_objectstorage.py for tasks to queue
[2025-01-13T18:10:44.111-0500] {logging_mixin.py:190} INFO - [2025-01-13T18:10:44.111-0500] {dagbag.py:588} INFO - Filling up the DagBag from /usr/local/lib/python3.10/site-packages/airflow/example_dags/tutorial_objectstorage.py
[2025-01-13T18:10:44.150-0500] {processor.py:925} INFO - DAG(s) 'tutorial_objectstorage' retrieved from /usr/local/lib/python3.10/site-packages/airflow/example_dags/tutorial_objectstorage.py
[2025-01-13T18:10:44.317-0500] {logging_mixin.py:190} INFO - [2025-01-13T18:10:44.317-0500] {dag.py:3239} INFO - Sync 1 DAGs
[2025-01-13T18:10:44.328-0500] {logging_mixin.py:190} INFO - [2025-01-13T18:10:44.328-0500] {dag.py:4180} INFO - Setting next_dagrun for tutorial_objectstorage to None, run_after=None
[2025-01-13T18:10:44.344-0500] {processor.py:208} INFO - Processing /usr/local/lib/python3.10/site-packages/airflow/example_dags/tutorial_objectstorage.py took 0.240 seconds
[2025-01-13T18:13:12.630-0500] {processor.py:186} INFO - Started process (PID=11934) to work on /usr/local/lib/python3.10/site-packages/airflow/example_dags/tutorial_objectstorage.py
[2025-01-13T18:13:12.632-0500] {processor.py:914} INFO - Processing file /usr/local/lib/python3.10/site-packages/airflow/example_dags/tutorial_objectstorage.py for tasks to queue
[2025-01-13T18:13:12.633-0500] {logging_mixin.py:190} INFO - [2025-01-13T18:13:12.633-0500] {dagbag.py:588} INFO - Filling up the DagBag from /usr/local/lib/python3.10/site-packages/airflow/example_dags/tutorial_objectstorage.py
[2025-01-13T18:13:12.668-0500] {processor.py:925} INFO - DAG(s) 'tutorial_objectstorage' retrieved from /usr/local/lib/python3.10/site-packages/airflow/example_dags/tutorial_objectstorage.py
[2025-01-13T18:13:12.827-0500] {logging_mixin.py:190} INFO - [2025-01-13T18:13:12.827-0500] {dag.py:3239} INFO - Sync 1 DAGs
[2025-01-13T18:13:12.839-0500] {logging_mixin.py:190} INFO - [2025-01-13T18:13:12.838-0500] {dag.py:4180} INFO - Setting next_dagrun for tutorial_objectstorage to None, run_after=None
[2025-01-13T18:13:12.854-0500] {processor.py:208} INFO - Processing /usr/local/lib/python3.10/site-packages/airflow/example_dags/tutorial_objectstorage.py took 0.229 seconds
[2025-01-13T18:15:36.204-0500] {processor.py:186} INFO - Started process (PID=13580) to work on /usr/local/lib/python3.10/site-packages/airflow/example_dags/tutorial_objectstorage.py
[2025-01-13T18:15:36.206-0500] {processor.py:914} INFO - Processing file /usr/local/lib/python3.10/site-packages/airflow/example_dags/tutorial_objectstorage.py for tasks to queue
[2025-01-13T18:15:36.207-0500] {logging_mixin.py:190} INFO - [2025-01-13T18:15:36.207-0500] {dagbag.py:588} INFO - Filling up the DagBag from /usr/local/lib/python3.10/site-packages/airflow/example_dags/tutorial_objectstorage.py
[2025-01-13T18:15:36.247-0500] {processor.py:925} INFO - DAG(s) 'tutorial_objectstorage' retrieved from /usr/local/lib/python3.10/site-packages/airflow/example_dags/tutorial_objectstorage.py
[2025-01-13T18:15:36.410-0500] {logging_mixin.py:190} INFO - [2025-01-13T18:15:36.409-0500] {dag.py:3239} INFO - Sync 1 DAGs
[2025-01-13T18:15:36.421-0500] {logging_mixin.py:190} INFO - [2025-01-13T18:15:36.421-0500] {dag.py:4180} INFO - Setting next_dagrun for tutorial_objectstorage to None, run_after=None
[2025-01-13T18:15:36.438-0500] {processor.py:208} INFO - Processing /usr/local/lib/python3.10/site-packages/airflow/example_dags/tutorial_objectstorage.py took 0.238 seconds
[2025-01-13T18:18:12.173-0500] {processor.py:186} INFO - Started process (PID=15409) to work on /usr/local/lib/python3.10/site-packages/airflow/example_dags/tutorial_objectstorage.py
[2025-01-13T18:18:12.174-0500] {processor.py:914} INFO - Processing file /usr/local/lib/python3.10/site-packages/airflow/example_dags/tutorial_objectstorage.py for tasks to queue
[2025-01-13T18:18:12.175-0500] {logging_mixin.py:190} INFO - [2025-01-13T18:18:12.175-0500] {dagbag.py:588} INFO - Filling up the DagBag from /usr/local/lib/python3.10/site-packages/airflow/example_dags/tutorial_objectstorage.py
[2025-01-13T18:18:12.212-0500] {processor.py:925} INFO - DAG(s) 'tutorial_objectstorage' retrieved from /usr/local/lib/python3.10/site-packages/airflow/example_dags/tutorial_objectstorage.py
[2025-01-13T18:18:12.371-0500] {logging_mixin.py:190} INFO - [2025-01-13T18:18:12.370-0500] {dag.py:3239} INFO - Sync 1 DAGs
[2025-01-13T18:18:12.382-0500] {logging_mixin.py:190} INFO - [2025-01-13T18:18:12.382-0500] {dag.py:4180} INFO - Setting next_dagrun for tutorial_objectstorage to None, run_after=None
[2025-01-13T18:18:12.398-0500] {processor.py:208} INFO - Processing /usr/local/lib/python3.10/site-packages/airflow/example_dags/tutorial_objectstorage.py took 0.230 seconds
[2025-01-13T18:20:35.801-0500] {processor.py:186} INFO - Started process (PID=17101) to work on /usr/local/lib/python3.10/site-packages/airflow/example_dags/tutorial_objectstorage.py
[2025-01-13T18:20:35.803-0500] {processor.py:914} INFO - Processing file /usr/local/lib/python3.10/site-packages/airflow/example_dags/tutorial_objectstorage.py for tasks to queue
[2025-01-13T18:20:35.804-0500] {logging_mixin.py:190} INFO - [2025-01-13T18:20:35.804-0500] {dagbag.py:588} INFO - Filling up the DagBag from /usr/local/lib/python3.10/site-packages/airflow/example_dags/tutorial_objectstorage.py
[2025-01-13T18:20:35.837-0500] {processor.py:925} INFO - DAG(s) 'tutorial_objectstorage' retrieved from /usr/local/lib/python3.10/site-packages/airflow/example_dags/tutorial_objectstorage.py
[2025-01-13T18:20:35.989-0500] {logging_mixin.py:190} INFO - [2025-01-13T18:20:35.989-0500] {dag.py:3239} INFO - Sync 1 DAGs
[2025-01-13T18:20:36.000-0500] {logging_mixin.py:190} INFO - [2025-01-13T18:20:36.000-0500] {dag.py:4180} INFO - Setting next_dagrun for tutorial_objectstorage to None, run_after=None
[2025-01-13T18:20:36.015-0500] {processor.py:208} INFO - Processing /usr/local/lib/python3.10/site-packages/airflow/example_dags/tutorial_objectstorage.py took 0.218 seconds
[2025-01-13T18:22:46.412-0500] {processor.py:186} INFO - Started process (PID=18625) to work on /usr/local/lib/python3.10/site-packages/airflow/example_dags/tutorial_objectstorage.py
[2025-01-13T18:22:46.414-0500] {processor.py:914} INFO - Processing file /usr/local/lib/python3.10/site-packages/airflow/example_dags/tutorial_objectstorage.py for tasks to queue
[2025-01-13T18:22:46.415-0500] {logging_mixin.py:190} INFO - [2025-01-13T18:22:46.415-0500] {dagbag.py:588} INFO - Filling up the DagBag from /usr/local/lib/python3.10/site-packages/airflow/example_dags/tutorial_objectstorage.py
[2025-01-13T18:22:46.454-0500] {processor.py:925} INFO - DAG(s) 'tutorial_objectstorage' retrieved from /usr/local/lib/python3.10/site-packages/airflow/example_dags/tutorial_objectstorage.py
[2025-01-13T18:22:46.635-0500] {logging_mixin.py:190} INFO - [2025-01-13T18:22:46.635-0500] {dag.py:3239} INFO - Sync 1 DAGs
[2025-01-13T18:22:46.648-0500] {logging_mixin.py:190} INFO - [2025-01-13T18:22:46.648-0500] {dag.py:4180} INFO - Setting next_dagrun for tutorial_objectstorage to None, run_after=None
[2025-01-13T18:22:46.685-0500] {processor.py:208} INFO - Processing /usr/local/lib/python3.10/site-packages/airflow/example_dags/tutorial_objectstorage.py took 0.277 seconds
[2025-01-13T18:25:09.354-0500] {processor.py:186} INFO - Started process (PID=20262) to work on /usr/local/lib/python3.10/site-packages/airflow/example_dags/tutorial_objectstorage.py
[2025-01-13T18:25:09.355-0500] {processor.py:914} INFO - Processing file /usr/local/lib/python3.10/site-packages/airflow/example_dags/tutorial_objectstorage.py for tasks to queue
[2025-01-13T18:25:09.357-0500] {logging_mixin.py:190} INFO - [2025-01-13T18:25:09.357-0500] {dagbag.py:588} INFO - Filling up the DagBag from /usr/local/lib/python3.10/site-packages/airflow/example_dags/tutorial_objectstorage.py
[2025-01-13T18:25:09.392-0500] {processor.py:925} INFO - DAG(s) 'tutorial_objectstorage' retrieved from /usr/local/lib/python3.10/site-packages/airflow/example_dags/tutorial_objectstorage.py
[2025-01-13T18:25:09.551-0500] {logging_mixin.py:190} INFO - [2025-01-13T18:25:09.551-0500] {dag.py:3239} INFO - Sync 1 DAGs
[2025-01-13T18:25:09.562-0500] {logging_mixin.py:190} INFO - [2025-01-13T18:25:09.562-0500] {dag.py:4180} INFO - Setting next_dagrun for tutorial_objectstorage to None, run_after=None
[2025-01-13T18:25:09.578-0500] {processor.py:208} INFO - Processing /usr/local/lib/python3.10/site-packages/airflow/example_dags/tutorial_objectstorage.py took 0.229 seconds
[2025-01-13T18:27:17.725-0500] {processor.py:186} INFO - Started process (PID=21675) to work on /usr/local/lib/python3.10/site-packages/airflow/example_dags/tutorial_objectstorage.py
[2025-01-13T18:27:17.727-0500] {processor.py:914} INFO - Processing file /usr/local/lib/python3.10/site-packages/airflow/example_dags/tutorial_objectstorage.py for tasks to queue
[2025-01-13T18:27:17.728-0500] {logging_mixin.py:190} INFO - [2025-01-13T18:27:17.727-0500] {dagbag.py:588} INFO - Filling up the DagBag from /usr/local/lib/python3.10/site-packages/airflow/example_dags/tutorial_objectstorage.py
[2025-01-13T18:27:17.763-0500] {processor.py:925} INFO - DAG(s) 'tutorial_objectstorage' retrieved from /usr/local/lib/python3.10/site-packages/airflow/example_dags/tutorial_objectstorage.py
[2025-01-13T18:27:17.914-0500] {logging_mixin.py:190} INFO - [2025-01-13T18:27:17.913-0500] {dag.py:3239} INFO - Sync 1 DAGs
[2025-01-13T18:27:17.924-0500] {logging_mixin.py:190} INFO - [2025-01-13T18:27:17.924-0500] {dag.py:4180} INFO - Setting next_dagrun for tutorial_objectstorage to None, run_after=None
[2025-01-13T18:27:17.939-0500] {processor.py:208} INFO - Processing /usr/local/lib/python3.10/site-packages/airflow/example_dags/tutorial_objectstorage.py took 0.217 seconds
[2025-01-13T18:29:22.260-0500] {processor.py:186} INFO - Started process (PID=23092) to work on /usr/local/lib/python3.10/site-packages/airflow/example_dags/tutorial_objectstorage.py
[2025-01-13T18:29:22.263-0500] {processor.py:914} INFO - Processing file /usr/local/lib/python3.10/site-packages/airflow/example_dags/tutorial_objectstorage.py for tasks to queue
[2025-01-13T18:29:22.265-0500] {logging_mixin.py:190} INFO - [2025-01-13T18:29:22.264-0500] {dagbag.py:588} INFO - Filling up the DagBag from /usr/local/lib/python3.10/site-packages/airflow/example_dags/tutorial_objectstorage.py
[2025-01-13T18:29:22.332-0500] {processor.py:925} INFO - DAG(s) 'tutorial_objectstorage' retrieved from /usr/local/lib/python3.10/site-packages/airflow/example_dags/tutorial_objectstorage.py
[2025-01-13T18:29:22.630-0500] {logging_mixin.py:190} INFO - [2025-01-13T18:29:22.630-0500] {dag.py:3239} INFO - Sync 1 DAGs
[2025-01-13T18:29:22.659-0500] {logging_mixin.py:190} INFO - [2025-01-13T18:29:22.658-0500] {dag.py:4180} INFO - Setting next_dagrun for tutorial_objectstorage to None, run_after=None
[2025-01-13T18:29:22.688-0500] {processor.py:208} INFO - Processing /usr/local/lib/python3.10/site-packages/airflow/example_dags/tutorial_objectstorage.py took 0.436 seconds
[2025-01-13T18:31:55.256-0500] {processor.py:186} INFO - Started process (PID=24976) to work on /usr/local/lib/python3.10/site-packages/airflow/example_dags/tutorial_objectstorage.py
[2025-01-13T18:31:55.258-0500] {processor.py:914} INFO - Processing file /usr/local/lib/python3.10/site-packages/airflow/example_dags/tutorial_objectstorage.py for tasks to queue
[2025-01-13T18:31:55.259-0500] {logging_mixin.py:190} INFO - [2025-01-13T18:31:55.259-0500] {dagbag.py:588} INFO - Filling up the DagBag from /usr/local/lib/python3.10/site-packages/airflow/example_dags/tutorial_objectstorage.py
[2025-01-13T18:31:55.294-0500] {processor.py:925} INFO - DAG(s) 'tutorial_objectstorage' retrieved from /usr/local/lib/python3.10/site-packages/airflow/example_dags/tutorial_objectstorage.py
[2025-01-13T18:31:55.453-0500] {logging_mixin.py:190} INFO - [2025-01-13T18:31:55.452-0500] {dag.py:3239} INFO - Sync 1 DAGs
[2025-01-13T18:31:55.463-0500] {logging_mixin.py:190} INFO - [2025-01-13T18:31:55.463-0500] {dag.py:4180} INFO - Setting next_dagrun for tutorial_objectstorage to None, run_after=None
[2025-01-13T18:31:55.478-0500] {processor.py:208} INFO - Processing /usr/local/lib/python3.10/site-packages/airflow/example_dags/tutorial_objectstorage.py took 0.227 seconds
[2025-01-13T18:38:22.105-0500] {processor.py:186} INFO - Started process (PID=29363) to work on /usr/local/lib/python3.10/site-packages/airflow/example_dags/tutorial_objectstorage.py
[2025-01-13T18:38:22.107-0500] {processor.py:914} INFO - Processing file /usr/local/lib/python3.10/site-packages/airflow/example_dags/tutorial_objectstorage.py for tasks to queue
[2025-01-13T18:38:22.109-0500] {logging_mixin.py:190} INFO - [2025-01-13T18:38:22.108-0500] {dagbag.py:588} INFO - Filling up the DagBag from /usr/local/lib/python3.10/site-packages/airflow/example_dags/tutorial_objectstorage.py
[2025-01-13T18:38:22.146-0500] {processor.py:925} INFO - DAG(s) 'tutorial_objectstorage' retrieved from /usr/local/lib/python3.10/site-packages/airflow/example_dags/tutorial_objectstorage.py
[2025-01-13T18:38:22.300-0500] {logging_mixin.py:190} INFO - [2025-01-13T18:38:22.300-0500] {dag.py:3239} INFO - Sync 1 DAGs
[2025-01-13T18:38:22.311-0500] {logging_mixin.py:190} INFO - [2025-01-13T18:38:22.311-0500] {dag.py:4180} INFO - Setting next_dagrun for tutorial_objectstorage to None, run_after=None
[2025-01-13T18:38:22.326-0500] {processor.py:208} INFO - Processing /usr/local/lib/python3.10/site-packages/airflow/example_dags/tutorial_objectstorage.py took 0.226 seconds
[2025-01-13T18:41:16.391-0500] {processor.py:186} INFO - Started process (PID=31348) to work on /usr/local/lib/python3.10/site-packages/airflow/example_dags/tutorial_objectstorage.py
[2025-01-13T18:41:16.393-0500] {processor.py:914} INFO - Processing file /usr/local/lib/python3.10/site-packages/airflow/example_dags/tutorial_objectstorage.py for tasks to queue
[2025-01-13T18:41:16.394-0500] {logging_mixin.py:190} INFO - [2025-01-13T18:41:16.394-0500] {dagbag.py:588} INFO - Filling up the DagBag from /usr/local/lib/python3.10/site-packages/airflow/example_dags/tutorial_objectstorage.py
[2025-01-13T18:41:16.431-0500] {processor.py:925} INFO - DAG(s) 'tutorial_objectstorage' retrieved from /usr/local/lib/python3.10/site-packages/airflow/example_dags/tutorial_objectstorage.py
[2025-01-13T18:41:16.595-0500] {logging_mixin.py:190} INFO - [2025-01-13T18:41:16.594-0500] {dag.py:3239} INFO - Sync 1 DAGs
[2025-01-13T18:41:16.608-0500] {logging_mixin.py:190} INFO - [2025-01-13T18:41:16.608-0500] {dag.py:4180} INFO - Setting next_dagrun for tutorial_objectstorage to None, run_after=None
[2025-01-13T18:41:16.626-0500] {processor.py:208} INFO - Processing /usr/local/lib/python3.10/site-packages/airflow/example_dags/tutorial_objectstorage.py took 0.240 seconds
[2025-01-13T18:43:36.385-0500] {processor.py:186} INFO - Started process (PID=32882) to work on /usr/local/lib/python3.10/site-packages/airflow/example_dags/tutorial_objectstorage.py
[2025-01-13T18:43:36.387-0500] {processor.py:914} INFO - Processing file /usr/local/lib/python3.10/site-packages/airflow/example_dags/tutorial_objectstorage.py for tasks to queue
[2025-01-13T18:43:36.388-0500] {logging_mixin.py:190} INFO - [2025-01-13T18:43:36.388-0500] {dagbag.py:588} INFO - Filling up the DagBag from /usr/local/lib/python3.10/site-packages/airflow/example_dags/tutorial_objectstorage.py
[2025-01-13T18:43:36.422-0500] {processor.py:925} INFO - DAG(s) 'tutorial_objectstorage' retrieved from /usr/local/lib/python3.10/site-packages/airflow/example_dags/tutorial_objectstorage.py
[2025-01-13T18:43:36.572-0500] {logging_mixin.py:190} INFO - [2025-01-13T18:43:36.572-0500] {dag.py:3239} INFO - Sync 1 DAGs
[2025-01-13T18:43:36.583-0500] {logging_mixin.py:190} INFO - [2025-01-13T18:43:36.582-0500] {dag.py:4180} INFO - Setting next_dagrun for tutorial_objectstorage to None, run_after=None
[2025-01-13T18:43:36.598-0500] {processor.py:208} INFO - Processing /usr/local/lib/python3.10/site-packages/airflow/example_dags/tutorial_objectstorage.py took 0.216 seconds
[2025-01-13T18:45:56.942-0500] {processor.py:186} INFO - Started process (PID=34519) to work on /usr/local/lib/python3.10/site-packages/airflow/example_dags/tutorial_objectstorage.py
[2025-01-13T18:45:56.944-0500] {processor.py:914} INFO - Processing file /usr/local/lib/python3.10/site-packages/airflow/example_dags/tutorial_objectstorage.py for tasks to queue
[2025-01-13T18:45:56.945-0500] {logging_mixin.py:190} INFO - [2025-01-13T18:45:56.945-0500] {dagbag.py:588} INFO - Filling up the DagBag from /usr/local/lib/python3.10/site-packages/airflow/example_dags/tutorial_objectstorage.py
[2025-01-13T18:45:56.980-0500] {processor.py:925} INFO - DAG(s) 'tutorial_objectstorage' retrieved from /usr/local/lib/python3.10/site-packages/airflow/example_dags/tutorial_objectstorage.py
[2025-01-13T18:45:57.139-0500] {logging_mixin.py:190} INFO - [2025-01-13T18:45:57.138-0500] {dag.py:3239} INFO - Sync 1 DAGs
[2025-01-13T18:45:57.150-0500] {logging_mixin.py:190} INFO - [2025-01-13T18:45:57.149-0500] {dag.py:4180} INFO - Setting next_dagrun for tutorial_objectstorage to None, run_after=None
[2025-01-13T18:45:57.165-0500] {processor.py:208} INFO - Processing /usr/local/lib/python3.10/site-packages/airflow/example_dags/tutorial_objectstorage.py took 0.227 seconds
[2025-01-13T18:48:17.778-0500] {processor.py:186} INFO - Started process (PID=36184) to work on /usr/local/lib/python3.10/site-packages/airflow/example_dags/tutorial_objectstorage.py
[2025-01-13T18:48:17.779-0500] {processor.py:914} INFO - Processing file /usr/local/lib/python3.10/site-packages/airflow/example_dags/tutorial_objectstorage.py for tasks to queue
[2025-01-13T18:48:17.781-0500] {logging_mixin.py:190} INFO - [2025-01-13T18:48:17.780-0500] {dagbag.py:588} INFO - Filling up the DagBag from /usr/local/lib/python3.10/site-packages/airflow/example_dags/tutorial_objectstorage.py
[2025-01-13T18:48:17.815-0500] {processor.py:925} INFO - DAG(s) 'tutorial_objectstorage' retrieved from /usr/local/lib/python3.10/site-packages/airflow/example_dags/tutorial_objectstorage.py
[2025-01-13T18:48:17.972-0500] {logging_mixin.py:190} INFO - [2025-01-13T18:48:17.972-0500] {dag.py:3239} INFO - Sync 1 DAGs
[2025-01-13T18:48:17.983-0500] {logging_mixin.py:190} INFO - [2025-01-13T18:48:17.983-0500] {dag.py:4180} INFO - Setting next_dagrun for tutorial_objectstorage to None, run_after=None
[2025-01-13T18:48:17.999-0500] {processor.py:208} INFO - Processing /usr/local/lib/python3.10/site-packages/airflow/example_dags/tutorial_objectstorage.py took 0.225 seconds
[2025-01-13T18:50:56.799-0500] {processor.py:186} INFO - Started process (PID=38025) to work on /usr/local/lib/python3.10/site-packages/airflow/example_dags/tutorial_objectstorage.py
[2025-01-13T18:50:56.801-0500] {processor.py:914} INFO - Processing file /usr/local/lib/python3.10/site-packages/airflow/example_dags/tutorial_objectstorage.py for tasks to queue
[2025-01-13T18:50:56.802-0500] {logging_mixin.py:190} INFO - [2025-01-13T18:50:56.802-0500] {dagbag.py:588} INFO - Filling up the DagBag from /usr/local/lib/python3.10/site-packages/airflow/example_dags/tutorial_objectstorage.py
[2025-01-13T18:50:56.841-0500] {processor.py:925} INFO - DAG(s) 'tutorial_objectstorage' retrieved from /usr/local/lib/python3.10/site-packages/airflow/example_dags/tutorial_objectstorage.py
[2025-01-13T18:50:57.010-0500] {logging_mixin.py:190} INFO - [2025-01-13T18:50:57.010-0500] {dag.py:3239} INFO - Sync 1 DAGs
[2025-01-13T18:50:57.022-0500] {logging_mixin.py:190} INFO - [2025-01-13T18:50:57.022-0500] {dag.py:4180} INFO - Setting next_dagrun for tutorial_objectstorage to None, run_after=None
[2025-01-13T18:50:57.038-0500] {processor.py:208} INFO - Processing /usr/local/lib/python3.10/site-packages/airflow/example_dags/tutorial_objectstorage.py took 0.245 seconds
[2025-01-13T18:53:18.627-0500] {processor.py:186} INFO - Started process (PID=39677) to work on /usr/local/lib/python3.10/site-packages/airflow/example_dags/tutorial_objectstorage.py
[2025-01-13T18:53:18.629-0500] {processor.py:914} INFO - Processing file /usr/local/lib/python3.10/site-packages/airflow/example_dags/tutorial_objectstorage.py for tasks to queue
[2025-01-13T18:53:18.630-0500] {logging_mixin.py:190} INFO - [2025-01-13T18:53:18.630-0500] {dagbag.py:588} INFO - Filling up the DagBag from /usr/local/lib/python3.10/site-packages/airflow/example_dags/tutorial_objectstorage.py
[2025-01-13T18:53:18.668-0500] {processor.py:925} INFO - DAG(s) 'tutorial_objectstorage' retrieved from /usr/local/lib/python3.10/site-packages/airflow/example_dags/tutorial_objectstorage.py
[2025-01-13T18:53:18.831-0500] {logging_mixin.py:190} INFO - [2025-01-13T18:53:18.831-0500] {dag.py:3239} INFO - Sync 1 DAGs
[2025-01-13T18:53:18.843-0500] {logging_mixin.py:190} INFO - [2025-01-13T18:53:18.843-0500] {dag.py:4180} INFO - Setting next_dagrun for tutorial_objectstorage to None, run_after=None
[2025-01-13T18:53:18.863-0500] {processor.py:208} INFO - Processing /usr/local/lib/python3.10/site-packages/airflow/example_dags/tutorial_objectstorage.py took 0.240 seconds
[2025-01-13T18:55:37.599-0500] {processor.py:186} INFO - Started process (PID=41225) to work on /usr/local/lib/python3.10/site-packages/airflow/example_dags/tutorial_objectstorage.py
[2025-01-13T18:55:37.601-0500] {processor.py:914} INFO - Processing file /usr/local/lib/python3.10/site-packages/airflow/example_dags/tutorial_objectstorage.py for tasks to queue
[2025-01-13T18:55:37.603-0500] {logging_mixin.py:190} INFO - [2025-01-13T18:55:37.602-0500] {dagbag.py:588} INFO - Filling up the DagBag from /usr/local/lib/python3.10/site-packages/airflow/example_dags/tutorial_objectstorage.py
[2025-01-13T18:55:37.640-0500] {processor.py:925} INFO - DAG(s) 'tutorial_objectstorage' retrieved from /usr/local/lib/python3.10/site-packages/airflow/example_dags/tutorial_objectstorage.py
[2025-01-13T18:55:37.802-0500] {logging_mixin.py:190} INFO - [2025-01-13T18:55:37.801-0500] {dag.py:3239} INFO - Sync 1 DAGs
[2025-01-13T18:55:37.812-0500] {logging_mixin.py:190} INFO - [2025-01-13T18:55:37.812-0500] {dag.py:4180} INFO - Setting next_dagrun for tutorial_objectstorage to None, run_after=None
[2025-01-13T18:55:37.828-0500] {processor.py:208} INFO - Processing /usr/local/lib/python3.10/site-packages/airflow/example_dags/tutorial_objectstorage.py took 0.233 seconds
[2025-01-13T18:57:56.878-0500] {processor.py:186} INFO - Started process (PID=42929) to work on /usr/local/lib/python3.10/site-packages/airflow/example_dags/tutorial_objectstorage.py
[2025-01-13T18:57:56.880-0500] {processor.py:914} INFO - Processing file /usr/local/lib/python3.10/site-packages/airflow/example_dags/tutorial_objectstorage.py for tasks to queue
[2025-01-13T18:57:56.881-0500] {logging_mixin.py:190} INFO - [2025-01-13T18:57:56.881-0500] {dagbag.py:588} INFO - Filling up the DagBag from /usr/local/lib/python3.10/site-packages/airflow/example_dags/tutorial_objectstorage.py
[2025-01-13T18:57:56.916-0500] {processor.py:925} INFO - DAG(s) 'tutorial_objectstorage' retrieved from /usr/local/lib/python3.10/site-packages/airflow/example_dags/tutorial_objectstorage.py
[2025-01-13T18:57:57.081-0500] {logging_mixin.py:190} INFO - [2025-01-13T18:57:57.081-0500] {dag.py:3239} INFO - Sync 1 DAGs
[2025-01-13T18:57:57.093-0500] {logging_mixin.py:190} INFO - [2025-01-13T18:57:57.092-0500] {dag.py:4180} INFO - Setting next_dagrun for tutorial_objectstorage to None, run_after=None
[2025-01-13T18:57:57.110-0500] {processor.py:208} INFO - Processing /usr/local/lib/python3.10/site-packages/airflow/example_dags/tutorial_objectstorage.py took 0.236 seconds
