[2025-01-14T19:03:51.572-0500] {local_task_job_runner.py:123} INFO - ::group::Pre task execution logs
[2025-01-14T19:03:51.581-0500] {taskinstance.py:2613} INFO - Dependencies all met for dep_context=non-requeueable deps ti=<TaskInstance: my_dag.training_model_C manual__2025-01-15T00:03:39.175529+00:00 [queued]>
[2025-01-14T19:03:51.587-0500] {taskinstance.py:2613} INFO - Dependencies all met for dep_context=requeueable deps ti=<TaskInstance: my_dag.training_model_C manual__2025-01-15T00:03:39.175529+00:00 [queued]>
[2025-01-14T19:03:51.587-0500] {taskinstance.py:2866} INFO - Starting attempt 1 of 3
[2025-01-14T19:03:51.599-0500] {taskinstance.py:2889} INFO - Executing <Task(PythonOperator): training_model_C> on 2025-01-15 00:03:39.175529+00:00
[2025-01-14T19:03:51.606-0500] {standard_task_runner.py:72} INFO - Started process 78655 to run task
[2025-01-14T19:03:51.616-0500] {standard_task_runner.py:104} INFO - Running: ['airflow', 'tasks', 'run', 'my_dag', 'training_model_C', 'manual__2025-01-15T00:03:39.175529+00:00', '--job-id', '90', '--raw', '--subdir', 'DAGS_FOLDER/tutorial_taskflow_api.py', '--cfg-path', '/var/folders/ll/2bfcn_d54ks002mx2dw82c2m0000gn/T/tmpmlzfs8qt']
[2025-01-14T19:03:51.619-0500] {standard_task_runner.py:105} INFO - Job 90: Subtask training_model_C
[2025-01-14T19:03:51.681-0500] {task_command.py:467} INFO - Running <TaskInstance: my_dag.training_model_C manual__2025-01-15T00:03:39.175529+00:00 [running]> on host macbook-pro-2.local
[2025-01-14T19:03:51.751-0500] {taskinstance.py:3132} INFO - Exporting env vars: AIRFLOW_CTX_DAG_OWNER='airflow' AIRFLOW_CTX_DAG_ID='my_dag' AIRFLOW_CTX_TASK_ID='training_model_C' AIRFLOW_CTX_EXECUTION_DATE='2025-01-15T00:03:39.175529+00:00' AIRFLOW_CTX_TRY_NUMBER='1' AIRFLOW_CTX_DAG_RUN_ID='manual__2025-01-15T00:03:39.175529+00:00'
[2025-01-14T19:03:51.753-0500] {logging_mixin.py:190} INFO - Task instance is in running state
[2025-01-14T19:03:51.754-0500] {logging_mixin.py:190} INFO -  Previous state of the Task instance: queued
[2025-01-14T19:03:51.755-0500] {logging_mixin.py:190} INFO - Current task name:training_model_C state:running start_date:2025-01-15 00:03:51.582029+00:00
[2025-01-14T19:03:51.756-0500] {logging_mixin.py:190} INFO - Dag name:my_dag and current dag run status:running
[2025-01-14T19:03:51.756-0500] {taskinstance.py:731} INFO - ::endgroup::
[2025-01-14T19:03:51.758-0500] {python.py:240} INFO - Done. Returned value was: 24
[2025-01-14T19:03:51.770-0500] {taskinstance.py:340} INFO - ::group::Post task execution logs
[2025-01-14T19:03:51.771-0500] {taskinstance.py:352} INFO - Marking task as SUCCESS. dag_id=my_dag, task_id=training_model_C, run_id=manual__2025-01-15T00:03:39.175529+00:00, execution_date=20250115T000339, start_date=20250115T000351, end_date=20250115T000351
[2025-01-14T19:03:51.779-0500] {logging_mixin.py:190} INFO - Task instance in success state
[2025-01-14T19:03:51.780-0500] {logging_mixin.py:190} INFO -  Previous state of the Task instance: running
[2025-01-14T19:03:51.780-0500] {logging_mixin.py:190} INFO - Dag name:my_dag queued_at:2025-01-15 00:03:39.186758+00:00
[2025-01-14T19:03:51.781-0500] {logging_mixin.py:190} INFO - Task hostname:macbook-pro-2.local operator:PythonOperator
[2025-01-14T19:03:51.788-0500] {local_task_job_runner.py:266} INFO - Task exited with return code 0
[2025-01-14T19:03:51.813-0500] {taskinstance.py:3895} INFO - 1 downstream tasks scheduled from follow-on schedule check
[2025-01-14T19:03:51.815-0500] {local_task_job_runner.py:245} INFO - ::endgroup::
