[2025-01-13T19:05:17.964-0500] {local_task_job_runner.py:123} INFO - ::group::Pre task execution logs
[2025-01-13T19:05:17.973-0500] {taskinstance.py:2613} INFO - Dependencies all met for dep_context=non-requeueable deps ti=<TaskInstance: my_dag.choose_best_model scheduled__2025-01-13T00:00:00+00:00 [queued]>
[2025-01-13T19:05:17.978-0500] {taskinstance.py:2613} INFO - Dependencies all met for dep_context=requeueable deps ti=<TaskInstance: my_dag.choose_best_model scheduled__2025-01-13T00:00:00+00:00 [queued]>
[2025-01-13T19:05:17.978-0500] {taskinstance.py:2866} INFO - Starting attempt 1 of 3
[2025-01-13T19:05:17.988-0500] {taskinstance.py:2889} INFO - Executing <Task(BranchPythonOperator): choose_best_model> on 2025-01-13 00:00:00+00:00
[2025-01-13T19:05:17.993-0500] {standard_task_runner.py:72} INFO - Started process 47771 to run task
[2025-01-13T19:05:18.001-0500] {standard_task_runner.py:104} INFO - Running: ['airflow', 'tasks', 'run', 'my_dag', 'choose_best_model', 'scheduled__2025-01-13T00:00:00+00:00', '--job-id', '46', '--raw', '--subdir', 'DAGS_FOLDER/tutorial_taskflow_api.py', '--cfg-path', '/var/folders/ll/2bfcn_d54ks002mx2dw82c2m0000gn/T/tmpp2wqjg1b']
[2025-01-13T19:05:18.004-0500] {standard_task_runner.py:105} INFO - Job 46: Subtask choose_best_model
[2025-01-13T19:05:18.051-0500] {task_command.py:467} INFO - Running <TaskInstance: my_dag.choose_best_model scheduled__2025-01-13T00:00:00+00:00 [running]> on host macbook-pro-2.local
[2025-01-13T19:05:18.109-0500] {taskinstance.py:3132} INFO - Exporting env vars: AIRFLOW_CTX_DAG_OWNER='airflow' AIRFLOW_CTX_DAG_ID='my_dag' AIRFLOW_CTX_TASK_ID='choose_best_model' AIRFLOW_CTX_EXECUTION_DATE='2025-01-13T00:00:00+00:00' AIRFLOW_CTX_TRY_NUMBER='1' AIRFLOW_CTX_DAG_RUN_ID='scheduled__2025-01-13T00:00:00+00:00'
[2025-01-13T19:05:18.111-0500] {logging_mixin.py:190} INFO - Task instance is in running state
[2025-01-13T19:05:18.111-0500] {logging_mixin.py:190} INFO -  Previous state of the Task instance: queued
[2025-01-13T19:05:18.112-0500] {logging_mixin.py:190} INFO - Current task name:choose_best_model state:running start_date:2025-01-14 00:05:17.973314+00:00
[2025-01-13T19:05:18.113-0500] {logging_mixin.py:190} INFO - Dag name:my_dag and current dag run status:running
[2025-01-13T19:05:18.113-0500] {taskinstance.py:731} INFO - ::endgroup::
[2025-01-13T19:05:18.114-0500] {baseoperator.py:421} WARNING - BranchPythonOperator.execute cannot be called outside TaskInstance!
[2025-01-13T19:05:18.120-0500] {python.py:240} INFO - Done. Returned value was: inaccurate
[2025-01-13T19:05:18.121-0500] {branch.py:38} INFO - Branch into inaccurate
[2025-01-13T19:05:18.122-0500] {skipmixin.py:230} INFO - Following branch ('inaccurate',)
[2025-01-13T19:05:18.125-0500] {skipmixin.py:278} INFO - Skipping tasks [('accurate', -1)]
[2025-01-13T19:05:18.141-0500] {taskinstance.py:340} INFO - ::group::Post task execution logs
[2025-01-13T19:05:18.143-0500] {taskinstance.py:352} INFO - Marking task as SUCCESS. dag_id=my_dag, task_id=choose_best_model, run_id=scheduled__2025-01-13T00:00:00+00:00, execution_date=20250113T000000, start_date=20250114T000517, end_date=20250114T000518
[2025-01-13T19:05:18.149-0500] {logging_mixin.py:190} INFO - Task instance in success state
[2025-01-13T19:05:18.150-0500] {logging_mixin.py:190} INFO -  Previous state of the Task instance: running
[2025-01-13T19:05:18.150-0500] {logging_mixin.py:190} INFO - Dag name:my_dag queued_at:2025-01-14 00:00:01.551396+00:00
[2025-01-13T19:05:18.151-0500] {logging_mixin.py:190} INFO - Task hostname:macbook-pro-2.local operator:BranchPythonOperator
[2025-01-13T19:05:18.179-0500] {local_task_job_runner.py:266} INFO - Task exited with return code 0
[2025-01-13T19:05:18.204-0500] {taskinstance.py:3895} INFO - 1 downstream tasks scheduled from follow-on schedule check
[2025-01-13T19:05:18.206-0500] {local_task_job_runner.py:245} INFO - ::endgroup::
