[2025-01-14T19:01:50.250-0500] {local_task_job_runner.py:123} INFO - ::group::Pre task execution logs
[2025-01-14T19:01:50.263-0500] {taskinstance.py:2613} INFO - Dependencies all met for dep_context=non-requeueable deps ti=<TaskInstance: my_dag.accurate manual__2025-01-15T00:01:29.914064+00:00 [queued]>
[2025-01-14T19:01:50.269-0500] {taskinstance.py:2613} INFO - Dependencies all met for dep_context=requeueable deps ti=<TaskInstance: my_dag.accurate manual__2025-01-15T00:01:29.914064+00:00 [queued]>
[2025-01-14T19:01:50.269-0500] {taskinstance.py:2866} INFO - Starting attempt 1 of 3
[2025-01-14T19:01:50.279-0500] {taskinstance.py:2889} INFO - Executing <Task(BashOperator): accurate> on 2025-01-15 00:01:29.914064+00:00
[2025-01-14T19:01:50.284-0500] {standard_task_runner.py:72} INFO - Started process 77317 to run task
[2025-01-14T19:01:50.292-0500] {standard_task_runner.py:104} INFO - Running: ['airflow', 'tasks', 'run', 'my_dag', 'accurate', 'manual__2025-01-15T00:01:29.914064+00:00', '--job-id', '77', '--raw', '--subdir', 'DAGS_FOLDER/tutorial_taskflow_api.py', '--cfg-path', '/var/folders/ll/2bfcn_d54ks002mx2dw82c2m0000gn/T/tmpawiexoom']
[2025-01-14T19:01:50.295-0500] {standard_task_runner.py:105} INFO - Job 77: Subtask accurate
[2025-01-14T19:01:50.342-0500] {task_command.py:467} INFO - Running <TaskInstance: my_dag.accurate manual__2025-01-15T00:01:29.914064+00:00 [running]> on host macbook-pro-2.local
[2025-01-14T19:01:50.401-0500] {taskinstance.py:3132} INFO - Exporting env vars: AIRFLOW_CTX_DAG_OWNER='airflow' AIRFLOW_CTX_DAG_ID='my_dag' AIRFLOW_CTX_TASK_ID='accurate' AIRFLOW_CTX_EXECUTION_DATE='2025-01-15T00:01:29.914064+00:00' AIRFLOW_CTX_TRY_NUMBER='1' AIRFLOW_CTX_DAG_RUN_ID='manual__2025-01-15T00:01:29.914064+00:00'
[2025-01-14T19:01:50.403-0500] {logging_mixin.py:190} INFO - Task instance is in running state
[2025-01-14T19:01:50.403-0500] {logging_mixin.py:190} INFO -  Previous state of the Task instance: queued
[2025-01-14T19:01:50.404-0500] {logging_mixin.py:190} INFO - Current task name:accurate state:running start_date:2025-01-15 00:01:50.263348+00:00
[2025-01-14T19:01:50.405-0500] {logging_mixin.py:190} INFO - Dag name:my_dag and current dag run status:running
[2025-01-14T19:01:50.405-0500] {taskinstance.py:731} INFO - ::endgroup::
[2025-01-14T19:01:50.407-0500] {subprocess.py:78} INFO - Tmp dir root location: /var/folders/ll/2bfcn_d54ks002mx2dw82c2m0000gn/T
[2025-01-14T19:01:50.408-0500] {subprocess.py:88} INFO - Running command: ['/bin/bash', '-c', "echo 'accurate'"]
[2025-01-14T19:01:50.414-0500] {subprocess.py:99} INFO - Output:
[2025-01-14T19:01:50.419-0500] {subprocess.py:106} INFO - accurate
[2025-01-14T19:01:50.420-0500] {subprocess.py:110} INFO - Command exited with return code 0
[2025-01-14T19:01:50.437-0500] {taskinstance.py:340} INFO - ::group::Post task execution logs
[2025-01-14T19:01:50.438-0500] {taskinstance.py:352} INFO - Marking task as SUCCESS. dag_id=my_dag, task_id=accurate, run_id=manual__2025-01-15T00:01:29.914064+00:00, execution_date=20250115T000129, start_date=20250115T000150, end_date=20250115T000150
[2025-01-14T19:01:50.446-0500] {logging_mixin.py:190} INFO - Task instance in success state
[2025-01-14T19:01:50.447-0500] {logging_mixin.py:190} INFO -  Previous state of the Task instance: running
[2025-01-14T19:01:50.448-0500] {logging_mixin.py:190} INFO - Dag name:my_dag queued_at:2025-01-15 00:01:29.950204+00:00
[2025-01-14T19:01:50.448-0500] {logging_mixin.py:190} INFO - Task hostname:macbook-pro-2.local operator:BashOperator
[2025-01-14T19:01:50.467-0500] {local_task_job_runner.py:266} INFO - Task exited with return code 0
[2025-01-14T19:01:50.482-0500] {taskinstance.py:3895} INFO - 0 downstream tasks scheduled from follow-on schedule check
[2025-01-14T19:01:50.483-0500] {local_task_job_runner.py:245} INFO - ::endgroup::
